[2025-03-08T00:56:51.378+0700] {processor.py:186} INFO - Started process (PID=36407) to work on /home/dataengineer/.pyenv/versions/3.9.21/lib/python3.9/site-packages/airflow/example_dags/plugins/listener_plugin.py
[2025-03-08T00:56:51.378+0700] {processor.py:914} INFO - Processing file /home/dataengineer/.pyenv/versions/3.9.21/lib/python3.9/site-packages/airflow/example_dags/plugins/listener_plugin.py for tasks to queue
[2025-03-08T00:56:51.380+0700] {logging_mixin.py:190} INFO - [2025-03-08T00:56:51.380+0700] {dagbag.py:588} INFO - Filling up the DagBag from /home/dataengineer/.pyenv/versions/3.9.21/lib/python3.9/site-packages/airflow/example_dags/plugins/listener_plugin.py
[2025-03-08T00:56:51.382+0700] {processor.py:927} WARNING - No viable dags retrieved from /home/dataengineer/.pyenv/versions/3.9.21/lib/python3.9/site-packages/airflow/example_dags/plugins/listener_plugin.py
[2025-03-08T00:56:51.389+0700] {processor.py:208} INFO - Processing /home/dataengineer/.pyenv/versions/3.9.21/lib/python3.9/site-packages/airflow/example_dags/plugins/listener_plugin.py took 0.016 seconds
[2025-03-08T00:57:56.117+0700] {processor.py:186} INFO - Started process (PID=37066) to work on /home/dataengineer/.pyenv/versions/3.9.21/lib/python3.9/site-packages/airflow/example_dags/plugins/listener_plugin.py
[2025-03-08T00:57:56.119+0700] {processor.py:914} INFO - Processing file /home/dataengineer/.pyenv/versions/3.9.21/lib/python3.9/site-packages/airflow/example_dags/plugins/listener_plugin.py for tasks to queue
[2025-03-08T00:57:56.121+0700] {logging_mixin.py:190} INFO - [2025-03-08T00:57:56.121+0700] {dagbag.py:588} INFO - Filling up the DagBag from /home/dataengineer/.pyenv/versions/3.9.21/lib/python3.9/site-packages/airflow/example_dags/plugins/listener_plugin.py
[2025-03-08T00:57:56.123+0700] {processor.py:927} WARNING - No viable dags retrieved from /home/dataengineer/.pyenv/versions/3.9.21/lib/python3.9/site-packages/airflow/example_dags/plugins/listener_plugin.py
[2025-03-08T00:57:56.132+0700] {processor.py:208} INFO - Processing /home/dataengineer/.pyenv/versions/3.9.21/lib/python3.9/site-packages/airflow/example_dags/plugins/listener_plugin.py took 0.020 seconds
[2025-03-08T00:58:57.325+0700] {processor.py:186} INFO - Started process (PID=37495) to work on /home/dataengineer/.pyenv/versions/3.9.21/lib/python3.9/site-packages/airflow/example_dags/plugins/listener_plugin.py
[2025-03-08T00:58:57.326+0700] {processor.py:914} INFO - Processing file /home/dataengineer/.pyenv/versions/3.9.21/lib/python3.9/site-packages/airflow/example_dags/plugins/listener_plugin.py for tasks to queue
[2025-03-08T00:58:57.328+0700] {logging_mixin.py:190} INFO - [2025-03-08T00:58:57.328+0700] {dagbag.py:588} INFO - Filling up the DagBag from /home/dataengineer/.pyenv/versions/3.9.21/lib/python3.9/site-packages/airflow/example_dags/plugins/listener_plugin.py
[2025-03-08T00:58:57.330+0700] {processor.py:927} WARNING - No viable dags retrieved from /home/dataengineer/.pyenv/versions/3.9.21/lib/python3.9/site-packages/airflow/example_dags/plugins/listener_plugin.py
[2025-03-08T00:58:57.339+0700] {processor.py:208} INFO - Processing /home/dataengineer/.pyenv/versions/3.9.21/lib/python3.9/site-packages/airflow/example_dags/plugins/listener_plugin.py took 0.020 seconds
[2025-03-08T00:59:59.010+0700] {processor.py:186} INFO - Started process (PID=37922) to work on /home/dataengineer/.pyenv/versions/3.9.21/lib/python3.9/site-packages/airflow/example_dags/plugins/listener_plugin.py
[2025-03-08T00:59:59.012+0700] {processor.py:914} INFO - Processing file /home/dataengineer/.pyenv/versions/3.9.21/lib/python3.9/site-packages/airflow/example_dags/plugins/listener_plugin.py for tasks to queue
[2025-03-08T00:59:59.014+0700] {logging_mixin.py:190} INFO - [2025-03-08T00:59:59.014+0700] {dagbag.py:588} INFO - Filling up the DagBag from /home/dataengineer/.pyenv/versions/3.9.21/lib/python3.9/site-packages/airflow/example_dags/plugins/listener_plugin.py
[2025-03-08T00:59:59.016+0700] {processor.py:927} WARNING - No viable dags retrieved from /home/dataengineer/.pyenv/versions/3.9.21/lib/python3.9/site-packages/airflow/example_dags/plugins/listener_plugin.py
[2025-03-08T00:59:59.024+0700] {processor.py:208} INFO - Processing /home/dataengineer/.pyenv/versions/3.9.21/lib/python3.9/site-packages/airflow/example_dags/plugins/listener_plugin.py took 0.020 seconds
[2025-03-08T01:01:01.261+0700] {processor.py:186} INFO - Started process (PID=38354) to work on /home/dataengineer/.pyenv/versions/3.9.21/lib/python3.9/site-packages/airflow/example_dags/plugins/listener_plugin.py
[2025-03-08T01:01:01.262+0700] {processor.py:914} INFO - Processing file /home/dataengineer/.pyenv/versions/3.9.21/lib/python3.9/site-packages/airflow/example_dags/plugins/listener_plugin.py for tasks to queue
[2025-03-08T01:01:01.264+0700] {logging_mixin.py:190} INFO - [2025-03-08T01:01:01.263+0700] {dagbag.py:588} INFO - Filling up the DagBag from /home/dataengineer/.pyenv/versions/3.9.21/lib/python3.9/site-packages/airflow/example_dags/plugins/listener_plugin.py
[2025-03-08T01:01:01.266+0700] {processor.py:927} WARNING - No viable dags retrieved from /home/dataengineer/.pyenv/versions/3.9.21/lib/python3.9/site-packages/airflow/example_dags/plugins/listener_plugin.py
[2025-03-08T01:01:01.275+0700] {processor.py:208} INFO - Processing /home/dataengineer/.pyenv/versions/3.9.21/lib/python3.9/site-packages/airflow/example_dags/plugins/listener_plugin.py took 0.020 seconds
[2025-03-08T01:02:02.429+0700] {processor.py:186} INFO - Started process (PID=38830) to work on /home/dataengineer/.pyenv/versions/3.9.21/lib/python3.9/site-packages/airflow/example_dags/plugins/listener_plugin.py
[2025-03-08T01:02:02.430+0700] {processor.py:914} INFO - Processing file /home/dataengineer/.pyenv/versions/3.9.21/lib/python3.9/site-packages/airflow/example_dags/plugins/listener_plugin.py for tasks to queue
[2025-03-08T01:02:02.432+0700] {logging_mixin.py:190} INFO - [2025-03-08T01:02:02.431+0700] {dagbag.py:588} INFO - Filling up the DagBag from /home/dataengineer/.pyenv/versions/3.9.21/lib/python3.9/site-packages/airflow/example_dags/plugins/listener_plugin.py
[2025-03-08T01:02:02.434+0700] {processor.py:927} WARNING - No viable dags retrieved from /home/dataengineer/.pyenv/versions/3.9.21/lib/python3.9/site-packages/airflow/example_dags/plugins/listener_plugin.py
[2025-03-08T01:02:02.442+0700] {processor.py:208} INFO - Processing /home/dataengineer/.pyenv/versions/3.9.21/lib/python3.9/site-packages/airflow/example_dags/plugins/listener_plugin.py took 0.019 seconds
[2025-03-08T01:03:04.366+0700] {processor.py:186} INFO - Started process (PID=39412) to work on /home/dataengineer/.pyenv/versions/3.9.21/lib/python3.9/site-packages/airflow/example_dags/plugins/listener_plugin.py
[2025-03-08T01:03:04.367+0700] {processor.py:914} INFO - Processing file /home/dataengineer/.pyenv/versions/3.9.21/lib/python3.9/site-packages/airflow/example_dags/plugins/listener_plugin.py for tasks to queue
[2025-03-08T01:03:04.369+0700] {logging_mixin.py:190} INFO - [2025-03-08T01:03:04.369+0700] {dagbag.py:588} INFO - Filling up the DagBag from /home/dataengineer/.pyenv/versions/3.9.21/lib/python3.9/site-packages/airflow/example_dags/plugins/listener_plugin.py
[2025-03-08T01:03:04.372+0700] {processor.py:927} WARNING - No viable dags retrieved from /home/dataengineer/.pyenv/versions/3.9.21/lib/python3.9/site-packages/airflow/example_dags/plugins/listener_plugin.py
[2025-03-08T01:03:04.382+0700] {processor.py:208} INFO - Processing /home/dataengineer/.pyenv/versions/3.9.21/lib/python3.9/site-packages/airflow/example_dags/plugins/listener_plugin.py took 0.022 seconds
[2025-03-08T01:04:04.462+0700] {processor.py:186} INFO - Started process (PID=40596) to work on /home/dataengineer/.pyenv/versions/3.9.21/lib/python3.9/site-packages/airflow/example_dags/plugins/listener_plugin.py
[2025-03-08T01:04:04.464+0700] {processor.py:914} INFO - Processing file /home/dataengineer/.pyenv/versions/3.9.21/lib/python3.9/site-packages/airflow/example_dags/plugins/listener_plugin.py for tasks to queue
[2025-03-08T01:04:04.465+0700] {logging_mixin.py:190} INFO - [2025-03-08T01:04:04.465+0700] {dagbag.py:588} INFO - Filling up the DagBag from /home/dataengineer/.pyenv/versions/3.9.21/lib/python3.9/site-packages/airflow/example_dags/plugins/listener_plugin.py
[2025-03-08T01:04:04.467+0700] {processor.py:927} WARNING - No viable dags retrieved from /home/dataengineer/.pyenv/versions/3.9.21/lib/python3.9/site-packages/airflow/example_dags/plugins/listener_plugin.py
[2025-03-08T01:04:04.476+0700] {processor.py:208} INFO - Processing /home/dataengineer/.pyenv/versions/3.9.21/lib/python3.9/site-packages/airflow/example_dags/plugins/listener_plugin.py took 0.020 seconds
[2025-03-08T01:05:05.423+0700] {processor.py:186} INFO - Started process (PID=42547) to work on /home/dataengineer/.pyenv/versions/3.9.21/lib/python3.9/site-packages/airflow/example_dags/plugins/listener_plugin.py
[2025-03-08T01:05:05.424+0700] {processor.py:914} INFO - Processing file /home/dataengineer/.pyenv/versions/3.9.21/lib/python3.9/site-packages/airflow/example_dags/plugins/listener_plugin.py for tasks to queue
[2025-03-08T01:05:05.426+0700] {logging_mixin.py:190} INFO - [2025-03-08T01:05:05.425+0700] {dagbag.py:588} INFO - Filling up the DagBag from /home/dataengineer/.pyenv/versions/3.9.21/lib/python3.9/site-packages/airflow/example_dags/plugins/listener_plugin.py
[2025-03-08T01:05:05.428+0700] {processor.py:927} WARNING - No viable dags retrieved from /home/dataengineer/.pyenv/versions/3.9.21/lib/python3.9/site-packages/airflow/example_dags/plugins/listener_plugin.py
[2025-03-08T01:05:05.436+0700] {processor.py:208} INFO - Processing /home/dataengineer/.pyenv/versions/3.9.21/lib/python3.9/site-packages/airflow/example_dags/plugins/listener_plugin.py took 0.018 seconds
[2025-03-08T02:27:10.341+0700] {processor.py:186} INFO - Started process (PID=66512) to work on /home/dataengineer/.pyenv/versions/3.9.21/lib/python3.9/site-packages/airflow/example_dags/plugins/listener_plugin.py
[2025-03-08T02:27:10.343+0700] {processor.py:914} INFO - Processing file /home/dataengineer/.pyenv/versions/3.9.21/lib/python3.9/site-packages/airflow/example_dags/plugins/listener_plugin.py for tasks to queue
[2025-03-08T02:27:10.344+0700] {logging_mixin.py:190} INFO - [2025-03-08T02:27:10.344+0700] {dagbag.py:588} INFO - Filling up the DagBag from /home/dataengineer/.pyenv/versions/3.9.21/lib/python3.9/site-packages/airflow/example_dags/plugins/listener_plugin.py
[2025-03-08T02:27:10.347+0700] {processor.py:927} WARNING - No viable dags retrieved from /home/dataengineer/.pyenv/versions/3.9.21/lib/python3.9/site-packages/airflow/example_dags/plugins/listener_plugin.py
[2025-03-08T02:27:10.355+0700] {processor.py:208} INFO - Processing /home/dataengineer/.pyenv/versions/3.9.21/lib/python3.9/site-packages/airflow/example_dags/plugins/listener_plugin.py took 0.020 seconds
[2025-03-08T02:29:25.450+0700] {processor.py:186} INFO - Started process (PID=67512) to work on /home/dataengineer/.pyenv/versions/3.9.21/lib/python3.9/site-packages/airflow/example_dags/plugins/listener_plugin.py
[2025-03-08T02:29:25.451+0700] {processor.py:914} INFO - Processing file /home/dataengineer/.pyenv/versions/3.9.21/lib/python3.9/site-packages/airflow/example_dags/plugins/listener_plugin.py for tasks to queue
[2025-03-08T02:29:25.453+0700] {logging_mixin.py:190} INFO - [2025-03-08T02:29:25.453+0700] {dagbag.py:588} INFO - Filling up the DagBag from /home/dataengineer/.pyenv/versions/3.9.21/lib/python3.9/site-packages/airflow/example_dags/plugins/listener_plugin.py
[2025-03-08T02:29:25.455+0700] {processor.py:927} WARNING - No viable dags retrieved from /home/dataengineer/.pyenv/versions/3.9.21/lib/python3.9/site-packages/airflow/example_dags/plugins/listener_plugin.py
[2025-03-08T02:29:25.463+0700] {processor.py:208} INFO - Processing /home/dataengineer/.pyenv/versions/3.9.21/lib/python3.9/site-packages/airflow/example_dags/plugins/listener_plugin.py took 0.018 seconds
[2025-03-08T02:30:21.396+0700] {processor.py:186} INFO - Started process (PID=67996) to work on /home/dataengineer/.pyenv/versions/3.9.21/lib/python3.9/site-packages/airflow/example_dags/plugins/listener_plugin.py
[2025-03-08T02:30:21.398+0700] {processor.py:914} INFO - Processing file /home/dataengineer/.pyenv/versions/3.9.21/lib/python3.9/site-packages/airflow/example_dags/plugins/listener_plugin.py for tasks to queue
[2025-03-08T02:30:21.399+0700] {logging_mixin.py:190} INFO - [2025-03-08T02:30:21.398+0700] {dagbag.py:588} INFO - Filling up the DagBag from /home/dataengineer/.pyenv/versions/3.9.21/lib/python3.9/site-packages/airflow/example_dags/plugins/listener_plugin.py
[2025-03-08T02:30:21.401+0700] {processor.py:927} WARNING - No viable dags retrieved from /home/dataengineer/.pyenv/versions/3.9.21/lib/python3.9/site-packages/airflow/example_dags/plugins/listener_plugin.py
[2025-03-08T02:30:21.409+0700] {processor.py:208} INFO - Processing /home/dataengineer/.pyenv/versions/3.9.21/lib/python3.9/site-packages/airflow/example_dags/plugins/listener_plugin.py took 0.018 seconds
[2025-03-08T02:31:17.961+0700] {processor.py:186} INFO - Started process (PID=68427) to work on /home/dataengineer/.pyenv/versions/3.9.21/lib/python3.9/site-packages/airflow/example_dags/plugins/listener_plugin.py
[2025-03-08T02:31:17.962+0700] {processor.py:914} INFO - Processing file /home/dataengineer/.pyenv/versions/3.9.21/lib/python3.9/site-packages/airflow/example_dags/plugins/listener_plugin.py for tasks to queue
[2025-03-08T02:31:17.963+0700] {logging_mixin.py:190} INFO - [2025-03-08T02:31:17.963+0700] {dagbag.py:588} INFO - Filling up the DagBag from /home/dataengineer/.pyenv/versions/3.9.21/lib/python3.9/site-packages/airflow/example_dags/plugins/listener_plugin.py
[2025-03-08T02:31:17.965+0700] {processor.py:927} WARNING - No viable dags retrieved from /home/dataengineer/.pyenv/versions/3.9.21/lib/python3.9/site-packages/airflow/example_dags/plugins/listener_plugin.py
[2025-03-08T02:31:17.973+0700] {processor.py:208} INFO - Processing /home/dataengineer/.pyenv/versions/3.9.21/lib/python3.9/site-packages/airflow/example_dags/plugins/listener_plugin.py took 0.017 seconds
[2025-03-08T02:32:14.618+0700] {processor.py:186} INFO - Started process (PID=69012) to work on /home/dataengineer/.pyenv/versions/3.9.21/lib/python3.9/site-packages/airflow/example_dags/plugins/listener_plugin.py
[2025-03-08T02:32:14.619+0700] {processor.py:914} INFO - Processing file /home/dataengineer/.pyenv/versions/3.9.21/lib/python3.9/site-packages/airflow/example_dags/plugins/listener_plugin.py for tasks to queue
[2025-03-08T02:32:14.620+0700] {logging_mixin.py:190} INFO - [2025-03-08T02:32:14.620+0700] {dagbag.py:588} INFO - Filling up the DagBag from /home/dataengineer/.pyenv/versions/3.9.21/lib/python3.9/site-packages/airflow/example_dags/plugins/listener_plugin.py
[2025-03-08T02:32:14.623+0700] {processor.py:927} WARNING - No viable dags retrieved from /home/dataengineer/.pyenv/versions/3.9.21/lib/python3.9/site-packages/airflow/example_dags/plugins/listener_plugin.py
[2025-03-08T02:32:14.633+0700] {processor.py:208} INFO - Processing /home/dataengineer/.pyenv/versions/3.9.21/lib/python3.9/site-packages/airflow/example_dags/plugins/listener_plugin.py took 0.022 seconds
[2025-03-08T02:33:13.229+0700] {processor.py:186} INFO - Started process (PID=69280) to work on /home/dataengineer/.pyenv/versions/3.9.21/lib/python3.9/site-packages/airflow/example_dags/plugins/listener_plugin.py
[2025-03-08T02:33:13.231+0700] {processor.py:914} INFO - Processing file /home/dataengineer/.pyenv/versions/3.9.21/lib/python3.9/site-packages/airflow/example_dags/plugins/listener_plugin.py for tasks to queue
[2025-03-08T02:33:13.232+0700] {logging_mixin.py:190} INFO - [2025-03-08T02:33:13.232+0700] {dagbag.py:588} INFO - Filling up the DagBag from /home/dataengineer/.pyenv/versions/3.9.21/lib/python3.9/site-packages/airflow/example_dags/plugins/listener_plugin.py
[2025-03-08T02:33:13.235+0700] {processor.py:927} WARNING - No viable dags retrieved from /home/dataengineer/.pyenv/versions/3.9.21/lib/python3.9/site-packages/airflow/example_dags/plugins/listener_plugin.py
[2025-03-08T02:33:13.245+0700] {processor.py:208} INFO - Processing /home/dataengineer/.pyenv/versions/3.9.21/lib/python3.9/site-packages/airflow/example_dags/plugins/listener_plugin.py took 0.022 seconds
[2025-03-08T02:34:47.933+0700] {processor.py:186} INFO - Started process (PID=70360) to work on /home/dataengineer/.pyenv/versions/3.9.21/lib/python3.9/site-packages/airflow/example_dags/plugins/listener_plugin.py
[2025-03-08T02:34:47.934+0700] {processor.py:914} INFO - Processing file /home/dataengineer/.pyenv/versions/3.9.21/lib/python3.9/site-packages/airflow/example_dags/plugins/listener_plugin.py for tasks to queue
[2025-03-08T02:34:47.935+0700] {logging_mixin.py:190} INFO - [2025-03-08T02:34:47.935+0700] {dagbag.py:588} INFO - Filling up the DagBag from /home/dataengineer/.pyenv/versions/3.9.21/lib/python3.9/site-packages/airflow/example_dags/plugins/listener_plugin.py
[2025-03-08T02:34:47.937+0700] {processor.py:927} WARNING - No viable dags retrieved from /home/dataengineer/.pyenv/versions/3.9.21/lib/python3.9/site-packages/airflow/example_dags/plugins/listener_plugin.py
[2025-03-08T02:34:47.945+0700] {processor.py:208} INFO - Processing /home/dataengineer/.pyenv/versions/3.9.21/lib/python3.9/site-packages/airflow/example_dags/plugins/listener_plugin.py took 0.018 seconds
[2025-03-08T02:35:48.743+0700] {processor.py:186} INFO - Started process (PID=70795) to work on /home/dataengineer/.pyenv/versions/3.9.21/lib/python3.9/site-packages/airflow/example_dags/plugins/listener_plugin.py
[2025-03-08T02:35:48.744+0700] {processor.py:914} INFO - Processing file /home/dataengineer/.pyenv/versions/3.9.21/lib/python3.9/site-packages/airflow/example_dags/plugins/listener_plugin.py for tasks to queue
[2025-03-08T02:35:48.746+0700] {logging_mixin.py:190} INFO - [2025-03-08T02:35:48.746+0700] {dagbag.py:588} INFO - Filling up the DagBag from /home/dataengineer/.pyenv/versions/3.9.21/lib/python3.9/site-packages/airflow/example_dags/plugins/listener_plugin.py
[2025-03-08T02:35:48.748+0700] {processor.py:927} WARNING - No viable dags retrieved from /home/dataengineer/.pyenv/versions/3.9.21/lib/python3.9/site-packages/airflow/example_dags/plugins/listener_plugin.py
[2025-03-08T02:35:48.757+0700] {processor.py:208} INFO - Processing /home/dataengineer/.pyenv/versions/3.9.21/lib/python3.9/site-packages/airflow/example_dags/plugins/listener_plugin.py took 0.020 seconds
[2025-03-08T02:36:51.526+0700] {processor.py:186} INFO - Started process (PID=71242) to work on /home/dataengineer/.pyenv/versions/3.9.21/lib/python3.9/site-packages/airflow/example_dags/plugins/listener_plugin.py
[2025-03-08T02:36:51.527+0700] {processor.py:914} INFO - Processing file /home/dataengineer/.pyenv/versions/3.9.21/lib/python3.9/site-packages/airflow/example_dags/plugins/listener_plugin.py for tasks to queue
[2025-03-08T02:36:51.529+0700] {logging_mixin.py:190} INFO - [2025-03-08T02:36:51.528+0700] {dagbag.py:588} INFO - Filling up the DagBag from /home/dataengineer/.pyenv/versions/3.9.21/lib/python3.9/site-packages/airflow/example_dags/plugins/listener_plugin.py
[2025-03-08T02:36:51.531+0700] {processor.py:927} WARNING - No viable dags retrieved from /home/dataengineer/.pyenv/versions/3.9.21/lib/python3.9/site-packages/airflow/example_dags/plugins/listener_plugin.py
[2025-03-08T02:36:51.539+0700] {processor.py:208} INFO - Processing /home/dataengineer/.pyenv/versions/3.9.21/lib/python3.9/site-packages/airflow/example_dags/plugins/listener_plugin.py took 0.019 seconds
[2025-03-08T02:37:54.100+0700] {processor.py:186} INFO - Started process (PID=71657) to work on /home/dataengineer/.pyenv/versions/3.9.21/lib/python3.9/site-packages/airflow/example_dags/plugins/listener_plugin.py
[2025-03-08T02:37:54.104+0700] {processor.py:914} INFO - Processing file /home/dataengineer/.pyenv/versions/3.9.21/lib/python3.9/site-packages/airflow/example_dags/plugins/listener_plugin.py for tasks to queue
[2025-03-08T02:37:54.106+0700] {logging_mixin.py:190} INFO - [2025-03-08T02:37:54.106+0700] {dagbag.py:588} INFO - Filling up the DagBag from /home/dataengineer/.pyenv/versions/3.9.21/lib/python3.9/site-packages/airflow/example_dags/plugins/listener_plugin.py
[2025-03-08T02:37:54.108+0700] {processor.py:927} WARNING - No viable dags retrieved from /home/dataengineer/.pyenv/versions/3.9.21/lib/python3.9/site-packages/airflow/example_dags/plugins/listener_plugin.py
[2025-03-08T02:37:54.117+0700] {processor.py:208} INFO - Processing /home/dataengineer/.pyenv/versions/3.9.21/lib/python3.9/site-packages/airflow/example_dags/plugins/listener_plugin.py took 0.023 seconds
[2025-03-08T02:38:54.155+0700] {processor.py:186} INFO - Started process (PID=72421) to work on /home/dataengineer/.pyenv/versions/3.9.21/lib/python3.9/site-packages/airflow/example_dags/plugins/listener_plugin.py
[2025-03-08T02:38:54.156+0700] {processor.py:914} INFO - Processing file /home/dataengineer/.pyenv/versions/3.9.21/lib/python3.9/site-packages/airflow/example_dags/plugins/listener_plugin.py for tasks to queue
[2025-03-08T02:38:54.158+0700] {logging_mixin.py:190} INFO - [2025-03-08T02:38:54.158+0700] {dagbag.py:588} INFO - Filling up the DagBag from /home/dataengineer/.pyenv/versions/3.9.21/lib/python3.9/site-packages/airflow/example_dags/plugins/listener_plugin.py
[2025-03-08T02:38:54.160+0700] {processor.py:927} WARNING - No viable dags retrieved from /home/dataengineer/.pyenv/versions/3.9.21/lib/python3.9/site-packages/airflow/example_dags/plugins/listener_plugin.py
[2025-03-08T02:38:54.167+0700] {processor.py:208} INFO - Processing /home/dataengineer/.pyenv/versions/3.9.21/lib/python3.9/site-packages/airflow/example_dags/plugins/listener_plugin.py took 0.017 seconds
