[2025-03-08T00:56:49.093+0700] {processor.py:186} INFO - Started process (PID=36399) to work on /home/dataengineer/.pyenv/versions/3.9.21/lib/python3.9/site-packages/airflow/example_dags/plugins/workday.py
[2025-03-08T00:56:49.094+0700] {processor.py:914} INFO - Processing file /home/dataengineer/.pyenv/versions/3.9.21/lib/python3.9/site-packages/airflow/example_dags/plugins/workday.py for tasks to queue
[2025-03-08T00:56:49.096+0700] {logging_mixin.py:190} INFO - [2025-03-08T00:56:49.096+0700] {dagbag.py:588} INFO - Filling up the DagBag from /home/dataengineer/.pyenv/versions/3.9.21/lib/python3.9/site-packages/airflow/example_dags/plugins/workday.py
[2025-03-08T00:56:49.098+0700] {processor.py:927} WARNING - No viable dags retrieved from /home/dataengineer/.pyenv/versions/3.9.21/lib/python3.9/site-packages/airflow/example_dags/plugins/workday.py
[2025-03-08T00:56:49.107+0700] {processor.py:208} INFO - Processing /home/dataengineer/.pyenv/versions/3.9.21/lib/python3.9/site-packages/airflow/example_dags/plugins/workday.py took 0.020 seconds
[2025-03-08T00:57:54.393+0700] {processor.py:186} INFO - Started process (PID=37043) to work on /home/dataengineer/.pyenv/versions/3.9.21/lib/python3.9/site-packages/airflow/example_dags/plugins/workday.py
[2025-03-08T00:57:54.394+0700] {processor.py:914} INFO - Processing file /home/dataengineer/.pyenv/versions/3.9.21/lib/python3.9/site-packages/airflow/example_dags/plugins/workday.py for tasks to queue
[2025-03-08T00:57:54.396+0700] {logging_mixin.py:190} INFO - [2025-03-08T00:57:54.396+0700] {dagbag.py:588} INFO - Filling up the DagBag from /home/dataengineer/.pyenv/versions/3.9.21/lib/python3.9/site-packages/airflow/example_dags/plugins/workday.py
[2025-03-08T00:57:54.398+0700] {processor.py:927} WARNING - No viable dags retrieved from /home/dataengineer/.pyenv/versions/3.9.21/lib/python3.9/site-packages/airflow/example_dags/plugins/workday.py
[2025-03-08T00:57:54.406+0700] {processor.py:208} INFO - Processing /home/dataengineer/.pyenv/versions/3.9.21/lib/python3.9/site-packages/airflow/example_dags/plugins/workday.py took 0.018 seconds
[2025-03-08T00:58:55.053+0700] {processor.py:186} INFO - Started process (PID=37487) to work on /home/dataengineer/.pyenv/versions/3.9.21/lib/python3.9/site-packages/airflow/example_dags/plugins/workday.py
[2025-03-08T00:58:55.055+0700] {processor.py:914} INFO - Processing file /home/dataengineer/.pyenv/versions/3.9.21/lib/python3.9/site-packages/airflow/example_dags/plugins/workday.py for tasks to queue
[2025-03-08T00:58:55.057+0700] {logging_mixin.py:190} INFO - [2025-03-08T00:58:55.056+0700] {dagbag.py:588} INFO - Filling up the DagBag from /home/dataengineer/.pyenv/versions/3.9.21/lib/python3.9/site-packages/airflow/example_dags/plugins/workday.py
[2025-03-08T00:58:55.059+0700] {processor.py:927} WARNING - No viable dags retrieved from /home/dataengineer/.pyenv/versions/3.9.21/lib/python3.9/site-packages/airflow/example_dags/plugins/workday.py
[2025-03-08T00:58:55.069+0700] {processor.py:208} INFO - Processing /home/dataengineer/.pyenv/versions/3.9.21/lib/python3.9/site-packages/airflow/example_dags/plugins/workday.py took 0.022 seconds
[2025-03-08T00:59:56.739+0700] {processor.py:186} INFO - Started process (PID=37914) to work on /home/dataengineer/.pyenv/versions/3.9.21/lib/python3.9/site-packages/airflow/example_dags/plugins/workday.py
[2025-03-08T00:59:56.740+0700] {processor.py:914} INFO - Processing file /home/dataengineer/.pyenv/versions/3.9.21/lib/python3.9/site-packages/airflow/example_dags/plugins/workday.py for tasks to queue
[2025-03-08T00:59:56.742+0700] {logging_mixin.py:190} INFO - [2025-03-08T00:59:56.741+0700] {dagbag.py:588} INFO - Filling up the DagBag from /home/dataengineer/.pyenv/versions/3.9.21/lib/python3.9/site-packages/airflow/example_dags/plugins/workday.py
[2025-03-08T00:59:56.744+0700] {processor.py:927} WARNING - No viable dags retrieved from /home/dataengineer/.pyenv/versions/3.9.21/lib/python3.9/site-packages/airflow/example_dags/plugins/workday.py
[2025-03-08T00:59:56.753+0700] {processor.py:208} INFO - Processing /home/dataengineer/.pyenv/versions/3.9.21/lib/python3.9/site-packages/airflow/example_dags/plugins/workday.py took 0.020 seconds
[2025-03-08T01:00:59.545+0700] {processor.py:186} INFO - Started process (PID=38346) to work on /home/dataengineer/.pyenv/versions/3.9.21/lib/python3.9/site-packages/airflow/example_dags/plugins/workday.py
[2025-03-08T01:00:59.546+0700] {processor.py:914} INFO - Processing file /home/dataengineer/.pyenv/versions/3.9.21/lib/python3.9/site-packages/airflow/example_dags/plugins/workday.py for tasks to queue
[2025-03-08T01:00:59.548+0700] {logging_mixin.py:190} INFO - [2025-03-08T01:00:59.547+0700] {dagbag.py:588} INFO - Filling up the DagBag from /home/dataengineer/.pyenv/versions/3.9.21/lib/python3.9/site-packages/airflow/example_dags/plugins/workday.py
[2025-03-08T01:00:59.551+0700] {processor.py:927} WARNING - No viable dags retrieved from /home/dataengineer/.pyenv/versions/3.9.21/lib/python3.9/site-packages/airflow/example_dags/plugins/workday.py
[2025-03-08T01:00:59.559+0700] {processor.py:208} INFO - Processing /home/dataengineer/.pyenv/versions/3.9.21/lib/python3.9/site-packages/airflow/example_dags/plugins/workday.py took 0.021 seconds
[2025-03-08T01:02:00.157+0700] {processor.py:186} INFO - Started process (PID=38813) to work on /home/dataengineer/.pyenv/versions/3.9.21/lib/python3.9/site-packages/airflow/example_dags/plugins/workday.py
[2025-03-08T01:02:00.158+0700] {processor.py:914} INFO - Processing file /home/dataengineer/.pyenv/versions/3.9.21/lib/python3.9/site-packages/airflow/example_dags/plugins/workday.py for tasks to queue
[2025-03-08T01:02:00.160+0700] {logging_mixin.py:190} INFO - [2025-03-08T01:02:00.159+0700] {dagbag.py:588} INFO - Filling up the DagBag from /home/dataengineer/.pyenv/versions/3.9.21/lib/python3.9/site-packages/airflow/example_dags/plugins/workday.py
[2025-03-08T01:02:00.162+0700] {processor.py:927} WARNING - No viable dags retrieved from /home/dataengineer/.pyenv/versions/3.9.21/lib/python3.9/site-packages/airflow/example_dags/plugins/workday.py
[2025-03-08T01:02:00.171+0700] {processor.py:208} INFO - Processing /home/dataengineer/.pyenv/versions/3.9.21/lib/python3.9/site-packages/airflow/example_dags/plugins/workday.py took 0.019 seconds
[2025-03-08T01:03:02.640+0700] {processor.py:186} INFO - Started process (PID=39401) to work on /home/dataengineer/.pyenv/versions/3.9.21/lib/python3.9/site-packages/airflow/example_dags/plugins/workday.py
[2025-03-08T01:03:02.641+0700] {processor.py:914} INFO - Processing file /home/dataengineer/.pyenv/versions/3.9.21/lib/python3.9/site-packages/airflow/example_dags/plugins/workday.py for tasks to queue
[2025-03-08T01:03:02.643+0700] {logging_mixin.py:190} INFO - [2025-03-08T01:03:02.643+0700] {dagbag.py:588} INFO - Filling up the DagBag from /home/dataengineer/.pyenv/versions/3.9.21/lib/python3.9/site-packages/airflow/example_dags/plugins/workday.py
[2025-03-08T01:03:02.646+0700] {processor.py:927} WARNING - No viable dags retrieved from /home/dataengineer/.pyenv/versions/3.9.21/lib/python3.9/site-packages/airflow/example_dags/plugins/workday.py
[2025-03-08T01:03:02.655+0700] {processor.py:208} INFO - Processing /home/dataengineer/.pyenv/versions/3.9.21/lib/python3.9/site-packages/airflow/example_dags/plugins/workday.py took 0.020 seconds
[2025-03-08T01:04:02.181+0700] {processor.py:186} INFO - Started process (PID=40157) to work on /home/dataengineer/.pyenv/versions/3.9.21/lib/python3.9/site-packages/airflow/example_dags/plugins/workday.py
[2025-03-08T01:04:02.182+0700] {processor.py:914} INFO - Processing file /home/dataengineer/.pyenv/versions/3.9.21/lib/python3.9/site-packages/airflow/example_dags/plugins/workday.py for tasks to queue
[2025-03-08T01:04:02.184+0700] {logging_mixin.py:190} INFO - [2025-03-08T01:04:02.184+0700] {dagbag.py:588} INFO - Filling up the DagBag from /home/dataengineer/.pyenv/versions/3.9.21/lib/python3.9/site-packages/airflow/example_dags/plugins/workday.py
[2025-03-08T01:04:02.187+0700] {processor.py:927} WARNING - No viable dags retrieved from /home/dataengineer/.pyenv/versions/3.9.21/lib/python3.9/site-packages/airflow/example_dags/plugins/workday.py
[2025-03-08T01:04:02.196+0700] {processor.py:208} INFO - Processing /home/dataengineer/.pyenv/versions/3.9.21/lib/python3.9/site-packages/airflow/example_dags/plugins/workday.py took 0.021 seconds
[2025-03-08T01:05:03.706+0700] {processor.py:186} INFO - Started process (PID=42113) to work on /home/dataengineer/.pyenv/versions/3.9.21/lib/python3.9/site-packages/airflow/example_dags/plugins/workday.py
[2025-03-08T01:05:03.707+0700] {processor.py:914} INFO - Processing file /home/dataengineer/.pyenv/versions/3.9.21/lib/python3.9/site-packages/airflow/example_dags/plugins/workday.py for tasks to queue
[2025-03-08T01:05:03.709+0700] {logging_mixin.py:190} INFO - [2025-03-08T01:05:03.709+0700] {dagbag.py:588} INFO - Filling up the DagBag from /home/dataengineer/.pyenv/versions/3.9.21/lib/python3.9/site-packages/airflow/example_dags/plugins/workday.py
[2025-03-08T01:05:03.711+0700] {processor.py:927} WARNING - No viable dags retrieved from /home/dataengineer/.pyenv/versions/3.9.21/lib/python3.9/site-packages/airflow/example_dags/plugins/workday.py
[2025-03-08T01:05:03.720+0700] {processor.py:208} INFO - Processing /home/dataengineer/.pyenv/versions/3.9.21/lib/python3.9/site-packages/airflow/example_dags/plugins/workday.py took 0.020 seconds
[2025-03-08T02:27:08.612+0700] {processor.py:186} INFO - Started process (PID=66504) to work on /home/dataengineer/.pyenv/versions/3.9.21/lib/python3.9/site-packages/airflow/example_dags/plugins/workday.py
[2025-03-08T02:27:08.614+0700] {processor.py:914} INFO - Processing file /home/dataengineer/.pyenv/versions/3.9.21/lib/python3.9/site-packages/airflow/example_dags/plugins/workday.py for tasks to queue
[2025-03-08T02:27:08.615+0700] {logging_mixin.py:190} INFO - [2025-03-08T02:27:08.615+0700] {dagbag.py:588} INFO - Filling up the DagBag from /home/dataengineer/.pyenv/versions/3.9.21/lib/python3.9/site-packages/airflow/example_dags/plugins/workday.py
[2025-03-08T02:27:08.618+0700] {processor.py:927} WARNING - No viable dags retrieved from /home/dataengineer/.pyenv/versions/3.9.21/lib/python3.9/site-packages/airflow/example_dags/plugins/workday.py
[2025-03-08T02:27:08.625+0700] {processor.py:208} INFO - Processing /home/dataengineer/.pyenv/versions/3.9.21/lib/python3.9/site-packages/airflow/example_dags/plugins/workday.py took 0.019 seconds
[2025-03-08T02:29:23.721+0700] {processor.py:186} INFO - Started process (PID=67503) to work on /home/dataengineer/.pyenv/versions/3.9.21/lib/python3.9/site-packages/airflow/example_dags/plugins/workday.py
[2025-03-08T02:29:23.722+0700] {processor.py:914} INFO - Processing file /home/dataengineer/.pyenv/versions/3.9.21/lib/python3.9/site-packages/airflow/example_dags/plugins/workday.py for tasks to queue
[2025-03-08T02:29:23.724+0700] {logging_mixin.py:190} INFO - [2025-03-08T02:29:23.724+0700] {dagbag.py:588} INFO - Filling up the DagBag from /home/dataengineer/.pyenv/versions/3.9.21/lib/python3.9/site-packages/airflow/example_dags/plugins/workday.py
[2025-03-08T02:29:23.726+0700] {processor.py:927} WARNING - No viable dags retrieved from /home/dataengineer/.pyenv/versions/3.9.21/lib/python3.9/site-packages/airflow/example_dags/plugins/workday.py
[2025-03-08T02:29:23.734+0700] {processor.py:208} INFO - Processing /home/dataengineer/.pyenv/versions/3.9.21/lib/python3.9/site-packages/airflow/example_dags/plugins/workday.py took 0.018 seconds
[2025-03-08T02:30:19.120+0700] {processor.py:186} INFO - Started process (PID=67987) to work on /home/dataengineer/.pyenv/versions/3.9.21/lib/python3.9/site-packages/airflow/example_dags/plugins/workday.py
[2025-03-08T02:30:19.128+0700] {processor.py:914} INFO - Processing file /home/dataengineer/.pyenv/versions/3.9.21/lib/python3.9/site-packages/airflow/example_dags/plugins/workday.py for tasks to queue
[2025-03-08T02:30:19.129+0700] {logging_mixin.py:190} INFO - [2025-03-08T02:30:19.129+0700] {dagbag.py:588} INFO - Filling up the DagBag from /home/dataengineer/.pyenv/versions/3.9.21/lib/python3.9/site-packages/airflow/example_dags/plugins/workday.py
[2025-03-08T02:30:19.132+0700] {processor.py:927} WARNING - No viable dags retrieved from /home/dataengineer/.pyenv/versions/3.9.21/lib/python3.9/site-packages/airflow/example_dags/plugins/workday.py
[2025-03-08T02:30:19.143+0700] {processor.py:208} INFO - Processing /home/dataengineer/.pyenv/versions/3.9.21/lib/python3.9/site-packages/airflow/example_dags/plugins/workday.py took 0.029 seconds
[2025-03-08T02:31:13.969+0700] {processor.py:186} INFO - Started process (PID=68383) to work on /home/dataengineer/.pyenv/versions/3.9.21/lib/python3.9/site-packages/airflow/example_dags/plugins/workday.py
[2025-03-08T02:31:13.970+0700] {processor.py:914} INFO - Processing file /home/dataengineer/.pyenv/versions/3.9.21/lib/python3.9/site-packages/airflow/example_dags/plugins/workday.py for tasks to queue
[2025-03-08T02:31:13.972+0700] {logging_mixin.py:190} INFO - [2025-03-08T02:31:13.971+0700] {dagbag.py:588} INFO - Filling up the DagBag from /home/dataengineer/.pyenv/versions/3.9.21/lib/python3.9/site-packages/airflow/example_dags/plugins/workday.py
[2025-03-08T02:31:13.975+0700] {processor.py:927} WARNING - No viable dags retrieved from /home/dataengineer/.pyenv/versions/3.9.21/lib/python3.9/site-packages/airflow/example_dags/plugins/workday.py
[2025-03-08T02:31:13.986+0700] {processor.py:208} INFO - Processing /home/dataengineer/.pyenv/versions/3.9.21/lib/python3.9/site-packages/airflow/example_dags/plugins/workday.py took 0.023 seconds
[2025-03-08T02:32:07.839+0700] {processor.py:186} INFO - Started process (PID=68973) to work on /home/dataengineer/.pyenv/versions/3.9.21/lib/python3.9/site-packages/airflow/example_dags/plugins/workday.py
[2025-03-08T02:32:07.840+0700] {processor.py:914} INFO - Processing file /home/dataengineer/.pyenv/versions/3.9.21/lib/python3.9/site-packages/airflow/example_dags/plugins/workday.py for tasks to queue
[2025-03-08T02:32:07.841+0700] {logging_mixin.py:190} INFO - [2025-03-08T02:32:07.841+0700] {dagbag.py:588} INFO - Filling up the DagBag from /home/dataengineer/.pyenv/versions/3.9.21/lib/python3.9/site-packages/airflow/example_dags/plugins/workday.py
[2025-03-08T02:32:07.844+0700] {processor.py:927} WARNING - No viable dags retrieved from /home/dataengineer/.pyenv/versions/3.9.21/lib/python3.9/site-packages/airflow/example_dags/plugins/workday.py
[2025-03-08T02:32:07.852+0700] {processor.py:208} INFO - Processing /home/dataengineer/.pyenv/versions/3.9.21/lib/python3.9/site-packages/airflow/example_dags/plugins/workday.py took 0.018 seconds
[2025-03-08T02:33:04.627+0700] {processor.py:186} INFO - Started process (PID=69221) to work on /home/dataengineer/.pyenv/versions/3.9.21/lib/python3.9/site-packages/airflow/example_dags/plugins/workday.py
[2025-03-08T02:33:04.633+0700] {processor.py:914} INFO - Processing file /home/dataengineer/.pyenv/versions/3.9.21/lib/python3.9/site-packages/airflow/example_dags/plugins/workday.py for tasks to queue
[2025-03-08T02:33:04.635+0700] {logging_mixin.py:190} INFO - [2025-03-08T02:33:04.635+0700] {dagbag.py:588} INFO - Filling up the DagBag from /home/dataengineer/.pyenv/versions/3.9.21/lib/python3.9/site-packages/airflow/example_dags/plugins/workday.py
[2025-03-08T02:33:04.638+0700] {processor.py:927} WARNING - No viable dags retrieved from /home/dataengineer/.pyenv/versions/3.9.21/lib/python3.9/site-packages/airflow/example_dags/plugins/workday.py
[2025-03-08T02:33:04.648+0700] {processor.py:208} INFO - Processing /home/dataengineer/.pyenv/versions/3.9.21/lib/python3.9/site-packages/airflow/example_dags/plugins/workday.py took 0.028 seconds
[2025-03-08T02:34:01.127+0700] {processor.py:186} INFO - Started process (PID=69564) to work on /home/dataengineer/.pyenv/versions/3.9.21/lib/python3.9/site-packages/airflow/example_dags/plugins/workday.py
[2025-03-08T02:34:01.128+0700] {processor.py:914} INFO - Processing file /home/dataengineer/.pyenv/versions/3.9.21/lib/python3.9/site-packages/airflow/example_dags/plugins/workday.py for tasks to queue
[2025-03-08T02:34:01.129+0700] {logging_mixin.py:190} INFO - [2025-03-08T02:34:01.129+0700] {dagbag.py:588} INFO - Filling up the DagBag from /home/dataengineer/.pyenv/versions/3.9.21/lib/python3.9/site-packages/airflow/example_dags/plugins/workday.py
[2025-03-08T02:34:01.132+0700] {processor.py:927} WARNING - No viable dags retrieved from /home/dataengineer/.pyenv/versions/3.9.21/lib/python3.9/site-packages/airflow/example_dags/plugins/workday.py
[2025-03-08T02:34:01.141+0700] {processor.py:208} INFO - Processing /home/dataengineer/.pyenv/versions/3.9.21/lib/python3.9/site-packages/airflow/example_dags/plugins/workday.py took 0.019 seconds
[2025-03-08T02:34:45.751+0700] {processor.py:186} INFO - Started process (PID=70340) to work on /home/dataengineer/.pyenv/versions/3.9.21/lib/python3.9/site-packages/airflow/example_dags/plugins/workday.py
[2025-03-08T02:34:45.752+0700] {processor.py:914} INFO - Processing file /home/dataengineer/.pyenv/versions/3.9.21/lib/python3.9/site-packages/airflow/example_dags/plugins/workday.py for tasks to queue
[2025-03-08T02:34:45.754+0700] {logging_mixin.py:190} INFO - [2025-03-08T02:34:45.754+0700] {dagbag.py:588} INFO - Filling up the DagBag from /home/dataengineer/.pyenv/versions/3.9.21/lib/python3.9/site-packages/airflow/example_dags/plugins/workday.py
[2025-03-08T02:34:45.756+0700] {processor.py:927} WARNING - No viable dags retrieved from /home/dataengineer/.pyenv/versions/3.9.21/lib/python3.9/site-packages/airflow/example_dags/plugins/workday.py
[2025-03-08T02:34:45.765+0700] {processor.py:208} INFO - Processing /home/dataengineer/.pyenv/versions/3.9.21/lib/python3.9/site-packages/airflow/example_dags/plugins/workday.py took 0.020 seconds
[2025-03-08T02:35:46.452+0700] {processor.py:186} INFO - Started process (PID=70787) to work on /home/dataengineer/.pyenv/versions/3.9.21/lib/python3.9/site-packages/airflow/example_dags/plugins/workday.py
[2025-03-08T02:35:46.453+0700] {processor.py:914} INFO - Processing file /home/dataengineer/.pyenv/versions/3.9.21/lib/python3.9/site-packages/airflow/example_dags/plugins/workday.py for tasks to queue
[2025-03-08T02:35:46.455+0700] {logging_mixin.py:190} INFO - [2025-03-08T02:35:46.455+0700] {dagbag.py:588} INFO - Filling up the DagBag from /home/dataengineer/.pyenv/versions/3.9.21/lib/python3.9/site-packages/airflow/example_dags/plugins/workday.py
[2025-03-08T02:35:46.458+0700] {processor.py:927} WARNING - No viable dags retrieved from /home/dataengineer/.pyenv/versions/3.9.21/lib/python3.9/site-packages/airflow/example_dags/plugins/workday.py
[2025-03-08T02:35:46.467+0700] {processor.py:208} INFO - Processing /home/dataengineer/.pyenv/versions/3.9.21/lib/python3.9/site-packages/airflow/example_dags/plugins/workday.py took 0.020 seconds
[2025-03-08T02:36:49.240+0700] {processor.py:186} INFO - Started process (PID=71234) to work on /home/dataengineer/.pyenv/versions/3.9.21/lib/python3.9/site-packages/airflow/example_dags/plugins/workday.py
[2025-03-08T02:36:49.241+0700] {processor.py:914} INFO - Processing file /home/dataengineer/.pyenv/versions/3.9.21/lib/python3.9/site-packages/airflow/example_dags/plugins/workday.py for tasks to queue
[2025-03-08T02:36:49.244+0700] {logging_mixin.py:190} INFO - [2025-03-08T02:36:49.243+0700] {dagbag.py:588} INFO - Filling up the DagBag from /home/dataengineer/.pyenv/versions/3.9.21/lib/python3.9/site-packages/airflow/example_dags/plugins/workday.py
[2025-03-08T02:36:49.246+0700] {processor.py:927} WARNING - No viable dags retrieved from /home/dataengineer/.pyenv/versions/3.9.21/lib/python3.9/site-packages/airflow/example_dags/plugins/workday.py
[2025-03-08T02:36:49.256+0700] {processor.py:208} INFO - Processing /home/dataengineer/.pyenv/versions/3.9.21/lib/python3.9/site-packages/airflow/example_dags/plugins/workday.py took 0.021 seconds
[2025-03-08T02:37:46.290+0700] {processor.py:186} INFO - Started process (PID=71471) to work on /home/dataengineer/.pyenv/versions/3.9.21/lib/python3.9/site-packages/airflow/example_dags/plugins/workday.py
[2025-03-08T02:37:46.291+0700] {processor.py:914} INFO - Processing file /home/dataengineer/.pyenv/versions/3.9.21/lib/python3.9/site-packages/airflow/example_dags/plugins/workday.py for tasks to queue
[2025-03-08T02:37:46.293+0700] {logging_mixin.py:190} INFO - [2025-03-08T02:37:46.293+0700] {dagbag.py:588} INFO - Filling up the DagBag from /home/dataengineer/.pyenv/versions/3.9.21/lib/python3.9/site-packages/airflow/example_dags/plugins/workday.py
[2025-03-08T02:37:46.296+0700] {processor.py:927} WARNING - No viable dags retrieved from /home/dataengineer/.pyenv/versions/3.9.21/lib/python3.9/site-packages/airflow/example_dags/plugins/workday.py
[2025-03-08T02:37:46.305+0700] {processor.py:208} INFO - Processing /home/dataengineer/.pyenv/versions/3.9.21/lib/python3.9/site-packages/airflow/example_dags/plugins/workday.py took 0.021 seconds
[2025-03-08T02:38:52.906+0700] {processor.py:186} INFO - Started process (PID=72413) to work on /home/dataengineer/.pyenv/versions/3.9.21/lib/python3.9/site-packages/airflow/example_dags/plugins/workday.py
[2025-03-08T02:38:52.907+0700] {processor.py:914} INFO - Processing file /home/dataengineer/.pyenv/versions/3.9.21/lib/python3.9/site-packages/airflow/example_dags/plugins/workday.py for tasks to queue
[2025-03-08T02:38:52.909+0700] {logging_mixin.py:190} INFO - [2025-03-08T02:38:52.909+0700] {dagbag.py:588} INFO - Filling up the DagBag from /home/dataengineer/.pyenv/versions/3.9.21/lib/python3.9/site-packages/airflow/example_dags/plugins/workday.py
[2025-03-08T02:38:52.911+0700] {processor.py:927} WARNING - No viable dags retrieved from /home/dataengineer/.pyenv/versions/3.9.21/lib/python3.9/site-packages/airflow/example_dags/plugins/workday.py
[2025-03-08T02:38:52.920+0700] {processor.py:208} INFO - Processing /home/dataengineer/.pyenv/versions/3.9.21/lib/python3.9/site-packages/airflow/example_dags/plugins/workday.py took 0.020 seconds
