[2025-02-16T15:57:37.773+0700] {processor.py:186} INFO - Started process (PID=25448) to work on /home/dataengineer/.pyenv/versions/3.9.21/lib/python3.9/site-packages/airflow/example_dags/plugins/event_listener.py
[2025-02-16T15:57:37.773+0700] {processor.py:914} INFO - Processing file /home/dataengineer/.pyenv/versions/3.9.21/lib/python3.9/site-packages/airflow/example_dags/plugins/event_listener.py for tasks to queue
[2025-02-16T15:57:37.775+0700] {logging_mixin.py:190} INFO - [2025-02-16T15:57:37.775+0700] {dagbag.py:588} INFO - Filling up the DagBag from /home/dataengineer/.pyenv/versions/3.9.21/lib/python3.9/site-packages/airflow/example_dags/plugins/event_listener.py
[2025-02-16T15:57:37.778+0700] {processor.py:927} WARNING - No viable dags retrieved from /home/dataengineer/.pyenv/versions/3.9.21/lib/python3.9/site-packages/airflow/example_dags/plugins/event_listener.py
[2025-02-16T15:57:37.789+0700] {processor.py:208} INFO - Processing /home/dataengineer/.pyenv/versions/3.9.21/lib/python3.9/site-packages/airflow/example_dags/plugins/event_listener.py took 0.023 seconds
[2025-02-16T15:58:34.195+0700] {processor.py:186} INFO - Started process (PID=25686) to work on /home/dataengineer/.pyenv/versions/3.9.21/lib/python3.9/site-packages/airflow/example_dags/plugins/event_listener.py
[2025-02-16T15:58:34.196+0700] {processor.py:914} INFO - Processing file /home/dataengineer/.pyenv/versions/3.9.21/lib/python3.9/site-packages/airflow/example_dags/plugins/event_listener.py for tasks to queue
[2025-02-16T15:58:34.197+0700] {logging_mixin.py:190} INFO - [2025-02-16T15:58:34.197+0700] {dagbag.py:588} INFO - Filling up the DagBag from /home/dataengineer/.pyenv/versions/3.9.21/lib/python3.9/site-packages/airflow/example_dags/plugins/event_listener.py
[2025-02-16T15:58:34.200+0700] {processor.py:927} WARNING - No viable dags retrieved from /home/dataengineer/.pyenv/versions/3.9.21/lib/python3.9/site-packages/airflow/example_dags/plugins/event_listener.py
[2025-02-16T15:58:34.212+0700] {processor.py:208} INFO - Processing /home/dataengineer/.pyenv/versions/3.9.21/lib/python3.9/site-packages/airflow/example_dags/plugins/event_listener.py took 0.023 seconds
[2025-02-16T15:59:29.044+0700] {processor.py:186} INFO - Started process (PID=25916) to work on /home/dataengineer/.pyenv/versions/3.9.21/lib/python3.9/site-packages/airflow/example_dags/plugins/event_listener.py
[2025-02-16T15:59:29.046+0700] {processor.py:914} INFO - Processing file /home/dataengineer/.pyenv/versions/3.9.21/lib/python3.9/site-packages/airflow/example_dags/plugins/event_listener.py for tasks to queue
[2025-02-16T15:59:29.047+0700] {logging_mixin.py:190} INFO - [2025-02-16T15:59:29.047+0700] {dagbag.py:588} INFO - Filling up the DagBag from /home/dataengineer/.pyenv/versions/3.9.21/lib/python3.9/site-packages/airflow/example_dags/plugins/event_listener.py
[2025-02-16T15:59:29.050+0700] {processor.py:927} WARNING - No viable dags retrieved from /home/dataengineer/.pyenv/versions/3.9.21/lib/python3.9/site-packages/airflow/example_dags/plugins/event_listener.py
[2025-02-16T15:59:29.059+0700] {processor.py:208} INFO - Processing /home/dataengineer/.pyenv/versions/3.9.21/lib/python3.9/site-packages/airflow/example_dags/plugins/event_listener.py took 0.021 seconds
[2025-02-16T16:00:17.564+0700] {processor.py:186} INFO - Started process (PID=26204) to work on /home/dataengineer/.pyenv/versions/3.9.21/lib/python3.9/site-packages/airflow/example_dags/plugins/event_listener.py
[2025-02-16T16:00:17.566+0700] {processor.py:914} INFO - Processing file /home/dataengineer/.pyenv/versions/3.9.21/lib/python3.9/site-packages/airflow/example_dags/plugins/event_listener.py for tasks to queue
[2025-02-16T16:00:17.567+0700] {logging_mixin.py:190} INFO - [2025-02-16T16:00:17.567+0700] {dagbag.py:588} INFO - Filling up the DagBag from /home/dataengineer/.pyenv/versions/3.9.21/lib/python3.9/site-packages/airflow/example_dags/plugins/event_listener.py
[2025-02-16T16:00:17.570+0700] {processor.py:927} WARNING - No viable dags retrieved from /home/dataengineer/.pyenv/versions/3.9.21/lib/python3.9/site-packages/airflow/example_dags/plugins/event_listener.py
[2025-02-16T16:00:17.581+0700] {processor.py:208} INFO - Processing /home/dataengineer/.pyenv/versions/3.9.21/lib/python3.9/site-packages/airflow/example_dags/plugins/event_listener.py took 0.022 seconds
[2025-02-16T16:01:06.525+0700] {processor.py:186} INFO - Started process (PID=26403) to work on /home/dataengineer/.pyenv/versions/3.9.21/lib/python3.9/site-packages/airflow/example_dags/plugins/event_listener.py
[2025-02-16T16:01:06.526+0700] {processor.py:914} INFO - Processing file /home/dataengineer/.pyenv/versions/3.9.21/lib/python3.9/site-packages/airflow/example_dags/plugins/event_listener.py for tasks to queue
[2025-02-16T16:01:06.527+0700] {logging_mixin.py:190} INFO - [2025-02-16T16:01:06.527+0700] {dagbag.py:588} INFO - Filling up the DagBag from /home/dataengineer/.pyenv/versions/3.9.21/lib/python3.9/site-packages/airflow/example_dags/plugins/event_listener.py
[2025-02-16T16:01:06.530+0700] {processor.py:927} WARNING - No viable dags retrieved from /home/dataengineer/.pyenv/versions/3.9.21/lib/python3.9/site-packages/airflow/example_dags/plugins/event_listener.py
[2025-02-16T16:01:06.539+0700] {processor.py:208} INFO - Processing /home/dataengineer/.pyenv/versions/3.9.21/lib/python3.9/site-packages/airflow/example_dags/plugins/event_listener.py took 0.021 seconds
[2025-02-16T16:02:19.189+0700] {processor.py:186} INFO - Started process (PID=27054) to work on /home/dataengineer/.pyenv/versions/3.9.21/lib/python3.9/site-packages/airflow/example_dags/plugins/event_listener.py
[2025-02-16T16:02:19.190+0700] {processor.py:914} INFO - Processing file /home/dataengineer/.pyenv/versions/3.9.21/lib/python3.9/site-packages/airflow/example_dags/plugins/event_listener.py for tasks to queue
[2025-02-16T16:02:19.192+0700] {logging_mixin.py:190} INFO - [2025-02-16T16:02:19.191+0700] {dagbag.py:588} INFO - Filling up the DagBag from /home/dataengineer/.pyenv/versions/3.9.21/lib/python3.9/site-packages/airflow/example_dags/plugins/event_listener.py
[2025-02-16T16:02:19.194+0700] {processor.py:927} WARNING - No viable dags retrieved from /home/dataengineer/.pyenv/versions/3.9.21/lib/python3.9/site-packages/airflow/example_dags/plugins/event_listener.py
[2025-02-16T16:02:19.202+0700] {processor.py:208} INFO - Processing /home/dataengineer/.pyenv/versions/3.9.21/lib/python3.9/site-packages/airflow/example_dags/plugins/event_listener.py took 0.019 seconds
[2025-02-16T16:03:11.826+0700] {processor.py:186} INFO - Started process (PID=27278) to work on /home/dataengineer/.pyenv/versions/3.9.21/lib/python3.9/site-packages/airflow/example_dags/plugins/event_listener.py
[2025-02-16T16:03:11.827+0700] {processor.py:914} INFO - Processing file /home/dataengineer/.pyenv/versions/3.9.21/lib/python3.9/site-packages/airflow/example_dags/plugins/event_listener.py for tasks to queue
[2025-02-16T16:03:11.829+0700] {logging_mixin.py:190} INFO - [2025-02-16T16:03:11.828+0700] {dagbag.py:588} INFO - Filling up the DagBag from /home/dataengineer/.pyenv/versions/3.9.21/lib/python3.9/site-packages/airflow/example_dags/plugins/event_listener.py
[2025-02-16T16:03:11.831+0700] {processor.py:927} WARNING - No viable dags retrieved from /home/dataengineer/.pyenv/versions/3.9.21/lib/python3.9/site-packages/airflow/example_dags/plugins/event_listener.py
[2025-02-16T16:03:11.839+0700] {processor.py:208} INFO - Processing /home/dataengineer/.pyenv/versions/3.9.21/lib/python3.9/site-packages/airflow/example_dags/plugins/event_listener.py took 0.018 seconds
[2025-02-16T16:03:57.264+0700] {processor.py:186} INFO - Started process (PID=27468) to work on /home/dataengineer/.pyenv/versions/3.9.21/lib/python3.9/site-packages/airflow/example_dags/plugins/event_listener.py
[2025-02-16T16:03:57.265+0700] {processor.py:914} INFO - Processing file /home/dataengineer/.pyenv/versions/3.9.21/lib/python3.9/site-packages/airflow/example_dags/plugins/event_listener.py for tasks to queue
[2025-02-16T16:03:57.267+0700] {logging_mixin.py:190} INFO - [2025-02-16T16:03:57.266+0700] {dagbag.py:588} INFO - Filling up the DagBag from /home/dataengineer/.pyenv/versions/3.9.21/lib/python3.9/site-packages/airflow/example_dags/plugins/event_listener.py
[2025-02-16T16:03:57.269+0700] {processor.py:927} WARNING - No viable dags retrieved from /home/dataengineer/.pyenv/versions/3.9.21/lib/python3.9/site-packages/airflow/example_dags/plugins/event_listener.py
[2025-02-16T16:03:57.278+0700] {processor.py:208} INFO - Processing /home/dataengineer/.pyenv/versions/3.9.21/lib/python3.9/site-packages/airflow/example_dags/plugins/event_listener.py took 0.020 seconds
[2025-02-16T16:04:46.996+0700] {processor.py:186} INFO - Started process (PID=27671) to work on /home/dataengineer/.pyenv/versions/3.9.21/lib/python3.9/site-packages/airflow/example_dags/plugins/event_listener.py
[2025-02-16T16:04:46.998+0700] {processor.py:914} INFO - Processing file /home/dataengineer/.pyenv/versions/3.9.21/lib/python3.9/site-packages/airflow/example_dags/plugins/event_listener.py for tasks to queue
[2025-02-16T16:04:46.999+0700] {logging_mixin.py:190} INFO - [2025-02-16T16:04:46.999+0700] {dagbag.py:588} INFO - Filling up the DagBag from /home/dataengineer/.pyenv/versions/3.9.21/lib/python3.9/site-packages/airflow/example_dags/plugins/event_listener.py
[2025-02-16T16:04:47.001+0700] {processor.py:927} WARNING - No viable dags retrieved from /home/dataengineer/.pyenv/versions/3.9.21/lib/python3.9/site-packages/airflow/example_dags/plugins/event_listener.py
[2025-02-16T16:04:47.010+0700] {processor.py:208} INFO - Processing /home/dataengineer/.pyenv/versions/3.9.21/lib/python3.9/site-packages/airflow/example_dags/plugins/event_listener.py took 0.019 seconds
[2025-02-16T16:05:40.763+0700] {processor.py:186} INFO - Started process (PID=27896) to work on /home/dataengineer/.pyenv/versions/3.9.21/lib/python3.9/site-packages/airflow/example_dags/plugins/event_listener.py
[2025-02-16T16:05:40.765+0700] {processor.py:914} INFO - Processing file /home/dataengineer/.pyenv/versions/3.9.21/lib/python3.9/site-packages/airflow/example_dags/plugins/event_listener.py for tasks to queue
[2025-02-16T16:05:40.766+0700] {logging_mixin.py:190} INFO - [2025-02-16T16:05:40.766+0700] {dagbag.py:588} INFO - Filling up the DagBag from /home/dataengineer/.pyenv/versions/3.9.21/lib/python3.9/site-packages/airflow/example_dags/plugins/event_listener.py
[2025-02-16T16:05:40.769+0700] {processor.py:927} WARNING - No viable dags retrieved from /home/dataengineer/.pyenv/versions/3.9.21/lib/python3.9/site-packages/airflow/example_dags/plugins/event_listener.py
[2025-02-16T16:05:40.781+0700] {processor.py:208} INFO - Processing /home/dataengineer/.pyenv/versions/3.9.21/lib/python3.9/site-packages/airflow/example_dags/plugins/event_listener.py took 0.023 seconds
[2025-02-16T16:06:31.683+0700] {processor.py:186} INFO - Started process (PID=28116) to work on /home/dataengineer/.pyenv/versions/3.9.21/lib/python3.9/site-packages/airflow/example_dags/plugins/event_listener.py
[2025-02-16T16:06:31.684+0700] {processor.py:914} INFO - Processing file /home/dataengineer/.pyenv/versions/3.9.21/lib/python3.9/site-packages/airflow/example_dags/plugins/event_listener.py for tasks to queue
[2025-02-16T16:06:31.685+0700] {logging_mixin.py:190} INFO - [2025-02-16T16:06:31.685+0700] {dagbag.py:588} INFO - Filling up the DagBag from /home/dataengineer/.pyenv/versions/3.9.21/lib/python3.9/site-packages/airflow/example_dags/plugins/event_listener.py
[2025-02-16T16:06:31.688+0700] {processor.py:927} WARNING - No viable dags retrieved from /home/dataengineer/.pyenv/versions/3.9.21/lib/python3.9/site-packages/airflow/example_dags/plugins/event_listener.py
[2025-02-16T16:06:31.697+0700] {processor.py:208} INFO - Processing /home/dataengineer/.pyenv/versions/3.9.21/lib/python3.9/site-packages/airflow/example_dags/plugins/event_listener.py took 0.019 seconds
[2025-02-16T16:07:17.770+0700] {processor.py:186} INFO - Started process (PID=28431) to work on /home/dataengineer/.pyenv/versions/3.9.21/lib/python3.9/site-packages/airflow/example_dags/plugins/event_listener.py
[2025-02-16T16:07:17.771+0700] {processor.py:914} INFO - Processing file /home/dataengineer/.pyenv/versions/3.9.21/lib/python3.9/site-packages/airflow/example_dags/plugins/event_listener.py for tasks to queue
[2025-02-16T16:07:17.772+0700] {logging_mixin.py:190} INFO - [2025-02-16T16:07:17.772+0700] {dagbag.py:588} INFO - Filling up the DagBag from /home/dataengineer/.pyenv/versions/3.9.21/lib/python3.9/site-packages/airflow/example_dags/plugins/event_listener.py
[2025-02-16T16:07:17.774+0700] {processor.py:927} WARNING - No viable dags retrieved from /home/dataengineer/.pyenv/versions/3.9.21/lib/python3.9/site-packages/airflow/example_dags/plugins/event_listener.py
[2025-02-16T16:07:17.784+0700] {processor.py:208} INFO - Processing /home/dataengineer/.pyenv/versions/3.9.21/lib/python3.9/site-packages/airflow/example_dags/plugins/event_listener.py took 0.020 seconds
[2025-02-16T16:08:05.627+0700] {processor.py:186} INFO - Started process (PID=28714) to work on /home/dataengineer/.pyenv/versions/3.9.21/lib/python3.9/site-packages/airflow/example_dags/plugins/event_listener.py
[2025-02-16T16:08:05.632+0700] {processor.py:914} INFO - Processing file /home/dataengineer/.pyenv/versions/3.9.21/lib/python3.9/site-packages/airflow/example_dags/plugins/event_listener.py for tasks to queue
[2025-02-16T16:08:05.633+0700] {logging_mixin.py:190} INFO - [2025-02-16T16:08:05.633+0700] {dagbag.py:588} INFO - Filling up the DagBag from /home/dataengineer/.pyenv/versions/3.9.21/lib/python3.9/site-packages/airflow/example_dags/plugins/event_listener.py
[2025-02-16T16:08:05.636+0700] {processor.py:927} WARNING - No viable dags retrieved from /home/dataengineer/.pyenv/versions/3.9.21/lib/python3.9/site-packages/airflow/example_dags/plugins/event_listener.py
[2025-02-16T16:08:05.645+0700] {processor.py:208} INFO - Processing /home/dataengineer/.pyenv/versions/3.9.21/lib/python3.9/site-packages/airflow/example_dags/plugins/event_listener.py took 0.024 seconds
[2025-02-16T16:08:53.487+0700] {processor.py:186} INFO - Started process (PID=28924) to work on /home/dataengineer/.pyenv/versions/3.9.21/lib/python3.9/site-packages/airflow/example_dags/plugins/event_listener.py
[2025-02-16T16:08:53.488+0700] {processor.py:914} INFO - Processing file /home/dataengineer/.pyenv/versions/3.9.21/lib/python3.9/site-packages/airflow/example_dags/plugins/event_listener.py for tasks to queue
[2025-02-16T16:08:53.489+0700] {logging_mixin.py:190} INFO - [2025-02-16T16:08:53.489+0700] {dagbag.py:588} INFO - Filling up the DagBag from /home/dataengineer/.pyenv/versions/3.9.21/lib/python3.9/site-packages/airflow/example_dags/plugins/event_listener.py
[2025-02-16T16:08:53.491+0700] {processor.py:927} WARNING - No viable dags retrieved from /home/dataengineer/.pyenv/versions/3.9.21/lib/python3.9/site-packages/airflow/example_dags/plugins/event_listener.py
[2025-02-16T16:08:53.500+0700] {processor.py:208} INFO - Processing /home/dataengineer/.pyenv/versions/3.9.21/lib/python3.9/site-packages/airflow/example_dags/plugins/event_listener.py took 0.020 seconds
[2025-02-16T16:09:40.540+0700] {processor.py:186} INFO - Started process (PID=29164) to work on /home/dataengineer/.pyenv/versions/3.9.21/lib/python3.9/site-packages/airflow/example_dags/plugins/event_listener.py
[2025-02-16T16:09:40.541+0700] {processor.py:914} INFO - Processing file /home/dataengineer/.pyenv/versions/3.9.21/lib/python3.9/site-packages/airflow/example_dags/plugins/event_listener.py for tasks to queue
[2025-02-16T16:09:40.543+0700] {logging_mixin.py:190} INFO - [2025-02-16T16:09:40.542+0700] {dagbag.py:588} INFO - Filling up the DagBag from /home/dataengineer/.pyenv/versions/3.9.21/lib/python3.9/site-packages/airflow/example_dags/plugins/event_listener.py
[2025-02-16T16:09:40.545+0700] {processor.py:927} WARNING - No viable dags retrieved from /home/dataengineer/.pyenv/versions/3.9.21/lib/python3.9/site-packages/airflow/example_dags/plugins/event_listener.py
[2025-02-16T16:09:40.554+0700] {processor.py:208} INFO - Processing /home/dataengineer/.pyenv/versions/3.9.21/lib/python3.9/site-packages/airflow/example_dags/plugins/event_listener.py took 0.020 seconds
[2025-02-16T16:10:31.867+0700] {processor.py:186} INFO - Started process (PID=29424) to work on /home/dataengineer/.pyenv/versions/3.9.21/lib/python3.9/site-packages/airflow/example_dags/plugins/event_listener.py
[2025-02-16T16:10:31.868+0700] {processor.py:914} INFO - Processing file /home/dataengineer/.pyenv/versions/3.9.21/lib/python3.9/site-packages/airflow/example_dags/plugins/event_listener.py for tasks to queue
[2025-02-16T16:10:31.869+0700] {logging_mixin.py:190} INFO - [2025-02-16T16:10:31.869+0700] {dagbag.py:588} INFO - Filling up the DagBag from /home/dataengineer/.pyenv/versions/3.9.21/lib/python3.9/site-packages/airflow/example_dags/plugins/event_listener.py
[2025-02-16T16:10:31.871+0700] {processor.py:927} WARNING - No viable dags retrieved from /home/dataengineer/.pyenv/versions/3.9.21/lib/python3.9/site-packages/airflow/example_dags/plugins/event_listener.py
[2025-02-16T16:10:31.880+0700] {processor.py:208} INFO - Processing /home/dataengineer/.pyenv/versions/3.9.21/lib/python3.9/site-packages/airflow/example_dags/plugins/event_listener.py took 0.019 seconds
[2025-02-16T16:11:18.655+0700] {processor.py:186} INFO - Started process (PID=29615) to work on /home/dataengineer/.pyenv/versions/3.9.21/lib/python3.9/site-packages/airflow/example_dags/plugins/event_listener.py
[2025-02-16T16:11:18.656+0700] {processor.py:914} INFO - Processing file /home/dataengineer/.pyenv/versions/3.9.21/lib/python3.9/site-packages/airflow/example_dags/plugins/event_listener.py for tasks to queue
[2025-02-16T16:11:18.658+0700] {logging_mixin.py:190} INFO - [2025-02-16T16:11:18.658+0700] {dagbag.py:588} INFO - Filling up the DagBag from /home/dataengineer/.pyenv/versions/3.9.21/lib/python3.9/site-packages/airflow/example_dags/plugins/event_listener.py
[2025-02-16T16:11:18.662+0700] {processor.py:927} WARNING - No viable dags retrieved from /home/dataengineer/.pyenv/versions/3.9.21/lib/python3.9/site-packages/airflow/example_dags/plugins/event_listener.py
[2025-02-16T16:11:18.672+0700] {processor.py:208} INFO - Processing /home/dataengineer/.pyenv/versions/3.9.21/lib/python3.9/site-packages/airflow/example_dags/plugins/event_listener.py took 0.025 seconds
[2025-02-16T16:12:05.872+0700] {processor.py:186} INFO - Started process (PID=29811) to work on /home/dataengineer/.pyenv/versions/3.9.21/lib/python3.9/site-packages/airflow/example_dags/plugins/event_listener.py
[2025-02-16T16:12:05.873+0700] {processor.py:914} INFO - Processing file /home/dataengineer/.pyenv/versions/3.9.21/lib/python3.9/site-packages/airflow/example_dags/plugins/event_listener.py for tasks to queue
[2025-02-16T16:12:05.874+0700] {logging_mixin.py:190} INFO - [2025-02-16T16:12:05.874+0700] {dagbag.py:588} INFO - Filling up the DagBag from /home/dataengineer/.pyenv/versions/3.9.21/lib/python3.9/site-packages/airflow/example_dags/plugins/event_listener.py
[2025-02-16T16:12:05.876+0700] {processor.py:927} WARNING - No viable dags retrieved from /home/dataengineer/.pyenv/versions/3.9.21/lib/python3.9/site-packages/airflow/example_dags/plugins/event_listener.py
[2025-02-16T16:12:05.885+0700] {processor.py:208} INFO - Processing /home/dataengineer/.pyenv/versions/3.9.21/lib/python3.9/site-packages/airflow/example_dags/plugins/event_listener.py took 0.019 seconds
[2025-02-16T16:12:55.885+0700] {processor.py:186} INFO - Started process (PID=30023) to work on /home/dataengineer/.pyenv/versions/3.9.21/lib/python3.9/site-packages/airflow/example_dags/plugins/event_listener.py
[2025-02-16T16:12:55.887+0700] {processor.py:914} INFO - Processing file /home/dataengineer/.pyenv/versions/3.9.21/lib/python3.9/site-packages/airflow/example_dags/plugins/event_listener.py for tasks to queue
[2025-02-16T16:12:55.888+0700] {logging_mixin.py:190} INFO - [2025-02-16T16:12:55.888+0700] {dagbag.py:588} INFO - Filling up the DagBag from /home/dataengineer/.pyenv/versions/3.9.21/lib/python3.9/site-packages/airflow/example_dags/plugins/event_listener.py
[2025-02-16T16:12:55.890+0700] {processor.py:927} WARNING - No viable dags retrieved from /home/dataengineer/.pyenv/versions/3.9.21/lib/python3.9/site-packages/airflow/example_dags/plugins/event_listener.py
[2025-02-16T16:12:55.899+0700] {processor.py:208} INFO - Processing /home/dataengineer/.pyenv/versions/3.9.21/lib/python3.9/site-packages/airflow/example_dags/plugins/event_listener.py took 0.020 seconds
[2025-02-16T16:13:47.333+0700] {processor.py:186} INFO - Started process (PID=30235) to work on /home/dataengineer/.pyenv/versions/3.9.21/lib/python3.9/site-packages/airflow/example_dags/plugins/event_listener.py
[2025-02-16T16:13:47.334+0700] {processor.py:914} INFO - Processing file /home/dataengineer/.pyenv/versions/3.9.21/lib/python3.9/site-packages/airflow/example_dags/plugins/event_listener.py for tasks to queue
[2025-02-16T16:13:47.335+0700] {logging_mixin.py:190} INFO - [2025-02-16T16:13:47.335+0700] {dagbag.py:588} INFO - Filling up the DagBag from /home/dataengineer/.pyenv/versions/3.9.21/lib/python3.9/site-packages/airflow/example_dags/plugins/event_listener.py
[2025-02-16T16:13:47.337+0700] {processor.py:927} WARNING - No viable dags retrieved from /home/dataengineer/.pyenv/versions/3.9.21/lib/python3.9/site-packages/airflow/example_dags/plugins/event_listener.py
[2025-02-16T16:13:47.347+0700] {processor.py:208} INFO - Processing /home/dataengineer/.pyenv/versions/3.9.21/lib/python3.9/site-packages/airflow/example_dags/plugins/event_listener.py took 0.020 seconds
[2025-02-16T16:14:36.023+0700] {processor.py:186} INFO - Started process (PID=30441) to work on /home/dataengineer/.pyenv/versions/3.9.21/lib/python3.9/site-packages/airflow/example_dags/plugins/event_listener.py
[2025-02-16T16:14:36.024+0700] {processor.py:914} INFO - Processing file /home/dataengineer/.pyenv/versions/3.9.21/lib/python3.9/site-packages/airflow/example_dags/plugins/event_listener.py for tasks to queue
[2025-02-16T16:14:36.025+0700] {logging_mixin.py:190} INFO - [2025-02-16T16:14:36.025+0700] {dagbag.py:588} INFO - Filling up the DagBag from /home/dataengineer/.pyenv/versions/3.9.21/lib/python3.9/site-packages/airflow/example_dags/plugins/event_listener.py
[2025-02-16T16:14:36.027+0700] {processor.py:927} WARNING - No viable dags retrieved from /home/dataengineer/.pyenv/versions/3.9.21/lib/python3.9/site-packages/airflow/example_dags/plugins/event_listener.py
[2025-02-16T16:14:36.039+0700] {processor.py:208} INFO - Processing /home/dataengineer/.pyenv/versions/3.9.21/lib/python3.9/site-packages/airflow/example_dags/plugins/event_listener.py took 0.022 seconds
[2025-02-16T16:15:23.130+0700] {processor.py:186} INFO - Started process (PID=30643) to work on /home/dataengineer/.pyenv/versions/3.9.21/lib/python3.9/site-packages/airflow/example_dags/plugins/event_listener.py
[2025-02-16T16:15:23.131+0700] {processor.py:914} INFO - Processing file /home/dataengineer/.pyenv/versions/3.9.21/lib/python3.9/site-packages/airflow/example_dags/plugins/event_listener.py for tasks to queue
[2025-02-16T16:15:23.133+0700] {logging_mixin.py:190} INFO - [2025-02-16T16:15:23.132+0700] {dagbag.py:588} INFO - Filling up the DagBag from /home/dataengineer/.pyenv/versions/3.9.21/lib/python3.9/site-packages/airflow/example_dags/plugins/event_listener.py
[2025-02-16T16:15:23.136+0700] {processor.py:927} WARNING - No viable dags retrieved from /home/dataengineer/.pyenv/versions/3.9.21/lib/python3.9/site-packages/airflow/example_dags/plugins/event_listener.py
[2025-02-16T16:15:23.147+0700] {processor.py:208} INFO - Processing /home/dataengineer/.pyenv/versions/3.9.21/lib/python3.9/site-packages/airflow/example_dags/plugins/event_listener.py took 0.024 seconds
[2025-02-16T16:16:14.804+0700] {processor.py:186} INFO - Started process (PID=30854) to work on /home/dataengineer/.pyenv/versions/3.9.21/lib/python3.9/site-packages/airflow/example_dags/plugins/event_listener.py
[2025-02-16T16:16:14.805+0700] {processor.py:914} INFO - Processing file /home/dataengineer/.pyenv/versions/3.9.21/lib/python3.9/site-packages/airflow/example_dags/plugins/event_listener.py for tasks to queue
[2025-02-16T16:16:14.807+0700] {logging_mixin.py:190} INFO - [2025-02-16T16:16:14.806+0700] {dagbag.py:588} INFO - Filling up the DagBag from /home/dataengineer/.pyenv/versions/3.9.21/lib/python3.9/site-packages/airflow/example_dags/plugins/event_listener.py
[2025-02-16T16:16:14.809+0700] {processor.py:927} WARNING - No viable dags retrieved from /home/dataengineer/.pyenv/versions/3.9.21/lib/python3.9/site-packages/airflow/example_dags/plugins/event_listener.py
[2025-02-16T16:16:14.820+0700] {processor.py:208} INFO - Processing /home/dataengineer/.pyenv/versions/3.9.21/lib/python3.9/site-packages/airflow/example_dags/plugins/event_listener.py took 0.022 seconds
[2025-02-16T16:17:04.175+0700] {processor.py:186} INFO - Started process (PID=31062) to work on /home/dataengineer/.pyenv/versions/3.9.21/lib/python3.9/site-packages/airflow/example_dags/plugins/event_listener.py
[2025-02-16T16:17:04.177+0700] {processor.py:914} INFO - Processing file /home/dataengineer/.pyenv/versions/3.9.21/lib/python3.9/site-packages/airflow/example_dags/plugins/event_listener.py for tasks to queue
[2025-02-16T16:17:04.178+0700] {logging_mixin.py:190} INFO - [2025-02-16T16:17:04.178+0700] {dagbag.py:588} INFO - Filling up the DagBag from /home/dataengineer/.pyenv/versions/3.9.21/lib/python3.9/site-packages/airflow/example_dags/plugins/event_listener.py
[2025-02-16T16:17:04.181+0700] {processor.py:927} WARNING - No viable dags retrieved from /home/dataengineer/.pyenv/versions/3.9.21/lib/python3.9/site-packages/airflow/example_dags/plugins/event_listener.py
[2025-02-16T16:17:04.192+0700] {processor.py:208} INFO - Processing /home/dataengineer/.pyenv/versions/3.9.21/lib/python3.9/site-packages/airflow/example_dags/plugins/event_listener.py took 0.023 seconds
[2025-02-16T16:17:56.200+0700] {processor.py:186} INFO - Started process (PID=31276) to work on /home/dataengineer/.pyenv/versions/3.9.21/lib/python3.9/site-packages/airflow/example_dags/plugins/event_listener.py
[2025-02-16T16:17:56.201+0700] {processor.py:914} INFO - Processing file /home/dataengineer/.pyenv/versions/3.9.21/lib/python3.9/site-packages/airflow/example_dags/plugins/event_listener.py for tasks to queue
[2025-02-16T16:17:56.202+0700] {logging_mixin.py:190} INFO - [2025-02-16T16:17:56.202+0700] {dagbag.py:588} INFO - Filling up the DagBag from /home/dataengineer/.pyenv/versions/3.9.21/lib/python3.9/site-packages/airflow/example_dags/plugins/event_listener.py
[2025-02-16T16:17:56.205+0700] {processor.py:927} WARNING - No viable dags retrieved from /home/dataengineer/.pyenv/versions/3.9.21/lib/python3.9/site-packages/airflow/example_dags/plugins/event_listener.py
[2025-02-16T16:17:56.214+0700] {processor.py:208} INFO - Processing /home/dataengineer/.pyenv/versions/3.9.21/lib/python3.9/site-packages/airflow/example_dags/plugins/event_listener.py took 0.020 seconds
[2025-02-16T16:18:47.362+0700] {processor.py:186} INFO - Started process (PID=31493) to work on /home/dataengineer/.pyenv/versions/3.9.21/lib/python3.9/site-packages/airflow/example_dags/plugins/event_listener.py
[2025-02-16T16:18:47.363+0700] {processor.py:914} INFO - Processing file /home/dataengineer/.pyenv/versions/3.9.21/lib/python3.9/site-packages/airflow/example_dags/plugins/event_listener.py for tasks to queue
[2025-02-16T16:18:47.365+0700] {logging_mixin.py:190} INFO - [2025-02-16T16:18:47.364+0700] {dagbag.py:588} INFO - Filling up the DagBag from /home/dataengineer/.pyenv/versions/3.9.21/lib/python3.9/site-packages/airflow/example_dags/plugins/event_listener.py
[2025-02-16T16:18:47.367+0700] {processor.py:927} WARNING - No viable dags retrieved from /home/dataengineer/.pyenv/versions/3.9.21/lib/python3.9/site-packages/airflow/example_dags/plugins/event_listener.py
[2025-02-16T16:18:47.376+0700] {processor.py:208} INFO - Processing /home/dataengineer/.pyenv/versions/3.9.21/lib/python3.9/site-packages/airflow/example_dags/plugins/event_listener.py took 0.019 seconds
[2025-02-16T16:19:37.602+0700] {processor.py:186} INFO - Started process (PID=31701) to work on /home/dataengineer/.pyenv/versions/3.9.21/lib/python3.9/site-packages/airflow/example_dags/plugins/event_listener.py
[2025-02-16T16:19:37.603+0700] {processor.py:914} INFO - Processing file /home/dataengineer/.pyenv/versions/3.9.21/lib/python3.9/site-packages/airflow/example_dags/plugins/event_listener.py for tasks to queue
[2025-02-16T16:19:37.605+0700] {logging_mixin.py:190} INFO - [2025-02-16T16:19:37.604+0700] {dagbag.py:588} INFO - Filling up the DagBag from /home/dataengineer/.pyenv/versions/3.9.21/lib/python3.9/site-packages/airflow/example_dags/plugins/event_listener.py
[2025-02-16T16:19:37.607+0700] {processor.py:927} WARNING - No viable dags retrieved from /home/dataengineer/.pyenv/versions/3.9.21/lib/python3.9/site-packages/airflow/example_dags/plugins/event_listener.py
[2025-02-16T16:19:37.617+0700] {processor.py:208} INFO - Processing /home/dataengineer/.pyenv/versions/3.9.21/lib/python3.9/site-packages/airflow/example_dags/plugins/event_listener.py took 0.021 seconds
[2025-02-16T16:20:25.720+0700] {processor.py:186} INFO - Started process (PID=31907) to work on /home/dataengineer/.pyenv/versions/3.9.21/lib/python3.9/site-packages/airflow/example_dags/plugins/event_listener.py
[2025-02-16T16:20:25.722+0700] {processor.py:914} INFO - Processing file /home/dataengineer/.pyenv/versions/3.9.21/lib/python3.9/site-packages/airflow/example_dags/plugins/event_listener.py for tasks to queue
[2025-02-16T16:20:25.723+0700] {logging_mixin.py:190} INFO - [2025-02-16T16:20:25.723+0700] {dagbag.py:588} INFO - Filling up the DagBag from /home/dataengineer/.pyenv/versions/3.9.21/lib/python3.9/site-packages/airflow/example_dags/plugins/event_listener.py
[2025-02-16T16:20:25.725+0700] {processor.py:927} WARNING - No viable dags retrieved from /home/dataengineer/.pyenv/versions/3.9.21/lib/python3.9/site-packages/airflow/example_dags/plugins/event_listener.py
[2025-02-16T16:20:25.735+0700] {processor.py:208} INFO - Processing /home/dataengineer/.pyenv/versions/3.9.21/lib/python3.9/site-packages/airflow/example_dags/plugins/event_listener.py took 0.020 seconds
[2025-02-16T16:21:12.881+0700] {processor.py:186} INFO - Started process (PID=32099) to work on /home/dataengineer/.pyenv/versions/3.9.21/lib/python3.9/site-packages/airflow/example_dags/plugins/event_listener.py
[2025-02-16T16:21:12.882+0700] {processor.py:914} INFO - Processing file /home/dataengineer/.pyenv/versions/3.9.21/lib/python3.9/site-packages/airflow/example_dags/plugins/event_listener.py for tasks to queue
[2025-02-16T16:21:12.884+0700] {logging_mixin.py:190} INFO - [2025-02-16T16:21:12.883+0700] {dagbag.py:588} INFO - Filling up the DagBag from /home/dataengineer/.pyenv/versions/3.9.21/lib/python3.9/site-packages/airflow/example_dags/plugins/event_listener.py
[2025-02-16T16:21:12.886+0700] {processor.py:927} WARNING - No viable dags retrieved from /home/dataengineer/.pyenv/versions/3.9.21/lib/python3.9/site-packages/airflow/example_dags/plugins/event_listener.py
[2025-02-16T16:21:12.895+0700] {processor.py:208} INFO - Processing /home/dataengineer/.pyenv/versions/3.9.21/lib/python3.9/site-packages/airflow/example_dags/plugins/event_listener.py took 0.019 seconds
[2025-02-16T16:22:02.616+0700] {processor.py:186} INFO - Started process (PID=32311) to work on /home/dataengineer/.pyenv/versions/3.9.21/lib/python3.9/site-packages/airflow/example_dags/plugins/event_listener.py
[2025-02-16T16:22:02.618+0700] {processor.py:914} INFO - Processing file /home/dataengineer/.pyenv/versions/3.9.21/lib/python3.9/site-packages/airflow/example_dags/plugins/event_listener.py for tasks to queue
[2025-02-16T16:22:02.619+0700] {logging_mixin.py:190} INFO - [2025-02-16T16:22:02.619+0700] {dagbag.py:588} INFO - Filling up the DagBag from /home/dataengineer/.pyenv/versions/3.9.21/lib/python3.9/site-packages/airflow/example_dags/plugins/event_listener.py
[2025-02-16T16:22:02.622+0700] {processor.py:927} WARNING - No viable dags retrieved from /home/dataengineer/.pyenv/versions/3.9.21/lib/python3.9/site-packages/airflow/example_dags/plugins/event_listener.py
[2025-02-16T16:22:02.630+0700] {processor.py:208} INFO - Processing /home/dataengineer/.pyenv/versions/3.9.21/lib/python3.9/site-packages/airflow/example_dags/plugins/event_listener.py took 0.020 seconds
[2025-02-16T16:22:51.995+0700] {processor.py:186} INFO - Started process (PID=32515) to work on /home/dataengineer/.pyenv/versions/3.9.21/lib/python3.9/site-packages/airflow/example_dags/plugins/event_listener.py
[2025-02-16T16:22:51.997+0700] {processor.py:914} INFO - Processing file /home/dataengineer/.pyenv/versions/3.9.21/lib/python3.9/site-packages/airflow/example_dags/plugins/event_listener.py for tasks to queue
[2025-02-16T16:22:51.998+0700] {logging_mixin.py:190} INFO - [2025-02-16T16:22:51.998+0700] {dagbag.py:588} INFO - Filling up the DagBag from /home/dataengineer/.pyenv/versions/3.9.21/lib/python3.9/site-packages/airflow/example_dags/plugins/event_listener.py
[2025-02-16T16:22:52.000+0700] {processor.py:927} WARNING - No viable dags retrieved from /home/dataengineer/.pyenv/versions/3.9.21/lib/python3.9/site-packages/airflow/example_dags/plugins/event_listener.py
[2025-02-16T16:22:52.009+0700] {processor.py:208} INFO - Processing /home/dataengineer/.pyenv/versions/3.9.21/lib/python3.9/site-packages/airflow/example_dags/plugins/event_listener.py took 0.020 seconds
[2025-02-16T16:23:41.072+0700] {processor.py:186} INFO - Started process (PID=32721) to work on /home/dataengineer/.pyenv/versions/3.9.21/lib/python3.9/site-packages/airflow/example_dags/plugins/event_listener.py
[2025-02-16T16:23:41.073+0700] {processor.py:914} INFO - Processing file /home/dataengineer/.pyenv/versions/3.9.21/lib/python3.9/site-packages/airflow/example_dags/plugins/event_listener.py for tasks to queue
[2025-02-16T16:23:41.074+0700] {logging_mixin.py:190} INFO - [2025-02-16T16:23:41.074+0700] {dagbag.py:588} INFO - Filling up the DagBag from /home/dataengineer/.pyenv/versions/3.9.21/lib/python3.9/site-packages/airflow/example_dags/plugins/event_listener.py
[2025-02-16T16:23:41.077+0700] {processor.py:927} WARNING - No viable dags retrieved from /home/dataengineer/.pyenv/versions/3.9.21/lib/python3.9/site-packages/airflow/example_dags/plugins/event_listener.py
[2025-02-16T16:23:41.087+0700] {processor.py:208} INFO - Processing /home/dataengineer/.pyenv/versions/3.9.21/lib/python3.9/site-packages/airflow/example_dags/plugins/event_listener.py took 0.020 seconds
[2025-02-16T16:24:28.777+0700] {processor.py:186} INFO - Started process (PID=32920) to work on /home/dataengineer/.pyenv/versions/3.9.21/lib/python3.9/site-packages/airflow/example_dags/plugins/event_listener.py
[2025-02-16T16:24:28.778+0700] {processor.py:914} INFO - Processing file /home/dataengineer/.pyenv/versions/3.9.21/lib/python3.9/site-packages/airflow/example_dags/plugins/event_listener.py for tasks to queue
[2025-02-16T16:24:28.779+0700] {logging_mixin.py:190} INFO - [2025-02-16T16:24:28.779+0700] {dagbag.py:588} INFO - Filling up the DagBag from /home/dataengineer/.pyenv/versions/3.9.21/lib/python3.9/site-packages/airflow/example_dags/plugins/event_listener.py
[2025-02-16T16:24:28.782+0700] {processor.py:927} WARNING - No viable dags retrieved from /home/dataengineer/.pyenv/versions/3.9.21/lib/python3.9/site-packages/airflow/example_dags/plugins/event_listener.py
[2025-02-16T16:24:28.790+0700] {processor.py:208} INFO - Processing /home/dataengineer/.pyenv/versions/3.9.21/lib/python3.9/site-packages/airflow/example_dags/plugins/event_listener.py took 0.019 seconds
[2025-02-16T16:25:14.430+0700] {processor.py:186} INFO - Started process (PID=33116) to work on /home/dataengineer/.pyenv/versions/3.9.21/lib/python3.9/site-packages/airflow/example_dags/plugins/event_listener.py
[2025-02-16T16:25:14.432+0700] {processor.py:914} INFO - Processing file /home/dataengineer/.pyenv/versions/3.9.21/lib/python3.9/site-packages/airflow/example_dags/plugins/event_listener.py for tasks to queue
[2025-02-16T16:25:14.433+0700] {logging_mixin.py:190} INFO - [2025-02-16T16:25:14.433+0700] {dagbag.py:588} INFO - Filling up the DagBag from /home/dataengineer/.pyenv/versions/3.9.21/lib/python3.9/site-packages/airflow/example_dags/plugins/event_listener.py
[2025-02-16T16:25:14.435+0700] {processor.py:927} WARNING - No viable dags retrieved from /home/dataengineer/.pyenv/versions/3.9.21/lib/python3.9/site-packages/airflow/example_dags/plugins/event_listener.py
[2025-02-16T16:25:14.445+0700] {processor.py:208} INFO - Processing /home/dataengineer/.pyenv/versions/3.9.21/lib/python3.9/site-packages/airflow/example_dags/plugins/event_listener.py took 0.020 seconds
[2025-02-16T16:26:06.804+0700] {processor.py:186} INFO - Started process (PID=33331) to work on /home/dataengineer/.pyenv/versions/3.9.21/lib/python3.9/site-packages/airflow/example_dags/plugins/event_listener.py
[2025-02-16T16:26:06.805+0700] {processor.py:914} INFO - Processing file /home/dataengineer/.pyenv/versions/3.9.21/lib/python3.9/site-packages/airflow/example_dags/plugins/event_listener.py for tasks to queue
[2025-02-16T16:26:06.807+0700] {logging_mixin.py:190} INFO - [2025-02-16T16:26:06.807+0700] {dagbag.py:588} INFO - Filling up the DagBag from /home/dataengineer/.pyenv/versions/3.9.21/lib/python3.9/site-packages/airflow/example_dags/plugins/event_listener.py
[2025-02-16T16:26:06.809+0700] {processor.py:927} WARNING - No viable dags retrieved from /home/dataengineer/.pyenv/versions/3.9.21/lib/python3.9/site-packages/airflow/example_dags/plugins/event_listener.py
[2025-02-16T16:26:06.818+0700] {processor.py:208} INFO - Processing /home/dataengineer/.pyenv/versions/3.9.21/lib/python3.9/site-packages/airflow/example_dags/plugins/event_listener.py took 0.020 seconds
[2025-02-16T16:26:54.680+0700] {processor.py:186} INFO - Started process (PID=33531) to work on /home/dataengineer/.pyenv/versions/3.9.21/lib/python3.9/site-packages/airflow/example_dags/plugins/event_listener.py
[2025-02-16T16:26:54.681+0700] {processor.py:914} INFO - Processing file /home/dataengineer/.pyenv/versions/3.9.21/lib/python3.9/site-packages/airflow/example_dags/plugins/event_listener.py for tasks to queue
[2025-02-16T16:26:54.683+0700] {logging_mixin.py:190} INFO - [2025-02-16T16:26:54.683+0700] {dagbag.py:588} INFO - Filling up the DagBag from /home/dataengineer/.pyenv/versions/3.9.21/lib/python3.9/site-packages/airflow/example_dags/plugins/event_listener.py
[2025-02-16T16:26:54.687+0700] {processor.py:927} WARNING - No viable dags retrieved from /home/dataengineer/.pyenv/versions/3.9.21/lib/python3.9/site-packages/airflow/example_dags/plugins/event_listener.py
[2025-02-16T16:26:54.697+0700] {processor.py:208} INFO - Processing /home/dataengineer/.pyenv/versions/3.9.21/lib/python3.9/site-packages/airflow/example_dags/plugins/event_listener.py took 0.024 seconds
[2025-02-16T16:27:43.287+0700] {processor.py:186} INFO - Started process (PID=33740) to work on /home/dataengineer/.pyenv/versions/3.9.21/lib/python3.9/site-packages/airflow/example_dags/plugins/event_listener.py
[2025-02-16T16:27:43.288+0700] {processor.py:914} INFO - Processing file /home/dataengineer/.pyenv/versions/3.9.21/lib/python3.9/site-packages/airflow/example_dags/plugins/event_listener.py for tasks to queue
[2025-02-16T16:27:43.290+0700] {logging_mixin.py:190} INFO - [2025-02-16T16:27:43.289+0700] {dagbag.py:588} INFO - Filling up the DagBag from /home/dataengineer/.pyenv/versions/3.9.21/lib/python3.9/site-packages/airflow/example_dags/plugins/event_listener.py
[2025-02-16T16:27:43.292+0700] {processor.py:927} WARNING - No viable dags retrieved from /home/dataengineer/.pyenv/versions/3.9.21/lib/python3.9/site-packages/airflow/example_dags/plugins/event_listener.py
[2025-02-16T16:27:43.301+0700] {processor.py:208} INFO - Processing /home/dataengineer/.pyenv/versions/3.9.21/lib/python3.9/site-packages/airflow/example_dags/plugins/event_listener.py took 0.019 seconds
[2025-02-16T16:28:33.312+0700] {processor.py:186} INFO - Started process (PID=33948) to work on /home/dataengineer/.pyenv/versions/3.9.21/lib/python3.9/site-packages/airflow/example_dags/plugins/event_listener.py
[2025-02-16T16:28:33.313+0700] {processor.py:914} INFO - Processing file /home/dataengineer/.pyenv/versions/3.9.21/lib/python3.9/site-packages/airflow/example_dags/plugins/event_listener.py for tasks to queue
[2025-02-16T16:28:33.314+0700] {logging_mixin.py:190} INFO - [2025-02-16T16:28:33.314+0700] {dagbag.py:588} INFO - Filling up the DagBag from /home/dataengineer/.pyenv/versions/3.9.21/lib/python3.9/site-packages/airflow/example_dags/plugins/event_listener.py
[2025-02-16T16:28:33.317+0700] {processor.py:927} WARNING - No viable dags retrieved from /home/dataengineer/.pyenv/versions/3.9.21/lib/python3.9/site-packages/airflow/example_dags/plugins/event_listener.py
[2025-02-16T16:28:33.326+0700] {processor.py:208} INFO - Processing /home/dataengineer/.pyenv/versions/3.9.21/lib/python3.9/site-packages/airflow/example_dags/plugins/event_listener.py took 0.021 seconds
[2025-02-16T16:29:23.561+0700] {processor.py:186} INFO - Started process (PID=34155) to work on /home/dataengineer/.pyenv/versions/3.9.21/lib/python3.9/site-packages/airflow/example_dags/plugins/event_listener.py
[2025-02-16T16:29:23.562+0700] {processor.py:914} INFO - Processing file /home/dataengineer/.pyenv/versions/3.9.21/lib/python3.9/site-packages/airflow/example_dags/plugins/event_listener.py for tasks to queue
[2025-02-16T16:29:23.564+0700] {logging_mixin.py:190} INFO - [2025-02-16T16:29:23.563+0700] {dagbag.py:588} INFO - Filling up the DagBag from /home/dataengineer/.pyenv/versions/3.9.21/lib/python3.9/site-packages/airflow/example_dags/plugins/event_listener.py
[2025-02-16T16:29:23.566+0700] {processor.py:927} WARNING - No viable dags retrieved from /home/dataengineer/.pyenv/versions/3.9.21/lib/python3.9/site-packages/airflow/example_dags/plugins/event_listener.py
[2025-02-16T16:29:23.577+0700] {processor.py:208} INFO - Processing /home/dataengineer/.pyenv/versions/3.9.21/lib/python3.9/site-packages/airflow/example_dags/plugins/event_listener.py took 0.022 seconds
[2025-02-16T16:30:14.346+0700] {processor.py:186} INFO - Started process (PID=34368) to work on /home/dataengineer/.pyenv/versions/3.9.21/lib/python3.9/site-packages/airflow/example_dags/plugins/event_listener.py
[2025-02-16T16:30:14.347+0700] {processor.py:914} INFO - Processing file /home/dataengineer/.pyenv/versions/3.9.21/lib/python3.9/site-packages/airflow/example_dags/plugins/event_listener.py for tasks to queue
[2025-02-16T16:30:14.349+0700] {logging_mixin.py:190} INFO - [2025-02-16T16:30:14.348+0700] {dagbag.py:588} INFO - Filling up the DagBag from /home/dataengineer/.pyenv/versions/3.9.21/lib/python3.9/site-packages/airflow/example_dags/plugins/event_listener.py
[2025-02-16T16:30:14.351+0700] {processor.py:927} WARNING - No viable dags retrieved from /home/dataengineer/.pyenv/versions/3.9.21/lib/python3.9/site-packages/airflow/example_dags/plugins/event_listener.py
[2025-02-16T16:30:14.359+0700] {processor.py:208} INFO - Processing /home/dataengineer/.pyenv/versions/3.9.21/lib/python3.9/site-packages/airflow/example_dags/plugins/event_listener.py took 0.018 seconds
[2025-02-16T16:31:02.621+0700] {processor.py:186} INFO - Started process (PID=34572) to work on /home/dataengineer/.pyenv/versions/3.9.21/lib/python3.9/site-packages/airflow/example_dags/plugins/event_listener.py
[2025-02-16T16:31:02.623+0700] {processor.py:914} INFO - Processing file /home/dataengineer/.pyenv/versions/3.9.21/lib/python3.9/site-packages/airflow/example_dags/plugins/event_listener.py for tasks to queue
[2025-02-16T16:31:02.624+0700] {logging_mixin.py:190} INFO - [2025-02-16T16:31:02.624+0700] {dagbag.py:588} INFO - Filling up the DagBag from /home/dataengineer/.pyenv/versions/3.9.21/lib/python3.9/site-packages/airflow/example_dags/plugins/event_listener.py
[2025-02-16T16:31:02.627+0700] {processor.py:927} WARNING - No viable dags retrieved from /home/dataengineer/.pyenv/versions/3.9.21/lib/python3.9/site-packages/airflow/example_dags/plugins/event_listener.py
[2025-02-16T16:31:02.636+0700] {processor.py:208} INFO - Processing /home/dataengineer/.pyenv/versions/3.9.21/lib/python3.9/site-packages/airflow/example_dags/plugins/event_listener.py took 0.021 seconds
[2025-02-16T16:31:52.883+0700] {processor.py:186} INFO - Started process (PID=34780) to work on /home/dataengineer/.pyenv/versions/3.9.21/lib/python3.9/site-packages/airflow/example_dags/plugins/event_listener.py
[2025-02-16T16:31:52.884+0700] {processor.py:914} INFO - Processing file /home/dataengineer/.pyenv/versions/3.9.21/lib/python3.9/site-packages/airflow/example_dags/plugins/event_listener.py for tasks to queue
[2025-02-16T16:31:52.886+0700] {logging_mixin.py:190} INFO - [2025-02-16T16:31:52.885+0700] {dagbag.py:588} INFO - Filling up the DagBag from /home/dataengineer/.pyenv/versions/3.9.21/lib/python3.9/site-packages/airflow/example_dags/plugins/event_listener.py
[2025-02-16T16:31:52.888+0700] {processor.py:927} WARNING - No viable dags retrieved from /home/dataengineer/.pyenv/versions/3.9.21/lib/python3.9/site-packages/airflow/example_dags/plugins/event_listener.py
[2025-02-16T16:31:52.898+0700] {processor.py:208} INFO - Processing /home/dataengineer/.pyenv/versions/3.9.21/lib/python3.9/site-packages/airflow/example_dags/plugins/event_listener.py took 0.021 seconds
[2025-02-16T16:32:38.505+0700] {processor.py:186} INFO - Started process (PID=34976) to work on /home/dataengineer/.pyenv/versions/3.9.21/lib/python3.9/site-packages/airflow/example_dags/plugins/event_listener.py
[2025-02-16T16:32:38.506+0700] {processor.py:914} INFO - Processing file /home/dataengineer/.pyenv/versions/3.9.21/lib/python3.9/site-packages/airflow/example_dags/plugins/event_listener.py for tasks to queue
[2025-02-16T16:32:38.508+0700] {logging_mixin.py:190} INFO - [2025-02-16T16:32:38.507+0700] {dagbag.py:588} INFO - Filling up the DagBag from /home/dataengineer/.pyenv/versions/3.9.21/lib/python3.9/site-packages/airflow/example_dags/plugins/event_listener.py
[2025-02-16T16:32:38.510+0700] {processor.py:927} WARNING - No viable dags retrieved from /home/dataengineer/.pyenv/versions/3.9.21/lib/python3.9/site-packages/airflow/example_dags/plugins/event_listener.py
[2025-02-16T16:32:38.519+0700] {processor.py:208} INFO - Processing /home/dataengineer/.pyenv/versions/3.9.21/lib/python3.9/site-packages/airflow/example_dags/plugins/event_listener.py took 0.019 seconds
[2025-02-16T16:33:28.485+0700] {processor.py:186} INFO - Started process (PID=35185) to work on /home/dataengineer/.pyenv/versions/3.9.21/lib/python3.9/site-packages/airflow/example_dags/plugins/event_listener.py
[2025-02-16T16:33:28.486+0700] {processor.py:914} INFO - Processing file /home/dataengineer/.pyenv/versions/3.9.21/lib/python3.9/site-packages/airflow/example_dags/plugins/event_listener.py for tasks to queue
[2025-02-16T16:33:28.487+0700] {logging_mixin.py:190} INFO - [2025-02-16T16:33:28.487+0700] {dagbag.py:588} INFO - Filling up the DagBag from /home/dataengineer/.pyenv/versions/3.9.21/lib/python3.9/site-packages/airflow/example_dags/plugins/event_listener.py
[2025-02-16T16:33:28.489+0700] {processor.py:927} WARNING - No viable dags retrieved from /home/dataengineer/.pyenv/versions/3.9.21/lib/python3.9/site-packages/airflow/example_dags/plugins/event_listener.py
[2025-02-16T16:33:28.498+0700] {processor.py:208} INFO - Processing /home/dataengineer/.pyenv/versions/3.9.21/lib/python3.9/site-packages/airflow/example_dags/plugins/event_listener.py took 0.019 seconds
[2025-02-16T16:34:19.804+0700] {processor.py:186} INFO - Started process (PID=35406) to work on /home/dataengineer/.pyenv/versions/3.9.21/lib/python3.9/site-packages/airflow/example_dags/plugins/event_listener.py
[2025-02-16T16:34:19.805+0700] {processor.py:914} INFO - Processing file /home/dataengineer/.pyenv/versions/3.9.21/lib/python3.9/site-packages/airflow/example_dags/plugins/event_listener.py for tasks to queue
[2025-02-16T16:34:19.807+0700] {logging_mixin.py:190} INFO - [2025-02-16T16:34:19.806+0700] {dagbag.py:588} INFO - Filling up the DagBag from /home/dataengineer/.pyenv/versions/3.9.21/lib/python3.9/site-packages/airflow/example_dags/plugins/event_listener.py
[2025-02-16T16:34:19.809+0700] {processor.py:927} WARNING - No viable dags retrieved from /home/dataengineer/.pyenv/versions/3.9.21/lib/python3.9/site-packages/airflow/example_dags/plugins/event_listener.py
[2025-02-16T16:34:19.820+0700] {processor.py:208} INFO - Processing /home/dataengineer/.pyenv/versions/3.9.21/lib/python3.9/site-packages/airflow/example_dags/plugins/event_listener.py took 0.022 seconds
[2025-02-16T16:35:11.293+0700] {processor.py:186} INFO - Started process (PID=35619) to work on /home/dataengineer/.pyenv/versions/3.9.21/lib/python3.9/site-packages/airflow/example_dags/plugins/event_listener.py
[2025-02-16T16:35:11.295+0700] {processor.py:914} INFO - Processing file /home/dataengineer/.pyenv/versions/3.9.21/lib/python3.9/site-packages/airflow/example_dags/plugins/event_listener.py for tasks to queue
[2025-02-16T16:35:11.297+0700] {logging_mixin.py:190} INFO - [2025-02-16T16:35:11.296+0700] {dagbag.py:588} INFO - Filling up the DagBag from /home/dataengineer/.pyenv/versions/3.9.21/lib/python3.9/site-packages/airflow/example_dags/plugins/event_listener.py
[2025-02-16T16:35:11.299+0700] {processor.py:927} WARNING - No viable dags retrieved from /home/dataengineer/.pyenv/versions/3.9.21/lib/python3.9/site-packages/airflow/example_dags/plugins/event_listener.py
[2025-02-16T16:35:11.308+0700] {processor.py:208} INFO - Processing /home/dataengineer/.pyenv/versions/3.9.21/lib/python3.9/site-packages/airflow/example_dags/plugins/event_listener.py took 0.021 seconds
[2025-02-16T16:35:58.782+0700] {processor.py:186} INFO - Started process (PID=35825) to work on /home/dataengineer/.pyenv/versions/3.9.21/lib/python3.9/site-packages/airflow/example_dags/plugins/event_listener.py
[2025-02-16T16:35:58.784+0700] {processor.py:914} INFO - Processing file /home/dataengineer/.pyenv/versions/3.9.21/lib/python3.9/site-packages/airflow/example_dags/plugins/event_listener.py for tasks to queue
[2025-02-16T16:35:58.785+0700] {logging_mixin.py:190} INFO - [2025-02-16T16:35:58.785+0700] {dagbag.py:588} INFO - Filling up the DagBag from /home/dataengineer/.pyenv/versions/3.9.21/lib/python3.9/site-packages/airflow/example_dags/plugins/event_listener.py
[2025-02-16T16:35:58.787+0700] {processor.py:927} WARNING - No viable dags retrieved from /home/dataengineer/.pyenv/versions/3.9.21/lib/python3.9/site-packages/airflow/example_dags/plugins/event_listener.py
[2025-02-16T16:35:58.796+0700] {processor.py:208} INFO - Processing /home/dataengineer/.pyenv/versions/3.9.21/lib/python3.9/site-packages/airflow/example_dags/plugins/event_listener.py took 0.020 seconds
[2025-02-16T16:36:54.297+0700] {processor.py:186} INFO - Started process (PID=36244) to work on /home/dataengineer/.pyenv/versions/3.9.21/lib/python3.9/site-packages/airflow/example_dags/plugins/event_listener.py
[2025-02-16T16:36:54.298+0700] {processor.py:914} INFO - Processing file /home/dataengineer/.pyenv/versions/3.9.21/lib/python3.9/site-packages/airflow/example_dags/plugins/event_listener.py for tasks to queue
[2025-02-16T16:36:54.299+0700] {logging_mixin.py:190} INFO - [2025-02-16T16:36:54.299+0700] {dagbag.py:588} INFO - Filling up the DagBag from /home/dataengineer/.pyenv/versions/3.9.21/lib/python3.9/site-packages/airflow/example_dags/plugins/event_listener.py
[2025-02-16T16:36:54.302+0700] {processor.py:927} WARNING - No viable dags retrieved from /home/dataengineer/.pyenv/versions/3.9.21/lib/python3.9/site-packages/airflow/example_dags/plugins/event_listener.py
[2025-02-16T16:36:54.311+0700] {processor.py:208} INFO - Processing /home/dataengineer/.pyenv/versions/3.9.21/lib/python3.9/site-packages/airflow/example_dags/plugins/event_listener.py took 0.020 seconds
[2025-02-16T16:37:51.748+0700] {processor.py:186} INFO - Started process (PID=36721) to work on /home/dataengineer/.pyenv/versions/3.9.21/lib/python3.9/site-packages/airflow/example_dags/plugins/event_listener.py
[2025-02-16T16:37:51.749+0700] {processor.py:914} INFO - Processing file /home/dataengineer/.pyenv/versions/3.9.21/lib/python3.9/site-packages/airflow/example_dags/plugins/event_listener.py for tasks to queue
[2025-02-16T16:37:51.751+0700] {logging_mixin.py:190} INFO - [2025-02-16T16:37:51.750+0700] {dagbag.py:588} INFO - Filling up the DagBag from /home/dataengineer/.pyenv/versions/3.9.21/lib/python3.9/site-packages/airflow/example_dags/plugins/event_listener.py
[2025-02-16T16:37:51.753+0700] {processor.py:927} WARNING - No viable dags retrieved from /home/dataengineer/.pyenv/versions/3.9.21/lib/python3.9/site-packages/airflow/example_dags/plugins/event_listener.py
[2025-02-16T16:37:51.763+0700] {processor.py:208} INFO - Processing /home/dataengineer/.pyenv/versions/3.9.21/lib/python3.9/site-packages/airflow/example_dags/plugins/event_listener.py took 0.020 seconds
[2025-02-16T16:38:41.855+0700] {processor.py:186} INFO - Started process (PID=36933) to work on /home/dataengineer/.pyenv/versions/3.9.21/lib/python3.9/site-packages/airflow/example_dags/plugins/event_listener.py
[2025-02-16T16:38:41.856+0700] {processor.py:914} INFO - Processing file /home/dataengineer/.pyenv/versions/3.9.21/lib/python3.9/site-packages/airflow/example_dags/plugins/event_listener.py for tasks to queue
[2025-02-16T16:38:41.858+0700] {logging_mixin.py:190} INFO - [2025-02-16T16:38:41.857+0700] {dagbag.py:588} INFO - Filling up the DagBag from /home/dataengineer/.pyenv/versions/3.9.21/lib/python3.9/site-packages/airflow/example_dags/plugins/event_listener.py
[2025-02-16T16:38:41.862+0700] {processor.py:927} WARNING - No viable dags retrieved from /home/dataengineer/.pyenv/versions/3.9.21/lib/python3.9/site-packages/airflow/example_dags/plugins/event_listener.py
[2025-02-16T16:38:41.873+0700] {processor.py:208} INFO - Processing /home/dataengineer/.pyenv/versions/3.9.21/lib/python3.9/site-packages/airflow/example_dags/plugins/event_listener.py took 0.024 seconds
[2025-02-16T16:39:31.088+0700] {processor.py:186} INFO - Started process (PID=37139) to work on /home/dataengineer/.pyenv/versions/3.9.21/lib/python3.9/site-packages/airflow/example_dags/plugins/event_listener.py
[2025-02-16T16:39:31.089+0700] {processor.py:914} INFO - Processing file /home/dataengineer/.pyenv/versions/3.9.21/lib/python3.9/site-packages/airflow/example_dags/plugins/event_listener.py for tasks to queue
[2025-02-16T16:39:31.090+0700] {logging_mixin.py:190} INFO - [2025-02-16T16:39:31.090+0700] {dagbag.py:588} INFO - Filling up the DagBag from /home/dataengineer/.pyenv/versions/3.9.21/lib/python3.9/site-packages/airflow/example_dags/plugins/event_listener.py
[2025-02-16T16:39:31.092+0700] {processor.py:927} WARNING - No viable dags retrieved from /home/dataengineer/.pyenv/versions/3.9.21/lib/python3.9/site-packages/airflow/example_dags/plugins/event_listener.py
[2025-02-16T16:39:31.102+0700] {processor.py:208} INFO - Processing /home/dataengineer/.pyenv/versions/3.9.21/lib/python3.9/site-packages/airflow/example_dags/plugins/event_listener.py took 0.020 seconds
[2025-02-16T16:40:20.838+0700] {processor.py:186} INFO - Started process (PID=37557) to work on /home/dataengineer/.pyenv/versions/3.9.21/lib/python3.9/site-packages/airflow/example_dags/plugins/event_listener.py
[2025-02-16T16:40:20.840+0700] {processor.py:914} INFO - Processing file /home/dataengineer/.pyenv/versions/3.9.21/lib/python3.9/site-packages/airflow/example_dags/plugins/event_listener.py for tasks to queue
[2025-02-16T16:40:20.842+0700] {logging_mixin.py:190} INFO - [2025-02-16T16:40:20.841+0700] {dagbag.py:588} INFO - Filling up the DagBag from /home/dataengineer/.pyenv/versions/3.9.21/lib/python3.9/site-packages/airflow/example_dags/plugins/event_listener.py
[2025-02-16T16:40:20.844+0700] {processor.py:927} WARNING - No viable dags retrieved from /home/dataengineer/.pyenv/versions/3.9.21/lib/python3.9/site-packages/airflow/example_dags/plugins/event_listener.py
[2025-02-16T16:40:20.861+0700] {processor.py:208} INFO - Processing /home/dataengineer/.pyenv/versions/3.9.21/lib/python3.9/site-packages/airflow/example_dags/plugins/event_listener.py took 0.030 seconds
[2025-02-16T16:41:09.074+0700] {processor.py:186} INFO - Started process (PID=37806) to work on /home/dataengineer/.pyenv/versions/3.9.21/lib/python3.9/site-packages/airflow/example_dags/plugins/event_listener.py
[2025-02-16T16:41:09.075+0700] {processor.py:914} INFO - Processing file /home/dataengineer/.pyenv/versions/3.9.21/lib/python3.9/site-packages/airflow/example_dags/plugins/event_listener.py for tasks to queue
[2025-02-16T16:41:09.077+0700] {logging_mixin.py:190} INFO - [2025-02-16T16:41:09.076+0700] {dagbag.py:588} INFO - Filling up the DagBag from /home/dataengineer/.pyenv/versions/3.9.21/lib/python3.9/site-packages/airflow/example_dags/plugins/event_listener.py
[2025-02-16T16:41:09.079+0700] {processor.py:927} WARNING - No viable dags retrieved from /home/dataengineer/.pyenv/versions/3.9.21/lib/python3.9/site-packages/airflow/example_dags/plugins/event_listener.py
[2025-02-16T16:41:09.090+0700] {processor.py:208} INFO - Processing /home/dataengineer/.pyenv/versions/3.9.21/lib/python3.9/site-packages/airflow/example_dags/plugins/event_listener.py took 0.022 seconds
[2025-02-16T16:41:58.813+0700] {processor.py:186} INFO - Started process (PID=38014) to work on /home/dataengineer/.pyenv/versions/3.9.21/lib/python3.9/site-packages/airflow/example_dags/plugins/event_listener.py
[2025-02-16T16:41:58.815+0700] {processor.py:914} INFO - Processing file /home/dataengineer/.pyenv/versions/3.9.21/lib/python3.9/site-packages/airflow/example_dags/plugins/event_listener.py for tasks to queue
[2025-02-16T16:41:58.816+0700] {logging_mixin.py:190} INFO - [2025-02-16T16:41:58.816+0700] {dagbag.py:588} INFO - Filling up the DagBag from /home/dataengineer/.pyenv/versions/3.9.21/lib/python3.9/site-packages/airflow/example_dags/plugins/event_listener.py
[2025-02-16T16:41:58.819+0700] {processor.py:927} WARNING - No viable dags retrieved from /home/dataengineer/.pyenv/versions/3.9.21/lib/python3.9/site-packages/airflow/example_dags/plugins/event_listener.py
[2025-02-16T16:41:58.828+0700] {processor.py:208} INFO - Processing /home/dataengineer/.pyenv/versions/3.9.21/lib/python3.9/site-packages/airflow/example_dags/plugins/event_listener.py took 0.020 seconds
[2025-02-16T16:42:47.301+0700] {processor.py:186} INFO - Started process (PID=38221) to work on /home/dataengineer/.pyenv/versions/3.9.21/lib/python3.9/site-packages/airflow/example_dags/plugins/event_listener.py
[2025-02-16T16:42:47.302+0700] {processor.py:914} INFO - Processing file /home/dataengineer/.pyenv/versions/3.9.21/lib/python3.9/site-packages/airflow/example_dags/plugins/event_listener.py for tasks to queue
[2025-02-16T16:42:47.304+0700] {logging_mixin.py:190} INFO - [2025-02-16T16:42:47.303+0700] {dagbag.py:588} INFO - Filling up the DagBag from /home/dataengineer/.pyenv/versions/3.9.21/lib/python3.9/site-packages/airflow/example_dags/plugins/event_listener.py
[2025-02-16T16:42:47.306+0700] {processor.py:927} WARNING - No viable dags retrieved from /home/dataengineer/.pyenv/versions/3.9.21/lib/python3.9/site-packages/airflow/example_dags/plugins/event_listener.py
[2025-02-16T16:42:47.318+0700] {processor.py:208} INFO - Processing /home/dataengineer/.pyenv/versions/3.9.21/lib/python3.9/site-packages/airflow/example_dags/plugins/event_listener.py took 0.024 seconds
[2025-02-16T16:43:36.256+0700] {processor.py:186} INFO - Started process (PID=38430) to work on /home/dataengineer/.pyenv/versions/3.9.21/lib/python3.9/site-packages/airflow/example_dags/plugins/event_listener.py
[2025-02-16T16:43:36.257+0700] {processor.py:914} INFO - Processing file /home/dataengineer/.pyenv/versions/3.9.21/lib/python3.9/site-packages/airflow/example_dags/plugins/event_listener.py for tasks to queue
[2025-02-16T16:43:36.258+0700] {logging_mixin.py:190} INFO - [2025-02-16T16:43:36.258+0700] {dagbag.py:588} INFO - Filling up the DagBag from /home/dataengineer/.pyenv/versions/3.9.21/lib/python3.9/site-packages/airflow/example_dags/plugins/event_listener.py
[2025-02-16T16:43:36.261+0700] {processor.py:927} WARNING - No viable dags retrieved from /home/dataengineer/.pyenv/versions/3.9.21/lib/python3.9/site-packages/airflow/example_dags/plugins/event_listener.py
[2025-02-16T16:43:36.269+0700] {processor.py:208} INFO - Processing /home/dataengineer/.pyenv/versions/3.9.21/lib/python3.9/site-packages/airflow/example_dags/plugins/event_listener.py took 0.019 seconds
[2025-02-16T16:44:22.640+0700] {processor.py:186} INFO - Started process (PID=38631) to work on /home/dataengineer/.pyenv/versions/3.9.21/lib/python3.9/site-packages/airflow/example_dags/plugins/event_listener.py
[2025-02-16T16:44:22.641+0700] {processor.py:914} INFO - Processing file /home/dataengineer/.pyenv/versions/3.9.21/lib/python3.9/site-packages/airflow/example_dags/plugins/event_listener.py for tasks to queue
[2025-02-16T16:44:22.642+0700] {logging_mixin.py:190} INFO - [2025-02-16T16:44:22.642+0700] {dagbag.py:588} INFO - Filling up the DagBag from /home/dataengineer/.pyenv/versions/3.9.21/lib/python3.9/site-packages/airflow/example_dags/plugins/event_listener.py
[2025-02-16T16:44:22.644+0700] {processor.py:927} WARNING - No viable dags retrieved from /home/dataengineer/.pyenv/versions/3.9.21/lib/python3.9/site-packages/airflow/example_dags/plugins/event_listener.py
[2025-02-16T16:44:22.654+0700] {processor.py:208} INFO - Processing /home/dataengineer/.pyenv/versions/3.9.21/lib/python3.9/site-packages/airflow/example_dags/plugins/event_listener.py took 0.020 seconds
[2025-02-16T16:45:08.221+0700] {processor.py:186} INFO - Started process (PID=38831) to work on /home/dataengineer/.pyenv/versions/3.9.21/lib/python3.9/site-packages/airflow/example_dags/plugins/event_listener.py
[2025-02-16T16:45:08.222+0700] {processor.py:914} INFO - Processing file /home/dataengineer/.pyenv/versions/3.9.21/lib/python3.9/site-packages/airflow/example_dags/plugins/event_listener.py for tasks to queue
[2025-02-16T16:45:08.224+0700] {logging_mixin.py:190} INFO - [2025-02-16T16:45:08.223+0700] {dagbag.py:588} INFO - Filling up the DagBag from /home/dataengineer/.pyenv/versions/3.9.21/lib/python3.9/site-packages/airflow/example_dags/plugins/event_listener.py
[2025-02-16T16:45:08.227+0700] {processor.py:927} WARNING - No viable dags retrieved from /home/dataengineer/.pyenv/versions/3.9.21/lib/python3.9/site-packages/airflow/example_dags/plugins/event_listener.py
[2025-02-16T16:45:08.236+0700] {processor.py:208} INFO - Processing /home/dataengineer/.pyenv/versions/3.9.21/lib/python3.9/site-packages/airflow/example_dags/plugins/event_listener.py took 0.020 seconds
[2025-02-16T16:45:54.640+0700] {processor.py:186} INFO - Started process (PID=39058) to work on /home/dataengineer/.pyenv/versions/3.9.21/lib/python3.9/site-packages/airflow/example_dags/plugins/event_listener.py
[2025-02-16T16:45:54.641+0700] {processor.py:914} INFO - Processing file /home/dataengineer/.pyenv/versions/3.9.21/lib/python3.9/site-packages/airflow/example_dags/plugins/event_listener.py for tasks to queue
[2025-02-16T16:45:54.643+0700] {logging_mixin.py:190} INFO - [2025-02-16T16:45:54.642+0700] {dagbag.py:588} INFO - Filling up the DagBag from /home/dataengineer/.pyenv/versions/3.9.21/lib/python3.9/site-packages/airflow/example_dags/plugins/event_listener.py
[2025-02-16T16:45:54.646+0700] {processor.py:927} WARNING - No viable dags retrieved from /home/dataengineer/.pyenv/versions/3.9.21/lib/python3.9/site-packages/airflow/example_dags/plugins/event_listener.py
[2025-02-16T16:45:54.655+0700] {processor.py:208} INFO - Processing /home/dataengineer/.pyenv/versions/3.9.21/lib/python3.9/site-packages/airflow/example_dags/plugins/event_listener.py took 0.021 seconds
[2025-02-16T16:46:40.963+0700] {processor.py:186} INFO - Started process (PID=39254) to work on /home/dataengineer/.pyenv/versions/3.9.21/lib/python3.9/site-packages/airflow/example_dags/plugins/event_listener.py
[2025-02-16T16:46:40.964+0700] {processor.py:914} INFO - Processing file /home/dataengineer/.pyenv/versions/3.9.21/lib/python3.9/site-packages/airflow/example_dags/plugins/event_listener.py for tasks to queue
[2025-02-16T16:46:40.965+0700] {logging_mixin.py:190} INFO - [2025-02-16T16:46:40.965+0700] {dagbag.py:588} INFO - Filling up the DagBag from /home/dataengineer/.pyenv/versions/3.9.21/lib/python3.9/site-packages/airflow/example_dags/plugins/event_listener.py
[2025-02-16T16:46:40.968+0700] {processor.py:927} WARNING - No viable dags retrieved from /home/dataengineer/.pyenv/versions/3.9.21/lib/python3.9/site-packages/airflow/example_dags/plugins/event_listener.py
[2025-02-16T16:46:40.977+0700] {processor.py:208} INFO - Processing /home/dataengineer/.pyenv/versions/3.9.21/lib/python3.9/site-packages/airflow/example_dags/plugins/event_listener.py took 0.020 seconds
[2025-02-16T16:47:26.474+0700] {processor.py:186} INFO - Started process (PID=39442) to work on /home/dataengineer/.pyenv/versions/3.9.21/lib/python3.9/site-packages/airflow/example_dags/plugins/event_listener.py
[2025-02-16T16:47:26.475+0700] {processor.py:914} INFO - Processing file /home/dataengineer/.pyenv/versions/3.9.21/lib/python3.9/site-packages/airflow/example_dags/plugins/event_listener.py for tasks to queue
[2025-02-16T16:47:26.476+0700] {logging_mixin.py:190} INFO - [2025-02-16T16:47:26.476+0700] {dagbag.py:588} INFO - Filling up the DagBag from /home/dataengineer/.pyenv/versions/3.9.21/lib/python3.9/site-packages/airflow/example_dags/plugins/event_listener.py
[2025-02-16T16:47:26.479+0700] {processor.py:927} WARNING - No viable dags retrieved from /home/dataengineer/.pyenv/versions/3.9.21/lib/python3.9/site-packages/airflow/example_dags/plugins/event_listener.py
[2025-02-16T16:47:26.487+0700] {processor.py:208} INFO - Processing /home/dataengineer/.pyenv/versions/3.9.21/lib/python3.9/site-packages/airflow/example_dags/plugins/event_listener.py took 0.019 seconds
[2025-02-16T16:48:14.270+0700] {processor.py:186} INFO - Started process (PID=39676) to work on /home/dataengineer/.pyenv/versions/3.9.21/lib/python3.9/site-packages/airflow/example_dags/plugins/event_listener.py
[2025-02-16T16:48:14.272+0700] {processor.py:914} INFO - Processing file /home/dataengineer/.pyenv/versions/3.9.21/lib/python3.9/site-packages/airflow/example_dags/plugins/event_listener.py for tasks to queue
[2025-02-16T16:48:14.273+0700] {logging_mixin.py:190} INFO - [2025-02-16T16:48:14.273+0700] {dagbag.py:588} INFO - Filling up the DagBag from /home/dataengineer/.pyenv/versions/3.9.21/lib/python3.9/site-packages/airflow/example_dags/plugins/event_listener.py
[2025-02-16T16:48:14.275+0700] {processor.py:927} WARNING - No viable dags retrieved from /home/dataengineer/.pyenv/versions/3.9.21/lib/python3.9/site-packages/airflow/example_dags/plugins/event_listener.py
[2025-02-16T16:48:14.285+0700] {processor.py:208} INFO - Processing /home/dataengineer/.pyenv/versions/3.9.21/lib/python3.9/site-packages/airflow/example_dags/plugins/event_listener.py took 0.021 seconds
[2025-02-16T16:49:03.461+0700] {processor.py:186} INFO - Started process (PID=39968) to work on /home/dataengineer/.pyenv/versions/3.9.21/lib/python3.9/site-packages/airflow/example_dags/plugins/event_listener.py
[2025-02-16T16:49:03.462+0700] {processor.py:914} INFO - Processing file /home/dataengineer/.pyenv/versions/3.9.21/lib/python3.9/site-packages/airflow/example_dags/plugins/event_listener.py for tasks to queue
[2025-02-16T16:49:03.463+0700] {logging_mixin.py:190} INFO - [2025-02-16T16:49:03.463+0700] {dagbag.py:588} INFO - Filling up the DagBag from /home/dataengineer/.pyenv/versions/3.9.21/lib/python3.9/site-packages/airflow/example_dags/plugins/event_listener.py
[2025-02-16T16:49:03.466+0700] {processor.py:927} WARNING - No viable dags retrieved from /home/dataengineer/.pyenv/versions/3.9.21/lib/python3.9/site-packages/airflow/example_dags/plugins/event_listener.py
[2025-02-16T16:49:03.474+0700] {processor.py:208} INFO - Processing /home/dataengineer/.pyenv/versions/3.9.21/lib/python3.9/site-packages/airflow/example_dags/plugins/event_listener.py took 0.018 seconds
[2025-02-16T16:49:52.327+0700] {processor.py:186} INFO - Started process (PID=40174) to work on /home/dataengineer/.pyenv/versions/3.9.21/lib/python3.9/site-packages/airflow/example_dags/plugins/event_listener.py
[2025-02-16T16:49:52.328+0700] {processor.py:914} INFO - Processing file /home/dataengineer/.pyenv/versions/3.9.21/lib/python3.9/site-packages/airflow/example_dags/plugins/event_listener.py for tasks to queue
[2025-02-16T16:49:52.329+0700] {logging_mixin.py:190} INFO - [2025-02-16T16:49:52.329+0700] {dagbag.py:588} INFO - Filling up the DagBag from /home/dataengineer/.pyenv/versions/3.9.21/lib/python3.9/site-packages/airflow/example_dags/plugins/event_listener.py
[2025-02-16T16:49:52.332+0700] {processor.py:927} WARNING - No viable dags retrieved from /home/dataengineer/.pyenv/versions/3.9.21/lib/python3.9/site-packages/airflow/example_dags/plugins/event_listener.py
[2025-02-16T16:49:52.341+0700] {processor.py:208} INFO - Processing /home/dataengineer/.pyenv/versions/3.9.21/lib/python3.9/site-packages/airflow/example_dags/plugins/event_listener.py took 0.021 seconds
[2025-02-16T16:50:43.257+0700] {processor.py:186} INFO - Started process (PID=40397) to work on /home/dataengineer/.pyenv/versions/3.9.21/lib/python3.9/site-packages/airflow/example_dags/plugins/event_listener.py
[2025-02-16T16:50:43.258+0700] {processor.py:914} INFO - Processing file /home/dataengineer/.pyenv/versions/3.9.21/lib/python3.9/site-packages/airflow/example_dags/plugins/event_listener.py for tasks to queue
[2025-02-16T16:50:43.259+0700] {logging_mixin.py:190} INFO - [2025-02-16T16:50:43.259+0700] {dagbag.py:588} INFO - Filling up the DagBag from /home/dataengineer/.pyenv/versions/3.9.21/lib/python3.9/site-packages/airflow/example_dags/plugins/event_listener.py
[2025-02-16T16:50:43.262+0700] {processor.py:927} WARNING - No viable dags retrieved from /home/dataengineer/.pyenv/versions/3.9.21/lib/python3.9/site-packages/airflow/example_dags/plugins/event_listener.py
[2025-02-16T16:50:43.270+0700] {processor.py:208} INFO - Processing /home/dataengineer/.pyenv/versions/3.9.21/lib/python3.9/site-packages/airflow/example_dags/plugins/event_listener.py took 0.019 seconds
[2025-02-16T16:51:32.080+0700] {processor.py:186} INFO - Started process (PID=40619) to work on /home/dataengineer/.pyenv/versions/3.9.21/lib/python3.9/site-packages/airflow/example_dags/plugins/event_listener.py
[2025-02-16T16:51:32.082+0700] {processor.py:914} INFO - Processing file /home/dataengineer/.pyenv/versions/3.9.21/lib/python3.9/site-packages/airflow/example_dags/plugins/event_listener.py for tasks to queue
[2025-02-16T16:51:32.083+0700] {logging_mixin.py:190} INFO - [2025-02-16T16:51:32.083+0700] {dagbag.py:588} INFO - Filling up the DagBag from /home/dataengineer/.pyenv/versions/3.9.21/lib/python3.9/site-packages/airflow/example_dags/plugins/event_listener.py
[2025-02-16T16:51:32.086+0700] {processor.py:927} WARNING - No viable dags retrieved from /home/dataengineer/.pyenv/versions/3.9.21/lib/python3.9/site-packages/airflow/example_dags/plugins/event_listener.py
[2025-02-16T16:51:32.095+0700] {processor.py:208} INFO - Processing /home/dataengineer/.pyenv/versions/3.9.21/lib/python3.9/site-packages/airflow/example_dags/plugins/event_listener.py took 0.021 seconds
[2025-02-16T16:52:19.288+0700] {processor.py:186} INFO - Started process (PID=40812) to work on /home/dataengineer/.pyenv/versions/3.9.21/lib/python3.9/site-packages/airflow/example_dags/plugins/event_listener.py
[2025-02-16T16:52:19.289+0700] {processor.py:914} INFO - Processing file /home/dataengineer/.pyenv/versions/3.9.21/lib/python3.9/site-packages/airflow/example_dags/plugins/event_listener.py for tasks to queue
[2025-02-16T16:52:19.290+0700] {logging_mixin.py:190} INFO - [2025-02-16T16:52:19.290+0700] {dagbag.py:588} INFO - Filling up the DagBag from /home/dataengineer/.pyenv/versions/3.9.21/lib/python3.9/site-packages/airflow/example_dags/plugins/event_listener.py
[2025-02-16T16:52:19.293+0700] {processor.py:927} WARNING - No viable dags retrieved from /home/dataengineer/.pyenv/versions/3.9.21/lib/python3.9/site-packages/airflow/example_dags/plugins/event_listener.py
[2025-02-16T16:52:19.302+0700] {processor.py:208} INFO - Processing /home/dataengineer/.pyenv/versions/3.9.21/lib/python3.9/site-packages/airflow/example_dags/plugins/event_listener.py took 0.020 seconds
[2025-02-16T16:53:07.456+0700] {processor.py:186} INFO - Started process (PID=41016) to work on /home/dataengineer/.pyenv/versions/3.9.21/lib/python3.9/site-packages/airflow/example_dags/plugins/event_listener.py
[2025-02-16T16:53:07.457+0700] {processor.py:914} INFO - Processing file /home/dataengineer/.pyenv/versions/3.9.21/lib/python3.9/site-packages/airflow/example_dags/plugins/event_listener.py for tasks to queue
[2025-02-16T16:53:07.458+0700] {logging_mixin.py:190} INFO - [2025-02-16T16:53:07.458+0700] {dagbag.py:588} INFO - Filling up the DagBag from /home/dataengineer/.pyenv/versions/3.9.21/lib/python3.9/site-packages/airflow/example_dags/plugins/event_listener.py
[2025-02-16T16:53:07.461+0700] {processor.py:927} WARNING - No viable dags retrieved from /home/dataengineer/.pyenv/versions/3.9.21/lib/python3.9/site-packages/airflow/example_dags/plugins/event_listener.py
[2025-02-16T16:53:07.469+0700] {processor.py:208} INFO - Processing /home/dataengineer/.pyenv/versions/3.9.21/lib/python3.9/site-packages/airflow/example_dags/plugins/event_listener.py took 0.019 seconds
[2025-02-16T16:53:58.754+0700] {processor.py:186} INFO - Started process (PID=41258) to work on /home/dataengineer/.pyenv/versions/3.9.21/lib/python3.9/site-packages/airflow/example_dags/plugins/event_listener.py
[2025-02-16T16:53:58.756+0700] {processor.py:914} INFO - Processing file /home/dataengineer/.pyenv/versions/3.9.21/lib/python3.9/site-packages/airflow/example_dags/plugins/event_listener.py for tasks to queue
[2025-02-16T16:53:58.757+0700] {logging_mixin.py:190} INFO - [2025-02-16T16:53:58.757+0700] {dagbag.py:588} INFO - Filling up the DagBag from /home/dataengineer/.pyenv/versions/3.9.21/lib/python3.9/site-packages/airflow/example_dags/plugins/event_listener.py
[2025-02-16T16:53:58.760+0700] {processor.py:927} WARNING - No viable dags retrieved from /home/dataengineer/.pyenv/versions/3.9.21/lib/python3.9/site-packages/airflow/example_dags/plugins/event_listener.py
[2025-02-16T16:53:58.769+0700] {processor.py:208} INFO - Processing /home/dataengineer/.pyenv/versions/3.9.21/lib/python3.9/site-packages/airflow/example_dags/plugins/event_listener.py took 0.020 seconds
[2025-02-16T16:54:49.231+0700] {processor.py:186} INFO - Started process (PID=41500) to work on /home/dataengineer/.pyenv/versions/3.9.21/lib/python3.9/site-packages/airflow/example_dags/plugins/event_listener.py
[2025-02-16T16:54:49.232+0700] {processor.py:914} INFO - Processing file /home/dataengineer/.pyenv/versions/3.9.21/lib/python3.9/site-packages/airflow/example_dags/plugins/event_listener.py for tasks to queue
[2025-02-16T16:54:49.233+0700] {logging_mixin.py:190} INFO - [2025-02-16T16:54:49.233+0700] {dagbag.py:588} INFO - Filling up the DagBag from /home/dataengineer/.pyenv/versions/3.9.21/lib/python3.9/site-packages/airflow/example_dags/plugins/event_listener.py
[2025-02-16T16:54:49.236+0700] {processor.py:927} WARNING - No viable dags retrieved from /home/dataengineer/.pyenv/versions/3.9.21/lib/python3.9/site-packages/airflow/example_dags/plugins/event_listener.py
[2025-02-16T16:54:49.247+0700] {processor.py:208} INFO - Processing /home/dataengineer/.pyenv/versions/3.9.21/lib/python3.9/site-packages/airflow/example_dags/plugins/event_listener.py took 0.023 seconds
[2025-02-16T16:55:36.401+0700] {processor.py:186} INFO - Started process (PID=41702) to work on /home/dataengineer/.pyenv/versions/3.9.21/lib/python3.9/site-packages/airflow/example_dags/plugins/event_listener.py
[2025-02-16T16:55:36.402+0700] {processor.py:914} INFO - Processing file /home/dataengineer/.pyenv/versions/3.9.21/lib/python3.9/site-packages/airflow/example_dags/plugins/event_listener.py for tasks to queue
[2025-02-16T16:55:36.404+0700] {logging_mixin.py:190} INFO - [2025-02-16T16:55:36.403+0700] {dagbag.py:588} INFO - Filling up the DagBag from /home/dataengineer/.pyenv/versions/3.9.21/lib/python3.9/site-packages/airflow/example_dags/plugins/event_listener.py
[2025-02-16T16:55:36.406+0700] {processor.py:927} WARNING - No viable dags retrieved from /home/dataengineer/.pyenv/versions/3.9.21/lib/python3.9/site-packages/airflow/example_dags/plugins/event_listener.py
[2025-02-16T16:55:36.417+0700] {processor.py:208} INFO - Processing /home/dataengineer/.pyenv/versions/3.9.21/lib/python3.9/site-packages/airflow/example_dags/plugins/event_listener.py took 0.021 seconds
[2025-02-16T16:56:25.475+0700] {processor.py:186} INFO - Started process (PID=41908) to work on /home/dataengineer/.pyenv/versions/3.9.21/lib/python3.9/site-packages/airflow/example_dags/plugins/event_listener.py
[2025-02-16T16:56:25.476+0700] {processor.py:914} INFO - Processing file /home/dataengineer/.pyenv/versions/3.9.21/lib/python3.9/site-packages/airflow/example_dags/plugins/event_listener.py for tasks to queue
[2025-02-16T16:56:25.477+0700] {logging_mixin.py:190} INFO - [2025-02-16T16:56:25.477+0700] {dagbag.py:588} INFO - Filling up the DagBag from /home/dataengineer/.pyenv/versions/3.9.21/lib/python3.9/site-packages/airflow/example_dags/plugins/event_listener.py
[2025-02-16T16:56:25.480+0700] {processor.py:927} WARNING - No viable dags retrieved from /home/dataengineer/.pyenv/versions/3.9.21/lib/python3.9/site-packages/airflow/example_dags/plugins/event_listener.py
[2025-02-16T16:56:25.489+0700] {processor.py:208} INFO - Processing /home/dataengineer/.pyenv/versions/3.9.21/lib/python3.9/site-packages/airflow/example_dags/plugins/event_listener.py took 0.020 seconds
[2025-02-16T16:57:09.219+0700] {processor.py:186} INFO - Started process (PID=42456) to work on /home/dataengineer/.pyenv/versions/3.9.21/lib/python3.9/site-packages/airflow/example_dags/plugins/event_listener.py
[2025-02-16T16:57:09.221+0700] {processor.py:914} INFO - Processing file /home/dataengineer/.pyenv/versions/3.9.21/lib/python3.9/site-packages/airflow/example_dags/plugins/event_listener.py for tasks to queue
[2025-02-16T16:57:09.222+0700] {logging_mixin.py:190} INFO - [2025-02-16T16:57:09.221+0700] {dagbag.py:588} INFO - Filling up the DagBag from /home/dataengineer/.pyenv/versions/3.9.21/lib/python3.9/site-packages/airflow/example_dags/plugins/event_listener.py
[2025-02-16T16:57:09.224+0700] {processor.py:927} WARNING - No viable dags retrieved from /home/dataengineer/.pyenv/versions/3.9.21/lib/python3.9/site-packages/airflow/example_dags/plugins/event_listener.py
[2025-02-16T16:57:09.233+0700] {processor.py:208} INFO - Processing /home/dataengineer/.pyenv/versions/3.9.21/lib/python3.9/site-packages/airflow/example_dags/plugins/event_listener.py took 0.019 seconds
[2025-02-16T16:57:59.082+0700] {processor.py:186} INFO - Started process (PID=42754) to work on /home/dataengineer/.pyenv/versions/3.9.21/lib/python3.9/site-packages/airflow/example_dags/plugins/event_listener.py
[2025-02-16T16:57:59.083+0700] {processor.py:914} INFO - Processing file /home/dataengineer/.pyenv/versions/3.9.21/lib/python3.9/site-packages/airflow/example_dags/plugins/event_listener.py for tasks to queue
[2025-02-16T16:57:59.084+0700] {logging_mixin.py:190} INFO - [2025-02-16T16:57:59.084+0700] {dagbag.py:588} INFO - Filling up the DagBag from /home/dataengineer/.pyenv/versions/3.9.21/lib/python3.9/site-packages/airflow/example_dags/plugins/event_listener.py
[2025-02-16T16:57:59.087+0700] {processor.py:927} WARNING - No viable dags retrieved from /home/dataengineer/.pyenv/versions/3.9.21/lib/python3.9/site-packages/airflow/example_dags/plugins/event_listener.py
[2025-02-16T16:57:59.097+0700] {processor.py:208} INFO - Processing /home/dataengineer/.pyenv/versions/3.9.21/lib/python3.9/site-packages/airflow/example_dags/plugins/event_listener.py took 0.021 seconds
[2025-02-16T16:58:50.325+0700] {processor.py:186} INFO - Started process (PID=43192) to work on /home/dataengineer/.pyenv/versions/3.9.21/lib/python3.9/site-packages/airflow/example_dags/plugins/event_listener.py
[2025-02-16T16:58:50.327+0700] {processor.py:914} INFO - Processing file /home/dataengineer/.pyenv/versions/3.9.21/lib/python3.9/site-packages/airflow/example_dags/plugins/event_listener.py for tasks to queue
[2025-02-16T16:58:50.328+0700] {logging_mixin.py:190} INFO - [2025-02-16T16:58:50.328+0700] {dagbag.py:588} INFO - Filling up the DagBag from /home/dataengineer/.pyenv/versions/3.9.21/lib/python3.9/site-packages/airflow/example_dags/plugins/event_listener.py
[2025-02-16T16:58:50.331+0700] {processor.py:927} WARNING - No viable dags retrieved from /home/dataengineer/.pyenv/versions/3.9.21/lib/python3.9/site-packages/airflow/example_dags/plugins/event_listener.py
[2025-02-16T16:58:50.340+0700] {processor.py:208} INFO - Processing /home/dataengineer/.pyenv/versions/3.9.21/lib/python3.9/site-packages/airflow/example_dags/plugins/event_listener.py took 0.021 seconds
[2025-02-16T16:59:41.597+0700] {processor.py:186} INFO - Started process (PID=43407) to work on /home/dataengineer/.pyenv/versions/3.9.21/lib/python3.9/site-packages/airflow/example_dags/plugins/event_listener.py
[2025-02-16T16:59:41.598+0700] {processor.py:914} INFO - Processing file /home/dataengineer/.pyenv/versions/3.9.21/lib/python3.9/site-packages/airflow/example_dags/plugins/event_listener.py for tasks to queue
[2025-02-16T16:59:41.599+0700] {logging_mixin.py:190} INFO - [2025-02-16T16:59:41.599+0700] {dagbag.py:588} INFO - Filling up the DagBag from /home/dataengineer/.pyenv/versions/3.9.21/lib/python3.9/site-packages/airflow/example_dags/plugins/event_listener.py
[2025-02-16T16:59:41.602+0700] {processor.py:927} WARNING - No viable dags retrieved from /home/dataengineer/.pyenv/versions/3.9.21/lib/python3.9/site-packages/airflow/example_dags/plugins/event_listener.py
[2025-02-16T16:59:41.612+0700] {processor.py:208} INFO - Processing /home/dataengineer/.pyenv/versions/3.9.21/lib/python3.9/site-packages/airflow/example_dags/plugins/event_listener.py took 0.021 seconds
[2025-02-16T17:00:29.273+0700] {processor.py:186} INFO - Started process (PID=43742) to work on /home/dataengineer/.pyenv/versions/3.9.21/lib/python3.9/site-packages/airflow/example_dags/plugins/event_listener.py
[2025-02-16T17:00:29.274+0700] {processor.py:914} INFO - Processing file /home/dataengineer/.pyenv/versions/3.9.21/lib/python3.9/site-packages/airflow/example_dags/plugins/event_listener.py for tasks to queue
[2025-02-16T17:00:29.276+0700] {logging_mixin.py:190} INFO - [2025-02-16T17:00:29.275+0700] {dagbag.py:588} INFO - Filling up the DagBag from /home/dataengineer/.pyenv/versions/3.9.21/lib/python3.9/site-packages/airflow/example_dags/plugins/event_listener.py
[2025-02-16T17:00:29.278+0700] {processor.py:927} WARNING - No viable dags retrieved from /home/dataengineer/.pyenv/versions/3.9.21/lib/python3.9/site-packages/airflow/example_dags/plugins/event_listener.py
[2025-02-16T17:00:29.288+0700] {processor.py:208} INFO - Processing /home/dataengineer/.pyenv/versions/3.9.21/lib/python3.9/site-packages/airflow/example_dags/plugins/event_listener.py took 0.021 seconds
