[2025-02-16T15:57:38.917+0700] {processor.py:186} INFO - Started process (PID=25449) to work on /home/dataengineer/.pyenv/versions/3.9.21/lib/python3.9/site-packages/airflow/example_dags/plugins/workday.py
[2025-02-16T15:57:38.917+0700] {processor.py:914} INFO - Processing file /home/dataengineer/.pyenv/versions/3.9.21/lib/python3.9/site-packages/airflow/example_dags/plugins/workday.py for tasks to queue
[2025-02-16T15:57:38.919+0700] {logging_mixin.py:190} INFO - [2025-02-16T15:57:38.919+0700] {dagbag.py:588} INFO - Filling up the DagBag from /home/dataengineer/.pyenv/versions/3.9.21/lib/python3.9/site-packages/airflow/example_dags/plugins/workday.py
[2025-02-16T15:57:38.922+0700] {processor.py:927} WARNING - No viable dags retrieved from /home/dataengineer/.pyenv/versions/3.9.21/lib/python3.9/site-packages/airflow/example_dags/plugins/workday.py
[2025-02-16T15:57:38.932+0700] {processor.py:208} INFO - Processing /home/dataengineer/.pyenv/versions/3.9.21/lib/python3.9/site-packages/airflow/example_dags/plugins/workday.py took 0.021 seconds
[2025-02-16T15:58:35.338+0700] {processor.py:186} INFO - Started process (PID=25687) to work on /home/dataengineer/.pyenv/versions/3.9.21/lib/python3.9/site-packages/airflow/example_dags/plugins/workday.py
[2025-02-16T15:58:35.339+0700] {processor.py:914} INFO - Processing file /home/dataengineer/.pyenv/versions/3.9.21/lib/python3.9/site-packages/airflow/example_dags/plugins/workday.py for tasks to queue
[2025-02-16T15:58:35.340+0700] {logging_mixin.py:190} INFO - [2025-02-16T15:58:35.340+0700] {dagbag.py:588} INFO - Filling up the DagBag from /home/dataengineer/.pyenv/versions/3.9.21/lib/python3.9/site-packages/airflow/example_dags/plugins/workday.py
[2025-02-16T15:58:35.343+0700] {processor.py:927} WARNING - No viable dags retrieved from /home/dataengineer/.pyenv/versions/3.9.21/lib/python3.9/site-packages/airflow/example_dags/plugins/workday.py
[2025-02-16T15:58:35.355+0700] {processor.py:208} INFO - Processing /home/dataengineer/.pyenv/versions/3.9.21/lib/python3.9/site-packages/airflow/example_dags/plugins/workday.py took 0.023 seconds
[2025-02-16T15:59:29.993+0700] {processor.py:186} INFO - Started process (PID=25918) to work on /home/dataengineer/.pyenv/versions/3.9.21/lib/python3.9/site-packages/airflow/example_dags/plugins/workday.py
[2025-02-16T15:59:29.994+0700] {processor.py:914} INFO - Processing file /home/dataengineer/.pyenv/versions/3.9.21/lib/python3.9/site-packages/airflow/example_dags/plugins/workday.py for tasks to queue
[2025-02-16T15:59:29.995+0700] {logging_mixin.py:190} INFO - [2025-02-16T15:59:29.995+0700] {dagbag.py:588} INFO - Filling up the DagBag from /home/dataengineer/.pyenv/versions/3.9.21/lib/python3.9/site-packages/airflow/example_dags/plugins/workday.py
[2025-02-16T15:59:29.998+0700] {processor.py:927} WARNING - No viable dags retrieved from /home/dataengineer/.pyenv/versions/3.9.21/lib/python3.9/site-packages/airflow/example_dags/plugins/workday.py
[2025-02-16T15:59:30.008+0700] {processor.py:208} INFO - Processing /home/dataengineer/.pyenv/versions/3.9.21/lib/python3.9/site-packages/airflow/example_dags/plugins/workday.py took 0.022 seconds
[2025-02-16T16:00:18.711+0700] {processor.py:186} INFO - Started process (PID=26205) to work on /home/dataengineer/.pyenv/versions/3.9.21/lib/python3.9/site-packages/airflow/example_dags/plugins/workday.py
[2025-02-16T16:00:18.712+0700] {processor.py:914} INFO - Processing file /home/dataengineer/.pyenv/versions/3.9.21/lib/python3.9/site-packages/airflow/example_dags/plugins/workday.py for tasks to queue
[2025-02-16T16:00:18.714+0700] {logging_mixin.py:190} INFO - [2025-02-16T16:00:18.713+0700] {dagbag.py:588} INFO - Filling up the DagBag from /home/dataengineer/.pyenv/versions/3.9.21/lib/python3.9/site-packages/airflow/example_dags/plugins/workday.py
[2025-02-16T16:00:18.716+0700] {processor.py:927} WARNING - No viable dags retrieved from /home/dataengineer/.pyenv/versions/3.9.21/lib/python3.9/site-packages/airflow/example_dags/plugins/workday.py
[2025-02-16T16:00:18.727+0700] {processor.py:208} INFO - Processing /home/dataengineer/.pyenv/versions/3.9.21/lib/python3.9/site-packages/airflow/example_dags/plugins/workday.py took 0.023 seconds
[2025-02-16T16:01:06.767+0700] {processor.py:186} INFO - Started process (PID=26404) to work on /home/dataengineer/.pyenv/versions/3.9.21/lib/python3.9/site-packages/airflow/example_dags/plugins/workday.py
[2025-02-16T16:01:06.768+0700] {processor.py:914} INFO - Processing file /home/dataengineer/.pyenv/versions/3.9.21/lib/python3.9/site-packages/airflow/example_dags/plugins/workday.py for tasks to queue
[2025-02-16T16:01:06.769+0700] {logging_mixin.py:190} INFO - [2025-02-16T16:01:06.769+0700] {dagbag.py:588} INFO - Filling up the DagBag from /home/dataengineer/.pyenv/versions/3.9.21/lib/python3.9/site-packages/airflow/example_dags/plugins/workday.py
[2025-02-16T16:01:06.772+0700] {processor.py:927} WARNING - No viable dags retrieved from /home/dataengineer/.pyenv/versions/3.9.21/lib/python3.9/site-packages/airflow/example_dags/plugins/workday.py
[2025-02-16T16:01:06.782+0700] {processor.py:208} INFO - Processing /home/dataengineer/.pyenv/versions/3.9.21/lib/python3.9/site-packages/airflow/example_dags/plugins/workday.py took 0.021 seconds
[2025-02-16T16:02:20.331+0700] {processor.py:186} INFO - Started process (PID=27061) to work on /home/dataengineer/.pyenv/versions/3.9.21/lib/python3.9/site-packages/airflow/example_dags/plugins/workday.py
[2025-02-16T16:02:20.332+0700] {processor.py:914} INFO - Processing file /home/dataengineer/.pyenv/versions/3.9.21/lib/python3.9/site-packages/airflow/example_dags/plugins/workday.py for tasks to queue
[2025-02-16T16:02:20.333+0700] {logging_mixin.py:190} INFO - [2025-02-16T16:02:20.333+0700] {dagbag.py:588} INFO - Filling up the DagBag from /home/dataengineer/.pyenv/versions/3.9.21/lib/python3.9/site-packages/airflow/example_dags/plugins/workday.py
[2025-02-16T16:02:20.335+0700] {processor.py:927} WARNING - No viable dags retrieved from /home/dataengineer/.pyenv/versions/3.9.21/lib/python3.9/site-packages/airflow/example_dags/plugins/workday.py
[2025-02-16T16:02:20.343+0700] {processor.py:208} INFO - Processing /home/dataengineer/.pyenv/versions/3.9.21/lib/python3.9/site-packages/airflow/example_dags/plugins/workday.py took 0.018 seconds
[2025-02-16T16:03:12.971+0700] {processor.py:186} INFO - Started process (PID=27279) to work on /home/dataengineer/.pyenv/versions/3.9.21/lib/python3.9/site-packages/airflow/example_dags/plugins/workday.py
[2025-02-16T16:03:12.972+0700] {processor.py:914} INFO - Processing file /home/dataengineer/.pyenv/versions/3.9.21/lib/python3.9/site-packages/airflow/example_dags/plugins/workday.py for tasks to queue
[2025-02-16T16:03:12.973+0700] {logging_mixin.py:190} INFO - [2025-02-16T16:03:12.973+0700] {dagbag.py:588} INFO - Filling up the DagBag from /home/dataengineer/.pyenv/versions/3.9.21/lib/python3.9/site-packages/airflow/example_dags/plugins/workday.py
[2025-02-16T16:03:12.976+0700] {processor.py:927} WARNING - No viable dags retrieved from /home/dataengineer/.pyenv/versions/3.9.21/lib/python3.9/site-packages/airflow/example_dags/plugins/workday.py
[2025-02-16T16:03:12.985+0700] {processor.py:208} INFO - Processing /home/dataengineer/.pyenv/versions/3.9.21/lib/python3.9/site-packages/airflow/example_dags/plugins/workday.py took 0.020 seconds
[2025-02-16T16:03:58.432+0700] {processor.py:186} INFO - Started process (PID=27475) to work on /home/dataengineer/.pyenv/versions/3.9.21/lib/python3.9/site-packages/airflow/example_dags/plugins/workday.py
[2025-02-16T16:03:58.434+0700] {processor.py:914} INFO - Processing file /home/dataengineer/.pyenv/versions/3.9.21/lib/python3.9/site-packages/airflow/example_dags/plugins/workday.py for tasks to queue
[2025-02-16T16:03:58.436+0700] {logging_mixin.py:190} INFO - [2025-02-16T16:03:58.435+0700] {dagbag.py:588} INFO - Filling up the DagBag from /home/dataengineer/.pyenv/versions/3.9.21/lib/python3.9/site-packages/airflow/example_dags/plugins/workday.py
[2025-02-16T16:03:58.440+0700] {processor.py:927} WARNING - No viable dags retrieved from /home/dataengineer/.pyenv/versions/3.9.21/lib/python3.9/site-packages/airflow/example_dags/plugins/workday.py
[2025-02-16T16:03:58.453+0700] {processor.py:208} INFO - Processing /home/dataengineer/.pyenv/versions/3.9.21/lib/python3.9/site-packages/airflow/example_dags/plugins/workday.py took 0.034 seconds
[2025-02-16T16:04:46.622+0700] {processor.py:186} INFO - Started process (PID=27675) to work on /home/dataengineer/.pyenv/versions/3.9.21/lib/python3.9/site-packages/airflow/example_dags/plugins/workday.py
[2025-02-16T16:04:46.623+0700] {processor.py:914} INFO - Processing file /home/dataengineer/.pyenv/versions/3.9.21/lib/python3.9/site-packages/airflow/example_dags/plugins/workday.py for tasks to queue
[2025-02-16T16:04:46.624+0700] {logging_mixin.py:190} INFO - [2025-02-16T16:04:46.624+0700] {dagbag.py:588} INFO - Filling up the DagBag from /home/dataengineer/.pyenv/versions/3.9.21/lib/python3.9/site-packages/airflow/example_dags/plugins/workday.py
[2025-02-16T16:04:46.627+0700] {processor.py:927} WARNING - No viable dags retrieved from /home/dataengineer/.pyenv/versions/3.9.21/lib/python3.9/site-packages/airflow/example_dags/plugins/workday.py
[2025-02-16T16:04:46.636+0700] {processor.py:208} INFO - Processing /home/dataengineer/.pyenv/versions/3.9.21/lib/python3.9/site-packages/airflow/example_dags/plugins/workday.py took 0.021 seconds
[2025-02-16T16:05:41.910+0700] {processor.py:186} INFO - Started process (PID=27903) to work on /home/dataengineer/.pyenv/versions/3.9.21/lib/python3.9/site-packages/airflow/example_dags/plugins/workday.py
[2025-02-16T16:05:41.912+0700] {processor.py:914} INFO - Processing file /home/dataengineer/.pyenv/versions/3.9.21/lib/python3.9/site-packages/airflow/example_dags/plugins/workday.py for tasks to queue
[2025-02-16T16:05:41.913+0700] {logging_mixin.py:190} INFO - [2025-02-16T16:05:41.912+0700] {dagbag.py:588} INFO - Filling up the DagBag from /home/dataengineer/.pyenv/versions/3.9.21/lib/python3.9/site-packages/airflow/example_dags/plugins/workday.py
[2025-02-16T16:05:41.915+0700] {processor.py:927} WARNING - No viable dags retrieved from /home/dataengineer/.pyenv/versions/3.9.21/lib/python3.9/site-packages/airflow/example_dags/plugins/workday.py
[2025-02-16T16:05:41.924+0700] {processor.py:208} INFO - Processing /home/dataengineer/.pyenv/versions/3.9.21/lib/python3.9/site-packages/airflow/example_dags/plugins/workday.py took 0.020 seconds
[2025-02-16T16:06:31.844+0700] {processor.py:186} INFO - Started process (PID=28117) to work on /home/dataengineer/.pyenv/versions/3.9.21/lib/python3.9/site-packages/airflow/example_dags/plugins/workday.py
[2025-02-16T16:06:31.845+0700] {processor.py:914} INFO - Processing file /home/dataengineer/.pyenv/versions/3.9.21/lib/python3.9/site-packages/airflow/example_dags/plugins/workday.py for tasks to queue
[2025-02-16T16:06:31.847+0700] {logging_mixin.py:190} INFO - [2025-02-16T16:06:31.846+0700] {dagbag.py:588} INFO - Filling up the DagBag from /home/dataengineer/.pyenv/versions/3.9.21/lib/python3.9/site-packages/airflow/example_dags/plugins/workday.py
[2025-02-16T16:06:31.849+0700] {processor.py:927} WARNING - No viable dags retrieved from /home/dataengineer/.pyenv/versions/3.9.21/lib/python3.9/site-packages/airflow/example_dags/plugins/workday.py
[2025-02-16T16:06:31.859+0700] {processor.py:208} INFO - Processing /home/dataengineer/.pyenv/versions/3.9.21/lib/python3.9/site-packages/airflow/example_dags/plugins/workday.py took 0.020 seconds
[2025-02-16T16:07:18.916+0700] {processor.py:186} INFO - Started process (PID=28432) to work on /home/dataengineer/.pyenv/versions/3.9.21/lib/python3.9/site-packages/airflow/example_dags/plugins/workday.py
[2025-02-16T16:07:18.917+0700] {processor.py:914} INFO - Processing file /home/dataengineer/.pyenv/versions/3.9.21/lib/python3.9/site-packages/airflow/example_dags/plugins/workday.py for tasks to queue
[2025-02-16T16:07:18.918+0700] {logging_mixin.py:190} INFO - [2025-02-16T16:07:18.918+0700] {dagbag.py:588} INFO - Filling up the DagBag from /home/dataengineer/.pyenv/versions/3.9.21/lib/python3.9/site-packages/airflow/example_dags/plugins/workday.py
[2025-02-16T16:07:18.921+0700] {processor.py:927} WARNING - No viable dags retrieved from /home/dataengineer/.pyenv/versions/3.9.21/lib/python3.9/site-packages/airflow/example_dags/plugins/workday.py
[2025-02-16T16:07:18.929+0700] {processor.py:208} INFO - Processing /home/dataengineer/.pyenv/versions/3.9.21/lib/python3.9/site-packages/airflow/example_dags/plugins/workday.py took 0.019 seconds
[2025-02-16T16:08:06.769+0700] {processor.py:186} INFO - Started process (PID=28721) to work on /home/dataengineer/.pyenv/versions/3.9.21/lib/python3.9/site-packages/airflow/example_dags/plugins/workday.py
[2025-02-16T16:08:06.778+0700] {processor.py:914} INFO - Processing file /home/dataengineer/.pyenv/versions/3.9.21/lib/python3.9/site-packages/airflow/example_dags/plugins/workday.py for tasks to queue
[2025-02-16T16:08:06.779+0700] {logging_mixin.py:190} INFO - [2025-02-16T16:08:06.778+0700] {dagbag.py:588} INFO - Filling up the DagBag from /home/dataengineer/.pyenv/versions/3.9.21/lib/python3.9/site-packages/airflow/example_dags/plugins/workday.py
[2025-02-16T16:08:06.781+0700] {processor.py:927} WARNING - No viable dags retrieved from /home/dataengineer/.pyenv/versions/3.9.21/lib/python3.9/site-packages/airflow/example_dags/plugins/workday.py
[2025-02-16T16:08:06.791+0700] {processor.py:208} INFO - Processing /home/dataengineer/.pyenv/versions/3.9.21/lib/python3.9/site-packages/airflow/example_dags/plugins/workday.py took 0.028 seconds
[2025-02-16T16:08:54.633+0700] {processor.py:186} INFO - Started process (PID=28931) to work on /home/dataengineer/.pyenv/versions/3.9.21/lib/python3.9/site-packages/airflow/example_dags/plugins/workday.py
[2025-02-16T16:08:54.634+0700] {processor.py:914} INFO - Processing file /home/dataengineer/.pyenv/versions/3.9.21/lib/python3.9/site-packages/airflow/example_dags/plugins/workday.py for tasks to queue
[2025-02-16T16:08:54.635+0700] {logging_mixin.py:190} INFO - [2025-02-16T16:08:54.635+0700] {dagbag.py:588} INFO - Filling up the DagBag from /home/dataengineer/.pyenv/versions/3.9.21/lib/python3.9/site-packages/airflow/example_dags/plugins/workday.py
[2025-02-16T16:08:54.638+0700] {processor.py:927} WARNING - No viable dags retrieved from /home/dataengineer/.pyenv/versions/3.9.21/lib/python3.9/site-packages/airflow/example_dags/plugins/workday.py
[2025-02-16T16:08:54.647+0700] {processor.py:208} INFO - Processing /home/dataengineer/.pyenv/versions/3.9.21/lib/python3.9/site-packages/airflow/example_dags/plugins/workday.py took 0.020 seconds
[2025-02-16T16:09:41.696+0700] {processor.py:186} INFO - Started process (PID=29165) to work on /home/dataengineer/.pyenv/versions/3.9.21/lib/python3.9/site-packages/airflow/example_dags/plugins/workday.py
[2025-02-16T16:09:41.698+0700] {processor.py:914} INFO - Processing file /home/dataengineer/.pyenv/versions/3.9.21/lib/python3.9/site-packages/airflow/example_dags/plugins/workday.py for tasks to queue
[2025-02-16T16:09:41.699+0700] {logging_mixin.py:190} INFO - [2025-02-16T16:09:41.698+0700] {dagbag.py:588} INFO - Filling up the DagBag from /home/dataengineer/.pyenv/versions/3.9.21/lib/python3.9/site-packages/airflow/example_dags/plugins/workday.py
[2025-02-16T16:09:41.702+0700] {processor.py:927} WARNING - No viable dags retrieved from /home/dataengineer/.pyenv/versions/3.9.21/lib/python3.9/site-packages/airflow/example_dags/plugins/workday.py
[2025-02-16T16:09:41.711+0700] {processor.py:208} INFO - Processing /home/dataengineer/.pyenv/versions/3.9.21/lib/python3.9/site-packages/airflow/example_dags/plugins/workday.py took 0.021 seconds
[2025-02-16T16:10:33.008+0700] {processor.py:186} INFO - Started process (PID=29431) to work on /home/dataengineer/.pyenv/versions/3.9.21/lib/python3.9/site-packages/airflow/example_dags/plugins/workday.py
[2025-02-16T16:10:33.009+0700] {processor.py:914} INFO - Processing file /home/dataengineer/.pyenv/versions/3.9.21/lib/python3.9/site-packages/airflow/example_dags/plugins/workday.py for tasks to queue
[2025-02-16T16:10:33.010+0700] {logging_mixin.py:190} INFO - [2025-02-16T16:10:33.010+0700] {dagbag.py:588} INFO - Filling up the DagBag from /home/dataengineer/.pyenv/versions/3.9.21/lib/python3.9/site-packages/airflow/example_dags/plugins/workday.py
[2025-02-16T16:10:33.013+0700] {processor.py:927} WARNING - No viable dags retrieved from /home/dataengineer/.pyenv/versions/3.9.21/lib/python3.9/site-packages/airflow/example_dags/plugins/workday.py
[2025-02-16T16:10:33.022+0700] {processor.py:208} INFO - Processing /home/dataengineer/.pyenv/versions/3.9.21/lib/python3.9/site-packages/airflow/example_dags/plugins/workday.py took 0.020 seconds
[2025-02-16T16:11:19.565+0700] {processor.py:186} INFO - Started process (PID=29622) to work on /home/dataengineer/.pyenv/versions/3.9.21/lib/python3.9/site-packages/airflow/example_dags/plugins/workday.py
[2025-02-16T16:11:19.566+0700] {processor.py:914} INFO - Processing file /home/dataengineer/.pyenv/versions/3.9.21/lib/python3.9/site-packages/airflow/example_dags/plugins/workday.py for tasks to queue
[2025-02-16T16:11:19.568+0700] {logging_mixin.py:190} INFO - [2025-02-16T16:11:19.568+0700] {dagbag.py:588} INFO - Filling up the DagBag from /home/dataengineer/.pyenv/versions/3.9.21/lib/python3.9/site-packages/airflow/example_dags/plugins/workday.py
[2025-02-16T16:11:19.573+0700] {processor.py:927} WARNING - No viable dags retrieved from /home/dataengineer/.pyenv/versions/3.9.21/lib/python3.9/site-packages/airflow/example_dags/plugins/workday.py
[2025-02-16T16:11:19.584+0700] {processor.py:208} INFO - Processing /home/dataengineer/.pyenv/versions/3.9.21/lib/python3.9/site-packages/airflow/example_dags/plugins/workday.py took 0.026 seconds
[2025-02-16T16:12:06.459+0700] {processor.py:186} INFO - Started process (PID=29812) to work on /home/dataengineer/.pyenv/versions/3.9.21/lib/python3.9/site-packages/airflow/example_dags/plugins/workday.py
[2025-02-16T16:12:06.460+0700] {processor.py:914} INFO - Processing file /home/dataengineer/.pyenv/versions/3.9.21/lib/python3.9/site-packages/airflow/example_dags/plugins/workday.py for tasks to queue
[2025-02-16T16:12:06.461+0700] {logging_mixin.py:190} INFO - [2025-02-16T16:12:06.461+0700] {dagbag.py:588} INFO - Filling up the DagBag from /home/dataengineer/.pyenv/versions/3.9.21/lib/python3.9/site-packages/airflow/example_dags/plugins/workday.py
[2025-02-16T16:12:06.464+0700] {processor.py:927} WARNING - No viable dags retrieved from /home/dataengineer/.pyenv/versions/3.9.21/lib/python3.9/site-packages/airflow/example_dags/plugins/workday.py
[2025-02-16T16:12:06.473+0700] {processor.py:208} INFO - Processing /home/dataengineer/.pyenv/versions/3.9.21/lib/python3.9/site-packages/airflow/example_dags/plugins/workday.py took 0.020 seconds
[2025-02-16T16:12:56.699+0700] {processor.py:186} INFO - Started process (PID=30024) to work on /home/dataengineer/.pyenv/versions/3.9.21/lib/python3.9/site-packages/airflow/example_dags/plugins/workday.py
[2025-02-16T16:12:56.701+0700] {processor.py:914} INFO - Processing file /home/dataengineer/.pyenv/versions/3.9.21/lib/python3.9/site-packages/airflow/example_dags/plugins/workday.py for tasks to queue
[2025-02-16T16:12:56.702+0700] {logging_mixin.py:190} INFO - [2025-02-16T16:12:56.702+0700] {dagbag.py:588} INFO - Filling up the DagBag from /home/dataengineer/.pyenv/versions/3.9.21/lib/python3.9/site-packages/airflow/example_dags/plugins/workday.py
[2025-02-16T16:12:56.704+0700] {processor.py:927} WARNING - No viable dags retrieved from /home/dataengineer/.pyenv/versions/3.9.21/lib/python3.9/site-packages/airflow/example_dags/plugins/workday.py
[2025-02-16T16:12:56.714+0700] {processor.py:208} INFO - Processing /home/dataengineer/.pyenv/versions/3.9.21/lib/python3.9/site-packages/airflow/example_dags/plugins/workday.py took 0.020 seconds
[2025-02-16T16:13:46.923+0700] {processor.py:186} INFO - Started process (PID=30236) to work on /home/dataengineer/.pyenv/versions/3.9.21/lib/python3.9/site-packages/airflow/example_dags/plugins/workday.py
[2025-02-16T16:13:46.924+0700] {processor.py:914} INFO - Processing file /home/dataengineer/.pyenv/versions/3.9.21/lib/python3.9/site-packages/airflow/example_dags/plugins/workday.py for tasks to queue
[2025-02-16T16:13:46.925+0700] {logging_mixin.py:190} INFO - [2025-02-16T16:13:46.925+0700] {dagbag.py:588} INFO - Filling up the DagBag from /home/dataengineer/.pyenv/versions/3.9.21/lib/python3.9/site-packages/airflow/example_dags/plugins/workday.py
[2025-02-16T16:13:46.928+0700] {processor.py:927} WARNING - No viable dags retrieved from /home/dataengineer/.pyenv/versions/3.9.21/lib/python3.9/site-packages/airflow/example_dags/plugins/workday.py
[2025-02-16T16:13:46.937+0700] {processor.py:208} INFO - Processing /home/dataengineer/.pyenv/versions/3.9.21/lib/python3.9/site-packages/airflow/example_dags/plugins/workday.py took 0.020 seconds
[2025-02-16T16:14:37.177+0700] {processor.py:186} INFO - Started process (PID=30442) to work on /home/dataengineer/.pyenv/versions/3.9.21/lib/python3.9/site-packages/airflow/example_dags/plugins/workday.py
[2025-02-16T16:14:37.178+0700] {processor.py:914} INFO - Processing file /home/dataengineer/.pyenv/versions/3.9.21/lib/python3.9/site-packages/airflow/example_dags/plugins/workday.py for tasks to queue
[2025-02-16T16:14:37.179+0700] {logging_mixin.py:190} INFO - [2025-02-16T16:14:37.179+0700] {dagbag.py:588} INFO - Filling up the DagBag from /home/dataengineer/.pyenv/versions/3.9.21/lib/python3.9/site-packages/airflow/example_dags/plugins/workday.py
[2025-02-16T16:14:37.182+0700] {processor.py:927} WARNING - No viable dags retrieved from /home/dataengineer/.pyenv/versions/3.9.21/lib/python3.9/site-packages/airflow/example_dags/plugins/workday.py
[2025-02-16T16:14:37.191+0700] {processor.py:208} INFO - Processing /home/dataengineer/.pyenv/versions/3.9.21/lib/python3.9/site-packages/airflow/example_dags/plugins/workday.py took 0.020 seconds
[2025-02-16T16:15:24.274+0700] {processor.py:186} INFO - Started process (PID=30647) to work on /home/dataengineer/.pyenv/versions/3.9.21/lib/python3.9/site-packages/airflow/example_dags/plugins/workday.py
[2025-02-16T16:15:24.275+0700] {processor.py:914} INFO - Processing file /home/dataengineer/.pyenv/versions/3.9.21/lib/python3.9/site-packages/airflow/example_dags/plugins/workday.py for tasks to queue
[2025-02-16T16:15:24.276+0700] {logging_mixin.py:190} INFO - [2025-02-16T16:15:24.276+0700] {dagbag.py:588} INFO - Filling up the DagBag from /home/dataengineer/.pyenv/versions/3.9.21/lib/python3.9/site-packages/airflow/example_dags/plugins/workday.py
[2025-02-16T16:15:24.279+0700] {processor.py:927} WARNING - No viable dags retrieved from /home/dataengineer/.pyenv/versions/3.9.21/lib/python3.9/site-packages/airflow/example_dags/plugins/workday.py
[2025-02-16T16:15:24.289+0700] {processor.py:208} INFO - Processing /home/dataengineer/.pyenv/versions/3.9.21/lib/python3.9/site-packages/airflow/example_dags/plugins/workday.py took 0.020 seconds
[2025-02-16T16:16:15.284+0700] {processor.py:186} INFO - Started process (PID=30855) to work on /home/dataengineer/.pyenv/versions/3.9.21/lib/python3.9/site-packages/airflow/example_dags/plugins/workday.py
[2025-02-16T16:16:15.286+0700] {processor.py:914} INFO - Processing file /home/dataengineer/.pyenv/versions/3.9.21/lib/python3.9/site-packages/airflow/example_dags/plugins/workday.py for tasks to queue
[2025-02-16T16:16:15.287+0700] {logging_mixin.py:190} INFO - [2025-02-16T16:16:15.287+0700] {dagbag.py:588} INFO - Filling up the DagBag from /home/dataengineer/.pyenv/versions/3.9.21/lib/python3.9/site-packages/airflow/example_dags/plugins/workday.py
[2025-02-16T16:16:15.289+0700] {processor.py:927} WARNING - No viable dags retrieved from /home/dataengineer/.pyenv/versions/3.9.21/lib/python3.9/site-packages/airflow/example_dags/plugins/workday.py
[2025-02-16T16:16:15.299+0700] {processor.py:208} INFO - Processing /home/dataengineer/.pyenv/versions/3.9.21/lib/python3.9/site-packages/airflow/example_dags/plugins/workday.py took 0.020 seconds
[2025-02-16T16:17:05.330+0700] {processor.py:186} INFO - Started process (PID=31063) to work on /home/dataengineer/.pyenv/versions/3.9.21/lib/python3.9/site-packages/airflow/example_dags/plugins/workday.py
[2025-02-16T16:17:05.333+0700] {processor.py:914} INFO - Processing file /home/dataengineer/.pyenv/versions/3.9.21/lib/python3.9/site-packages/airflow/example_dags/plugins/workday.py for tasks to queue
[2025-02-16T16:17:05.336+0700] {logging_mixin.py:190} INFO - [2025-02-16T16:17:05.335+0700] {dagbag.py:588} INFO - Filling up the DagBag from /home/dataengineer/.pyenv/versions/3.9.21/lib/python3.9/site-packages/airflow/example_dags/plugins/workday.py
[2025-02-16T16:17:05.339+0700] {processor.py:927} WARNING - No viable dags retrieved from /home/dataengineer/.pyenv/versions/3.9.21/lib/python3.9/site-packages/airflow/example_dags/plugins/workday.py
[2025-02-16T16:17:05.351+0700] {processor.py:208} INFO - Processing /home/dataengineer/.pyenv/versions/3.9.21/lib/python3.9/site-packages/airflow/example_dags/plugins/workday.py took 0.029 seconds
[2025-02-16T16:17:57.348+0700] {processor.py:186} INFO - Started process (PID=31283) to work on /home/dataengineer/.pyenv/versions/3.9.21/lib/python3.9/site-packages/airflow/example_dags/plugins/workday.py
[2025-02-16T16:17:57.349+0700] {processor.py:914} INFO - Processing file /home/dataengineer/.pyenv/versions/3.9.21/lib/python3.9/site-packages/airflow/example_dags/plugins/workday.py for tasks to queue
[2025-02-16T16:17:57.350+0700] {logging_mixin.py:190} INFO - [2025-02-16T16:17:57.350+0700] {dagbag.py:588} INFO - Filling up the DagBag from /home/dataengineer/.pyenv/versions/3.9.21/lib/python3.9/site-packages/airflow/example_dags/plugins/workday.py
[2025-02-16T16:17:57.353+0700] {processor.py:927} WARNING - No viable dags retrieved from /home/dataengineer/.pyenv/versions/3.9.21/lib/python3.9/site-packages/airflow/example_dags/plugins/workday.py
[2025-02-16T16:17:57.362+0700] {processor.py:208} INFO - Processing /home/dataengineer/.pyenv/versions/3.9.21/lib/python3.9/site-packages/airflow/example_dags/plugins/workday.py took 0.020 seconds
[2025-02-16T16:18:47.636+0700] {processor.py:186} INFO - Started process (PID=31494) to work on /home/dataengineer/.pyenv/versions/3.9.21/lib/python3.9/site-packages/airflow/example_dags/plugins/workday.py
[2025-02-16T16:18:47.637+0700] {processor.py:914} INFO - Processing file /home/dataengineer/.pyenv/versions/3.9.21/lib/python3.9/site-packages/airflow/example_dags/plugins/workday.py for tasks to queue
[2025-02-16T16:18:47.638+0700] {logging_mixin.py:190} INFO - [2025-02-16T16:18:47.638+0700] {dagbag.py:588} INFO - Filling up the DagBag from /home/dataengineer/.pyenv/versions/3.9.21/lib/python3.9/site-packages/airflow/example_dags/plugins/workday.py
[2025-02-16T16:18:47.641+0700] {processor.py:927} WARNING - No viable dags retrieved from /home/dataengineer/.pyenv/versions/3.9.21/lib/python3.9/site-packages/airflow/example_dags/plugins/workday.py
[2025-02-16T16:18:47.650+0700] {processor.py:208} INFO - Processing /home/dataengineer/.pyenv/versions/3.9.21/lib/python3.9/site-packages/airflow/example_dags/plugins/workday.py took 0.020 seconds
[2025-02-16T16:19:38.774+0700] {processor.py:186} INFO - Started process (PID=31702) to work on /home/dataengineer/.pyenv/versions/3.9.21/lib/python3.9/site-packages/airflow/example_dags/plugins/workday.py
[2025-02-16T16:19:38.776+0700] {processor.py:914} INFO - Processing file /home/dataengineer/.pyenv/versions/3.9.21/lib/python3.9/site-packages/airflow/example_dags/plugins/workday.py for tasks to queue
[2025-02-16T16:19:38.777+0700] {logging_mixin.py:190} INFO - [2025-02-16T16:19:38.776+0700] {dagbag.py:588} INFO - Filling up the DagBag from /home/dataengineer/.pyenv/versions/3.9.21/lib/python3.9/site-packages/airflow/example_dags/plugins/workday.py
[2025-02-16T16:19:38.780+0700] {processor.py:927} WARNING - No viable dags retrieved from /home/dataengineer/.pyenv/versions/3.9.21/lib/python3.9/site-packages/airflow/example_dags/plugins/workday.py
[2025-02-16T16:19:38.789+0700] {processor.py:208} INFO - Processing /home/dataengineer/.pyenv/versions/3.9.21/lib/python3.9/site-packages/airflow/example_dags/plugins/workday.py took 0.020 seconds
[2025-02-16T16:20:26.864+0700] {processor.py:186} INFO - Started process (PID=31908) to work on /home/dataengineer/.pyenv/versions/3.9.21/lib/python3.9/site-packages/airflow/example_dags/plugins/workday.py
[2025-02-16T16:20:26.865+0700] {processor.py:914} INFO - Processing file /home/dataengineer/.pyenv/versions/3.9.21/lib/python3.9/site-packages/airflow/example_dags/plugins/workday.py for tasks to queue
[2025-02-16T16:20:26.866+0700] {logging_mixin.py:190} INFO - [2025-02-16T16:20:26.866+0700] {dagbag.py:588} INFO - Filling up the DagBag from /home/dataengineer/.pyenv/versions/3.9.21/lib/python3.9/site-packages/airflow/example_dags/plugins/workday.py
[2025-02-16T16:20:26.869+0700] {processor.py:927} WARNING - No viable dags retrieved from /home/dataengineer/.pyenv/versions/3.9.21/lib/python3.9/site-packages/airflow/example_dags/plugins/workday.py
[2025-02-16T16:20:26.878+0700] {processor.py:208} INFO - Processing /home/dataengineer/.pyenv/versions/3.9.21/lib/python3.9/site-packages/airflow/example_dags/plugins/workday.py took 0.020 seconds
[2025-02-16T16:21:14.022+0700] {processor.py:186} INFO - Started process (PID=32106) to work on /home/dataengineer/.pyenv/versions/3.9.21/lib/python3.9/site-packages/airflow/example_dags/plugins/workday.py
[2025-02-16T16:21:14.023+0700] {processor.py:914} INFO - Processing file /home/dataengineer/.pyenv/versions/3.9.21/lib/python3.9/site-packages/airflow/example_dags/plugins/workday.py for tasks to queue
[2025-02-16T16:21:14.025+0700] {logging_mixin.py:190} INFO - [2025-02-16T16:21:14.024+0700] {dagbag.py:588} INFO - Filling up the DagBag from /home/dataengineer/.pyenv/versions/3.9.21/lib/python3.9/site-packages/airflow/example_dags/plugins/workday.py
[2025-02-16T16:21:14.027+0700] {processor.py:927} WARNING - No viable dags retrieved from /home/dataengineer/.pyenv/versions/3.9.21/lib/python3.9/site-packages/airflow/example_dags/plugins/workday.py
[2025-02-16T16:21:14.037+0700] {processor.py:208} INFO - Processing /home/dataengineer/.pyenv/versions/3.9.21/lib/python3.9/site-packages/airflow/example_dags/plugins/workday.py took 0.020 seconds
[2025-02-16T16:22:03.404+0700] {processor.py:186} INFO - Started process (PID=32312) to work on /home/dataengineer/.pyenv/versions/3.9.21/lib/python3.9/site-packages/airflow/example_dags/plugins/workday.py
[2025-02-16T16:22:03.405+0700] {processor.py:914} INFO - Processing file /home/dataengineer/.pyenv/versions/3.9.21/lib/python3.9/site-packages/airflow/example_dags/plugins/workday.py for tasks to queue
[2025-02-16T16:22:03.406+0700] {logging_mixin.py:190} INFO - [2025-02-16T16:22:03.406+0700] {dagbag.py:588} INFO - Filling up the DagBag from /home/dataengineer/.pyenv/versions/3.9.21/lib/python3.9/site-packages/airflow/example_dags/plugins/workday.py
[2025-02-16T16:22:03.408+0700] {processor.py:927} WARNING - No viable dags retrieved from /home/dataengineer/.pyenv/versions/3.9.21/lib/python3.9/site-packages/airflow/example_dags/plugins/workday.py
[2025-02-16T16:22:03.417+0700] {processor.py:208} INFO - Processing /home/dataengineer/.pyenv/versions/3.9.21/lib/python3.9/site-packages/airflow/example_dags/plugins/workday.py took 0.020 seconds
[2025-02-16T16:22:53.137+0700] {processor.py:186} INFO - Started process (PID=32516) to work on /home/dataengineer/.pyenv/versions/3.9.21/lib/python3.9/site-packages/airflow/example_dags/plugins/workday.py
[2025-02-16T16:22:53.138+0700] {processor.py:914} INFO - Processing file /home/dataengineer/.pyenv/versions/3.9.21/lib/python3.9/site-packages/airflow/example_dags/plugins/workday.py for tasks to queue
[2025-02-16T16:22:53.139+0700] {logging_mixin.py:190} INFO - [2025-02-16T16:22:53.139+0700] {dagbag.py:588} INFO - Filling up the DagBag from /home/dataengineer/.pyenv/versions/3.9.21/lib/python3.9/site-packages/airflow/example_dags/plugins/workday.py
[2025-02-16T16:22:53.141+0700] {processor.py:927} WARNING - No viable dags retrieved from /home/dataengineer/.pyenv/versions/3.9.21/lib/python3.9/site-packages/airflow/example_dags/plugins/workday.py
[2025-02-16T16:22:53.150+0700] {processor.py:208} INFO - Processing /home/dataengineer/.pyenv/versions/3.9.21/lib/python3.9/site-packages/airflow/example_dags/plugins/workday.py took 0.020 seconds
[2025-02-16T16:23:41.662+0700] {processor.py:186} INFO - Started process (PID=32722) to work on /home/dataengineer/.pyenv/versions/3.9.21/lib/python3.9/site-packages/airflow/example_dags/plugins/workday.py
[2025-02-16T16:23:41.664+0700] {processor.py:914} INFO - Processing file /home/dataengineer/.pyenv/versions/3.9.21/lib/python3.9/site-packages/airflow/example_dags/plugins/workday.py for tasks to queue
[2025-02-16T16:23:41.665+0700] {logging_mixin.py:190} INFO - [2025-02-16T16:23:41.665+0700] {dagbag.py:588} INFO - Filling up the DagBag from /home/dataengineer/.pyenv/versions/3.9.21/lib/python3.9/site-packages/airflow/example_dags/plugins/workday.py
[2025-02-16T16:23:41.668+0700] {processor.py:927} WARNING - No viable dags retrieved from /home/dataengineer/.pyenv/versions/3.9.21/lib/python3.9/site-packages/airflow/example_dags/plugins/workday.py
[2025-02-16T16:23:41.677+0700] {processor.py:208} INFO - Processing /home/dataengineer/.pyenv/versions/3.9.21/lib/python3.9/site-packages/airflow/example_dags/plugins/workday.py took 0.020 seconds
[2025-02-16T16:24:29.895+0700] {processor.py:186} INFO - Started process (PID=32922) to work on /home/dataengineer/.pyenv/versions/3.9.21/lib/python3.9/site-packages/airflow/example_dags/plugins/workday.py
[2025-02-16T16:24:29.897+0700] {processor.py:914} INFO - Processing file /home/dataengineer/.pyenv/versions/3.9.21/lib/python3.9/site-packages/airflow/example_dags/plugins/workday.py for tasks to queue
[2025-02-16T16:24:29.898+0700] {logging_mixin.py:190} INFO - [2025-02-16T16:24:29.897+0700] {dagbag.py:588} INFO - Filling up the DagBag from /home/dataengineer/.pyenv/versions/3.9.21/lib/python3.9/site-packages/airflow/example_dags/plugins/workday.py
[2025-02-16T16:24:29.900+0700] {processor.py:927} WARNING - No viable dags retrieved from /home/dataengineer/.pyenv/versions/3.9.21/lib/python3.9/site-packages/airflow/example_dags/plugins/workday.py
[2025-02-16T16:24:29.910+0700] {processor.py:208} INFO - Processing /home/dataengineer/.pyenv/versions/3.9.21/lib/python3.9/site-packages/airflow/example_dags/plugins/workday.py took 0.020 seconds
[2025-02-16T16:25:14.811+0700] {processor.py:186} INFO - Started process (PID=33120) to work on /home/dataengineer/.pyenv/versions/3.9.21/lib/python3.9/site-packages/airflow/example_dags/plugins/workday.py
[2025-02-16T16:25:14.812+0700] {processor.py:914} INFO - Processing file /home/dataengineer/.pyenv/versions/3.9.21/lib/python3.9/site-packages/airflow/example_dags/plugins/workday.py for tasks to queue
[2025-02-16T16:25:14.814+0700] {logging_mixin.py:190} INFO - [2025-02-16T16:25:14.813+0700] {dagbag.py:588} INFO - Filling up the DagBag from /home/dataengineer/.pyenv/versions/3.9.21/lib/python3.9/site-packages/airflow/example_dags/plugins/workday.py
[2025-02-16T16:25:14.816+0700] {processor.py:927} WARNING - No viable dags retrieved from /home/dataengineer/.pyenv/versions/3.9.21/lib/python3.9/site-packages/airflow/example_dags/plugins/workday.py
[2025-02-16T16:25:14.825+0700] {processor.py:208} INFO - Processing /home/dataengineer/.pyenv/versions/3.9.21/lib/python3.9/site-packages/airflow/example_dags/plugins/workday.py took 0.020 seconds
[2025-02-16T16:26:07.954+0700] {processor.py:186} INFO - Started process (PID=33332) to work on /home/dataengineer/.pyenv/versions/3.9.21/lib/python3.9/site-packages/airflow/example_dags/plugins/workday.py
[2025-02-16T16:26:07.955+0700] {processor.py:914} INFO - Processing file /home/dataengineer/.pyenv/versions/3.9.21/lib/python3.9/site-packages/airflow/example_dags/plugins/workday.py for tasks to queue
[2025-02-16T16:26:07.956+0700] {logging_mixin.py:190} INFO - [2025-02-16T16:26:07.956+0700] {dagbag.py:588} INFO - Filling up the DagBag from /home/dataengineer/.pyenv/versions/3.9.21/lib/python3.9/site-packages/airflow/example_dags/plugins/workday.py
[2025-02-16T16:26:07.959+0700] {processor.py:927} WARNING - No viable dags retrieved from /home/dataengineer/.pyenv/versions/3.9.21/lib/python3.9/site-packages/airflow/example_dags/plugins/workday.py
[2025-02-16T16:26:07.969+0700] {processor.py:208} INFO - Processing /home/dataengineer/.pyenv/versions/3.9.21/lib/python3.9/site-packages/airflow/example_dags/plugins/workday.py took 0.021 seconds
[2025-02-16T16:26:55.817+0700] {processor.py:186} INFO - Started process (PID=33538) to work on /home/dataengineer/.pyenv/versions/3.9.21/lib/python3.9/site-packages/airflow/example_dags/plugins/workday.py
[2025-02-16T16:26:55.818+0700] {processor.py:914} INFO - Processing file /home/dataengineer/.pyenv/versions/3.9.21/lib/python3.9/site-packages/airflow/example_dags/plugins/workday.py for tasks to queue
[2025-02-16T16:26:55.820+0700] {logging_mixin.py:190} INFO - [2025-02-16T16:26:55.819+0700] {dagbag.py:588} INFO - Filling up the DagBag from /home/dataengineer/.pyenv/versions/3.9.21/lib/python3.9/site-packages/airflow/example_dags/plugins/workday.py
[2025-02-16T16:26:55.822+0700] {processor.py:927} WARNING - No viable dags retrieved from /home/dataengineer/.pyenv/versions/3.9.21/lib/python3.9/site-packages/airflow/example_dags/plugins/workday.py
[2025-02-16T16:26:55.831+0700] {processor.py:208} INFO - Processing /home/dataengineer/.pyenv/versions/3.9.21/lib/python3.9/site-packages/airflow/example_dags/plugins/workday.py took 0.020 seconds
[2025-02-16T16:27:44.439+0700] {processor.py:186} INFO - Started process (PID=33744) to work on /home/dataengineer/.pyenv/versions/3.9.21/lib/python3.9/site-packages/airflow/example_dags/plugins/workday.py
[2025-02-16T16:27:44.440+0700] {processor.py:914} INFO - Processing file /home/dataengineer/.pyenv/versions/3.9.21/lib/python3.9/site-packages/airflow/example_dags/plugins/workday.py for tasks to queue
[2025-02-16T16:27:44.441+0700] {logging_mixin.py:190} INFO - [2025-02-16T16:27:44.441+0700] {dagbag.py:588} INFO - Filling up the DagBag from /home/dataengineer/.pyenv/versions/3.9.21/lib/python3.9/site-packages/airflow/example_dags/plugins/workday.py
[2025-02-16T16:27:44.444+0700] {processor.py:927} WARNING - No viable dags retrieved from /home/dataengineer/.pyenv/versions/3.9.21/lib/python3.9/site-packages/airflow/example_dags/plugins/workday.py
[2025-02-16T16:27:44.452+0700] {processor.py:208} INFO - Processing /home/dataengineer/.pyenv/versions/3.9.21/lib/python3.9/site-packages/airflow/example_dags/plugins/workday.py took 0.019 seconds
[2025-02-16T16:28:33.724+0700] {processor.py:186} INFO - Started process (PID=33949) to work on /home/dataengineer/.pyenv/versions/3.9.21/lib/python3.9/site-packages/airflow/example_dags/plugins/workday.py
[2025-02-16T16:28:33.725+0700] {processor.py:914} INFO - Processing file /home/dataengineer/.pyenv/versions/3.9.21/lib/python3.9/site-packages/airflow/example_dags/plugins/workday.py for tasks to queue
[2025-02-16T16:28:33.726+0700] {logging_mixin.py:190} INFO - [2025-02-16T16:28:33.726+0700] {dagbag.py:588} INFO - Filling up the DagBag from /home/dataengineer/.pyenv/versions/3.9.21/lib/python3.9/site-packages/airflow/example_dags/plugins/workday.py
[2025-02-16T16:28:33.729+0700] {processor.py:927} WARNING - No viable dags retrieved from /home/dataengineer/.pyenv/versions/3.9.21/lib/python3.9/site-packages/airflow/example_dags/plugins/workday.py
[2025-02-16T16:28:33.738+0700] {processor.py:208} INFO - Processing /home/dataengineer/.pyenv/versions/3.9.21/lib/python3.9/site-packages/airflow/example_dags/plugins/workday.py took 0.020 seconds
[2025-02-16T16:29:24.530+0700] {processor.py:186} INFO - Started process (PID=34162) to work on /home/dataengineer/.pyenv/versions/3.9.21/lib/python3.9/site-packages/airflow/example_dags/plugins/workday.py
[2025-02-16T16:29:24.532+0700] {processor.py:914} INFO - Processing file /home/dataengineer/.pyenv/versions/3.9.21/lib/python3.9/site-packages/airflow/example_dags/plugins/workday.py for tasks to queue
[2025-02-16T16:29:24.533+0700] {logging_mixin.py:190} INFO - [2025-02-16T16:29:24.533+0700] {dagbag.py:588} INFO - Filling up the DagBag from /home/dataengineer/.pyenv/versions/3.9.21/lib/python3.9/site-packages/airflow/example_dags/plugins/workday.py
[2025-02-16T16:29:24.537+0700] {processor.py:927} WARNING - No viable dags retrieved from /home/dataengineer/.pyenv/versions/3.9.21/lib/python3.9/site-packages/airflow/example_dags/plugins/workday.py
[2025-02-16T16:29:24.548+0700] {processor.py:208} INFO - Processing /home/dataengineer/.pyenv/versions/3.9.21/lib/python3.9/site-packages/airflow/example_dags/plugins/workday.py took 0.025 seconds
[2025-02-16T16:30:13.917+0700] {processor.py:186} INFO - Started process (PID=34369) to work on /home/dataengineer/.pyenv/versions/3.9.21/lib/python3.9/site-packages/airflow/example_dags/plugins/workday.py
[2025-02-16T16:30:13.918+0700] {processor.py:914} INFO - Processing file /home/dataengineer/.pyenv/versions/3.9.21/lib/python3.9/site-packages/airflow/example_dags/plugins/workday.py for tasks to queue
[2025-02-16T16:30:13.921+0700] {logging_mixin.py:190} INFO - [2025-02-16T16:30:13.920+0700] {dagbag.py:588} INFO - Filling up the DagBag from /home/dataengineer/.pyenv/versions/3.9.21/lib/python3.9/site-packages/airflow/example_dags/plugins/workday.py
[2025-02-16T16:30:13.924+0700] {processor.py:927} WARNING - No viable dags retrieved from /home/dataengineer/.pyenv/versions/3.9.21/lib/python3.9/site-packages/airflow/example_dags/plugins/workday.py
[2025-02-16T16:30:13.936+0700] {processor.py:208} INFO - Processing /home/dataengineer/.pyenv/versions/3.9.21/lib/python3.9/site-packages/airflow/example_dags/plugins/workday.py took 0.027 seconds
[2025-02-16T16:31:03.764+0700] {processor.py:186} INFO - Started process (PID=34573) to work on /home/dataengineer/.pyenv/versions/3.9.21/lib/python3.9/site-packages/airflow/example_dags/plugins/workday.py
[2025-02-16T16:31:03.766+0700] {processor.py:914} INFO - Processing file /home/dataengineer/.pyenv/versions/3.9.21/lib/python3.9/site-packages/airflow/example_dags/plugins/workday.py for tasks to queue
[2025-02-16T16:31:03.767+0700] {logging_mixin.py:190} INFO - [2025-02-16T16:31:03.767+0700] {dagbag.py:588} INFO - Filling up the DagBag from /home/dataengineer/.pyenv/versions/3.9.21/lib/python3.9/site-packages/airflow/example_dags/plugins/workday.py
[2025-02-16T16:31:03.769+0700] {processor.py:927} WARNING - No viable dags retrieved from /home/dataengineer/.pyenv/versions/3.9.21/lib/python3.9/site-packages/airflow/example_dags/plugins/workday.py
[2025-02-16T16:31:03.779+0700] {processor.py:208} INFO - Processing /home/dataengineer/.pyenv/versions/3.9.21/lib/python3.9/site-packages/airflow/example_dags/plugins/workday.py took 0.021 seconds
[2025-02-16T16:31:54.050+0700] {processor.py:186} INFO - Started process (PID=34787) to work on /home/dataengineer/.pyenv/versions/3.9.21/lib/python3.9/site-packages/airflow/example_dags/plugins/workday.py
[2025-02-16T16:31:54.084+0700] {processor.py:914} INFO - Processing file /home/dataengineer/.pyenv/versions/3.9.21/lib/python3.9/site-packages/airflow/example_dags/plugins/workday.py for tasks to queue
[2025-02-16T16:31:54.085+0700] {logging_mixin.py:190} INFO - [2025-02-16T16:31:54.085+0700] {dagbag.py:588} INFO - Filling up the DagBag from /home/dataengineer/.pyenv/versions/3.9.21/lib/python3.9/site-packages/airflow/example_dags/plugins/workday.py
[2025-02-16T16:31:54.088+0700] {processor.py:927} WARNING - No viable dags retrieved from /home/dataengineer/.pyenv/versions/3.9.21/lib/python3.9/site-packages/airflow/example_dags/plugins/workday.py
[2025-02-16T16:31:54.102+0700] {processor.py:208} INFO - Processing /home/dataengineer/.pyenv/versions/3.9.21/lib/python3.9/site-packages/airflow/example_dags/plugins/workday.py took 0.059 seconds
[2025-02-16T16:32:39.017+0700] {processor.py:186} INFO - Started process (PID=34977) to work on /home/dataengineer/.pyenv/versions/3.9.21/lib/python3.9/site-packages/airflow/example_dags/plugins/workday.py
[2025-02-16T16:32:39.018+0700] {processor.py:914} INFO - Processing file /home/dataengineer/.pyenv/versions/3.9.21/lib/python3.9/site-packages/airflow/example_dags/plugins/workday.py for tasks to queue
[2025-02-16T16:32:39.019+0700] {logging_mixin.py:190} INFO - [2025-02-16T16:32:39.019+0700] {dagbag.py:588} INFO - Filling up the DagBag from /home/dataengineer/.pyenv/versions/3.9.21/lib/python3.9/site-packages/airflow/example_dags/plugins/workday.py
[2025-02-16T16:32:39.022+0700] {processor.py:927} WARNING - No viable dags retrieved from /home/dataengineer/.pyenv/versions/3.9.21/lib/python3.9/site-packages/airflow/example_dags/plugins/workday.py
[2025-02-16T16:32:39.030+0700] {processor.py:208} INFO - Processing /home/dataengineer/.pyenv/versions/3.9.21/lib/python3.9/site-packages/airflow/example_dags/plugins/workday.py took 0.019 seconds
[2025-02-16T16:33:29.249+0700] {processor.py:186} INFO - Started process (PID=35192) to work on /home/dataengineer/.pyenv/versions/3.9.21/lib/python3.9/site-packages/airflow/example_dags/plugins/workday.py
[2025-02-16T16:33:29.250+0700] {processor.py:914} INFO - Processing file /home/dataengineer/.pyenv/versions/3.9.21/lib/python3.9/site-packages/airflow/example_dags/plugins/workday.py for tasks to queue
[2025-02-16T16:33:29.251+0700] {logging_mixin.py:190} INFO - [2025-02-16T16:33:29.251+0700] {dagbag.py:588} INFO - Filling up the DagBag from /home/dataengineer/.pyenv/versions/3.9.21/lib/python3.9/site-packages/airflow/example_dags/plugins/workday.py
[2025-02-16T16:33:29.254+0700] {processor.py:927} WARNING - No viable dags retrieved from /home/dataengineer/.pyenv/versions/3.9.21/lib/python3.9/site-packages/airflow/example_dags/plugins/workday.py
[2025-02-16T16:33:29.262+0700] {processor.py:208} INFO - Processing /home/dataengineer/.pyenv/versions/3.9.21/lib/python3.9/site-packages/airflow/example_dags/plugins/workday.py took 0.019 seconds
[2025-02-16T16:34:20.004+0700] {processor.py:186} INFO - Started process (PID=35407) to work on /home/dataengineer/.pyenv/versions/3.9.21/lib/python3.9/site-packages/airflow/example_dags/plugins/workday.py
[2025-02-16T16:34:20.005+0700] {processor.py:914} INFO - Processing file /home/dataengineer/.pyenv/versions/3.9.21/lib/python3.9/site-packages/airflow/example_dags/plugins/workday.py for tasks to queue
[2025-02-16T16:34:20.006+0700] {logging_mixin.py:190} INFO - [2025-02-16T16:34:20.006+0700] {dagbag.py:588} INFO - Filling up the DagBag from /home/dataengineer/.pyenv/versions/3.9.21/lib/python3.9/site-packages/airflow/example_dags/plugins/workday.py
[2025-02-16T16:34:20.009+0700] {processor.py:927} WARNING - No viable dags retrieved from /home/dataengineer/.pyenv/versions/3.9.21/lib/python3.9/site-packages/airflow/example_dags/plugins/workday.py
[2025-02-16T16:34:20.018+0700] {processor.py:208} INFO - Processing /home/dataengineer/.pyenv/versions/3.9.21/lib/python3.9/site-packages/airflow/example_dags/plugins/workday.py took 0.020 seconds
[2025-02-16T16:35:12.460+0700] {processor.py:186} INFO - Started process (PID=35626) to work on /home/dataengineer/.pyenv/versions/3.9.21/lib/python3.9/site-packages/airflow/example_dags/plugins/workday.py
[2025-02-16T16:35:12.461+0700] {processor.py:914} INFO - Processing file /home/dataengineer/.pyenv/versions/3.9.21/lib/python3.9/site-packages/airflow/example_dags/plugins/workday.py for tasks to queue
[2025-02-16T16:35:12.462+0700] {logging_mixin.py:190} INFO - [2025-02-16T16:35:12.462+0700] {dagbag.py:588} INFO - Filling up the DagBag from /home/dataengineer/.pyenv/versions/3.9.21/lib/python3.9/site-packages/airflow/example_dags/plugins/workday.py
[2025-02-16T16:35:12.465+0700] {processor.py:927} WARNING - No viable dags retrieved from /home/dataengineer/.pyenv/versions/3.9.21/lib/python3.9/site-packages/airflow/example_dags/plugins/workday.py
[2025-02-16T16:35:12.477+0700] {processor.py:208} INFO - Processing /home/dataengineer/.pyenv/versions/3.9.21/lib/python3.9/site-packages/airflow/example_dags/plugins/workday.py took 0.024 seconds
[2025-02-16T16:35:59.939+0700] {processor.py:186} INFO - Started process (PID=35826) to work on /home/dataengineer/.pyenv/versions/3.9.21/lib/python3.9/site-packages/airflow/example_dags/plugins/workday.py
[2025-02-16T16:35:59.940+0700] {processor.py:914} INFO - Processing file /home/dataengineer/.pyenv/versions/3.9.21/lib/python3.9/site-packages/airflow/example_dags/plugins/workday.py for tasks to queue
[2025-02-16T16:35:59.941+0700] {logging_mixin.py:190} INFO - [2025-02-16T16:35:59.941+0700] {dagbag.py:588} INFO - Filling up the DagBag from /home/dataengineer/.pyenv/versions/3.9.21/lib/python3.9/site-packages/airflow/example_dags/plugins/workday.py
[2025-02-16T16:35:59.944+0700] {processor.py:927} WARNING - No viable dags retrieved from /home/dataengineer/.pyenv/versions/3.9.21/lib/python3.9/site-packages/airflow/example_dags/plugins/workday.py
[2025-02-16T16:35:59.954+0700] {processor.py:208} INFO - Processing /home/dataengineer/.pyenv/versions/3.9.21/lib/python3.9/site-packages/airflow/example_dags/plugins/workday.py took 0.021 seconds
[2025-02-16T16:36:55.448+0700] {processor.py:186} INFO - Started process (PID=36251) to work on /home/dataengineer/.pyenv/versions/3.9.21/lib/python3.9/site-packages/airflow/example_dags/plugins/workday.py
[2025-02-16T16:36:55.450+0700] {processor.py:914} INFO - Processing file /home/dataengineer/.pyenv/versions/3.9.21/lib/python3.9/site-packages/airflow/example_dags/plugins/workday.py for tasks to queue
[2025-02-16T16:36:55.451+0700] {logging_mixin.py:190} INFO - [2025-02-16T16:36:55.451+0700] {dagbag.py:588} INFO - Filling up the DagBag from /home/dataengineer/.pyenv/versions/3.9.21/lib/python3.9/site-packages/airflow/example_dags/plugins/workday.py
[2025-02-16T16:36:55.454+0700] {processor.py:927} WARNING - No viable dags retrieved from /home/dataengineer/.pyenv/versions/3.9.21/lib/python3.9/site-packages/airflow/example_dags/plugins/workday.py
[2025-02-16T16:36:55.463+0700] {processor.py:208} INFO - Processing /home/dataengineer/.pyenv/versions/3.9.21/lib/python3.9/site-packages/airflow/example_dags/plugins/workday.py took 0.021 seconds
[2025-02-16T16:37:52.894+0700] {processor.py:186} INFO - Started process (PID=36722) to work on /home/dataengineer/.pyenv/versions/3.9.21/lib/python3.9/site-packages/airflow/example_dags/plugins/workday.py
[2025-02-16T16:37:52.895+0700] {processor.py:914} INFO - Processing file /home/dataengineer/.pyenv/versions/3.9.21/lib/python3.9/site-packages/airflow/example_dags/plugins/workday.py for tasks to queue
[2025-02-16T16:37:52.896+0700] {logging_mixin.py:190} INFO - [2025-02-16T16:37:52.896+0700] {dagbag.py:588} INFO - Filling up the DagBag from /home/dataengineer/.pyenv/versions/3.9.21/lib/python3.9/site-packages/airflow/example_dags/plugins/workday.py
[2025-02-16T16:37:52.899+0700] {processor.py:927} WARNING - No viable dags retrieved from /home/dataengineer/.pyenv/versions/3.9.21/lib/python3.9/site-packages/airflow/example_dags/plugins/workday.py
[2025-02-16T16:37:52.908+0700] {processor.py:208} INFO - Processing /home/dataengineer/.pyenv/versions/3.9.21/lib/python3.9/site-packages/airflow/example_dags/plugins/workday.py took 0.021 seconds
[2025-02-16T16:38:42.434+0700] {processor.py:186} INFO - Started process (PID=36934) to work on /home/dataengineer/.pyenv/versions/3.9.21/lib/python3.9/site-packages/airflow/example_dags/plugins/workday.py
[2025-02-16T16:38:42.435+0700] {processor.py:914} INFO - Processing file /home/dataengineer/.pyenv/versions/3.9.21/lib/python3.9/site-packages/airflow/example_dags/plugins/workday.py for tasks to queue
[2025-02-16T16:38:42.437+0700] {logging_mixin.py:190} INFO - [2025-02-16T16:38:42.437+0700] {dagbag.py:588} INFO - Filling up the DagBag from /home/dataengineer/.pyenv/versions/3.9.21/lib/python3.9/site-packages/airflow/example_dags/plugins/workday.py
[2025-02-16T16:38:42.440+0700] {processor.py:927} WARNING - No viable dags retrieved from /home/dataengineer/.pyenv/versions/3.9.21/lib/python3.9/site-packages/airflow/example_dags/plugins/workday.py
[2025-02-16T16:38:42.450+0700] {processor.py:208} INFO - Processing /home/dataengineer/.pyenv/versions/3.9.21/lib/python3.9/site-packages/airflow/example_dags/plugins/workday.py took 0.022 seconds
[2025-02-16T16:39:31.404+0700] {processor.py:186} INFO - Started process (PID=37140) to work on /home/dataengineer/.pyenv/versions/3.9.21/lib/python3.9/site-packages/airflow/example_dags/plugins/workday.py
[2025-02-16T16:39:31.405+0700] {processor.py:914} INFO - Processing file /home/dataengineer/.pyenv/versions/3.9.21/lib/python3.9/site-packages/airflow/example_dags/plugins/workday.py for tasks to queue
[2025-02-16T16:39:31.406+0700] {logging_mixin.py:190} INFO - [2025-02-16T16:39:31.406+0700] {dagbag.py:588} INFO - Filling up the DagBag from /home/dataengineer/.pyenv/versions/3.9.21/lib/python3.9/site-packages/airflow/example_dags/plugins/workday.py
[2025-02-16T16:39:31.409+0700] {processor.py:927} WARNING - No viable dags retrieved from /home/dataengineer/.pyenv/versions/3.9.21/lib/python3.9/site-packages/airflow/example_dags/plugins/workday.py
[2025-02-16T16:39:31.419+0700] {processor.py:208} INFO - Processing /home/dataengineer/.pyenv/versions/3.9.21/lib/python3.9/site-packages/airflow/example_dags/plugins/workday.py took 0.021 seconds
[2025-02-16T16:40:21.010+0700] {processor.py:186} INFO - Started process (PID=37558) to work on /home/dataengineer/.pyenv/versions/3.9.21/lib/python3.9/site-packages/airflow/example_dags/plugins/workday.py
[2025-02-16T16:40:21.011+0700] {processor.py:914} INFO - Processing file /home/dataengineer/.pyenv/versions/3.9.21/lib/python3.9/site-packages/airflow/example_dags/plugins/workday.py for tasks to queue
[2025-02-16T16:40:21.013+0700] {logging_mixin.py:190} INFO - [2025-02-16T16:40:21.012+0700] {dagbag.py:588} INFO - Filling up the DagBag from /home/dataengineer/.pyenv/versions/3.9.21/lib/python3.9/site-packages/airflow/example_dags/plugins/workday.py
[2025-02-16T16:40:21.018+0700] {processor.py:927} WARNING - No viable dags retrieved from /home/dataengineer/.pyenv/versions/3.9.21/lib/python3.9/site-packages/airflow/example_dags/plugins/workday.py
[2025-02-16T16:40:21.033+0700] {processor.py:208} INFO - Processing /home/dataengineer/.pyenv/versions/3.9.21/lib/python3.9/site-packages/airflow/example_dags/plugins/workday.py took 0.033 seconds
[2025-02-16T16:41:10.215+0700] {processor.py:186} INFO - Started process (PID=37814) to work on /home/dataengineer/.pyenv/versions/3.9.21/lib/python3.9/site-packages/airflow/example_dags/plugins/workday.py
[2025-02-16T16:41:10.216+0700] {processor.py:914} INFO - Processing file /home/dataengineer/.pyenv/versions/3.9.21/lib/python3.9/site-packages/airflow/example_dags/plugins/workday.py for tasks to queue
[2025-02-16T16:41:10.218+0700] {logging_mixin.py:190} INFO - [2025-02-16T16:41:10.217+0700] {dagbag.py:588} INFO - Filling up the DagBag from /home/dataengineer/.pyenv/versions/3.9.21/lib/python3.9/site-packages/airflow/example_dags/plugins/workday.py
[2025-02-16T16:41:10.220+0700] {processor.py:927} WARNING - No viable dags retrieved from /home/dataengineer/.pyenv/versions/3.9.21/lib/python3.9/site-packages/airflow/example_dags/plugins/workday.py
[2025-02-16T16:41:10.229+0700] {processor.py:208} INFO - Processing /home/dataengineer/.pyenv/versions/3.9.21/lib/python3.9/site-packages/airflow/example_dags/plugins/workday.py took 0.020 seconds
[2025-02-16T16:41:59.962+0700] {processor.py:186} INFO - Started process (PID=38021) to work on /home/dataengineer/.pyenv/versions/3.9.21/lib/python3.9/site-packages/airflow/example_dags/plugins/workday.py
[2025-02-16T16:41:59.963+0700] {processor.py:914} INFO - Processing file /home/dataengineer/.pyenv/versions/3.9.21/lib/python3.9/site-packages/airflow/example_dags/plugins/workday.py for tasks to queue
[2025-02-16T16:41:59.965+0700] {logging_mixin.py:190} INFO - [2025-02-16T16:41:59.964+0700] {dagbag.py:588} INFO - Filling up the DagBag from /home/dataengineer/.pyenv/versions/3.9.21/lib/python3.9/site-packages/airflow/example_dags/plugins/workday.py
[2025-02-16T16:41:59.967+0700] {processor.py:927} WARNING - No viable dags retrieved from /home/dataengineer/.pyenv/versions/3.9.21/lib/python3.9/site-packages/airflow/example_dags/plugins/workday.py
[2025-02-16T16:41:59.977+0700] {processor.py:208} INFO - Processing /home/dataengineer/.pyenv/versions/3.9.21/lib/python3.9/site-packages/airflow/example_dags/plugins/workday.py took 0.021 seconds
[2025-02-16T16:42:48.445+0700] {processor.py:186} INFO - Started process (PID=38228) to work on /home/dataengineer/.pyenv/versions/3.9.21/lib/python3.9/site-packages/airflow/example_dags/plugins/workday.py
[2025-02-16T16:42:48.446+0700] {processor.py:914} INFO - Processing file /home/dataengineer/.pyenv/versions/3.9.21/lib/python3.9/site-packages/airflow/example_dags/plugins/workday.py for tasks to queue
[2025-02-16T16:42:48.447+0700] {logging_mixin.py:190} INFO - [2025-02-16T16:42:48.447+0700] {dagbag.py:588} INFO - Filling up the DagBag from /home/dataengineer/.pyenv/versions/3.9.21/lib/python3.9/site-packages/airflow/example_dags/plugins/workday.py
[2025-02-16T16:42:48.450+0700] {processor.py:927} WARNING - No viable dags retrieved from /home/dataengineer/.pyenv/versions/3.9.21/lib/python3.9/site-packages/airflow/example_dags/plugins/workday.py
[2025-02-16T16:42:48.458+0700] {processor.py:208} INFO - Processing /home/dataengineer/.pyenv/versions/3.9.21/lib/python3.9/site-packages/airflow/example_dags/plugins/workday.py took 0.019 seconds
[2025-02-16T16:43:35.673+0700] {processor.py:186} INFO - Started process (PID=38431) to work on /home/dataengineer/.pyenv/versions/3.9.21/lib/python3.9/site-packages/airflow/example_dags/plugins/workday.py
[2025-02-16T16:43:35.674+0700] {processor.py:914} INFO - Processing file /home/dataengineer/.pyenv/versions/3.9.21/lib/python3.9/site-packages/airflow/example_dags/plugins/workday.py for tasks to queue
[2025-02-16T16:43:35.675+0700] {logging_mixin.py:190} INFO - [2025-02-16T16:43:35.675+0700] {dagbag.py:588} INFO - Filling up the DagBag from /home/dataengineer/.pyenv/versions/3.9.21/lib/python3.9/site-packages/airflow/example_dags/plugins/workday.py
[2025-02-16T16:43:35.677+0700] {processor.py:927} WARNING - No viable dags retrieved from /home/dataengineer/.pyenv/versions/3.9.21/lib/python3.9/site-packages/airflow/example_dags/plugins/workday.py
[2025-02-16T16:43:35.686+0700] {processor.py:208} INFO - Processing /home/dataengineer/.pyenv/versions/3.9.21/lib/python3.9/site-packages/airflow/example_dags/plugins/workday.py took 0.019 seconds
[2025-02-16T16:44:23.788+0700] {processor.py:186} INFO - Started process (PID=38632) to work on /home/dataengineer/.pyenv/versions/3.9.21/lib/python3.9/site-packages/airflow/example_dags/plugins/workday.py
[2025-02-16T16:44:23.789+0700] {processor.py:914} INFO - Processing file /home/dataengineer/.pyenv/versions/3.9.21/lib/python3.9/site-packages/airflow/example_dags/plugins/workday.py for tasks to queue
[2025-02-16T16:44:23.791+0700] {logging_mixin.py:190} INFO - [2025-02-16T16:44:23.790+0700] {dagbag.py:588} INFO - Filling up the DagBag from /home/dataengineer/.pyenv/versions/3.9.21/lib/python3.9/site-packages/airflow/example_dags/plugins/workday.py
[2025-02-16T16:44:23.793+0700] {processor.py:927} WARNING - No viable dags retrieved from /home/dataengineer/.pyenv/versions/3.9.21/lib/python3.9/site-packages/airflow/example_dags/plugins/workday.py
[2025-02-16T16:44:23.802+0700] {processor.py:208} INFO - Processing /home/dataengineer/.pyenv/versions/3.9.21/lib/python3.9/site-packages/airflow/example_dags/plugins/workday.py took 0.020 seconds
[2025-02-16T16:45:08.686+0700] {processor.py:186} INFO - Started process (PID=38838) to work on /home/dataengineer/.pyenv/versions/3.9.21/lib/python3.9/site-packages/airflow/example_dags/plugins/workday.py
[2025-02-16T16:45:08.687+0700] {processor.py:914} INFO - Processing file /home/dataengineer/.pyenv/versions/3.9.21/lib/python3.9/site-packages/airflow/example_dags/plugins/workday.py for tasks to queue
[2025-02-16T16:45:08.689+0700] {logging_mixin.py:190} INFO - [2025-02-16T16:45:08.688+0700] {dagbag.py:588} INFO - Filling up the DagBag from /home/dataengineer/.pyenv/versions/3.9.21/lib/python3.9/site-packages/airflow/example_dags/plugins/workday.py
[2025-02-16T16:45:08.691+0700] {processor.py:927} WARNING - No viable dags retrieved from /home/dataengineer/.pyenv/versions/3.9.21/lib/python3.9/site-packages/airflow/example_dags/plugins/workday.py
[2025-02-16T16:45:08.701+0700] {processor.py:208} INFO - Processing /home/dataengineer/.pyenv/versions/3.9.21/lib/python3.9/site-packages/airflow/example_dags/plugins/workday.py took 0.021 seconds
[2025-02-16T16:45:55.797+0700] {processor.py:186} INFO - Started process (PID=39059) to work on /home/dataengineer/.pyenv/versions/3.9.21/lib/python3.9/site-packages/airflow/example_dags/plugins/workday.py
[2025-02-16T16:45:55.799+0700] {processor.py:914} INFO - Processing file /home/dataengineer/.pyenv/versions/3.9.21/lib/python3.9/site-packages/airflow/example_dags/plugins/workday.py for tasks to queue
[2025-02-16T16:45:55.801+0700] {logging_mixin.py:190} INFO - [2025-02-16T16:45:55.800+0700] {dagbag.py:588} INFO - Filling up the DagBag from /home/dataengineer/.pyenv/versions/3.9.21/lib/python3.9/site-packages/airflow/example_dags/plugins/workday.py
[2025-02-16T16:45:55.804+0700] {processor.py:927} WARNING - No viable dags retrieved from /home/dataengineer/.pyenv/versions/3.9.21/lib/python3.9/site-packages/airflow/example_dags/plugins/workday.py
[2025-02-16T16:45:55.814+0700] {processor.py:208} INFO - Processing /home/dataengineer/.pyenv/versions/3.9.21/lib/python3.9/site-packages/airflow/example_dags/plugins/workday.py took 0.024 seconds
[2025-02-16T16:46:41.531+0700] {processor.py:186} INFO - Started process (PID=39255) to work on /home/dataengineer/.pyenv/versions/3.9.21/lib/python3.9/site-packages/airflow/example_dags/plugins/workday.py
[2025-02-16T16:46:41.532+0700] {processor.py:914} INFO - Processing file /home/dataengineer/.pyenv/versions/3.9.21/lib/python3.9/site-packages/airflow/example_dags/plugins/workday.py for tasks to queue
[2025-02-16T16:46:41.533+0700] {logging_mixin.py:190} INFO - [2025-02-16T16:46:41.533+0700] {dagbag.py:588} INFO - Filling up the DagBag from /home/dataengineer/.pyenv/versions/3.9.21/lib/python3.9/site-packages/airflow/example_dags/plugins/workday.py
[2025-02-16T16:46:41.536+0700] {processor.py:927} WARNING - No viable dags retrieved from /home/dataengineer/.pyenv/versions/3.9.21/lib/python3.9/site-packages/airflow/example_dags/plugins/workday.py
[2025-02-16T16:46:41.544+0700] {processor.py:208} INFO - Processing /home/dataengineer/.pyenv/versions/3.9.21/lib/python3.9/site-packages/airflow/example_dags/plugins/workday.py took 0.020 seconds
[2025-02-16T16:47:27.615+0700] {processor.py:186} INFO - Started process (PID=39449) to work on /home/dataengineer/.pyenv/versions/3.9.21/lib/python3.9/site-packages/airflow/example_dags/plugins/workday.py
[2025-02-16T16:47:27.616+0700] {processor.py:914} INFO - Processing file /home/dataengineer/.pyenv/versions/3.9.21/lib/python3.9/site-packages/airflow/example_dags/plugins/workday.py for tasks to queue
[2025-02-16T16:47:27.617+0700] {logging_mixin.py:190} INFO - [2025-02-16T16:47:27.617+0700] {dagbag.py:588} INFO - Filling up the DagBag from /home/dataengineer/.pyenv/versions/3.9.21/lib/python3.9/site-packages/airflow/example_dags/plugins/workday.py
[2025-02-16T16:47:27.620+0700] {processor.py:927} WARNING - No viable dags retrieved from /home/dataengineer/.pyenv/versions/3.9.21/lib/python3.9/site-packages/airflow/example_dags/plugins/workday.py
[2025-02-16T16:47:27.631+0700] {processor.py:208} INFO - Processing /home/dataengineer/.pyenv/versions/3.9.21/lib/python3.9/site-packages/airflow/example_dags/plugins/workday.py took 0.022 seconds
[2025-02-16T16:48:15.415+0700] {processor.py:186} INFO - Started process (PID=39683) to work on /home/dataengineer/.pyenv/versions/3.9.21/lib/python3.9/site-packages/airflow/example_dags/plugins/workday.py
[2025-02-16T16:48:15.416+0700] {processor.py:914} INFO - Processing file /home/dataengineer/.pyenv/versions/3.9.21/lib/python3.9/site-packages/airflow/example_dags/plugins/workday.py for tasks to queue
[2025-02-16T16:48:15.417+0700] {logging_mixin.py:190} INFO - [2025-02-16T16:48:15.417+0700] {dagbag.py:588} INFO - Filling up the DagBag from /home/dataengineer/.pyenv/versions/3.9.21/lib/python3.9/site-packages/airflow/example_dags/plugins/workday.py
[2025-02-16T16:48:15.420+0700] {processor.py:927} WARNING - No viable dags retrieved from /home/dataengineer/.pyenv/versions/3.9.21/lib/python3.9/site-packages/airflow/example_dags/plugins/workday.py
[2025-02-16T16:48:15.429+0700] {processor.py:208} INFO - Processing /home/dataengineer/.pyenv/versions/3.9.21/lib/python3.9/site-packages/airflow/example_dags/plugins/workday.py took 0.020 seconds
[2025-02-16T16:49:04.151+0700] {processor.py:186} INFO - Started process (PID=39969) to work on /home/dataengineer/.pyenv/versions/3.9.21/lib/python3.9/site-packages/airflow/example_dags/plugins/workday.py
[2025-02-16T16:49:04.153+0700] {processor.py:914} INFO - Processing file /home/dataengineer/.pyenv/versions/3.9.21/lib/python3.9/site-packages/airflow/example_dags/plugins/workday.py for tasks to queue
[2025-02-16T16:49:04.154+0700] {logging_mixin.py:190} INFO - [2025-02-16T16:49:04.153+0700] {dagbag.py:588} INFO - Filling up the DagBag from /home/dataengineer/.pyenv/versions/3.9.21/lib/python3.9/site-packages/airflow/example_dags/plugins/workday.py
[2025-02-16T16:49:04.156+0700] {processor.py:927} WARNING - No viable dags retrieved from /home/dataengineer/.pyenv/versions/3.9.21/lib/python3.9/site-packages/airflow/example_dags/plugins/workday.py
[2025-02-16T16:49:04.165+0700] {processor.py:208} INFO - Processing /home/dataengineer/.pyenv/versions/3.9.21/lib/python3.9/site-packages/airflow/example_dags/plugins/workday.py took 0.018 seconds
[2025-02-16T16:49:53.476+0700] {processor.py:186} INFO - Started process (PID=40175) to work on /home/dataengineer/.pyenv/versions/3.9.21/lib/python3.9/site-packages/airflow/example_dags/plugins/workday.py
[2025-02-16T16:49:53.479+0700] {processor.py:914} INFO - Processing file /home/dataengineer/.pyenv/versions/3.9.21/lib/python3.9/site-packages/airflow/example_dags/plugins/workday.py for tasks to queue
[2025-02-16T16:49:53.480+0700] {logging_mixin.py:190} INFO - [2025-02-16T16:49:53.480+0700] {dagbag.py:588} INFO - Filling up the DagBag from /home/dataengineer/.pyenv/versions/3.9.21/lib/python3.9/site-packages/airflow/example_dags/plugins/workday.py
[2025-02-16T16:49:53.484+0700] {processor.py:927} WARNING - No viable dags retrieved from /home/dataengineer/.pyenv/versions/3.9.21/lib/python3.9/site-packages/airflow/example_dags/plugins/workday.py
[2025-02-16T16:49:53.497+0700] {processor.py:208} INFO - Processing /home/dataengineer/.pyenv/versions/3.9.21/lib/python3.9/site-packages/airflow/example_dags/plugins/workday.py took 0.026 seconds
[2025-02-16T16:50:44.409+0700] {processor.py:186} INFO - Started process (PID=40404) to work on /home/dataengineer/.pyenv/versions/3.9.21/lib/python3.9/site-packages/airflow/example_dags/plugins/workday.py
[2025-02-16T16:50:44.410+0700] {processor.py:914} INFO - Processing file /home/dataengineer/.pyenv/versions/3.9.21/lib/python3.9/site-packages/airflow/example_dags/plugins/workday.py for tasks to queue
[2025-02-16T16:50:44.412+0700] {logging_mixin.py:190} INFO - [2025-02-16T16:50:44.411+0700] {dagbag.py:588} INFO - Filling up the DagBag from /home/dataengineer/.pyenv/versions/3.9.21/lib/python3.9/site-packages/airflow/example_dags/plugins/workday.py
[2025-02-16T16:50:44.415+0700] {processor.py:927} WARNING - No viable dags retrieved from /home/dataengineer/.pyenv/versions/3.9.21/lib/python3.9/site-packages/airflow/example_dags/plugins/workday.py
[2025-02-16T16:50:44.427+0700] {processor.py:208} INFO - Processing /home/dataengineer/.pyenv/versions/3.9.21/lib/python3.9/site-packages/airflow/example_dags/plugins/workday.py took 0.025 seconds
[2025-02-16T16:51:33.222+0700] {processor.py:186} INFO - Started process (PID=40623) to work on /home/dataengineer/.pyenv/versions/3.9.21/lib/python3.9/site-packages/airflow/example_dags/plugins/workday.py
[2025-02-16T16:51:33.223+0700] {processor.py:914} INFO - Processing file /home/dataengineer/.pyenv/versions/3.9.21/lib/python3.9/site-packages/airflow/example_dags/plugins/workday.py for tasks to queue
[2025-02-16T16:51:33.224+0700] {logging_mixin.py:190} INFO - [2025-02-16T16:51:33.224+0700] {dagbag.py:588} INFO - Filling up the DagBag from /home/dataengineer/.pyenv/versions/3.9.21/lib/python3.9/site-packages/airflow/example_dags/plugins/workday.py
[2025-02-16T16:51:33.228+0700] {processor.py:927} WARNING - No viable dags retrieved from /home/dataengineer/.pyenv/versions/3.9.21/lib/python3.9/site-packages/airflow/example_dags/plugins/workday.py
[2025-02-16T16:51:33.238+0700] {processor.py:208} INFO - Processing /home/dataengineer/.pyenv/versions/3.9.21/lib/python3.9/site-packages/airflow/example_dags/plugins/workday.py took 0.023 seconds
[2025-02-16T16:52:19.858+0700] {processor.py:186} INFO - Started process (PID=40813) to work on /home/dataengineer/.pyenv/versions/3.9.21/lib/python3.9/site-packages/airflow/example_dags/plugins/workday.py
[2025-02-16T16:52:19.859+0700] {processor.py:914} INFO - Processing file /home/dataengineer/.pyenv/versions/3.9.21/lib/python3.9/site-packages/airflow/example_dags/plugins/workday.py for tasks to queue
[2025-02-16T16:52:19.861+0700] {logging_mixin.py:190} INFO - [2025-02-16T16:52:19.860+0700] {dagbag.py:588} INFO - Filling up the DagBag from /home/dataengineer/.pyenv/versions/3.9.21/lib/python3.9/site-packages/airflow/example_dags/plugins/workday.py
[2025-02-16T16:52:19.864+0700] {processor.py:927} WARNING - No viable dags retrieved from /home/dataengineer/.pyenv/versions/3.9.21/lib/python3.9/site-packages/airflow/example_dags/plugins/workday.py
[2025-02-16T16:52:19.873+0700] {processor.py:208} INFO - Processing /home/dataengineer/.pyenv/versions/3.9.21/lib/python3.9/site-packages/airflow/example_dags/plugins/workday.py took 0.021 seconds
[2025-02-16T16:53:07.978+0700] {processor.py:186} INFO - Started process (PID=41017) to work on /home/dataengineer/.pyenv/versions/3.9.21/lib/python3.9/site-packages/airflow/example_dags/plugins/workday.py
[2025-02-16T16:53:07.979+0700] {processor.py:914} INFO - Processing file /home/dataengineer/.pyenv/versions/3.9.21/lib/python3.9/site-packages/airflow/example_dags/plugins/workday.py for tasks to queue
[2025-02-16T16:53:07.980+0700] {logging_mixin.py:190} INFO - [2025-02-16T16:53:07.980+0700] {dagbag.py:588} INFO - Filling up the DagBag from /home/dataengineer/.pyenv/versions/3.9.21/lib/python3.9/site-packages/airflow/example_dags/plugins/workday.py
[2025-02-16T16:53:07.983+0700] {processor.py:927} WARNING - No viable dags retrieved from /home/dataengineer/.pyenv/versions/3.9.21/lib/python3.9/site-packages/airflow/example_dags/plugins/workday.py
[2025-02-16T16:53:07.991+0700] {processor.py:208} INFO - Processing /home/dataengineer/.pyenv/versions/3.9.21/lib/python3.9/site-packages/airflow/example_dags/plugins/workday.py took 0.019 seconds
[2025-02-16T16:53:59.257+0700] {processor.py:186} INFO - Started process (PID=41265) to work on /home/dataengineer/.pyenv/versions/3.9.21/lib/python3.9/site-packages/airflow/example_dags/plugins/workday.py
[2025-02-16T16:53:59.258+0700] {processor.py:914} INFO - Processing file /home/dataengineer/.pyenv/versions/3.9.21/lib/python3.9/site-packages/airflow/example_dags/plugins/workday.py for tasks to queue
[2025-02-16T16:53:59.259+0700] {logging_mixin.py:190} INFO - [2025-02-16T16:53:59.259+0700] {dagbag.py:588} INFO - Filling up the DagBag from /home/dataengineer/.pyenv/versions/3.9.21/lib/python3.9/site-packages/airflow/example_dags/plugins/workday.py
[2025-02-16T16:53:59.261+0700] {processor.py:927} WARNING - No viable dags retrieved from /home/dataengineer/.pyenv/versions/3.9.21/lib/python3.9/site-packages/airflow/example_dags/plugins/workday.py
[2025-02-16T16:53:59.271+0700] {processor.py:208} INFO - Processing /home/dataengineer/.pyenv/versions/3.9.21/lib/python3.9/site-packages/airflow/example_dags/plugins/workday.py took 0.020 seconds
[2025-02-16T16:54:50.375+0700] {processor.py:186} INFO - Started process (PID=41502) to work on /home/dataengineer/.pyenv/versions/3.9.21/lib/python3.9/site-packages/airflow/example_dags/plugins/workday.py
[2025-02-16T16:54:50.376+0700] {processor.py:914} INFO - Processing file /home/dataengineer/.pyenv/versions/3.9.21/lib/python3.9/site-packages/airflow/example_dags/plugins/workday.py for tasks to queue
[2025-02-16T16:54:50.378+0700] {logging_mixin.py:190} INFO - [2025-02-16T16:54:50.377+0700] {dagbag.py:588} INFO - Filling up the DagBag from /home/dataengineer/.pyenv/versions/3.9.21/lib/python3.9/site-packages/airflow/example_dags/plugins/workday.py
[2025-02-16T16:54:50.380+0700] {processor.py:927} WARNING - No viable dags retrieved from /home/dataengineer/.pyenv/versions/3.9.21/lib/python3.9/site-packages/airflow/example_dags/plugins/workday.py
[2025-02-16T16:54:50.389+0700] {processor.py:208} INFO - Processing /home/dataengineer/.pyenv/versions/3.9.21/lib/python3.9/site-packages/airflow/example_dags/plugins/workday.py took 0.019 seconds
[2025-02-16T16:55:37.543+0700] {processor.py:186} INFO - Started process (PID=41709) to work on /home/dataengineer/.pyenv/versions/3.9.21/lib/python3.9/site-packages/airflow/example_dags/plugins/workday.py
[2025-02-16T16:55:37.544+0700] {processor.py:914} INFO - Processing file /home/dataengineer/.pyenv/versions/3.9.21/lib/python3.9/site-packages/airflow/example_dags/plugins/workday.py for tasks to queue
[2025-02-16T16:55:37.546+0700] {logging_mixin.py:190} INFO - [2025-02-16T16:55:37.545+0700] {dagbag.py:588} INFO - Filling up the DagBag from /home/dataengineer/.pyenv/versions/3.9.21/lib/python3.9/site-packages/airflow/example_dags/plugins/workday.py
[2025-02-16T16:55:37.548+0700] {processor.py:927} WARNING - No viable dags retrieved from /home/dataengineer/.pyenv/versions/3.9.21/lib/python3.9/site-packages/airflow/example_dags/plugins/workday.py
[2025-02-16T16:55:37.557+0700] {processor.py:208} INFO - Processing /home/dataengineer/.pyenv/versions/3.9.21/lib/python3.9/site-packages/airflow/example_dags/plugins/workday.py took 0.021 seconds
[2025-02-16T16:56:26.625+0700] {processor.py:186} INFO - Started process (PID=41909) to work on /home/dataengineer/.pyenv/versions/3.9.21/lib/python3.9/site-packages/airflow/example_dags/plugins/workday.py
[2025-02-16T16:56:26.627+0700] {processor.py:914} INFO - Processing file /home/dataengineer/.pyenv/versions/3.9.21/lib/python3.9/site-packages/airflow/example_dags/plugins/workday.py for tasks to queue
[2025-02-16T16:56:26.629+0700] {logging_mixin.py:190} INFO - [2025-02-16T16:56:26.628+0700] {dagbag.py:588} INFO - Filling up the DagBag from /home/dataengineer/.pyenv/versions/3.9.21/lib/python3.9/site-packages/airflow/example_dags/plugins/workday.py
[2025-02-16T16:56:26.631+0700] {processor.py:927} WARNING - No viable dags retrieved from /home/dataengineer/.pyenv/versions/3.9.21/lib/python3.9/site-packages/airflow/example_dags/plugins/workday.py
[2025-02-16T16:56:26.641+0700] {processor.py:208} INFO - Processing /home/dataengineer/.pyenv/versions/3.9.21/lib/python3.9/site-packages/airflow/example_dags/plugins/workday.py took 0.023 seconds
[2025-02-16T16:57:10.363+0700] {processor.py:186} INFO - Started process (PID=42464) to work on /home/dataengineer/.pyenv/versions/3.9.21/lib/python3.9/site-packages/airflow/example_dags/plugins/workday.py
[2025-02-16T16:57:10.364+0700] {processor.py:914} INFO - Processing file /home/dataengineer/.pyenv/versions/3.9.21/lib/python3.9/site-packages/airflow/example_dags/plugins/workday.py for tasks to queue
[2025-02-16T16:57:10.365+0700] {logging_mixin.py:190} INFO - [2025-02-16T16:57:10.365+0700] {dagbag.py:588} INFO - Filling up the DagBag from /home/dataengineer/.pyenv/versions/3.9.21/lib/python3.9/site-packages/airflow/example_dags/plugins/workday.py
[2025-02-16T16:57:10.369+0700] {processor.py:927} WARNING - No viable dags retrieved from /home/dataengineer/.pyenv/versions/3.9.21/lib/python3.9/site-packages/airflow/example_dags/plugins/workday.py
[2025-02-16T16:57:10.378+0700] {processor.py:208} INFO - Processing /home/dataengineer/.pyenv/versions/3.9.21/lib/python3.9/site-packages/airflow/example_dags/plugins/workday.py took 0.022 seconds
[2025-02-16T16:57:59.952+0700] {processor.py:186} INFO - Started process (PID=42755) to work on /home/dataengineer/.pyenv/versions/3.9.21/lib/python3.9/site-packages/airflow/example_dags/plugins/workday.py
[2025-02-16T16:57:59.953+0700] {processor.py:914} INFO - Processing file /home/dataengineer/.pyenv/versions/3.9.21/lib/python3.9/site-packages/airflow/example_dags/plugins/workday.py for tasks to queue
[2025-02-16T16:57:59.954+0700] {logging_mixin.py:190} INFO - [2025-02-16T16:57:59.954+0700] {dagbag.py:588} INFO - Filling up the DagBag from /home/dataengineer/.pyenv/versions/3.9.21/lib/python3.9/site-packages/airflow/example_dags/plugins/workday.py
[2025-02-16T16:57:59.957+0700] {processor.py:927} WARNING - No viable dags retrieved from /home/dataengineer/.pyenv/versions/3.9.21/lib/python3.9/site-packages/airflow/example_dags/plugins/workday.py
[2025-02-16T16:57:59.967+0700] {processor.py:208} INFO - Processing /home/dataengineer/.pyenv/versions/3.9.21/lib/python3.9/site-packages/airflow/example_dags/plugins/workday.py took 0.022 seconds
[2025-02-16T16:58:51.476+0700] {processor.py:186} INFO - Started process (PID=43193) to work on /home/dataengineer/.pyenv/versions/3.9.21/lib/python3.9/site-packages/airflow/example_dags/plugins/workday.py
[2025-02-16T16:58:51.477+0700] {processor.py:914} INFO - Processing file /home/dataengineer/.pyenv/versions/3.9.21/lib/python3.9/site-packages/airflow/example_dags/plugins/workday.py for tasks to queue
[2025-02-16T16:58:51.479+0700] {logging_mixin.py:190} INFO - [2025-02-16T16:58:51.478+0700] {dagbag.py:588} INFO - Filling up the DagBag from /home/dataengineer/.pyenv/versions/3.9.21/lib/python3.9/site-packages/airflow/example_dags/plugins/workday.py
[2025-02-16T16:58:51.483+0700] {processor.py:927} WARNING - No viable dags retrieved from /home/dataengineer/.pyenv/versions/3.9.21/lib/python3.9/site-packages/airflow/example_dags/plugins/workday.py
[2025-02-16T16:58:51.494+0700] {processor.py:208} INFO - Processing /home/dataengineer/.pyenv/versions/3.9.21/lib/python3.9/site-packages/airflow/example_dags/plugins/workday.py took 0.025 seconds
[2025-02-16T16:59:42.749+0700] {processor.py:186} INFO - Started process (PID=43408) to work on /home/dataengineer/.pyenv/versions/3.9.21/lib/python3.9/site-packages/airflow/example_dags/plugins/workday.py
[2025-02-16T16:59:42.750+0700] {processor.py:914} INFO - Processing file /home/dataengineer/.pyenv/versions/3.9.21/lib/python3.9/site-packages/airflow/example_dags/plugins/workday.py for tasks to queue
[2025-02-16T16:59:42.751+0700] {logging_mixin.py:190} INFO - [2025-02-16T16:59:42.751+0700] {dagbag.py:588} INFO - Filling up the DagBag from /home/dataengineer/.pyenv/versions/3.9.21/lib/python3.9/site-packages/airflow/example_dags/plugins/workday.py
[2025-02-16T16:59:42.754+0700] {processor.py:927} WARNING - No viable dags retrieved from /home/dataengineer/.pyenv/versions/3.9.21/lib/python3.9/site-packages/airflow/example_dags/plugins/workday.py
[2025-02-16T16:59:42.764+0700] {processor.py:208} INFO - Processing /home/dataengineer/.pyenv/versions/3.9.21/lib/python3.9/site-packages/airflow/example_dags/plugins/workday.py took 0.021 seconds
