[2025-03-08T00:56:47.471+0700] {processor.py:186} INFO - Started process (PID=36391) to work on /home/dataengineer/.pyenv/versions/3.9.21/lib/python3.9/site-packages/airflow/example_dags/subdags/subdag.py
[2025-03-08T00:56:47.472+0700] {processor.py:914} INFO - Processing file /home/dataengineer/.pyenv/versions/3.9.21/lib/python3.9/site-packages/airflow/example_dags/subdags/subdag.py for tasks to queue
[2025-03-08T00:56:47.474+0700] {logging_mixin.py:190} INFO - [2025-03-08T00:56:47.474+0700] {dagbag.py:588} INFO - Filling up the DagBag from /home/dataengineer/.pyenv/versions/3.9.21/lib/python3.9/site-packages/airflow/example_dags/subdags/subdag.py
[2025-03-08T00:56:47.476+0700] {processor.py:927} WARNING - No viable dags retrieved from /home/dataengineer/.pyenv/versions/3.9.21/lib/python3.9/site-packages/airflow/example_dags/subdags/subdag.py
[2025-03-08T00:56:47.485+0700] {processor.py:208} INFO - Processing /home/dataengineer/.pyenv/versions/3.9.21/lib/python3.9/site-packages/airflow/example_dags/subdags/subdag.py took 0.020 seconds
[2025-03-08T00:57:52.119+0700] {processor.py:186} INFO - Started process (PID=37020) to work on /home/dataengineer/.pyenv/versions/3.9.21/lib/python3.9/site-packages/airflow/example_dags/subdags/subdag.py
[2025-03-08T00:57:52.120+0700] {processor.py:914} INFO - Processing file /home/dataengineer/.pyenv/versions/3.9.21/lib/python3.9/site-packages/airflow/example_dags/subdags/subdag.py for tasks to queue
[2025-03-08T00:57:52.122+0700] {logging_mixin.py:190} INFO - [2025-03-08T00:57:52.122+0700] {dagbag.py:588} INFO - Filling up the DagBag from /home/dataengineer/.pyenv/versions/3.9.21/lib/python3.9/site-packages/airflow/example_dags/subdags/subdag.py
[2025-03-08T00:57:52.126+0700] {processor.py:927} WARNING - No viable dags retrieved from /home/dataengineer/.pyenv/versions/3.9.21/lib/python3.9/site-packages/airflow/example_dags/subdags/subdag.py
[2025-03-08T00:57:52.136+0700] {processor.py:208} INFO - Processing /home/dataengineer/.pyenv/versions/3.9.21/lib/python3.9/site-packages/airflow/example_dags/subdags/subdag.py took 0.024 seconds
[2025-03-08T00:58:52.772+0700] {processor.py:186} INFO - Started process (PID=37479) to work on /home/dataengineer/.pyenv/versions/3.9.21/lib/python3.9/site-packages/airflow/example_dags/subdags/subdag.py
[2025-03-08T00:58:52.774+0700] {processor.py:914} INFO - Processing file /home/dataengineer/.pyenv/versions/3.9.21/lib/python3.9/site-packages/airflow/example_dags/subdags/subdag.py for tasks to queue
[2025-03-08T00:58:52.776+0700] {logging_mixin.py:190} INFO - [2025-03-08T00:58:52.775+0700] {dagbag.py:588} INFO - Filling up the DagBag from /home/dataengineer/.pyenv/versions/3.9.21/lib/python3.9/site-packages/airflow/example_dags/subdags/subdag.py
[2025-03-08T00:58:52.778+0700] {processor.py:927} WARNING - No viable dags retrieved from /home/dataengineer/.pyenv/versions/3.9.21/lib/python3.9/site-packages/airflow/example_dags/subdags/subdag.py
[2025-03-08T00:58:52.785+0700] {processor.py:208} INFO - Processing /home/dataengineer/.pyenv/versions/3.9.21/lib/python3.9/site-packages/airflow/example_dags/subdags/subdag.py took 0.018 seconds
[2025-03-08T00:59:54.455+0700] {processor.py:186} INFO - Started process (PID=37906) to work on /home/dataengineer/.pyenv/versions/3.9.21/lib/python3.9/site-packages/airflow/example_dags/subdags/subdag.py
[2025-03-08T00:59:54.457+0700] {processor.py:914} INFO - Processing file /home/dataengineer/.pyenv/versions/3.9.21/lib/python3.9/site-packages/airflow/example_dags/subdags/subdag.py for tasks to queue
[2025-03-08T00:59:54.459+0700] {logging_mixin.py:190} INFO - [2025-03-08T00:59:54.458+0700] {dagbag.py:588} INFO - Filling up the DagBag from /home/dataengineer/.pyenv/versions/3.9.21/lib/python3.9/site-packages/airflow/example_dags/subdags/subdag.py
[2025-03-08T00:59:54.461+0700] {processor.py:927} WARNING - No viable dags retrieved from /home/dataengineer/.pyenv/versions/3.9.21/lib/python3.9/site-packages/airflow/example_dags/subdags/subdag.py
[2025-03-08T00:59:54.469+0700] {processor.py:208} INFO - Processing /home/dataengineer/.pyenv/versions/3.9.21/lib/python3.9/site-packages/airflow/example_dags/subdags/subdag.py took 0.020 seconds
[2025-03-08T01:00:57.262+0700] {processor.py:186} INFO - Started process (PID=38338) to work on /home/dataengineer/.pyenv/versions/3.9.21/lib/python3.9/site-packages/airflow/example_dags/subdags/subdag.py
[2025-03-08T01:00:57.263+0700] {processor.py:914} INFO - Processing file /home/dataengineer/.pyenv/versions/3.9.21/lib/python3.9/site-packages/airflow/example_dags/subdags/subdag.py for tasks to queue
[2025-03-08T01:00:57.265+0700] {logging_mixin.py:190} INFO - [2025-03-08T01:00:57.265+0700] {dagbag.py:588} INFO - Filling up the DagBag from /home/dataengineer/.pyenv/versions/3.9.21/lib/python3.9/site-packages/airflow/example_dags/subdags/subdag.py
[2025-03-08T01:00:57.267+0700] {processor.py:927} WARNING - No viable dags retrieved from /home/dataengineer/.pyenv/versions/3.9.21/lib/python3.9/site-packages/airflow/example_dags/subdags/subdag.py
[2025-03-08T01:00:57.277+0700] {processor.py:208} INFO - Processing /home/dataengineer/.pyenv/versions/3.9.21/lib/python3.9/site-packages/airflow/example_dags/subdags/subdag.py took 0.021 seconds
[2025-03-08T01:01:57.840+0700] {processor.py:186} INFO - Started process (PID=38805) to work on /home/dataengineer/.pyenv/versions/3.9.21/lib/python3.9/site-packages/airflow/example_dags/subdags/subdag.py
[2025-03-08T01:01:57.841+0700] {processor.py:914} INFO - Processing file /home/dataengineer/.pyenv/versions/3.9.21/lib/python3.9/site-packages/airflow/example_dags/subdags/subdag.py for tasks to queue
[2025-03-08T01:01:57.843+0700] {logging_mixin.py:190} INFO - [2025-03-08T01:01:57.843+0700] {dagbag.py:588} INFO - Filling up the DagBag from /home/dataengineer/.pyenv/versions/3.9.21/lib/python3.9/site-packages/airflow/example_dags/subdags/subdag.py
[2025-03-08T01:01:57.845+0700] {processor.py:927} WARNING - No viable dags retrieved from /home/dataengineer/.pyenv/versions/3.9.21/lib/python3.9/site-packages/airflow/example_dags/subdags/subdag.py
[2025-03-08T01:01:57.854+0700] {processor.py:208} INFO - Processing /home/dataengineer/.pyenv/versions/3.9.21/lib/python3.9/site-packages/airflow/example_dags/subdags/subdag.py took 0.020 seconds
[2025-03-08T01:03:00.361+0700] {processor.py:186} INFO - Started process (PID=39372) to work on /home/dataengineer/.pyenv/versions/3.9.21/lib/python3.9/site-packages/airflow/example_dags/subdags/subdag.py
[2025-03-08T01:03:00.362+0700] {processor.py:914} INFO - Processing file /home/dataengineer/.pyenv/versions/3.9.21/lib/python3.9/site-packages/airflow/example_dags/subdags/subdag.py for tasks to queue
[2025-03-08T01:03:00.364+0700] {logging_mixin.py:190} INFO - [2025-03-08T01:03:00.364+0700] {dagbag.py:588} INFO - Filling up the DagBag from /home/dataengineer/.pyenv/versions/3.9.21/lib/python3.9/site-packages/airflow/example_dags/subdags/subdag.py
[2025-03-08T01:03:00.366+0700] {processor.py:927} WARNING - No viable dags retrieved from /home/dataengineer/.pyenv/versions/3.9.21/lib/python3.9/site-packages/airflow/example_dags/subdags/subdag.py
[2025-03-08T01:03:00.374+0700] {processor.py:208} INFO - Processing /home/dataengineer/.pyenv/versions/3.9.21/lib/python3.9/site-packages/airflow/example_dags/subdags/subdag.py took 0.018 seconds
[2025-03-08T01:03:59.895+0700] {processor.py:186} INFO - Started process (PID=40137) to work on /home/dataengineer/.pyenv/versions/3.9.21/lib/python3.9/site-packages/airflow/example_dags/subdags/subdag.py
[2025-03-08T01:03:59.896+0700] {processor.py:914} INFO - Processing file /home/dataengineer/.pyenv/versions/3.9.21/lib/python3.9/site-packages/airflow/example_dags/subdags/subdag.py for tasks to queue
[2025-03-08T01:03:59.898+0700] {logging_mixin.py:190} INFO - [2025-03-08T01:03:59.898+0700] {dagbag.py:588} INFO - Filling up the DagBag from /home/dataengineer/.pyenv/versions/3.9.21/lib/python3.9/site-packages/airflow/example_dags/subdags/subdag.py
[2025-03-08T01:03:59.901+0700] {processor.py:927} WARNING - No viable dags retrieved from /home/dataengineer/.pyenv/versions/3.9.21/lib/python3.9/site-packages/airflow/example_dags/subdags/subdag.py
[2025-03-08T01:03:59.910+0700] {processor.py:208} INFO - Processing /home/dataengineer/.pyenv/versions/3.9.21/lib/python3.9/site-packages/airflow/example_dags/subdags/subdag.py took 0.020 seconds
[2025-03-08T01:05:01.424+0700] {processor.py:186} INFO - Started process (PID=42102) to work on /home/dataengineer/.pyenv/versions/3.9.21/lib/python3.9/site-packages/airflow/example_dags/subdags/subdag.py
[2025-03-08T01:05:01.425+0700] {processor.py:914} INFO - Processing file /home/dataengineer/.pyenv/versions/3.9.21/lib/python3.9/site-packages/airflow/example_dags/subdags/subdag.py for tasks to queue
[2025-03-08T01:05:01.427+0700] {logging_mixin.py:190} INFO - [2025-03-08T01:05:01.427+0700] {dagbag.py:588} INFO - Filling up the DagBag from /home/dataengineer/.pyenv/versions/3.9.21/lib/python3.9/site-packages/airflow/example_dags/subdags/subdag.py
[2025-03-08T01:05:01.429+0700] {processor.py:927} WARNING - No viable dags retrieved from /home/dataengineer/.pyenv/versions/3.9.21/lib/python3.9/site-packages/airflow/example_dags/subdags/subdag.py
[2025-03-08T01:05:01.437+0700] {processor.py:208} INFO - Processing /home/dataengineer/.pyenv/versions/3.9.21/lib/python3.9/site-packages/airflow/example_dags/subdags/subdag.py took 0.018 seconds
[2025-03-08T02:20:22.119+0700] {processor.py:186} INFO - Started process (PID=63589) to work on /home/dataengineer/.pyenv/versions/3.9.21/lib/python3.9/site-packages/airflow/example_dags/subdags/subdag.py
[2025-03-08T02:20:22.120+0700] {processor.py:914} INFO - Processing file /home/dataengineer/.pyenv/versions/3.9.21/lib/python3.9/site-packages/airflow/example_dags/subdags/subdag.py for tasks to queue
[2025-03-08T02:20:22.123+0700] {logging_mixin.py:190} INFO - [2025-03-08T02:20:22.122+0700] {dagbag.py:588} INFO - Filling up the DagBag from /home/dataengineer/.pyenv/versions/3.9.21/lib/python3.9/site-packages/airflow/example_dags/subdags/subdag.py
[2025-03-08T02:20:22.125+0700] {processor.py:927} WARNING - No viable dags retrieved from /home/dataengineer/.pyenv/versions/3.9.21/lib/python3.9/site-packages/airflow/example_dags/subdags/subdag.py
[2025-03-08T02:20:22.134+0700] {processor.py:208} INFO - Processing /home/dataengineer/.pyenv/versions/3.9.21/lib/python3.9/site-packages/airflow/example_dags/subdags/subdag.py took 0.021 seconds
[2025-03-08T02:27:06.341+0700] {processor.py:186} INFO - Started process (PID=66496) to work on /home/dataengineer/.pyenv/versions/3.9.21/lib/python3.9/site-packages/airflow/example_dags/subdags/subdag.py
[2025-03-08T02:27:06.342+0700] {processor.py:914} INFO - Processing file /home/dataengineer/.pyenv/versions/3.9.21/lib/python3.9/site-packages/airflow/example_dags/subdags/subdag.py for tasks to queue
[2025-03-08T02:27:06.345+0700] {logging_mixin.py:190} INFO - [2025-03-08T02:27:06.344+0700] {dagbag.py:588} INFO - Filling up the DagBag from /home/dataengineer/.pyenv/versions/3.9.21/lib/python3.9/site-packages/airflow/example_dags/subdags/subdag.py
[2025-03-08T02:27:06.347+0700] {processor.py:927} WARNING - No viable dags retrieved from /home/dataengineer/.pyenv/versions/3.9.21/lib/python3.9/site-packages/airflow/example_dags/subdags/subdag.py
[2025-03-08T02:27:06.355+0700] {processor.py:208} INFO - Processing /home/dataengineer/.pyenv/versions/3.9.21/lib/python3.9/site-packages/airflow/example_dags/subdags/subdag.py took 0.019 seconds
[2025-03-08T02:29:21.439+0700] {processor.py:186} INFO - Started process (PID=67488) to work on /home/dataengineer/.pyenv/versions/3.9.21/lib/python3.9/site-packages/airflow/example_dags/subdags/subdag.py
[2025-03-08T02:29:21.440+0700] {processor.py:914} INFO - Processing file /home/dataengineer/.pyenv/versions/3.9.21/lib/python3.9/site-packages/airflow/example_dags/subdags/subdag.py for tasks to queue
[2025-03-08T02:29:21.443+0700] {logging_mixin.py:190} INFO - [2025-03-08T02:29:21.443+0700] {dagbag.py:588} INFO - Filling up the DagBag from /home/dataengineer/.pyenv/versions/3.9.21/lib/python3.9/site-packages/airflow/example_dags/subdags/subdag.py
[2025-03-08T02:29:21.446+0700] {processor.py:927} WARNING - No viable dags retrieved from /home/dataengineer/.pyenv/versions/3.9.21/lib/python3.9/site-packages/airflow/example_dags/subdags/subdag.py
[2025-03-08T02:29:21.454+0700] {processor.py:208} INFO - Processing /home/dataengineer/.pyenv/versions/3.9.21/lib/python3.9/site-packages/airflow/example_dags/subdags/subdag.py took 0.021 seconds
[2025-03-08T02:30:17.469+0700] {processor.py:186} INFO - Started process (PID=67967) to work on /home/dataengineer/.pyenv/versions/3.9.21/lib/python3.9/site-packages/airflow/example_dags/subdags/subdag.py
[2025-03-08T02:30:17.470+0700] {processor.py:914} INFO - Processing file /home/dataengineer/.pyenv/versions/3.9.21/lib/python3.9/site-packages/airflow/example_dags/subdags/subdag.py for tasks to queue
[2025-03-08T02:30:17.472+0700] {logging_mixin.py:190} INFO - [2025-03-08T02:30:17.471+0700] {dagbag.py:588} INFO - Filling up the DagBag from /home/dataengineer/.pyenv/versions/3.9.21/lib/python3.9/site-packages/airflow/example_dags/subdags/subdag.py
[2025-03-08T02:30:17.474+0700] {processor.py:927} WARNING - No viable dags retrieved from /home/dataengineer/.pyenv/versions/3.9.21/lib/python3.9/site-packages/airflow/example_dags/subdags/subdag.py
[2025-03-08T02:30:17.483+0700] {processor.py:208} INFO - Processing /home/dataengineer/.pyenv/versions/3.9.21/lib/python3.9/site-packages/airflow/example_dags/subdags/subdag.py took 0.020 seconds
[2025-03-08T02:31:11.688+0700] {processor.py:186} INFO - Started process (PID=68309) to work on /home/dataengineer/.pyenv/versions/3.9.21/lib/python3.9/site-packages/airflow/example_dags/subdags/subdag.py
[2025-03-08T02:31:11.689+0700] {processor.py:914} INFO - Processing file /home/dataengineer/.pyenv/versions/3.9.21/lib/python3.9/site-packages/airflow/example_dags/subdags/subdag.py for tasks to queue
[2025-03-08T02:31:11.690+0700] {logging_mixin.py:190} INFO - [2025-03-08T02:31:11.690+0700] {dagbag.py:588} INFO - Filling up the DagBag from /home/dataengineer/.pyenv/versions/3.9.21/lib/python3.9/site-packages/airflow/example_dags/subdags/subdag.py
[2025-03-08T02:31:11.692+0700] {processor.py:927} WARNING - No viable dags retrieved from /home/dataengineer/.pyenv/versions/3.9.21/lib/python3.9/site-packages/airflow/example_dags/subdags/subdag.py
[2025-03-08T02:31:11.700+0700] {processor.py:208} INFO - Processing /home/dataengineer/.pyenv/versions/3.9.21/lib/python3.9/site-packages/airflow/example_dags/subdags/subdag.py took 0.018 seconds
[2025-03-08T02:32:05.565+0700] {processor.py:186} INFO - Started process (PID=68959) to work on /home/dataengineer/.pyenv/versions/3.9.21/lib/python3.9/site-packages/airflow/example_dags/subdags/subdag.py
[2025-03-08T02:32:05.566+0700] {processor.py:914} INFO - Processing file /home/dataengineer/.pyenv/versions/3.9.21/lib/python3.9/site-packages/airflow/example_dags/subdags/subdag.py for tasks to queue
[2025-03-08T02:32:05.567+0700] {logging_mixin.py:190} INFO - [2025-03-08T02:32:05.567+0700] {dagbag.py:588} INFO - Filling up the DagBag from /home/dataengineer/.pyenv/versions/3.9.21/lib/python3.9/site-packages/airflow/example_dags/subdags/subdag.py
[2025-03-08T02:32:05.570+0700] {processor.py:927} WARNING - No viable dags retrieved from /home/dataengineer/.pyenv/versions/3.9.21/lib/python3.9/site-packages/airflow/example_dags/subdags/subdag.py
[2025-03-08T02:32:05.579+0700] {processor.py:208} INFO - Processing /home/dataengineer/.pyenv/versions/3.9.21/lib/python3.9/site-packages/airflow/example_dags/subdags/subdag.py took 0.019 seconds
[2025-03-08T02:33:03.183+0700] {processor.py:186} INFO - Started process (PID=69216) to work on /home/dataengineer/.pyenv/versions/3.9.21/lib/python3.9/site-packages/airflow/example_dags/subdags/subdag.py
[2025-03-08T02:33:03.185+0700] {processor.py:914} INFO - Processing file /home/dataengineer/.pyenv/versions/3.9.21/lib/python3.9/site-packages/airflow/example_dags/subdags/subdag.py for tasks to queue
[2025-03-08T02:33:03.187+0700] {logging_mixin.py:190} INFO - [2025-03-08T02:33:03.186+0700] {dagbag.py:588} INFO - Filling up the DagBag from /home/dataengineer/.pyenv/versions/3.9.21/lib/python3.9/site-packages/airflow/example_dags/subdags/subdag.py
[2025-03-08T02:33:03.189+0700] {processor.py:927} WARNING - No viable dags retrieved from /home/dataengineer/.pyenv/versions/3.9.21/lib/python3.9/site-packages/airflow/example_dags/subdags/subdag.py
[2025-03-08T02:33:03.197+0700] {processor.py:208} INFO - Processing /home/dataengineer/.pyenv/versions/3.9.21/lib/python3.9/site-packages/airflow/example_dags/subdags/subdag.py took 0.020 seconds
[2025-03-08T02:34:00.024+0700] {processor.py:186} INFO - Started process (PID=69556) to work on /home/dataengineer/.pyenv/versions/3.9.21/lib/python3.9/site-packages/airflow/example_dags/subdags/subdag.py
[2025-03-08T02:34:00.025+0700] {processor.py:914} INFO - Processing file /home/dataengineer/.pyenv/versions/3.9.21/lib/python3.9/site-packages/airflow/example_dags/subdags/subdag.py for tasks to queue
[2025-03-08T02:34:00.027+0700] {logging_mixin.py:190} INFO - [2025-03-08T02:34:00.026+0700] {dagbag.py:588} INFO - Filling up the DagBag from /home/dataengineer/.pyenv/versions/3.9.21/lib/python3.9/site-packages/airflow/example_dags/subdags/subdag.py
[2025-03-08T02:34:00.029+0700] {processor.py:927} WARNING - No viable dags retrieved from /home/dataengineer/.pyenv/versions/3.9.21/lib/python3.9/site-packages/airflow/example_dags/subdags/subdag.py
[2025-03-08T02:34:00.038+0700] {processor.py:208} INFO - Processing /home/dataengineer/.pyenv/versions/3.9.21/lib/python3.9/site-packages/airflow/example_dags/subdags/subdag.py took 0.020 seconds
[2025-03-08T02:34:45.158+0700] {processor.py:186} INFO - Started process (PID=70338) to work on /home/dataengineer/.pyenv/versions/3.9.21/lib/python3.9/site-packages/airflow/example_dags/subdags/subdag.py
[2025-03-08T02:34:45.159+0700] {processor.py:914} INFO - Processing file /home/dataengineer/.pyenv/versions/3.9.21/lib/python3.9/site-packages/airflow/example_dags/subdags/subdag.py for tasks to queue
[2025-03-08T02:34:45.161+0700] {logging_mixin.py:190} INFO - [2025-03-08T02:34:45.161+0700] {dagbag.py:588} INFO - Filling up the DagBag from /home/dataengineer/.pyenv/versions/3.9.21/lib/python3.9/site-packages/airflow/example_dags/subdags/subdag.py
[2025-03-08T02:34:45.164+0700] {processor.py:927} WARNING - No viable dags retrieved from /home/dataengineer/.pyenv/versions/3.9.21/lib/python3.9/site-packages/airflow/example_dags/subdags/subdag.py
[2025-03-08T02:34:45.172+0700] {processor.py:208} INFO - Processing /home/dataengineer/.pyenv/versions/3.9.21/lib/python3.9/site-packages/airflow/example_dags/subdags/subdag.py took 0.020 seconds
[2025-03-08T02:35:44.869+0700] {processor.py:186} INFO - Started process (PID=70779) to work on /home/dataengineer/.pyenv/versions/3.9.21/lib/python3.9/site-packages/airflow/example_dags/subdags/subdag.py
[2025-03-08T02:35:44.870+0700] {processor.py:914} INFO - Processing file /home/dataengineer/.pyenv/versions/3.9.21/lib/python3.9/site-packages/airflow/example_dags/subdags/subdag.py for tasks to queue
[2025-03-08T02:35:44.873+0700] {logging_mixin.py:190} INFO - [2025-03-08T02:35:44.872+0700] {dagbag.py:588} INFO - Filling up the DagBag from /home/dataengineer/.pyenv/versions/3.9.21/lib/python3.9/site-packages/airflow/example_dags/subdags/subdag.py
[2025-03-08T02:35:44.875+0700] {processor.py:927} WARNING - No viable dags retrieved from /home/dataengineer/.pyenv/versions/3.9.21/lib/python3.9/site-packages/airflow/example_dags/subdags/subdag.py
[2025-03-08T02:35:44.883+0700] {processor.py:208} INFO - Processing /home/dataengineer/.pyenv/versions/3.9.21/lib/python3.9/site-packages/airflow/example_dags/subdags/subdag.py took 0.019 seconds
[2025-03-08T02:36:47.025+0700] {processor.py:186} INFO - Started process (PID=71226) to work on /home/dataengineer/.pyenv/versions/3.9.21/lib/python3.9/site-packages/airflow/example_dags/subdags/subdag.py
[2025-03-08T02:36:47.026+0700] {processor.py:914} INFO - Processing file /home/dataengineer/.pyenv/versions/3.9.21/lib/python3.9/site-packages/airflow/example_dags/subdags/subdag.py for tasks to queue
[2025-03-08T02:36:47.028+0700] {logging_mixin.py:190} INFO - [2025-03-08T02:36:47.028+0700] {dagbag.py:588} INFO - Filling up the DagBag from /home/dataengineer/.pyenv/versions/3.9.21/lib/python3.9/site-packages/airflow/example_dags/subdags/subdag.py
[2025-03-08T02:36:47.030+0700] {processor.py:927} WARNING - No viable dags retrieved from /home/dataengineer/.pyenv/versions/3.9.21/lib/python3.9/site-packages/airflow/example_dags/subdags/subdag.py
[2025-03-08T02:36:47.040+0700] {processor.py:208} INFO - Processing /home/dataengineer/.pyenv/versions/3.9.21/lib/python3.9/site-packages/airflow/example_dags/subdags/subdag.py took 0.021 seconds
[2025-03-08T02:37:45.408+0700] {processor.py:186} INFO - Started process (PID=71463) to work on /home/dataengineer/.pyenv/versions/3.9.21/lib/python3.9/site-packages/airflow/example_dags/subdags/subdag.py
[2025-03-08T02:37:45.409+0700] {processor.py:914} INFO - Processing file /home/dataengineer/.pyenv/versions/3.9.21/lib/python3.9/site-packages/airflow/example_dags/subdags/subdag.py for tasks to queue
[2025-03-08T02:37:45.411+0700] {logging_mixin.py:190} INFO - [2025-03-08T02:37:45.411+0700] {dagbag.py:588} INFO - Filling up the DagBag from /home/dataengineer/.pyenv/versions/3.9.21/lib/python3.9/site-packages/airflow/example_dags/subdags/subdag.py
[2025-03-08T02:37:45.413+0700] {processor.py:927} WARNING - No viable dags retrieved from /home/dataengineer/.pyenv/versions/3.9.21/lib/python3.9/site-packages/airflow/example_dags/subdags/subdag.py
[2025-03-08T02:37:45.421+0700] {processor.py:208} INFO - Processing /home/dataengineer/.pyenv/versions/3.9.21/lib/python3.9/site-packages/airflow/example_dags/subdags/subdag.py took 0.018 seconds
[2025-03-08T02:38:50.627+0700] {processor.py:186} INFO - Started process (PID=72405) to work on /home/dataengineer/.pyenv/versions/3.9.21/lib/python3.9/site-packages/airflow/example_dags/subdags/subdag.py
[2025-03-08T02:38:50.629+0700] {processor.py:914} INFO - Processing file /home/dataengineer/.pyenv/versions/3.9.21/lib/python3.9/site-packages/airflow/example_dags/subdags/subdag.py for tasks to queue
[2025-03-08T02:38:50.630+0700] {logging_mixin.py:190} INFO - [2025-03-08T02:38:50.630+0700] {dagbag.py:588} INFO - Filling up the DagBag from /home/dataengineer/.pyenv/versions/3.9.21/lib/python3.9/site-packages/airflow/example_dags/subdags/subdag.py
[2025-03-08T02:38:50.633+0700] {processor.py:927} WARNING - No viable dags retrieved from /home/dataengineer/.pyenv/versions/3.9.21/lib/python3.9/site-packages/airflow/example_dags/subdags/subdag.py
[2025-03-08T02:38:50.640+0700] {processor.py:208} INFO - Processing /home/dataengineer/.pyenv/versions/3.9.21/lib/python3.9/site-packages/airflow/example_dags/subdags/subdag.py took 0.018 seconds
