[2025-02-16T16:02:03.156+0700] {local_task_job_runner.py:123} INFO - ::group::Pre task execution logs
[2025-02-16T16:02:03.165+0700] {taskinstance.py:2614} INFO - Dependencies all met for dep_context=non-requeueable deps ti=<TaskInstance: Sales_Transactions_DAG_for_pyspark.run_pyspark_etl manual__2025-02-16T09:01:59.329920+00:00 [queued]>
[2025-02-16T16:02:03.170+0700] {taskinstance.py:2614} INFO - Dependencies all met for dep_context=requeueable deps ti=<TaskInstance: Sales_Transactions_DAG_for_pyspark.run_pyspark_etl manual__2025-02-16T09:01:59.329920+00:00 [queued]>
[2025-02-16T16:02:03.171+0700] {taskinstance.py:2867} INFO - Starting attempt 1 of 2
[2025-02-16T16:02:03.185+0700] {taskinstance.py:2890} INFO - Executing <Task(PythonOperator): run_pyspark_etl> on 2025-02-16 09:01:59.329920+00:00
[2025-02-16T16:02:03.188+0700] {standard_task_runner.py:72} INFO - Started process 26850 to run task
[2025-02-16T16:02:03.191+0700] {standard_task_runner.py:104} INFO - Running: ['airflow', 'tasks', 'run', 'Sales_Transactions_DAG_for_pyspark', 'run_pyspark_etl', 'manual__2025-02-16T09:01:59.329920+00:00', '--job-id', '5', '--raw', '--subdir', 'DAGS_FOLDER/etl_spark_dag.py', '--cfg-path', '/tmp/tmp3zgmlurd']
[2025-02-16T16:02:03.192+0700] {standard_task_runner.py:105} INFO - Job 5: Subtask run_pyspark_etl
[2025-02-16T16:02:03.228+0700] {task_command.py:467} INFO - Running <TaskInstance: Sales_Transactions_DAG_for_pyspark.run_pyspark_etl manual__2025-02-16T09:01:59.329920+00:00 [running]> on host DESKTOP-U0OUTGG.
[2025-02-16T16:02:03.290+0700] {taskinstance.py:3134} INFO - Exporting env vars: AIRFLOW_CTX_DAG_OWNER='airflow' AIRFLOW_CTX_DAG_ID='Sales_Transactions_DAG_for_pyspark' AIRFLOW_CTX_TASK_ID='run_pyspark_etl' AIRFLOW_CTX_EXECUTION_DATE='2025-02-16T09:01:59.329920+00:00' AIRFLOW_CTX_TRY_NUMBER='1' AIRFLOW_CTX_DAG_RUN_ID='manual__2025-02-16T09:01:59.329920+00:00'
[2025-02-16T16:02:03.291+0700] {logging_mixin.py:190} INFO - Task instance is in running state
[2025-02-16T16:02:03.291+0700] {logging_mixin.py:190} INFO -  Previous state of the Task instance: queued
[2025-02-16T16:02:03.291+0700] {logging_mixin.py:190} INFO - Current task name:run_pyspark_etl state:running start_date:2025-02-16 09:02:03.166062+00:00
[2025-02-16T16:02:03.292+0700] {logging_mixin.py:190} INFO - Dag name:Sales_Transactions_DAG_for_pyspark and current dag run status:running
[2025-02-16T16:02:03.292+0700] {taskinstance.py:732} INFO - ::endgroup::
[2025-02-16T16:02:07.988+0700] {python.py:240} INFO - Done. Returned value was: None
[2025-02-16T16:02:07.995+0700] {taskinstance.py:341} INFO - ::group::Post task execution logs
[2025-02-16T16:02:07.995+0700] {taskinstance.py:353} INFO - Marking task as SUCCESS. dag_id=Sales_Transactions_DAG_for_pyspark, task_id=run_pyspark_etl, run_id=manual__2025-02-16T09:01:59.329920+00:00, execution_date=20250216T090159, start_date=20250216T090203, end_date=20250216T090207
[2025-02-16T16:02:08.015+0700] {logging_mixin.py:190} INFO - Task instance in success state
[2025-02-16T16:02:08.015+0700] {logging_mixin.py:190} INFO -  Previous state of the Task instance: running
[2025-02-16T16:02:08.015+0700] {logging_mixin.py:190} INFO - Dag name:Sales_Transactions_DAG_for_pyspark queued_at:2025-02-16 09:01:59.346643+00:00
[2025-02-16T16:02:08.015+0700] {logging_mixin.py:190} INFO - Task hostname:DESKTOP-U0OUTGG. operator:PythonOperator
[2025-02-16T16:02:08.034+0700] {local_task_job_runner.py:266} INFO - Task exited with return code 0
[2025-02-16T16:02:08.044+0700] {taskinstance.py:3901} INFO - 0 downstream tasks scheduled from follow-on schedule check
[2025-02-16T16:02:08.045+0700] {local_task_job_runner.py:245} INFO - ::endgroup::
