[2025-02-16T15:57:37.612+0700] {processor.py:186} INFO - Started process (PID=25447) to work on /home/dataengineer/.pyenv/versions/3.9.21/lib/python3.9/site-packages/airflow/example_dags/subdags/subdag.py
[2025-02-16T15:57:37.613+0700] {processor.py:914} INFO - Processing file /home/dataengineer/.pyenv/versions/3.9.21/lib/python3.9/site-packages/airflow/example_dags/subdags/subdag.py for tasks to queue
[2025-02-16T15:57:37.615+0700] {logging_mixin.py:190} INFO - [2025-02-16T15:57:37.615+0700] {dagbag.py:588} INFO - Filling up the DagBag from /home/dataengineer/.pyenv/versions/3.9.21/lib/python3.9/site-packages/airflow/example_dags/subdags/subdag.py
[2025-02-16T15:57:37.618+0700] {processor.py:927} WARNING - No viable dags retrieved from /home/dataengineer/.pyenv/versions/3.9.21/lib/python3.9/site-packages/airflow/example_dags/subdags/subdag.py
[2025-02-16T15:57:37.627+0700] {processor.py:208} INFO - Processing /home/dataengineer/.pyenv/versions/3.9.21/lib/python3.9/site-packages/airflow/example_dags/subdags/subdag.py took 0.021 seconds
[2025-02-16T15:58:33.042+0700] {processor.py:186} INFO - Started process (PID=25679) to work on /home/dataengineer/.pyenv/versions/3.9.21/lib/python3.9/site-packages/airflow/example_dags/subdags/subdag.py
[2025-02-16T15:58:33.044+0700] {processor.py:914} INFO - Processing file /home/dataengineer/.pyenv/versions/3.9.21/lib/python3.9/site-packages/airflow/example_dags/subdags/subdag.py for tasks to queue
[2025-02-16T15:58:33.045+0700] {logging_mixin.py:190} INFO - [2025-02-16T15:58:33.045+0700] {dagbag.py:588} INFO - Filling up the DagBag from /home/dataengineer/.pyenv/versions/3.9.21/lib/python3.9/site-packages/airflow/example_dags/subdags/subdag.py
[2025-02-16T15:58:33.051+0700] {processor.py:927} WARNING - No viable dags retrieved from /home/dataengineer/.pyenv/versions/3.9.21/lib/python3.9/site-packages/airflow/example_dags/subdags/subdag.py
[2025-02-16T15:58:33.061+0700] {processor.py:208} INFO - Processing /home/dataengineer/.pyenv/versions/3.9.21/lib/python3.9/site-packages/airflow/example_dags/subdags/subdag.py took 0.027 seconds
[2025-02-16T15:59:27.902+0700] {processor.py:186} INFO - Started process (PID=25909) to work on /home/dataengineer/.pyenv/versions/3.9.21/lib/python3.9/site-packages/airflow/example_dags/subdags/subdag.py
[2025-02-16T15:59:27.903+0700] {processor.py:914} INFO - Processing file /home/dataengineer/.pyenv/versions/3.9.21/lib/python3.9/site-packages/airflow/example_dags/subdags/subdag.py for tasks to queue
[2025-02-16T15:59:27.904+0700] {logging_mixin.py:190} INFO - [2025-02-16T15:59:27.904+0700] {dagbag.py:588} INFO - Filling up the DagBag from /home/dataengineer/.pyenv/versions/3.9.21/lib/python3.9/site-packages/airflow/example_dags/subdags/subdag.py
[2025-02-16T15:59:27.906+0700] {processor.py:927} WARNING - No viable dags retrieved from /home/dataengineer/.pyenv/versions/3.9.21/lib/python3.9/site-packages/airflow/example_dags/subdags/subdag.py
[2025-02-16T15:59:27.916+0700] {processor.py:208} INFO - Processing /home/dataengineer/.pyenv/versions/3.9.21/lib/python3.9/site-packages/airflow/example_dags/subdags/subdag.py took 0.021 seconds
[2025-02-16T16:00:16.422+0700] {processor.py:186} INFO - Started process (PID=26197) to work on /home/dataengineer/.pyenv/versions/3.9.21/lib/python3.9/site-packages/airflow/example_dags/subdags/subdag.py
[2025-02-16T16:00:16.424+0700] {processor.py:914} INFO - Processing file /home/dataengineer/.pyenv/versions/3.9.21/lib/python3.9/site-packages/airflow/example_dags/subdags/subdag.py for tasks to queue
[2025-02-16T16:00:16.425+0700] {logging_mixin.py:190} INFO - [2025-02-16T16:00:16.424+0700] {dagbag.py:588} INFO - Filling up the DagBag from /home/dataengineer/.pyenv/versions/3.9.21/lib/python3.9/site-packages/airflow/example_dags/subdags/subdag.py
[2025-02-16T16:00:16.427+0700] {processor.py:927} WARNING - No viable dags retrieved from /home/dataengineer/.pyenv/versions/3.9.21/lib/python3.9/site-packages/airflow/example_dags/subdags/subdag.py
[2025-02-16T16:00:16.437+0700] {processor.py:208} INFO - Processing /home/dataengineer/.pyenv/versions/3.9.21/lib/python3.9/site-packages/airflow/example_dags/subdags/subdag.py took 0.020 seconds
[2025-02-16T16:01:05.360+0700] {processor.py:186} INFO - Started process (PID=26396) to work on /home/dataengineer/.pyenv/versions/3.9.21/lib/python3.9/site-packages/airflow/example_dags/subdags/subdag.py
[2025-02-16T16:01:05.361+0700] {processor.py:914} INFO - Processing file /home/dataengineer/.pyenv/versions/3.9.21/lib/python3.9/site-packages/airflow/example_dags/subdags/subdag.py for tasks to queue
[2025-02-16T16:01:05.363+0700] {logging_mixin.py:190} INFO - [2025-02-16T16:01:05.362+0700] {dagbag.py:588} INFO - Filling up the DagBag from /home/dataengineer/.pyenv/versions/3.9.21/lib/python3.9/site-packages/airflow/example_dags/subdags/subdag.py
[2025-02-16T16:01:05.365+0700] {processor.py:927} WARNING - No viable dags retrieved from /home/dataengineer/.pyenv/versions/3.9.21/lib/python3.9/site-packages/airflow/example_dags/subdags/subdag.py
[2025-02-16T16:01:05.376+0700] {processor.py:208} INFO - Processing /home/dataengineer/.pyenv/versions/3.9.21/lib/python3.9/site-packages/airflow/example_dags/subdags/subdag.py took 0.024 seconds
[2025-02-16T16:02:18.049+0700] {processor.py:186} INFO - Started process (PID=27053) to work on /home/dataengineer/.pyenv/versions/3.9.21/lib/python3.9/site-packages/airflow/example_dags/subdags/subdag.py
[2025-02-16T16:02:18.050+0700] {processor.py:914} INFO - Processing file /home/dataengineer/.pyenv/versions/3.9.21/lib/python3.9/site-packages/airflow/example_dags/subdags/subdag.py for tasks to queue
[2025-02-16T16:02:18.052+0700] {logging_mixin.py:190} INFO - [2025-02-16T16:02:18.051+0700] {dagbag.py:588} INFO - Filling up the DagBag from /home/dataengineer/.pyenv/versions/3.9.21/lib/python3.9/site-packages/airflow/example_dags/subdags/subdag.py
[2025-02-16T16:02:18.054+0700] {processor.py:927} WARNING - No viable dags retrieved from /home/dataengineer/.pyenv/versions/3.9.21/lib/python3.9/site-packages/airflow/example_dags/subdags/subdag.py
[2025-02-16T16:02:18.063+0700] {processor.py:208} INFO - Processing /home/dataengineer/.pyenv/versions/3.9.21/lib/python3.9/site-packages/airflow/example_dags/subdags/subdag.py took 0.019 seconds
[2025-02-16T16:03:11.252+0700] {processor.py:186} INFO - Started process (PID=27271) to work on /home/dataengineer/.pyenv/versions/3.9.21/lib/python3.9/site-packages/airflow/example_dags/subdags/subdag.py
[2025-02-16T16:03:11.253+0700] {processor.py:914} INFO - Processing file /home/dataengineer/.pyenv/versions/3.9.21/lib/python3.9/site-packages/airflow/example_dags/subdags/subdag.py for tasks to queue
[2025-02-16T16:03:11.255+0700] {logging_mixin.py:190} INFO - [2025-02-16T16:03:11.255+0700] {dagbag.py:588} INFO - Filling up the DagBag from /home/dataengineer/.pyenv/versions/3.9.21/lib/python3.9/site-packages/airflow/example_dags/subdags/subdag.py
[2025-02-16T16:03:11.258+0700] {processor.py:927} WARNING - No viable dags retrieved from /home/dataengineer/.pyenv/versions/3.9.21/lib/python3.9/site-packages/airflow/example_dags/subdags/subdag.py
[2025-02-16T16:03:11.270+0700] {processor.py:208} INFO - Processing /home/dataengineer/.pyenv/versions/3.9.21/lib/python3.9/site-packages/airflow/example_dags/subdags/subdag.py took 0.025 seconds
[2025-02-16T16:03:56.115+0700] {processor.py:186} INFO - Started process (PID=27467) to work on /home/dataengineer/.pyenv/versions/3.9.21/lib/python3.9/site-packages/airflow/example_dags/subdags/subdag.py
[2025-02-16T16:03:56.116+0700] {processor.py:914} INFO - Processing file /home/dataengineer/.pyenv/versions/3.9.21/lib/python3.9/site-packages/airflow/example_dags/subdags/subdag.py for tasks to queue
[2025-02-16T16:03:56.117+0700] {logging_mixin.py:190} INFO - [2025-02-16T16:03:56.117+0700] {dagbag.py:588} INFO - Filling up the DagBag from /home/dataengineer/.pyenv/versions/3.9.21/lib/python3.9/site-packages/airflow/example_dags/subdags/subdag.py
[2025-02-16T16:03:56.119+0700] {processor.py:927} WARNING - No viable dags retrieved from /home/dataengineer/.pyenv/versions/3.9.21/lib/python3.9/site-packages/airflow/example_dags/subdags/subdag.py
[2025-02-16T16:03:56.129+0700] {processor.py:208} INFO - Processing /home/dataengineer/.pyenv/versions/3.9.21/lib/python3.9/site-packages/airflow/example_dags/subdags/subdag.py took 0.021 seconds
[2025-02-16T16:04:46.044+0700] {processor.py:186} INFO - Started process (PID=27667) to work on /home/dataengineer/.pyenv/versions/3.9.21/lib/python3.9/site-packages/airflow/example_dags/subdags/subdag.py
[2025-02-16T16:04:46.046+0700] {processor.py:914} INFO - Processing file /home/dataengineer/.pyenv/versions/3.9.21/lib/python3.9/site-packages/airflow/example_dags/subdags/subdag.py for tasks to queue
[2025-02-16T16:04:46.047+0700] {logging_mixin.py:190} INFO - [2025-02-16T16:04:46.046+0700] {dagbag.py:588} INFO - Filling up the DagBag from /home/dataengineer/.pyenv/versions/3.9.21/lib/python3.9/site-packages/airflow/example_dags/subdags/subdag.py
[2025-02-16T16:04:46.049+0700] {processor.py:927} WARNING - No viable dags retrieved from /home/dataengineer/.pyenv/versions/3.9.21/lib/python3.9/site-packages/airflow/example_dags/subdags/subdag.py
[2025-02-16T16:04:46.059+0700] {processor.py:208} INFO - Processing /home/dataengineer/.pyenv/versions/3.9.21/lib/python3.9/site-packages/airflow/example_dags/subdags/subdag.py took 0.020 seconds
[2025-02-16T16:05:39.614+0700] {processor.py:186} INFO - Started process (PID=27895) to work on /home/dataengineer/.pyenv/versions/3.9.21/lib/python3.9/site-packages/airflow/example_dags/subdags/subdag.py
[2025-02-16T16:05:39.615+0700] {processor.py:914} INFO - Processing file /home/dataengineer/.pyenv/versions/3.9.21/lib/python3.9/site-packages/airflow/example_dags/subdags/subdag.py for tasks to queue
[2025-02-16T16:05:39.617+0700] {logging_mixin.py:190} INFO - [2025-02-16T16:05:39.616+0700] {dagbag.py:588} INFO - Filling up the DagBag from /home/dataengineer/.pyenv/versions/3.9.21/lib/python3.9/site-packages/airflow/example_dags/subdags/subdag.py
[2025-02-16T16:05:39.619+0700] {processor.py:927} WARNING - No viable dags retrieved from /home/dataengineer/.pyenv/versions/3.9.21/lib/python3.9/site-packages/airflow/example_dags/subdags/subdag.py
[2025-02-16T16:05:39.628+0700] {processor.py:208} INFO - Processing /home/dataengineer/.pyenv/versions/3.9.21/lib/python3.9/site-packages/airflow/example_dags/subdags/subdag.py took 0.020 seconds
[2025-02-16T16:06:30.543+0700] {processor.py:186} INFO - Started process (PID=28109) to work on /home/dataengineer/.pyenv/versions/3.9.21/lib/python3.9/site-packages/airflow/example_dags/subdags/subdag.py
[2025-02-16T16:06:30.544+0700] {processor.py:914} INFO - Processing file /home/dataengineer/.pyenv/versions/3.9.21/lib/python3.9/site-packages/airflow/example_dags/subdags/subdag.py for tasks to queue
[2025-02-16T16:06:30.546+0700] {logging_mixin.py:190} INFO - [2025-02-16T16:06:30.545+0700] {dagbag.py:588} INFO - Filling up the DagBag from /home/dataengineer/.pyenv/versions/3.9.21/lib/python3.9/site-packages/airflow/example_dags/subdags/subdag.py
[2025-02-16T16:06:30.548+0700] {processor.py:927} WARNING - No viable dags retrieved from /home/dataengineer/.pyenv/versions/3.9.21/lib/python3.9/site-packages/airflow/example_dags/subdags/subdag.py
[2025-02-16T16:06:30.557+0700] {processor.py:208} INFO - Processing /home/dataengineer/.pyenv/versions/3.9.21/lib/python3.9/site-packages/airflow/example_dags/subdags/subdag.py took 0.019 seconds
[2025-02-16T16:07:16.738+0700] {processor.py:186} INFO - Started process (PID=28424) to work on /home/dataengineer/.pyenv/versions/3.9.21/lib/python3.9/site-packages/airflow/example_dags/subdags/subdag.py
[2025-02-16T16:07:16.739+0700] {processor.py:914} INFO - Processing file /home/dataengineer/.pyenv/versions/3.9.21/lib/python3.9/site-packages/airflow/example_dags/subdags/subdag.py for tasks to queue
[2025-02-16T16:07:16.740+0700] {logging_mixin.py:190} INFO - [2025-02-16T16:07:16.740+0700] {dagbag.py:588} INFO - Filling up the DagBag from /home/dataengineer/.pyenv/versions/3.9.21/lib/python3.9/site-packages/airflow/example_dags/subdags/subdag.py
[2025-02-16T16:07:16.743+0700] {processor.py:927} WARNING - No viable dags retrieved from /home/dataengineer/.pyenv/versions/3.9.21/lib/python3.9/site-packages/airflow/example_dags/subdags/subdag.py
[2025-02-16T16:07:16.753+0700] {processor.py:208} INFO - Processing /home/dataengineer/.pyenv/versions/3.9.21/lib/python3.9/site-packages/airflow/example_dags/subdags/subdag.py took 0.022 seconds
[2025-02-16T16:08:04.959+0700] {processor.py:186} INFO - Started process (PID=28713) to work on /home/dataengineer/.pyenv/versions/3.9.21/lib/python3.9/site-packages/airflow/example_dags/subdags/subdag.py
[2025-02-16T16:08:04.961+0700] {processor.py:914} INFO - Processing file /home/dataengineer/.pyenv/versions/3.9.21/lib/python3.9/site-packages/airflow/example_dags/subdags/subdag.py for tasks to queue
[2025-02-16T16:08:04.962+0700] {logging_mixin.py:190} INFO - [2025-02-16T16:08:04.962+0700] {dagbag.py:588} INFO - Filling up the DagBag from /home/dataengineer/.pyenv/versions/3.9.21/lib/python3.9/site-packages/airflow/example_dags/subdags/subdag.py
[2025-02-16T16:08:04.964+0700] {processor.py:927} WARNING - No viable dags retrieved from /home/dataengineer/.pyenv/versions/3.9.21/lib/python3.9/site-packages/airflow/example_dags/subdags/subdag.py
[2025-02-16T16:08:04.974+0700] {processor.py:208} INFO - Processing /home/dataengineer/.pyenv/versions/3.9.21/lib/python3.9/site-packages/airflow/example_dags/subdags/subdag.py took 0.020 seconds
[2025-02-16T16:08:53.347+0700] {processor.py:186} INFO - Started process (PID=28923) to work on /home/dataengineer/.pyenv/versions/3.9.21/lib/python3.9/site-packages/airflow/example_dags/subdags/subdag.py
[2025-02-16T16:08:53.348+0700] {processor.py:914} INFO - Processing file /home/dataengineer/.pyenv/versions/3.9.21/lib/python3.9/site-packages/airflow/example_dags/subdags/subdag.py for tasks to queue
[2025-02-16T16:08:53.349+0700] {logging_mixin.py:190} INFO - [2025-02-16T16:08:53.349+0700] {dagbag.py:588} INFO - Filling up the DagBag from /home/dataengineer/.pyenv/versions/3.9.21/lib/python3.9/site-packages/airflow/example_dags/subdags/subdag.py
[2025-02-16T16:08:53.351+0700] {processor.py:927} WARNING - No viable dags retrieved from /home/dataengineer/.pyenv/versions/3.9.21/lib/python3.9/site-packages/airflow/example_dags/subdags/subdag.py
[2025-02-16T16:08:53.360+0700] {processor.py:208} INFO - Processing /home/dataengineer/.pyenv/versions/3.9.21/lib/python3.9/site-packages/airflow/example_dags/subdags/subdag.py took 0.019 seconds
[2025-02-16T16:09:39.400+0700] {processor.py:186} INFO - Started process (PID=29157) to work on /home/dataengineer/.pyenv/versions/3.9.21/lib/python3.9/site-packages/airflow/example_dags/subdags/subdag.py
[2025-02-16T16:09:39.442+0700] {processor.py:914} INFO - Processing file /home/dataengineer/.pyenv/versions/3.9.21/lib/python3.9/site-packages/airflow/example_dags/subdags/subdag.py for tasks to queue
[2025-02-16T16:09:39.444+0700] {logging_mixin.py:190} INFO - [2025-02-16T16:09:39.444+0700] {dagbag.py:588} INFO - Filling up the DagBag from /home/dataengineer/.pyenv/versions/3.9.21/lib/python3.9/site-packages/airflow/example_dags/subdags/subdag.py
[2025-02-16T16:09:39.446+0700] {processor.py:927} WARNING - No viable dags retrieved from /home/dataengineer/.pyenv/versions/3.9.21/lib/python3.9/site-packages/airflow/example_dags/subdags/subdag.py
[2025-02-16T16:09:39.458+0700] {processor.py:208} INFO - Processing /home/dataengineer/.pyenv/versions/3.9.21/lib/python3.9/site-packages/airflow/example_dags/subdags/subdag.py took 0.064 seconds
[2025-02-16T16:10:31.679+0700] {processor.py:186} INFO - Started process (PID=29423) to work on /home/dataengineer/.pyenv/versions/3.9.21/lib/python3.9/site-packages/airflow/example_dags/subdags/subdag.py
[2025-02-16T16:10:31.680+0700] {processor.py:914} INFO - Processing file /home/dataengineer/.pyenv/versions/3.9.21/lib/python3.9/site-packages/airflow/example_dags/subdags/subdag.py for tasks to queue
[2025-02-16T16:10:31.681+0700] {logging_mixin.py:190} INFO - [2025-02-16T16:10:31.681+0700] {dagbag.py:588} INFO - Filling up the DagBag from /home/dataengineer/.pyenv/versions/3.9.21/lib/python3.9/site-packages/airflow/example_dags/subdags/subdag.py
[2025-02-16T16:10:31.684+0700] {processor.py:927} WARNING - No viable dags retrieved from /home/dataengineer/.pyenv/versions/3.9.21/lib/python3.9/site-packages/airflow/example_dags/subdags/subdag.py
[2025-02-16T16:10:31.693+0700] {processor.py:208} INFO - Processing /home/dataengineer/.pyenv/versions/3.9.21/lib/python3.9/site-packages/airflow/example_dags/subdags/subdag.py took 0.019 seconds
[2025-02-16T16:11:17.506+0700] {processor.py:186} INFO - Started process (PID=29614) to work on /home/dataengineer/.pyenv/versions/3.9.21/lib/python3.9/site-packages/airflow/example_dags/subdags/subdag.py
[2025-02-16T16:11:17.507+0700] {processor.py:914} INFO - Processing file /home/dataengineer/.pyenv/versions/3.9.21/lib/python3.9/site-packages/airflow/example_dags/subdags/subdag.py for tasks to queue
[2025-02-16T16:11:17.508+0700] {logging_mixin.py:190} INFO - [2025-02-16T16:11:17.508+0700] {dagbag.py:588} INFO - Filling up the DagBag from /home/dataengineer/.pyenv/versions/3.9.21/lib/python3.9/site-packages/airflow/example_dags/subdags/subdag.py
[2025-02-16T16:11:17.510+0700] {processor.py:927} WARNING - No viable dags retrieved from /home/dataengineer/.pyenv/versions/3.9.21/lib/python3.9/site-packages/airflow/example_dags/subdags/subdag.py
[2025-02-16T16:11:17.520+0700] {processor.py:208} INFO - Processing /home/dataengineer/.pyenv/versions/3.9.21/lib/python3.9/site-packages/airflow/example_dags/subdags/subdag.py took 0.021 seconds
[2025-02-16T16:12:04.734+0700] {processor.py:186} INFO - Started process (PID=29804) to work on /home/dataengineer/.pyenv/versions/3.9.21/lib/python3.9/site-packages/airflow/example_dags/subdags/subdag.py
[2025-02-16T16:12:04.735+0700] {processor.py:914} INFO - Processing file /home/dataengineer/.pyenv/versions/3.9.21/lib/python3.9/site-packages/airflow/example_dags/subdags/subdag.py for tasks to queue
[2025-02-16T16:12:04.736+0700] {logging_mixin.py:190} INFO - [2025-02-16T16:12:04.735+0700] {dagbag.py:588} INFO - Filling up the DagBag from /home/dataengineer/.pyenv/versions/3.9.21/lib/python3.9/site-packages/airflow/example_dags/subdags/subdag.py
[2025-02-16T16:12:04.738+0700] {processor.py:927} WARNING - No viable dags retrieved from /home/dataengineer/.pyenv/versions/3.9.21/lib/python3.9/site-packages/airflow/example_dags/subdags/subdag.py
[2025-02-16T16:12:04.748+0700] {processor.py:208} INFO - Processing /home/dataengineer/.pyenv/versions/3.9.21/lib/python3.9/site-packages/airflow/example_dags/subdags/subdag.py took 0.020 seconds
[2025-02-16T16:12:55.358+0700] {processor.py:186} INFO - Started process (PID=30022) to work on /home/dataengineer/.pyenv/versions/3.9.21/lib/python3.9/site-packages/airflow/example_dags/subdags/subdag.py
[2025-02-16T16:12:55.359+0700] {processor.py:914} INFO - Processing file /home/dataengineer/.pyenv/versions/3.9.21/lib/python3.9/site-packages/airflow/example_dags/subdags/subdag.py for tasks to queue
[2025-02-16T16:12:55.361+0700] {logging_mixin.py:190} INFO - [2025-02-16T16:12:55.360+0700] {dagbag.py:588} INFO - Filling up the DagBag from /home/dataengineer/.pyenv/versions/3.9.21/lib/python3.9/site-packages/airflow/example_dags/subdags/subdag.py
[2025-02-16T16:12:55.363+0700] {processor.py:927} WARNING - No viable dags retrieved from /home/dataengineer/.pyenv/versions/3.9.21/lib/python3.9/site-packages/airflow/example_dags/subdags/subdag.py
[2025-02-16T16:12:55.372+0700] {processor.py:208} INFO - Processing /home/dataengineer/.pyenv/versions/3.9.21/lib/python3.9/site-packages/airflow/example_dags/subdags/subdag.py took 0.020 seconds
[2025-02-16T16:13:46.190+0700] {processor.py:186} INFO - Started process (PID=30228) to work on /home/dataengineer/.pyenv/versions/3.9.21/lib/python3.9/site-packages/airflow/example_dags/subdags/subdag.py
[2025-02-16T16:13:46.191+0700] {processor.py:914} INFO - Processing file /home/dataengineer/.pyenv/versions/3.9.21/lib/python3.9/site-packages/airflow/example_dags/subdags/subdag.py for tasks to queue
[2025-02-16T16:13:46.193+0700] {logging_mixin.py:190} INFO - [2025-02-16T16:13:46.192+0700] {dagbag.py:588} INFO - Filling up the DagBag from /home/dataengineer/.pyenv/versions/3.9.21/lib/python3.9/site-packages/airflow/example_dags/subdags/subdag.py
[2025-02-16T16:13:46.195+0700] {processor.py:927} WARNING - No viable dags retrieved from /home/dataengineer/.pyenv/versions/3.9.21/lib/python3.9/site-packages/airflow/example_dags/subdags/subdag.py
[2025-02-16T16:13:46.204+0700] {processor.py:208} INFO - Processing /home/dataengineer/.pyenv/versions/3.9.21/lib/python3.9/site-packages/airflow/example_dags/subdags/subdag.py took 0.020 seconds
[2025-02-16T16:14:34.885+0700] {processor.py:186} INFO - Started process (PID=30434) to work on /home/dataengineer/.pyenv/versions/3.9.21/lib/python3.9/site-packages/airflow/example_dags/subdags/subdag.py
[2025-02-16T16:14:34.886+0700] {processor.py:914} INFO - Processing file /home/dataengineer/.pyenv/versions/3.9.21/lib/python3.9/site-packages/airflow/example_dags/subdags/subdag.py for tasks to queue
[2025-02-16T16:14:34.887+0700] {logging_mixin.py:190} INFO - [2025-02-16T16:14:34.887+0700] {dagbag.py:588} INFO - Filling up the DagBag from /home/dataengineer/.pyenv/versions/3.9.21/lib/python3.9/site-packages/airflow/example_dags/subdags/subdag.py
[2025-02-16T16:14:34.890+0700] {processor.py:927} WARNING - No viable dags retrieved from /home/dataengineer/.pyenv/versions/3.9.21/lib/python3.9/site-packages/airflow/example_dags/subdags/subdag.py
[2025-02-16T16:14:34.899+0700] {processor.py:208} INFO - Processing /home/dataengineer/.pyenv/versions/3.9.21/lib/python3.9/site-packages/airflow/example_dags/subdags/subdag.py took 0.020 seconds
[2025-02-16T16:15:21.983+0700] {processor.py:186} INFO - Started process (PID=30636) to work on /home/dataengineer/.pyenv/versions/3.9.21/lib/python3.9/site-packages/airflow/example_dags/subdags/subdag.py
[2025-02-16T16:15:21.984+0700] {processor.py:914} INFO - Processing file /home/dataengineer/.pyenv/versions/3.9.21/lib/python3.9/site-packages/airflow/example_dags/subdags/subdag.py for tasks to queue
[2025-02-16T16:15:21.985+0700] {logging_mixin.py:190} INFO - [2025-02-16T16:15:21.985+0700] {dagbag.py:588} INFO - Filling up the DagBag from /home/dataengineer/.pyenv/versions/3.9.21/lib/python3.9/site-packages/airflow/example_dags/subdags/subdag.py
[2025-02-16T16:15:21.988+0700] {processor.py:927} WARNING - No viable dags retrieved from /home/dataengineer/.pyenv/versions/3.9.21/lib/python3.9/site-packages/airflow/example_dags/subdags/subdag.py
[2025-02-16T16:15:21.997+0700] {processor.py:208} INFO - Processing /home/dataengineer/.pyenv/versions/3.9.21/lib/python3.9/site-packages/airflow/example_dags/subdags/subdag.py took 0.020 seconds
[2025-02-16T16:16:13.657+0700] {processor.py:186} INFO - Started process (PID=30853) to work on /home/dataengineer/.pyenv/versions/3.9.21/lib/python3.9/site-packages/airflow/example_dags/subdags/subdag.py
[2025-02-16T16:16:13.658+0700] {processor.py:914} INFO - Processing file /home/dataengineer/.pyenv/versions/3.9.21/lib/python3.9/site-packages/airflow/example_dags/subdags/subdag.py for tasks to queue
[2025-02-16T16:16:13.660+0700] {logging_mixin.py:190} INFO - [2025-02-16T16:16:13.660+0700] {dagbag.py:588} INFO - Filling up the DagBag from /home/dataengineer/.pyenv/versions/3.9.21/lib/python3.9/site-packages/airflow/example_dags/subdags/subdag.py
[2025-02-16T16:16:13.663+0700] {processor.py:927} WARNING - No viable dags retrieved from /home/dataengineer/.pyenv/versions/3.9.21/lib/python3.9/site-packages/airflow/example_dags/subdags/subdag.py
[2025-02-16T16:16:13.672+0700] {processor.py:208} INFO - Processing /home/dataengineer/.pyenv/versions/3.9.21/lib/python3.9/site-packages/airflow/example_dags/subdags/subdag.py took 0.021 seconds
[2025-02-16T16:17:03.019+0700] {processor.py:186} INFO - Started process (PID=31055) to work on /home/dataengineer/.pyenv/versions/3.9.21/lib/python3.9/site-packages/airflow/example_dags/subdags/subdag.py
[2025-02-16T16:17:03.024+0700] {processor.py:914} INFO - Processing file /home/dataengineer/.pyenv/versions/3.9.21/lib/python3.9/site-packages/airflow/example_dags/subdags/subdag.py for tasks to queue
[2025-02-16T16:17:03.029+0700] {logging_mixin.py:190} INFO - [2025-02-16T16:17:03.028+0700] {dagbag.py:588} INFO - Filling up the DagBag from /home/dataengineer/.pyenv/versions/3.9.21/lib/python3.9/site-packages/airflow/example_dags/subdags/subdag.py
[2025-02-16T16:17:03.032+0700] {processor.py:927} WARNING - No viable dags retrieved from /home/dataengineer/.pyenv/versions/3.9.21/lib/python3.9/site-packages/airflow/example_dags/subdags/subdag.py
[2025-02-16T16:17:03.044+0700] {processor.py:208} INFO - Processing /home/dataengineer/.pyenv/versions/3.9.21/lib/python3.9/site-packages/airflow/example_dags/subdags/subdag.py took 0.032 seconds
[2025-02-16T16:17:55.076+0700] {processor.py:186} INFO - Started process (PID=31275) to work on /home/dataengineer/.pyenv/versions/3.9.21/lib/python3.9/site-packages/airflow/example_dags/subdags/subdag.py
[2025-02-16T16:17:55.077+0700] {processor.py:914} INFO - Processing file /home/dataengineer/.pyenv/versions/3.9.21/lib/python3.9/site-packages/airflow/example_dags/subdags/subdag.py for tasks to queue
[2025-02-16T16:17:55.079+0700] {logging_mixin.py:190} INFO - [2025-02-16T16:17:55.079+0700] {dagbag.py:588} INFO - Filling up the DagBag from /home/dataengineer/.pyenv/versions/3.9.21/lib/python3.9/site-packages/airflow/example_dags/subdags/subdag.py
[2025-02-16T16:17:55.082+0700] {processor.py:927} WARNING - No viable dags retrieved from /home/dataengineer/.pyenv/versions/3.9.21/lib/python3.9/site-packages/airflow/example_dags/subdags/subdag.py
[2025-02-16T16:17:55.093+0700] {processor.py:208} INFO - Processing /home/dataengineer/.pyenv/versions/3.9.21/lib/python3.9/site-packages/airflow/example_dags/subdags/subdag.py took 0.023 seconds
[2025-02-16T16:18:46.213+0700] {processor.py:186} INFO - Started process (PID=31486) to work on /home/dataengineer/.pyenv/versions/3.9.21/lib/python3.9/site-packages/airflow/example_dags/subdags/subdag.py
[2025-02-16T16:18:46.214+0700] {processor.py:914} INFO - Processing file /home/dataengineer/.pyenv/versions/3.9.21/lib/python3.9/site-packages/airflow/example_dags/subdags/subdag.py for tasks to queue
[2025-02-16T16:18:46.215+0700] {logging_mixin.py:190} INFO - [2025-02-16T16:18:46.215+0700] {dagbag.py:588} INFO - Filling up the DagBag from /home/dataengineer/.pyenv/versions/3.9.21/lib/python3.9/site-packages/airflow/example_dags/subdags/subdag.py
[2025-02-16T16:18:46.217+0700] {processor.py:927} WARNING - No viable dags retrieved from /home/dataengineer/.pyenv/versions/3.9.21/lib/python3.9/site-packages/airflow/example_dags/subdags/subdag.py
[2025-02-16T16:18:46.227+0700] {processor.py:208} INFO - Processing /home/dataengineer/.pyenv/versions/3.9.21/lib/python3.9/site-packages/airflow/example_dags/subdags/subdag.py took 0.020 seconds
[2025-02-16T16:19:36.488+0700] {processor.py:186} INFO - Started process (PID=31694) to work on /home/dataengineer/.pyenv/versions/3.9.21/lib/python3.9/site-packages/airflow/example_dags/subdags/subdag.py
[2025-02-16T16:19:36.490+0700] {processor.py:914} INFO - Processing file /home/dataengineer/.pyenv/versions/3.9.21/lib/python3.9/site-packages/airflow/example_dags/subdags/subdag.py for tasks to queue
[2025-02-16T16:19:36.491+0700] {logging_mixin.py:190} INFO - [2025-02-16T16:19:36.491+0700] {dagbag.py:588} INFO - Filling up the DagBag from /home/dataengineer/.pyenv/versions/3.9.21/lib/python3.9/site-packages/airflow/example_dags/subdags/subdag.py
[2025-02-16T16:19:36.493+0700] {processor.py:927} WARNING - No viable dags retrieved from /home/dataengineer/.pyenv/versions/3.9.21/lib/python3.9/site-packages/airflow/example_dags/subdags/subdag.py
[2025-02-16T16:19:36.504+0700] {processor.py:208} INFO - Processing /home/dataengineer/.pyenv/versions/3.9.21/lib/python3.9/site-packages/airflow/example_dags/subdags/subdag.py took 0.022 seconds
[2025-02-16T16:20:25.152+0700] {processor.py:186} INFO - Started process (PID=31900) to work on /home/dataengineer/.pyenv/versions/3.9.21/lib/python3.9/site-packages/airflow/example_dags/subdags/subdag.py
[2025-02-16T16:20:25.153+0700] {processor.py:914} INFO - Processing file /home/dataengineer/.pyenv/versions/3.9.21/lib/python3.9/site-packages/airflow/example_dags/subdags/subdag.py for tasks to queue
[2025-02-16T16:20:25.155+0700] {logging_mixin.py:190} INFO - [2025-02-16T16:20:25.155+0700] {dagbag.py:588} INFO - Filling up the DagBag from /home/dataengineer/.pyenv/versions/3.9.21/lib/python3.9/site-packages/airflow/example_dags/subdags/subdag.py
[2025-02-16T16:20:25.157+0700] {processor.py:927} WARNING - No viable dags retrieved from /home/dataengineer/.pyenv/versions/3.9.21/lib/python3.9/site-packages/airflow/example_dags/subdags/subdag.py
[2025-02-16T16:20:25.168+0700] {processor.py:208} INFO - Processing /home/dataengineer/.pyenv/versions/3.9.21/lib/python3.9/site-packages/airflow/example_dags/subdags/subdag.py took 0.021 seconds
[2025-02-16T16:21:11.739+0700] {processor.py:186} INFO - Started process (PID=32098) to work on /home/dataengineer/.pyenv/versions/3.9.21/lib/python3.9/site-packages/airflow/example_dags/subdags/subdag.py
[2025-02-16T16:21:11.740+0700] {processor.py:914} INFO - Processing file /home/dataengineer/.pyenv/versions/3.9.21/lib/python3.9/site-packages/airflow/example_dags/subdags/subdag.py for tasks to queue
[2025-02-16T16:21:11.742+0700] {logging_mixin.py:190} INFO - [2025-02-16T16:21:11.741+0700] {dagbag.py:588} INFO - Filling up the DagBag from /home/dataengineer/.pyenv/versions/3.9.21/lib/python3.9/site-packages/airflow/example_dags/subdags/subdag.py
[2025-02-16T16:21:11.744+0700] {processor.py:927} WARNING - No viable dags retrieved from /home/dataengineer/.pyenv/versions/3.9.21/lib/python3.9/site-packages/airflow/example_dags/subdags/subdag.py
[2025-02-16T16:21:11.757+0700] {processor.py:208} INFO - Processing /home/dataengineer/.pyenv/versions/3.9.21/lib/python3.9/site-packages/airflow/example_dags/subdags/subdag.py took 0.024 seconds
[2025-02-16T16:22:01.478+0700] {processor.py:186} INFO - Started process (PID=32310) to work on /home/dataengineer/.pyenv/versions/3.9.21/lib/python3.9/site-packages/airflow/example_dags/subdags/subdag.py
[2025-02-16T16:22:01.479+0700] {processor.py:914} INFO - Processing file /home/dataengineer/.pyenv/versions/3.9.21/lib/python3.9/site-packages/airflow/example_dags/subdags/subdag.py for tasks to queue
[2025-02-16T16:22:01.481+0700] {logging_mixin.py:190} INFO - [2025-02-16T16:22:01.480+0700] {dagbag.py:588} INFO - Filling up the DagBag from /home/dataengineer/.pyenv/versions/3.9.21/lib/python3.9/site-packages/airflow/example_dags/subdags/subdag.py
[2025-02-16T16:22:01.483+0700] {processor.py:927} WARNING - No viable dags retrieved from /home/dataengineer/.pyenv/versions/3.9.21/lib/python3.9/site-packages/airflow/example_dags/subdags/subdag.py
[2025-02-16T16:22:01.492+0700] {processor.py:208} INFO - Processing /home/dataengineer/.pyenv/versions/3.9.21/lib/python3.9/site-packages/airflow/example_dags/subdags/subdag.py took 0.020 seconds
[2025-02-16T16:22:50.849+0700] {processor.py:186} INFO - Started process (PID=32508) to work on /home/dataengineer/.pyenv/versions/3.9.21/lib/python3.9/site-packages/airflow/example_dags/subdags/subdag.py
[2025-02-16T16:22:50.850+0700] {processor.py:914} INFO - Processing file /home/dataengineer/.pyenv/versions/3.9.21/lib/python3.9/site-packages/airflow/example_dags/subdags/subdag.py for tasks to queue
[2025-02-16T16:22:50.852+0700] {logging_mixin.py:190} INFO - [2025-02-16T16:22:50.851+0700] {dagbag.py:588} INFO - Filling up the DagBag from /home/dataengineer/.pyenv/versions/3.9.21/lib/python3.9/site-packages/airflow/example_dags/subdags/subdag.py
[2025-02-16T16:22:50.854+0700] {processor.py:927} WARNING - No viable dags retrieved from /home/dataengineer/.pyenv/versions/3.9.21/lib/python3.9/site-packages/airflow/example_dags/subdags/subdag.py
[2025-02-16T16:22:50.863+0700] {processor.py:208} INFO - Processing /home/dataengineer/.pyenv/versions/3.9.21/lib/python3.9/site-packages/airflow/example_dags/subdags/subdag.py took 0.020 seconds
[2025-02-16T16:23:39.926+0700] {processor.py:186} INFO - Started process (PID=32714) to work on /home/dataengineer/.pyenv/versions/3.9.21/lib/python3.9/site-packages/airflow/example_dags/subdags/subdag.py
[2025-02-16T16:23:39.927+0700] {processor.py:914} INFO - Processing file /home/dataengineer/.pyenv/versions/3.9.21/lib/python3.9/site-packages/airflow/example_dags/subdags/subdag.py for tasks to queue
[2025-02-16T16:23:39.928+0700] {logging_mixin.py:190} INFO - [2025-02-16T16:23:39.928+0700] {dagbag.py:588} INFO - Filling up the DagBag from /home/dataengineer/.pyenv/versions/3.9.21/lib/python3.9/site-packages/airflow/example_dags/subdags/subdag.py
[2025-02-16T16:23:39.930+0700] {processor.py:927} WARNING - No viable dags retrieved from /home/dataengineer/.pyenv/versions/3.9.21/lib/python3.9/site-packages/airflow/example_dags/subdags/subdag.py
[2025-02-16T16:23:39.940+0700] {processor.py:208} INFO - Processing /home/dataengineer/.pyenv/versions/3.9.21/lib/python3.9/site-packages/airflow/example_dags/subdags/subdag.py took 0.020 seconds
[2025-02-16T16:24:27.632+0700] {processor.py:186} INFO - Started process (PID=32912) to work on /home/dataengineer/.pyenv/versions/3.9.21/lib/python3.9/site-packages/airflow/example_dags/subdags/subdag.py
[2025-02-16T16:24:27.633+0700] {processor.py:914} INFO - Processing file /home/dataengineer/.pyenv/versions/3.9.21/lib/python3.9/site-packages/airflow/example_dags/subdags/subdag.py for tasks to queue
[2025-02-16T16:24:27.635+0700] {logging_mixin.py:190} INFO - [2025-02-16T16:24:27.634+0700] {dagbag.py:588} INFO - Filling up the DagBag from /home/dataengineer/.pyenv/versions/3.9.21/lib/python3.9/site-packages/airflow/example_dags/subdags/subdag.py
[2025-02-16T16:24:27.637+0700] {processor.py:927} WARNING - No viable dags retrieved from /home/dataengineer/.pyenv/versions/3.9.21/lib/python3.9/site-packages/airflow/example_dags/subdags/subdag.py
[2025-02-16T16:24:27.646+0700] {processor.py:208} INFO - Processing /home/dataengineer/.pyenv/versions/3.9.21/lib/python3.9/site-packages/airflow/example_dags/subdags/subdag.py took 0.020 seconds
[2025-02-16T16:25:13.287+0700] {processor.py:186} INFO - Started process (PID=33112) to work on /home/dataengineer/.pyenv/versions/3.9.21/lib/python3.9/site-packages/airflow/example_dags/subdags/subdag.py
[2025-02-16T16:25:13.288+0700] {processor.py:914} INFO - Processing file /home/dataengineer/.pyenv/versions/3.9.21/lib/python3.9/site-packages/airflow/example_dags/subdags/subdag.py for tasks to queue
[2025-02-16T16:25:13.290+0700] {logging_mixin.py:190} INFO - [2025-02-16T16:25:13.290+0700] {dagbag.py:588} INFO - Filling up the DagBag from /home/dataengineer/.pyenv/versions/3.9.21/lib/python3.9/site-packages/airflow/example_dags/subdags/subdag.py
[2025-02-16T16:25:13.292+0700] {processor.py:927} WARNING - No viable dags retrieved from /home/dataengineer/.pyenv/versions/3.9.21/lib/python3.9/site-packages/airflow/example_dags/subdags/subdag.py
[2025-02-16T16:25:13.301+0700] {processor.py:208} INFO - Processing /home/dataengineer/.pyenv/versions/3.9.21/lib/python3.9/site-packages/airflow/example_dags/subdags/subdag.py took 0.020 seconds
[2025-02-16T16:26:05.663+0700] {processor.py:186} INFO - Started process (PID=33324) to work on /home/dataengineer/.pyenv/versions/3.9.21/lib/python3.9/site-packages/airflow/example_dags/subdags/subdag.py
[2025-02-16T16:26:05.665+0700] {processor.py:914} INFO - Processing file /home/dataengineer/.pyenv/versions/3.9.21/lib/python3.9/site-packages/airflow/example_dags/subdags/subdag.py for tasks to queue
[2025-02-16T16:26:05.666+0700] {logging_mixin.py:190} INFO - [2025-02-16T16:26:05.666+0700] {dagbag.py:588} INFO - Filling up the DagBag from /home/dataengineer/.pyenv/versions/3.9.21/lib/python3.9/site-packages/airflow/example_dags/subdags/subdag.py
[2025-02-16T16:26:05.668+0700] {processor.py:927} WARNING - No viable dags retrieved from /home/dataengineer/.pyenv/versions/3.9.21/lib/python3.9/site-packages/airflow/example_dags/subdags/subdag.py
[2025-02-16T16:26:05.678+0700] {processor.py:208} INFO - Processing /home/dataengineer/.pyenv/versions/3.9.21/lib/python3.9/site-packages/airflow/example_dags/subdags/subdag.py took 0.020 seconds
[2025-02-16T16:26:53.533+0700] {processor.py:186} INFO - Started process (PID=33530) to work on /home/dataengineer/.pyenv/versions/3.9.21/lib/python3.9/site-packages/airflow/example_dags/subdags/subdag.py
[2025-02-16T16:26:53.535+0700] {processor.py:914} INFO - Processing file /home/dataengineer/.pyenv/versions/3.9.21/lib/python3.9/site-packages/airflow/example_dags/subdags/subdag.py for tasks to queue
[2025-02-16T16:26:53.536+0700] {logging_mixin.py:190} INFO - [2025-02-16T16:26:53.536+0700] {dagbag.py:588} INFO - Filling up the DagBag from /home/dataengineer/.pyenv/versions/3.9.21/lib/python3.9/site-packages/airflow/example_dags/subdags/subdag.py
[2025-02-16T16:26:53.538+0700] {processor.py:927} WARNING - No viable dags retrieved from /home/dataengineer/.pyenv/versions/3.9.21/lib/python3.9/site-packages/airflow/example_dags/subdags/subdag.py
[2025-02-16T16:26:53.548+0700] {processor.py:208} INFO - Processing /home/dataengineer/.pyenv/versions/3.9.21/lib/python3.9/site-packages/airflow/example_dags/subdags/subdag.py took 0.020 seconds
[2025-02-16T16:27:42.580+0700] {processor.py:186} INFO - Started process (PID=33736) to work on /home/dataengineer/.pyenv/versions/3.9.21/lib/python3.9/site-packages/airflow/example_dags/subdags/subdag.py
[2025-02-16T16:27:42.582+0700] {processor.py:914} INFO - Processing file /home/dataengineer/.pyenv/versions/3.9.21/lib/python3.9/site-packages/airflow/example_dags/subdags/subdag.py for tasks to queue
[2025-02-16T16:27:42.584+0700] {logging_mixin.py:190} INFO - [2025-02-16T16:27:42.583+0700] {dagbag.py:588} INFO - Filling up the DagBag from /home/dataengineer/.pyenv/versions/3.9.21/lib/python3.9/site-packages/airflow/example_dags/subdags/subdag.py
[2025-02-16T16:27:42.586+0700] {processor.py:927} WARNING - No viable dags retrieved from /home/dataengineer/.pyenv/versions/3.9.21/lib/python3.9/site-packages/airflow/example_dags/subdags/subdag.py
[2025-02-16T16:27:42.596+0700] {processor.py:208} INFO - Processing /home/dataengineer/.pyenv/versions/3.9.21/lib/python3.9/site-packages/airflow/example_dags/subdags/subdag.py took 0.022 seconds
[2025-02-16T16:28:32.171+0700] {processor.py:186} INFO - Started process (PID=33941) to work on /home/dataengineer/.pyenv/versions/3.9.21/lib/python3.9/site-packages/airflow/example_dags/subdags/subdag.py
[2025-02-16T16:28:32.172+0700] {processor.py:914} INFO - Processing file /home/dataengineer/.pyenv/versions/3.9.21/lib/python3.9/site-packages/airflow/example_dags/subdags/subdag.py for tasks to queue
[2025-02-16T16:28:32.174+0700] {logging_mixin.py:190} INFO - [2025-02-16T16:28:32.173+0700] {dagbag.py:588} INFO - Filling up the DagBag from /home/dataengineer/.pyenv/versions/3.9.21/lib/python3.9/site-packages/airflow/example_dags/subdags/subdag.py
[2025-02-16T16:28:32.176+0700] {processor.py:927} WARNING - No viable dags retrieved from /home/dataengineer/.pyenv/versions/3.9.21/lib/python3.9/site-packages/airflow/example_dags/subdags/subdag.py
[2025-02-16T16:28:32.186+0700] {processor.py:208} INFO - Processing /home/dataengineer/.pyenv/versions/3.9.21/lib/python3.9/site-packages/airflow/example_dags/subdags/subdag.py took 0.020 seconds
[2025-02-16T16:29:22.417+0700] {processor.py:186} INFO - Started process (PID=34154) to work on /home/dataengineer/.pyenv/versions/3.9.21/lib/python3.9/site-packages/airflow/example_dags/subdags/subdag.py
[2025-02-16T16:29:22.419+0700] {processor.py:914} INFO - Processing file /home/dataengineer/.pyenv/versions/3.9.21/lib/python3.9/site-packages/airflow/example_dags/subdags/subdag.py for tasks to queue
[2025-02-16T16:29:22.420+0700] {logging_mixin.py:190} INFO - [2025-02-16T16:29:22.420+0700] {dagbag.py:588} INFO - Filling up the DagBag from /home/dataengineer/.pyenv/versions/3.9.21/lib/python3.9/site-packages/airflow/example_dags/subdags/subdag.py
[2025-02-16T16:29:22.422+0700] {processor.py:927} WARNING - No viable dags retrieved from /home/dataengineer/.pyenv/versions/3.9.21/lib/python3.9/site-packages/airflow/example_dags/subdags/subdag.py
[2025-02-16T16:29:22.433+0700] {processor.py:208} INFO - Processing /home/dataengineer/.pyenv/versions/3.9.21/lib/python3.9/site-packages/airflow/example_dags/subdags/subdag.py took 0.021 seconds
[2025-02-16T16:30:13.889+0700] {processor.py:186} INFO - Started process (PID=34367) to work on /home/dataengineer/.pyenv/versions/3.9.21/lib/python3.9/site-packages/airflow/example_dags/subdags/subdag.py
[2025-02-16T16:30:13.890+0700] {processor.py:914} INFO - Processing file /home/dataengineer/.pyenv/versions/3.9.21/lib/python3.9/site-packages/airflow/example_dags/subdags/subdag.py for tasks to queue
[2025-02-16T16:30:13.892+0700] {logging_mixin.py:190} INFO - [2025-02-16T16:30:13.892+0700] {dagbag.py:588} INFO - Filling up the DagBag from /home/dataengineer/.pyenv/versions/3.9.21/lib/python3.9/site-packages/airflow/example_dags/subdags/subdag.py
[2025-02-16T16:30:13.895+0700] {processor.py:927} WARNING - No viable dags retrieved from /home/dataengineer/.pyenv/versions/3.9.21/lib/python3.9/site-packages/airflow/example_dags/subdags/subdag.py
[2025-02-16T16:30:13.904+0700] {processor.py:208} INFO - Processing /home/dataengineer/.pyenv/versions/3.9.21/lib/python3.9/site-packages/airflow/example_dags/subdags/subdag.py took 0.020 seconds
[2025-02-16T16:31:02.151+0700] {processor.py:186} INFO - Started process (PID=34568) to work on /home/dataengineer/.pyenv/versions/3.9.21/lib/python3.9/site-packages/airflow/example_dags/subdags/subdag.py
[2025-02-16T16:31:02.152+0700] {processor.py:914} INFO - Processing file /home/dataengineer/.pyenv/versions/3.9.21/lib/python3.9/site-packages/airflow/example_dags/subdags/subdag.py for tasks to queue
[2025-02-16T16:31:02.153+0700] {logging_mixin.py:190} INFO - [2025-02-16T16:31:02.153+0700] {dagbag.py:588} INFO - Filling up the DagBag from /home/dataengineer/.pyenv/versions/3.9.21/lib/python3.9/site-packages/airflow/example_dags/subdags/subdag.py
[2025-02-16T16:31:02.156+0700] {processor.py:927} WARNING - No viable dags retrieved from /home/dataengineer/.pyenv/versions/3.9.21/lib/python3.9/site-packages/airflow/example_dags/subdags/subdag.py
[2025-02-16T16:31:02.165+0700] {processor.py:208} INFO - Processing /home/dataengineer/.pyenv/versions/3.9.21/lib/python3.9/site-packages/airflow/example_dags/subdags/subdag.py took 0.020 seconds
[2025-02-16T16:31:51.724+0700] {processor.py:186} INFO - Started process (PID=34779) to work on /home/dataengineer/.pyenv/versions/3.9.21/lib/python3.9/site-packages/airflow/example_dags/subdags/subdag.py
[2025-02-16T16:31:51.725+0700] {processor.py:914} INFO - Processing file /home/dataengineer/.pyenv/versions/3.9.21/lib/python3.9/site-packages/airflow/example_dags/subdags/subdag.py for tasks to queue
[2025-02-16T16:31:51.726+0700] {logging_mixin.py:190} INFO - [2025-02-16T16:31:51.726+0700] {dagbag.py:588} INFO - Filling up the DagBag from /home/dataengineer/.pyenv/versions/3.9.21/lib/python3.9/site-packages/airflow/example_dags/subdags/subdag.py
[2025-02-16T16:31:51.729+0700] {processor.py:927} WARNING - No viable dags retrieved from /home/dataengineer/.pyenv/versions/3.9.21/lib/python3.9/site-packages/airflow/example_dags/subdags/subdag.py
[2025-02-16T16:31:51.739+0700] {processor.py:208} INFO - Processing /home/dataengineer/.pyenv/versions/3.9.21/lib/python3.9/site-packages/airflow/example_dags/subdags/subdag.py took 0.023 seconds
[2025-02-16T16:32:37.350+0700] {processor.py:186} INFO - Started process (PID=34969) to work on /home/dataengineer/.pyenv/versions/3.9.21/lib/python3.9/site-packages/airflow/example_dags/subdags/subdag.py
[2025-02-16T16:32:37.351+0700] {processor.py:914} INFO - Processing file /home/dataengineer/.pyenv/versions/3.9.21/lib/python3.9/site-packages/airflow/example_dags/subdags/subdag.py for tasks to queue
[2025-02-16T16:32:37.353+0700] {logging_mixin.py:190} INFO - [2025-02-16T16:32:37.352+0700] {dagbag.py:588} INFO - Filling up the DagBag from /home/dataengineer/.pyenv/versions/3.9.21/lib/python3.9/site-packages/airflow/example_dags/subdags/subdag.py
[2025-02-16T16:32:37.355+0700] {processor.py:927} WARNING - No viable dags retrieved from /home/dataengineer/.pyenv/versions/3.9.21/lib/python3.9/site-packages/airflow/example_dags/subdags/subdag.py
[2025-02-16T16:32:37.363+0700] {processor.py:208} INFO - Processing /home/dataengineer/.pyenv/versions/3.9.21/lib/python3.9/site-packages/airflow/example_dags/subdags/subdag.py took 0.019 seconds
[2025-02-16T16:33:27.314+0700] {processor.py:186} INFO - Started process (PID=35184) to work on /home/dataengineer/.pyenv/versions/3.9.21/lib/python3.9/site-packages/airflow/example_dags/subdags/subdag.py
[2025-02-16T16:33:27.315+0700] {processor.py:914} INFO - Processing file /home/dataengineer/.pyenv/versions/3.9.21/lib/python3.9/site-packages/airflow/example_dags/subdags/subdag.py for tasks to queue
[2025-02-16T16:33:27.316+0700] {logging_mixin.py:190} INFO - [2025-02-16T16:33:27.316+0700] {dagbag.py:588} INFO - Filling up the DagBag from /home/dataengineer/.pyenv/versions/3.9.21/lib/python3.9/site-packages/airflow/example_dags/subdags/subdag.py
[2025-02-16T16:33:27.318+0700] {processor.py:927} WARNING - No viable dags retrieved from /home/dataengineer/.pyenv/versions/3.9.21/lib/python3.9/site-packages/airflow/example_dags/subdags/subdag.py
[2025-02-16T16:33:27.327+0700] {processor.py:208} INFO - Processing /home/dataengineer/.pyenv/versions/3.9.21/lib/python3.9/site-packages/airflow/example_dags/subdags/subdag.py took 0.019 seconds
[2025-02-16T16:34:20.476+0700] {processor.py:186} INFO - Started process (PID=35399) to work on /home/dataengineer/.pyenv/versions/3.9.21/lib/python3.9/site-packages/airflow/example_dags/subdags/subdag.py
[2025-02-16T16:34:20.477+0700] {processor.py:914} INFO - Processing file /home/dataengineer/.pyenv/versions/3.9.21/lib/python3.9/site-packages/airflow/example_dags/subdags/subdag.py for tasks to queue
[2025-02-16T16:34:20.479+0700] {logging_mixin.py:190} INFO - [2025-02-16T16:34:20.478+0700] {dagbag.py:588} INFO - Filling up the DagBag from /home/dataengineer/.pyenv/versions/3.9.21/lib/python3.9/site-packages/airflow/example_dags/subdags/subdag.py
[2025-02-16T16:34:20.481+0700] {processor.py:927} WARNING - No viable dags retrieved from /home/dataengineer/.pyenv/versions/3.9.21/lib/python3.9/site-packages/airflow/example_dags/subdags/subdag.py
[2025-02-16T16:34:20.490+0700] {processor.py:208} INFO - Processing /home/dataengineer/.pyenv/versions/3.9.21/lib/python3.9/site-packages/airflow/example_dags/subdags/subdag.py took 0.020 seconds
[2025-02-16T16:35:10.150+0700] {processor.py:186} INFO - Started process (PID=35618) to work on /home/dataengineer/.pyenv/versions/3.9.21/lib/python3.9/site-packages/airflow/example_dags/subdags/subdag.py
[2025-02-16T16:35:10.152+0700] {processor.py:914} INFO - Processing file /home/dataengineer/.pyenv/versions/3.9.21/lib/python3.9/site-packages/airflow/example_dags/subdags/subdag.py for tasks to queue
[2025-02-16T16:35:10.154+0700] {logging_mixin.py:190} INFO - [2025-02-16T16:35:10.153+0700] {dagbag.py:588} INFO - Filling up the DagBag from /home/dataengineer/.pyenv/versions/3.9.21/lib/python3.9/site-packages/airflow/example_dags/subdags/subdag.py
[2025-02-16T16:35:10.156+0700] {processor.py:927} WARNING - No viable dags retrieved from /home/dataengineer/.pyenv/versions/3.9.21/lib/python3.9/site-packages/airflow/example_dags/subdags/subdag.py
[2025-02-16T16:35:10.166+0700] {processor.py:208} INFO - Processing /home/dataengineer/.pyenv/versions/3.9.21/lib/python3.9/site-packages/airflow/example_dags/subdags/subdag.py took 0.022 seconds
[2025-02-16T16:35:57.631+0700] {processor.py:186} INFO - Started process (PID=35818) to work on /home/dataengineer/.pyenv/versions/3.9.21/lib/python3.9/site-packages/airflow/example_dags/subdags/subdag.py
[2025-02-16T16:35:57.632+0700] {processor.py:914} INFO - Processing file /home/dataengineer/.pyenv/versions/3.9.21/lib/python3.9/site-packages/airflow/example_dags/subdags/subdag.py for tasks to queue
[2025-02-16T16:35:57.634+0700] {logging_mixin.py:190} INFO - [2025-02-16T16:35:57.633+0700] {dagbag.py:588} INFO - Filling up the DagBag from /home/dataengineer/.pyenv/versions/3.9.21/lib/python3.9/site-packages/airflow/example_dags/subdags/subdag.py
[2025-02-16T16:35:57.636+0700] {processor.py:927} WARNING - No viable dags retrieved from /home/dataengineer/.pyenv/versions/3.9.21/lib/python3.9/site-packages/airflow/example_dags/subdags/subdag.py
[2025-02-16T16:35:57.645+0700] {processor.py:208} INFO - Processing /home/dataengineer/.pyenv/versions/3.9.21/lib/python3.9/site-packages/airflow/example_dags/subdags/subdag.py took 0.020 seconds
[2025-02-16T16:36:54.754+0700] {processor.py:186} INFO - Started process (PID=36243) to work on /home/dataengineer/.pyenv/versions/3.9.21/lib/python3.9/site-packages/airflow/example_dags/subdags/subdag.py
[2025-02-16T16:36:54.755+0700] {processor.py:914} INFO - Processing file /home/dataengineer/.pyenv/versions/3.9.21/lib/python3.9/site-packages/airflow/example_dags/subdags/subdag.py for tasks to queue
[2025-02-16T16:36:54.756+0700] {logging_mixin.py:190} INFO - [2025-02-16T16:36:54.756+0700] {dagbag.py:588} INFO - Filling up the DagBag from /home/dataengineer/.pyenv/versions/3.9.21/lib/python3.9/site-packages/airflow/example_dags/subdags/subdag.py
[2025-02-16T16:36:54.759+0700] {processor.py:927} WARNING - No viable dags retrieved from /home/dataengineer/.pyenv/versions/3.9.21/lib/python3.9/site-packages/airflow/example_dags/subdags/subdag.py
[2025-02-16T16:36:54.769+0700] {processor.py:208} INFO - Processing /home/dataengineer/.pyenv/versions/3.9.21/lib/python3.9/site-packages/airflow/example_dags/subdags/subdag.py took 0.021 seconds
[2025-02-16T16:37:51.011+0700] {processor.py:186} INFO - Started process (PID=36714) to work on /home/dataengineer/.pyenv/versions/3.9.21/lib/python3.9/site-packages/airflow/example_dags/subdags/subdag.py
[2025-02-16T16:37:51.012+0700] {processor.py:914} INFO - Processing file /home/dataengineer/.pyenv/versions/3.9.21/lib/python3.9/site-packages/airflow/example_dags/subdags/subdag.py for tasks to queue
[2025-02-16T16:37:51.013+0700] {logging_mixin.py:190} INFO - [2025-02-16T16:37:51.013+0700] {dagbag.py:588} INFO - Filling up the DagBag from /home/dataengineer/.pyenv/versions/3.9.21/lib/python3.9/site-packages/airflow/example_dags/subdags/subdag.py
[2025-02-16T16:37:51.016+0700] {processor.py:927} WARNING - No viable dags retrieved from /home/dataengineer/.pyenv/versions/3.9.21/lib/python3.9/site-packages/airflow/example_dags/subdags/subdag.py
[2025-02-16T16:37:51.025+0700] {processor.py:208} INFO - Processing /home/dataengineer/.pyenv/versions/3.9.21/lib/python3.9/site-packages/airflow/example_dags/subdags/subdag.py took 0.020 seconds
[2025-02-16T16:38:40.707+0700] {processor.py:186} INFO - Started process (PID=36926) to work on /home/dataengineer/.pyenv/versions/3.9.21/lib/python3.9/site-packages/airflow/example_dags/subdags/subdag.py
[2025-02-16T16:38:40.709+0700] {processor.py:914} INFO - Processing file /home/dataengineer/.pyenv/versions/3.9.21/lib/python3.9/site-packages/airflow/example_dags/subdags/subdag.py for tasks to queue
[2025-02-16T16:38:40.710+0700] {logging_mixin.py:190} INFO - [2025-02-16T16:38:40.710+0700] {dagbag.py:588} INFO - Filling up the DagBag from /home/dataengineer/.pyenv/versions/3.9.21/lib/python3.9/site-packages/airflow/example_dags/subdags/subdag.py
[2025-02-16T16:38:40.713+0700] {processor.py:927} WARNING - No viable dags retrieved from /home/dataengineer/.pyenv/versions/3.9.21/lib/python3.9/site-packages/airflow/example_dags/subdags/subdag.py
[2025-02-16T16:38:40.724+0700] {processor.py:208} INFO - Processing /home/dataengineer/.pyenv/versions/3.9.21/lib/python3.9/site-packages/airflow/example_dags/subdags/subdag.py took 0.023 seconds
[2025-02-16T16:39:30.613+0700] {processor.py:186} INFO - Started process (PID=37138) to work on /home/dataengineer/.pyenv/versions/3.9.21/lib/python3.9/site-packages/airflow/example_dags/subdags/subdag.py
[2025-02-16T16:39:30.614+0700] {processor.py:914} INFO - Processing file /home/dataengineer/.pyenv/versions/3.9.21/lib/python3.9/site-packages/airflow/example_dags/subdags/subdag.py for tasks to queue
[2025-02-16T16:39:30.616+0700] {logging_mixin.py:190} INFO - [2025-02-16T16:39:30.616+0700] {dagbag.py:588} INFO - Filling up the DagBag from /home/dataengineer/.pyenv/versions/3.9.21/lib/python3.9/site-packages/airflow/example_dags/subdags/subdag.py
[2025-02-16T16:39:30.618+0700] {processor.py:927} WARNING - No viable dags retrieved from /home/dataengineer/.pyenv/versions/3.9.21/lib/python3.9/site-packages/airflow/example_dags/subdags/subdag.py
[2025-02-16T16:39:30.627+0700] {processor.py:208} INFO - Processing /home/dataengineer/.pyenv/versions/3.9.21/lib/python3.9/site-packages/airflow/example_dags/subdags/subdag.py took 0.020 seconds
[2025-02-16T16:40:20.104+0700] {processor.py:186} INFO - Started process (PID=37550) to work on /home/dataengineer/.pyenv/versions/3.9.21/lib/python3.9/site-packages/airflow/example_dags/subdags/subdag.py
[2025-02-16T16:40:20.105+0700] {processor.py:914} INFO - Processing file /home/dataengineer/.pyenv/versions/3.9.21/lib/python3.9/site-packages/airflow/example_dags/subdags/subdag.py for tasks to queue
[2025-02-16T16:40:20.109+0700] {logging_mixin.py:190} INFO - [2025-02-16T16:40:20.106+0700] {dagbag.py:588} INFO - Filling up the DagBag from /home/dataengineer/.pyenv/versions/3.9.21/lib/python3.9/site-packages/airflow/example_dags/subdags/subdag.py
[2025-02-16T16:40:20.112+0700] {processor.py:927} WARNING - No viable dags retrieved from /home/dataengineer/.pyenv/versions/3.9.21/lib/python3.9/site-packages/airflow/example_dags/subdags/subdag.py
[2025-02-16T16:40:20.131+0700] {processor.py:208} INFO - Processing /home/dataengineer/.pyenv/versions/3.9.21/lib/python3.9/site-packages/airflow/example_dags/subdags/subdag.py took 0.039 seconds
[2025-02-16T16:41:08.458+0700] {processor.py:186} INFO - Started process (PID=37805) to work on /home/dataengineer/.pyenv/versions/3.9.21/lib/python3.9/site-packages/airflow/example_dags/subdags/subdag.py
[2025-02-16T16:41:08.459+0700] {processor.py:914} INFO - Processing file /home/dataengineer/.pyenv/versions/3.9.21/lib/python3.9/site-packages/airflow/example_dags/subdags/subdag.py for tasks to queue
[2025-02-16T16:41:08.461+0700] {logging_mixin.py:190} INFO - [2025-02-16T16:41:08.461+0700] {dagbag.py:588} INFO - Filling up the DagBag from /home/dataengineer/.pyenv/versions/3.9.21/lib/python3.9/site-packages/airflow/example_dags/subdags/subdag.py
[2025-02-16T16:41:08.464+0700] {processor.py:927} WARNING - No viable dags retrieved from /home/dataengineer/.pyenv/versions/3.9.21/lib/python3.9/site-packages/airflow/example_dags/subdags/subdag.py
[2025-02-16T16:41:08.472+0700] {processor.py:208} INFO - Processing /home/dataengineer/.pyenv/versions/3.9.21/lib/python3.9/site-packages/airflow/example_dags/subdags/subdag.py took 0.020 seconds
[2025-02-16T16:41:58.672+0700] {processor.py:186} INFO - Started process (PID=38013) to work on /home/dataengineer/.pyenv/versions/3.9.21/lib/python3.9/site-packages/airflow/example_dags/subdags/subdag.py
[2025-02-16T16:41:58.673+0700] {processor.py:914} INFO - Processing file /home/dataengineer/.pyenv/versions/3.9.21/lib/python3.9/site-packages/airflow/example_dags/subdags/subdag.py for tasks to queue
[2025-02-16T16:41:58.675+0700] {logging_mixin.py:190} INFO - [2025-02-16T16:41:58.675+0700] {dagbag.py:588} INFO - Filling up the DagBag from /home/dataengineer/.pyenv/versions/3.9.21/lib/python3.9/site-packages/airflow/example_dags/subdags/subdag.py
[2025-02-16T16:41:58.678+0700] {processor.py:927} WARNING - No viable dags retrieved from /home/dataengineer/.pyenv/versions/3.9.21/lib/python3.9/site-packages/airflow/example_dags/subdags/subdag.py
[2025-02-16T16:41:58.689+0700] {processor.py:208} INFO - Processing /home/dataengineer/.pyenv/versions/3.9.21/lib/python3.9/site-packages/airflow/example_dags/subdags/subdag.py took 0.023 seconds
[2025-02-16T16:42:46.193+0700] {processor.py:186} INFO - Started process (PID=38220) to work on /home/dataengineer/.pyenv/versions/3.9.21/lib/python3.9/site-packages/airflow/example_dags/subdags/subdag.py
[2025-02-16T16:42:46.194+0700] {processor.py:914} INFO - Processing file /home/dataengineer/.pyenv/versions/3.9.21/lib/python3.9/site-packages/airflow/example_dags/subdags/subdag.py for tasks to queue
[2025-02-16T16:42:46.195+0700] {logging_mixin.py:190} INFO - [2025-02-16T16:42:46.195+0700] {dagbag.py:588} INFO - Filling up the DagBag from /home/dataengineer/.pyenv/versions/3.9.21/lib/python3.9/site-packages/airflow/example_dags/subdags/subdag.py
[2025-02-16T16:42:46.197+0700] {processor.py:927} WARNING - No viable dags retrieved from /home/dataengineer/.pyenv/versions/3.9.21/lib/python3.9/site-packages/airflow/example_dags/subdags/subdag.py
[2025-02-16T16:42:46.206+0700] {processor.py:208} INFO - Processing /home/dataengineer/.pyenv/versions/3.9.21/lib/python3.9/site-packages/airflow/example_dags/subdags/subdag.py took 0.019 seconds
[2025-02-16T16:43:35.107+0700] {processor.py:186} INFO - Started process (PID=38423) to work on /home/dataengineer/.pyenv/versions/3.9.21/lib/python3.9/site-packages/airflow/example_dags/subdags/subdag.py
[2025-02-16T16:43:35.108+0700] {processor.py:914} INFO - Processing file /home/dataengineer/.pyenv/versions/3.9.21/lib/python3.9/site-packages/airflow/example_dags/subdags/subdag.py for tasks to queue
[2025-02-16T16:43:35.109+0700] {logging_mixin.py:190} INFO - [2025-02-16T16:43:35.109+0700] {dagbag.py:588} INFO - Filling up the DagBag from /home/dataengineer/.pyenv/versions/3.9.21/lib/python3.9/site-packages/airflow/example_dags/subdags/subdag.py
[2025-02-16T16:43:35.112+0700] {processor.py:927} WARNING - No viable dags retrieved from /home/dataengineer/.pyenv/versions/3.9.21/lib/python3.9/site-packages/airflow/example_dags/subdags/subdag.py
[2025-02-16T16:43:35.120+0700] {processor.py:208} INFO - Processing /home/dataengineer/.pyenv/versions/3.9.21/lib/python3.9/site-packages/airflow/example_dags/subdags/subdag.py took 0.019 seconds
[2025-02-16T16:44:21.499+0700] {processor.py:186} INFO - Started process (PID=38624) to work on /home/dataengineer/.pyenv/versions/3.9.21/lib/python3.9/site-packages/airflow/example_dags/subdags/subdag.py
[2025-02-16T16:44:21.500+0700] {processor.py:914} INFO - Processing file /home/dataengineer/.pyenv/versions/3.9.21/lib/python3.9/site-packages/airflow/example_dags/subdags/subdag.py for tasks to queue
[2025-02-16T16:44:21.502+0700] {logging_mixin.py:190} INFO - [2025-02-16T16:44:21.502+0700] {dagbag.py:588} INFO - Filling up the DagBag from /home/dataengineer/.pyenv/versions/3.9.21/lib/python3.9/site-packages/airflow/example_dags/subdags/subdag.py
[2025-02-16T16:44:21.504+0700] {processor.py:927} WARNING - No viable dags retrieved from /home/dataengineer/.pyenv/versions/3.9.21/lib/python3.9/site-packages/airflow/example_dags/subdags/subdag.py
[2025-02-16T16:44:21.512+0700] {processor.py:208} INFO - Processing /home/dataengineer/.pyenv/versions/3.9.21/lib/python3.9/site-packages/airflow/example_dags/subdags/subdag.py took 0.019 seconds
[2025-02-16T16:45:08.733+0700] {processor.py:186} INFO - Started process (PID=38830) to work on /home/dataengineer/.pyenv/versions/3.9.21/lib/python3.9/site-packages/airflow/example_dags/subdags/subdag.py
[2025-02-16T16:45:08.735+0700] {processor.py:914} INFO - Processing file /home/dataengineer/.pyenv/versions/3.9.21/lib/python3.9/site-packages/airflow/example_dags/subdags/subdag.py for tasks to queue
[2025-02-16T16:45:08.736+0700] {logging_mixin.py:190} INFO - [2025-02-16T16:45:08.736+0700] {dagbag.py:588} INFO - Filling up the DagBag from /home/dataengineer/.pyenv/versions/3.9.21/lib/python3.9/site-packages/airflow/example_dags/subdags/subdag.py
[2025-02-16T16:45:08.738+0700] {processor.py:927} WARNING - No viable dags retrieved from /home/dataengineer/.pyenv/versions/3.9.21/lib/python3.9/site-packages/airflow/example_dags/subdags/subdag.py
[2025-02-16T16:45:08.747+0700] {processor.py:208} INFO - Processing /home/dataengineer/.pyenv/versions/3.9.21/lib/python3.9/site-packages/airflow/example_dags/subdags/subdag.py took 0.021 seconds
[2025-02-16T16:45:53.494+0700] {processor.py:186} INFO - Started process (PID=39051) to work on /home/dataengineer/.pyenv/versions/3.9.21/lib/python3.9/site-packages/airflow/example_dags/subdags/subdag.py
[2025-02-16T16:45:53.495+0700] {processor.py:914} INFO - Processing file /home/dataengineer/.pyenv/versions/3.9.21/lib/python3.9/site-packages/airflow/example_dags/subdags/subdag.py for tasks to queue
[2025-02-16T16:45:53.497+0700] {logging_mixin.py:190} INFO - [2025-02-16T16:45:53.496+0700] {dagbag.py:588} INFO - Filling up the DagBag from /home/dataengineer/.pyenv/versions/3.9.21/lib/python3.9/site-packages/airflow/example_dags/subdags/subdag.py
[2025-02-16T16:45:53.499+0700] {processor.py:927} WARNING - No viable dags retrieved from /home/dataengineer/.pyenv/versions/3.9.21/lib/python3.9/site-packages/airflow/example_dags/subdags/subdag.py
[2025-02-16T16:45:53.507+0700] {processor.py:208} INFO - Processing /home/dataengineer/.pyenv/versions/3.9.21/lib/python3.9/site-packages/airflow/example_dags/subdags/subdag.py took 0.018 seconds
[2025-02-16T16:46:41.463+0700] {processor.py:186} INFO - Started process (PID=39247) to work on /home/dataengineer/.pyenv/versions/3.9.21/lib/python3.9/site-packages/airflow/example_dags/subdags/subdag.py
[2025-02-16T16:46:41.464+0700] {processor.py:914} INFO - Processing file /home/dataengineer/.pyenv/versions/3.9.21/lib/python3.9/site-packages/airflow/example_dags/subdags/subdag.py for tasks to queue
[2025-02-16T16:46:41.466+0700] {logging_mixin.py:190} INFO - [2025-02-16T16:46:41.465+0700] {dagbag.py:588} INFO - Filling up the DagBag from /home/dataengineer/.pyenv/versions/3.9.21/lib/python3.9/site-packages/airflow/example_dags/subdags/subdag.py
[2025-02-16T16:46:41.468+0700] {processor.py:927} WARNING - No viable dags retrieved from /home/dataengineer/.pyenv/versions/3.9.21/lib/python3.9/site-packages/airflow/example_dags/subdags/subdag.py
[2025-02-16T16:46:41.478+0700] {processor.py:208} INFO - Processing /home/dataengineer/.pyenv/versions/3.9.21/lib/python3.9/site-packages/airflow/example_dags/subdags/subdag.py took 0.022 seconds
[2025-02-16T16:47:26.175+0700] {processor.py:186} INFO - Started process (PID=39441) to work on /home/dataengineer/.pyenv/versions/3.9.21/lib/python3.9/site-packages/airflow/example_dags/subdags/subdag.py
[2025-02-16T16:47:26.176+0700] {processor.py:914} INFO - Processing file /home/dataengineer/.pyenv/versions/3.9.21/lib/python3.9/site-packages/airflow/example_dags/subdags/subdag.py for tasks to queue
[2025-02-16T16:47:26.177+0700] {logging_mixin.py:190} INFO - [2025-02-16T16:47:26.177+0700] {dagbag.py:588} INFO - Filling up the DagBag from /home/dataengineer/.pyenv/versions/3.9.21/lib/python3.9/site-packages/airflow/example_dags/subdags/subdag.py
[2025-02-16T16:47:26.180+0700] {processor.py:927} WARNING - No viable dags retrieved from /home/dataengineer/.pyenv/versions/3.9.21/lib/python3.9/site-packages/airflow/example_dags/subdags/subdag.py
[2025-02-16T16:47:26.190+0700] {processor.py:208} INFO - Processing /home/dataengineer/.pyenv/versions/3.9.21/lib/python3.9/site-packages/airflow/example_dags/subdags/subdag.py took 0.021 seconds
[2025-02-16T16:48:13.204+0700] {processor.py:186} INFO - Started process (PID=39675) to work on /home/dataengineer/.pyenv/versions/3.9.21/lib/python3.9/site-packages/airflow/example_dags/subdags/subdag.py
[2025-02-16T16:48:13.205+0700] {processor.py:914} INFO - Processing file /home/dataengineer/.pyenv/versions/3.9.21/lib/python3.9/site-packages/airflow/example_dags/subdags/subdag.py for tasks to queue
[2025-02-16T16:48:13.207+0700] {logging_mixin.py:190} INFO - [2025-02-16T16:48:13.207+0700] {dagbag.py:588} INFO - Filling up the DagBag from /home/dataengineer/.pyenv/versions/3.9.21/lib/python3.9/site-packages/airflow/example_dags/subdags/subdag.py
[2025-02-16T16:48:13.209+0700] {processor.py:927} WARNING - No viable dags retrieved from /home/dataengineer/.pyenv/versions/3.9.21/lib/python3.9/site-packages/airflow/example_dags/subdags/subdag.py
[2025-02-16T16:48:13.218+0700] {processor.py:208} INFO - Processing /home/dataengineer/.pyenv/versions/3.9.21/lib/python3.9/site-packages/airflow/example_dags/subdags/subdag.py took 0.019 seconds
[2025-02-16T16:49:02.315+0700] {processor.py:186} INFO - Started process (PID=39961) to work on /home/dataengineer/.pyenv/versions/3.9.21/lib/python3.9/site-packages/airflow/example_dags/subdags/subdag.py
[2025-02-16T16:49:02.316+0700] {processor.py:914} INFO - Processing file /home/dataengineer/.pyenv/versions/3.9.21/lib/python3.9/site-packages/airflow/example_dags/subdags/subdag.py for tasks to queue
[2025-02-16T16:49:02.317+0700] {logging_mixin.py:190} INFO - [2025-02-16T16:49:02.317+0700] {dagbag.py:588} INFO - Filling up the DagBag from /home/dataengineer/.pyenv/versions/3.9.21/lib/python3.9/site-packages/airflow/example_dags/subdags/subdag.py
[2025-02-16T16:49:02.319+0700] {processor.py:927} WARNING - No viable dags retrieved from /home/dataengineer/.pyenv/versions/3.9.21/lib/python3.9/site-packages/airflow/example_dags/subdags/subdag.py
[2025-02-16T16:49:02.328+0700] {processor.py:208} INFO - Processing /home/dataengineer/.pyenv/versions/3.9.21/lib/python3.9/site-packages/airflow/example_dags/subdags/subdag.py took 0.020 seconds
[2025-02-16T16:49:52.012+0700] {processor.py:186} INFO - Started process (PID=40173) to work on /home/dataengineer/.pyenv/versions/3.9.21/lib/python3.9/site-packages/airflow/example_dags/subdags/subdag.py
[2025-02-16T16:49:52.013+0700] {processor.py:914} INFO - Processing file /home/dataengineer/.pyenv/versions/3.9.21/lib/python3.9/site-packages/airflow/example_dags/subdags/subdag.py for tasks to queue
[2025-02-16T16:49:52.015+0700] {logging_mixin.py:190} INFO - [2025-02-16T16:49:52.014+0700] {dagbag.py:588} INFO - Filling up the DagBag from /home/dataengineer/.pyenv/versions/3.9.21/lib/python3.9/site-packages/airflow/example_dags/subdags/subdag.py
[2025-02-16T16:49:52.017+0700] {processor.py:927} WARNING - No viable dags retrieved from /home/dataengineer/.pyenv/versions/3.9.21/lib/python3.9/site-packages/airflow/example_dags/subdags/subdag.py
[2025-02-16T16:49:52.027+0700] {processor.py:208} INFO - Processing /home/dataengineer/.pyenv/versions/3.9.21/lib/python3.9/site-packages/airflow/example_dags/subdags/subdag.py took 0.021 seconds
[2025-02-16T16:50:42.114+0700] {processor.py:186} INFO - Started process (PID=40393) to work on /home/dataengineer/.pyenv/versions/3.9.21/lib/python3.9/site-packages/airflow/example_dags/subdags/subdag.py
[2025-02-16T16:50:42.115+0700] {processor.py:914} INFO - Processing file /home/dataengineer/.pyenv/versions/3.9.21/lib/python3.9/site-packages/airflow/example_dags/subdags/subdag.py for tasks to queue
[2025-02-16T16:50:42.117+0700] {logging_mixin.py:190} INFO - [2025-02-16T16:50:42.116+0700] {dagbag.py:588} INFO - Filling up the DagBag from /home/dataengineer/.pyenv/versions/3.9.21/lib/python3.9/site-packages/airflow/example_dags/subdags/subdag.py
[2025-02-16T16:50:42.120+0700] {processor.py:927} WARNING - No viable dags retrieved from /home/dataengineer/.pyenv/versions/3.9.21/lib/python3.9/site-packages/airflow/example_dags/subdags/subdag.py
[2025-02-16T16:50:42.130+0700] {processor.py:208} INFO - Processing /home/dataengineer/.pyenv/versions/3.9.21/lib/python3.9/site-packages/airflow/example_dags/subdags/subdag.py took 0.023 seconds
[2025-02-16T16:51:30.937+0700] {processor.py:186} INFO - Started process (PID=40615) to work on /home/dataengineer/.pyenv/versions/3.9.21/lib/python3.9/site-packages/airflow/example_dags/subdags/subdag.py
[2025-02-16T16:51:30.938+0700] {processor.py:914} INFO - Processing file /home/dataengineer/.pyenv/versions/3.9.21/lib/python3.9/site-packages/airflow/example_dags/subdags/subdag.py for tasks to queue
[2025-02-16T16:51:30.939+0700] {logging_mixin.py:190} INFO - [2025-02-16T16:51:30.939+0700] {dagbag.py:588} INFO - Filling up the DagBag from /home/dataengineer/.pyenv/versions/3.9.21/lib/python3.9/site-packages/airflow/example_dags/subdags/subdag.py
[2025-02-16T16:51:30.942+0700] {processor.py:927} WARNING - No viable dags retrieved from /home/dataengineer/.pyenv/versions/3.9.21/lib/python3.9/site-packages/airflow/example_dags/subdags/subdag.py
[2025-02-16T16:51:30.951+0700] {processor.py:208} INFO - Processing /home/dataengineer/.pyenv/versions/3.9.21/lib/python3.9/site-packages/airflow/example_dags/subdags/subdag.py took 0.020 seconds
[2025-02-16T16:52:18.122+0700] {processor.py:186} INFO - Started process (PID=40811) to work on /home/dataengineer/.pyenv/versions/3.9.21/lib/python3.9/site-packages/airflow/example_dags/subdags/subdag.py
[2025-02-16T16:52:18.124+0700] {processor.py:914} INFO - Processing file /home/dataengineer/.pyenv/versions/3.9.21/lib/python3.9/site-packages/airflow/example_dags/subdags/subdag.py for tasks to queue
[2025-02-16T16:52:18.125+0700] {logging_mixin.py:190} INFO - [2025-02-16T16:52:18.125+0700] {dagbag.py:588} INFO - Filling up the DagBag from /home/dataengineer/.pyenv/versions/3.9.21/lib/python3.9/site-packages/airflow/example_dags/subdags/subdag.py
[2025-02-16T16:52:18.128+0700] {processor.py:927} WARNING - No viable dags retrieved from /home/dataengineer/.pyenv/versions/3.9.21/lib/python3.9/site-packages/airflow/example_dags/subdags/subdag.py
[2025-02-16T16:52:18.138+0700] {processor.py:208} INFO - Processing /home/dataengineer/.pyenv/versions/3.9.21/lib/python3.9/site-packages/airflow/example_dags/subdags/subdag.py took 0.021 seconds
[2025-02-16T16:53:06.297+0700] {processor.py:186} INFO - Started process (PID=41009) to work on /home/dataengineer/.pyenv/versions/3.9.21/lib/python3.9/site-packages/airflow/example_dags/subdags/subdag.py
[2025-02-16T16:53:06.298+0700] {processor.py:914} INFO - Processing file /home/dataengineer/.pyenv/versions/3.9.21/lib/python3.9/site-packages/airflow/example_dags/subdags/subdag.py for tasks to queue
[2025-02-16T16:53:06.299+0700] {logging_mixin.py:190} INFO - [2025-02-16T16:53:06.299+0700] {dagbag.py:588} INFO - Filling up the DagBag from /home/dataengineer/.pyenv/versions/3.9.21/lib/python3.9/site-packages/airflow/example_dags/subdags/subdag.py
[2025-02-16T16:53:06.302+0700] {processor.py:927} WARNING - No viable dags retrieved from /home/dataengineer/.pyenv/versions/3.9.21/lib/python3.9/site-packages/airflow/example_dags/subdags/subdag.py
[2025-02-16T16:53:06.310+0700] {processor.py:208} INFO - Processing /home/dataengineer/.pyenv/versions/3.9.21/lib/python3.9/site-packages/airflow/example_dags/subdags/subdag.py took 0.019 seconds
[2025-02-16T16:53:57.573+0700] {processor.py:186} INFO - Started process (PID=41257) to work on /home/dataengineer/.pyenv/versions/3.9.21/lib/python3.9/site-packages/airflow/example_dags/subdags/subdag.py
[2025-02-16T16:53:57.574+0700] {processor.py:914} INFO - Processing file /home/dataengineer/.pyenv/versions/3.9.21/lib/python3.9/site-packages/airflow/example_dags/subdags/subdag.py for tasks to queue
[2025-02-16T16:53:57.575+0700] {logging_mixin.py:190} INFO - [2025-02-16T16:53:57.575+0700] {dagbag.py:588} INFO - Filling up the DagBag from /home/dataengineer/.pyenv/versions/3.9.21/lib/python3.9/site-packages/airflow/example_dags/subdags/subdag.py
[2025-02-16T16:53:57.577+0700] {processor.py:927} WARNING - No viable dags retrieved from /home/dataengineer/.pyenv/versions/3.9.21/lib/python3.9/site-packages/airflow/example_dags/subdags/subdag.py
[2025-02-16T16:53:57.587+0700] {processor.py:208} INFO - Processing /home/dataengineer/.pyenv/versions/3.9.21/lib/python3.9/site-packages/airflow/example_dags/subdags/subdag.py took 0.020 seconds
[2025-02-16T16:54:48.083+0700] {processor.py:186} INFO - Started process (PID=41492) to work on /home/dataengineer/.pyenv/versions/3.9.21/lib/python3.9/site-packages/airflow/example_dags/subdags/subdag.py
[2025-02-16T16:54:48.084+0700] {processor.py:914} INFO - Processing file /home/dataengineer/.pyenv/versions/3.9.21/lib/python3.9/site-packages/airflow/example_dags/subdags/subdag.py for tasks to queue
[2025-02-16T16:54:48.085+0700] {logging_mixin.py:190} INFO - [2025-02-16T16:54:48.085+0700] {dagbag.py:588} INFO - Filling up the DagBag from /home/dataengineer/.pyenv/versions/3.9.21/lib/python3.9/site-packages/airflow/example_dags/subdags/subdag.py
[2025-02-16T16:54:48.088+0700] {processor.py:927} WARNING - No viable dags retrieved from /home/dataengineer/.pyenv/versions/3.9.21/lib/python3.9/site-packages/airflow/example_dags/subdags/subdag.py
[2025-02-16T16:54:48.098+0700] {processor.py:208} INFO - Processing /home/dataengineer/.pyenv/versions/3.9.21/lib/python3.9/site-packages/airflow/example_dags/subdags/subdag.py took 0.022 seconds
[2025-02-16T16:55:35.242+0700] {processor.py:186} INFO - Started process (PID=41701) to work on /home/dataengineer/.pyenv/versions/3.9.21/lib/python3.9/site-packages/airflow/example_dags/subdags/subdag.py
[2025-02-16T16:55:35.243+0700] {processor.py:914} INFO - Processing file /home/dataengineer/.pyenv/versions/3.9.21/lib/python3.9/site-packages/airflow/example_dags/subdags/subdag.py for tasks to queue
[2025-02-16T16:55:35.245+0700] {logging_mixin.py:190} INFO - [2025-02-16T16:55:35.244+0700] {dagbag.py:588} INFO - Filling up the DagBag from /home/dataengineer/.pyenv/versions/3.9.21/lib/python3.9/site-packages/airflow/example_dags/subdags/subdag.py
[2025-02-16T16:55:35.247+0700] {processor.py:927} WARNING - No viable dags retrieved from /home/dataengineer/.pyenv/versions/3.9.21/lib/python3.9/site-packages/airflow/example_dags/subdags/subdag.py
[2025-02-16T16:55:35.256+0700] {processor.py:208} INFO - Processing /home/dataengineer/.pyenv/versions/3.9.21/lib/python3.9/site-packages/airflow/example_dags/subdags/subdag.py took 0.020 seconds
[2025-02-16T16:56:24.335+0700] {processor.py:186} INFO - Started process (PID=41901) to work on /home/dataengineer/.pyenv/versions/3.9.21/lib/python3.9/site-packages/airflow/example_dags/subdags/subdag.py
[2025-02-16T16:56:24.337+0700] {processor.py:914} INFO - Processing file /home/dataengineer/.pyenv/versions/3.9.21/lib/python3.9/site-packages/airflow/example_dags/subdags/subdag.py for tasks to queue
[2025-02-16T16:56:24.338+0700] {logging_mixin.py:190} INFO - [2025-02-16T16:56:24.337+0700] {dagbag.py:588} INFO - Filling up the DagBag from /home/dataengineer/.pyenv/versions/3.9.21/lib/python3.9/site-packages/airflow/example_dags/subdags/subdag.py
[2025-02-16T16:56:24.340+0700] {processor.py:927} WARNING - No viable dags retrieved from /home/dataengineer/.pyenv/versions/3.9.21/lib/python3.9/site-packages/airflow/example_dags/subdags/subdag.py
[2025-02-16T16:56:24.349+0700] {processor.py:208} INFO - Processing /home/dataengineer/.pyenv/versions/3.9.21/lib/python3.9/site-packages/airflow/example_dags/subdags/subdag.py took 0.020 seconds
[2025-02-16T16:57:08.066+0700] {processor.py:186} INFO - Started process (PID=42455) to work on /home/dataengineer/.pyenv/versions/3.9.21/lib/python3.9/site-packages/airflow/example_dags/subdags/subdag.py
[2025-02-16T16:57:08.067+0700] {processor.py:914} INFO - Processing file /home/dataengineer/.pyenv/versions/3.9.21/lib/python3.9/site-packages/airflow/example_dags/subdags/subdag.py for tasks to queue
[2025-02-16T16:57:08.068+0700] {logging_mixin.py:190} INFO - [2025-02-16T16:57:08.068+0700] {dagbag.py:588} INFO - Filling up the DagBag from /home/dataengineer/.pyenv/versions/3.9.21/lib/python3.9/site-packages/airflow/example_dags/subdags/subdag.py
[2025-02-16T16:57:08.070+0700] {processor.py:927} WARNING - No viable dags retrieved from /home/dataengineer/.pyenv/versions/3.9.21/lib/python3.9/site-packages/airflow/example_dags/subdags/subdag.py
[2025-02-16T16:57:08.079+0700] {processor.py:208} INFO - Processing /home/dataengineer/.pyenv/versions/3.9.21/lib/python3.9/site-packages/airflow/example_dags/subdags/subdag.py took 0.020 seconds
[2025-02-16T16:57:58.342+0700] {processor.py:186} INFO - Started process (PID=42747) to work on /home/dataengineer/.pyenv/versions/3.9.21/lib/python3.9/site-packages/airflow/example_dags/subdags/subdag.py
[2025-02-16T16:57:58.344+0700] {processor.py:914} INFO - Processing file /home/dataengineer/.pyenv/versions/3.9.21/lib/python3.9/site-packages/airflow/example_dags/subdags/subdag.py for tasks to queue
[2025-02-16T16:57:58.346+0700] {logging_mixin.py:190} INFO - [2025-02-16T16:57:58.345+0700] {dagbag.py:588} INFO - Filling up the DagBag from /home/dataengineer/.pyenv/versions/3.9.21/lib/python3.9/site-packages/airflow/example_dags/subdags/subdag.py
[2025-02-16T16:57:58.348+0700] {processor.py:927} WARNING - No viable dags retrieved from /home/dataengineer/.pyenv/versions/3.9.21/lib/python3.9/site-packages/airflow/example_dags/subdags/subdag.py
[2025-02-16T16:57:58.358+0700] {processor.py:208} INFO - Processing /home/dataengineer/.pyenv/versions/3.9.21/lib/python3.9/site-packages/airflow/example_dags/subdags/subdag.py took 0.021 seconds
[2025-02-16T16:58:49.130+0700] {processor.py:186} INFO - Started process (PID=43184) to work on /home/dataengineer/.pyenv/versions/3.9.21/lib/python3.9/site-packages/airflow/example_dags/subdags/subdag.py
[2025-02-16T16:58:49.132+0700] {processor.py:914} INFO - Processing file /home/dataengineer/.pyenv/versions/3.9.21/lib/python3.9/site-packages/airflow/example_dags/subdags/subdag.py for tasks to queue
[2025-02-16T16:58:49.133+0700] {logging_mixin.py:190} INFO - [2025-02-16T16:58:49.133+0700] {dagbag.py:588} INFO - Filling up the DagBag from /home/dataengineer/.pyenv/versions/3.9.21/lib/python3.9/site-packages/airflow/example_dags/subdags/subdag.py
[2025-02-16T16:58:49.136+0700] {processor.py:927} WARNING - No viable dags retrieved from /home/dataengineer/.pyenv/versions/3.9.21/lib/python3.9/site-packages/airflow/example_dags/subdags/subdag.py
[2025-02-16T16:58:49.147+0700] {processor.py:208} INFO - Processing /home/dataengineer/.pyenv/versions/3.9.21/lib/python3.9/site-packages/airflow/example_dags/subdags/subdag.py took 0.023 seconds
[2025-02-16T16:59:40.458+0700] {processor.py:186} INFO - Started process (PID=43400) to work on /home/dataengineer/.pyenv/versions/3.9.21/lib/python3.9/site-packages/airflow/example_dags/subdags/subdag.py
[2025-02-16T16:59:40.460+0700] {processor.py:914} INFO - Processing file /home/dataengineer/.pyenv/versions/3.9.21/lib/python3.9/site-packages/airflow/example_dags/subdags/subdag.py for tasks to queue
[2025-02-16T16:59:40.461+0700] {logging_mixin.py:190} INFO - [2025-02-16T16:59:40.460+0700] {dagbag.py:588} INFO - Filling up the DagBag from /home/dataengineer/.pyenv/versions/3.9.21/lib/python3.9/site-packages/airflow/example_dags/subdags/subdag.py
[2025-02-16T16:59:40.463+0700] {processor.py:927} WARNING - No viable dags retrieved from /home/dataengineer/.pyenv/versions/3.9.21/lib/python3.9/site-packages/airflow/example_dags/subdags/subdag.py
[2025-02-16T16:59:40.471+0700] {processor.py:208} INFO - Processing /home/dataengineer/.pyenv/versions/3.9.21/lib/python3.9/site-packages/airflow/example_dags/subdags/subdag.py took 0.019 seconds
[2025-02-16T17:00:28.125+0700] {processor.py:186} INFO - Started process (PID=43732) to work on /home/dataengineer/.pyenv/versions/3.9.21/lib/python3.9/site-packages/airflow/example_dags/subdags/subdag.py
[2025-02-16T17:00:28.127+0700] {processor.py:914} INFO - Processing file /home/dataengineer/.pyenv/versions/3.9.21/lib/python3.9/site-packages/airflow/example_dags/subdags/subdag.py for tasks to queue
[2025-02-16T17:00:28.128+0700] {logging_mixin.py:190} INFO - [2025-02-16T17:00:28.127+0700] {dagbag.py:588} INFO - Filling up the DagBag from /home/dataengineer/.pyenv/versions/3.9.21/lib/python3.9/site-packages/airflow/example_dags/subdags/subdag.py
[2025-02-16T17:00:28.130+0700] {processor.py:927} WARNING - No viable dags retrieved from /home/dataengineer/.pyenv/versions/3.9.21/lib/python3.9/site-packages/airflow/example_dags/subdags/subdag.py
[2025-02-16T17:00:28.139+0700] {processor.py:208} INFO - Processing /home/dataengineer/.pyenv/versions/3.9.21/lib/python3.9/site-packages/airflow/example_dags/subdags/subdag.py took 0.020 seconds
