[2025-03-08T00:56:53.651+0700] {processor.py:186} INFO - Started process (PID=36417) to work on /home/dataengineer/.pyenv/versions/3.9.21/lib/python3.9/site-packages/airflow/example_dags/example_params_ui_tutorial.py
[2025-03-08T00:56:53.652+0700] {processor.py:914} INFO - Processing file /home/dataengineer/.pyenv/versions/3.9.21/lib/python3.9/site-packages/airflow/example_dags/example_params_ui_tutorial.py for tasks to queue
[2025-03-08T00:56:53.662+0700] {logging_mixin.py:190} INFO - [2025-03-08T00:56:53.653+0700] {dagbag.py:588} INFO - Filling up the DagBag from /home/dataengineer/.pyenv/versions/3.9.21/lib/python3.9/site-packages/airflow/example_dags/example_params_ui_tutorial.py
[2025-03-08T00:56:53.680+0700] {processor.py:925} INFO - DAG(s) 'example_params_ui_tutorial' retrieved from /home/dataengineer/.pyenv/versions/3.9.21/lib/python3.9/site-packages/airflow/example_dags/example_params_ui_tutorial.py
[2025-03-08T00:56:54.136+0700] {logging_mixin.py:190} INFO - [2025-03-08T00:56:54.135+0700] {dag.py:3239} INFO - Sync 1 DAGs
[2025-03-08T00:56:54.167+0700] {logging_mixin.py:190} INFO - [2025-03-08T00:56:54.167+0700] {dag.py:4180} INFO - Setting next_dagrun for example_params_ui_tutorial to None, run_after=None
[2025-03-08T00:56:54.220+0700] {processor.py:208} INFO - Processing /home/dataengineer/.pyenv/versions/3.9.21/lib/python3.9/site-packages/airflow/example_dags/example_params_ui_tutorial.py took 0.575 seconds
[2025-03-08T00:57:58.401+0700] {processor.py:186} INFO - Started process (PID=37074) to work on /home/dataengineer/.pyenv/versions/3.9.21/lib/python3.9/site-packages/airflow/example_dags/example_params_ui_tutorial.py
[2025-03-08T00:57:58.403+0700] {processor.py:914} INFO - Processing file /home/dataengineer/.pyenv/versions/3.9.21/lib/python3.9/site-packages/airflow/example_dags/example_params_ui_tutorial.py for tasks to queue
[2025-03-08T00:57:58.405+0700] {logging_mixin.py:190} INFO - [2025-03-08T00:57:58.405+0700] {dagbag.py:588} INFO - Filling up the DagBag from /home/dataengineer/.pyenv/versions/3.9.21/lib/python3.9/site-packages/airflow/example_dags/example_params_ui_tutorial.py
[2025-03-08T00:57:58.415+0700] {processor.py:925} INFO - DAG(s) 'example_params_ui_tutorial' retrieved from /home/dataengineer/.pyenv/versions/3.9.21/lib/python3.9/site-packages/airflow/example_dags/example_params_ui_tutorial.py
[2025-03-08T00:57:58.465+0700] {logging_mixin.py:190} INFO - [2025-03-08T00:57:58.465+0700] {dag.py:3239} INFO - Sync 1 DAGs
[2025-03-08T00:57:58.478+0700] {logging_mixin.py:190} INFO - [2025-03-08T00:57:58.478+0700] {dag.py:4180} INFO - Setting next_dagrun for example_params_ui_tutorial to None, run_after=None
[2025-03-08T00:57:58.498+0700] {processor.py:208} INFO - Processing /home/dataengineer/.pyenv/versions/3.9.21/lib/python3.9/site-packages/airflow/example_dags/example_params_ui_tutorial.py took 0.103 seconds
[2025-03-08T00:58:59.059+0700] {processor.py:186} INFO - Started process (PID=37503) to work on /home/dataengineer/.pyenv/versions/3.9.21/lib/python3.9/site-packages/airflow/example_dags/example_params_ui_tutorial.py
[2025-03-08T00:58:59.060+0700] {processor.py:914} INFO - Processing file /home/dataengineer/.pyenv/versions/3.9.21/lib/python3.9/site-packages/airflow/example_dags/example_params_ui_tutorial.py for tasks to queue
[2025-03-08T00:58:59.062+0700] {logging_mixin.py:190} INFO - [2025-03-08T00:58:59.062+0700] {dagbag.py:588} INFO - Filling up the DagBag from /home/dataengineer/.pyenv/versions/3.9.21/lib/python3.9/site-packages/airflow/example_dags/example_params_ui_tutorial.py
[2025-03-08T00:58:59.070+0700] {processor.py:925} INFO - DAG(s) 'example_params_ui_tutorial' retrieved from /home/dataengineer/.pyenv/versions/3.9.21/lib/python3.9/site-packages/airflow/example_dags/example_params_ui_tutorial.py
[2025-03-08T00:58:59.110+0700] {logging_mixin.py:190} INFO - [2025-03-08T00:58:59.109+0700] {dag.py:3239} INFO - Sync 1 DAGs
[2025-03-08T00:58:59.121+0700] {logging_mixin.py:190} INFO - [2025-03-08T00:58:59.120+0700] {dag.py:4180} INFO - Setting next_dagrun for example_params_ui_tutorial to None, run_after=None
[2025-03-08T00:58:59.139+0700] {processor.py:208} INFO - Processing /home/dataengineer/.pyenv/versions/3.9.21/lib/python3.9/site-packages/airflow/example_dags/example_params_ui_tutorial.py took 0.085 seconds
[2025-03-08T01:00:00.751+0700] {processor.py:186} INFO - Started process (PID=37930) to work on /home/dataengineer/.pyenv/versions/3.9.21/lib/python3.9/site-packages/airflow/example_dags/example_params_ui_tutorial.py
[2025-03-08T01:00:00.752+0700] {processor.py:914} INFO - Processing file /home/dataengineer/.pyenv/versions/3.9.21/lib/python3.9/site-packages/airflow/example_dags/example_params_ui_tutorial.py for tasks to queue
[2025-03-08T01:00:00.754+0700] {logging_mixin.py:190} INFO - [2025-03-08T01:00:00.754+0700] {dagbag.py:588} INFO - Filling up the DagBag from /home/dataengineer/.pyenv/versions/3.9.21/lib/python3.9/site-packages/airflow/example_dags/example_params_ui_tutorial.py
[2025-03-08T01:00:00.763+0700] {processor.py:925} INFO - DAG(s) 'example_params_ui_tutorial' retrieved from /home/dataengineer/.pyenv/versions/3.9.21/lib/python3.9/site-packages/airflow/example_dags/example_params_ui_tutorial.py
[2025-03-08T01:00:00.811+0700] {logging_mixin.py:190} INFO - [2025-03-08T01:00:00.811+0700] {dag.py:3239} INFO - Sync 1 DAGs
[2025-03-08T01:00:00.823+0700] {logging_mixin.py:190} INFO - [2025-03-08T01:00:00.823+0700] {dag.py:4180} INFO - Setting next_dagrun for example_params_ui_tutorial to None, run_after=None
[2025-03-08T01:00:00.844+0700] {processor.py:208} INFO - Processing /home/dataengineer/.pyenv/versions/3.9.21/lib/python3.9/site-packages/airflow/example_dags/example_params_ui_tutorial.py took 0.099 seconds
[2025-03-08T01:01:03.548+0700] {processor.py:186} INFO - Started process (PID=38362) to work on /home/dataengineer/.pyenv/versions/3.9.21/lib/python3.9/site-packages/airflow/example_dags/example_params_ui_tutorial.py
[2025-03-08T01:01:03.549+0700] {processor.py:914} INFO - Processing file /home/dataengineer/.pyenv/versions/3.9.21/lib/python3.9/site-packages/airflow/example_dags/example_params_ui_tutorial.py for tasks to queue
[2025-03-08T01:01:03.551+0700] {logging_mixin.py:190} INFO - [2025-03-08T01:01:03.551+0700] {dagbag.py:588} INFO - Filling up the DagBag from /home/dataengineer/.pyenv/versions/3.9.21/lib/python3.9/site-packages/airflow/example_dags/example_params_ui_tutorial.py
[2025-03-08T01:01:03.560+0700] {processor.py:925} INFO - DAG(s) 'example_params_ui_tutorial' retrieved from /home/dataengineer/.pyenv/versions/3.9.21/lib/python3.9/site-packages/airflow/example_dags/example_params_ui_tutorial.py
[2025-03-08T01:01:03.607+0700] {logging_mixin.py:190} INFO - [2025-03-08T01:01:03.607+0700] {dag.py:3239} INFO - Sync 1 DAGs
[2025-03-08T01:01:03.618+0700] {logging_mixin.py:190} INFO - [2025-03-08T01:01:03.618+0700] {dag.py:4180} INFO - Setting next_dagrun for example_params_ui_tutorial to None, run_after=None
[2025-03-08T01:01:03.639+0700] {processor.py:208} INFO - Processing /home/dataengineer/.pyenv/versions/3.9.21/lib/python3.9/site-packages/airflow/example_dags/example_params_ui_tutorial.py took 0.097 seconds
[2025-03-08T01:02:04.162+0700] {processor.py:186} INFO - Started process (PID=38841) to work on /home/dataengineer/.pyenv/versions/3.9.21/lib/python3.9/site-packages/airflow/example_dags/example_params_ui_tutorial.py
[2025-03-08T01:02:04.163+0700] {processor.py:914} INFO - Processing file /home/dataengineer/.pyenv/versions/3.9.21/lib/python3.9/site-packages/airflow/example_dags/example_params_ui_tutorial.py for tasks to queue
[2025-03-08T01:02:04.165+0700] {logging_mixin.py:190} INFO - [2025-03-08T01:02:04.165+0700] {dagbag.py:588} INFO - Filling up the DagBag from /home/dataengineer/.pyenv/versions/3.9.21/lib/python3.9/site-packages/airflow/example_dags/example_params_ui_tutorial.py
[2025-03-08T01:02:04.173+0700] {processor.py:925} INFO - DAG(s) 'example_params_ui_tutorial' retrieved from /home/dataengineer/.pyenv/versions/3.9.21/lib/python3.9/site-packages/airflow/example_dags/example_params_ui_tutorial.py
[2025-03-08T01:02:04.215+0700] {logging_mixin.py:190} INFO - [2025-03-08T01:02:04.214+0700] {dag.py:3239} INFO - Sync 1 DAGs
[2025-03-08T01:02:04.227+0700] {logging_mixin.py:190} INFO - [2025-03-08T01:02:04.226+0700] {dag.py:4180} INFO - Setting next_dagrun for example_params_ui_tutorial to None, run_after=None
[2025-03-08T01:02:04.247+0700] {processor.py:208} INFO - Processing /home/dataengineer/.pyenv/versions/3.9.21/lib/python3.9/site-packages/airflow/example_dags/example_params_ui_tutorial.py took 0.090 seconds
[2025-03-08T01:03:06.651+0700] {processor.py:186} INFO - Started process (PID=39420) to work on /home/dataengineer/.pyenv/versions/3.9.21/lib/python3.9/site-packages/airflow/example_dags/example_params_ui_tutorial.py
[2025-03-08T01:03:06.652+0700] {processor.py:914} INFO - Processing file /home/dataengineer/.pyenv/versions/3.9.21/lib/python3.9/site-packages/airflow/example_dags/example_params_ui_tutorial.py for tasks to queue
[2025-03-08T01:03:06.654+0700] {logging_mixin.py:190} INFO - [2025-03-08T01:03:06.654+0700] {dagbag.py:588} INFO - Filling up the DagBag from /home/dataengineer/.pyenv/versions/3.9.21/lib/python3.9/site-packages/airflow/example_dags/example_params_ui_tutorial.py
[2025-03-08T01:03:06.662+0700] {processor.py:925} INFO - DAG(s) 'example_params_ui_tutorial' retrieved from /home/dataengineer/.pyenv/versions/3.9.21/lib/python3.9/site-packages/airflow/example_dags/example_params_ui_tutorial.py
[2025-03-08T01:03:06.703+0700] {logging_mixin.py:190} INFO - [2025-03-08T01:03:06.703+0700] {dag.py:3239} INFO - Sync 1 DAGs
[2025-03-08T01:03:06.714+0700] {logging_mixin.py:190} INFO - [2025-03-08T01:03:06.714+0700] {dag.py:4180} INFO - Setting next_dagrun for example_params_ui_tutorial to None, run_after=None
[2025-03-08T01:03:06.731+0700] {processor.py:208} INFO - Processing /home/dataengineer/.pyenv/versions/3.9.21/lib/python3.9/site-packages/airflow/example_dags/example_params_ui_tutorial.py took 0.086 seconds
[2025-03-08T01:04:06.188+0700] {processor.py:186} INFO - Started process (PID=40607) to work on /home/dataengineer/.pyenv/versions/3.9.21/lib/python3.9/site-packages/airflow/example_dags/example_params_ui_tutorial.py
[2025-03-08T01:04:06.189+0700] {processor.py:914} INFO - Processing file /home/dataengineer/.pyenv/versions/3.9.21/lib/python3.9/site-packages/airflow/example_dags/example_params_ui_tutorial.py for tasks to queue
[2025-03-08T01:04:06.191+0700] {logging_mixin.py:190} INFO - [2025-03-08T01:04:06.190+0700] {dagbag.py:588} INFO - Filling up the DagBag from /home/dataengineer/.pyenv/versions/3.9.21/lib/python3.9/site-packages/airflow/example_dags/example_params_ui_tutorial.py
[2025-03-08T01:04:06.200+0700] {processor.py:925} INFO - DAG(s) 'example_params_ui_tutorial' retrieved from /home/dataengineer/.pyenv/versions/3.9.21/lib/python3.9/site-packages/airflow/example_dags/example_params_ui_tutorial.py
[2025-03-08T01:04:06.246+0700] {logging_mixin.py:190} INFO - [2025-03-08T01:04:06.246+0700] {dag.py:3239} INFO - Sync 1 DAGs
[2025-03-08T01:04:06.260+0700] {logging_mixin.py:190} INFO - [2025-03-08T01:04:06.259+0700] {dag.py:4180} INFO - Setting next_dagrun for example_params_ui_tutorial to None, run_after=None
[2025-03-08T01:04:06.281+0700] {processor.py:208} INFO - Processing /home/dataengineer/.pyenv/versions/3.9.21/lib/python3.9/site-packages/airflow/example_dags/example_params_ui_tutorial.py took 0.100 seconds
[2025-03-08T01:05:07.707+0700] {processor.py:186} INFO - Started process (PID=42573) to work on /home/dataengineer/.pyenv/versions/3.9.21/lib/python3.9/site-packages/airflow/example_dags/example_params_ui_tutorial.py
[2025-03-08T01:05:07.708+0700] {processor.py:914} INFO - Processing file /home/dataengineer/.pyenv/versions/3.9.21/lib/python3.9/site-packages/airflow/example_dags/example_params_ui_tutorial.py for tasks to queue
[2025-03-08T01:05:07.710+0700] {logging_mixin.py:190} INFO - [2025-03-08T01:05:07.710+0700] {dagbag.py:588} INFO - Filling up the DagBag from /home/dataengineer/.pyenv/versions/3.9.21/lib/python3.9/site-packages/airflow/example_dags/example_params_ui_tutorial.py
[2025-03-08T01:05:07.719+0700] {processor.py:925} INFO - DAG(s) 'example_params_ui_tutorial' retrieved from /home/dataengineer/.pyenv/versions/3.9.21/lib/python3.9/site-packages/airflow/example_dags/example_params_ui_tutorial.py
[2025-03-08T01:05:07.761+0700] {logging_mixin.py:190} INFO - [2025-03-08T01:05:07.761+0700] {dag.py:3239} INFO - Sync 1 DAGs
[2025-03-08T01:05:07.772+0700] {logging_mixin.py:190} INFO - [2025-03-08T01:05:07.772+0700] {dag.py:4180} INFO - Setting next_dagrun for example_params_ui_tutorial to None, run_after=None
[2025-03-08T01:05:07.791+0700] {processor.py:208} INFO - Processing /home/dataengineer/.pyenv/versions/3.9.21/lib/python3.9/site-packages/airflow/example_dags/example_params_ui_tutorial.py took 0.090 seconds
[2025-03-08T02:27:12.623+0700] {processor.py:186} INFO - Started process (PID=66520) to work on /home/dataengineer/.pyenv/versions/3.9.21/lib/python3.9/site-packages/airflow/example_dags/example_params_ui_tutorial.py
[2025-03-08T02:27:12.625+0700] {processor.py:914} INFO - Processing file /home/dataengineer/.pyenv/versions/3.9.21/lib/python3.9/site-packages/airflow/example_dags/example_params_ui_tutorial.py for tasks to queue
[2025-03-08T02:27:12.626+0700] {logging_mixin.py:190} INFO - [2025-03-08T02:27:12.626+0700] {dagbag.py:588} INFO - Filling up the DagBag from /home/dataengineer/.pyenv/versions/3.9.21/lib/python3.9/site-packages/airflow/example_dags/example_params_ui_tutorial.py
[2025-03-08T02:27:12.636+0700] {processor.py:925} INFO - DAG(s) 'example_params_ui_tutorial' retrieved from /home/dataengineer/.pyenv/versions/3.9.21/lib/python3.9/site-packages/airflow/example_dags/example_params_ui_tutorial.py
[2025-03-08T02:27:12.680+0700] {logging_mixin.py:190} INFO - [2025-03-08T02:27:12.680+0700] {dag.py:3239} INFO - Sync 1 DAGs
[2025-03-08T02:27:12.693+0700] {logging_mixin.py:190} INFO - [2025-03-08T02:27:12.692+0700] {dag.py:4180} INFO - Setting next_dagrun for example_params_ui_tutorial to None, run_after=None
[2025-03-08T02:27:12.711+0700] {processor.py:208} INFO - Processing /home/dataengineer/.pyenv/versions/3.9.21/lib/python3.9/site-packages/airflow/example_dags/example_params_ui_tutorial.py took 0.093 seconds
[2025-03-08T02:29:27.585+0700] {processor.py:186} INFO - Started process (PID=67532) to work on /home/dataengineer/.pyenv/versions/3.9.21/lib/python3.9/site-packages/airflow/example_dags/example_params_ui_tutorial.py
[2025-03-08T02:29:27.586+0700] {processor.py:914} INFO - Processing file /home/dataengineer/.pyenv/versions/3.9.21/lib/python3.9/site-packages/airflow/example_dags/example_params_ui_tutorial.py for tasks to queue
[2025-03-08T02:29:27.588+0700] {logging_mixin.py:190} INFO - [2025-03-08T02:29:27.588+0700] {dagbag.py:588} INFO - Filling up the DagBag from /home/dataengineer/.pyenv/versions/3.9.21/lib/python3.9/site-packages/airflow/example_dags/example_params_ui_tutorial.py
[2025-03-08T02:29:27.596+0700] {processor.py:925} INFO - DAG(s) 'example_params_ui_tutorial' retrieved from /home/dataengineer/.pyenv/versions/3.9.21/lib/python3.9/site-packages/airflow/example_dags/example_params_ui_tutorial.py
[2025-03-08T02:29:27.638+0700] {logging_mixin.py:190} INFO - [2025-03-08T02:29:27.638+0700] {dag.py:3239} INFO - Sync 1 DAGs
[2025-03-08T02:29:27.651+0700] {logging_mixin.py:190} INFO - [2025-03-08T02:29:27.650+0700] {dag.py:4180} INFO - Setting next_dagrun for example_params_ui_tutorial to None, run_after=None
[2025-03-08T02:29:27.669+0700] {processor.py:208} INFO - Processing /home/dataengineer/.pyenv/versions/3.9.21/lib/python3.9/site-packages/airflow/example_dags/example_params_ui_tutorial.py took 0.089 seconds
[2025-03-08T02:30:23.676+0700] {processor.py:186} INFO - Started process (PID=68016) to work on /home/dataengineer/.pyenv/versions/3.9.21/lib/python3.9/site-packages/airflow/example_dags/example_params_ui_tutorial.py
[2025-03-08T02:30:23.678+0700] {processor.py:914} INFO - Processing file /home/dataengineer/.pyenv/versions/3.9.21/lib/python3.9/site-packages/airflow/example_dags/example_params_ui_tutorial.py for tasks to queue
[2025-03-08T02:30:23.679+0700] {logging_mixin.py:190} INFO - [2025-03-08T02:30:23.678+0700] {dagbag.py:588} INFO - Filling up the DagBag from /home/dataengineer/.pyenv/versions/3.9.21/lib/python3.9/site-packages/airflow/example_dags/example_params_ui_tutorial.py
[2025-03-08T02:30:23.687+0700] {processor.py:925} INFO - DAG(s) 'example_params_ui_tutorial' retrieved from /home/dataengineer/.pyenv/versions/3.9.21/lib/python3.9/site-packages/airflow/example_dags/example_params_ui_tutorial.py
[2025-03-08T02:30:23.728+0700] {logging_mixin.py:190} INFO - [2025-03-08T02:30:23.728+0700] {dag.py:3239} INFO - Sync 1 DAGs
[2025-03-08T02:30:23.740+0700] {logging_mixin.py:190} INFO - [2025-03-08T02:30:23.740+0700] {dag.py:4180} INFO - Setting next_dagrun for example_params_ui_tutorial to None, run_after=None
[2025-03-08T02:30:23.762+0700] {processor.py:208} INFO - Processing /home/dataengineer/.pyenv/versions/3.9.21/lib/python3.9/site-packages/airflow/example_dags/example_params_ui_tutorial.py took 0.091 seconds
[2025-03-08T02:31:19.952+0700] {processor.py:186} INFO - Started process (PID=68442) to work on /home/dataengineer/.pyenv/versions/3.9.21/lib/python3.9/site-packages/airflow/example_dags/example_params_ui_tutorial.py
[2025-03-08T02:31:19.954+0700] {processor.py:914} INFO - Processing file /home/dataengineer/.pyenv/versions/3.9.21/lib/python3.9/site-packages/airflow/example_dags/example_params_ui_tutorial.py for tasks to queue
[2025-03-08T02:31:19.955+0700] {logging_mixin.py:190} INFO - [2025-03-08T02:31:19.955+0700] {dagbag.py:588} INFO - Filling up the DagBag from /home/dataengineer/.pyenv/versions/3.9.21/lib/python3.9/site-packages/airflow/example_dags/example_params_ui_tutorial.py
[2025-03-08T02:31:19.967+0700] {processor.py:925} INFO - DAG(s) 'example_params_ui_tutorial' retrieved from /home/dataengineer/.pyenv/versions/3.9.21/lib/python3.9/site-packages/airflow/example_dags/example_params_ui_tutorial.py
[2025-03-08T02:31:20.022+0700] {logging_mixin.py:190} INFO - [2025-03-08T02:31:20.022+0700] {dag.py:3239} INFO - Sync 1 DAGs
[2025-03-08T02:31:20.037+0700] {logging_mixin.py:190} INFO - [2025-03-08T02:31:20.037+0700] {dag.py:4180} INFO - Setting next_dagrun for example_params_ui_tutorial to None, run_after=None
[2025-03-08T02:31:20.061+0700] {processor.py:208} INFO - Processing /home/dataengineer/.pyenv/versions/3.9.21/lib/python3.9/site-packages/airflow/example_dags/example_params_ui_tutorial.py took 0.115 seconds
[2025-03-08T02:32:16.893+0700] {processor.py:186} INFO - Started process (PID=69033) to work on /home/dataengineer/.pyenv/versions/3.9.21/lib/python3.9/site-packages/airflow/example_dags/example_params_ui_tutorial.py
[2025-03-08T02:32:16.894+0700] {processor.py:914} INFO - Processing file /home/dataengineer/.pyenv/versions/3.9.21/lib/python3.9/site-packages/airflow/example_dags/example_params_ui_tutorial.py for tasks to queue
[2025-03-08T02:32:16.895+0700] {logging_mixin.py:190} INFO - [2025-03-08T02:32:16.895+0700] {dagbag.py:588} INFO - Filling up the DagBag from /home/dataengineer/.pyenv/versions/3.9.21/lib/python3.9/site-packages/airflow/example_dags/example_params_ui_tutorial.py
[2025-03-08T02:32:16.904+0700] {processor.py:925} INFO - DAG(s) 'example_params_ui_tutorial' retrieved from /home/dataengineer/.pyenv/versions/3.9.21/lib/python3.9/site-packages/airflow/example_dags/example_params_ui_tutorial.py
[2025-03-08T02:32:16.946+0700] {logging_mixin.py:190} INFO - [2025-03-08T02:32:16.946+0700] {dag.py:3239} INFO - Sync 1 DAGs
[2025-03-08T02:32:16.958+0700] {logging_mixin.py:190} INFO - [2025-03-08T02:32:16.958+0700] {dag.py:4180} INFO - Setting next_dagrun for example_params_ui_tutorial to None, run_after=None
[2025-03-08T02:32:16.980+0700] {processor.py:208} INFO - Processing /home/dataengineer/.pyenv/versions/3.9.21/lib/python3.9/site-packages/airflow/example_dags/example_params_ui_tutorial.py took 0.093 seconds
[2025-03-08T02:33:14.912+0700] {processor.py:186} INFO - Started process (PID=69288) to work on /home/dataengineer/.pyenv/versions/3.9.21/lib/python3.9/site-packages/airflow/example_dags/example_params_ui_tutorial.py
[2025-03-08T02:33:14.914+0700] {processor.py:914} INFO - Processing file /home/dataengineer/.pyenv/versions/3.9.21/lib/python3.9/site-packages/airflow/example_dags/example_params_ui_tutorial.py for tasks to queue
[2025-03-08T02:33:14.916+0700] {logging_mixin.py:190} INFO - [2025-03-08T02:33:14.915+0700] {dagbag.py:588} INFO - Filling up the DagBag from /home/dataengineer/.pyenv/versions/3.9.21/lib/python3.9/site-packages/airflow/example_dags/example_params_ui_tutorial.py
[2025-03-08T02:33:14.927+0700] {processor.py:925} INFO - DAG(s) 'example_params_ui_tutorial' retrieved from /home/dataengineer/.pyenv/versions/3.9.21/lib/python3.9/site-packages/airflow/example_dags/example_params_ui_tutorial.py
[2025-03-08T02:33:14.976+0700] {logging_mixin.py:190} INFO - [2025-03-08T02:33:14.976+0700] {dag.py:3239} INFO - Sync 1 DAGs
[2025-03-08T02:33:14.992+0700] {logging_mixin.py:190} INFO - [2025-03-08T02:33:14.992+0700] {dag.py:4180} INFO - Setting next_dagrun for example_params_ui_tutorial to None, run_after=None
[2025-03-08T02:33:15.017+0700] {processor.py:208} INFO - Processing /home/dataengineer/.pyenv/versions/3.9.21/lib/python3.9/site-packages/airflow/example_dags/example_params_ui_tutorial.py took 0.112 seconds
[2025-03-08T02:34:50.210+0700] {processor.py:186} INFO - Started process (PID=70368) to work on /home/dataengineer/.pyenv/versions/3.9.21/lib/python3.9/site-packages/airflow/example_dags/example_params_ui_tutorial.py
[2025-03-08T02:34:50.212+0700] {processor.py:914} INFO - Processing file /home/dataengineer/.pyenv/versions/3.9.21/lib/python3.9/site-packages/airflow/example_dags/example_params_ui_tutorial.py for tasks to queue
[2025-03-08T02:34:50.214+0700] {logging_mixin.py:190} INFO - [2025-03-08T02:34:50.214+0700] {dagbag.py:588} INFO - Filling up the DagBag from /home/dataengineer/.pyenv/versions/3.9.21/lib/python3.9/site-packages/airflow/example_dags/example_params_ui_tutorial.py
[2025-03-08T02:34:50.223+0700] {processor.py:925} INFO - DAG(s) 'example_params_ui_tutorial' retrieved from /home/dataengineer/.pyenv/versions/3.9.21/lib/python3.9/site-packages/airflow/example_dags/example_params_ui_tutorial.py
[2025-03-08T02:34:50.268+0700] {logging_mixin.py:190} INFO - [2025-03-08T02:34:50.267+0700] {dag.py:3239} INFO - Sync 1 DAGs
[2025-03-08T02:34:50.281+0700] {logging_mixin.py:190} INFO - [2025-03-08T02:34:50.280+0700] {dag.py:4180} INFO - Setting next_dagrun for example_params_ui_tutorial to None, run_after=None
[2025-03-08T02:34:50.300+0700] {processor.py:208} INFO - Processing /home/dataengineer/.pyenv/versions/3.9.21/lib/python3.9/site-packages/airflow/example_dags/example_params_ui_tutorial.py took 0.095 seconds
[2025-03-08T02:35:51.017+0700] {processor.py:186} INFO - Started process (PID=70803) to work on /home/dataengineer/.pyenv/versions/3.9.21/lib/python3.9/site-packages/airflow/example_dags/example_params_ui_tutorial.py
[2025-03-08T02:35:51.018+0700] {processor.py:914} INFO - Processing file /home/dataengineer/.pyenv/versions/3.9.21/lib/python3.9/site-packages/airflow/example_dags/example_params_ui_tutorial.py for tasks to queue
[2025-03-08T02:35:51.021+0700] {logging_mixin.py:190} INFO - [2025-03-08T02:35:51.020+0700] {dagbag.py:588} INFO - Filling up the DagBag from /home/dataengineer/.pyenv/versions/3.9.21/lib/python3.9/site-packages/airflow/example_dags/example_params_ui_tutorial.py
[2025-03-08T02:35:51.030+0700] {processor.py:925} INFO - DAG(s) 'example_params_ui_tutorial' retrieved from /home/dataengineer/.pyenv/versions/3.9.21/lib/python3.9/site-packages/airflow/example_dags/example_params_ui_tutorial.py
[2025-03-08T02:35:51.079+0700] {logging_mixin.py:190} INFO - [2025-03-08T02:35:51.078+0700] {dag.py:3239} INFO - Sync 1 DAGs
[2025-03-08T02:35:51.093+0700] {logging_mixin.py:190} INFO - [2025-03-08T02:35:51.092+0700] {dag.py:4180} INFO - Setting next_dagrun for example_params_ui_tutorial to None, run_after=None
[2025-03-08T02:35:51.115+0700] {processor.py:208} INFO - Processing /home/dataengineer/.pyenv/versions/3.9.21/lib/python3.9/site-packages/airflow/example_dags/example_params_ui_tutorial.py took 0.104 seconds
[2025-03-08T02:36:53.805+0700] {processor.py:186} INFO - Started process (PID=71250) to work on /home/dataengineer/.pyenv/versions/3.9.21/lib/python3.9/site-packages/airflow/example_dags/example_params_ui_tutorial.py
[2025-03-08T02:36:53.807+0700] {processor.py:914} INFO - Processing file /home/dataengineer/.pyenv/versions/3.9.21/lib/python3.9/site-packages/airflow/example_dags/example_params_ui_tutorial.py for tasks to queue
[2025-03-08T02:36:53.815+0700] {logging_mixin.py:190} INFO - [2025-03-08T02:36:53.815+0700] {dagbag.py:588} INFO - Filling up the DagBag from /home/dataengineer/.pyenv/versions/3.9.21/lib/python3.9/site-packages/airflow/example_dags/example_params_ui_tutorial.py
[2025-03-08T02:36:53.825+0700] {processor.py:925} INFO - DAG(s) 'example_params_ui_tutorial' retrieved from /home/dataengineer/.pyenv/versions/3.9.21/lib/python3.9/site-packages/airflow/example_dags/example_params_ui_tutorial.py
[2025-03-08T02:36:53.902+0700] {logging_mixin.py:190} INFO - [2025-03-08T02:36:53.900+0700] {dag.py:3239} INFO - Sync 1 DAGs
[2025-03-08T02:36:53.918+0700] {logging_mixin.py:190} INFO - [2025-03-08T02:36:53.917+0700] {dag.py:4180} INFO - Setting next_dagrun for example_params_ui_tutorial to None, run_after=None
[2025-03-08T02:36:53.937+0700] {processor.py:208} INFO - Processing /home/dataengineer/.pyenv/versions/3.9.21/lib/python3.9/site-packages/airflow/example_dags/example_params_ui_tutorial.py took 0.138 seconds
[2025-03-08T02:37:56.386+0700] {processor.py:186} INFO - Started process (PID=71679) to work on /home/dataengineer/.pyenv/versions/3.9.21/lib/python3.9/site-packages/airflow/example_dags/example_params_ui_tutorial.py
[2025-03-08T02:37:56.387+0700] {processor.py:914} INFO - Processing file /home/dataengineer/.pyenv/versions/3.9.21/lib/python3.9/site-packages/airflow/example_dags/example_params_ui_tutorial.py for tasks to queue
[2025-03-08T02:37:56.390+0700] {logging_mixin.py:190} INFO - [2025-03-08T02:37:56.389+0700] {dagbag.py:588} INFO - Filling up the DagBag from /home/dataengineer/.pyenv/versions/3.9.21/lib/python3.9/site-packages/airflow/example_dags/example_params_ui_tutorial.py
[2025-03-08T02:37:56.399+0700] {processor.py:925} INFO - DAG(s) 'example_params_ui_tutorial' retrieved from /home/dataengineer/.pyenv/versions/3.9.21/lib/python3.9/site-packages/airflow/example_dags/example_params_ui_tutorial.py
[2025-03-08T02:37:56.442+0700] {logging_mixin.py:190} INFO - [2025-03-08T02:37:56.442+0700] {dag.py:3239} INFO - Sync 1 DAGs
[2025-03-08T02:37:56.453+0700] {logging_mixin.py:190} INFO - [2025-03-08T02:37:56.453+0700] {dag.py:4180} INFO - Setting next_dagrun for example_params_ui_tutorial to None, run_after=None
[2025-03-08T02:37:56.471+0700] {processor.py:208} INFO - Processing /home/dataengineer/.pyenv/versions/3.9.21/lib/python3.9/site-packages/airflow/example_dags/example_params_ui_tutorial.py took 0.090 seconds
[2025-03-08T02:38:55.608+0700] {processor.py:186} INFO - Started process (PID=72429) to work on /home/dataengineer/.pyenv/versions/3.9.21/lib/python3.9/site-packages/airflow/example_dags/example_params_ui_tutorial.py
[2025-03-08T02:38:55.611+0700] {processor.py:914} INFO - Processing file /home/dataengineer/.pyenv/versions/3.9.21/lib/python3.9/site-packages/airflow/example_dags/example_params_ui_tutorial.py for tasks to queue
[2025-03-08T02:38:55.613+0700] {logging_mixin.py:190} INFO - [2025-03-08T02:38:55.613+0700] {dagbag.py:588} INFO - Filling up the DagBag from /home/dataengineer/.pyenv/versions/3.9.21/lib/python3.9/site-packages/airflow/example_dags/example_params_ui_tutorial.py
[2025-03-08T02:38:55.624+0700] {processor.py:925} INFO - DAG(s) 'example_params_ui_tutorial' retrieved from /home/dataengineer/.pyenv/versions/3.9.21/lib/python3.9/site-packages/airflow/example_dags/example_params_ui_tutorial.py
[2025-03-08T02:38:55.676+0700] {logging_mixin.py:190} INFO - [2025-03-08T02:38:55.676+0700] {dag.py:3239} INFO - Sync 1 DAGs
[2025-03-08T02:38:55.690+0700] {logging_mixin.py:190} INFO - [2025-03-08T02:38:55.690+0700] {dag.py:4180} INFO - Setting next_dagrun for example_params_ui_tutorial to None, run_after=None
[2025-03-08T02:38:55.711+0700] {processor.py:208} INFO - Processing /home/dataengineer/.pyenv/versions/3.9.21/lib/python3.9/site-packages/airflow/example_dags/example_params_ui_tutorial.py took 0.110 seconds
