[2025-03-08T00:56:56.462+0700] {processor.py:186} INFO - Started process (PID=36425) to work on /home/dataengineer/.pyenv/versions/3.9.21/lib/python3.9/site-packages/airflow/example_dags/example_inlet_event_extra.py
[2025-03-08T00:56:56.463+0700] {processor.py:914} INFO - Processing file /home/dataengineer/.pyenv/versions/3.9.21/lib/python3.9/site-packages/airflow/example_dags/example_inlet_event_extra.py for tasks to queue
[2025-03-08T00:56:56.465+0700] {logging_mixin.py:190} INFO - [2025-03-08T00:56:56.465+0700] {dagbag.py:588} INFO - Filling up the DagBag from /home/dataengineer/.pyenv/versions/3.9.21/lib/python3.9/site-packages/airflow/example_dags/example_inlet_event_extra.py
[2025-03-08T00:56:56.478+0700] {processor.py:925} INFO - DAG(s) 'read_dataset_event', 'read_dataset_event_from_classic' retrieved from /home/dataengineer/.pyenv/versions/3.9.21/lib/python3.9/site-packages/airflow/example_dags/example_inlet_event_extra.py
[2025-03-08T00:56:56.495+0700] {logging_mixin.py:190} INFO - [2025-03-08T00:56:56.494+0700] {dag.py:3239} INFO - Sync 2 DAGs
[2025-03-08T00:56:56.515+0700] {logging_mixin.py:190} INFO - [2025-03-08T00:56:56.515+0700] {dag.py:4180} INFO - Setting next_dagrun for read_dataset_event to 2025-03-06 00:00:00+00:00, run_after=2025-03-07 00:00:00+00:00
[2025-03-08T00:56:56.520+0700] {logging_mixin.py:190} INFO - [2025-03-08T00:56:56.519+0700] {dag.py:4180} INFO - Setting next_dagrun for read_dataset_event_from_classic to 2025-03-06 00:00:00+00:00, run_after=2025-03-07 00:00:00+00:00
[2025-03-08T00:56:56.536+0700] {processor.py:208} INFO - Processing /home/dataengineer/.pyenv/versions/3.9.21/lib/python3.9/site-packages/airflow/example_dags/example_inlet_event_extra.py took 0.079 seconds
[2025-03-08T00:58:00.430+0700] {processor.py:186} INFO - Started process (PID=37082) to work on /home/dataengineer/.pyenv/versions/3.9.21/lib/python3.9/site-packages/airflow/example_dags/example_inlet_event_extra.py
[2025-03-08T00:58:00.431+0700] {processor.py:914} INFO - Processing file /home/dataengineer/.pyenv/versions/3.9.21/lib/python3.9/site-packages/airflow/example_dags/example_inlet_event_extra.py for tasks to queue
[2025-03-08T00:58:00.433+0700] {logging_mixin.py:190} INFO - [2025-03-08T00:58:00.433+0700] {dagbag.py:588} INFO - Filling up the DagBag from /home/dataengineer/.pyenv/versions/3.9.21/lib/python3.9/site-packages/airflow/example_dags/example_inlet_event_extra.py
[2025-03-08T00:58:00.446+0700] {processor.py:925} INFO - DAG(s) 'read_dataset_event', 'read_dataset_event_from_classic' retrieved from /home/dataengineer/.pyenv/versions/3.9.21/lib/python3.9/site-packages/airflow/example_dags/example_inlet_event_extra.py
[2025-03-08T00:58:00.464+0700] {logging_mixin.py:190} INFO - [2025-03-08T00:58:00.464+0700] {dag.py:3239} INFO - Sync 2 DAGs
[2025-03-08T00:58:00.488+0700] {logging_mixin.py:190} INFO - [2025-03-08T00:58:00.488+0700] {dag.py:4180} INFO - Setting next_dagrun for read_dataset_event to 2025-03-06 00:00:00+00:00, run_after=2025-03-07 00:00:00+00:00
[2025-03-08T00:58:00.493+0700] {logging_mixin.py:190} INFO - [2025-03-08T00:58:00.493+0700] {dag.py:4180} INFO - Setting next_dagrun for read_dataset_event_from_classic to 2025-03-06 00:00:00+00:00, run_after=2025-03-07 00:00:00+00:00
[2025-03-08T00:58:00.513+0700] {processor.py:208} INFO - Processing /home/dataengineer/.pyenv/versions/3.9.21/lib/python3.9/site-packages/airflow/example_dags/example_inlet_event_extra.py took 0.089 seconds
[2025-03-08T00:59:01.429+0700] {processor.py:186} INFO - Started process (PID=37511) to work on /home/dataengineer/.pyenv/versions/3.9.21/lib/python3.9/site-packages/airflow/example_dags/example_inlet_event_extra.py
[2025-03-08T00:59:01.430+0700] {processor.py:914} INFO - Processing file /home/dataengineer/.pyenv/versions/3.9.21/lib/python3.9/site-packages/airflow/example_dags/example_inlet_event_extra.py for tasks to queue
[2025-03-08T00:59:01.432+0700] {logging_mixin.py:190} INFO - [2025-03-08T00:59:01.432+0700] {dagbag.py:588} INFO - Filling up the DagBag from /home/dataengineer/.pyenv/versions/3.9.21/lib/python3.9/site-packages/airflow/example_dags/example_inlet_event_extra.py
[2025-03-08T00:59:01.444+0700] {processor.py:925} INFO - DAG(s) 'read_dataset_event_from_classic', 'read_dataset_event' retrieved from /home/dataengineer/.pyenv/versions/3.9.21/lib/python3.9/site-packages/airflow/example_dags/example_inlet_event_extra.py
[2025-03-08T00:59:01.459+0700] {logging_mixin.py:190} INFO - [2025-03-08T00:59:01.459+0700] {dag.py:3239} INFO - Sync 2 DAGs
[2025-03-08T00:59:01.482+0700] {logging_mixin.py:190} INFO - [2025-03-08T00:59:01.481+0700] {dag.py:4180} INFO - Setting next_dagrun for read_dataset_event to 2025-03-06 00:00:00+00:00, run_after=2025-03-07 00:00:00+00:00
[2025-03-08T00:59:01.486+0700] {logging_mixin.py:190} INFO - [2025-03-08T00:59:01.486+0700] {dag.py:4180} INFO - Setting next_dagrun for read_dataset_event_from_classic to 2025-03-06 00:00:00+00:00, run_after=2025-03-07 00:00:00+00:00
[2025-03-08T00:59:01.505+0700] {processor.py:208} INFO - Processing /home/dataengineer/.pyenv/versions/3.9.21/lib/python3.9/site-packages/airflow/example_dags/example_inlet_event_extra.py took 0.081 seconds
[2025-03-08T01:00:03.228+0700] {processor.py:186} INFO - Started process (PID=37938) to work on /home/dataengineer/.pyenv/versions/3.9.21/lib/python3.9/site-packages/airflow/example_dags/example_inlet_event_extra.py
[2025-03-08T01:00:03.229+0700] {processor.py:914} INFO - Processing file /home/dataengineer/.pyenv/versions/3.9.21/lib/python3.9/site-packages/airflow/example_dags/example_inlet_event_extra.py for tasks to queue
[2025-03-08T01:00:03.231+0700] {logging_mixin.py:190} INFO - [2025-03-08T01:00:03.230+0700] {dagbag.py:588} INFO - Filling up the DagBag from /home/dataengineer/.pyenv/versions/3.9.21/lib/python3.9/site-packages/airflow/example_dags/example_inlet_event_extra.py
[2025-03-08T01:00:03.244+0700] {processor.py:925} INFO - DAG(s) 'read_dataset_event_from_classic', 'read_dataset_event' retrieved from /home/dataengineer/.pyenv/versions/3.9.21/lib/python3.9/site-packages/airflow/example_dags/example_inlet_event_extra.py
[2025-03-08T01:00:03.260+0700] {logging_mixin.py:190} INFO - [2025-03-08T01:00:03.260+0700] {dag.py:3239} INFO - Sync 2 DAGs
[2025-03-08T01:00:03.281+0700] {logging_mixin.py:190} INFO - [2025-03-08T01:00:03.281+0700] {dag.py:4180} INFO - Setting next_dagrun for read_dataset_event to 2025-03-06 00:00:00+00:00, run_after=2025-03-07 00:00:00+00:00
[2025-03-08T01:00:03.286+0700] {logging_mixin.py:190} INFO - [2025-03-08T01:00:03.285+0700] {dag.py:4180} INFO - Setting next_dagrun for read_dataset_event_from_classic to 2025-03-06 00:00:00+00:00, run_after=2025-03-07 00:00:00+00:00
[2025-03-08T01:00:03.303+0700] {processor.py:208} INFO - Processing /home/dataengineer/.pyenv/versions/3.9.21/lib/python3.9/site-packages/airflow/example_dags/example_inlet_event_extra.py took 0.082 seconds
[2025-03-08T01:01:05.511+0700] {processor.py:186} INFO - Started process (PID=38370) to work on /home/dataengineer/.pyenv/versions/3.9.21/lib/python3.9/site-packages/airflow/example_dags/example_inlet_event_extra.py
[2025-03-08T01:01:05.512+0700] {processor.py:914} INFO - Processing file /home/dataengineer/.pyenv/versions/3.9.21/lib/python3.9/site-packages/airflow/example_dags/example_inlet_event_extra.py for tasks to queue
[2025-03-08T01:01:05.515+0700] {logging_mixin.py:190} INFO - [2025-03-08T01:01:05.514+0700] {dagbag.py:588} INFO - Filling up the DagBag from /home/dataengineer/.pyenv/versions/3.9.21/lib/python3.9/site-packages/airflow/example_dags/example_inlet_event_extra.py
[2025-03-08T01:01:05.527+0700] {processor.py:925} INFO - DAG(s) 'read_dataset_event_from_classic', 'read_dataset_event' retrieved from /home/dataengineer/.pyenv/versions/3.9.21/lib/python3.9/site-packages/airflow/example_dags/example_inlet_event_extra.py
[2025-03-08T01:01:05.543+0700] {logging_mixin.py:190} INFO - [2025-03-08T01:01:05.543+0700] {dag.py:3239} INFO - Sync 2 DAGs
[2025-03-08T01:01:05.564+0700] {logging_mixin.py:190} INFO - [2025-03-08T01:01:05.563+0700] {dag.py:4180} INFO - Setting next_dagrun for read_dataset_event to 2025-03-06 00:00:00+00:00, run_after=2025-03-07 00:00:00+00:00
[2025-03-08T01:01:05.570+0700] {logging_mixin.py:190} INFO - [2025-03-08T01:01:05.570+0700] {dag.py:4180} INFO - Setting next_dagrun for read_dataset_event_from_classic to 2025-03-06 00:00:00+00:00, run_after=2025-03-07 00:00:00+00:00
[2025-03-08T01:01:05.588+0700] {processor.py:208} INFO - Processing /home/dataengineer/.pyenv/versions/3.9.21/lib/python3.9/site-packages/airflow/example_dags/example_inlet_event_extra.py took 0.083 seconds
[2025-03-08T01:02:06.437+0700] {processor.py:186} INFO - Started process (PID=38873) to work on /home/dataengineer/.pyenv/versions/3.9.21/lib/python3.9/site-packages/airflow/example_dags/example_inlet_event_extra.py
[2025-03-08T01:02:06.438+0700] {processor.py:914} INFO - Processing file /home/dataengineer/.pyenv/versions/3.9.21/lib/python3.9/site-packages/airflow/example_dags/example_inlet_event_extra.py for tasks to queue
[2025-03-08T01:02:06.440+0700] {logging_mixin.py:190} INFO - [2025-03-08T01:02:06.440+0700] {dagbag.py:588} INFO - Filling up the DagBag from /home/dataengineer/.pyenv/versions/3.9.21/lib/python3.9/site-packages/airflow/example_dags/example_inlet_event_extra.py
[2025-03-08T01:02:06.455+0700] {processor.py:925} INFO - DAG(s) 'read_dataset_event_from_classic', 'read_dataset_event' retrieved from /home/dataengineer/.pyenv/versions/3.9.21/lib/python3.9/site-packages/airflow/example_dags/example_inlet_event_extra.py
[2025-03-08T01:02:06.472+0700] {logging_mixin.py:190} INFO - [2025-03-08T01:02:06.472+0700] {dag.py:3239} INFO - Sync 2 DAGs
[2025-03-08T01:02:06.496+0700] {logging_mixin.py:190} INFO - [2025-03-08T01:02:06.496+0700] {dag.py:4180} INFO - Setting next_dagrun for read_dataset_event to 2025-03-06 00:00:00+00:00, run_after=2025-03-07 00:00:00+00:00
[2025-03-08T01:02:06.504+0700] {logging_mixin.py:190} INFO - [2025-03-08T01:02:06.503+0700] {dag.py:4180} INFO - Setting next_dagrun for read_dataset_event_from_classic to 2025-03-06 00:00:00+00:00, run_after=2025-03-07 00:00:00+00:00
[2025-03-08T01:02:06.527+0700] {processor.py:208} INFO - Processing /home/dataengineer/.pyenv/versions/3.9.21/lib/python3.9/site-packages/airflow/example_dags/example_inlet_event_extra.py took 0.096 seconds
[2025-03-08T01:03:08.920+0700] {processor.py:186} INFO - Started process (PID=39428) to work on /home/dataengineer/.pyenv/versions/3.9.21/lib/python3.9/site-packages/airflow/example_dags/example_inlet_event_extra.py
[2025-03-08T01:03:08.921+0700] {processor.py:914} INFO - Processing file /home/dataengineer/.pyenv/versions/3.9.21/lib/python3.9/site-packages/airflow/example_dags/example_inlet_event_extra.py for tasks to queue
[2025-03-08T01:03:08.923+0700] {logging_mixin.py:190} INFO - [2025-03-08T01:03:08.922+0700] {dagbag.py:588} INFO - Filling up the DagBag from /home/dataengineer/.pyenv/versions/3.9.21/lib/python3.9/site-packages/airflow/example_dags/example_inlet_event_extra.py
[2025-03-08T01:03:08.934+0700] {processor.py:925} INFO - DAG(s) 'read_dataset_event_from_classic', 'read_dataset_event' retrieved from /home/dataengineer/.pyenv/versions/3.9.21/lib/python3.9/site-packages/airflow/example_dags/example_inlet_event_extra.py
[2025-03-08T01:03:08.948+0700] {logging_mixin.py:190} INFO - [2025-03-08T01:03:08.947+0700] {dag.py:3239} INFO - Sync 2 DAGs
[2025-03-08T01:03:08.967+0700] {logging_mixin.py:190} INFO - [2025-03-08T01:03:08.966+0700] {dag.py:4180} INFO - Setting next_dagrun for read_dataset_event to 2025-03-06 00:00:00+00:00, run_after=2025-03-07 00:00:00+00:00
[2025-03-08T01:03:08.971+0700] {logging_mixin.py:190} INFO - [2025-03-08T01:03:08.971+0700] {dag.py:4180} INFO - Setting next_dagrun for read_dataset_event_from_classic to 2025-03-06 00:00:00+00:00, run_after=2025-03-07 00:00:00+00:00
[2025-03-08T01:03:08.988+0700] {processor.py:208} INFO - Processing /home/dataengineer/.pyenv/versions/3.9.21/lib/python3.9/site-packages/airflow/example_dags/example_inlet_event_extra.py took 0.073 seconds
[2025-03-08T01:04:08.677+0700] {processor.py:186} INFO - Started process (PID=41069) to work on /home/dataengineer/.pyenv/versions/3.9.21/lib/python3.9/site-packages/airflow/example_dags/example_inlet_event_extra.py
[2025-03-08T01:04:08.678+0700] {processor.py:914} INFO - Processing file /home/dataengineer/.pyenv/versions/3.9.21/lib/python3.9/site-packages/airflow/example_dags/example_inlet_event_extra.py for tasks to queue
[2025-03-08T01:04:08.681+0700] {logging_mixin.py:190} INFO - [2025-03-08T01:04:08.680+0700] {dagbag.py:588} INFO - Filling up the DagBag from /home/dataengineer/.pyenv/versions/3.9.21/lib/python3.9/site-packages/airflow/example_dags/example_inlet_event_extra.py
[2025-03-08T01:04:08.694+0700] {processor.py:925} INFO - DAG(s) 'read_dataset_event_from_classic', 'read_dataset_event' retrieved from /home/dataengineer/.pyenv/versions/3.9.21/lib/python3.9/site-packages/airflow/example_dags/example_inlet_event_extra.py
[2025-03-08T01:04:08.712+0700] {logging_mixin.py:190} INFO - [2025-03-08T01:04:08.712+0700] {dag.py:3239} INFO - Sync 2 DAGs
[2025-03-08T01:04:08.735+0700] {logging_mixin.py:190} INFO - [2025-03-08T01:04:08.735+0700] {dag.py:4180} INFO - Setting next_dagrun for read_dataset_event to 2025-03-06 00:00:00+00:00, run_after=2025-03-07 00:00:00+00:00
[2025-03-08T01:04:08.742+0700] {logging_mixin.py:190} INFO - [2025-03-08T01:04:08.741+0700] {dag.py:4180} INFO - Setting next_dagrun for read_dataset_event_from_classic to 2025-03-06 00:00:00+00:00, run_after=2025-03-07 00:00:00+00:00
[2025-03-08T01:04:08.760+0700] {processor.py:208} INFO - Processing /home/dataengineer/.pyenv/versions/3.9.21/lib/python3.9/site-packages/airflow/example_dags/example_inlet_event_extra.py took 0.089 seconds
[2025-03-08T01:05:09.978+0700] {processor.py:186} INFO - Started process (PID=42596) to work on /home/dataengineer/.pyenv/versions/3.9.21/lib/python3.9/site-packages/airflow/example_dags/example_inlet_event_extra.py
[2025-03-08T01:05:09.980+0700] {processor.py:914} INFO - Processing file /home/dataengineer/.pyenv/versions/3.9.21/lib/python3.9/site-packages/airflow/example_dags/example_inlet_event_extra.py for tasks to queue
[2025-03-08T01:05:09.981+0700] {logging_mixin.py:190} INFO - [2025-03-08T01:05:09.981+0700] {dagbag.py:588} INFO - Filling up the DagBag from /home/dataengineer/.pyenv/versions/3.9.21/lib/python3.9/site-packages/airflow/example_dags/example_inlet_event_extra.py
[2025-03-08T01:05:09.994+0700] {processor.py:925} INFO - DAG(s) 'read_dataset_event', 'read_dataset_event_from_classic' retrieved from /home/dataengineer/.pyenv/versions/3.9.21/lib/python3.9/site-packages/airflow/example_dags/example_inlet_event_extra.py
[2025-03-08T01:05:10.009+0700] {logging_mixin.py:190} INFO - [2025-03-08T01:05:10.009+0700] {dag.py:3239} INFO - Sync 2 DAGs
[2025-03-08T01:05:10.029+0700] {logging_mixin.py:190} INFO - [2025-03-08T01:05:10.028+0700] {dag.py:4180} INFO - Setting next_dagrun for read_dataset_event to 2025-03-06 00:00:00+00:00, run_after=2025-03-07 00:00:00+00:00
[2025-03-08T01:05:10.033+0700] {logging_mixin.py:190} INFO - [2025-03-08T01:05:10.033+0700] {dag.py:4180} INFO - Setting next_dagrun for read_dataset_event_from_classic to 2025-03-06 00:00:00+00:00, run_after=2025-03-07 00:00:00+00:00
[2025-03-08T01:05:10.050+0700] {processor.py:208} INFO - Processing /home/dataengineer/.pyenv/versions/3.9.21/lib/python3.9/site-packages/airflow/example_dags/example_inlet_event_extra.py took 0.077 seconds
[2025-03-08T02:29:28.911+0700] {processor.py:186} INFO - Started process (PID=67540) to work on /home/dataengineer/.pyenv/versions/3.9.21/lib/python3.9/site-packages/airflow/example_dags/example_inlet_event_extra.py
[2025-03-08T02:29:28.912+0700] {processor.py:914} INFO - Processing file /home/dataengineer/.pyenv/versions/3.9.21/lib/python3.9/site-packages/airflow/example_dags/example_inlet_event_extra.py for tasks to queue
[2025-03-08T02:29:28.914+0700] {logging_mixin.py:190} INFO - [2025-03-08T02:29:28.914+0700] {dagbag.py:588} INFO - Filling up the DagBag from /home/dataengineer/.pyenv/versions/3.9.21/lib/python3.9/site-packages/airflow/example_dags/example_inlet_event_extra.py
[2025-03-08T02:29:28.928+0700] {processor.py:925} INFO - DAG(s) 'read_dataset_event', 'read_dataset_event_from_classic' retrieved from /home/dataengineer/.pyenv/versions/3.9.21/lib/python3.9/site-packages/airflow/example_dags/example_inlet_event_extra.py
[2025-03-08T02:29:28.946+0700] {logging_mixin.py:190} INFO - [2025-03-08T02:29:28.945+0700] {dag.py:3239} INFO - Sync 2 DAGs
[2025-03-08T02:29:28.965+0700] {logging_mixin.py:190} INFO - [2025-03-08T02:29:28.965+0700] {dag.py:4180} INFO - Setting next_dagrun for read_dataset_event to 2025-03-06 00:00:00+00:00, run_after=2025-03-07 00:00:00+00:00
[2025-03-08T02:29:28.969+0700] {logging_mixin.py:190} INFO - [2025-03-08T02:29:28.969+0700] {dag.py:4180} INFO - Setting next_dagrun for read_dataset_event_from_classic to 2025-03-06 00:00:00+00:00, run_after=2025-03-07 00:00:00+00:00
[2025-03-08T02:29:28.985+0700] {processor.py:208} INFO - Processing /home/dataengineer/.pyenv/versions/3.9.21/lib/python3.9/site-packages/airflow/example_dags/example_inlet_event_extra.py took 0.079 seconds
[2025-03-08T02:30:25.395+0700] {processor.py:186} INFO - Started process (PID=68024) to work on /home/dataengineer/.pyenv/versions/3.9.21/lib/python3.9/site-packages/airflow/example_dags/example_inlet_event_extra.py
[2025-03-08T02:30:25.396+0700] {processor.py:914} INFO - Processing file /home/dataengineer/.pyenv/versions/3.9.21/lib/python3.9/site-packages/airflow/example_dags/example_inlet_event_extra.py for tasks to queue
[2025-03-08T02:30:25.397+0700] {logging_mixin.py:190} INFO - [2025-03-08T02:30:25.397+0700] {dagbag.py:588} INFO - Filling up the DagBag from /home/dataengineer/.pyenv/versions/3.9.21/lib/python3.9/site-packages/airflow/example_dags/example_inlet_event_extra.py
[2025-03-08T02:30:25.409+0700] {processor.py:925} INFO - DAG(s) 'read_dataset_event_from_classic', 'read_dataset_event' retrieved from /home/dataengineer/.pyenv/versions/3.9.21/lib/python3.9/site-packages/airflow/example_dags/example_inlet_event_extra.py
[2025-03-08T02:30:25.423+0700] {logging_mixin.py:190} INFO - [2025-03-08T02:30:25.423+0700] {dag.py:3239} INFO - Sync 2 DAGs
[2025-03-08T02:30:25.443+0700] {logging_mixin.py:190} INFO - [2025-03-08T02:30:25.443+0700] {dag.py:4180} INFO - Setting next_dagrun for read_dataset_event to 2025-03-06 00:00:00+00:00, run_after=2025-03-07 00:00:00+00:00
[2025-03-08T02:30:25.447+0700] {logging_mixin.py:190} INFO - [2025-03-08T02:30:25.447+0700] {dag.py:4180} INFO - Setting next_dagrun for read_dataset_event_from_classic to 2025-03-06 00:00:00+00:00, run_after=2025-03-07 00:00:00+00:00
[2025-03-08T02:30:25.463+0700] {processor.py:208} INFO - Processing /home/dataengineer/.pyenv/versions/3.9.21/lib/python3.9/site-packages/airflow/example_dags/example_inlet_event_extra.py took 0.074 seconds
[2025-03-08T02:31:21.965+0700] {processor.py:186} INFO - Started process (PID=68451) to work on /home/dataengineer/.pyenv/versions/3.9.21/lib/python3.9/site-packages/airflow/example_dags/example_inlet_event_extra.py
[2025-03-08T02:31:21.967+0700] {processor.py:914} INFO - Processing file /home/dataengineer/.pyenv/versions/3.9.21/lib/python3.9/site-packages/airflow/example_dags/example_inlet_event_extra.py for tasks to queue
[2025-03-08T02:31:21.968+0700] {logging_mixin.py:190} INFO - [2025-03-08T02:31:21.968+0700] {dagbag.py:588} INFO - Filling up the DagBag from /home/dataengineer/.pyenv/versions/3.9.21/lib/python3.9/site-packages/airflow/example_dags/example_inlet_event_extra.py
[2025-03-08T02:31:21.987+0700] {processor.py:925} INFO - DAG(s) 'read_dataset_event', 'read_dataset_event_from_classic' retrieved from /home/dataengineer/.pyenv/versions/3.9.21/lib/python3.9/site-packages/airflow/example_dags/example_inlet_event_extra.py
[2025-03-08T02:31:22.008+0700] {logging_mixin.py:190} INFO - [2025-03-08T02:31:22.008+0700] {dag.py:3239} INFO - Sync 2 DAGs
[2025-03-08T02:31:22.032+0700] {logging_mixin.py:190} INFO - [2025-03-08T02:31:22.032+0700] {dag.py:4180} INFO - Setting next_dagrun for read_dataset_event to 2025-03-06 00:00:00+00:00, run_after=2025-03-07 00:00:00+00:00
[2025-03-08T02:31:22.043+0700] {logging_mixin.py:190} INFO - [2025-03-08T02:31:22.042+0700] {dag.py:4180} INFO - Setting next_dagrun for read_dataset_event_from_classic to 2025-03-06 00:00:00+00:00, run_after=2025-03-07 00:00:00+00:00
[2025-03-08T02:31:22.064+0700] {processor.py:208} INFO - Processing /home/dataengineer/.pyenv/versions/3.9.21/lib/python3.9/site-packages/airflow/example_dags/example_inlet_event_extra.py took 0.105 seconds
[2025-03-08T02:32:18.719+0700] {processor.py:186} INFO - Started process (PID=69041) to work on /home/dataengineer/.pyenv/versions/3.9.21/lib/python3.9/site-packages/airflow/example_dags/example_inlet_event_extra.py
[2025-03-08T02:32:18.720+0700] {processor.py:914} INFO - Processing file /home/dataengineer/.pyenv/versions/3.9.21/lib/python3.9/site-packages/airflow/example_dags/example_inlet_event_extra.py for tasks to queue
[2025-03-08T02:32:18.722+0700] {logging_mixin.py:190} INFO - [2025-03-08T02:32:18.721+0700] {dagbag.py:588} INFO - Filling up the DagBag from /home/dataengineer/.pyenv/versions/3.9.21/lib/python3.9/site-packages/airflow/example_dags/example_inlet_event_extra.py
[2025-03-08T02:32:18.736+0700] {processor.py:925} INFO - DAG(s) 'read_dataset_event', 'read_dataset_event_from_classic' retrieved from /home/dataengineer/.pyenv/versions/3.9.21/lib/python3.9/site-packages/airflow/example_dags/example_inlet_event_extra.py
[2025-03-08T02:32:18.752+0700] {logging_mixin.py:190} INFO - [2025-03-08T02:32:18.752+0700] {dag.py:3239} INFO - Sync 2 DAGs
[2025-03-08T02:32:18.774+0700] {logging_mixin.py:190} INFO - [2025-03-08T02:32:18.774+0700] {dag.py:4180} INFO - Setting next_dagrun for read_dataset_event to 2025-03-06 00:00:00+00:00, run_after=2025-03-07 00:00:00+00:00
[2025-03-08T02:32:18.780+0700] {logging_mixin.py:190} INFO - [2025-03-08T02:32:18.780+0700] {dag.py:4180} INFO - Setting next_dagrun for read_dataset_event_from_classic to 2025-03-06 00:00:00+00:00, run_after=2025-03-07 00:00:00+00:00
[2025-03-08T02:32:18.797+0700] {processor.py:208} INFO - Processing /home/dataengineer/.pyenv/versions/3.9.21/lib/python3.9/site-packages/airflow/example_dags/example_inlet_event_extra.py took 0.085 seconds
[2025-03-08T02:33:17.411+0700] {processor.py:186} INFO - Started process (PID=69296) to work on /home/dataengineer/.pyenv/versions/3.9.21/lib/python3.9/site-packages/airflow/example_dags/example_inlet_event_extra.py
[2025-03-08T02:33:17.412+0700] {processor.py:914} INFO - Processing file /home/dataengineer/.pyenv/versions/3.9.21/lib/python3.9/site-packages/airflow/example_dags/example_inlet_event_extra.py for tasks to queue
[2025-03-08T02:33:17.414+0700] {logging_mixin.py:190} INFO - [2025-03-08T02:33:17.413+0700] {dagbag.py:588} INFO - Filling up the DagBag from /home/dataengineer/.pyenv/versions/3.9.21/lib/python3.9/site-packages/airflow/example_dags/example_inlet_event_extra.py
[2025-03-08T02:33:17.427+0700] {processor.py:925} INFO - DAG(s) 'read_dataset_event', 'read_dataset_event_from_classic' retrieved from /home/dataengineer/.pyenv/versions/3.9.21/lib/python3.9/site-packages/airflow/example_dags/example_inlet_event_extra.py
[2025-03-08T02:33:17.442+0700] {logging_mixin.py:190} INFO - [2025-03-08T02:33:17.441+0700] {dag.py:3239} INFO - Sync 2 DAGs
[2025-03-08T02:33:17.462+0700] {logging_mixin.py:190} INFO - [2025-03-08T02:33:17.462+0700] {dag.py:4180} INFO - Setting next_dagrun for read_dataset_event to 2025-03-06 00:00:00+00:00, run_after=2025-03-07 00:00:00+00:00
[2025-03-08T02:33:17.467+0700] {logging_mixin.py:190} INFO - [2025-03-08T02:33:17.467+0700] {dag.py:4180} INFO - Setting next_dagrun for read_dataset_event_from_classic to 2025-03-06 00:00:00+00:00, run_after=2025-03-07 00:00:00+00:00
[2025-03-08T02:33:17.484+0700] {processor.py:208} INFO - Processing /home/dataengineer/.pyenv/versions/3.9.21/lib/python3.9/site-packages/airflow/example_dags/example_inlet_event_extra.py took 0.082 seconds
[2025-03-08T02:34:51.932+0700] {processor.py:186} INFO - Started process (PID=70376) to work on /home/dataengineer/.pyenv/versions/3.9.21/lib/python3.9/site-packages/airflow/example_dags/example_inlet_event_extra.py
[2025-03-08T02:34:51.933+0700] {processor.py:914} INFO - Processing file /home/dataengineer/.pyenv/versions/3.9.21/lib/python3.9/site-packages/airflow/example_dags/example_inlet_event_extra.py for tasks to queue
[2025-03-08T02:34:51.935+0700] {logging_mixin.py:190} INFO - [2025-03-08T02:34:51.935+0700] {dagbag.py:588} INFO - Filling up the DagBag from /home/dataengineer/.pyenv/versions/3.9.21/lib/python3.9/site-packages/airflow/example_dags/example_inlet_event_extra.py
[2025-03-08T02:34:51.947+0700] {processor.py:925} INFO - DAG(s) 'read_dataset_event_from_classic', 'read_dataset_event' retrieved from /home/dataengineer/.pyenv/versions/3.9.21/lib/python3.9/site-packages/airflow/example_dags/example_inlet_event_extra.py
[2025-03-08T02:34:51.963+0700] {logging_mixin.py:190} INFO - [2025-03-08T02:34:51.962+0700] {dag.py:3239} INFO - Sync 2 DAGs
[2025-03-08T02:34:51.984+0700] {logging_mixin.py:190} INFO - [2025-03-08T02:34:51.984+0700] {dag.py:4180} INFO - Setting next_dagrun for read_dataset_event to 2025-03-06 00:00:00+00:00, run_after=2025-03-07 00:00:00+00:00
[2025-03-08T02:34:51.988+0700] {logging_mixin.py:190} INFO - [2025-03-08T02:34:51.988+0700] {dag.py:4180} INFO - Setting next_dagrun for read_dataset_event_from_classic to 2025-03-06 00:00:00+00:00, run_after=2025-03-07 00:00:00+00:00
[2025-03-08T02:34:52.006+0700] {processor.py:208} INFO - Processing /home/dataengineer/.pyenv/versions/3.9.21/lib/python3.9/site-packages/airflow/example_dags/example_inlet_event_extra.py took 0.079 seconds
[2025-03-08T02:35:52.743+0700] {processor.py:186} INFO - Started process (PID=70811) to work on /home/dataengineer/.pyenv/versions/3.9.21/lib/python3.9/site-packages/airflow/example_dags/example_inlet_event_extra.py
[2025-03-08T02:35:52.745+0700] {processor.py:914} INFO - Processing file /home/dataengineer/.pyenv/versions/3.9.21/lib/python3.9/site-packages/airflow/example_dags/example_inlet_event_extra.py for tasks to queue
[2025-03-08T02:35:52.747+0700] {logging_mixin.py:190} INFO - [2025-03-08T02:35:52.747+0700] {dagbag.py:588} INFO - Filling up the DagBag from /home/dataengineer/.pyenv/versions/3.9.21/lib/python3.9/site-packages/airflow/example_dags/example_inlet_event_extra.py
[2025-03-08T02:35:52.761+0700] {processor.py:925} INFO - DAG(s) 'read_dataset_event_from_classic', 'read_dataset_event' retrieved from /home/dataengineer/.pyenv/versions/3.9.21/lib/python3.9/site-packages/airflow/example_dags/example_inlet_event_extra.py
[2025-03-08T02:35:52.778+0700] {logging_mixin.py:190} INFO - [2025-03-08T02:35:52.777+0700] {dag.py:3239} INFO - Sync 2 DAGs
[2025-03-08T02:35:52.801+0700] {logging_mixin.py:190} INFO - [2025-03-08T02:35:52.801+0700] {dag.py:4180} INFO - Setting next_dagrun for read_dataset_event to 2025-03-06 00:00:00+00:00, run_after=2025-03-07 00:00:00+00:00
[2025-03-08T02:35:52.806+0700] {logging_mixin.py:190} INFO - [2025-03-08T02:35:52.806+0700] {dag.py:4180} INFO - Setting next_dagrun for read_dataset_event_from_classic to 2025-03-06 00:00:00+00:00, run_after=2025-03-07 00:00:00+00:00
[2025-03-08T02:35:52.824+0700] {processor.py:208} INFO - Processing /home/dataengineer/.pyenv/versions/3.9.21/lib/python3.9/site-packages/airflow/example_dags/example_inlet_event_extra.py took 0.087 seconds
[2025-03-08T02:36:55.461+0700] {processor.py:186} INFO - Started process (PID=71259) to work on /home/dataengineer/.pyenv/versions/3.9.21/lib/python3.9/site-packages/airflow/example_dags/example_inlet_event_extra.py
[2025-03-08T02:36:55.462+0700] {processor.py:914} INFO - Processing file /home/dataengineer/.pyenv/versions/3.9.21/lib/python3.9/site-packages/airflow/example_dags/example_inlet_event_extra.py for tasks to queue
[2025-03-08T02:36:55.464+0700] {logging_mixin.py:190} INFO - [2025-03-08T02:36:55.463+0700] {dagbag.py:588} INFO - Filling up the DagBag from /home/dataengineer/.pyenv/versions/3.9.21/lib/python3.9/site-packages/airflow/example_dags/example_inlet_event_extra.py
[2025-03-08T02:36:55.475+0700] {processor.py:925} INFO - DAG(s) 'read_dataset_event_from_classic', 'read_dataset_event' retrieved from /home/dataengineer/.pyenv/versions/3.9.21/lib/python3.9/site-packages/airflow/example_dags/example_inlet_event_extra.py
[2025-03-08T02:36:55.490+0700] {logging_mixin.py:190} INFO - [2025-03-08T02:36:55.490+0700] {dag.py:3239} INFO - Sync 2 DAGs
[2025-03-08T02:36:55.511+0700] {logging_mixin.py:190} INFO - [2025-03-08T02:36:55.510+0700] {dag.py:4180} INFO - Setting next_dagrun for read_dataset_event to 2025-03-06 00:00:00+00:00, run_after=2025-03-07 00:00:00+00:00
[2025-03-08T02:36:55.516+0700] {logging_mixin.py:190} INFO - [2025-03-08T02:36:55.515+0700] {dag.py:4180} INFO - Setting next_dagrun for read_dataset_event_from_classic to 2025-03-06 00:00:00+00:00, run_after=2025-03-07 00:00:00+00:00
[2025-03-08T02:36:55.534+0700] {processor.py:208} INFO - Processing /home/dataengineer/.pyenv/versions/3.9.21/lib/python3.9/site-packages/airflow/example_dags/example_inlet_event_extra.py took 0.079 seconds
[2025-03-08T02:37:58.098+0700] {processor.py:186} INFO - Started process (PID=71700) to work on /home/dataengineer/.pyenv/versions/3.9.21/lib/python3.9/site-packages/airflow/example_dags/example_inlet_event_extra.py
[2025-03-08T02:37:58.100+0700] {processor.py:914} INFO - Processing file /home/dataengineer/.pyenv/versions/3.9.21/lib/python3.9/site-packages/airflow/example_dags/example_inlet_event_extra.py for tasks to queue
[2025-03-08T02:37:58.101+0700] {logging_mixin.py:190} INFO - [2025-03-08T02:37:58.101+0700] {dagbag.py:588} INFO - Filling up the DagBag from /home/dataengineer/.pyenv/versions/3.9.21/lib/python3.9/site-packages/airflow/example_dags/example_inlet_event_extra.py
[2025-03-08T02:37:58.114+0700] {processor.py:925} INFO - DAG(s) 'read_dataset_event', 'read_dataset_event_from_classic' retrieved from /home/dataengineer/.pyenv/versions/3.9.21/lib/python3.9/site-packages/airflow/example_dags/example_inlet_event_extra.py
[2025-03-08T02:37:58.129+0700] {logging_mixin.py:190} INFO - [2025-03-08T02:37:58.129+0700] {dag.py:3239} INFO - Sync 2 DAGs
[2025-03-08T02:37:58.148+0700] {logging_mixin.py:190} INFO - [2025-03-08T02:37:58.148+0700] {dag.py:4180} INFO - Setting next_dagrun for read_dataset_event to 2025-03-06 00:00:00+00:00, run_after=2025-03-07 00:00:00+00:00
[2025-03-08T02:37:58.152+0700] {logging_mixin.py:190} INFO - [2025-03-08T02:37:58.152+0700] {dag.py:4180} INFO - Setting next_dagrun for read_dataset_event_from_classic to 2025-03-06 00:00:00+00:00, run_after=2025-03-07 00:00:00+00:00
[2025-03-08T02:37:58.169+0700] {processor.py:208} INFO - Processing /home/dataengineer/.pyenv/versions/3.9.21/lib/python3.9/site-packages/airflow/example_dags/example_inlet_event_extra.py took 0.076 seconds
[2025-03-08T02:38:58.107+0700] {processor.py:186} INFO - Started process (PID=72437) to work on /home/dataengineer/.pyenv/versions/3.9.21/lib/python3.9/site-packages/airflow/example_dags/example_inlet_event_extra.py
[2025-03-08T02:38:58.108+0700] {processor.py:914} INFO - Processing file /home/dataengineer/.pyenv/versions/3.9.21/lib/python3.9/site-packages/airflow/example_dags/example_inlet_event_extra.py for tasks to queue
[2025-03-08T02:38:58.110+0700] {logging_mixin.py:190} INFO - [2025-03-08T02:38:58.110+0700] {dagbag.py:588} INFO - Filling up the DagBag from /home/dataengineer/.pyenv/versions/3.9.21/lib/python3.9/site-packages/airflow/example_dags/example_inlet_event_extra.py
[2025-03-08T02:38:58.127+0700] {processor.py:925} INFO - DAG(s) 'read_dataset_event', 'read_dataset_event_from_classic' retrieved from /home/dataengineer/.pyenv/versions/3.9.21/lib/python3.9/site-packages/airflow/example_dags/example_inlet_event_extra.py
[2025-03-08T02:38:58.147+0700] {logging_mixin.py:190} INFO - [2025-03-08T02:38:58.146+0700] {dag.py:3239} INFO - Sync 2 DAGs
[2025-03-08T02:38:58.168+0700] {logging_mixin.py:190} INFO - [2025-03-08T02:38:58.167+0700] {dag.py:4180} INFO - Setting next_dagrun for read_dataset_event to 2025-03-06 00:00:00+00:00, run_after=2025-03-07 00:00:00+00:00
[2025-03-08T02:38:58.174+0700] {logging_mixin.py:190} INFO - [2025-03-08T02:38:58.173+0700] {dag.py:4180} INFO - Setting next_dagrun for read_dataset_event_from_classic to 2025-03-06 00:00:00+00:00, run_after=2025-03-07 00:00:00+00:00
[2025-03-08T02:38:58.194+0700] {processor.py:208} INFO - Processing /home/dataengineer/.pyenv/versions/3.9.21/lib/python3.9/site-packages/airflow/example_dags/example_inlet_event_extra.py took 0.093 seconds
