[2025-03-08T00:57:12.983+0700] {processor.py:186} INFO - Started process (PID=36541) to work on /home/dataengineer/.pyenv/versions/3.9.21/lib/python3.9/site-packages/airflow/example_dags/example_python_operator.py
[2025-03-08T00:57:12.983+0700] {processor.py:914} INFO - Processing file /home/dataengineer/.pyenv/versions/3.9.21/lib/python3.9/site-packages/airflow/example_dags/example_python_operator.py for tasks to queue
[2025-03-08T00:57:12.985+0700] {logging_mixin.py:190} INFO - [2025-03-08T00:57:12.985+0700] {dagbag.py:588} INFO - Filling up the DagBag from /home/dataengineer/.pyenv/versions/3.9.21/lib/python3.9/site-packages/airflow/example_dags/example_python_operator.py
[2025-03-08T00:57:13.058+0700] {logging_mixin.py:190} INFO - [2025-03-08T00:57:13.058+0700] {example_python_operator.py:93} WARNING - The virtalenv_python example task requires virtualenv, please install it.
[2025-03-08T00:57:13.061+0700] {processor.py:925} INFO - DAG(s) 'example_python_operator' retrieved from /home/dataengineer/.pyenv/versions/3.9.21/lib/python3.9/site-packages/airflow/example_dags/example_python_operator.py
[2025-03-08T00:57:13.079+0700] {logging_mixin.py:190} INFO - [2025-03-08T00:57:13.079+0700] {dag.py:3239} INFO - Sync 1 DAGs
[2025-03-08T00:57:13.091+0700] {logging_mixin.py:190} INFO - [2025-03-08T00:57:13.090+0700] {dag.py:4180} INFO - Setting next_dagrun for example_python_operator to None, run_after=None
[2025-03-08T00:57:13.109+0700] {processor.py:208} INFO - Processing /home/dataengineer/.pyenv/versions/3.9.21/lib/python3.9/site-packages/airflow/example_dags/example_python_operator.py took 0.132 seconds
[2025-03-08T00:58:16.702+0700] {processor.py:186} INFO - Started process (PID=37148) to work on /home/dataengineer/.pyenv/versions/3.9.21/lib/python3.9/site-packages/airflow/example_dags/example_python_operator.py
[2025-03-08T00:58:16.704+0700] {processor.py:914} INFO - Processing file /home/dataengineer/.pyenv/versions/3.9.21/lib/python3.9/site-packages/airflow/example_dags/example_python_operator.py for tasks to queue
[2025-03-08T00:58:16.705+0700] {logging_mixin.py:190} INFO - [2025-03-08T00:58:16.705+0700] {dagbag.py:588} INFO - Filling up the DagBag from /home/dataengineer/.pyenv/versions/3.9.21/lib/python3.9/site-packages/airflow/example_dags/example_python_operator.py
[2025-03-08T00:58:16.783+0700] {logging_mixin.py:190} INFO - [2025-03-08T00:58:16.782+0700] {example_python_operator.py:93} WARNING - The virtalenv_python example task requires virtualenv, please install it.
[2025-03-08T00:58:16.785+0700] {processor.py:925} INFO - DAG(s) 'example_python_operator' retrieved from /home/dataengineer/.pyenv/versions/3.9.21/lib/python3.9/site-packages/airflow/example_dags/example_python_operator.py
[2025-03-08T00:58:16.801+0700] {logging_mixin.py:190} INFO - [2025-03-08T00:58:16.801+0700] {dag.py:3239} INFO - Sync 1 DAGs
[2025-03-08T00:58:16.814+0700] {logging_mixin.py:190} INFO - [2025-03-08T00:58:16.814+0700] {dag.py:4180} INFO - Setting next_dagrun for example_python_operator to None, run_after=None
[2025-03-08T00:58:16.835+0700] {processor.py:208} INFO - Processing /home/dataengineer/.pyenv/versions/3.9.21/lib/python3.9/site-packages/airflow/example_dags/example_python_operator.py took 0.139 seconds
[2025-03-08T00:59:18.405+0700] {processor.py:186} INFO - Started process (PID=37577) to work on /home/dataengineer/.pyenv/versions/3.9.21/lib/python3.9/site-packages/airflow/example_dags/example_python_operator.py
[2025-03-08T00:59:18.406+0700] {processor.py:914} INFO - Processing file /home/dataengineer/.pyenv/versions/3.9.21/lib/python3.9/site-packages/airflow/example_dags/example_python_operator.py for tasks to queue
[2025-03-08T00:59:18.408+0700] {logging_mixin.py:190} INFO - [2025-03-08T00:59:18.408+0700] {dagbag.py:588} INFO - Filling up the DagBag from /home/dataengineer/.pyenv/versions/3.9.21/lib/python3.9/site-packages/airflow/example_dags/example_python_operator.py
[2025-03-08T00:59:18.478+0700] {logging_mixin.py:190} INFO - [2025-03-08T00:59:18.477+0700] {example_python_operator.py:93} WARNING - The virtalenv_python example task requires virtualenv, please install it.
[2025-03-08T00:59:18.480+0700] {processor.py:925} INFO - DAG(s) 'example_python_operator' retrieved from /home/dataengineer/.pyenv/versions/3.9.21/lib/python3.9/site-packages/airflow/example_dags/example_python_operator.py
[2025-03-08T00:59:18.494+0700] {logging_mixin.py:190} INFO - [2025-03-08T00:59:18.494+0700] {dag.py:3239} INFO - Sync 1 DAGs
[2025-03-08T00:59:18.505+0700] {logging_mixin.py:190} INFO - [2025-03-08T00:59:18.505+0700] {dag.py:4180} INFO - Setting next_dagrun for example_python_operator to None, run_after=None
[2025-03-08T00:59:18.524+0700] {processor.py:208} INFO - Processing /home/dataengineer/.pyenv/versions/3.9.21/lib/python3.9/site-packages/airflow/example_dags/example_python_operator.py took 0.125 seconds
[2025-03-08T01:00:20.094+0700] {processor.py:186} INFO - Started process (PID=38005) to work on /home/dataengineer/.pyenv/versions/3.9.21/lib/python3.9/site-packages/airflow/example_dags/example_python_operator.py
[2025-03-08T01:00:20.095+0700] {processor.py:914} INFO - Processing file /home/dataengineer/.pyenv/versions/3.9.21/lib/python3.9/site-packages/airflow/example_dags/example_python_operator.py for tasks to queue
[2025-03-08T01:00:20.096+0700] {logging_mixin.py:190} INFO - [2025-03-08T01:00:20.096+0700] {dagbag.py:588} INFO - Filling up the DagBag from /home/dataengineer/.pyenv/versions/3.9.21/lib/python3.9/site-packages/airflow/example_dags/example_python_operator.py
[2025-03-08T01:00:20.166+0700] {logging_mixin.py:190} INFO - [2025-03-08T01:00:20.166+0700] {example_python_operator.py:93} WARNING - The virtalenv_python example task requires virtualenv, please install it.
[2025-03-08T01:00:20.169+0700] {processor.py:925} INFO - DAG(s) 'example_python_operator' retrieved from /home/dataengineer/.pyenv/versions/3.9.21/lib/python3.9/site-packages/airflow/example_dags/example_python_operator.py
[2025-03-08T01:00:20.184+0700] {logging_mixin.py:190} INFO - [2025-03-08T01:00:20.183+0700] {dag.py:3239} INFO - Sync 1 DAGs
[2025-03-08T01:00:20.195+0700] {logging_mixin.py:190} INFO - [2025-03-08T01:00:20.195+0700] {dag.py:4180} INFO - Setting next_dagrun for example_python_operator to None, run_after=None
[2025-03-08T01:00:20.213+0700] {processor.py:208} INFO - Processing /home/dataengineer/.pyenv/versions/3.9.21/lib/python3.9/site-packages/airflow/example_dags/example_python_operator.py took 0.126 seconds
[2025-03-08T01:01:21.682+0700] {processor.py:186} INFO - Started process (PID=38437) to work on /home/dataengineer/.pyenv/versions/3.9.21/lib/python3.9/site-packages/airflow/example_dags/example_python_operator.py
[2025-03-08T01:01:21.683+0700] {processor.py:914} INFO - Processing file /home/dataengineer/.pyenv/versions/3.9.21/lib/python3.9/site-packages/airflow/example_dags/example_python_operator.py for tasks to queue
[2025-03-08T01:01:21.685+0700] {logging_mixin.py:190} INFO - [2025-03-08T01:01:21.685+0700] {dagbag.py:588} INFO - Filling up the DagBag from /home/dataengineer/.pyenv/versions/3.9.21/lib/python3.9/site-packages/airflow/example_dags/example_python_operator.py
[2025-03-08T01:01:21.744+0700] {logging_mixin.py:190} INFO - [2025-03-08T01:01:21.743+0700] {example_python_operator.py:93} WARNING - The virtalenv_python example task requires virtualenv, please install it.
[2025-03-08T01:01:21.746+0700] {processor.py:925} INFO - DAG(s) 'example_python_operator' retrieved from /home/dataengineer/.pyenv/versions/3.9.21/lib/python3.9/site-packages/airflow/example_dags/example_python_operator.py
[2025-03-08T01:01:21.760+0700] {logging_mixin.py:190} INFO - [2025-03-08T01:01:21.760+0700] {dag.py:3239} INFO - Sync 1 DAGs
[2025-03-08T01:01:21.771+0700] {logging_mixin.py:190} INFO - [2025-03-08T01:01:21.770+0700] {dag.py:4180} INFO - Setting next_dagrun for example_python_operator to None, run_after=None
[2025-03-08T01:01:21.788+0700] {processor.py:208} INFO - Processing /home/dataengineer/.pyenv/versions/3.9.21/lib/python3.9/site-packages/airflow/example_dags/example_python_operator.py took 0.111 seconds
[2025-03-08T01:02:23.050+0700] {processor.py:186} INFO - Started process (PID=38969) to work on /home/dataengineer/.pyenv/versions/3.9.21/lib/python3.9/site-packages/airflow/example_dags/example_python_operator.py
[2025-03-08T01:02:23.053+0700] {processor.py:914} INFO - Processing file /home/dataengineer/.pyenv/versions/3.9.21/lib/python3.9/site-packages/airflow/example_dags/example_python_operator.py for tasks to queue
[2025-03-08T01:02:23.056+0700] {logging_mixin.py:190} INFO - [2025-03-08T01:02:23.055+0700] {dagbag.py:588} INFO - Filling up the DagBag from /home/dataengineer/.pyenv/versions/3.9.21/lib/python3.9/site-packages/airflow/example_dags/example_python_operator.py
[2025-03-08T01:02:23.120+0700] {logging_mixin.py:190} INFO - [2025-03-08T01:02:23.120+0700] {example_python_operator.py:93} WARNING - The virtalenv_python example task requires virtualenv, please install it.
[2025-03-08T01:02:23.122+0700] {processor.py:925} INFO - DAG(s) 'example_python_operator' retrieved from /home/dataengineer/.pyenv/versions/3.9.21/lib/python3.9/site-packages/airflow/example_dags/example_python_operator.py
[2025-03-08T01:02:23.139+0700] {logging_mixin.py:190} INFO - [2025-03-08T01:02:23.139+0700] {dag.py:3239} INFO - Sync 1 DAGs
[2025-03-08T01:02:23.152+0700] {logging_mixin.py:190} INFO - [2025-03-08T01:02:23.152+0700] {dag.py:4180} INFO - Setting next_dagrun for example_python_operator to None, run_after=None
[2025-03-08T01:02:23.185+0700] {processor.py:208} INFO - Processing /home/dataengineer/.pyenv/versions/3.9.21/lib/python3.9/site-packages/airflow/example_dags/example_python_operator.py took 0.141 seconds
[2025-03-08T01:03:24.124+0700] {processor.py:186} INFO - Started process (PID=39609) to work on /home/dataengineer/.pyenv/versions/3.9.21/lib/python3.9/site-packages/airflow/example_dags/example_python_operator.py
[2025-03-08T01:03:24.125+0700] {processor.py:914} INFO - Processing file /home/dataengineer/.pyenv/versions/3.9.21/lib/python3.9/site-packages/airflow/example_dags/example_python_operator.py for tasks to queue
[2025-03-08T01:03:24.127+0700] {logging_mixin.py:190} INFO - [2025-03-08T01:03:24.126+0700] {dagbag.py:588} INFO - Filling up the DagBag from /home/dataengineer/.pyenv/versions/3.9.21/lib/python3.9/site-packages/airflow/example_dags/example_python_operator.py
[2025-03-08T01:03:24.197+0700] {logging_mixin.py:190} INFO - [2025-03-08T01:03:24.197+0700] {example_python_operator.py:93} WARNING - The virtalenv_python example task requires virtualenv, please install it.
[2025-03-08T01:03:24.200+0700] {processor.py:925} INFO - DAG(s) 'example_python_operator' retrieved from /home/dataengineer/.pyenv/versions/3.9.21/lib/python3.9/site-packages/airflow/example_dags/example_python_operator.py
[2025-03-08T01:03:24.215+0700] {logging_mixin.py:190} INFO - [2025-03-08T01:03:24.215+0700] {dag.py:3239} INFO - Sync 1 DAGs
[2025-03-08T01:03:24.228+0700] {logging_mixin.py:190} INFO - [2025-03-08T01:03:24.227+0700] {dag.py:4180} INFO - Setting next_dagrun for example_python_operator to None, run_after=None
[2025-03-08T01:03:24.248+0700] {processor.py:208} INFO - Processing /home/dataengineer/.pyenv/versions/3.9.21/lib/python3.9/site-packages/airflow/example_dags/example_python_operator.py took 0.129 seconds
[2025-03-08T01:04:24.655+0700] {processor.py:186} INFO - Started process (PID=41267) to work on /home/dataengineer/.pyenv/versions/3.9.21/lib/python3.9/site-packages/airflow/example_dags/example_python_operator.py
[2025-03-08T01:04:24.656+0700] {processor.py:914} INFO - Processing file /home/dataengineer/.pyenv/versions/3.9.21/lib/python3.9/site-packages/airflow/example_dags/example_python_operator.py for tasks to queue
[2025-03-08T01:04:24.658+0700] {logging_mixin.py:190} INFO - [2025-03-08T01:04:24.658+0700] {dagbag.py:588} INFO - Filling up the DagBag from /home/dataengineer/.pyenv/versions/3.9.21/lib/python3.9/site-packages/airflow/example_dags/example_python_operator.py
[2025-03-08T01:04:24.737+0700] {logging_mixin.py:190} INFO - [2025-03-08T01:04:24.737+0700] {example_python_operator.py:93} WARNING - The virtalenv_python example task requires virtualenv, please install it.
[2025-03-08T01:04:24.739+0700] {processor.py:925} INFO - DAG(s) 'example_python_operator' retrieved from /home/dataengineer/.pyenv/versions/3.9.21/lib/python3.9/site-packages/airflow/example_dags/example_python_operator.py
[2025-03-08T01:04:24.753+0700] {logging_mixin.py:190} INFO - [2025-03-08T01:04:24.753+0700] {dag.py:3239} INFO - Sync 1 DAGs
[2025-03-08T01:04:24.764+0700] {logging_mixin.py:190} INFO - [2025-03-08T01:04:24.764+0700] {dag.py:4180} INFO - Setting next_dagrun for example_python_operator to None, run_after=None
[2025-03-08T01:04:24.782+0700] {processor.py:208} INFO - Processing /home/dataengineer/.pyenv/versions/3.9.21/lib/python3.9/site-packages/airflow/example_dags/example_python_operator.py took 0.132 seconds
[2025-03-08T02:29:44.850+0700] {processor.py:186} INFO - Started process (PID=67731) to work on /home/dataengineer/.pyenv/versions/3.9.21/lib/python3.9/site-packages/airflow/example_dags/example_python_operator.py
[2025-03-08T02:29:44.851+0700] {processor.py:914} INFO - Processing file /home/dataengineer/.pyenv/versions/3.9.21/lib/python3.9/site-packages/airflow/example_dags/example_python_operator.py for tasks to queue
[2025-03-08T02:29:44.853+0700] {logging_mixin.py:190} INFO - [2025-03-08T02:29:44.853+0700] {dagbag.py:588} INFO - Filling up the DagBag from /home/dataengineer/.pyenv/versions/3.9.21/lib/python3.9/site-packages/airflow/example_dags/example_python_operator.py
[2025-03-08T02:29:44.923+0700] {logging_mixin.py:190} INFO - [2025-03-08T02:29:44.923+0700] {example_python_operator.py:93} WARNING - The virtalenv_python example task requires virtualenv, please install it.
[2025-03-08T02:29:44.925+0700] {processor.py:925} INFO - DAG(s) 'example_python_operator' retrieved from /home/dataengineer/.pyenv/versions/3.9.21/lib/python3.9/site-packages/airflow/example_dags/example_python_operator.py
[2025-03-08T02:29:44.941+0700] {logging_mixin.py:190} INFO - [2025-03-08T02:29:44.941+0700] {dag.py:3239} INFO - Sync 1 DAGs
[2025-03-08T02:29:44.952+0700] {logging_mixin.py:190} INFO - [2025-03-08T02:29:44.952+0700] {dag.py:4180} INFO - Setting next_dagrun for example_python_operator to None, run_after=None
[2025-03-08T02:29:44.970+0700] {processor.py:208} INFO - Processing /home/dataengineer/.pyenv/versions/3.9.21/lib/python3.9/site-packages/airflow/example_dags/example_python_operator.py took 0.126 seconds
[2025-03-08T02:30:42.039+0700] {processor.py:186} INFO - Started process (PID=68113) to work on /home/dataengineer/.pyenv/versions/3.9.21/lib/python3.9/site-packages/airflow/example_dags/example_python_operator.py
[2025-03-08T02:30:42.041+0700] {processor.py:914} INFO - Processing file /home/dataengineer/.pyenv/versions/3.9.21/lib/python3.9/site-packages/airflow/example_dags/example_python_operator.py for tasks to queue
[2025-03-08T02:30:42.042+0700] {logging_mixin.py:190} INFO - [2025-03-08T02:30:42.042+0700] {dagbag.py:588} INFO - Filling up the DagBag from /home/dataengineer/.pyenv/versions/3.9.21/lib/python3.9/site-packages/airflow/example_dags/example_python_operator.py
[2025-03-08T02:30:42.112+0700] {logging_mixin.py:190} INFO - [2025-03-08T02:30:42.111+0700] {example_python_operator.py:93} WARNING - The virtalenv_python example task requires virtualenv, please install it.
[2025-03-08T02:30:42.114+0700] {processor.py:925} INFO - DAG(s) 'example_python_operator' retrieved from /home/dataengineer/.pyenv/versions/3.9.21/lib/python3.9/site-packages/airflow/example_dags/example_python_operator.py
[2025-03-08T02:30:42.131+0700] {logging_mixin.py:190} INFO - [2025-03-08T02:30:42.131+0700] {dag.py:3239} INFO - Sync 1 DAGs
[2025-03-08T02:30:42.145+0700] {logging_mixin.py:190} INFO - [2025-03-08T02:30:42.144+0700] {dag.py:4180} INFO - Setting next_dagrun for example_python_operator to None, run_after=None
[2025-03-08T02:30:42.165+0700] {processor.py:208} INFO - Processing /home/dataengineer/.pyenv/versions/3.9.21/lib/python3.9/site-packages/airflow/example_dags/example_python_operator.py took 0.132 seconds
[2025-03-08T02:31:39.868+0700] {processor.py:186} INFO - Started process (PID=68859) to work on /home/dataengineer/.pyenv/versions/3.9.21/lib/python3.9/site-packages/airflow/example_dags/example_python_operator.py
[2025-03-08T02:31:39.869+0700] {processor.py:914} INFO - Processing file /home/dataengineer/.pyenv/versions/3.9.21/lib/python3.9/site-packages/airflow/example_dags/example_python_operator.py for tasks to queue
[2025-03-08T02:31:39.870+0700] {logging_mixin.py:190} INFO - [2025-03-08T02:31:39.870+0700] {dagbag.py:588} INFO - Filling up the DagBag from /home/dataengineer/.pyenv/versions/3.9.21/lib/python3.9/site-packages/airflow/example_dags/example_python_operator.py
[2025-03-08T02:31:39.936+0700] {logging_mixin.py:190} INFO - [2025-03-08T02:31:39.935+0700] {example_python_operator.py:93} WARNING - The virtalenv_python example task requires virtualenv, please install it.
[2025-03-08T02:31:39.939+0700] {processor.py:925} INFO - DAG(s) 'example_python_operator' retrieved from /home/dataengineer/.pyenv/versions/3.9.21/lib/python3.9/site-packages/airflow/example_dags/example_python_operator.py
[2025-03-08T02:31:39.961+0700] {logging_mixin.py:190} INFO - [2025-03-08T02:31:39.961+0700] {dag.py:3239} INFO - Sync 1 DAGs
[2025-03-08T02:31:39.978+0700] {logging_mixin.py:190} INFO - [2025-03-08T02:31:39.978+0700] {dag.py:4180} INFO - Setting next_dagrun for example_python_operator to None, run_after=None
[2025-03-08T02:31:40.004+0700] {processor.py:208} INFO - Processing /home/dataengineer/.pyenv/versions/3.9.21/lib/python3.9/site-packages/airflow/example_dags/example_python_operator.py took 0.144 seconds
[2025-03-08T02:32:36.433+0700] {processor.py:186} INFO - Started process (PID=69107) to work on /home/dataengineer/.pyenv/versions/3.9.21/lib/python3.9/site-packages/airflow/example_dags/example_python_operator.py
[2025-03-08T02:32:36.434+0700] {processor.py:914} INFO - Processing file /home/dataengineer/.pyenv/versions/3.9.21/lib/python3.9/site-packages/airflow/example_dags/example_python_operator.py for tasks to queue
[2025-03-08T02:32:36.435+0700] {logging_mixin.py:190} INFO - [2025-03-08T02:32:36.435+0700] {dagbag.py:588} INFO - Filling up the DagBag from /home/dataengineer/.pyenv/versions/3.9.21/lib/python3.9/site-packages/airflow/example_dags/example_python_operator.py
[2025-03-08T02:32:36.505+0700] {logging_mixin.py:190} INFO - [2025-03-08T02:32:36.505+0700] {example_python_operator.py:93} WARNING - The virtalenv_python example task requires virtualenv, please install it.
[2025-03-08T02:32:36.507+0700] {processor.py:925} INFO - DAG(s) 'example_python_operator' retrieved from /home/dataengineer/.pyenv/versions/3.9.21/lib/python3.9/site-packages/airflow/example_dags/example_python_operator.py
[2025-03-08T02:32:36.526+0700] {logging_mixin.py:190} INFO - [2025-03-08T02:32:36.526+0700] {dag.py:3239} INFO - Sync 1 DAGs
[2025-03-08T02:32:36.539+0700] {logging_mixin.py:190} INFO - [2025-03-08T02:32:36.539+0700] {dag.py:4180} INFO - Setting next_dagrun for example_python_operator to None, run_after=None
[2025-03-08T02:32:36.558+0700] {processor.py:208} INFO - Processing /home/dataengineer/.pyenv/versions/3.9.21/lib/python3.9/site-packages/airflow/example_dags/example_python_operator.py took 0.131 seconds
[2025-03-08T02:33:33.468+0700] {processor.py:186} INFO - Started process (PID=69362) to work on /home/dataengineer/.pyenv/versions/3.9.21/lib/python3.9/site-packages/airflow/example_dags/example_python_operator.py
[2025-03-08T02:33:33.469+0700] {processor.py:914} INFO - Processing file /home/dataengineer/.pyenv/versions/3.9.21/lib/python3.9/site-packages/airflow/example_dags/example_python_operator.py for tasks to queue
[2025-03-08T02:33:33.471+0700] {logging_mixin.py:190} INFO - [2025-03-08T02:33:33.470+0700] {dagbag.py:588} INFO - Filling up the DagBag from /home/dataengineer/.pyenv/versions/3.9.21/lib/python3.9/site-packages/airflow/example_dags/example_python_operator.py
[2025-03-08T02:33:33.541+0700] {logging_mixin.py:190} INFO - [2025-03-08T02:33:33.540+0700] {example_python_operator.py:93} WARNING - The virtalenv_python example task requires virtualenv, please install it.
[2025-03-08T02:33:33.543+0700] {processor.py:925} INFO - DAG(s) 'example_python_operator' retrieved from /home/dataengineer/.pyenv/versions/3.9.21/lib/python3.9/site-packages/airflow/example_dags/example_python_operator.py
[2025-03-08T02:33:33.558+0700] {logging_mixin.py:190} INFO - [2025-03-08T02:33:33.558+0700] {dag.py:3239} INFO - Sync 1 DAGs
[2025-03-08T02:33:33.571+0700] {logging_mixin.py:190} INFO - [2025-03-08T02:33:33.571+0700] {dag.py:4180} INFO - Setting next_dagrun for example_python_operator to None, run_after=None
[2025-03-08T02:33:33.590+0700] {processor.py:208} INFO - Processing /home/dataengineer/.pyenv/versions/3.9.21/lib/python3.9/site-packages/airflow/example_dags/example_python_operator.py took 0.127 seconds
[2025-03-08T02:35:08.457+0700] {processor.py:186} INFO - Started process (PID=70448) to work on /home/dataengineer/.pyenv/versions/3.9.21/lib/python3.9/site-packages/airflow/example_dags/example_python_operator.py
[2025-03-08T02:35:08.458+0700] {processor.py:914} INFO - Processing file /home/dataengineer/.pyenv/versions/3.9.21/lib/python3.9/site-packages/airflow/example_dags/example_python_operator.py for tasks to queue
[2025-03-08T02:35:08.462+0700] {logging_mixin.py:190} INFO - [2025-03-08T02:35:08.461+0700] {dagbag.py:588} INFO - Filling up the DagBag from /home/dataengineer/.pyenv/versions/3.9.21/lib/python3.9/site-packages/airflow/example_dags/example_python_operator.py
[2025-03-08T02:35:08.547+0700] {logging_mixin.py:190} INFO - [2025-03-08T02:35:08.546+0700] {example_python_operator.py:93} WARNING - The virtalenv_python example task requires virtualenv, please install it.
[2025-03-08T02:35:08.549+0700] {processor.py:925} INFO - DAG(s) 'example_python_operator' retrieved from /home/dataengineer/.pyenv/versions/3.9.21/lib/python3.9/site-packages/airflow/example_dags/example_python_operator.py
[2025-03-08T02:35:08.571+0700] {logging_mixin.py:190} INFO - [2025-03-08T02:35:08.571+0700] {dag.py:3239} INFO - Sync 1 DAGs
[2025-03-08T02:35:08.586+0700] {logging_mixin.py:190} INFO - [2025-03-08T02:35:08.586+0700] {dag.py:4180} INFO - Setting next_dagrun for example_python_operator to None, run_after=None
[2025-03-08T02:35:08.607+0700] {processor.py:208} INFO - Processing /home/dataengineer/.pyenv/versions/3.9.21/lib/python3.9/site-packages/airflow/example_dags/example_python_operator.py took 0.157 seconds
[2025-03-08T02:36:09.124+0700] {processor.py:186} INFO - Started process (PID=70879) to work on /home/dataengineer/.pyenv/versions/3.9.21/lib/python3.9/site-packages/airflow/example_dags/example_python_operator.py
[2025-03-08T02:36:09.125+0700] {processor.py:914} INFO - Processing file /home/dataengineer/.pyenv/versions/3.9.21/lib/python3.9/site-packages/airflow/example_dags/example_python_operator.py for tasks to queue
[2025-03-08T02:36:09.128+0700] {logging_mixin.py:190} INFO - [2025-03-08T02:36:09.127+0700] {dagbag.py:588} INFO - Filling up the DagBag from /home/dataengineer/.pyenv/versions/3.9.21/lib/python3.9/site-packages/airflow/example_dags/example_python_operator.py
[2025-03-08T02:36:09.204+0700] {logging_mixin.py:190} INFO - [2025-03-08T02:36:09.204+0700] {example_python_operator.py:93} WARNING - The virtalenv_python example task requires virtualenv, please install it.
[2025-03-08T02:36:09.206+0700] {processor.py:925} INFO - DAG(s) 'example_python_operator' retrieved from /home/dataengineer/.pyenv/versions/3.9.21/lib/python3.9/site-packages/airflow/example_dags/example_python_operator.py
[2025-03-08T02:36:09.222+0700] {logging_mixin.py:190} INFO - [2025-03-08T02:36:09.222+0700] {dag.py:3239} INFO - Sync 1 DAGs
[2025-03-08T02:36:09.234+0700] {logging_mixin.py:190} INFO - [2025-03-08T02:36:09.234+0700] {dag.py:4180} INFO - Setting next_dagrun for example_python_operator to None, run_after=None
[2025-03-08T02:36:09.255+0700] {processor.py:208} INFO - Processing /home/dataengineer/.pyenv/versions/3.9.21/lib/python3.9/site-packages/airflow/example_dags/example_python_operator.py took 0.138 seconds
[2025-03-08T02:37:11.010+0700] {processor.py:186} INFO - Started process (PID=71327) to work on /home/dataengineer/.pyenv/versions/3.9.21/lib/python3.9/site-packages/airflow/example_dags/example_python_operator.py
[2025-03-08T02:37:11.011+0700] {processor.py:914} INFO - Processing file /home/dataengineer/.pyenv/versions/3.9.21/lib/python3.9/site-packages/airflow/example_dags/example_python_operator.py for tasks to queue
[2025-03-08T02:37:11.013+0700] {logging_mixin.py:190} INFO - [2025-03-08T02:37:11.013+0700] {dagbag.py:588} INFO - Filling up the DagBag from /home/dataengineer/.pyenv/versions/3.9.21/lib/python3.9/site-packages/airflow/example_dags/example_python_operator.py
[2025-03-08T02:37:11.083+0700] {logging_mixin.py:190} INFO - [2025-03-08T02:37:11.083+0700] {example_python_operator.py:93} WARNING - The virtalenv_python example task requires virtualenv, please install it.
[2025-03-08T02:37:11.086+0700] {processor.py:925} INFO - DAG(s) 'example_python_operator' retrieved from /home/dataengineer/.pyenv/versions/3.9.21/lib/python3.9/site-packages/airflow/example_dags/example_python_operator.py
[2025-03-08T02:37:11.102+0700] {logging_mixin.py:190} INFO - [2025-03-08T02:37:11.102+0700] {dag.py:3239} INFO - Sync 1 DAGs
[2025-03-08T02:37:11.114+0700] {logging_mixin.py:190} INFO - [2025-03-08T02:37:11.114+0700] {dag.py:4180} INFO - Setting next_dagrun for example_python_operator to None, run_after=None
[2025-03-08T02:37:11.134+0700] {processor.py:208} INFO - Processing /home/dataengineer/.pyenv/versions/3.9.21/lib/python3.9/site-packages/airflow/example_dags/example_python_operator.py took 0.131 seconds
[2025-03-08T02:39:15.262+0700] {processor.py:186} INFO - Started process (PID=72506) to work on /home/dataengineer/.pyenv/versions/3.9.21/lib/python3.9/site-packages/airflow/example_dags/example_python_operator.py
[2025-03-08T02:39:15.263+0700] {processor.py:914} INFO - Processing file /home/dataengineer/.pyenv/versions/3.9.21/lib/python3.9/site-packages/airflow/example_dags/example_python_operator.py for tasks to queue
[2025-03-08T02:39:15.266+0700] {logging_mixin.py:190} INFO - [2025-03-08T02:39:15.266+0700] {dagbag.py:588} INFO - Filling up the DagBag from /home/dataengineer/.pyenv/versions/3.9.21/lib/python3.9/site-packages/airflow/example_dags/example_python_operator.py
[2025-03-08T02:39:15.443+0700] {logging_mixin.py:190} INFO - [2025-03-08T02:39:15.443+0700] {example_python_operator.py:93} WARNING - The virtalenv_python example task requires virtualenv, please install it.
[2025-03-08T02:39:15.446+0700] {processor.py:925} INFO - DAG(s) 'example_python_operator' retrieved from /home/dataengineer/.pyenv/versions/3.9.21/lib/python3.9/site-packages/airflow/example_dags/example_python_operator.py
[2025-03-08T02:39:15.472+0700] {logging_mixin.py:190} INFO - [2025-03-08T02:39:15.472+0700] {dag.py:3239} INFO - Sync 1 DAGs
[2025-03-08T02:39:15.503+0700] {logging_mixin.py:190} INFO - [2025-03-08T02:39:15.503+0700] {dag.py:4180} INFO - Setting next_dagrun for example_python_operator to None, run_after=None
[2025-03-08T02:39:15.533+0700] {processor.py:208} INFO - Processing /home/dataengineer/.pyenv/versions/3.9.21/lib/python3.9/site-packages/airflow/example_dags/example_python_operator.py took 0.277 seconds
