[2025-03-08T00:57:16.987+0700] {processor.py:186} INFO - Started process (PID=36594) to work on /home/dataengineer/.pyenv/versions/3.9.21/lib/python3.9/site-packages/airflow/example_dags/example_branch_python_dop_operator_3.py
[2025-03-08T00:57:16.988+0700] {processor.py:914} INFO - Processing file /home/dataengineer/.pyenv/versions/3.9.21/lib/python3.9/site-packages/airflow/example_dags/example_branch_python_dop_operator_3.py for tasks to queue
[2025-03-08T00:57:16.990+0700] {logging_mixin.py:190} INFO - [2025-03-08T00:57:16.990+0700] {dagbag.py:588} INFO - Filling up the DagBag from /home/dataengineer/.pyenv/versions/3.9.21/lib/python3.9/site-packages/airflow/example_dags/example_branch_python_dop_operator_3.py
[2025-03-08T00:57:17.001+0700] {processor.py:925} INFO - DAG(s) 'example_branch_dop_operator_v3' retrieved from /home/dataengineer/.pyenv/versions/3.9.21/lib/python3.9/site-packages/airflow/example_dags/example_branch_python_dop_operator_3.py
[2025-03-08T00:57:17.015+0700] {logging_mixin.py:190} INFO - [2025-03-08T00:57:17.015+0700] {dag.py:3239} INFO - Sync 1 DAGs
[2025-03-08T00:57:17.036+0700] {logging_mixin.py:190} INFO - [2025-03-08T00:57:17.036+0700] {dag.py:4180} INFO - Setting next_dagrun for example_branch_dop_operator_v3 to 2025-03-07 17:56:00+00:00, run_after=2025-03-07 17:57:00+00:00
[2025-03-08T00:57:17.056+0700] {processor.py:208} INFO - Processing /home/dataengineer/.pyenv/versions/3.9.21/lib/python3.9/site-packages/airflow/example_dags/example_branch_python_dop_operator_3.py took 0.074 seconds
[2025-03-08T00:58:21.854+0700] {processor.py:186} INFO - Started process (PID=37171) to work on /home/dataengineer/.pyenv/versions/3.9.21/lib/python3.9/site-packages/airflow/example_dags/example_branch_python_dop_operator_3.py
[2025-03-08T00:58:21.855+0700] {processor.py:914} INFO - Processing file /home/dataengineer/.pyenv/versions/3.9.21/lib/python3.9/site-packages/airflow/example_dags/example_branch_python_dop_operator_3.py for tasks to queue
[2025-03-08T00:58:21.857+0700] {logging_mixin.py:190} INFO - [2025-03-08T00:58:21.857+0700] {dagbag.py:588} INFO - Filling up the DagBag from /home/dataengineer/.pyenv/versions/3.9.21/lib/python3.9/site-packages/airflow/example_dags/example_branch_python_dop_operator_3.py
[2025-03-08T00:58:21.867+0700] {processor.py:925} INFO - DAG(s) 'example_branch_dop_operator_v3' retrieved from /home/dataengineer/.pyenv/versions/3.9.21/lib/python3.9/site-packages/airflow/example_dags/example_branch_python_dop_operator_3.py
[2025-03-08T00:58:21.881+0700] {logging_mixin.py:190} INFO - [2025-03-08T00:58:21.881+0700] {dag.py:3239} INFO - Sync 1 DAGs
[2025-03-08T00:58:21.902+0700] {logging_mixin.py:190} INFO - [2025-03-08T00:58:21.902+0700] {dag.py:4180} INFO - Setting next_dagrun for example_branch_dop_operator_v3 to 2025-03-07 17:57:00+00:00, run_after=2025-03-07 17:58:00+00:00
[2025-03-08T00:58:21.919+0700] {processor.py:208} INFO - Processing /home/dataengineer/.pyenv/versions/3.9.21/lib/python3.9/site-packages/airflow/example_dags/example_branch_python_dop_operator_3.py took 0.071 seconds
[2025-03-08T00:59:23.647+0700] {processor.py:186} INFO - Started process (PID=37600) to work on /home/dataengineer/.pyenv/versions/3.9.21/lib/python3.9/site-packages/airflow/example_dags/example_branch_python_dop_operator_3.py
[2025-03-08T00:59:23.648+0700] {processor.py:914} INFO - Processing file /home/dataengineer/.pyenv/versions/3.9.21/lib/python3.9/site-packages/airflow/example_dags/example_branch_python_dop_operator_3.py for tasks to queue
[2025-03-08T00:59:23.650+0700] {logging_mixin.py:190} INFO - [2025-03-08T00:59:23.650+0700] {dagbag.py:588} INFO - Filling up the DagBag from /home/dataengineer/.pyenv/versions/3.9.21/lib/python3.9/site-packages/airflow/example_dags/example_branch_python_dop_operator_3.py
[2025-03-08T00:59:23.659+0700] {processor.py:925} INFO - DAG(s) 'example_branch_dop_operator_v3' retrieved from /home/dataengineer/.pyenv/versions/3.9.21/lib/python3.9/site-packages/airflow/example_dags/example_branch_python_dop_operator_3.py
[2025-03-08T00:59:23.671+0700] {logging_mixin.py:190} INFO - [2025-03-08T00:59:23.671+0700] {dag.py:3239} INFO - Sync 1 DAGs
[2025-03-08T00:59:23.692+0700] {logging_mixin.py:190} INFO - [2025-03-08T00:59:23.692+0700] {dag.py:4180} INFO - Setting next_dagrun for example_branch_dop_operator_v3 to 2025-03-07 17:58:00+00:00, run_after=2025-03-07 17:59:00+00:00
[2025-03-08T00:59:23.710+0700] {processor.py:208} INFO - Processing /home/dataengineer/.pyenv/versions/3.9.21/lib/python3.9/site-packages/airflow/example_dags/example_branch_python_dop_operator_3.py took 0.068 seconds
[2025-03-08T01:00:25.336+0700] {processor.py:186} INFO - Started process (PID=38028) to work on /home/dataengineer/.pyenv/versions/3.9.21/lib/python3.9/site-packages/airflow/example_dags/example_branch_python_dop_operator_3.py
[2025-03-08T01:00:25.337+0700] {processor.py:914} INFO - Processing file /home/dataengineer/.pyenv/versions/3.9.21/lib/python3.9/site-packages/airflow/example_dags/example_branch_python_dop_operator_3.py for tasks to queue
[2025-03-08T01:00:25.340+0700] {logging_mixin.py:190} INFO - [2025-03-08T01:00:25.339+0700] {dagbag.py:588} INFO - Filling up the DagBag from /home/dataengineer/.pyenv/versions/3.9.21/lib/python3.9/site-packages/airflow/example_dags/example_branch_python_dop_operator_3.py
[2025-03-08T01:00:25.349+0700] {processor.py:925} INFO - DAG(s) 'example_branch_dop_operator_v3' retrieved from /home/dataengineer/.pyenv/versions/3.9.21/lib/python3.9/site-packages/airflow/example_dags/example_branch_python_dop_operator_3.py
[2025-03-08T01:00:25.362+0700] {logging_mixin.py:190} INFO - [2025-03-08T01:00:25.361+0700] {dag.py:3239} INFO - Sync 1 DAGs
[2025-03-08T01:00:25.383+0700] {logging_mixin.py:190} INFO - [2025-03-08T01:00:25.383+0700] {dag.py:4180} INFO - Setting next_dagrun for example_branch_dop_operator_v3 to 2025-03-07 17:59:00+00:00, run_after=2025-03-07 18:00:00+00:00
[2025-03-08T01:00:25.401+0700] {processor.py:208} INFO - Processing /home/dataengineer/.pyenv/versions/3.9.21/lib/python3.9/site-packages/airflow/example_dags/example_branch_python_dop_operator_3.py took 0.071 seconds
[2025-03-08T01:01:26.924+0700] {processor.py:186} INFO - Started process (PID=38487) to work on /home/dataengineer/.pyenv/versions/3.9.21/lib/python3.9/site-packages/airflow/example_dags/example_branch_python_dop_operator_3.py
[2025-03-08T01:01:26.925+0700] {processor.py:914} INFO - Processing file /home/dataengineer/.pyenv/versions/3.9.21/lib/python3.9/site-packages/airflow/example_dags/example_branch_python_dop_operator_3.py for tasks to queue
[2025-03-08T01:01:26.927+0700] {logging_mixin.py:190} INFO - [2025-03-08T01:01:26.927+0700] {dagbag.py:588} INFO - Filling up the DagBag from /home/dataengineer/.pyenv/versions/3.9.21/lib/python3.9/site-packages/airflow/example_dags/example_branch_python_dop_operator_3.py
[2025-03-08T01:01:26.937+0700] {processor.py:925} INFO - DAG(s) 'example_branch_dop_operator_v3' retrieved from /home/dataengineer/.pyenv/versions/3.9.21/lib/python3.9/site-packages/airflow/example_dags/example_branch_python_dop_operator_3.py
[2025-03-08T01:01:26.949+0700] {logging_mixin.py:190} INFO - [2025-03-08T01:01:26.949+0700] {dag.py:3239} INFO - Sync 1 DAGs
[2025-03-08T01:01:26.970+0700] {logging_mixin.py:190} INFO - [2025-03-08T01:01:26.970+0700] {dag.py:4180} INFO - Setting next_dagrun for example_branch_dop_operator_v3 to 2025-03-07 18:00:00+00:00, run_after=2025-03-07 18:01:00+00:00
[2025-03-08T01:01:26.988+0700] {processor.py:208} INFO - Processing /home/dataengineer/.pyenv/versions/3.9.21/lib/python3.9/site-packages/airflow/example_dags/example_branch_python_dop_operator_3.py took 0.069 seconds
[2025-03-08T01:02:27.640+0700] {processor.py:186} INFO - Started process (PID=38986) to work on /home/dataengineer/.pyenv/versions/3.9.21/lib/python3.9/site-packages/airflow/example_dags/example_branch_python_dop_operator_3.py
[2025-03-08T01:02:27.641+0700] {processor.py:914} INFO - Processing file /home/dataengineer/.pyenv/versions/3.9.21/lib/python3.9/site-packages/airflow/example_dags/example_branch_python_dop_operator_3.py for tasks to queue
[2025-03-08T01:02:27.643+0700] {logging_mixin.py:190} INFO - [2025-03-08T01:02:27.642+0700] {dagbag.py:588} INFO - Filling up the DagBag from /home/dataengineer/.pyenv/versions/3.9.21/lib/python3.9/site-packages/airflow/example_dags/example_branch_python_dop_operator_3.py
[2025-03-08T01:02:27.654+0700] {processor.py:925} INFO - DAG(s) 'example_branch_dop_operator_v3' retrieved from /home/dataengineer/.pyenv/versions/3.9.21/lib/python3.9/site-packages/airflow/example_dags/example_branch_python_dop_operator_3.py
[2025-03-08T01:02:27.672+0700] {logging_mixin.py:190} INFO - [2025-03-08T01:02:27.671+0700] {dag.py:3239} INFO - Sync 1 DAGs
[2025-03-08T01:02:27.697+0700] {logging_mixin.py:190} INFO - [2025-03-08T01:02:27.697+0700] {dag.py:4180} INFO - Setting next_dagrun for example_branch_dop_operator_v3 to 2025-03-07 18:01:00+00:00, run_after=2025-03-07 18:02:00+00:00
[2025-03-08T01:02:27.718+0700] {processor.py:208} INFO - Processing /home/dataengineer/.pyenv/versions/3.9.21/lib/python3.9/site-packages/airflow/example_dags/example_branch_python_dop_operator_3.py took 0.084 seconds
[2025-03-08T01:03:29.340+0700] {processor.py:186} INFO - Started process (PID=39649) to work on /home/dataengineer/.pyenv/versions/3.9.21/lib/python3.9/site-packages/airflow/example_dags/example_branch_python_dop_operator_3.py
[2025-03-08T01:03:29.341+0700] {processor.py:914} INFO - Processing file /home/dataengineer/.pyenv/versions/3.9.21/lib/python3.9/site-packages/airflow/example_dags/example_branch_python_dop_operator_3.py for tasks to queue
[2025-03-08T01:03:29.343+0700] {logging_mixin.py:190} INFO - [2025-03-08T01:03:29.343+0700] {dagbag.py:588} INFO - Filling up the DagBag from /home/dataengineer/.pyenv/versions/3.9.21/lib/python3.9/site-packages/airflow/example_dags/example_branch_python_dop_operator_3.py
[2025-03-08T01:03:29.354+0700] {processor.py:925} INFO - DAG(s) 'example_branch_dop_operator_v3' retrieved from /home/dataengineer/.pyenv/versions/3.9.21/lib/python3.9/site-packages/airflow/example_dags/example_branch_python_dop_operator_3.py
[2025-03-08T01:03:29.369+0700] {logging_mixin.py:190} INFO - [2025-03-08T01:03:29.369+0700] {dag.py:3239} INFO - Sync 1 DAGs
[2025-03-08T01:03:29.395+0700] {logging_mixin.py:190} INFO - [2025-03-08T01:03:29.395+0700] {dag.py:4180} INFO - Setting next_dagrun for example_branch_dop_operator_v3 to 2025-03-07 18:02:00+00:00, run_after=2025-03-07 18:03:00+00:00
[2025-03-08T01:03:29.418+0700] {processor.py:208} INFO - Processing /home/dataengineer/.pyenv/versions/3.9.21/lib/python3.9/site-packages/airflow/example_dags/example_branch_python_dop_operator_3.py took 0.084 seconds
[2025-03-08T01:04:29.796+0700] {processor.py:186} INFO - Started process (PID=41286) to work on /home/dataengineer/.pyenv/versions/3.9.21/lib/python3.9/site-packages/airflow/example_dags/example_branch_python_dop_operator_3.py
[2025-03-08T01:04:29.797+0700] {processor.py:914} INFO - Processing file /home/dataengineer/.pyenv/versions/3.9.21/lib/python3.9/site-packages/airflow/example_dags/example_branch_python_dop_operator_3.py for tasks to queue
[2025-03-08T01:04:29.801+0700] {logging_mixin.py:190} INFO - [2025-03-08T01:04:29.800+0700] {dagbag.py:588} INFO - Filling up the DagBag from /home/dataengineer/.pyenv/versions/3.9.21/lib/python3.9/site-packages/airflow/example_dags/example_branch_python_dop_operator_3.py
[2025-03-08T01:04:29.815+0700] {processor.py:925} INFO - DAG(s) 'example_branch_dop_operator_v3' retrieved from /home/dataengineer/.pyenv/versions/3.9.21/lib/python3.9/site-packages/airflow/example_dags/example_branch_python_dop_operator_3.py
[2025-03-08T01:04:29.831+0700] {logging_mixin.py:190} INFO - [2025-03-08T01:04:29.831+0700] {dag.py:3239} INFO - Sync 1 DAGs
[2025-03-08T01:04:29.858+0700] {logging_mixin.py:190} INFO - [2025-03-08T01:04:29.858+0700] {dag.py:4180} INFO - Setting next_dagrun for example_branch_dop_operator_v3 to 2025-03-07 18:03:00+00:00, run_after=2025-03-07 18:04:00+00:00
[2025-03-08T01:04:29.880+0700] {processor.py:208} INFO - Processing /home/dataengineer/.pyenv/versions/3.9.21/lib/python3.9/site-packages/airflow/example_dags/example_branch_python_dop_operator_3.py took 0.091 seconds
[2025-03-08T02:29:50.094+0700] {processor.py:186} INFO - Started process (PID=67776) to work on /home/dataengineer/.pyenv/versions/3.9.21/lib/python3.9/site-packages/airflow/example_dags/example_branch_python_dop_operator_3.py
[2025-03-08T02:29:50.095+0700] {processor.py:914} INFO - Processing file /home/dataengineer/.pyenv/versions/3.9.21/lib/python3.9/site-packages/airflow/example_dags/example_branch_python_dop_operator_3.py for tasks to queue
[2025-03-08T02:29:50.097+0700] {logging_mixin.py:190} INFO - [2025-03-08T02:29:50.097+0700] {dagbag.py:588} INFO - Filling up the DagBag from /home/dataengineer/.pyenv/versions/3.9.21/lib/python3.9/site-packages/airflow/example_dags/example_branch_python_dop_operator_3.py
[2025-03-08T02:29:50.108+0700] {processor.py:925} INFO - DAG(s) 'example_branch_dop_operator_v3' retrieved from /home/dataengineer/.pyenv/versions/3.9.21/lib/python3.9/site-packages/airflow/example_dags/example_branch_python_dop_operator_3.py
[2025-03-08T02:29:50.122+0700] {logging_mixin.py:190} INFO - [2025-03-08T02:29:50.122+0700] {dag.py:3239} INFO - Sync 1 DAGs
[2025-03-08T02:29:50.144+0700] {logging_mixin.py:190} INFO - [2025-03-08T02:29:50.144+0700] {dag.py:4180} INFO - Setting next_dagrun for example_branch_dop_operator_v3 to 2025-03-07 19:28:00+00:00, run_after=2025-03-07 19:29:00+00:00
[2025-03-08T02:29:50.164+0700] {processor.py:208} INFO - Processing /home/dataengineer/.pyenv/versions/3.9.21/lib/python3.9/site-packages/airflow/example_dags/example_branch_python_dop_operator_3.py took 0.075 seconds
[2025-03-08T02:30:47.174+0700] {processor.py:186} INFO - Started process (PID=68130) to work on /home/dataengineer/.pyenv/versions/3.9.21/lib/python3.9/site-packages/airflow/example_dags/example_branch_python_dop_operator_3.py
[2025-03-08T02:30:47.175+0700] {processor.py:914} INFO - Processing file /home/dataengineer/.pyenv/versions/3.9.21/lib/python3.9/site-packages/airflow/example_dags/example_branch_python_dop_operator_3.py for tasks to queue
[2025-03-08T02:30:47.177+0700] {logging_mixin.py:190} INFO - [2025-03-08T02:30:47.176+0700] {dagbag.py:588} INFO - Filling up the DagBag from /home/dataengineer/.pyenv/versions/3.9.21/lib/python3.9/site-packages/airflow/example_dags/example_branch_python_dop_operator_3.py
[2025-03-08T02:30:47.188+0700] {processor.py:925} INFO - DAG(s) 'example_branch_dop_operator_v3' retrieved from /home/dataengineer/.pyenv/versions/3.9.21/lib/python3.9/site-packages/airflow/example_dags/example_branch_python_dop_operator_3.py
[2025-03-08T02:30:47.203+0700] {logging_mixin.py:190} INFO - [2025-03-08T02:30:47.202+0700] {dag.py:3239} INFO - Sync 1 DAGs
[2025-03-08T02:30:47.228+0700] {logging_mixin.py:190} INFO - [2025-03-08T02:30:47.228+0700] {dag.py:4180} INFO - Setting next_dagrun for example_branch_dop_operator_v3 to 2025-03-07 19:29:00+00:00, run_after=2025-03-07 19:30:00+00:00
[2025-03-08T02:30:47.247+0700] {processor.py:208} INFO - Processing /home/dataengineer/.pyenv/versions/3.9.21/lib/python3.9/site-packages/airflow/example_dags/example_branch_python_dop_operator_3.py took 0.079 seconds
[2025-03-08T02:32:08.423+0700] {processor.py:186} INFO - Started process (PID=68974) to work on /home/dataengineer/.pyenv/versions/3.9.21/lib/python3.9/site-packages/airflow/example_dags/example_branch_python_dop_operator_3.py
[2025-03-08T02:32:08.424+0700] {processor.py:914} INFO - Processing file /home/dataengineer/.pyenv/versions/3.9.21/lib/python3.9/site-packages/airflow/example_dags/example_branch_python_dop_operator_3.py for tasks to queue
[2025-03-08T02:32:08.425+0700] {logging_mixin.py:190} INFO - [2025-03-08T02:32:08.425+0700] {dagbag.py:588} INFO - Filling up the DagBag from /home/dataengineer/.pyenv/versions/3.9.21/lib/python3.9/site-packages/airflow/example_dags/example_branch_python_dop_operator_3.py
[2025-03-08T02:32:08.435+0700] {processor.py:925} INFO - DAG(s) 'example_branch_dop_operator_v3' retrieved from /home/dataengineer/.pyenv/versions/3.9.21/lib/python3.9/site-packages/airflow/example_dags/example_branch_python_dop_operator_3.py
[2025-03-08T02:32:08.447+0700] {logging_mixin.py:190} INFO - [2025-03-08T02:32:08.446+0700] {dag.py:3239} INFO - Sync 1 DAGs
[2025-03-08T02:32:08.468+0700] {logging_mixin.py:190} INFO - [2025-03-08T02:32:08.467+0700] {dag.py:4180} INFO - Setting next_dagrun for example_branch_dop_operator_v3 to 2025-03-07 19:31:00+00:00, run_after=2025-03-07 19:32:00+00:00
[2025-03-08T02:32:08.486+0700] {processor.py:208} INFO - Processing /home/dataengineer/.pyenv/versions/3.9.21/lib/python3.9/site-packages/airflow/example_dags/example_branch_python_dop_operator_3.py took 0.068 seconds
[2025-03-08T02:33:06.910+0700] {processor.py:186} INFO - Started process (PID=69229) to work on /home/dataengineer/.pyenv/versions/3.9.21/lib/python3.9/site-packages/airflow/example_dags/example_branch_python_dop_operator_3.py
[2025-03-08T02:33:06.911+0700] {processor.py:914} INFO - Processing file /home/dataengineer/.pyenv/versions/3.9.21/lib/python3.9/site-packages/airflow/example_dags/example_branch_python_dop_operator_3.py for tasks to queue
[2025-03-08T02:33:06.912+0700] {logging_mixin.py:190} INFO - [2025-03-08T02:33:06.912+0700] {dagbag.py:588} INFO - Filling up the DagBag from /home/dataengineer/.pyenv/versions/3.9.21/lib/python3.9/site-packages/airflow/example_dags/example_branch_python_dop_operator_3.py
[2025-03-08T02:33:06.923+0700] {processor.py:925} INFO - DAG(s) 'example_branch_dop_operator_v3' retrieved from /home/dataengineer/.pyenv/versions/3.9.21/lib/python3.9/site-packages/airflow/example_dags/example_branch_python_dop_operator_3.py
[2025-03-08T02:33:06.937+0700] {logging_mixin.py:190} INFO - [2025-03-08T02:33:06.937+0700] {dag.py:3239} INFO - Sync 1 DAGs
[2025-03-08T02:33:06.960+0700] {logging_mixin.py:190} INFO - [2025-03-08T02:33:06.960+0700] {dag.py:4180} INFO - Setting next_dagrun for example_branch_dop_operator_v3 to 2025-03-07 19:32:00+00:00, run_after=2025-03-07 19:33:00+00:00
[2025-03-08T02:33:06.981+0700] {processor.py:208} INFO - Processing /home/dataengineer/.pyenv/versions/3.9.21/lib/python3.9/site-packages/airflow/example_dags/example_branch_python_dop_operator_3.py took 0.077 seconds
[2025-03-08T02:34:02.600+0700] {processor.py:186} INFO - Started process (PID=69566) to work on /home/dataengineer/.pyenv/versions/3.9.21/lib/python3.9/site-packages/airflow/example_dags/example_branch_python_dop_operator_3.py
[2025-03-08T02:34:02.602+0700] {processor.py:914} INFO - Processing file /home/dataengineer/.pyenv/versions/3.9.21/lib/python3.9/site-packages/airflow/example_dags/example_branch_python_dop_operator_3.py for tasks to queue
[2025-03-08T02:34:02.603+0700] {logging_mixin.py:190} INFO - [2025-03-08T02:34:02.603+0700] {dagbag.py:588} INFO - Filling up the DagBag from /home/dataengineer/.pyenv/versions/3.9.21/lib/python3.9/site-packages/airflow/example_dags/example_branch_python_dop_operator_3.py
[2025-03-08T02:34:02.618+0700] {processor.py:925} INFO - DAG(s) 'example_branch_dop_operator_v3' retrieved from /home/dataengineer/.pyenv/versions/3.9.21/lib/python3.9/site-packages/airflow/example_dags/example_branch_python_dop_operator_3.py
[2025-03-08T02:34:02.640+0700] {logging_mixin.py:190} INFO - [2025-03-08T02:34:02.640+0700] {dag.py:3239} INFO - Sync 1 DAGs
[2025-03-08T02:34:02.675+0700] {logging_mixin.py:190} INFO - [2025-03-08T02:34:02.675+0700] {dag.py:4180} INFO - Setting next_dagrun for example_branch_dop_operator_v3 to 2025-03-07 19:33:00+00:00, run_after=2025-03-07 19:34:00+00:00
[2025-03-08T02:34:02.706+0700] {processor.py:208} INFO - Processing /home/dataengineer/.pyenv/versions/3.9.21/lib/python3.9/site-packages/airflow/example_dags/example_branch_python_dop_operator_3.py took 0.112 seconds
[2025-03-08T02:35:13.603+0700] {processor.py:186} INFO - Started process (PID=70471) to work on /home/dataengineer/.pyenv/versions/3.9.21/lib/python3.9/site-packages/airflow/example_dags/example_branch_python_dop_operator_3.py
[2025-03-08T02:35:13.604+0700] {processor.py:914} INFO - Processing file /home/dataengineer/.pyenv/versions/3.9.21/lib/python3.9/site-packages/airflow/example_dags/example_branch_python_dop_operator_3.py for tasks to queue
[2025-03-08T02:35:13.608+0700] {logging_mixin.py:190} INFO - [2025-03-08T02:35:13.607+0700] {dagbag.py:588} INFO - Filling up the DagBag from /home/dataengineer/.pyenv/versions/3.9.21/lib/python3.9/site-packages/airflow/example_dags/example_branch_python_dop_operator_3.py
[2025-03-08T02:35:13.619+0700] {processor.py:925} INFO - DAG(s) 'example_branch_dop_operator_v3' retrieved from /home/dataengineer/.pyenv/versions/3.9.21/lib/python3.9/site-packages/airflow/example_dags/example_branch_python_dop_operator_3.py
[2025-03-08T02:35:13.636+0700] {logging_mixin.py:190} INFO - [2025-03-08T02:35:13.635+0700] {dag.py:3239} INFO - Sync 1 DAGs
[2025-03-08T02:35:13.660+0700] {logging_mixin.py:190} INFO - [2025-03-08T02:35:13.660+0700] {dag.py:4180} INFO - Setting next_dagrun for example_branch_dop_operator_v3 to 2025-03-07 19:34:00+00:00, run_after=2025-03-07 19:35:00+00:00
[2025-03-08T02:35:13.682+0700] {processor.py:208} INFO - Processing /home/dataengineer/.pyenv/versions/3.9.21/lib/python3.9/site-packages/airflow/example_dags/example_branch_python_dop_operator_3.py took 0.084 seconds
[2025-03-08T02:36:14.256+0700] {processor.py:186} INFO - Started process (PID=70896) to work on /home/dataengineer/.pyenv/versions/3.9.21/lib/python3.9/site-packages/airflow/example_dags/example_branch_python_dop_operator_3.py
[2025-03-08T02:36:14.257+0700] {processor.py:914} INFO - Processing file /home/dataengineer/.pyenv/versions/3.9.21/lib/python3.9/site-packages/airflow/example_dags/example_branch_python_dop_operator_3.py for tasks to queue
[2025-03-08T02:36:14.259+0700] {logging_mixin.py:190} INFO - [2025-03-08T02:36:14.258+0700] {dagbag.py:588} INFO - Filling up the DagBag from /home/dataengineer/.pyenv/versions/3.9.21/lib/python3.9/site-packages/airflow/example_dags/example_branch_python_dop_operator_3.py
[2025-03-08T02:36:14.268+0700] {processor.py:925} INFO - DAG(s) 'example_branch_dop_operator_v3' retrieved from /home/dataengineer/.pyenv/versions/3.9.21/lib/python3.9/site-packages/airflow/example_dags/example_branch_python_dop_operator_3.py
[2025-03-08T02:36:14.281+0700] {logging_mixin.py:190} INFO - [2025-03-08T02:36:14.280+0700] {dag.py:3239} INFO - Sync 1 DAGs
[2025-03-08T02:36:14.302+0700] {logging_mixin.py:190} INFO - [2025-03-08T02:36:14.301+0700] {dag.py:4180} INFO - Setting next_dagrun for example_branch_dop_operator_v3 to 2025-03-07 19:35:00+00:00, run_after=2025-03-07 19:36:00+00:00
[2025-03-08T02:36:14.320+0700] {processor.py:208} INFO - Processing /home/dataengineer/.pyenv/versions/3.9.21/lib/python3.9/site-packages/airflow/example_dags/example_branch_python_dop_operator_3.py took 0.069 seconds
[2025-03-08T02:37:15.007+0700] {processor.py:186} INFO - Started process (PID=71344) to work on /home/dataengineer/.pyenv/versions/3.9.21/lib/python3.9/site-packages/airflow/example_dags/example_branch_python_dop_operator_3.py
[2025-03-08T02:37:15.008+0700] {processor.py:914} INFO - Processing file /home/dataengineer/.pyenv/versions/3.9.21/lib/python3.9/site-packages/airflow/example_dags/example_branch_python_dop_operator_3.py for tasks to queue
[2025-03-08T02:37:15.010+0700] {logging_mixin.py:190} INFO - [2025-03-08T02:37:15.010+0700] {dagbag.py:588} INFO - Filling up the DagBag from /home/dataengineer/.pyenv/versions/3.9.21/lib/python3.9/site-packages/airflow/example_dags/example_branch_python_dop_operator_3.py
[2025-03-08T02:37:15.020+0700] {processor.py:925} INFO - DAG(s) 'example_branch_dop_operator_v3' retrieved from /home/dataengineer/.pyenv/versions/3.9.21/lib/python3.9/site-packages/airflow/example_dags/example_branch_python_dop_operator_3.py
[2025-03-08T02:37:15.033+0700] {logging_mixin.py:190} INFO - [2025-03-08T02:37:15.032+0700] {dag.py:3239} INFO - Sync 1 DAGs
[2025-03-08T02:37:15.054+0700] {logging_mixin.py:190} INFO - [2025-03-08T02:37:15.054+0700] {dag.py:4180} INFO - Setting next_dagrun for example_branch_dop_operator_v3 to 2025-03-07 19:36:00+00:00, run_after=2025-03-07 19:37:00+00:00
[2025-03-08T02:37:15.073+0700] {processor.py:208} INFO - Processing /home/dataengineer/.pyenv/versions/3.9.21/lib/python3.9/site-packages/airflow/example_dags/example_branch_python_dop_operator_3.py took 0.072 seconds
[2025-03-08T02:39:20.599+0700] {processor.py:186} INFO - Started process (PID=72531) to work on /home/dataengineer/.pyenv/versions/3.9.21/lib/python3.9/site-packages/airflow/example_dags/example_branch_python_dop_operator_3.py
[2025-03-08T02:39:20.600+0700] {processor.py:914} INFO - Processing file /home/dataengineer/.pyenv/versions/3.9.21/lib/python3.9/site-packages/airflow/example_dags/example_branch_python_dop_operator_3.py for tasks to queue
[2025-03-08T02:39:20.603+0700] {logging_mixin.py:190} INFO - [2025-03-08T02:39:20.603+0700] {dagbag.py:588} INFO - Filling up the DagBag from /home/dataengineer/.pyenv/versions/3.9.21/lib/python3.9/site-packages/airflow/example_dags/example_branch_python_dop_operator_3.py
[2025-03-08T02:39:20.614+0700] {processor.py:925} INFO - DAG(s) 'example_branch_dop_operator_v3' retrieved from /home/dataengineer/.pyenv/versions/3.9.21/lib/python3.9/site-packages/airflow/example_dags/example_branch_python_dop_operator_3.py
[2025-03-08T02:39:20.630+0700] {logging_mixin.py:190} INFO - [2025-03-08T02:39:20.630+0700] {dag.py:3239} INFO - Sync 1 DAGs
[2025-03-08T02:39:20.656+0700] {logging_mixin.py:190} INFO - [2025-03-08T02:39:20.656+0700] {dag.py:4180} INFO - Setting next_dagrun for example_branch_dop_operator_v3 to 2025-03-07 19:38:00+00:00, run_after=2025-03-07 19:39:00+00:00
[2025-03-08T02:39:20.677+0700] {processor.py:208} INFO - Processing /home/dataengineer/.pyenv/versions/3.9.21/lib/python3.9/site-packages/airflow/example_dags/example_branch_python_dop_operator_3.py took 0.084 seconds
