[2025-03-08T00:57:19.170+0700] {processor.py:186} INFO - Started process (PID=36605) to work on /home/dataengineer/.pyenv/versions/3.9.21/lib/python3.9/site-packages/airflow/example_dags/example_dynamic_task_mapping.py
[2025-03-08T00:57:19.171+0700] {processor.py:914} INFO - Processing file /home/dataengineer/.pyenv/versions/3.9.21/lib/python3.9/site-packages/airflow/example_dags/example_dynamic_task_mapping.py for tasks to queue
[2025-03-08T00:57:19.173+0700] {logging_mixin.py:190} INFO - [2025-03-08T00:57:19.172+0700] {dagbag.py:588} INFO - Filling up the DagBag from /home/dataengineer/.pyenv/versions/3.9.21/lib/python3.9/site-packages/airflow/example_dags/example_dynamic_task_mapping.py
[2025-03-08T00:57:19.179+0700] {processor.py:925} INFO - DAG(s) 'example_dynamic_task_mapping' retrieved from /home/dataengineer/.pyenv/versions/3.9.21/lib/python3.9/site-packages/airflow/example_dags/example_dynamic_task_mapping.py
[2025-03-08T00:57:19.193+0700] {logging_mixin.py:190} INFO - [2025-03-08T00:57:19.192+0700] {dag.py:3239} INFO - Sync 1 DAGs
[2025-03-08T00:57:19.204+0700] {logging_mixin.py:190} INFO - [2025-03-08T00:57:19.203+0700] {dag.py:4180} INFO - Setting next_dagrun for example_dynamic_task_mapping to None, run_after=None
[2025-03-08T00:57:19.221+0700] {processor.py:208} INFO - Processing /home/dataengineer/.pyenv/versions/3.9.21/lib/python3.9/site-packages/airflow/example_dags/example_dynamic_task_mapping.py took 0.056 seconds
[2025-03-08T00:58:23.534+0700] {processor.py:186} INFO - Started process (PID=37173) to work on /home/dataengineer/.pyenv/versions/3.9.21/lib/python3.9/site-packages/airflow/example_dags/example_dynamic_task_mapping.py
[2025-03-08T00:58:23.537+0700] {processor.py:914} INFO - Processing file /home/dataengineer/.pyenv/versions/3.9.21/lib/python3.9/site-packages/airflow/example_dags/example_dynamic_task_mapping.py for tasks to queue
[2025-03-08T00:58:23.546+0700] {logging_mixin.py:190} INFO - [2025-03-08T00:58:23.540+0700] {dagbag.py:588} INFO - Filling up the DagBag from /home/dataengineer/.pyenv/versions/3.9.21/lib/python3.9/site-packages/airflow/example_dags/example_dynamic_task_mapping.py
[2025-03-08T00:58:23.561+0700] {processor.py:925} INFO - DAG(s) 'example_dynamic_task_mapping' retrieved from /home/dataengineer/.pyenv/versions/3.9.21/lib/python3.9/site-packages/airflow/example_dags/example_dynamic_task_mapping.py
[2025-03-08T00:58:23.583+0700] {logging_mixin.py:190} INFO - [2025-03-08T00:58:23.582+0700] {dag.py:3239} INFO - Sync 1 DAGs
[2025-03-08T00:58:23.595+0700] {logging_mixin.py:190} INFO - [2025-03-08T00:58:23.595+0700] {dag.py:4180} INFO - Setting next_dagrun for example_dynamic_task_mapping to None, run_after=None
[2025-03-08T00:58:23.615+0700] {processor.py:208} INFO - Processing /home/dataengineer/.pyenv/versions/3.9.21/lib/python3.9/site-packages/airflow/example_dags/example_dynamic_task_mapping.py took 0.097 seconds
[2025-03-08T00:59:25.923+0700] {processor.py:186} INFO - Started process (PID=37608) to work on /home/dataengineer/.pyenv/versions/3.9.21/lib/python3.9/site-packages/airflow/example_dags/example_dynamic_task_mapping.py
[2025-03-08T00:59:25.924+0700] {processor.py:914} INFO - Processing file /home/dataengineer/.pyenv/versions/3.9.21/lib/python3.9/site-packages/airflow/example_dags/example_dynamic_task_mapping.py for tasks to queue
[2025-03-08T00:59:25.926+0700] {logging_mixin.py:190} INFO - [2025-03-08T00:59:25.926+0700] {dagbag.py:588} INFO - Filling up the DagBag from /home/dataengineer/.pyenv/versions/3.9.21/lib/python3.9/site-packages/airflow/example_dags/example_dynamic_task_mapping.py
[2025-03-08T00:59:25.933+0700] {processor.py:925} INFO - DAG(s) 'example_dynamic_task_mapping' retrieved from /home/dataengineer/.pyenv/versions/3.9.21/lib/python3.9/site-packages/airflow/example_dags/example_dynamic_task_mapping.py
[2025-03-08T00:59:25.945+0700] {logging_mixin.py:190} INFO - [2025-03-08T00:59:25.945+0700] {dag.py:3239} INFO - Sync 1 DAGs
[2025-03-08T00:59:25.957+0700] {logging_mixin.py:190} INFO - [2025-03-08T00:59:25.956+0700] {dag.py:4180} INFO - Setting next_dagrun for example_dynamic_task_mapping to None, run_after=None
[2025-03-08T00:59:25.974+0700] {processor.py:208} INFO - Processing /home/dataengineer/.pyenv/versions/3.9.21/lib/python3.9/site-packages/airflow/example_dags/example_dynamic_task_mapping.py took 0.056 seconds
[2025-03-08T01:00:27.613+0700] {processor.py:186} INFO - Started process (PID=38036) to work on /home/dataengineer/.pyenv/versions/3.9.21/lib/python3.9/site-packages/airflow/example_dags/example_dynamic_task_mapping.py
[2025-03-08T01:00:27.614+0700] {processor.py:914} INFO - Processing file /home/dataengineer/.pyenv/versions/3.9.21/lib/python3.9/site-packages/airflow/example_dags/example_dynamic_task_mapping.py for tasks to queue
[2025-03-08T01:00:27.616+0700] {logging_mixin.py:190} INFO - [2025-03-08T01:00:27.616+0700] {dagbag.py:588} INFO - Filling up the DagBag from /home/dataengineer/.pyenv/versions/3.9.21/lib/python3.9/site-packages/airflow/example_dags/example_dynamic_task_mapping.py
[2025-03-08T01:00:27.623+0700] {processor.py:925} INFO - DAG(s) 'example_dynamic_task_mapping' retrieved from /home/dataengineer/.pyenv/versions/3.9.21/lib/python3.9/site-packages/airflow/example_dags/example_dynamic_task_mapping.py
[2025-03-08T01:00:27.635+0700] {logging_mixin.py:190} INFO - [2025-03-08T01:00:27.635+0700] {dag.py:3239} INFO - Sync 1 DAGs
[2025-03-08T01:00:27.646+0700] {logging_mixin.py:190} INFO - [2025-03-08T01:00:27.646+0700] {dag.py:4180} INFO - Setting next_dagrun for example_dynamic_task_mapping to None, run_after=None
[2025-03-08T01:00:27.664+0700] {processor.py:208} INFO - Processing /home/dataengineer/.pyenv/versions/3.9.21/lib/python3.9/site-packages/airflow/example_dags/example_dynamic_task_mapping.py took 0.057 seconds
[2025-03-08T01:01:29.206+0700] {processor.py:186} INFO - Started process (PID=38495) to work on /home/dataengineer/.pyenv/versions/3.9.21/lib/python3.9/site-packages/airflow/example_dags/example_dynamic_task_mapping.py
[2025-03-08T01:01:29.207+0700] {processor.py:914} INFO - Processing file /home/dataengineer/.pyenv/versions/3.9.21/lib/python3.9/site-packages/airflow/example_dags/example_dynamic_task_mapping.py for tasks to queue
[2025-03-08T01:01:29.210+0700] {logging_mixin.py:190} INFO - [2025-03-08T01:01:29.209+0700] {dagbag.py:588} INFO - Filling up the DagBag from /home/dataengineer/.pyenv/versions/3.9.21/lib/python3.9/site-packages/airflow/example_dags/example_dynamic_task_mapping.py
[2025-03-08T01:01:29.217+0700] {processor.py:925} INFO - DAG(s) 'example_dynamic_task_mapping' retrieved from /home/dataengineer/.pyenv/versions/3.9.21/lib/python3.9/site-packages/airflow/example_dags/example_dynamic_task_mapping.py
[2025-03-08T01:01:29.229+0700] {logging_mixin.py:190} INFO - [2025-03-08T01:01:29.229+0700] {dag.py:3239} INFO - Sync 1 DAGs
[2025-03-08T01:01:29.240+0700] {logging_mixin.py:190} INFO - [2025-03-08T01:01:29.240+0700] {dag.py:4180} INFO - Setting next_dagrun for example_dynamic_task_mapping to None, run_after=None
[2025-03-08T01:01:29.262+0700] {processor.py:208} INFO - Processing /home/dataengineer/.pyenv/versions/3.9.21/lib/python3.9/site-packages/airflow/example_dags/example_dynamic_task_mapping.py took 0.061 seconds
[2025-03-08T01:02:29.836+0700] {processor.py:186} INFO - Started process (PID=38994) to work on /home/dataengineer/.pyenv/versions/3.9.21/lib/python3.9/site-packages/airflow/example_dags/example_dynamic_task_mapping.py
[2025-03-08T01:02:29.838+0700] {processor.py:914} INFO - Processing file /home/dataengineer/.pyenv/versions/3.9.21/lib/python3.9/site-packages/airflow/example_dags/example_dynamic_task_mapping.py for tasks to queue
[2025-03-08T01:02:29.841+0700] {logging_mixin.py:190} INFO - [2025-03-08T01:02:29.840+0700] {dagbag.py:588} INFO - Filling up the DagBag from /home/dataengineer/.pyenv/versions/3.9.21/lib/python3.9/site-packages/airflow/example_dags/example_dynamic_task_mapping.py
[2025-03-08T01:02:29.848+0700] {processor.py:925} INFO - DAG(s) 'example_dynamic_task_mapping' retrieved from /home/dataengineer/.pyenv/versions/3.9.21/lib/python3.9/site-packages/airflow/example_dags/example_dynamic_task_mapping.py
[2025-03-08T01:02:29.862+0700] {logging_mixin.py:190} INFO - [2025-03-08T01:02:29.862+0700] {dag.py:3239} INFO - Sync 1 DAGs
[2025-03-08T01:02:29.875+0700] {logging_mixin.py:190} INFO - [2025-03-08T01:02:29.874+0700] {dag.py:4180} INFO - Setting next_dagrun for example_dynamic_task_mapping to None, run_after=None
[2025-03-08T01:02:29.896+0700] {processor.py:208} INFO - Processing /home/dataengineer/.pyenv/versions/3.9.21/lib/python3.9/site-packages/airflow/example_dags/example_dynamic_task_mapping.py took 0.065 seconds
[2025-03-08T01:03:31.304+0700] {processor.py:186} INFO - Started process (PID=39684) to work on /home/dataengineer/.pyenv/versions/3.9.21/lib/python3.9/site-packages/airflow/example_dags/example_dynamic_task_mapping.py
[2025-03-08T01:03:31.305+0700] {processor.py:914} INFO - Processing file /home/dataengineer/.pyenv/versions/3.9.21/lib/python3.9/site-packages/airflow/example_dags/example_dynamic_task_mapping.py for tasks to queue
[2025-03-08T01:03:31.307+0700] {logging_mixin.py:190} INFO - [2025-03-08T01:03:31.307+0700] {dagbag.py:588} INFO - Filling up the DagBag from /home/dataengineer/.pyenv/versions/3.9.21/lib/python3.9/site-packages/airflow/example_dags/example_dynamic_task_mapping.py
[2025-03-08T01:03:31.315+0700] {processor.py:925} INFO - DAG(s) 'example_dynamic_task_mapping' retrieved from /home/dataengineer/.pyenv/versions/3.9.21/lib/python3.9/site-packages/airflow/example_dags/example_dynamic_task_mapping.py
[2025-03-08T01:03:31.329+0700] {logging_mixin.py:190} INFO - [2025-03-08T01:03:31.329+0700] {dag.py:3239} INFO - Sync 1 DAGs
[2025-03-08T01:03:31.342+0700] {logging_mixin.py:190} INFO - [2025-03-08T01:03:31.341+0700] {dag.py:4180} INFO - Setting next_dagrun for example_dynamic_task_mapping to None, run_after=None
[2025-03-08T01:03:31.362+0700] {processor.py:208} INFO - Processing /home/dataengineer/.pyenv/versions/3.9.21/lib/python3.9/site-packages/airflow/example_dags/example_dynamic_task_mapping.py took 0.064 seconds
[2025-03-08T01:04:31.825+0700] {processor.py:186} INFO - Started process (PID=41294) to work on /home/dataengineer/.pyenv/versions/3.9.21/lib/python3.9/site-packages/airflow/example_dags/example_dynamic_task_mapping.py
[2025-03-08T01:04:31.826+0700] {processor.py:914} INFO - Processing file /home/dataengineer/.pyenv/versions/3.9.21/lib/python3.9/site-packages/airflow/example_dags/example_dynamic_task_mapping.py for tasks to queue
[2025-03-08T01:04:31.828+0700] {logging_mixin.py:190} INFO - [2025-03-08T01:04:31.828+0700] {dagbag.py:588} INFO - Filling up the DagBag from /home/dataengineer/.pyenv/versions/3.9.21/lib/python3.9/site-packages/airflow/example_dags/example_dynamic_task_mapping.py
[2025-03-08T01:04:31.836+0700] {processor.py:925} INFO - DAG(s) 'example_dynamic_task_mapping' retrieved from /home/dataengineer/.pyenv/versions/3.9.21/lib/python3.9/site-packages/airflow/example_dags/example_dynamic_task_mapping.py
[2025-03-08T01:04:31.850+0700] {logging_mixin.py:190} INFO - [2025-03-08T01:04:31.850+0700] {dag.py:3239} INFO - Sync 1 DAGs
[2025-03-08T01:04:31.862+0700] {logging_mixin.py:190} INFO - [2025-03-08T01:04:31.861+0700] {dag.py:4180} INFO - Setting next_dagrun for example_dynamic_task_mapping to None, run_after=None
[2025-03-08T01:04:31.880+0700] {processor.py:208} INFO - Processing /home/dataengineer/.pyenv/versions/3.9.21/lib/python3.9/site-packages/airflow/example_dags/example_dynamic_task_mapping.py took 0.060 seconds
[2025-03-08T02:29:52.387+0700] {processor.py:186} INFO - Started process (PID=67799) to work on /home/dataengineer/.pyenv/versions/3.9.21/lib/python3.9/site-packages/airflow/example_dags/example_dynamic_task_mapping.py
[2025-03-08T02:29:52.388+0700] {processor.py:914} INFO - Processing file /home/dataengineer/.pyenv/versions/3.9.21/lib/python3.9/site-packages/airflow/example_dags/example_dynamic_task_mapping.py for tasks to queue
[2025-03-08T02:29:52.391+0700] {logging_mixin.py:190} INFO - [2025-03-08T02:29:52.391+0700] {dagbag.py:588} INFO - Filling up the DagBag from /home/dataengineer/.pyenv/versions/3.9.21/lib/python3.9/site-packages/airflow/example_dags/example_dynamic_task_mapping.py
[2025-03-08T02:29:52.401+0700] {processor.py:925} INFO - DAG(s) 'example_dynamic_task_mapping' retrieved from /home/dataengineer/.pyenv/versions/3.9.21/lib/python3.9/site-packages/airflow/example_dags/example_dynamic_task_mapping.py
[2025-03-08T02:29:52.420+0700] {logging_mixin.py:190} INFO - [2025-03-08T02:29:52.420+0700] {dag.py:3239} INFO - Sync 1 DAGs
[2025-03-08T02:29:52.439+0700] {logging_mixin.py:190} INFO - [2025-03-08T02:29:52.439+0700] {dag.py:4180} INFO - Setting next_dagrun for example_dynamic_task_mapping to None, run_after=None
[2025-03-08T02:29:52.462+0700] {processor.py:208} INFO - Processing /home/dataengineer/.pyenv/versions/3.9.21/lib/python3.9/site-packages/airflow/example_dags/example_dynamic_task_mapping.py took 0.081 seconds
[2025-03-08T02:30:49.449+0700] {processor.py:186} INFO - Started process (PID=68138) to work on /home/dataengineer/.pyenv/versions/3.9.21/lib/python3.9/site-packages/airflow/example_dags/example_dynamic_task_mapping.py
[2025-03-08T02:30:49.450+0700] {processor.py:914} INFO - Processing file /home/dataengineer/.pyenv/versions/3.9.21/lib/python3.9/site-packages/airflow/example_dags/example_dynamic_task_mapping.py for tasks to queue
[2025-03-08T02:30:49.451+0700] {logging_mixin.py:190} INFO - [2025-03-08T02:30:49.451+0700] {dagbag.py:588} INFO - Filling up the DagBag from /home/dataengineer/.pyenv/versions/3.9.21/lib/python3.9/site-packages/airflow/example_dags/example_dynamic_task_mapping.py
[2025-03-08T02:30:49.460+0700] {processor.py:925} INFO - DAG(s) 'example_dynamic_task_mapping' retrieved from /home/dataengineer/.pyenv/versions/3.9.21/lib/python3.9/site-packages/airflow/example_dags/example_dynamic_task_mapping.py
[2025-03-08T02:30:49.475+0700] {logging_mixin.py:190} INFO - [2025-03-08T02:30:49.474+0700] {dag.py:3239} INFO - Sync 1 DAGs
[2025-03-08T02:30:49.487+0700] {logging_mixin.py:190} INFO - [2025-03-08T02:30:49.487+0700] {dag.py:4180} INFO - Setting next_dagrun for example_dynamic_task_mapping to None, run_after=None
[2025-03-08T02:30:49.505+0700] {processor.py:208} INFO - Processing /home/dataengineer/.pyenv/versions/3.9.21/lib/python3.9/site-packages/airflow/example_dags/example_dynamic_task_mapping.py took 0.061 seconds
[2025-03-08T02:32:10.617+0700] {processor.py:186} INFO - Started process (PID=68982) to work on /home/dataengineer/.pyenv/versions/3.9.21/lib/python3.9/site-packages/airflow/example_dags/example_dynamic_task_mapping.py
[2025-03-08T02:32:10.618+0700] {processor.py:914} INFO - Processing file /home/dataengineer/.pyenv/versions/3.9.21/lib/python3.9/site-packages/airflow/example_dags/example_dynamic_task_mapping.py for tasks to queue
[2025-03-08T02:32:10.619+0700] {logging_mixin.py:190} INFO - [2025-03-08T02:32:10.618+0700] {dagbag.py:588} INFO - Filling up the DagBag from /home/dataengineer/.pyenv/versions/3.9.21/lib/python3.9/site-packages/airflow/example_dags/example_dynamic_task_mapping.py
[2025-03-08T02:32:10.628+0700] {processor.py:925} INFO - DAG(s) 'example_dynamic_task_mapping' retrieved from /home/dataengineer/.pyenv/versions/3.9.21/lib/python3.9/site-packages/airflow/example_dags/example_dynamic_task_mapping.py
[2025-03-08T02:32:10.640+0700] {logging_mixin.py:190} INFO - [2025-03-08T02:32:10.639+0700] {dag.py:3239} INFO - Sync 1 DAGs
[2025-03-08T02:32:10.651+0700] {logging_mixin.py:190} INFO - [2025-03-08T02:32:10.651+0700] {dag.py:4180} INFO - Setting next_dagrun for example_dynamic_task_mapping to None, run_after=None
[2025-03-08T02:32:10.669+0700] {processor.py:208} INFO - Processing /home/dataengineer/.pyenv/versions/3.9.21/lib/python3.9/site-packages/airflow/example_dags/example_dynamic_task_mapping.py took 0.058 seconds
[2025-03-08T02:33:09.186+0700] {processor.py:186} INFO - Started process (PID=69237) to work on /home/dataengineer/.pyenv/versions/3.9.21/lib/python3.9/site-packages/airflow/example_dags/example_dynamic_task_mapping.py
[2025-03-08T02:33:09.188+0700] {processor.py:914} INFO - Processing file /home/dataengineer/.pyenv/versions/3.9.21/lib/python3.9/site-packages/airflow/example_dags/example_dynamic_task_mapping.py for tasks to queue
[2025-03-08T02:33:09.189+0700] {logging_mixin.py:190} INFO - [2025-03-08T02:33:09.189+0700] {dagbag.py:588} INFO - Filling up the DagBag from /home/dataengineer/.pyenv/versions/3.9.21/lib/python3.9/site-packages/airflow/example_dags/example_dynamic_task_mapping.py
[2025-03-08T02:33:09.202+0700] {processor.py:925} INFO - DAG(s) 'example_dynamic_task_mapping' retrieved from /home/dataengineer/.pyenv/versions/3.9.21/lib/python3.9/site-packages/airflow/example_dags/example_dynamic_task_mapping.py
[2025-03-08T02:33:09.217+0700] {logging_mixin.py:190} INFO - [2025-03-08T02:33:09.216+0700] {dag.py:3239} INFO - Sync 1 DAGs
[2025-03-08T02:33:09.229+0700] {logging_mixin.py:190} INFO - [2025-03-08T02:33:09.229+0700] {dag.py:4180} INFO - Setting next_dagrun for example_dynamic_task_mapping to None, run_after=None
[2025-03-08T02:33:09.249+0700] {processor.py:208} INFO - Processing /home/dataengineer/.pyenv/versions/3.9.21/lib/python3.9/site-packages/airflow/example_dags/example_dynamic_task_mapping.py took 0.069 seconds
[2025-03-08T02:35:15.108+0700] {processor.py:186} INFO - Started process (PID=70479) to work on /home/dataengineer/.pyenv/versions/3.9.21/lib/python3.9/site-packages/airflow/example_dags/example_dynamic_task_mapping.py
[2025-03-08T02:35:15.109+0700] {processor.py:914} INFO - Processing file /home/dataengineer/.pyenv/versions/3.9.21/lib/python3.9/site-packages/airflow/example_dags/example_dynamic_task_mapping.py for tasks to queue
[2025-03-08T02:35:15.111+0700] {logging_mixin.py:190} INFO - [2025-03-08T02:35:15.110+0700] {dagbag.py:588} INFO - Filling up the DagBag from /home/dataengineer/.pyenv/versions/3.9.21/lib/python3.9/site-packages/airflow/example_dags/example_dynamic_task_mapping.py
[2025-03-08T02:35:15.118+0700] {processor.py:925} INFO - DAG(s) 'example_dynamic_task_mapping' retrieved from /home/dataengineer/.pyenv/versions/3.9.21/lib/python3.9/site-packages/airflow/example_dags/example_dynamic_task_mapping.py
[2025-03-08T02:35:15.133+0700] {logging_mixin.py:190} INFO - [2025-03-08T02:35:15.133+0700] {dag.py:3239} INFO - Sync 1 DAGs
[2025-03-08T02:35:15.145+0700] {logging_mixin.py:190} INFO - [2025-03-08T02:35:15.145+0700] {dag.py:4180} INFO - Setting next_dagrun for example_dynamic_task_mapping to None, run_after=None
[2025-03-08T02:35:15.166+0700] {processor.py:208} INFO - Processing /home/dataengineer/.pyenv/versions/3.9.21/lib/python3.9/site-packages/airflow/example_dags/example_dynamic_task_mapping.py took 0.065 seconds
[2025-03-08T02:36:15.987+0700] {processor.py:186} INFO - Started process (PID=70904) to work on /home/dataengineer/.pyenv/versions/3.9.21/lib/python3.9/site-packages/airflow/example_dags/example_dynamic_task_mapping.py
[2025-03-08T02:36:15.988+0700] {processor.py:914} INFO - Processing file /home/dataengineer/.pyenv/versions/3.9.21/lib/python3.9/site-packages/airflow/example_dags/example_dynamic_task_mapping.py for tasks to queue
[2025-03-08T02:36:15.990+0700] {logging_mixin.py:190} INFO - [2025-03-08T02:36:15.990+0700] {dagbag.py:588} INFO - Filling up the DagBag from /home/dataengineer/.pyenv/versions/3.9.21/lib/python3.9/site-packages/airflow/example_dags/example_dynamic_task_mapping.py
[2025-03-08T02:36:15.997+0700] {processor.py:925} INFO - DAG(s) 'example_dynamic_task_mapping' retrieved from /home/dataengineer/.pyenv/versions/3.9.21/lib/python3.9/site-packages/airflow/example_dags/example_dynamic_task_mapping.py
[2025-03-08T02:36:16.013+0700] {logging_mixin.py:190} INFO - [2025-03-08T02:36:16.013+0700] {dag.py:3239} INFO - Sync 1 DAGs
[2025-03-08T02:36:16.024+0700] {logging_mixin.py:190} INFO - [2025-03-08T02:36:16.024+0700] {dag.py:4180} INFO - Setting next_dagrun for example_dynamic_task_mapping to None, run_after=None
[2025-03-08T02:36:16.042+0700] {processor.py:208} INFO - Processing /home/dataengineer/.pyenv/versions/3.9.21/lib/python3.9/site-packages/airflow/example_dags/example_dynamic_task_mapping.py took 0.061 seconds
[2025-03-08T02:37:17.229+0700] {processor.py:186} INFO - Started process (PID=71352) to work on /home/dataengineer/.pyenv/versions/3.9.21/lib/python3.9/site-packages/airflow/example_dags/example_dynamic_task_mapping.py
[2025-03-08T02:37:17.230+0700] {processor.py:914} INFO - Processing file /home/dataengineer/.pyenv/versions/3.9.21/lib/python3.9/site-packages/airflow/example_dags/example_dynamic_task_mapping.py for tasks to queue
[2025-03-08T02:37:17.233+0700] {logging_mixin.py:190} INFO - [2025-03-08T02:37:17.232+0700] {dagbag.py:588} INFO - Filling up the DagBag from /home/dataengineer/.pyenv/versions/3.9.21/lib/python3.9/site-packages/airflow/example_dags/example_dynamic_task_mapping.py
[2025-03-08T02:37:17.240+0700] {processor.py:925} INFO - DAG(s) 'example_dynamic_task_mapping' retrieved from /home/dataengineer/.pyenv/versions/3.9.21/lib/python3.9/site-packages/airflow/example_dags/example_dynamic_task_mapping.py
[2025-03-08T02:37:17.253+0700] {logging_mixin.py:190} INFO - [2025-03-08T02:37:17.252+0700] {dag.py:3239} INFO - Sync 1 DAGs
[2025-03-08T02:37:17.264+0700] {logging_mixin.py:190} INFO - [2025-03-08T02:37:17.264+0700] {dag.py:4180} INFO - Setting next_dagrun for example_dynamic_task_mapping to None, run_after=None
[2025-03-08T02:37:17.282+0700] {processor.py:208} INFO - Processing /home/dataengineer/.pyenv/versions/3.9.21/lib/python3.9/site-packages/airflow/example_dags/example_dynamic_task_mapping.py took 0.058 seconds
[2025-03-08T02:39:22.929+0700] {processor.py:186} INFO - Started process (PID=72540) to work on /home/dataengineer/.pyenv/versions/3.9.21/lib/python3.9/site-packages/airflow/example_dags/example_dynamic_task_mapping.py
[2025-03-08T02:39:22.934+0700] {processor.py:914} INFO - Processing file /home/dataengineer/.pyenv/versions/3.9.21/lib/python3.9/site-packages/airflow/example_dags/example_dynamic_task_mapping.py for tasks to queue
[2025-03-08T02:39:22.937+0700] {logging_mixin.py:190} INFO - [2025-03-08T02:39:22.937+0700] {dagbag.py:588} INFO - Filling up the DagBag from /home/dataengineer/.pyenv/versions/3.9.21/lib/python3.9/site-packages/airflow/example_dags/example_dynamic_task_mapping.py
[2025-03-08T02:39:22.963+0700] {processor.py:925} INFO - DAG(s) 'example_dynamic_task_mapping' retrieved from /home/dataengineer/.pyenv/versions/3.9.21/lib/python3.9/site-packages/airflow/example_dags/example_dynamic_task_mapping.py
[2025-03-08T02:39:23.019+0700] {logging_mixin.py:190} INFO - [2025-03-08T02:39:23.007+0700] {dag.py:3239} INFO - Sync 1 DAGs
[2025-03-08T02:39:23.047+0700] {logging_mixin.py:190} INFO - [2025-03-08T02:39:23.047+0700] {dag.py:4180} INFO - Setting next_dagrun for example_dynamic_task_mapping to None, run_after=None
[2025-03-08T02:39:23.100+0700] {processor.py:208} INFO - Processing /home/dataengineer/.pyenv/versions/3.9.21/lib/python3.9/site-packages/airflow/example_dags/example_dynamic_task_mapping.py took 0.182 seconds
