[2025-03-08T00:56:33.318+0700] {processor.py:186} INFO - Started process (PID=36246) to work on /home/dataengineer/.pyenv/versions/3.9.21/lib/python3.9/site-packages/airflow/example_dags/example_skip_dag.py
[2025-03-08T00:56:33.319+0700] {processor.py:914} INFO - Processing file /home/dataengineer/.pyenv/versions/3.9.21/lib/python3.9/site-packages/airflow/example_dags/example_skip_dag.py for tasks to queue
[2025-03-08T00:56:33.321+0700] {logging_mixin.py:190} INFO - [2025-03-08T00:56:33.321+0700] {dagbag.py:588} INFO - Filling up the DagBag from /home/dataengineer/.pyenv/versions/3.9.21/lib/python3.9/site-packages/airflow/example_dags/example_skip_dag.py
[2025-03-08T00:56:33.330+0700] {processor.py:925} INFO - DAG(s) 'example_skip_dag' retrieved from /home/dataengineer/.pyenv/versions/3.9.21/lib/python3.9/site-packages/airflow/example_dags/example_skip_dag.py
[2025-03-08T00:56:33.352+0700] {logging_mixin.py:190} INFO - [2025-03-08T00:56:33.352+0700] {dag.py:3239} INFO - Sync 1 DAGs
[2025-03-08T00:56:33.371+0700] {logging_mixin.py:190} INFO - [2025-03-08T00:56:33.371+0700] {dag.py:4180} INFO - Setting next_dagrun for example_skip_dag to 2025-03-06 00:00:00+00:00, run_after=2025-03-07 00:00:00+00:00
[2025-03-08T00:56:33.410+0700] {processor.py:208} INFO - Processing /home/dataengineer/.pyenv/versions/3.9.21/lib/python3.9/site-packages/airflow/example_dags/example_skip_dag.py took 0.098 seconds
[2025-03-08T00:57:38.843+0700] {processor.py:186} INFO - Started process (PID=36904) to work on /home/dataengineer/.pyenv/versions/3.9.21/lib/python3.9/site-packages/airflow/example_dags/example_skip_dag.py
[2025-03-08T00:57:38.844+0700] {processor.py:914} INFO - Processing file /home/dataengineer/.pyenv/versions/3.9.21/lib/python3.9/site-packages/airflow/example_dags/example_skip_dag.py for tasks to queue
[2025-03-08T00:57:38.847+0700] {logging_mixin.py:190} INFO - [2025-03-08T00:57:38.847+0700] {dagbag.py:588} INFO - Filling up the DagBag from /home/dataengineer/.pyenv/versions/3.9.21/lib/python3.9/site-packages/airflow/example_dags/example_skip_dag.py
[2025-03-08T00:57:38.861+0700] {processor.py:925} INFO - DAG(s) 'example_skip_dag' retrieved from /home/dataengineer/.pyenv/versions/3.9.21/lib/python3.9/site-packages/airflow/example_dags/example_skip_dag.py
[2025-03-08T00:57:38.890+0700] {logging_mixin.py:190} INFO - [2025-03-08T00:57:38.890+0700] {dag.py:3239} INFO - Sync 1 DAGs
[2025-03-08T00:57:38.931+0700] {logging_mixin.py:190} INFO - [2025-03-08T00:57:38.931+0700] {dag.py:4180} INFO - Setting next_dagrun for example_skip_dag to 2025-03-06 00:00:00+00:00, run_after=2025-03-07 00:00:00+00:00
[2025-03-08T00:57:38.962+0700] {processor.py:208} INFO - Processing /home/dataengineer/.pyenv/versions/3.9.21/lib/python3.9/site-packages/airflow/example_dags/example_skip_dag.py took 0.129 seconds
[2025-03-08T00:58:40.856+0700] {processor.py:186} INFO - Started process (PID=37428) to work on /home/dataengineer/.pyenv/versions/3.9.21/lib/python3.9/site-packages/airflow/example_dags/example_skip_dag.py
[2025-03-08T00:58:40.857+0700] {processor.py:914} INFO - Processing file /home/dataengineer/.pyenv/versions/3.9.21/lib/python3.9/site-packages/airflow/example_dags/example_skip_dag.py for tasks to queue
[2025-03-08T00:58:40.860+0700] {logging_mixin.py:190} INFO - [2025-03-08T00:58:40.860+0700] {dagbag.py:588} INFO - Filling up the DagBag from /home/dataengineer/.pyenv/versions/3.9.21/lib/python3.9/site-packages/airflow/example_dags/example_skip_dag.py
[2025-03-08T00:58:40.871+0700] {processor.py:925} INFO - DAG(s) 'example_skip_dag' retrieved from /home/dataengineer/.pyenv/versions/3.9.21/lib/python3.9/site-packages/airflow/example_dags/example_skip_dag.py
[2025-03-08T00:58:40.891+0700] {logging_mixin.py:190} INFO - [2025-03-08T00:58:40.891+0700] {dag.py:3239} INFO - Sync 1 DAGs
[2025-03-08T00:58:40.911+0700] {logging_mixin.py:190} INFO - [2025-03-08T00:58:40.911+0700] {dag.py:4180} INFO - Setting next_dagrun for example_skip_dag to 2025-03-06 00:00:00+00:00, run_after=2025-03-07 00:00:00+00:00
[2025-03-08T00:58:40.933+0700] {processor.py:208} INFO - Processing /home/dataengineer/.pyenv/versions/3.9.21/lib/python3.9/site-packages/airflow/example_dags/example_skip_dag.py took 0.083 seconds
[2025-03-08T00:59:42.523+0700] {processor.py:186} INFO - Started process (PID=37855) to work on /home/dataengineer/.pyenv/versions/3.9.21/lib/python3.9/site-packages/airflow/example_dags/example_skip_dag.py
[2025-03-08T00:59:42.524+0700] {processor.py:914} INFO - Processing file /home/dataengineer/.pyenv/versions/3.9.21/lib/python3.9/site-packages/airflow/example_dags/example_skip_dag.py for tasks to queue
[2025-03-08T00:59:42.526+0700] {logging_mixin.py:190} INFO - [2025-03-08T00:59:42.526+0700] {dagbag.py:588} INFO - Filling up the DagBag from /home/dataengineer/.pyenv/versions/3.9.21/lib/python3.9/site-packages/airflow/example_dags/example_skip_dag.py
[2025-03-08T00:59:42.533+0700] {processor.py:925} INFO - DAG(s) 'example_skip_dag' retrieved from /home/dataengineer/.pyenv/versions/3.9.21/lib/python3.9/site-packages/airflow/example_dags/example_skip_dag.py
[2025-03-08T00:59:42.547+0700] {logging_mixin.py:190} INFO - [2025-03-08T00:59:42.547+0700] {dag.py:3239} INFO - Sync 1 DAGs
[2025-03-08T00:59:42.564+0700] {logging_mixin.py:190} INFO - [2025-03-08T00:59:42.564+0700] {dag.py:4180} INFO - Setting next_dagrun for example_skip_dag to 2025-03-06 00:00:00+00:00, run_after=2025-03-07 00:00:00+00:00
[2025-03-08T00:59:42.582+0700] {processor.py:208} INFO - Processing /home/dataengineer/.pyenv/versions/3.9.21/lib/python3.9/site-packages/airflow/example_dags/example_skip_dag.py took 0.064 seconds
[2025-03-08T01:00:43.049+0700] {processor.py:186} INFO - Started process (PID=38281) to work on /home/dataengineer/.pyenv/versions/3.9.21/lib/python3.9/site-packages/airflow/example_dags/example_skip_dag.py
[2025-03-08T01:00:43.050+0700] {processor.py:914} INFO - Processing file /home/dataengineer/.pyenv/versions/3.9.21/lib/python3.9/site-packages/airflow/example_dags/example_skip_dag.py for tasks to queue
[2025-03-08T01:00:43.052+0700] {logging_mixin.py:190} INFO - [2025-03-08T01:00:43.051+0700] {dagbag.py:588} INFO - Filling up the DagBag from /home/dataengineer/.pyenv/versions/3.9.21/lib/python3.9/site-packages/airflow/example_dags/example_skip_dag.py
[2025-03-08T01:00:43.061+0700] {processor.py:925} INFO - DAG(s) 'example_skip_dag' retrieved from /home/dataengineer/.pyenv/versions/3.9.21/lib/python3.9/site-packages/airflow/example_dags/example_skip_dag.py
[2025-03-08T01:00:43.077+0700] {logging_mixin.py:190} INFO - [2025-03-08T01:00:43.077+0700] {dag.py:3239} INFO - Sync 1 DAGs
[2025-03-08T01:00:43.095+0700] {logging_mixin.py:190} INFO - [2025-03-08T01:00:43.095+0700] {dag.py:4180} INFO - Setting next_dagrun for example_skip_dag to 2025-03-06 00:00:00+00:00, run_after=2025-03-07 00:00:00+00:00
[2025-03-08T01:00:43.113+0700] {processor.py:208} INFO - Processing /home/dataengineer/.pyenv/versions/3.9.21/lib/python3.9/site-packages/airflow/example_dags/example_skip_dag.py took 0.070 seconds
[2025-03-08T01:01:45.920+0700] {processor.py:186} INFO - Started process (PID=38742) to work on /home/dataengineer/.pyenv/versions/3.9.21/lib/python3.9/site-packages/airflow/example_dags/example_skip_dag.py
[2025-03-08T01:01:45.922+0700] {processor.py:914} INFO - Processing file /home/dataengineer/.pyenv/versions/3.9.21/lib/python3.9/site-packages/airflow/example_dags/example_skip_dag.py for tasks to queue
[2025-03-08T01:01:45.923+0700] {logging_mixin.py:190} INFO - [2025-03-08T01:01:45.923+0700] {dagbag.py:588} INFO - Filling up the DagBag from /home/dataengineer/.pyenv/versions/3.9.21/lib/python3.9/site-packages/airflow/example_dags/example_skip_dag.py
[2025-03-08T01:01:45.933+0700] {processor.py:925} INFO - DAG(s) 'example_skip_dag' retrieved from /home/dataengineer/.pyenv/versions/3.9.21/lib/python3.9/site-packages/airflow/example_dags/example_skip_dag.py
[2025-03-08T01:01:45.949+0700] {logging_mixin.py:190} INFO - [2025-03-08T01:01:45.949+0700] {dag.py:3239} INFO - Sync 1 DAGs
[2025-03-08T01:01:45.968+0700] {logging_mixin.py:190} INFO - [2025-03-08T01:01:45.968+0700] {dag.py:4180} INFO - Setting next_dagrun for example_skip_dag to 2025-03-06 00:00:00+00:00, run_after=2025-03-07 00:00:00+00:00
[2025-03-08T01:01:45.991+0700] {processor.py:208} INFO - Processing /home/dataengineer/.pyenv/versions/3.9.21/lib/python3.9/site-packages/airflow/example_dags/example_skip_dag.py took 0.076 seconds
[2025-03-08T01:02:47.444+0700] {processor.py:186} INFO - Started process (PID=39251) to work on /home/dataengineer/.pyenv/versions/3.9.21/lib/python3.9/site-packages/airflow/example_dags/example_skip_dag.py
[2025-03-08T01:02:47.445+0700] {processor.py:914} INFO - Processing file /home/dataengineer/.pyenv/versions/3.9.21/lib/python3.9/site-packages/airflow/example_dags/example_skip_dag.py for tasks to queue
[2025-03-08T01:02:47.447+0700] {logging_mixin.py:190} INFO - [2025-03-08T01:02:47.447+0700] {dagbag.py:588} INFO - Filling up the DagBag from /home/dataengineer/.pyenv/versions/3.9.21/lib/python3.9/site-packages/airflow/example_dags/example_skip_dag.py
[2025-03-08T01:02:47.455+0700] {processor.py:925} INFO - DAG(s) 'example_skip_dag' retrieved from /home/dataengineer/.pyenv/versions/3.9.21/lib/python3.9/site-packages/airflow/example_dags/example_skip_dag.py
[2025-03-08T01:02:47.470+0700] {logging_mixin.py:190} INFO - [2025-03-08T01:02:47.470+0700] {dag.py:3239} INFO - Sync 1 DAGs
[2025-03-08T01:02:47.491+0700] {logging_mixin.py:190} INFO - [2025-03-08T01:02:47.491+0700] {dag.py:4180} INFO - Setting next_dagrun for example_skip_dag to 2025-03-06 00:00:00+00:00, run_after=2025-03-07 00:00:00+00:00
[2025-03-08T01:02:47.512+0700] {processor.py:208} INFO - Processing /home/dataengineer/.pyenv/versions/3.9.21/lib/python3.9/site-packages/airflow/example_dags/example_skip_dag.py took 0.074 seconds
[2025-03-08T01:03:47.885+0700] {processor.py:186} INFO - Started process (PID=40031) to work on /home/dataengineer/.pyenv/versions/3.9.21/lib/python3.9/site-packages/airflow/example_dags/example_skip_dag.py
[2025-03-08T01:03:47.886+0700] {processor.py:914} INFO - Processing file /home/dataengineer/.pyenv/versions/3.9.21/lib/python3.9/site-packages/airflow/example_dags/example_skip_dag.py for tasks to queue
[2025-03-08T01:03:47.888+0700] {logging_mixin.py:190} INFO - [2025-03-08T01:03:47.888+0700] {dagbag.py:588} INFO - Filling up the DagBag from /home/dataengineer/.pyenv/versions/3.9.21/lib/python3.9/site-packages/airflow/example_dags/example_skip_dag.py
[2025-03-08T01:03:47.896+0700] {processor.py:925} INFO - DAG(s) 'example_skip_dag' retrieved from /home/dataengineer/.pyenv/versions/3.9.21/lib/python3.9/site-packages/airflow/example_dags/example_skip_dag.py
[2025-03-08T01:03:47.911+0700] {logging_mixin.py:190} INFO - [2025-03-08T01:03:47.910+0700] {dag.py:3239} INFO - Sync 1 DAGs
[2025-03-08T01:03:47.929+0700] {logging_mixin.py:190} INFO - [2025-03-08T01:03:47.929+0700] {dag.py:4180} INFO - Setting next_dagrun for example_skip_dag to 2025-03-06 00:00:00+00:00, run_after=2025-03-07 00:00:00+00:00
[2025-03-08T01:03:47.949+0700] {processor.py:208} INFO - Processing /home/dataengineer/.pyenv/versions/3.9.21/lib/python3.9/site-packages/airflow/example_dags/example_skip_dag.py took 0.070 seconds
[2025-03-08T01:04:48.416+0700] {processor.py:186} INFO - Started process (PID=42014) to work on /home/dataengineer/.pyenv/versions/3.9.21/lib/python3.9/site-packages/airflow/example_dags/example_skip_dag.py
[2025-03-08T01:04:48.417+0700] {processor.py:914} INFO - Processing file /home/dataengineer/.pyenv/versions/3.9.21/lib/python3.9/site-packages/airflow/example_dags/example_skip_dag.py for tasks to queue
[2025-03-08T01:04:48.419+0700] {logging_mixin.py:190} INFO - [2025-03-08T01:04:48.419+0700] {dagbag.py:588} INFO - Filling up the DagBag from /home/dataengineer/.pyenv/versions/3.9.21/lib/python3.9/site-packages/airflow/example_dags/example_skip_dag.py
[2025-03-08T01:04:48.427+0700] {processor.py:925} INFO - DAG(s) 'example_skip_dag' retrieved from /home/dataengineer/.pyenv/versions/3.9.21/lib/python3.9/site-packages/airflow/example_dags/example_skip_dag.py
[2025-03-08T01:04:48.441+0700] {logging_mixin.py:190} INFO - [2025-03-08T01:04:48.441+0700] {dag.py:3239} INFO - Sync 1 DAGs
[2025-03-08T01:04:48.458+0700] {logging_mixin.py:190} INFO - [2025-03-08T01:04:48.458+0700] {dag.py:4180} INFO - Setting next_dagrun for example_skip_dag to 2025-03-06 00:00:00+00:00, run_after=2025-03-07 00:00:00+00:00
[2025-03-08T01:04:48.478+0700] {processor.py:208} INFO - Processing /home/dataengineer/.pyenv/versions/3.9.21/lib/python3.9/site-packages/airflow/example_dags/example_skip_dag.py took 0.067 seconds
[2025-03-08T02:20:09.090+0700] {processor.py:186} INFO - Started process (PID=63528) to work on /home/dataengineer/.pyenv/versions/3.9.21/lib/python3.9/site-packages/airflow/example_dags/example_skip_dag.py
[2025-03-08T02:20:09.092+0700] {processor.py:914} INFO - Processing file /home/dataengineer/.pyenv/versions/3.9.21/lib/python3.9/site-packages/airflow/example_dags/example_skip_dag.py for tasks to queue
[2025-03-08T02:20:09.094+0700] {logging_mixin.py:190} INFO - [2025-03-08T02:20:09.094+0700] {dagbag.py:588} INFO - Filling up the DagBag from /home/dataengineer/.pyenv/versions/3.9.21/lib/python3.9/site-packages/airflow/example_dags/example_skip_dag.py
[2025-03-08T02:20:09.103+0700] {processor.py:925} INFO - DAG(s) 'example_skip_dag' retrieved from /home/dataengineer/.pyenv/versions/3.9.21/lib/python3.9/site-packages/airflow/example_dags/example_skip_dag.py
[2025-03-08T02:20:09.124+0700] {logging_mixin.py:190} INFO - [2025-03-08T02:20:09.124+0700] {dag.py:3239} INFO - Sync 1 DAGs
[2025-03-08T02:20:09.144+0700] {logging_mixin.py:190} INFO - [2025-03-08T02:20:09.144+0700] {dag.py:4180} INFO - Setting next_dagrun for example_skip_dag to 2025-03-06 00:00:00+00:00, run_after=2025-03-07 00:00:00+00:00
[2025-03-08T02:20:09.165+0700] {processor.py:208} INFO - Processing /home/dataengineer/.pyenv/versions/3.9.21/lib/python3.9/site-packages/airflow/example_dags/example_skip_dag.py took 0.081 seconds
[2025-03-08T02:26:53.340+0700] {processor.py:186} INFO - Started process (PID=66424) to work on /home/dataengineer/.pyenv/versions/3.9.21/lib/python3.9/site-packages/airflow/example_dags/example_skip_dag.py
[2025-03-08T02:26:53.342+0700] {processor.py:914} INFO - Processing file /home/dataengineer/.pyenv/versions/3.9.21/lib/python3.9/site-packages/airflow/example_dags/example_skip_dag.py for tasks to queue
[2025-03-08T02:26:53.344+0700] {logging_mixin.py:190} INFO - [2025-03-08T02:26:53.344+0700] {dagbag.py:588} INFO - Filling up the DagBag from /home/dataengineer/.pyenv/versions/3.9.21/lib/python3.9/site-packages/airflow/example_dags/example_skip_dag.py
[2025-03-08T02:26:53.353+0700] {processor.py:925} INFO - DAG(s) 'example_skip_dag' retrieved from /home/dataengineer/.pyenv/versions/3.9.21/lib/python3.9/site-packages/airflow/example_dags/example_skip_dag.py
[2025-03-08T02:26:53.374+0700] {logging_mixin.py:190} INFO - [2025-03-08T02:26:53.374+0700] {dag.py:3239} INFO - Sync 1 DAGs
[2025-03-08T02:26:53.393+0700] {logging_mixin.py:190} INFO - [2025-03-08T02:26:53.393+0700] {dag.py:4180} INFO - Setting next_dagrun for example_skip_dag to 2025-03-06 00:00:00+00:00, run_after=2025-03-07 00:00:00+00:00
[2025-03-08T02:26:53.414+0700] {processor.py:208} INFO - Processing /home/dataengineer/.pyenv/versions/3.9.21/lib/python3.9/site-packages/airflow/example_dags/example_skip_dag.py took 0.080 seconds
[2025-03-08T02:29:07.315+0700] {processor.py:186} INFO - Started process (PID=67268) to work on /home/dataengineer/.pyenv/versions/3.9.21/lib/python3.9/site-packages/airflow/example_dags/example_skip_dag.py
[2025-03-08T02:29:07.324+0700] {processor.py:914} INFO - Processing file /home/dataengineer/.pyenv/versions/3.9.21/lib/python3.9/site-packages/airflow/example_dags/example_skip_dag.py for tasks to queue
[2025-03-08T02:29:07.326+0700] {logging_mixin.py:190} INFO - [2025-03-08T02:29:07.326+0700] {dagbag.py:588} INFO - Filling up the DagBag from /home/dataengineer/.pyenv/versions/3.9.21/lib/python3.9/site-packages/airflow/example_dags/example_skip_dag.py
[2025-03-08T02:29:07.343+0700] {processor.py:925} INFO - DAG(s) 'example_skip_dag' retrieved from /home/dataengineer/.pyenv/versions/3.9.21/lib/python3.9/site-packages/airflow/example_dags/example_skip_dag.py
[2025-03-08T02:29:07.395+0700] {logging_mixin.py:190} INFO - [2025-03-08T02:29:07.395+0700] {dag.py:3239} INFO - Sync 1 DAGs
[2025-03-08T02:29:07.457+0700] {logging_mixin.py:190} INFO - [2025-03-08T02:29:07.457+0700] {dag.py:4180} INFO - Setting next_dagrun for example_skip_dag to 2025-03-06 00:00:00+00:00, run_after=2025-03-07 00:00:00+00:00
[2025-03-08T02:29:07.579+0700] {processor.py:208} INFO - Processing /home/dataengineer/.pyenv/versions/3.9.21/lib/python3.9/site-packages/airflow/example_dags/example_skip_dag.py took 0.271 seconds
[2025-03-08T02:30:03.758+0700] {processor.py:186} INFO - Started process (PID=67874) to work on /home/dataengineer/.pyenv/versions/3.9.21/lib/python3.9/site-packages/airflow/example_dags/example_skip_dag.py
[2025-03-08T02:30:03.759+0700] {processor.py:914} INFO - Processing file /home/dataengineer/.pyenv/versions/3.9.21/lib/python3.9/site-packages/airflow/example_dags/example_skip_dag.py for tasks to queue
[2025-03-08T02:30:03.760+0700] {logging_mixin.py:190} INFO - [2025-03-08T02:30:03.760+0700] {dagbag.py:588} INFO - Filling up the DagBag from /home/dataengineer/.pyenv/versions/3.9.21/lib/python3.9/site-packages/airflow/example_dags/example_skip_dag.py
[2025-03-08T02:30:03.769+0700] {processor.py:925} INFO - DAG(s) 'example_skip_dag' retrieved from /home/dataengineer/.pyenv/versions/3.9.21/lib/python3.9/site-packages/airflow/example_dags/example_skip_dag.py
[2025-03-08T02:30:03.784+0700] {logging_mixin.py:190} INFO - [2025-03-08T02:30:03.784+0700] {dag.py:3239} INFO - Sync 1 DAGs
[2025-03-08T02:30:03.804+0700] {logging_mixin.py:190} INFO - [2025-03-08T02:30:03.803+0700] {dag.py:4180} INFO - Setting next_dagrun for example_skip_dag to 2025-03-06 00:00:00+00:00, run_after=2025-03-07 00:00:00+00:00
[2025-03-08T02:30:03.822+0700] {processor.py:208} INFO - Processing /home/dataengineer/.pyenv/versions/3.9.21/lib/python3.9/site-packages/airflow/example_dags/example_skip_dag.py took 0.070 seconds
[2025-03-08T02:30:57.417+0700] {processor.py:186} INFO - Started process (PID=68206) to work on /home/dataengineer/.pyenv/versions/3.9.21/lib/python3.9/site-packages/airflow/example_dags/example_skip_dag.py
[2025-03-08T02:30:57.418+0700] {processor.py:914} INFO - Processing file /home/dataengineer/.pyenv/versions/3.9.21/lib/python3.9/site-packages/airflow/example_dags/example_skip_dag.py for tasks to queue
[2025-03-08T02:30:57.419+0700] {logging_mixin.py:190} INFO - [2025-03-08T02:30:57.419+0700] {dagbag.py:588} INFO - Filling up the DagBag from /home/dataengineer/.pyenv/versions/3.9.21/lib/python3.9/site-packages/airflow/example_dags/example_skip_dag.py
[2025-03-08T02:30:57.427+0700] {processor.py:925} INFO - DAG(s) 'example_skip_dag' retrieved from /home/dataengineer/.pyenv/versions/3.9.21/lib/python3.9/site-packages/airflow/example_dags/example_skip_dag.py
[2025-03-08T02:30:57.441+0700] {logging_mixin.py:190} INFO - [2025-03-08T02:30:57.441+0700] {dag.py:3239} INFO - Sync 1 DAGs
[2025-03-08T02:30:57.458+0700] {logging_mixin.py:190} INFO - [2025-03-08T02:30:57.458+0700] {dag.py:4180} INFO - Setting next_dagrun for example_skip_dag to 2025-03-06 00:00:00+00:00, run_after=2025-03-07 00:00:00+00:00
[2025-03-08T02:30:57.477+0700] {processor.py:208} INFO - Processing /home/dataengineer/.pyenv/versions/3.9.21/lib/python3.9/site-packages/airflow/example_dags/example_skip_dag.py took 0.065 seconds
[2025-03-08T02:31:52.749+0700] {processor.py:186} INFO - Started process (PID=68908) to work on /home/dataengineer/.pyenv/versions/3.9.21/lib/python3.9/site-packages/airflow/example_dags/example_skip_dag.py
[2025-03-08T02:31:52.750+0700] {processor.py:914} INFO - Processing file /home/dataengineer/.pyenv/versions/3.9.21/lib/python3.9/site-packages/airflow/example_dags/example_skip_dag.py for tasks to queue
[2025-03-08T02:31:52.751+0700] {logging_mixin.py:190} INFO - [2025-03-08T02:31:52.751+0700] {dagbag.py:588} INFO - Filling up the DagBag from /home/dataengineer/.pyenv/versions/3.9.21/lib/python3.9/site-packages/airflow/example_dags/example_skip_dag.py
[2025-03-08T02:31:52.761+0700] {processor.py:925} INFO - DAG(s) 'example_skip_dag' retrieved from /home/dataengineer/.pyenv/versions/3.9.21/lib/python3.9/site-packages/airflow/example_dags/example_skip_dag.py
[2025-03-08T02:31:52.778+0700] {logging_mixin.py:190} INFO - [2025-03-08T02:31:52.777+0700] {dag.py:3239} INFO - Sync 1 DAGs
[2025-03-08T02:31:52.807+0700] {logging_mixin.py:190} INFO - [2025-03-08T02:31:52.806+0700] {dag.py:4180} INFO - Setting next_dagrun for example_skip_dag to 2025-03-06 00:00:00+00:00, run_after=2025-03-07 00:00:00+00:00
[2025-03-08T02:31:52.827+0700] {processor.py:208} INFO - Processing /home/dataengineer/.pyenv/versions/3.9.21/lib/python3.9/site-packages/airflow/example_dags/example_skip_dag.py took 0.084 seconds
[2025-03-08T02:32:49.330+0700] {processor.py:186} INFO - Started process (PID=69162) to work on /home/dataengineer/.pyenv/versions/3.9.21/lib/python3.9/site-packages/airflow/example_dags/example_skip_dag.py
[2025-03-08T02:32:49.332+0700] {processor.py:914} INFO - Processing file /home/dataengineer/.pyenv/versions/3.9.21/lib/python3.9/site-packages/airflow/example_dags/example_skip_dag.py for tasks to queue
[2025-03-08T02:32:49.333+0700] {logging_mixin.py:190} INFO - [2025-03-08T02:32:49.333+0700] {dagbag.py:588} INFO - Filling up the DagBag from /home/dataengineer/.pyenv/versions/3.9.21/lib/python3.9/site-packages/airflow/example_dags/example_skip_dag.py
[2025-03-08T02:32:49.341+0700] {processor.py:925} INFO - DAG(s) 'example_skip_dag' retrieved from /home/dataengineer/.pyenv/versions/3.9.21/lib/python3.9/site-packages/airflow/example_dags/example_skip_dag.py
[2025-03-08T02:32:49.357+0700] {logging_mixin.py:190} INFO - [2025-03-08T02:32:49.357+0700] {dag.py:3239} INFO - Sync 1 DAGs
[2025-03-08T02:32:49.376+0700] {logging_mixin.py:190} INFO - [2025-03-08T02:32:49.376+0700] {dag.py:4180} INFO - Setting next_dagrun for example_skip_dag to 2025-03-06 00:00:00+00:00, run_after=2025-03-07 00:00:00+00:00
[2025-03-08T02:32:49.395+0700] {processor.py:208} INFO - Processing /home/dataengineer/.pyenv/versions/3.9.21/lib/python3.9/site-packages/airflow/example_dags/example_skip_dag.py took 0.072 seconds
[2025-03-08T02:33:45.254+0700] {processor.py:186} INFO - Started process (PID=69410) to work on /home/dataengineer/.pyenv/versions/3.9.21/lib/python3.9/site-packages/airflow/example_dags/example_skip_dag.py
[2025-03-08T02:33:45.255+0700] {processor.py:914} INFO - Processing file /home/dataengineer/.pyenv/versions/3.9.21/lib/python3.9/site-packages/airflow/example_dags/example_skip_dag.py for tasks to queue
[2025-03-08T02:33:45.256+0700] {logging_mixin.py:190} INFO - [2025-03-08T02:33:45.256+0700] {dagbag.py:588} INFO - Filling up the DagBag from /home/dataengineer/.pyenv/versions/3.9.21/lib/python3.9/site-packages/airflow/example_dags/example_skip_dag.py
[2025-03-08T02:33:45.265+0700] {processor.py:925} INFO - DAG(s) 'example_skip_dag' retrieved from /home/dataengineer/.pyenv/versions/3.9.21/lib/python3.9/site-packages/airflow/example_dags/example_skip_dag.py
[2025-03-08T02:33:45.284+0700] {logging_mixin.py:190} INFO - [2025-03-08T02:33:45.283+0700] {dag.py:3239} INFO - Sync 1 DAGs
[2025-03-08T02:33:45.304+0700] {logging_mixin.py:190} INFO - [2025-03-08T02:33:45.304+0700] {dag.py:4180} INFO - Setting next_dagrun for example_skip_dag to 2025-03-06 00:00:00+00:00, run_after=2025-03-07 00:00:00+00:00
[2025-03-08T02:33:45.325+0700] {processor.py:208} INFO - Processing /home/dataengineer/.pyenv/versions/3.9.21/lib/python3.9/site-packages/airflow/example_dags/example_skip_dag.py took 0.078 seconds
[2025-03-08T02:34:29.502+0700] {processor.py:186} INFO - Started process (PID=70188) to work on /home/dataengineer/.pyenv/versions/3.9.21/lib/python3.9/site-packages/airflow/example_dags/example_skip_dag.py
[2025-03-08T02:34:29.503+0700] {processor.py:914} INFO - Processing file /home/dataengineer/.pyenv/versions/3.9.21/lib/python3.9/site-packages/airflow/example_dags/example_skip_dag.py for tasks to queue
[2025-03-08T02:34:29.506+0700] {logging_mixin.py:190} INFO - [2025-03-08T02:34:29.505+0700] {dagbag.py:588} INFO - Filling up the DagBag from /home/dataengineer/.pyenv/versions/3.9.21/lib/python3.9/site-packages/airflow/example_dags/example_skip_dag.py
[2025-03-08T02:34:29.516+0700] {processor.py:925} INFO - DAG(s) 'example_skip_dag' retrieved from /home/dataengineer/.pyenv/versions/3.9.21/lib/python3.9/site-packages/airflow/example_dags/example_skip_dag.py
[2025-03-08T02:34:29.565+0700] {logging_mixin.py:190} INFO - [2025-03-08T02:34:29.565+0700] {dag.py:3239} INFO - Sync 1 DAGs
[2025-03-08T02:34:29.595+0700] {logging_mixin.py:190} INFO - [2025-03-08T02:34:29.595+0700] {dag.py:4180} INFO - Setting next_dagrun for example_skip_dag to 2025-03-06 00:00:00+00:00, run_after=2025-03-07 00:00:00+00:00
[2025-03-08T02:34:29.632+0700] {processor.py:208} INFO - Processing /home/dataengineer/.pyenv/versions/3.9.21/lib/python3.9/site-packages/airflow/example_dags/example_skip_dag.py took 0.135 seconds
[2025-03-08T02:35:30.366+0700] {processor.py:186} INFO - Started process (PID=70720) to work on /home/dataengineer/.pyenv/versions/3.9.21/lib/python3.9/site-packages/airflow/example_dags/example_skip_dag.py
[2025-03-08T02:35:30.367+0700] {processor.py:914} INFO - Processing file /home/dataengineer/.pyenv/versions/3.9.21/lib/python3.9/site-packages/airflow/example_dags/example_skip_dag.py for tasks to queue
[2025-03-08T02:35:30.369+0700] {logging_mixin.py:190} INFO - [2025-03-08T02:35:30.369+0700] {dagbag.py:588} INFO - Filling up the DagBag from /home/dataengineer/.pyenv/versions/3.9.21/lib/python3.9/site-packages/airflow/example_dags/example_skip_dag.py
[2025-03-08T02:35:30.378+0700] {processor.py:925} INFO - DAG(s) 'example_skip_dag' retrieved from /home/dataengineer/.pyenv/versions/3.9.21/lib/python3.9/site-packages/airflow/example_dags/example_skip_dag.py
[2025-03-08T02:35:30.393+0700] {logging_mixin.py:190} INFO - [2025-03-08T02:35:30.393+0700] {dag.py:3239} INFO - Sync 1 DAGs
[2025-03-08T02:35:30.410+0700] {logging_mixin.py:190} INFO - [2025-03-08T02:35:30.410+0700] {dag.py:4180} INFO - Setting next_dagrun for example_skip_dag to 2025-03-06 00:00:00+00:00, run_after=2025-03-07 00:00:00+00:00
[2025-03-08T02:35:30.431+0700] {processor.py:208} INFO - Processing /home/dataengineer/.pyenv/versions/3.9.21/lib/python3.9/site-packages/airflow/example_dags/example_skip_dag.py took 0.072 seconds
[2025-03-08T02:36:32.071+0700] {processor.py:186} INFO - Started process (PID=71168) to work on /home/dataengineer/.pyenv/versions/3.9.21/lib/python3.9/site-packages/airflow/example_dags/example_skip_dag.py
[2025-03-08T02:36:32.072+0700] {processor.py:914} INFO - Processing file /home/dataengineer/.pyenv/versions/3.9.21/lib/python3.9/site-packages/airflow/example_dags/example_skip_dag.py for tasks to queue
[2025-03-08T02:36:32.074+0700] {logging_mixin.py:190} INFO - [2025-03-08T02:36:32.074+0700] {dagbag.py:588} INFO - Filling up the DagBag from /home/dataengineer/.pyenv/versions/3.9.21/lib/python3.9/site-packages/airflow/example_dags/example_skip_dag.py
[2025-03-08T02:36:32.082+0700] {processor.py:925} INFO - DAG(s) 'example_skip_dag' retrieved from /home/dataengineer/.pyenv/versions/3.9.21/lib/python3.9/site-packages/airflow/example_dags/example_skip_dag.py
[2025-03-08T02:36:32.099+0700] {logging_mixin.py:190} INFO - [2025-03-08T02:36:32.098+0700] {dag.py:3239} INFO - Sync 1 DAGs
[2025-03-08T02:36:32.119+0700] {logging_mixin.py:190} INFO - [2025-03-08T02:36:32.119+0700] {dag.py:4180} INFO - Setting next_dagrun for example_skip_dag to 2025-03-06 00:00:00+00:00, run_after=2025-03-07 00:00:00+00:00
[2025-03-08T02:36:32.140+0700] {processor.py:208} INFO - Processing /home/dataengineer/.pyenv/versions/3.9.21/lib/python3.9/site-packages/airflow/example_dags/example_skip_dag.py took 0.075 seconds
[2025-03-08T02:37:29.505+0700] {processor.py:186} INFO - Started process (PID=71402) to work on /home/dataengineer/.pyenv/versions/3.9.21/lib/python3.9/site-packages/airflow/example_dags/example_skip_dag.py
[2025-03-08T02:37:29.506+0700] {processor.py:914} INFO - Processing file /home/dataengineer/.pyenv/versions/3.9.21/lib/python3.9/site-packages/airflow/example_dags/example_skip_dag.py for tasks to queue
[2025-03-08T02:37:29.508+0700] {logging_mixin.py:190} INFO - [2025-03-08T02:37:29.508+0700] {dagbag.py:588} INFO - Filling up the DagBag from /home/dataengineer/.pyenv/versions/3.9.21/lib/python3.9/site-packages/airflow/example_dags/example_skip_dag.py
[2025-03-08T02:37:29.517+0700] {processor.py:925} INFO - DAG(s) 'example_skip_dag' retrieved from /home/dataengineer/.pyenv/versions/3.9.21/lib/python3.9/site-packages/airflow/example_dags/example_skip_dag.py
[2025-03-08T02:37:29.532+0700] {logging_mixin.py:190} INFO - [2025-03-08T02:37:29.532+0700] {dag.py:3239} INFO - Sync 1 DAGs
[2025-03-08T02:37:29.551+0700] {logging_mixin.py:190} INFO - [2025-03-08T02:37:29.551+0700] {dag.py:4180} INFO - Setting next_dagrun for example_skip_dag to 2025-03-06 00:00:00+00:00, run_after=2025-03-07 00:00:00+00:00
[2025-03-08T02:37:29.571+0700] {processor.py:208} INFO - Processing /home/dataengineer/.pyenv/versions/3.9.21/lib/python3.9/site-packages/airflow/example_dags/example_skip_dag.py took 0.071 seconds
[2025-03-08T02:38:36.329+0700] {processor.py:186} INFO - Started process (PID=72271) to work on /home/dataengineer/.pyenv/versions/3.9.21/lib/python3.9/site-packages/airflow/example_dags/example_skip_dag.py
[2025-03-08T02:38:36.330+0700] {processor.py:914} INFO - Processing file /home/dataengineer/.pyenv/versions/3.9.21/lib/python3.9/site-packages/airflow/example_dags/example_skip_dag.py for tasks to queue
[2025-03-08T02:38:36.334+0700] {logging_mixin.py:190} INFO - [2025-03-08T02:38:36.333+0700] {dagbag.py:588} INFO - Filling up the DagBag from /home/dataengineer/.pyenv/versions/3.9.21/lib/python3.9/site-packages/airflow/example_dags/example_skip_dag.py
[2025-03-08T02:38:36.344+0700] {processor.py:925} INFO - DAG(s) 'example_skip_dag' retrieved from /home/dataengineer/.pyenv/versions/3.9.21/lib/python3.9/site-packages/airflow/example_dags/example_skip_dag.py
[2025-03-08T02:38:36.370+0700] {logging_mixin.py:190} INFO - [2025-03-08T02:38:36.370+0700] {dag.py:3239} INFO - Sync 1 DAGs
[2025-03-08T02:38:36.396+0700] {logging_mixin.py:190} INFO - [2025-03-08T02:38:36.396+0700] {dag.py:4180} INFO - Setting next_dagrun for example_skip_dag to 2025-03-06 00:00:00+00:00, run_after=2025-03-07 00:00:00+00:00
[2025-03-08T02:38:36.420+0700] {processor.py:208} INFO - Processing /home/dataengineer/.pyenv/versions/3.9.21/lib/python3.9/site-packages/airflow/example_dags/example_skip_dag.py took 0.099 seconds
