[2025-03-08T00:56:27.600+0700] {processor.py:186} INFO - Started process (PID=36111) to work on /home/dataengineer/.pyenv/versions/3.9.21/lib/python3.9/site-packages/airflow/example_dags/example_short_circuit_operator.py
[2025-03-08T00:56:27.601+0700] {processor.py:914} INFO - Processing file /home/dataengineer/.pyenv/versions/3.9.21/lib/python3.9/site-packages/airflow/example_dags/example_short_circuit_operator.py for tasks to queue
[2025-03-08T00:56:27.603+0700] {logging_mixin.py:190} INFO - [2025-03-08T00:56:27.602+0700] {dagbag.py:588} INFO - Filling up the DagBag from /home/dataengineer/.pyenv/versions/3.9.21/lib/python3.9/site-packages/airflow/example_dags/example_short_circuit_operator.py
[2025-03-08T00:56:27.615+0700] {processor.py:925} INFO - DAG(s) 'example_short_circuit_operator' retrieved from /home/dataengineer/.pyenv/versions/3.9.21/lib/python3.9/site-packages/airflow/example_dags/example_short_circuit_operator.py
[2025-03-08T00:56:27.639+0700] {logging_mixin.py:190} INFO - [2025-03-08T00:56:27.639+0700] {dag.py:3239} INFO - Sync 1 DAGs
[2025-03-08T00:56:27.655+0700] {logging_mixin.py:190} INFO - [2025-03-08T00:56:27.655+0700] {dag.py:4180} INFO - Setting next_dagrun for example_short_circuit_operator to None, run_after=None
[2025-03-08T00:56:27.677+0700] {processor.py:208} INFO - Processing /home/dataengineer/.pyenv/versions/3.9.21/lib/python3.9/site-packages/airflow/example_dags/example_short_circuit_operator.py took 0.082 seconds
[2025-03-08T00:57:33.769+0700] {processor.py:186} INFO - Started process (PID=36881) to work on /home/dataengineer/.pyenv/versions/3.9.21/lib/python3.9/site-packages/airflow/example_dags/example_short_circuit_operator.py
[2025-03-08T00:57:33.770+0700] {processor.py:914} INFO - Processing file /home/dataengineer/.pyenv/versions/3.9.21/lib/python3.9/site-packages/airflow/example_dags/example_short_circuit_operator.py for tasks to queue
[2025-03-08T00:57:33.772+0700] {logging_mixin.py:190} INFO - [2025-03-08T00:57:33.771+0700] {dagbag.py:588} INFO - Filling up the DagBag from /home/dataengineer/.pyenv/versions/3.9.21/lib/python3.9/site-packages/airflow/example_dags/example_short_circuit_operator.py
[2025-03-08T00:57:33.780+0700] {processor.py:925} INFO - DAG(s) 'example_short_circuit_operator' retrieved from /home/dataengineer/.pyenv/versions/3.9.21/lib/python3.9/site-packages/airflow/example_dags/example_short_circuit_operator.py
[2025-03-08T00:57:33.800+0700] {logging_mixin.py:190} INFO - [2025-03-08T00:57:33.799+0700] {dag.py:3239} INFO - Sync 1 DAGs
[2025-03-08T00:57:33.814+0700] {logging_mixin.py:190} INFO - [2025-03-08T00:57:33.814+0700] {dag.py:4180} INFO - Setting next_dagrun for example_short_circuit_operator to None, run_after=None
[2025-03-08T00:57:33.835+0700] {processor.py:208} INFO - Processing /home/dataengineer/.pyenv/versions/3.9.21/lib/python3.9/site-packages/airflow/example_dags/example_short_circuit_operator.py took 0.072 seconds
[2025-03-08T00:58:35.709+0700] {processor.py:186} INFO - Started process (PID=37392) to work on /home/dataengineer/.pyenv/versions/3.9.21/lib/python3.9/site-packages/airflow/example_dags/example_short_circuit_operator.py
[2025-03-08T00:58:35.710+0700] {processor.py:914} INFO - Processing file /home/dataengineer/.pyenv/versions/3.9.21/lib/python3.9/site-packages/airflow/example_dags/example_short_circuit_operator.py for tasks to queue
[2025-03-08T00:58:35.712+0700] {logging_mixin.py:190} INFO - [2025-03-08T00:58:35.712+0700] {dagbag.py:588} INFO - Filling up the DagBag from /home/dataengineer/.pyenv/versions/3.9.21/lib/python3.9/site-packages/airflow/example_dags/example_short_circuit_operator.py
[2025-03-08T00:58:35.721+0700] {processor.py:925} INFO - DAG(s) 'example_short_circuit_operator' retrieved from /home/dataengineer/.pyenv/versions/3.9.21/lib/python3.9/site-packages/airflow/example_dags/example_short_circuit_operator.py
[2025-03-08T00:58:35.737+0700] {logging_mixin.py:190} INFO - [2025-03-08T00:58:35.737+0700] {dag.py:3239} INFO - Sync 1 DAGs
[2025-03-08T00:58:35.748+0700] {logging_mixin.py:190} INFO - [2025-03-08T00:58:35.747+0700] {dag.py:4180} INFO - Setting next_dagrun for example_short_circuit_operator to None, run_after=None
[2025-03-08T00:58:35.768+0700] {processor.py:208} INFO - Processing /home/dataengineer/.pyenv/versions/3.9.21/lib/python3.9/site-packages/airflow/example_dags/example_short_circuit_operator.py took 0.065 seconds
[2025-03-08T00:59:37.376+0700] {processor.py:186} INFO - Started process (PID=37819) to work on /home/dataengineer/.pyenv/versions/3.9.21/lib/python3.9/site-packages/airflow/example_dags/example_short_circuit_operator.py
[2025-03-08T00:59:37.378+0700] {processor.py:914} INFO - Processing file /home/dataengineer/.pyenv/versions/3.9.21/lib/python3.9/site-packages/airflow/example_dags/example_short_circuit_operator.py for tasks to queue
[2025-03-08T00:59:37.379+0700] {logging_mixin.py:190} INFO - [2025-03-08T00:59:37.379+0700] {dagbag.py:588} INFO - Filling up the DagBag from /home/dataengineer/.pyenv/versions/3.9.21/lib/python3.9/site-packages/airflow/example_dags/example_short_circuit_operator.py
[2025-03-08T00:59:37.387+0700] {processor.py:925} INFO - DAG(s) 'example_short_circuit_operator' retrieved from /home/dataengineer/.pyenv/versions/3.9.21/lib/python3.9/site-packages/airflow/example_dags/example_short_circuit_operator.py
[2025-03-08T00:59:37.403+0700] {logging_mixin.py:190} INFO - [2025-03-08T00:59:37.403+0700] {dag.py:3239} INFO - Sync 1 DAGs
[2025-03-08T00:59:37.417+0700] {logging_mixin.py:190} INFO - [2025-03-08T00:59:37.417+0700] {dag.py:4180} INFO - Setting next_dagrun for example_short_circuit_operator to None, run_after=None
[2025-03-08T00:59:37.437+0700] {processor.py:208} INFO - Processing /home/dataengineer/.pyenv/versions/3.9.21/lib/python3.9/site-packages/airflow/example_dags/example_short_circuit_operator.py took 0.066 seconds
[2025-03-08T01:00:37.912+0700] {processor.py:186} INFO - Started process (PID=38237) to work on /home/dataengineer/.pyenv/versions/3.9.21/lib/python3.9/site-packages/airflow/example_dags/example_short_circuit_operator.py
[2025-03-08T01:00:37.914+0700] {processor.py:914} INFO - Processing file /home/dataengineer/.pyenv/versions/3.9.21/lib/python3.9/site-packages/airflow/example_dags/example_short_circuit_operator.py for tasks to queue
[2025-03-08T01:00:37.916+0700] {logging_mixin.py:190} INFO - [2025-03-08T01:00:37.915+0700] {dagbag.py:588} INFO - Filling up the DagBag from /home/dataengineer/.pyenv/versions/3.9.21/lib/python3.9/site-packages/airflow/example_dags/example_short_circuit_operator.py
[2025-03-08T01:00:37.926+0700] {processor.py:925} INFO - DAG(s) 'example_short_circuit_operator' retrieved from /home/dataengineer/.pyenv/versions/3.9.21/lib/python3.9/site-packages/airflow/example_dags/example_short_circuit_operator.py
[2025-03-08T01:00:37.944+0700] {logging_mixin.py:190} INFO - [2025-03-08T01:00:37.944+0700] {dag.py:3239} INFO - Sync 1 DAGs
[2025-03-08T01:00:37.956+0700] {logging_mixin.py:190} INFO - [2025-03-08T01:00:37.956+0700] {dag.py:4180} INFO - Setting next_dagrun for example_short_circuit_operator to None, run_after=None
[2025-03-08T01:00:37.977+0700] {processor.py:208} INFO - Processing /home/dataengineer/.pyenv/versions/3.9.21/lib/python3.9/site-packages/airflow/example_dags/example_short_circuit_operator.py took 0.071 seconds
[2025-03-08T01:01:40.781+0700] {processor.py:186} INFO - Started process (PID=38706) to work on /home/dataengineer/.pyenv/versions/3.9.21/lib/python3.9/site-packages/airflow/example_dags/example_short_circuit_operator.py
[2025-03-08T01:01:40.782+0700] {processor.py:914} INFO - Processing file /home/dataengineer/.pyenv/versions/3.9.21/lib/python3.9/site-packages/airflow/example_dags/example_short_circuit_operator.py for tasks to queue
[2025-03-08T01:01:40.784+0700] {logging_mixin.py:190} INFO - [2025-03-08T01:01:40.784+0700] {dagbag.py:588} INFO - Filling up the DagBag from /home/dataengineer/.pyenv/versions/3.9.21/lib/python3.9/site-packages/airflow/example_dags/example_short_circuit_operator.py
[2025-03-08T01:01:40.793+0700] {processor.py:925} INFO - DAG(s) 'example_short_circuit_operator' retrieved from /home/dataengineer/.pyenv/versions/3.9.21/lib/python3.9/site-packages/airflow/example_dags/example_short_circuit_operator.py
[2025-03-08T01:01:40.811+0700] {logging_mixin.py:190} INFO - [2025-03-08T01:01:40.810+0700] {dag.py:3239} INFO - Sync 1 DAGs
[2025-03-08T01:01:40.822+0700] {logging_mixin.py:190} INFO - [2025-03-08T01:01:40.822+0700] {dag.py:4180} INFO - Setting next_dagrun for example_short_circuit_operator to None, run_after=None
[2025-03-08T01:01:40.841+0700] {processor.py:208} INFO - Processing /home/dataengineer/.pyenv/versions/3.9.21/lib/python3.9/site-packages/airflow/example_dags/example_short_circuit_operator.py took 0.066 seconds
[2025-03-08T01:02:42.423+0700] {processor.py:186} INFO - Started process (PID=39215) to work on /home/dataengineer/.pyenv/versions/3.9.21/lib/python3.9/site-packages/airflow/example_dags/example_short_circuit_operator.py
[2025-03-08T01:02:42.424+0700] {processor.py:914} INFO - Processing file /home/dataengineer/.pyenv/versions/3.9.21/lib/python3.9/site-packages/airflow/example_dags/example_short_circuit_operator.py for tasks to queue
[2025-03-08T01:02:42.426+0700] {logging_mixin.py:190} INFO - [2025-03-08T01:02:42.425+0700] {dagbag.py:588} INFO - Filling up the DagBag from /home/dataengineer/.pyenv/versions/3.9.21/lib/python3.9/site-packages/airflow/example_dags/example_short_circuit_operator.py
[2025-03-08T01:02:42.434+0700] {processor.py:925} INFO - DAG(s) 'example_short_circuit_operator' retrieved from /home/dataengineer/.pyenv/versions/3.9.21/lib/python3.9/site-packages/airflow/example_dags/example_short_circuit_operator.py
[2025-03-08T01:02:42.451+0700] {logging_mixin.py:190} INFO - [2025-03-08T01:02:42.450+0700] {dag.py:3239} INFO - Sync 1 DAGs
[2025-03-08T01:02:42.462+0700] {logging_mixin.py:190} INFO - [2025-03-08T01:02:42.462+0700] {dag.py:4180} INFO - Setting next_dagrun for example_short_circuit_operator to None, run_after=None
[2025-03-08T01:02:42.481+0700] {processor.py:208} INFO - Processing /home/dataengineer/.pyenv/versions/3.9.21/lib/python3.9/site-packages/airflow/example_dags/example_short_circuit_operator.py took 0.064 seconds
[2025-03-08T01:03:42.848+0700] {processor.py:186} INFO - Started process (PID=39973) to work on /home/dataengineer/.pyenv/versions/3.9.21/lib/python3.9/site-packages/airflow/example_dags/example_short_circuit_operator.py
[2025-03-08T01:03:42.849+0700] {processor.py:914} INFO - Processing file /home/dataengineer/.pyenv/versions/3.9.21/lib/python3.9/site-packages/airflow/example_dags/example_short_circuit_operator.py for tasks to queue
[2025-03-08T01:03:42.851+0700] {logging_mixin.py:190} INFO - [2025-03-08T01:03:42.850+0700] {dagbag.py:588} INFO - Filling up the DagBag from /home/dataengineer/.pyenv/versions/3.9.21/lib/python3.9/site-packages/airflow/example_dags/example_short_circuit_operator.py
[2025-03-08T01:03:42.859+0700] {processor.py:925} INFO - DAG(s) 'example_short_circuit_operator' retrieved from /home/dataengineer/.pyenv/versions/3.9.21/lib/python3.9/site-packages/airflow/example_dags/example_short_circuit_operator.py
[2025-03-08T01:03:42.875+0700] {logging_mixin.py:190} INFO - [2025-03-08T01:03:42.875+0700] {dag.py:3239} INFO - Sync 1 DAGs
[2025-03-08T01:03:42.887+0700] {logging_mixin.py:190} INFO - [2025-03-08T01:03:42.886+0700] {dag.py:4180} INFO - Setting next_dagrun for example_short_circuit_operator to None, run_after=None
[2025-03-08T01:03:42.905+0700] {processor.py:208} INFO - Processing /home/dataengineer/.pyenv/versions/3.9.21/lib/python3.9/site-packages/airflow/example_dags/example_short_circuit_operator.py took 0.064 seconds
[2025-03-08T01:04:43.470+0700] {processor.py:186} INFO - Started process (PID=41972) to work on /home/dataengineer/.pyenv/versions/3.9.21/lib/python3.9/site-packages/airflow/example_dags/example_short_circuit_operator.py
[2025-03-08T01:04:43.471+0700] {processor.py:914} INFO - Processing file /home/dataengineer/.pyenv/versions/3.9.21/lib/python3.9/site-packages/airflow/example_dags/example_short_circuit_operator.py for tasks to queue
[2025-03-08T01:04:43.473+0700] {logging_mixin.py:190} INFO - [2025-03-08T01:04:43.473+0700] {dagbag.py:588} INFO - Filling up the DagBag from /home/dataengineer/.pyenv/versions/3.9.21/lib/python3.9/site-packages/airflow/example_dags/example_short_circuit_operator.py
[2025-03-08T01:04:43.481+0700] {processor.py:925} INFO - DAG(s) 'example_short_circuit_operator' retrieved from /home/dataengineer/.pyenv/versions/3.9.21/lib/python3.9/site-packages/airflow/example_dags/example_short_circuit_operator.py
[2025-03-08T01:04:43.497+0700] {logging_mixin.py:190} INFO - [2025-03-08T01:04:43.497+0700] {dag.py:3239} INFO - Sync 1 DAGs
[2025-03-08T01:04:43.508+0700] {logging_mixin.py:190} INFO - [2025-03-08T01:04:43.508+0700] {dag.py:4180} INFO - Setting next_dagrun for example_short_circuit_operator to None, run_after=None
[2025-03-08T01:04:43.526+0700] {processor.py:208} INFO - Processing /home/dataengineer/.pyenv/versions/3.9.21/lib/python3.9/site-packages/airflow/example_dags/example_short_circuit_operator.py took 0.062 seconds
[2025-03-08T02:20:04.161+0700] {processor.py:186} INFO - Started process (PID=63483) to work on /home/dataengineer/.pyenv/versions/3.9.21/lib/python3.9/site-packages/airflow/example_dags/example_short_circuit_operator.py
[2025-03-08T02:20:04.162+0700] {processor.py:914} INFO - Processing file /home/dataengineer/.pyenv/versions/3.9.21/lib/python3.9/site-packages/airflow/example_dags/example_short_circuit_operator.py for tasks to queue
[2025-03-08T02:20:04.164+0700] {logging_mixin.py:190} INFO - [2025-03-08T02:20:04.164+0700] {dagbag.py:588} INFO - Filling up the DagBag from /home/dataengineer/.pyenv/versions/3.9.21/lib/python3.9/site-packages/airflow/example_dags/example_short_circuit_operator.py
[2025-03-08T02:20:04.177+0700] {processor.py:925} INFO - DAG(s) 'example_short_circuit_operator' retrieved from /home/dataengineer/.pyenv/versions/3.9.21/lib/python3.9/site-packages/airflow/example_dags/example_short_circuit_operator.py
[2025-03-08T02:20:04.202+0700] {logging_mixin.py:190} INFO - [2025-03-08T02:20:04.201+0700] {dag.py:3239} INFO - Sync 1 DAGs
[2025-03-08T02:20:04.214+0700] {logging_mixin.py:190} INFO - [2025-03-08T02:20:04.214+0700] {dag.py:4180} INFO - Setting next_dagrun for example_short_circuit_operator to None, run_after=None
[2025-03-08T02:20:04.234+0700] {processor.py:208} INFO - Processing /home/dataengineer/.pyenv/versions/3.9.21/lib/python3.9/site-packages/airflow/example_dags/example_short_circuit_operator.py took 0.079 seconds
[2025-03-08T02:20:41.250+0700] {processor.py:186} INFO - Started process (PID=64472) to work on /home/dataengineer/.pyenv/versions/3.9.21/lib/python3.9/site-packages/airflow/example_dags/example_short_circuit_operator.py
[2025-03-08T02:20:41.251+0700] {processor.py:914} INFO - Processing file /home/dataengineer/.pyenv/versions/3.9.21/lib/python3.9/site-packages/airflow/example_dags/example_short_circuit_operator.py for tasks to queue
[2025-03-08T02:20:41.253+0700] {logging_mixin.py:190} INFO - [2025-03-08T02:20:41.253+0700] {dagbag.py:588} INFO - Filling up the DagBag from /home/dataengineer/.pyenv/versions/3.9.21/lib/python3.9/site-packages/airflow/example_dags/example_short_circuit_operator.py
[2025-03-08T02:20:41.268+0700] {processor.py:925} INFO - DAG(s) 'example_short_circuit_operator' retrieved from /home/dataengineer/.pyenv/versions/3.9.21/lib/python3.9/site-packages/airflow/example_dags/example_short_circuit_operator.py
[2025-03-08T02:20:41.295+0700] {logging_mixin.py:190} INFO - [2025-03-08T02:20:41.294+0700] {dag.py:3239} INFO - Sync 1 DAGs
[2025-03-08T02:20:41.307+0700] {logging_mixin.py:190} INFO - [2025-03-08T02:20:41.307+0700] {dag.py:4180} INFO - Setting next_dagrun for example_short_circuit_operator to None, run_after=None
[2025-03-08T02:20:41.329+0700] {processor.py:208} INFO - Processing /home/dataengineer/.pyenv/versions/3.9.21/lib/python3.9/site-packages/airflow/example_dags/example_short_circuit_operator.py took 0.086 seconds
[2025-03-08T02:21:21.644+0700] {processor.py:186} INFO - Started process (PID=64768) to work on /home/dataengineer/.pyenv/versions/3.9.21/lib/python3.9/site-packages/airflow/example_dags/example_short_circuit_operator.py
[2025-03-08T02:21:21.645+0700] {processor.py:914} INFO - Processing file /home/dataengineer/.pyenv/versions/3.9.21/lib/python3.9/site-packages/airflow/example_dags/example_short_circuit_operator.py for tasks to queue
[2025-03-08T02:21:21.648+0700] {logging_mixin.py:190} INFO - [2025-03-08T02:21:21.647+0700] {dagbag.py:588} INFO - Filling up the DagBag from /home/dataengineer/.pyenv/versions/3.9.21/lib/python3.9/site-packages/airflow/example_dags/example_short_circuit_operator.py
[2025-03-08T02:21:21.661+0700] {processor.py:925} INFO - DAG(s) 'example_short_circuit_operator' retrieved from /home/dataengineer/.pyenv/versions/3.9.21/lib/python3.9/site-packages/airflow/example_dags/example_short_circuit_operator.py
[2025-03-08T02:21:21.685+0700] {logging_mixin.py:190} INFO - [2025-03-08T02:21:21.685+0700] {dag.py:3239} INFO - Sync 1 DAGs
[2025-03-08T02:21:21.699+0700] {logging_mixin.py:190} INFO - [2025-03-08T02:21:21.699+0700] {dag.py:4180} INFO - Setting next_dagrun for example_short_circuit_operator to None, run_after=None
[2025-03-08T02:21:21.730+0700] {processor.py:208} INFO - Processing /home/dataengineer/.pyenv/versions/3.9.21/lib/python3.9/site-packages/airflow/example_dags/example_short_circuit_operator.py took 0.091 seconds
[2025-03-08T02:26:48.514+0700] {processor.py:186} INFO - Started process (PID=66386) to work on /home/dataengineer/.pyenv/versions/3.9.21/lib/python3.9/site-packages/airflow/example_dags/example_short_circuit_operator.py
[2025-03-08T02:26:48.515+0700] {processor.py:914} INFO - Processing file /home/dataengineer/.pyenv/versions/3.9.21/lib/python3.9/site-packages/airflow/example_dags/example_short_circuit_operator.py for tasks to queue
[2025-03-08T02:26:48.517+0700] {logging_mixin.py:190} INFO - [2025-03-08T02:26:48.517+0700] {dagbag.py:588} INFO - Filling up the DagBag from /home/dataengineer/.pyenv/versions/3.9.21/lib/python3.9/site-packages/airflow/example_dags/example_short_circuit_operator.py
[2025-03-08T02:26:48.530+0700] {processor.py:925} INFO - DAG(s) 'example_short_circuit_operator' retrieved from /home/dataengineer/.pyenv/versions/3.9.21/lib/python3.9/site-packages/airflow/example_dags/example_short_circuit_operator.py
[2025-03-08T02:26:48.552+0700] {logging_mixin.py:190} INFO - [2025-03-08T02:26:48.552+0700] {dag.py:3239} INFO - Sync 1 DAGs
[2025-03-08T02:26:48.564+0700] {logging_mixin.py:190} INFO - [2025-03-08T02:26:48.564+0700] {dag.py:4180} INFO - Setting next_dagrun for example_short_circuit_operator to None, run_after=None
[2025-03-08T02:26:48.583+0700] {processor.py:208} INFO - Processing /home/dataengineer/.pyenv/versions/3.9.21/lib/python3.9/site-packages/airflow/example_dags/example_short_circuit_operator.py took 0.075 seconds
[2025-03-08T02:29:02.512+0700] {processor.py:186} INFO - Started process (PID=67222) to work on /home/dataengineer/.pyenv/versions/3.9.21/lib/python3.9/site-packages/airflow/example_dags/example_short_circuit_operator.py
[2025-03-08T02:29:02.513+0700] {processor.py:914} INFO - Processing file /home/dataengineer/.pyenv/versions/3.9.21/lib/python3.9/site-packages/airflow/example_dags/example_short_circuit_operator.py for tasks to queue
[2025-03-08T02:29:02.516+0700] {logging_mixin.py:190} INFO - [2025-03-08T02:29:02.516+0700] {dagbag.py:588} INFO - Filling up the DagBag from /home/dataengineer/.pyenv/versions/3.9.21/lib/python3.9/site-packages/airflow/example_dags/example_short_circuit_operator.py
[2025-03-08T02:29:02.530+0700] {processor.py:925} INFO - DAG(s) 'example_short_circuit_operator' retrieved from /home/dataengineer/.pyenv/versions/3.9.21/lib/python3.9/site-packages/airflow/example_dags/example_short_circuit_operator.py
[2025-03-08T02:29:02.554+0700] {logging_mixin.py:190} INFO - [2025-03-08T02:29:02.554+0700] {dag.py:3239} INFO - Sync 1 DAGs
[2025-03-08T02:29:02.566+0700] {logging_mixin.py:190} INFO - [2025-03-08T02:29:02.566+0700] {dag.py:4180} INFO - Setting next_dagrun for example_short_circuit_operator to None, run_after=None
[2025-03-08T02:29:02.585+0700] {processor.py:208} INFO - Processing /home/dataengineer/.pyenv/versions/3.9.21/lib/python3.9/site-packages/airflow/example_dags/example_short_circuit_operator.py took 0.080 seconds
[2025-03-08T02:29:59.051+0700] {processor.py:186} INFO - Started process (PID=67830) to work on /home/dataengineer/.pyenv/versions/3.9.21/lib/python3.9/site-packages/airflow/example_dags/example_short_circuit_operator.py
[2025-03-08T02:29:59.052+0700] {processor.py:914} INFO - Processing file /home/dataengineer/.pyenv/versions/3.9.21/lib/python3.9/site-packages/airflow/example_dags/example_short_circuit_operator.py for tasks to queue
[2025-03-08T02:29:59.054+0700] {logging_mixin.py:190} INFO - [2025-03-08T02:29:59.053+0700] {dagbag.py:588} INFO - Filling up the DagBag from /home/dataengineer/.pyenv/versions/3.9.21/lib/python3.9/site-packages/airflow/example_dags/example_short_circuit_operator.py
[2025-03-08T02:29:59.065+0700] {processor.py:925} INFO - DAG(s) 'example_short_circuit_operator' retrieved from /home/dataengineer/.pyenv/versions/3.9.21/lib/python3.9/site-packages/airflow/example_dags/example_short_circuit_operator.py
[2025-03-08T02:29:59.087+0700] {logging_mixin.py:190} INFO - [2025-03-08T02:29:59.086+0700] {dag.py:3239} INFO - Sync 1 DAGs
[2025-03-08T02:29:59.101+0700] {logging_mixin.py:190} INFO - [2025-03-08T02:29:59.101+0700] {dag.py:4180} INFO - Setting next_dagrun for example_short_circuit_operator to None, run_after=None
[2025-03-08T02:29:59.127+0700] {processor.py:208} INFO - Processing /home/dataengineer/.pyenv/versions/3.9.21/lib/python3.9/site-packages/airflow/example_dags/example_short_circuit_operator.py took 0.083 seconds
[2025-03-08T02:30:52.417+0700] {processor.py:186} INFO - Started process (PID=68163) to work on /home/dataengineer/.pyenv/versions/3.9.21/lib/python3.9/site-packages/airflow/example_dags/example_short_circuit_operator.py
[2025-03-08T02:30:52.419+0700] {processor.py:914} INFO - Processing file /home/dataengineer/.pyenv/versions/3.9.21/lib/python3.9/site-packages/airflow/example_dags/example_short_circuit_operator.py for tasks to queue
[2025-03-08T02:30:52.420+0700] {logging_mixin.py:190} INFO - [2025-03-08T02:30:52.419+0700] {dagbag.py:588} INFO - Filling up the DagBag from /home/dataengineer/.pyenv/versions/3.9.21/lib/python3.9/site-packages/airflow/example_dags/example_short_circuit_operator.py
[2025-03-08T02:30:52.428+0700] {processor.py:925} INFO - DAG(s) 'example_short_circuit_operator' retrieved from /home/dataengineer/.pyenv/versions/3.9.21/lib/python3.9/site-packages/airflow/example_dags/example_short_circuit_operator.py
[2025-03-08T02:30:52.445+0700] {logging_mixin.py:190} INFO - [2025-03-08T02:30:52.445+0700] {dag.py:3239} INFO - Sync 1 DAGs
[2025-03-08T02:30:52.457+0700] {logging_mixin.py:190} INFO - [2025-03-08T02:30:52.456+0700] {dag.py:4180} INFO - Setting next_dagrun for example_short_circuit_operator to None, run_after=None
[2025-03-08T02:30:52.476+0700] {processor.py:208} INFO - Processing /home/dataengineer/.pyenv/versions/3.9.21/lib/python3.9/site-packages/airflow/example_dags/example_short_circuit_operator.py took 0.065 seconds
[2025-03-08T02:31:47.917+0700] {processor.py:186} INFO - Started process (PID=68891) to work on /home/dataengineer/.pyenv/versions/3.9.21/lib/python3.9/site-packages/airflow/example_dags/example_short_circuit_operator.py
[2025-03-08T02:31:47.941+0700] {processor.py:914} INFO - Processing file /home/dataengineer/.pyenv/versions/3.9.21/lib/python3.9/site-packages/airflow/example_dags/example_short_circuit_operator.py for tasks to queue
[2025-03-08T02:31:47.945+0700] {logging_mixin.py:190} INFO - [2025-03-08T02:31:47.945+0700] {dagbag.py:588} INFO - Filling up the DagBag from /home/dataengineer/.pyenv/versions/3.9.21/lib/python3.9/site-packages/airflow/example_dags/example_short_circuit_operator.py
[2025-03-08T02:31:47.964+0700] {processor.py:925} INFO - DAG(s) 'example_short_circuit_operator' retrieved from /home/dataengineer/.pyenv/versions/3.9.21/lib/python3.9/site-packages/airflow/example_dags/example_short_circuit_operator.py
[2025-03-08T02:31:48.003+0700] {logging_mixin.py:190} INFO - [2025-03-08T02:31:48.003+0700] {dag.py:3239} INFO - Sync 1 DAGs
[2025-03-08T02:31:48.041+0700] {logging_mixin.py:190} INFO - [2025-03-08T02:31:48.040+0700] {dag.py:4180} INFO - Setting next_dagrun for example_short_circuit_operator to None, run_after=None
[2025-03-08T02:31:48.080+0700] {processor.py:208} INFO - Processing /home/dataengineer/.pyenv/versions/3.9.21/lib/python3.9/site-packages/airflow/example_dags/example_short_circuit_operator.py took 0.182 seconds
[2025-03-08T02:32:44.313+0700] {processor.py:186} INFO - Started process (PID=69139) to work on /home/dataengineer/.pyenv/versions/3.9.21/lib/python3.9/site-packages/airflow/example_dags/example_short_circuit_operator.py
[2025-03-08T02:32:44.315+0700] {processor.py:914} INFO - Processing file /home/dataengineer/.pyenv/versions/3.9.21/lib/python3.9/site-packages/airflow/example_dags/example_short_circuit_operator.py for tasks to queue
[2025-03-08T02:32:44.316+0700] {logging_mixin.py:190} INFO - [2025-03-08T02:32:44.315+0700] {dagbag.py:588} INFO - Filling up the DagBag from /home/dataengineer/.pyenv/versions/3.9.21/lib/python3.9/site-packages/airflow/example_dags/example_short_circuit_operator.py
[2025-03-08T02:32:44.324+0700] {processor.py:925} INFO - DAG(s) 'example_short_circuit_operator' retrieved from /home/dataengineer/.pyenv/versions/3.9.21/lib/python3.9/site-packages/airflow/example_dags/example_short_circuit_operator.py
[2025-03-08T02:32:44.340+0700] {logging_mixin.py:190} INFO - [2025-03-08T02:32:44.340+0700] {dag.py:3239} INFO - Sync 1 DAGs
[2025-03-08T02:32:44.352+0700] {logging_mixin.py:190} INFO - [2025-03-08T02:32:44.352+0700] {dag.py:4180} INFO - Setting next_dagrun for example_short_circuit_operator to None, run_after=None
[2025-03-08T02:32:44.370+0700] {processor.py:208} INFO - Processing /home/dataengineer/.pyenv/versions/3.9.21/lib/python3.9/site-packages/airflow/example_dags/example_short_circuit_operator.py took 0.062 seconds
[2025-03-08T02:33:40.697+0700] {processor.py:186} INFO - Started process (PID=69393) to work on /home/dataengineer/.pyenv/versions/3.9.21/lib/python3.9/site-packages/airflow/example_dags/example_short_circuit_operator.py
[2025-03-08T02:33:40.698+0700] {processor.py:914} INFO - Processing file /home/dataengineer/.pyenv/versions/3.9.21/lib/python3.9/site-packages/airflow/example_dags/example_short_circuit_operator.py for tasks to queue
[2025-03-08T02:33:40.700+0700] {logging_mixin.py:190} INFO - [2025-03-08T02:33:40.699+0700] {dagbag.py:588} INFO - Filling up the DagBag from /home/dataengineer/.pyenv/versions/3.9.21/lib/python3.9/site-packages/airflow/example_dags/example_short_circuit_operator.py
[2025-03-08T02:33:40.711+0700] {processor.py:925} INFO - DAG(s) 'example_short_circuit_operator' retrieved from /home/dataengineer/.pyenv/versions/3.9.21/lib/python3.9/site-packages/airflow/example_dags/example_short_circuit_operator.py
[2025-03-08T02:33:40.729+0700] {logging_mixin.py:190} INFO - [2025-03-08T02:33:40.729+0700] {dag.py:3239} INFO - Sync 1 DAGs
[2025-03-08T02:33:40.743+0700] {logging_mixin.py:190} INFO - [2025-03-08T02:33:40.743+0700] {dag.py:4180} INFO - Setting next_dagrun for example_short_circuit_operator to None, run_after=None
[2025-03-08T02:33:40.764+0700] {processor.py:208} INFO - Processing /home/dataengineer/.pyenv/versions/3.9.21/lib/python3.9/site-packages/airflow/example_dags/example_short_circuit_operator.py took 0.074 seconds
[2025-03-08T02:34:24.678+0700] {processor.py:186} INFO - Started process (PID=70137) to work on /home/dataengineer/.pyenv/versions/3.9.21/lib/python3.9/site-packages/airflow/example_dags/example_short_circuit_operator.py
[2025-03-08T02:34:24.680+0700] {processor.py:914} INFO - Processing file /home/dataengineer/.pyenv/versions/3.9.21/lib/python3.9/site-packages/airflow/example_dags/example_short_circuit_operator.py for tasks to queue
[2025-03-08T02:34:24.683+0700] {logging_mixin.py:190} INFO - [2025-03-08T02:34:24.682+0700] {dagbag.py:588} INFO - Filling up the DagBag from /home/dataengineer/.pyenv/versions/3.9.21/lib/python3.9/site-packages/airflow/example_dags/example_short_circuit_operator.py
[2025-03-08T02:34:24.698+0700] {processor.py:925} INFO - DAG(s) 'example_short_circuit_operator' retrieved from /home/dataengineer/.pyenv/versions/3.9.21/lib/python3.9/site-packages/airflow/example_dags/example_short_circuit_operator.py
[2025-03-08T02:34:24.729+0700] {logging_mixin.py:190} INFO - [2025-03-08T02:34:24.729+0700] {dag.py:3239} INFO - Sync 1 DAGs
[2025-03-08T02:34:24.750+0700] {logging_mixin.py:190} INFO - [2025-03-08T02:34:24.750+0700] {dag.py:4180} INFO - Setting next_dagrun for example_short_circuit_operator to None, run_after=None
[2025-03-08T02:34:24.807+0700] {processor.py:208} INFO - Processing /home/dataengineer/.pyenv/versions/3.9.21/lib/python3.9/site-packages/airflow/example_dags/example_short_circuit_operator.py took 0.137 seconds
[2025-03-08T02:35:25.313+0700] {processor.py:186} INFO - Started process (PID=70690) to work on /home/dataengineer/.pyenv/versions/3.9.21/lib/python3.9/site-packages/airflow/example_dags/example_short_circuit_operator.py
[2025-03-08T02:35:25.314+0700] {processor.py:914} INFO - Processing file /home/dataengineer/.pyenv/versions/3.9.21/lib/python3.9/site-packages/airflow/example_dags/example_short_circuit_operator.py for tasks to queue
[2025-03-08T02:35:25.316+0700] {logging_mixin.py:190} INFO - [2025-03-08T02:35:25.316+0700] {dagbag.py:588} INFO - Filling up the DagBag from /home/dataengineer/.pyenv/versions/3.9.21/lib/python3.9/site-packages/airflow/example_dags/example_short_circuit_operator.py
[2025-03-08T02:35:25.325+0700] {processor.py:925} INFO - DAG(s) 'example_short_circuit_operator' retrieved from /home/dataengineer/.pyenv/versions/3.9.21/lib/python3.9/site-packages/airflow/example_dags/example_short_circuit_operator.py
[2025-03-08T02:35:25.341+0700] {logging_mixin.py:190} INFO - [2025-03-08T02:35:25.340+0700] {dag.py:3239} INFO - Sync 1 DAGs
[2025-03-08T02:35:25.351+0700] {logging_mixin.py:190} INFO - [2025-03-08T02:35:25.351+0700] {dag.py:4180} INFO - Setting next_dagrun for example_short_circuit_operator to None, run_after=None
[2025-03-08T02:35:25.369+0700] {processor.py:208} INFO - Processing /home/dataengineer/.pyenv/versions/3.9.21/lib/python3.9/site-packages/airflow/example_dags/example_short_circuit_operator.py took 0.062 seconds
[2025-03-08T02:36:26.743+0700] {processor.py:186} INFO - Started process (PID=71115) to work on /home/dataengineer/.pyenv/versions/3.9.21/lib/python3.9/site-packages/airflow/example_dags/example_short_circuit_operator.py
[2025-03-08T02:36:26.745+0700] {processor.py:914} INFO - Processing file /home/dataengineer/.pyenv/versions/3.9.21/lib/python3.9/site-packages/airflow/example_dags/example_short_circuit_operator.py for tasks to queue
[2025-03-08T02:36:26.747+0700] {logging_mixin.py:190} INFO - [2025-03-08T02:36:26.746+0700] {dagbag.py:588} INFO - Filling up the DagBag from /home/dataengineer/.pyenv/versions/3.9.21/lib/python3.9/site-packages/airflow/example_dags/example_short_circuit_operator.py
[2025-03-08T02:36:26.754+0700] {processor.py:925} INFO - DAG(s) 'example_short_circuit_operator' retrieved from /home/dataengineer/.pyenv/versions/3.9.21/lib/python3.9/site-packages/airflow/example_dags/example_short_circuit_operator.py
[2025-03-08T02:36:26.769+0700] {logging_mixin.py:190} INFO - [2025-03-08T02:36:26.769+0700] {dag.py:3239} INFO - Sync 1 DAGs
[2025-03-08T02:36:26.780+0700] {logging_mixin.py:190} INFO - [2025-03-08T02:36:26.780+0700] {dag.py:4180} INFO - Setting next_dagrun for example_short_circuit_operator to None, run_after=None
[2025-03-08T02:36:26.798+0700] {processor.py:208} INFO - Processing /home/dataengineer/.pyenv/versions/3.9.21/lib/python3.9/site-packages/airflow/example_dags/example_short_circuit_operator.py took 0.060 seconds
[2025-03-08T02:37:24.685+0700] {processor.py:186} INFO - Started process (PID=71379) to work on /home/dataengineer/.pyenv/versions/3.9.21/lib/python3.9/site-packages/airflow/example_dags/example_short_circuit_operator.py
[2025-03-08T02:37:24.686+0700] {processor.py:914} INFO - Processing file /home/dataengineer/.pyenv/versions/3.9.21/lib/python3.9/site-packages/airflow/example_dags/example_short_circuit_operator.py for tasks to queue
[2025-03-08T02:37:24.688+0700] {logging_mixin.py:190} INFO - [2025-03-08T02:37:24.688+0700] {dagbag.py:588} INFO - Filling up the DagBag from /home/dataengineer/.pyenv/versions/3.9.21/lib/python3.9/site-packages/airflow/example_dags/example_short_circuit_operator.py
[2025-03-08T02:37:24.696+0700] {processor.py:925} INFO - DAG(s) 'example_short_circuit_operator' retrieved from /home/dataengineer/.pyenv/versions/3.9.21/lib/python3.9/site-packages/airflow/example_dags/example_short_circuit_operator.py
[2025-03-08T02:37:24.713+0700] {logging_mixin.py:190} INFO - [2025-03-08T02:37:24.713+0700] {dag.py:3239} INFO - Sync 1 DAGs
[2025-03-08T02:37:24.726+0700] {logging_mixin.py:190} INFO - [2025-03-08T02:37:24.725+0700] {dag.py:4180} INFO - Setting next_dagrun for example_short_circuit_operator to None, run_after=None
[2025-03-08T02:37:24.745+0700] {processor.py:208} INFO - Processing /home/dataengineer/.pyenv/versions/3.9.21/lib/python3.9/site-packages/airflow/example_dags/example_short_circuit_operator.py took 0.066 seconds
[2025-03-08T02:38:31.321+0700] {processor.py:186} INFO - Started process (PID=72222) to work on /home/dataengineer/.pyenv/versions/3.9.21/lib/python3.9/site-packages/airflow/example_dags/example_short_circuit_operator.py
[2025-03-08T02:38:31.322+0700] {processor.py:914} INFO - Processing file /home/dataengineer/.pyenv/versions/3.9.21/lib/python3.9/site-packages/airflow/example_dags/example_short_circuit_operator.py for tasks to queue
[2025-03-08T02:38:31.324+0700] {logging_mixin.py:190} INFO - [2025-03-08T02:38:31.323+0700] {dagbag.py:588} INFO - Filling up the DagBag from /home/dataengineer/.pyenv/versions/3.9.21/lib/python3.9/site-packages/airflow/example_dags/example_short_circuit_operator.py
[2025-03-08T02:38:31.333+0700] {processor.py:925} INFO - DAG(s) 'example_short_circuit_operator' retrieved from /home/dataengineer/.pyenv/versions/3.9.21/lib/python3.9/site-packages/airflow/example_dags/example_short_circuit_operator.py
[2025-03-08T02:38:31.357+0700] {logging_mixin.py:190} INFO - [2025-03-08T02:38:31.357+0700] {dag.py:3239} INFO - Sync 1 DAGs
[2025-03-08T02:38:31.370+0700] {logging_mixin.py:190} INFO - [2025-03-08T02:38:31.369+0700] {dag.py:4180} INFO - Setting next_dagrun for example_short_circuit_operator to None, run_after=None
[2025-03-08T02:38:31.391+0700] {processor.py:208} INFO - Processing /home/dataengineer/.pyenv/versions/3.9.21/lib/python3.9/site-packages/airflow/example_dags/example_short_circuit_operator.py took 0.076 seconds
[2025-03-08T02:39:34.582+0700] {processor.py:186} INFO - Started process (PID=72772) to work on /home/dataengineer/.pyenv/versions/3.9.21/lib/python3.9/site-packages/airflow/example_dags/example_short_circuit_operator.py
[2025-03-08T02:39:34.584+0700] {processor.py:914} INFO - Processing file /home/dataengineer/.pyenv/versions/3.9.21/lib/python3.9/site-packages/airflow/example_dags/example_short_circuit_operator.py for tasks to queue
[2025-03-08T02:39:34.586+0700] {logging_mixin.py:190} INFO - [2025-03-08T02:39:34.586+0700] {dagbag.py:588} INFO - Filling up the DagBag from /home/dataengineer/.pyenv/versions/3.9.21/lib/python3.9/site-packages/airflow/example_dags/example_short_circuit_operator.py
[2025-03-08T02:39:34.596+0700] {processor.py:925} INFO - DAG(s) 'example_short_circuit_operator' retrieved from /home/dataengineer/.pyenv/versions/3.9.21/lib/python3.9/site-packages/airflow/example_dags/example_short_circuit_operator.py
[2025-03-08T02:39:34.618+0700] {logging_mixin.py:190} INFO - [2025-03-08T02:39:34.617+0700] {dag.py:3239} INFO - Sync 1 DAGs
[2025-03-08T02:39:34.632+0700] {logging_mixin.py:190} INFO - [2025-03-08T02:39:34.632+0700] {dag.py:4180} INFO - Setting next_dagrun for example_short_circuit_operator to None, run_after=None
[2025-03-08T02:39:34.658+0700] {processor.py:208} INFO - Processing /home/dataengineer/.pyenv/versions/3.9.21/lib/python3.9/site-packages/airflow/example_dags/example_short_circuit_operator.py took 0.082 seconds
