[2025-03-08T00:57:19.767+0700] {processor.py:186} INFO - Started process (PID=36606) to work on /home/dataengineer/.pyenv/versions/3.9.21/lib/python3.9/site-packages/airflow/example_dags/example_latest_only_with_trigger.py
[2025-03-08T00:57:19.767+0700] {processor.py:914} INFO - Processing file /home/dataengineer/.pyenv/versions/3.9.21/lib/python3.9/site-packages/airflow/example_dags/example_latest_only_with_trigger.py for tasks to queue
[2025-03-08T00:57:19.769+0700] {logging_mixin.py:190} INFO - [2025-03-08T00:57:19.769+0700] {dagbag.py:588} INFO - Filling up the DagBag from /home/dataengineer/.pyenv/versions/3.9.21/lib/python3.9/site-packages/airflow/example_dags/example_latest_only_with_trigger.py
[2025-03-08T00:57:19.776+0700] {processor.py:925} INFO - DAG(s) 'latest_only_with_trigger' retrieved from /home/dataengineer/.pyenv/versions/3.9.21/lib/python3.9/site-packages/airflow/example_dags/example_latest_only_with_trigger.py
[2025-03-08T00:57:19.791+0700] {logging_mixin.py:190} INFO - [2025-03-08T00:57:19.791+0700] {dag.py:3239} INFO - Sync 1 DAGs
[2025-03-08T00:57:19.810+0700] {logging_mixin.py:190} INFO - [2025-03-08T00:57:19.810+0700] {dag.py:4180} INFO - Setting next_dagrun for latest_only_with_trigger to 2025-03-07 12:00:00+00:00, run_after=2025-03-07 16:00:00+00:00
[2025-03-08T00:57:19.833+0700] {processor.py:208} INFO - Processing /home/dataengineer/.pyenv/versions/3.9.21/lib/python3.9/site-packages/airflow/example_dags/example_latest_only_with_trigger.py took 0.072 seconds
[2025-03-08T00:58:24.670+0700] {processor.py:186} INFO - Started process (PID=37180) to work on /home/dataengineer/.pyenv/versions/3.9.21/lib/python3.9/site-packages/airflow/example_dags/example_latest_only_with_trigger.py
[2025-03-08T00:58:24.672+0700] {processor.py:914} INFO - Processing file /home/dataengineer/.pyenv/versions/3.9.21/lib/python3.9/site-packages/airflow/example_dags/example_latest_only_with_trigger.py for tasks to queue
[2025-03-08T00:58:24.674+0700] {logging_mixin.py:190} INFO - [2025-03-08T00:58:24.674+0700] {dagbag.py:588} INFO - Filling up the DagBag from /home/dataengineer/.pyenv/versions/3.9.21/lib/python3.9/site-packages/airflow/example_dags/example_latest_only_with_trigger.py
[2025-03-08T00:58:24.684+0700] {processor.py:925} INFO - DAG(s) 'latest_only_with_trigger' retrieved from /home/dataengineer/.pyenv/versions/3.9.21/lib/python3.9/site-packages/airflow/example_dags/example_latest_only_with_trigger.py
[2025-03-08T00:58:24.699+0700] {logging_mixin.py:190} INFO - [2025-03-08T00:58:24.699+0700] {dag.py:3239} INFO - Sync 1 DAGs
[2025-03-08T00:58:24.718+0700] {logging_mixin.py:190} INFO - [2025-03-08T00:58:24.717+0700] {dag.py:4180} INFO - Setting next_dagrun for latest_only_with_trigger to 2025-03-07 12:00:00+00:00, run_after=2025-03-07 16:00:00+00:00
[2025-03-08T00:58:24.739+0700] {processor.py:208} INFO - Processing /home/dataengineer/.pyenv/versions/3.9.21/lib/python3.9/site-packages/airflow/example_dags/example_latest_only_with_trigger.py took 0.074 seconds
[2025-03-08T00:59:27.057+0700] {processor.py:186} INFO - Started process (PID=37609) to work on /home/dataengineer/.pyenv/versions/3.9.21/lib/python3.9/site-packages/airflow/example_dags/example_latest_only_with_trigger.py
[2025-03-08T00:59:27.058+0700] {processor.py:914} INFO - Processing file /home/dataengineer/.pyenv/versions/3.9.21/lib/python3.9/site-packages/airflow/example_dags/example_latest_only_with_trigger.py for tasks to queue
[2025-03-08T00:59:27.061+0700] {logging_mixin.py:190} INFO - [2025-03-08T00:59:27.060+0700] {dagbag.py:588} INFO - Filling up the DagBag from /home/dataengineer/.pyenv/versions/3.9.21/lib/python3.9/site-packages/airflow/example_dags/example_latest_only_with_trigger.py
[2025-03-08T00:59:27.067+0700] {processor.py:925} INFO - DAG(s) 'latest_only_with_trigger' retrieved from /home/dataengineer/.pyenv/versions/3.9.21/lib/python3.9/site-packages/airflow/example_dags/example_latest_only_with_trigger.py
[2025-03-08T00:59:27.080+0700] {logging_mixin.py:190} INFO - [2025-03-08T00:59:27.080+0700] {dag.py:3239} INFO - Sync 1 DAGs
[2025-03-08T00:59:27.097+0700] {logging_mixin.py:190} INFO - [2025-03-08T00:59:27.097+0700] {dag.py:4180} INFO - Setting next_dagrun for latest_only_with_trigger to 2025-03-07 12:00:00+00:00, run_after=2025-03-07 16:00:00+00:00
[2025-03-08T00:59:27.114+0700] {processor.py:208} INFO - Processing /home/dataengineer/.pyenv/versions/3.9.21/lib/python3.9/site-packages/airflow/example_dags/example_latest_only_with_trigger.py took 0.062 seconds
[2025-03-08T01:00:28.749+0700] {processor.py:186} INFO - Started process (PID=38037) to work on /home/dataengineer/.pyenv/versions/3.9.21/lib/python3.9/site-packages/airflow/example_dags/example_latest_only_with_trigger.py
[2025-03-08T01:00:28.750+0700] {processor.py:914} INFO - Processing file /home/dataengineer/.pyenv/versions/3.9.21/lib/python3.9/site-packages/airflow/example_dags/example_latest_only_with_trigger.py for tasks to queue
[2025-03-08T01:00:28.753+0700] {logging_mixin.py:190} INFO - [2025-03-08T01:00:28.752+0700] {dagbag.py:588} INFO - Filling up the DagBag from /home/dataengineer/.pyenv/versions/3.9.21/lib/python3.9/site-packages/airflow/example_dags/example_latest_only_with_trigger.py
[2025-03-08T01:00:28.760+0700] {processor.py:925} INFO - DAG(s) 'latest_only_with_trigger' retrieved from /home/dataengineer/.pyenv/versions/3.9.21/lib/python3.9/site-packages/airflow/example_dags/example_latest_only_with_trigger.py
[2025-03-08T01:00:28.775+0700] {logging_mixin.py:190} INFO - [2025-03-08T01:00:28.775+0700] {dag.py:3239} INFO - Sync 1 DAGs
[2025-03-08T01:00:28.796+0700] {logging_mixin.py:190} INFO - [2025-03-08T01:00:28.796+0700] {dag.py:4180} INFO - Setting next_dagrun for latest_only_with_trigger to 2025-03-07 12:00:00+00:00, run_after=2025-03-07 16:00:00+00:00
[2025-03-08T01:00:28.817+0700] {processor.py:208} INFO - Processing /home/dataengineer/.pyenv/versions/3.9.21/lib/python3.9/site-packages/airflow/example_dags/example_latest_only_with_trigger.py took 0.073 seconds
[2025-03-08T01:01:30.343+0700] {processor.py:186} INFO - Started process (PID=38496) to work on /home/dataengineer/.pyenv/versions/3.9.21/lib/python3.9/site-packages/airflow/example_dags/example_latest_only_with_trigger.py
[2025-03-08T01:01:30.344+0700] {processor.py:914} INFO - Processing file /home/dataengineer/.pyenv/versions/3.9.21/lib/python3.9/site-packages/airflow/example_dags/example_latest_only_with_trigger.py for tasks to queue
[2025-03-08T01:01:30.347+0700] {logging_mixin.py:190} INFO - [2025-03-08T01:01:30.346+0700] {dagbag.py:588} INFO - Filling up the DagBag from /home/dataengineer/.pyenv/versions/3.9.21/lib/python3.9/site-packages/airflow/example_dags/example_latest_only_with_trigger.py
[2025-03-08T01:01:30.355+0700] {processor.py:925} INFO - DAG(s) 'latest_only_with_trigger' retrieved from /home/dataengineer/.pyenv/versions/3.9.21/lib/python3.9/site-packages/airflow/example_dags/example_latest_only_with_trigger.py
[2025-03-08T01:01:30.370+0700] {logging_mixin.py:190} INFO - [2025-03-08T01:01:30.370+0700] {dag.py:3239} INFO - Sync 1 DAGs
[2025-03-08T01:01:30.391+0700] {logging_mixin.py:190} INFO - [2025-03-08T01:01:30.391+0700] {dag.py:4180} INFO - Setting next_dagrun for latest_only_with_trigger to 2025-03-07 12:00:00+00:00, run_after=2025-03-07 16:00:00+00:00
[2025-03-08T01:01:30.412+0700] {processor.py:208} INFO - Processing /home/dataengineer/.pyenv/versions/3.9.21/lib/python3.9/site-packages/airflow/example_dags/example_latest_only_with_trigger.py took 0.075 seconds
[2025-03-08T01:02:30.974+0700] {processor.py:186} INFO - Started process (PID=39001) to work on /home/dataengineer/.pyenv/versions/3.9.21/lib/python3.9/site-packages/airflow/example_dags/example_latest_only_with_trigger.py
[2025-03-08T01:02:30.975+0700] {processor.py:914} INFO - Processing file /home/dataengineer/.pyenv/versions/3.9.21/lib/python3.9/site-packages/airflow/example_dags/example_latest_only_with_trigger.py for tasks to queue
[2025-03-08T01:02:30.977+0700] {logging_mixin.py:190} INFO - [2025-03-08T01:02:30.977+0700] {dagbag.py:588} INFO - Filling up the DagBag from /home/dataengineer/.pyenv/versions/3.9.21/lib/python3.9/site-packages/airflow/example_dags/example_latest_only_with_trigger.py
[2025-03-08T01:02:30.986+0700] {processor.py:925} INFO - DAG(s) 'latest_only_with_trigger' retrieved from /home/dataengineer/.pyenv/versions/3.9.21/lib/python3.9/site-packages/airflow/example_dags/example_latest_only_with_trigger.py
[2025-03-08T01:02:31.002+0700] {logging_mixin.py:190} INFO - [2025-03-08T01:02:31.001+0700] {dag.py:3239} INFO - Sync 1 DAGs
[2025-03-08T01:02:31.021+0700] {logging_mixin.py:190} INFO - [2025-03-08T01:02:31.021+0700] {dag.py:4180} INFO - Setting next_dagrun for latest_only_with_trigger to 2025-03-07 12:00:00+00:00, run_after=2025-03-07 16:00:00+00:00
[2025-03-08T01:02:31.044+0700] {processor.py:208} INFO - Processing /home/dataengineer/.pyenv/versions/3.9.21/lib/python3.9/site-packages/airflow/example_dags/example_latest_only_with_trigger.py took 0.076 seconds
[2025-03-08T01:03:32.521+0700] {processor.py:186} INFO - Started process (PID=39722) to work on /home/dataengineer/.pyenv/versions/3.9.21/lib/python3.9/site-packages/airflow/example_dags/example_latest_only_with_trigger.py
[2025-03-08T01:03:32.522+0700] {processor.py:914} INFO - Processing file /home/dataengineer/.pyenv/versions/3.9.21/lib/python3.9/site-packages/airflow/example_dags/example_latest_only_with_trigger.py for tasks to queue
[2025-03-08T01:03:32.524+0700] {logging_mixin.py:190} INFO - [2025-03-08T01:03:32.524+0700] {dagbag.py:588} INFO - Filling up the DagBag from /home/dataengineer/.pyenv/versions/3.9.21/lib/python3.9/site-packages/airflow/example_dags/example_latest_only_with_trigger.py
[2025-03-08T01:03:32.532+0700] {processor.py:925} INFO - DAG(s) 'latest_only_with_trigger' retrieved from /home/dataengineer/.pyenv/versions/3.9.21/lib/python3.9/site-packages/airflow/example_dags/example_latest_only_with_trigger.py
[2025-03-08T01:03:32.549+0700] {logging_mixin.py:190} INFO - [2025-03-08T01:03:32.549+0700] {dag.py:3239} INFO - Sync 1 DAGs
[2025-03-08T01:03:32.573+0700] {logging_mixin.py:190} INFO - [2025-03-08T01:03:32.572+0700] {dag.py:4180} INFO - Setting next_dagrun for latest_only_with_trigger to 2025-03-07 12:00:00+00:00, run_after=2025-03-07 16:00:00+00:00
[2025-03-08T01:03:32.590+0700] {processor.py:208} INFO - Processing /home/dataengineer/.pyenv/versions/3.9.21/lib/python3.9/site-packages/airflow/example_dags/example_latest_only_with_trigger.py took 0.075 seconds
[2025-03-08T01:04:32.961+0700] {processor.py:186} INFO - Started process (PID=41301) to work on /home/dataengineer/.pyenv/versions/3.9.21/lib/python3.9/site-packages/airflow/example_dags/example_latest_only_with_trigger.py
[2025-03-08T01:04:32.962+0700] {processor.py:914} INFO - Processing file /home/dataengineer/.pyenv/versions/3.9.21/lib/python3.9/site-packages/airflow/example_dags/example_latest_only_with_trigger.py for tasks to queue
[2025-03-08T01:04:32.965+0700] {logging_mixin.py:190} INFO - [2025-03-08T01:04:32.964+0700] {dagbag.py:588} INFO - Filling up the DagBag from /home/dataengineer/.pyenv/versions/3.9.21/lib/python3.9/site-packages/airflow/example_dags/example_latest_only_with_trigger.py
[2025-03-08T01:04:32.974+0700] {processor.py:925} INFO - DAG(s) 'latest_only_with_trigger' retrieved from /home/dataengineer/.pyenv/versions/3.9.21/lib/python3.9/site-packages/airflow/example_dags/example_latest_only_with_trigger.py
[2025-03-08T01:04:32.989+0700] {logging_mixin.py:190} INFO - [2025-03-08T01:04:32.989+0700] {dag.py:3239} INFO - Sync 1 DAGs
[2025-03-08T01:04:33.009+0700] {logging_mixin.py:190} INFO - [2025-03-08T01:04:33.008+0700] {dag.py:4180} INFO - Setting next_dagrun for latest_only_with_trigger to 2025-03-07 12:00:00+00:00, run_after=2025-03-07 16:00:00+00:00
[2025-03-08T01:04:33.028+0700] {processor.py:208} INFO - Processing /home/dataengineer/.pyenv/versions/3.9.21/lib/python3.9/site-packages/airflow/example_dags/example_latest_only_with_trigger.py took 0.073 seconds
[2025-03-08T02:29:53.526+0700] {processor.py:186} INFO - Started process (PID=67806) to work on /home/dataengineer/.pyenv/versions/3.9.21/lib/python3.9/site-packages/airflow/example_dags/example_latest_only_with_trigger.py
[2025-03-08T02:29:53.527+0700] {processor.py:914} INFO - Processing file /home/dataengineer/.pyenv/versions/3.9.21/lib/python3.9/site-packages/airflow/example_dags/example_latest_only_with_trigger.py for tasks to queue
[2025-03-08T02:29:53.530+0700] {logging_mixin.py:190} INFO - [2025-03-08T02:29:53.530+0700] {dagbag.py:588} INFO - Filling up the DagBag from /home/dataengineer/.pyenv/versions/3.9.21/lib/python3.9/site-packages/airflow/example_dags/example_latest_only_with_trigger.py
[2025-03-08T02:29:53.538+0700] {processor.py:925} INFO - DAG(s) 'latest_only_with_trigger' retrieved from /home/dataengineer/.pyenv/versions/3.9.21/lib/python3.9/site-packages/airflow/example_dags/example_latest_only_with_trigger.py
[2025-03-08T02:29:53.554+0700] {logging_mixin.py:190} INFO - [2025-03-08T02:29:53.554+0700] {dag.py:3239} INFO - Sync 1 DAGs
[2025-03-08T02:29:53.572+0700] {logging_mixin.py:190} INFO - [2025-03-08T02:29:53.572+0700] {dag.py:4180} INFO - Setting next_dagrun for latest_only_with_trigger to 2025-03-07 12:00:00+00:00, run_after=2025-03-07 16:00:00+00:00
[2025-03-08T02:29:53.593+0700] {processor.py:208} INFO - Processing /home/dataengineer/.pyenv/versions/3.9.21/lib/python3.9/site-packages/airflow/example_dags/example_latest_only_with_trigger.py took 0.074 seconds
[2025-03-08T02:31:14.169+0700] {processor.py:186} INFO - Started process (PID=68389) to work on /home/dataengineer/.pyenv/versions/3.9.21/lib/python3.9/site-packages/airflow/example_dags/example_latest_only_with_trigger.py
[2025-03-08T02:31:14.170+0700] {processor.py:914} INFO - Processing file /home/dataengineer/.pyenv/versions/3.9.21/lib/python3.9/site-packages/airflow/example_dags/example_latest_only_with_trigger.py for tasks to queue
[2025-03-08T02:31:14.171+0700] {logging_mixin.py:190} INFO - [2025-03-08T02:31:14.171+0700] {dagbag.py:588} INFO - Filling up the DagBag from /home/dataengineer/.pyenv/versions/3.9.21/lib/python3.9/site-packages/airflow/example_dags/example_latest_only_with_trigger.py
[2025-03-08T02:31:14.179+0700] {processor.py:925} INFO - DAG(s) 'latest_only_with_trigger' retrieved from /home/dataengineer/.pyenv/versions/3.9.21/lib/python3.9/site-packages/airflow/example_dags/example_latest_only_with_trigger.py
[2025-03-08T02:31:14.193+0700] {logging_mixin.py:190} INFO - [2025-03-08T02:31:14.193+0700] {dag.py:3239} INFO - Sync 1 DAGs
[2025-03-08T02:31:14.212+0700] {logging_mixin.py:190} INFO - [2025-03-08T02:31:14.212+0700] {dag.py:4180} INFO - Setting next_dagrun for latest_only_with_trigger to 2025-03-07 12:00:00+00:00, run_after=2025-03-07 16:00:00+00:00
[2025-03-08T02:31:14.232+0700] {processor.py:208} INFO - Processing /home/dataengineer/.pyenv/versions/3.9.21/lib/python3.9/site-packages/airflow/example_dags/example_latest_only_with_trigger.py took 0.070 seconds
[2025-03-08T02:32:11.755+0700] {processor.py:186} INFO - Started process (PID=68983) to work on /home/dataengineer/.pyenv/versions/3.9.21/lib/python3.9/site-packages/airflow/example_dags/example_latest_only_with_trigger.py
[2025-03-08T02:32:11.756+0700] {processor.py:914} INFO - Processing file /home/dataengineer/.pyenv/versions/3.9.21/lib/python3.9/site-packages/airflow/example_dags/example_latest_only_with_trigger.py for tasks to queue
[2025-03-08T02:32:11.758+0700] {logging_mixin.py:190} INFO - [2025-03-08T02:32:11.757+0700] {dagbag.py:588} INFO - Filling up the DagBag from /home/dataengineer/.pyenv/versions/3.9.21/lib/python3.9/site-packages/airflow/example_dags/example_latest_only_with_trigger.py
[2025-03-08T02:32:11.766+0700] {processor.py:925} INFO - DAG(s) 'latest_only_with_trigger' retrieved from /home/dataengineer/.pyenv/versions/3.9.21/lib/python3.9/site-packages/airflow/example_dags/example_latest_only_with_trigger.py
[2025-03-08T02:32:11.781+0700] {logging_mixin.py:190} INFO - [2025-03-08T02:32:11.780+0700] {dag.py:3239} INFO - Sync 1 DAGs
[2025-03-08T02:32:11.801+0700] {logging_mixin.py:190} INFO - [2025-03-08T02:32:11.801+0700] {dag.py:4180} INFO - Setting next_dagrun for latest_only_with_trigger to 2025-03-07 12:00:00+00:00, run_after=2025-03-07 16:00:00+00:00
[2025-03-08T02:32:11.823+0700] {processor.py:208} INFO - Processing /home/dataengineer/.pyenv/versions/3.9.21/lib/python3.9/site-packages/airflow/example_dags/example_latest_only_with_trigger.py took 0.074 seconds
[2025-03-08T02:33:09.775+0700] {processor.py:186} INFO - Started process (PID=69244) to work on /home/dataengineer/.pyenv/versions/3.9.21/lib/python3.9/site-packages/airflow/example_dags/example_latest_only_with_trigger.py
[2025-03-08T02:33:09.776+0700] {processor.py:914} INFO - Processing file /home/dataengineer/.pyenv/versions/3.9.21/lib/python3.9/site-packages/airflow/example_dags/example_latest_only_with_trigger.py for tasks to queue
[2025-03-08T02:33:09.777+0700] {logging_mixin.py:190} INFO - [2025-03-08T02:33:09.777+0700] {dagbag.py:588} INFO - Filling up the DagBag from /home/dataengineer/.pyenv/versions/3.9.21/lib/python3.9/site-packages/airflow/example_dags/example_latest_only_with_trigger.py
[2025-03-08T02:33:09.786+0700] {processor.py:925} INFO - DAG(s) 'latest_only_with_trigger' retrieved from /home/dataengineer/.pyenv/versions/3.9.21/lib/python3.9/site-packages/airflow/example_dags/example_latest_only_with_trigger.py
[2025-03-08T02:33:09.803+0700] {logging_mixin.py:190} INFO - [2025-03-08T02:33:09.803+0700] {dag.py:3239} INFO - Sync 1 DAGs
[2025-03-08T02:33:09.823+0700] {logging_mixin.py:190} INFO - [2025-03-08T02:33:09.823+0700] {dag.py:4180} INFO - Setting next_dagrun for latest_only_with_trigger to 2025-03-07 12:00:00+00:00, run_after=2025-03-07 16:00:00+00:00
[2025-03-08T02:33:09.849+0700] {processor.py:208} INFO - Processing /home/dataengineer/.pyenv/versions/3.9.21/lib/python3.9/site-packages/airflow/example_dags/example_latest_only_with_trigger.py took 0.080 seconds
[2025-03-08T02:35:15.635+0700] {processor.py:186} INFO - Started process (PID=70480) to work on /home/dataengineer/.pyenv/versions/3.9.21/lib/python3.9/site-packages/airflow/example_dags/example_latest_only_with_trigger.py
[2025-03-08T02:35:15.636+0700] {processor.py:914} INFO - Processing file /home/dataengineer/.pyenv/versions/3.9.21/lib/python3.9/site-packages/airflow/example_dags/example_latest_only_with_trigger.py for tasks to queue
[2025-03-08T02:35:15.638+0700] {logging_mixin.py:190} INFO - [2025-03-08T02:35:15.637+0700] {dagbag.py:588} INFO - Filling up the DagBag from /home/dataengineer/.pyenv/versions/3.9.21/lib/python3.9/site-packages/airflow/example_dags/example_latest_only_with_trigger.py
[2025-03-08T02:35:15.645+0700] {processor.py:925} INFO - DAG(s) 'latest_only_with_trigger' retrieved from /home/dataengineer/.pyenv/versions/3.9.21/lib/python3.9/site-packages/airflow/example_dags/example_latest_only_with_trigger.py
[2025-03-08T02:35:15.660+0700] {logging_mixin.py:190} INFO - [2025-03-08T02:35:15.660+0700] {dag.py:3239} INFO - Sync 1 DAGs
[2025-03-08T02:35:15.680+0700] {logging_mixin.py:190} INFO - [2025-03-08T02:35:15.680+0700] {dag.py:4180} INFO - Setting next_dagrun for latest_only_with_trigger to 2025-03-07 12:00:00+00:00, run_after=2025-03-07 16:00:00+00:00
[2025-03-08T02:35:15.701+0700] {processor.py:208} INFO - Processing /home/dataengineer/.pyenv/versions/3.9.21/lib/python3.9/site-packages/airflow/example_dags/example_latest_only_with_trigger.py took 0.072 seconds
[2025-03-08T02:36:16.738+0700] {processor.py:186} INFO - Started process (PID=70905) to work on /home/dataengineer/.pyenv/versions/3.9.21/lib/python3.9/site-packages/airflow/example_dags/example_latest_only_with_trigger.py
[2025-03-08T02:36:16.740+0700] {processor.py:914} INFO - Processing file /home/dataengineer/.pyenv/versions/3.9.21/lib/python3.9/site-packages/airflow/example_dags/example_latest_only_with_trigger.py for tasks to queue
[2025-03-08T02:36:16.742+0700] {logging_mixin.py:190} INFO - [2025-03-08T02:36:16.742+0700] {dagbag.py:588} INFO - Filling up the DagBag from /home/dataengineer/.pyenv/versions/3.9.21/lib/python3.9/site-packages/airflow/example_dags/example_latest_only_with_trigger.py
[2025-03-08T02:36:16.751+0700] {processor.py:925} INFO - DAG(s) 'latest_only_with_trigger' retrieved from /home/dataengineer/.pyenv/versions/3.9.21/lib/python3.9/site-packages/airflow/example_dags/example_latest_only_with_trigger.py
[2025-03-08T02:36:16.764+0700] {logging_mixin.py:190} INFO - [2025-03-08T02:36:16.764+0700] {dag.py:3239} INFO - Sync 1 DAGs
[2025-03-08T02:36:16.783+0700] {logging_mixin.py:190} INFO - [2025-03-08T02:36:16.782+0700] {dag.py:4180} INFO - Setting next_dagrun for latest_only_with_trigger to 2025-03-07 12:00:00+00:00, run_after=2025-03-07 16:00:00+00:00
[2025-03-08T02:36:16.801+0700] {processor.py:208} INFO - Processing /home/dataengineer/.pyenv/versions/3.9.21/lib/python3.9/site-packages/airflow/example_dags/example_latest_only_with_trigger.py took 0.068 seconds
[2025-03-08T02:37:18.367+0700] {processor.py:186} INFO - Started process (PID=71353) to work on /home/dataengineer/.pyenv/versions/3.9.21/lib/python3.9/site-packages/airflow/example_dags/example_latest_only_with_trigger.py
[2025-03-08T02:37:18.369+0700] {processor.py:914} INFO - Processing file /home/dataengineer/.pyenv/versions/3.9.21/lib/python3.9/site-packages/airflow/example_dags/example_latest_only_with_trigger.py for tasks to queue
[2025-03-08T02:37:18.371+0700] {logging_mixin.py:190} INFO - [2025-03-08T02:37:18.371+0700] {dagbag.py:588} INFO - Filling up the DagBag from /home/dataengineer/.pyenv/versions/3.9.21/lib/python3.9/site-packages/airflow/example_dags/example_latest_only_with_trigger.py
[2025-03-08T02:37:18.378+0700] {processor.py:925} INFO - DAG(s) 'latest_only_with_trigger' retrieved from /home/dataengineer/.pyenv/versions/3.9.21/lib/python3.9/site-packages/airflow/example_dags/example_latest_only_with_trigger.py
[2025-03-08T02:37:18.392+0700] {logging_mixin.py:190} INFO - [2025-03-08T02:37:18.391+0700] {dag.py:3239} INFO - Sync 1 DAGs
[2025-03-08T02:37:18.410+0700] {logging_mixin.py:190} INFO - [2025-03-08T02:37:18.410+0700] {dag.py:4180} INFO - Setting next_dagrun for latest_only_with_trigger to 2025-03-07 12:00:00+00:00, run_after=2025-03-07 16:00:00+00:00
[2025-03-08T02:37:18.428+0700] {processor.py:208} INFO - Processing /home/dataengineer/.pyenv/versions/3.9.21/lib/python3.9/site-packages/airflow/example_dags/example_latest_only_with_trigger.py took 0.066 seconds
[2025-03-08T02:39:23.602+0700] {processor.py:186} INFO - Started process (PID=72541) to work on /home/dataengineer/.pyenv/versions/3.9.21/lib/python3.9/site-packages/airflow/example_dags/example_latest_only_with_trigger.py
[2025-03-08T02:39:23.604+0700] {processor.py:914} INFO - Processing file /home/dataengineer/.pyenv/versions/3.9.21/lib/python3.9/site-packages/airflow/example_dags/example_latest_only_with_trigger.py for tasks to queue
[2025-03-08T02:39:23.606+0700] {logging_mixin.py:190} INFO - [2025-03-08T02:39:23.606+0700] {dagbag.py:588} INFO - Filling up the DagBag from /home/dataengineer/.pyenv/versions/3.9.21/lib/python3.9/site-packages/airflow/example_dags/example_latest_only_with_trigger.py
[2025-03-08T02:39:23.615+0700] {processor.py:925} INFO - DAG(s) 'latest_only_with_trigger' retrieved from /home/dataengineer/.pyenv/versions/3.9.21/lib/python3.9/site-packages/airflow/example_dags/example_latest_only_with_trigger.py
[2025-03-08T02:39:23.639+0700] {logging_mixin.py:190} INFO - [2025-03-08T02:39:23.638+0700] {dag.py:3239} INFO - Sync 1 DAGs
[2025-03-08T02:39:23.663+0700] {logging_mixin.py:190} INFO - [2025-03-08T02:39:23.662+0700] {dag.py:4180} INFO - Setting next_dagrun for latest_only_with_trigger to 2025-03-07 12:00:00+00:00, run_after=2025-03-07 16:00:00+00:00
[2025-03-08T02:39:23.693+0700] {processor.py:208} INFO - Processing /home/dataengineer/.pyenv/versions/3.9.21/lib/python3.9/site-packages/airflow/example_dags/example_latest_only_with_trigger.py took 0.097 seconds
