[2025-03-08T00:56:41.329+0700] {processor.py:186} INFO - Started process (PID=36337) to work on /home/dataengineer/.pyenv/versions/3.9.21/lib/python3.9/site-packages/airflow/example_dags/example_time_delta_sensor_async.py
[2025-03-08T00:56:41.330+0700] {processor.py:914} INFO - Processing file /home/dataengineer/.pyenv/versions/3.9.21/lib/python3.9/site-packages/airflow/example_dags/example_time_delta_sensor_async.py for tasks to queue
[2025-03-08T00:56:41.332+0700] {logging_mixin.py:190} INFO - [2025-03-08T00:56:41.332+0700] {dagbag.py:588} INFO - Filling up the DagBag from /home/dataengineer/.pyenv/versions/3.9.21/lib/python3.9/site-packages/airflow/example_dags/example_time_delta_sensor_async.py
[2025-03-08T00:56:41.340+0700] {processor.py:925} INFO - DAG(s) 'example_time_delta_sensor_async' retrieved from /home/dataengineer/.pyenv/versions/3.9.21/lib/python3.9/site-packages/airflow/example_dags/example_time_delta_sensor_async.py
[2025-03-08T00:56:41.363+0700] {logging_mixin.py:190} INFO - [2025-03-08T00:56:41.363+0700] {dag.py:3239} INFO - Sync 1 DAGs
[2025-03-08T00:56:41.378+0700] {logging_mixin.py:190} INFO - [2025-03-08T00:56:41.377+0700] {dag.py:4180} INFO - Setting next_dagrun for example_time_delta_sensor_async to None, run_after=None
[2025-03-08T00:56:41.403+0700] {processor.py:208} INFO - Processing /home/dataengineer/.pyenv/versions/3.9.21/lib/python3.9/site-packages/airflow/example_dags/example_time_delta_sensor_async.py took 0.080 seconds
[2025-03-08T00:57:46.949+0700] {processor.py:186} INFO - Started process (PID=36970) to work on /home/dataengineer/.pyenv/versions/3.9.21/lib/python3.9/site-packages/airflow/example_dags/example_time_delta_sensor_async.py
[2025-03-08T00:57:46.950+0700] {processor.py:914} INFO - Processing file /home/dataengineer/.pyenv/versions/3.9.21/lib/python3.9/site-packages/airflow/example_dags/example_time_delta_sensor_async.py for tasks to queue
[2025-03-08T00:57:46.952+0700] {logging_mixin.py:190} INFO - [2025-03-08T00:57:46.952+0700] {dagbag.py:588} INFO - Filling up the DagBag from /home/dataengineer/.pyenv/versions/3.9.21/lib/python3.9/site-packages/airflow/example_dags/example_time_delta_sensor_async.py
[2025-03-08T00:57:46.959+0700] {processor.py:925} INFO - DAG(s) 'example_time_delta_sensor_async' retrieved from /home/dataengineer/.pyenv/versions/3.9.21/lib/python3.9/site-packages/airflow/example_dags/example_time_delta_sensor_async.py
[2025-03-08T00:57:46.973+0700] {logging_mixin.py:190} INFO - [2025-03-08T00:57:46.973+0700] {dag.py:3239} INFO - Sync 1 DAGs
[2025-03-08T00:57:46.986+0700] {logging_mixin.py:190} INFO - [2025-03-08T00:57:46.985+0700] {dag.py:4180} INFO - Setting next_dagrun for example_time_delta_sensor_async to None, run_after=None
[2025-03-08T00:57:47.006+0700] {processor.py:208} INFO - Processing /home/dataengineer/.pyenv/versions/3.9.21/lib/python3.9/site-packages/airflow/example_dags/example_time_delta_sensor_async.py took 0.062 seconds
[2025-03-08T00:58:47.724+0700] {processor.py:186} INFO - Started process (PID=37455) to work on /home/dataengineer/.pyenv/versions/3.9.21/lib/python3.9/site-packages/airflow/example_dags/example_time_delta_sensor_async.py
[2025-03-08T00:58:47.725+0700] {processor.py:914} INFO - Processing file /home/dataengineer/.pyenv/versions/3.9.21/lib/python3.9/site-packages/airflow/example_dags/example_time_delta_sensor_async.py for tasks to queue
[2025-03-08T00:58:47.727+0700] {logging_mixin.py:190} INFO - [2025-03-08T00:58:47.727+0700] {dagbag.py:588} INFO - Filling up the DagBag from /home/dataengineer/.pyenv/versions/3.9.21/lib/python3.9/site-packages/airflow/example_dags/example_time_delta_sensor_async.py
[2025-03-08T00:58:47.733+0700] {processor.py:925} INFO - DAG(s) 'example_time_delta_sensor_async' retrieved from /home/dataengineer/.pyenv/versions/3.9.21/lib/python3.9/site-packages/airflow/example_dags/example_time_delta_sensor_async.py
[2025-03-08T00:58:47.747+0700] {logging_mixin.py:190} INFO - [2025-03-08T00:58:47.747+0700] {dag.py:3239} INFO - Sync 1 DAGs
[2025-03-08T00:58:47.761+0700] {logging_mixin.py:190} INFO - [2025-03-08T00:58:47.760+0700] {dag.py:4180} INFO - Setting next_dagrun for example_time_delta_sensor_async to None, run_after=None
[2025-03-08T00:58:47.779+0700] {processor.py:208} INFO - Processing /home/dataengineer/.pyenv/versions/3.9.21/lib/python3.9/site-packages/airflow/example_dags/example_time_delta_sensor_async.py took 0.060 seconds
[2025-03-08T00:59:49.311+0700] {processor.py:186} INFO - Started process (PID=37882) to work on /home/dataengineer/.pyenv/versions/3.9.21/lib/python3.9/site-packages/airflow/example_dags/example_time_delta_sensor_async.py
[2025-03-08T00:59:49.312+0700] {processor.py:914} INFO - Processing file /home/dataengineer/.pyenv/versions/3.9.21/lib/python3.9/site-packages/airflow/example_dags/example_time_delta_sensor_async.py for tasks to queue
[2025-03-08T00:59:49.314+0700] {logging_mixin.py:190} INFO - [2025-03-08T00:59:49.313+0700] {dagbag.py:588} INFO - Filling up the DagBag from /home/dataengineer/.pyenv/versions/3.9.21/lib/python3.9/site-packages/airflow/example_dags/example_time_delta_sensor_async.py
[2025-03-08T00:59:49.320+0700] {processor.py:925} INFO - DAG(s) 'example_time_delta_sensor_async' retrieved from /home/dataengineer/.pyenv/versions/3.9.21/lib/python3.9/site-packages/airflow/example_dags/example_time_delta_sensor_async.py
[2025-03-08T00:59:49.333+0700] {logging_mixin.py:190} INFO - [2025-03-08T00:59:49.332+0700] {dag.py:3239} INFO - Sync 1 DAGs
[2025-03-08T00:59:49.346+0700] {logging_mixin.py:190} INFO - [2025-03-08T00:59:49.346+0700] {dag.py:4180} INFO - Setting next_dagrun for example_time_delta_sensor_async to None, run_after=None
[2025-03-08T00:59:49.366+0700] {processor.py:208} INFO - Processing /home/dataengineer/.pyenv/versions/3.9.21/lib/python3.9/site-packages/airflow/example_dags/example_time_delta_sensor_async.py took 0.062 seconds
[2025-03-08T01:00:50.968+0700] {processor.py:186} INFO - Started process (PID=38314) to work on /home/dataengineer/.pyenv/versions/3.9.21/lib/python3.9/site-packages/airflow/example_dags/example_time_delta_sensor_async.py
[2025-03-08T01:00:50.969+0700] {processor.py:914} INFO - Processing file /home/dataengineer/.pyenv/versions/3.9.21/lib/python3.9/site-packages/airflow/example_dags/example_time_delta_sensor_async.py for tasks to queue
[2025-03-08T01:00:50.971+0700] {logging_mixin.py:190} INFO - [2025-03-08T01:00:50.971+0700] {dagbag.py:588} INFO - Filling up the DagBag from /home/dataengineer/.pyenv/versions/3.9.21/lib/python3.9/site-packages/airflow/example_dags/example_time_delta_sensor_async.py
[2025-03-08T01:00:50.978+0700] {processor.py:925} INFO - DAG(s) 'example_time_delta_sensor_async' retrieved from /home/dataengineer/.pyenv/versions/3.9.21/lib/python3.9/site-packages/airflow/example_dags/example_time_delta_sensor_async.py
[2025-03-08T01:00:50.991+0700] {logging_mixin.py:190} INFO - [2025-03-08T01:00:50.991+0700] {dag.py:3239} INFO - Sync 1 DAGs
[2025-03-08T01:00:51.003+0700] {logging_mixin.py:190} INFO - [2025-03-08T01:00:51.003+0700] {dag.py:4180} INFO - Setting next_dagrun for example_time_delta_sensor_async to None, run_after=None
[2025-03-08T01:00:51.023+0700] {processor.py:208} INFO - Processing /home/dataengineer/.pyenv/versions/3.9.21/lib/python3.9/site-packages/airflow/example_dags/example_time_delta_sensor_async.py took 0.061 seconds
[2025-03-08T01:01:52.694+0700] {processor.py:186} INFO - Started process (PID=38769) to work on /home/dataengineer/.pyenv/versions/3.9.21/lib/python3.9/site-packages/airflow/example_dags/example_time_delta_sensor_async.py
[2025-03-08T01:01:52.695+0700] {processor.py:914} INFO - Processing file /home/dataengineer/.pyenv/versions/3.9.21/lib/python3.9/site-packages/airflow/example_dags/example_time_delta_sensor_async.py for tasks to queue
[2025-03-08T01:01:52.697+0700] {logging_mixin.py:190} INFO - [2025-03-08T01:01:52.697+0700] {dagbag.py:588} INFO - Filling up the DagBag from /home/dataengineer/.pyenv/versions/3.9.21/lib/python3.9/site-packages/airflow/example_dags/example_time_delta_sensor_async.py
[2025-03-08T01:01:52.703+0700] {processor.py:925} INFO - DAG(s) 'example_time_delta_sensor_async' retrieved from /home/dataengineer/.pyenv/versions/3.9.21/lib/python3.9/site-packages/airflow/example_dags/example_time_delta_sensor_async.py
[2025-03-08T01:01:52.715+0700] {logging_mixin.py:190} INFO - [2025-03-08T01:01:52.715+0700] {dag.py:3239} INFO - Sync 1 DAGs
[2025-03-08T01:01:52.727+0700] {logging_mixin.py:190} INFO - [2025-03-08T01:01:52.726+0700] {dag.py:4180} INFO - Setting next_dagrun for example_time_delta_sensor_async to None, run_after=None
[2025-03-08T01:01:52.746+0700] {processor.py:208} INFO - Processing /home/dataengineer/.pyenv/versions/3.9.21/lib/python3.9/site-packages/airflow/example_dags/example_time_delta_sensor_async.py took 0.057 seconds
[2025-03-08T01:02:55.226+0700] {processor.py:186} INFO - Started process (PID=39293) to work on /home/dataengineer/.pyenv/versions/3.9.21/lib/python3.9/site-packages/airflow/example_dags/example_time_delta_sensor_async.py
[2025-03-08T01:02:55.227+0700] {processor.py:914} INFO - Processing file /home/dataengineer/.pyenv/versions/3.9.21/lib/python3.9/site-packages/airflow/example_dags/example_time_delta_sensor_async.py for tasks to queue
[2025-03-08T01:02:55.230+0700] {logging_mixin.py:190} INFO - [2025-03-08T01:02:55.229+0700] {dagbag.py:588} INFO - Filling up the DagBag from /home/dataengineer/.pyenv/versions/3.9.21/lib/python3.9/site-packages/airflow/example_dags/example_time_delta_sensor_async.py
[2025-03-08T01:02:55.235+0700] {processor.py:925} INFO - DAG(s) 'example_time_delta_sensor_async' retrieved from /home/dataengineer/.pyenv/versions/3.9.21/lib/python3.9/site-packages/airflow/example_dags/example_time_delta_sensor_async.py
[2025-03-08T01:02:55.246+0700] {logging_mixin.py:190} INFO - [2025-03-08T01:02:55.246+0700] {dag.py:3239} INFO - Sync 1 DAGs
[2025-03-08T01:02:55.257+0700] {logging_mixin.py:190} INFO - [2025-03-08T01:02:55.257+0700] {dag.py:4180} INFO - Setting next_dagrun for example_time_delta_sensor_async to None, run_after=None
[2025-03-08T01:02:55.274+0700] {processor.py:208} INFO - Processing /home/dataengineer/.pyenv/versions/3.9.21/lib/python3.9/site-packages/airflow/example_dags/example_time_delta_sensor_async.py took 0.053 seconds
[2025-03-08T01:03:54.752+0700] {processor.py:186} INFO - Started process (PID=40087) to work on /home/dataengineer/.pyenv/versions/3.9.21/lib/python3.9/site-packages/airflow/example_dags/example_time_delta_sensor_async.py
[2025-03-08T01:03:54.753+0700] {processor.py:914} INFO - Processing file /home/dataengineer/.pyenv/versions/3.9.21/lib/python3.9/site-packages/airflow/example_dags/example_time_delta_sensor_async.py for tasks to queue
[2025-03-08T01:03:54.755+0700] {logging_mixin.py:190} INFO - [2025-03-08T01:03:54.755+0700] {dagbag.py:588} INFO - Filling up the DagBag from /home/dataengineer/.pyenv/versions/3.9.21/lib/python3.9/site-packages/airflow/example_dags/example_time_delta_sensor_async.py
[2025-03-08T01:03:54.761+0700] {processor.py:925} INFO - DAG(s) 'example_time_delta_sensor_async' retrieved from /home/dataengineer/.pyenv/versions/3.9.21/lib/python3.9/site-packages/airflow/example_dags/example_time_delta_sensor_async.py
[2025-03-08T01:03:54.774+0700] {logging_mixin.py:190} INFO - [2025-03-08T01:03:54.773+0700] {dag.py:3239} INFO - Sync 1 DAGs
[2025-03-08T01:03:54.785+0700] {logging_mixin.py:190} INFO - [2025-03-08T01:03:54.785+0700] {dag.py:4180} INFO - Setting next_dagrun for example_time_delta_sensor_async to None, run_after=None
[2025-03-08T01:03:54.804+0700] {processor.py:208} INFO - Processing /home/dataengineer/.pyenv/versions/3.9.21/lib/python3.9/site-packages/airflow/example_dags/example_time_delta_sensor_async.py took 0.058 seconds
[2025-03-08T01:04:56.286+0700] {processor.py:186} INFO - Started process (PID=42047) to work on /home/dataengineer/.pyenv/versions/3.9.21/lib/python3.9/site-packages/airflow/example_dags/example_time_delta_sensor_async.py
[2025-03-08T01:04:56.287+0700] {processor.py:914} INFO - Processing file /home/dataengineer/.pyenv/versions/3.9.21/lib/python3.9/site-packages/airflow/example_dags/example_time_delta_sensor_async.py for tasks to queue
[2025-03-08T01:04:56.290+0700] {logging_mixin.py:190} INFO - [2025-03-08T01:04:56.290+0700] {dagbag.py:588} INFO - Filling up the DagBag from /home/dataengineer/.pyenv/versions/3.9.21/lib/python3.9/site-packages/airflow/example_dags/example_time_delta_sensor_async.py
[2025-03-08T01:04:56.298+0700] {processor.py:925} INFO - DAG(s) 'example_time_delta_sensor_async' retrieved from /home/dataengineer/.pyenv/versions/3.9.21/lib/python3.9/site-packages/airflow/example_dags/example_time_delta_sensor_async.py
[2025-03-08T01:04:56.313+0700] {logging_mixin.py:190} INFO - [2025-03-08T01:04:56.313+0700] {dag.py:3239} INFO - Sync 1 DAGs
[2025-03-08T01:04:56.328+0700] {logging_mixin.py:190} INFO - [2025-03-08T01:04:56.327+0700] {dag.py:4180} INFO - Setting next_dagrun for example_time_delta_sensor_async to None, run_after=None
[2025-03-08T01:04:56.350+0700] {processor.py:208} INFO - Processing /home/dataengineer/.pyenv/versions/3.9.21/lib/python3.9/site-packages/airflow/example_dags/example_time_delta_sensor_async.py took 0.070 seconds
[2025-03-08T02:20:16.971+0700] {processor.py:186} INFO - Started process (PID=63570) to work on /home/dataengineer/.pyenv/versions/3.9.21/lib/python3.9/site-packages/airflow/example_dags/example_time_delta_sensor_async.py
[2025-03-08T02:20:16.972+0700] {processor.py:914} INFO - Processing file /home/dataengineer/.pyenv/versions/3.9.21/lib/python3.9/site-packages/airflow/example_dags/example_time_delta_sensor_async.py for tasks to queue
[2025-03-08T02:20:16.974+0700] {logging_mixin.py:190} INFO - [2025-03-08T02:20:16.974+0700] {dagbag.py:588} INFO - Filling up the DagBag from /home/dataengineer/.pyenv/versions/3.9.21/lib/python3.9/site-packages/airflow/example_dags/example_time_delta_sensor_async.py
[2025-03-08T02:20:16.981+0700] {processor.py:925} INFO - DAG(s) 'example_time_delta_sensor_async' retrieved from /home/dataengineer/.pyenv/versions/3.9.21/lib/python3.9/site-packages/airflow/example_dags/example_time_delta_sensor_async.py
[2025-03-08T02:20:17.000+0700] {logging_mixin.py:190} INFO - [2025-03-08T02:20:17.000+0700] {dag.py:3239} INFO - Sync 1 DAGs
[2025-03-08T02:20:17.012+0700] {logging_mixin.py:190} INFO - [2025-03-08T02:20:17.012+0700] {dag.py:4180} INFO - Setting next_dagrun for example_time_delta_sensor_async to None, run_after=None
[2025-03-08T02:20:17.032+0700] {processor.py:208} INFO - Processing /home/dataengineer/.pyenv/versions/3.9.21/lib/python3.9/site-packages/airflow/example_dags/example_time_delta_sensor_async.py took 0.067 seconds
[2025-03-08T02:27:01.194+0700] {processor.py:186} INFO - Started process (PID=66478) to work on /home/dataengineer/.pyenv/versions/3.9.21/lib/python3.9/site-packages/airflow/example_dags/example_time_delta_sensor_async.py
[2025-03-08T02:27:01.195+0700] {processor.py:914} INFO - Processing file /home/dataengineer/.pyenv/versions/3.9.21/lib/python3.9/site-packages/airflow/example_dags/example_time_delta_sensor_async.py for tasks to queue
[2025-03-08T02:27:01.197+0700] {logging_mixin.py:190} INFO - [2025-03-08T02:27:01.197+0700] {dagbag.py:588} INFO - Filling up the DagBag from /home/dataengineer/.pyenv/versions/3.9.21/lib/python3.9/site-packages/airflow/example_dags/example_time_delta_sensor_async.py
[2025-03-08T02:27:01.204+0700] {processor.py:925} INFO - DAG(s) 'example_time_delta_sensor_async' retrieved from /home/dataengineer/.pyenv/versions/3.9.21/lib/python3.9/site-packages/airflow/example_dags/example_time_delta_sensor_async.py
[2025-03-08T02:27:01.223+0700] {logging_mixin.py:190} INFO - [2025-03-08T02:27:01.223+0700] {dag.py:3239} INFO - Sync 1 DAGs
[2025-03-08T02:27:01.235+0700] {logging_mixin.py:190} INFO - [2025-03-08T02:27:01.234+0700] {dag.py:4180} INFO - Setting next_dagrun for example_time_delta_sensor_async to None, run_after=None
[2025-03-08T02:27:01.255+0700] {processor.py:208} INFO - Processing /home/dataengineer/.pyenv/versions/3.9.21/lib/python3.9/site-packages/airflow/example_dags/example_time_delta_sensor_async.py took 0.066 seconds
[2025-03-08T02:29:15.288+0700] {processor.py:186} INFO - Started process (PID=67397) to work on /home/dataengineer/.pyenv/versions/3.9.21/lib/python3.9/site-packages/airflow/example_dags/example_time_delta_sensor_async.py
[2025-03-08T02:29:15.289+0700] {processor.py:914} INFO - Processing file /home/dataengineer/.pyenv/versions/3.9.21/lib/python3.9/site-packages/airflow/example_dags/example_time_delta_sensor_async.py for tasks to queue
[2025-03-08T02:29:15.291+0700] {logging_mixin.py:190} INFO - [2025-03-08T02:29:15.291+0700] {dagbag.py:588} INFO - Filling up the DagBag from /home/dataengineer/.pyenv/versions/3.9.21/lib/python3.9/site-packages/airflow/example_dags/example_time_delta_sensor_async.py
[2025-03-08T02:29:15.298+0700] {processor.py:925} INFO - DAG(s) 'example_time_delta_sensor_async' retrieved from /home/dataengineer/.pyenv/versions/3.9.21/lib/python3.9/site-packages/airflow/example_dags/example_time_delta_sensor_async.py
[2025-03-08T02:29:15.318+0700] {logging_mixin.py:190} INFO - [2025-03-08T02:29:15.318+0700] {dag.py:3239} INFO - Sync 1 DAGs
[2025-03-08T02:29:15.329+0700] {logging_mixin.py:190} INFO - [2025-03-08T02:29:15.329+0700] {dag.py:4180} INFO - Setting next_dagrun for example_time_delta_sensor_async to None, run_after=None
[2025-03-08T02:29:15.348+0700] {processor.py:208} INFO - Processing /home/dataengineer/.pyenv/versions/3.9.21/lib/python3.9/site-packages/airflow/example_dags/example_time_delta_sensor_async.py took 0.066 seconds
[2025-03-08T02:30:12.318+0700] {processor.py:186} INFO - Started process (PID=67935) to work on /home/dataengineer/.pyenv/versions/3.9.21/lib/python3.9/site-packages/airflow/example_dags/example_time_delta_sensor_async.py
[2025-03-08T02:30:12.319+0700] {processor.py:914} INFO - Processing file /home/dataengineer/.pyenv/versions/3.9.21/lib/python3.9/site-packages/airflow/example_dags/example_time_delta_sensor_async.py for tasks to queue
[2025-03-08T02:30:12.320+0700] {logging_mixin.py:190} INFO - [2025-03-08T02:30:12.320+0700] {dagbag.py:588} INFO - Filling up the DagBag from /home/dataengineer/.pyenv/versions/3.9.21/lib/python3.9/site-packages/airflow/example_dags/example_time_delta_sensor_async.py
[2025-03-08T02:30:12.327+0700] {processor.py:925} INFO - DAG(s) 'example_time_delta_sensor_async' retrieved from /home/dataengineer/.pyenv/versions/3.9.21/lib/python3.9/site-packages/airflow/example_dags/example_time_delta_sensor_async.py
[2025-03-08T02:30:12.339+0700] {logging_mixin.py:190} INFO - [2025-03-08T02:30:12.339+0700] {dag.py:3239} INFO - Sync 1 DAGs
[2025-03-08T02:30:12.351+0700] {logging_mixin.py:190} INFO - [2025-03-08T02:30:12.350+0700] {dag.py:4180} INFO - Setting next_dagrun for example_time_delta_sensor_async to None, run_after=None
[2025-03-08T02:30:12.370+0700] {processor.py:208} INFO - Processing /home/dataengineer/.pyenv/versions/3.9.21/lib/python3.9/site-packages/airflow/example_dags/example_time_delta_sensor_async.py took 0.059 seconds
[2025-03-08T02:31:05.969+0700] {processor.py:186} INFO - Started process (PID=68254) to work on /home/dataengineer/.pyenv/versions/3.9.21/lib/python3.9/site-packages/airflow/example_dags/example_time_delta_sensor_async.py
[2025-03-08T02:31:05.970+0700] {processor.py:914} INFO - Processing file /home/dataengineer/.pyenv/versions/3.9.21/lib/python3.9/site-packages/airflow/example_dags/example_time_delta_sensor_async.py for tasks to queue
[2025-03-08T02:31:05.971+0700] {logging_mixin.py:190} INFO - [2025-03-08T02:31:05.971+0700] {dagbag.py:588} INFO - Filling up the DagBag from /home/dataengineer/.pyenv/versions/3.9.21/lib/python3.9/site-packages/airflow/example_dags/example_time_delta_sensor_async.py
[2025-03-08T02:31:05.979+0700] {processor.py:925} INFO - DAG(s) 'example_time_delta_sensor_async' retrieved from /home/dataengineer/.pyenv/versions/3.9.21/lib/python3.9/site-packages/airflow/example_dags/example_time_delta_sensor_async.py
[2025-03-08T02:31:05.992+0700] {logging_mixin.py:190} INFO - [2025-03-08T02:31:05.991+0700] {dag.py:3239} INFO - Sync 1 DAGs
[2025-03-08T02:31:06.004+0700] {logging_mixin.py:190} INFO - [2025-03-08T02:31:06.004+0700] {dag.py:4180} INFO - Setting next_dagrun for example_time_delta_sensor_async to None, run_after=None
[2025-03-08T02:31:06.024+0700] {processor.py:208} INFO - Processing /home/dataengineer/.pyenv/versions/3.9.21/lib/python3.9/site-packages/airflow/example_dags/example_time_delta_sensor_async.py took 0.061 seconds
[2025-03-08T02:31:59.478+0700] {processor.py:186} INFO - Started process (PID=68939) to work on /home/dataengineer/.pyenv/versions/3.9.21/lib/python3.9/site-packages/airflow/example_dags/example_time_delta_sensor_async.py
[2025-03-08T02:31:59.480+0700] {processor.py:914} INFO - Processing file /home/dataengineer/.pyenv/versions/3.9.21/lib/python3.9/site-packages/airflow/example_dags/example_time_delta_sensor_async.py for tasks to queue
[2025-03-08T02:31:59.481+0700] {logging_mixin.py:190} INFO - [2025-03-08T02:31:59.481+0700] {dagbag.py:588} INFO - Filling up the DagBag from /home/dataengineer/.pyenv/versions/3.9.21/lib/python3.9/site-packages/airflow/example_dags/example_time_delta_sensor_async.py
[2025-03-08T02:31:59.489+0700] {processor.py:925} INFO - DAG(s) 'example_time_delta_sensor_async' retrieved from /home/dataengineer/.pyenv/versions/3.9.21/lib/python3.9/site-packages/airflow/example_dags/example_time_delta_sensor_async.py
[2025-03-08T02:31:59.506+0700] {logging_mixin.py:190} INFO - [2025-03-08T02:31:59.505+0700] {dag.py:3239} INFO - Sync 1 DAGs
[2025-03-08T02:31:59.520+0700] {logging_mixin.py:190} INFO - [2025-03-08T02:31:59.520+0700] {dag.py:4180} INFO - Setting next_dagrun for example_time_delta_sensor_async to None, run_after=None
[2025-03-08T02:31:59.543+0700] {processor.py:208} INFO - Processing /home/dataengineer/.pyenv/versions/3.9.21/lib/python3.9/site-packages/airflow/example_dags/example_time_delta_sensor_async.py took 0.073 seconds
[2025-03-08T02:32:57.782+0700] {processor.py:186} INFO - Started process (PID=69195) to work on /home/dataengineer/.pyenv/versions/3.9.21/lib/python3.9/site-packages/airflow/example_dags/example_time_delta_sensor_async.py
[2025-03-08T02:32:57.783+0700] {processor.py:914} INFO - Processing file /home/dataengineer/.pyenv/versions/3.9.21/lib/python3.9/site-packages/airflow/example_dags/example_time_delta_sensor_async.py for tasks to queue
[2025-03-08T02:32:57.785+0700] {logging_mixin.py:190} INFO - [2025-03-08T02:32:57.784+0700] {dagbag.py:588} INFO - Filling up the DagBag from /home/dataengineer/.pyenv/versions/3.9.21/lib/python3.9/site-packages/airflow/example_dags/example_time_delta_sensor_async.py
[2025-03-08T02:32:57.792+0700] {processor.py:925} INFO - DAG(s) 'example_time_delta_sensor_async' retrieved from /home/dataengineer/.pyenv/versions/3.9.21/lib/python3.9/site-packages/airflow/example_dags/example_time_delta_sensor_async.py
[2025-03-08T02:32:57.805+0700] {logging_mixin.py:190} INFO - [2025-03-08T02:32:57.805+0700] {dag.py:3239} INFO - Sync 1 DAGs
[2025-03-08T02:32:57.818+0700] {logging_mixin.py:190} INFO - [2025-03-08T02:32:57.818+0700] {dag.py:4180} INFO - Setting next_dagrun for example_time_delta_sensor_async to None, run_after=None
[2025-03-08T02:32:57.878+0700] {processor.py:208} INFO - Processing /home/dataengineer/.pyenv/versions/3.9.21/lib/python3.9/site-packages/airflow/example_dags/example_time_delta_sensor_async.py took 0.101 seconds
[2025-03-08T02:33:53.763+0700] {processor.py:186} INFO - Started process (PID=69475) to work on /home/dataengineer/.pyenv/versions/3.9.21/lib/python3.9/site-packages/airflow/example_dags/example_time_delta_sensor_async.py
[2025-03-08T02:33:53.764+0700] {processor.py:914} INFO - Processing file /home/dataengineer/.pyenv/versions/3.9.21/lib/python3.9/site-packages/airflow/example_dags/example_time_delta_sensor_async.py for tasks to queue
[2025-03-08T02:33:53.766+0700] {logging_mixin.py:190} INFO - [2025-03-08T02:33:53.766+0700] {dagbag.py:588} INFO - Filling up the DagBag from /home/dataengineer/.pyenv/versions/3.9.21/lib/python3.9/site-packages/airflow/example_dags/example_time_delta_sensor_async.py
[2025-03-08T02:33:53.775+0700] {processor.py:925} INFO - DAG(s) 'example_time_delta_sensor_async' retrieved from /home/dataengineer/.pyenv/versions/3.9.21/lib/python3.9/site-packages/airflow/example_dags/example_time_delta_sensor_async.py
[2025-03-08T02:33:53.791+0700] {logging_mixin.py:190} INFO - [2025-03-08T02:33:53.791+0700] {dag.py:3239} INFO - Sync 1 DAGs
[2025-03-08T02:33:53.805+0700] {logging_mixin.py:190} INFO - [2025-03-08T02:33:53.805+0700] {dag.py:4180} INFO - Setting next_dagrun for example_time_delta_sensor_async to None, run_after=None
[2025-03-08T02:33:53.831+0700] {processor.py:208} INFO - Processing /home/dataengineer/.pyenv/versions/3.9.21/lib/python3.9/site-packages/airflow/example_dags/example_time_delta_sensor_async.py took 0.074 seconds
[2025-03-08T02:34:38.776+0700] {processor.py:186} INFO - Started process (PID=70287) to work on /home/dataengineer/.pyenv/versions/3.9.21/lib/python3.9/site-packages/airflow/example_dags/example_time_delta_sensor_async.py
[2025-03-08T02:34:38.778+0700] {processor.py:914} INFO - Processing file /home/dataengineer/.pyenv/versions/3.9.21/lib/python3.9/site-packages/airflow/example_dags/example_time_delta_sensor_async.py for tasks to queue
[2025-03-08T02:34:38.779+0700] {logging_mixin.py:190} INFO - [2025-03-08T02:34:38.779+0700] {dagbag.py:588} INFO - Filling up the DagBag from /home/dataengineer/.pyenv/versions/3.9.21/lib/python3.9/site-packages/airflow/example_dags/example_time_delta_sensor_async.py
[2025-03-08T02:34:38.786+0700] {processor.py:925} INFO - DAG(s) 'example_time_delta_sensor_async' retrieved from /home/dataengineer/.pyenv/versions/3.9.21/lib/python3.9/site-packages/airflow/example_dags/example_time_delta_sensor_async.py
[2025-03-08T02:34:38.803+0700] {logging_mixin.py:190} INFO - [2025-03-08T02:34:38.803+0700] {dag.py:3239} INFO - Sync 1 DAGs
[2025-03-08T02:34:38.815+0700] {logging_mixin.py:190} INFO - [2025-03-08T02:34:38.814+0700] {dag.py:4180} INFO - Setting next_dagrun for example_time_delta_sensor_async to None, run_after=None
[2025-03-08T02:34:38.833+0700] {processor.py:208} INFO - Processing /home/dataengineer/.pyenv/versions/3.9.21/lib/python3.9/site-packages/airflow/example_dags/example_time_delta_sensor_async.py took 0.062 seconds
[2025-03-08T02:35:38.485+0700] {processor.py:186} INFO - Started process (PID=70753) to work on /home/dataengineer/.pyenv/versions/3.9.21/lib/python3.9/site-packages/airflow/example_dags/example_time_delta_sensor_async.py
[2025-03-08T02:35:38.486+0700] {processor.py:914} INFO - Processing file /home/dataengineer/.pyenv/versions/3.9.21/lib/python3.9/site-packages/airflow/example_dags/example_time_delta_sensor_async.py for tasks to queue
[2025-03-08T02:35:38.488+0700] {logging_mixin.py:190} INFO - [2025-03-08T02:35:38.488+0700] {dagbag.py:588} INFO - Filling up the DagBag from /home/dataengineer/.pyenv/versions/3.9.21/lib/python3.9/site-packages/airflow/example_dags/example_time_delta_sensor_async.py
[2025-03-08T02:35:38.496+0700] {processor.py:925} INFO - DAG(s) 'example_time_delta_sensor_async' retrieved from /home/dataengineer/.pyenv/versions/3.9.21/lib/python3.9/site-packages/airflow/example_dags/example_time_delta_sensor_async.py
[2025-03-08T02:35:38.509+0700] {logging_mixin.py:190} INFO - [2025-03-08T02:35:38.509+0700] {dag.py:3239} INFO - Sync 1 DAGs
[2025-03-08T02:35:38.522+0700] {logging_mixin.py:190} INFO - [2025-03-08T02:35:38.522+0700] {dag.py:4180} INFO - Setting next_dagrun for example_time_delta_sensor_async to None, run_after=None
[2025-03-08T02:35:38.543+0700] {processor.py:208} INFO - Processing /home/dataengineer/.pyenv/versions/3.9.21/lib/python3.9/site-packages/airflow/example_dags/example_time_delta_sensor_async.py took 0.064 seconds
[2025-03-08T02:36:41.233+0700] {processor.py:186} INFO - Started process (PID=71202) to work on /home/dataengineer/.pyenv/versions/3.9.21/lib/python3.9/site-packages/airflow/example_dags/example_time_delta_sensor_async.py
[2025-03-08T02:36:41.234+0700] {processor.py:914} INFO - Processing file /home/dataengineer/.pyenv/versions/3.9.21/lib/python3.9/site-packages/airflow/example_dags/example_time_delta_sensor_async.py for tasks to queue
[2025-03-08T02:36:41.236+0700] {logging_mixin.py:190} INFO - [2025-03-08T02:36:41.236+0700] {dagbag.py:588} INFO - Filling up the DagBag from /home/dataengineer/.pyenv/versions/3.9.21/lib/python3.9/site-packages/airflow/example_dags/example_time_delta_sensor_async.py
[2025-03-08T02:36:41.243+0700] {processor.py:925} INFO - DAG(s) 'example_time_delta_sensor_async' retrieved from /home/dataengineer/.pyenv/versions/3.9.21/lib/python3.9/site-packages/airflow/example_dags/example_time_delta_sensor_async.py
[2025-03-08T02:36:41.256+0700] {logging_mixin.py:190} INFO - [2025-03-08T02:36:41.256+0700] {dag.py:3239} INFO - Sync 1 DAGs
[2025-03-08T02:36:41.268+0700] {logging_mixin.py:190} INFO - [2025-03-08T02:36:41.268+0700] {dag.py:4180} INFO - Setting next_dagrun for example_time_delta_sensor_async to None, run_after=None
[2025-03-08T02:36:41.287+0700] {processor.py:208} INFO - Processing /home/dataengineer/.pyenv/versions/3.9.21/lib/python3.9/site-packages/airflow/example_dags/example_time_delta_sensor_async.py took 0.061 seconds
[2025-03-08T02:37:38.517+0700] {processor.py:186} INFO - Started process (PID=71439) to work on /home/dataengineer/.pyenv/versions/3.9.21/lib/python3.9/site-packages/airflow/example_dags/example_time_delta_sensor_async.py
[2025-03-08T02:37:38.519+0700] {processor.py:914} INFO - Processing file /home/dataengineer/.pyenv/versions/3.9.21/lib/python3.9/site-packages/airflow/example_dags/example_time_delta_sensor_async.py for tasks to queue
[2025-03-08T02:37:38.523+0700] {logging_mixin.py:190} INFO - [2025-03-08T02:37:38.523+0700] {dagbag.py:588} INFO - Filling up the DagBag from /home/dataengineer/.pyenv/versions/3.9.21/lib/python3.9/site-packages/airflow/example_dags/example_time_delta_sensor_async.py
[2025-03-08T02:37:38.530+0700] {processor.py:925} INFO - DAG(s) 'example_time_delta_sensor_async' retrieved from /home/dataengineer/.pyenv/versions/3.9.21/lib/python3.9/site-packages/airflow/example_dags/example_time_delta_sensor_async.py
[2025-03-08T02:37:38.548+0700] {logging_mixin.py:190} INFO - [2025-03-08T02:37:38.548+0700] {dag.py:3239} INFO - Sync 1 DAGs
[2025-03-08T02:37:38.564+0700] {logging_mixin.py:190} INFO - [2025-03-08T02:37:38.563+0700] {dag.py:4180} INFO - Setting next_dagrun for example_time_delta_sensor_async to None, run_after=None
[2025-03-08T02:37:38.587+0700] {processor.py:208} INFO - Processing /home/dataengineer/.pyenv/versions/3.9.21/lib/python3.9/site-packages/airflow/example_dags/example_time_delta_sensor_async.py took 0.077 seconds
[2025-03-08T02:38:44.330+0700] {processor.py:186} INFO - Started process (PID=72349) to work on /home/dataengineer/.pyenv/versions/3.9.21/lib/python3.9/site-packages/airflow/example_dags/example_time_delta_sensor_async.py
[2025-03-08T02:38:44.331+0700] {processor.py:914} INFO - Processing file /home/dataengineer/.pyenv/versions/3.9.21/lib/python3.9/site-packages/airflow/example_dags/example_time_delta_sensor_async.py for tasks to queue
[2025-03-08T02:38:44.333+0700] {logging_mixin.py:190} INFO - [2025-03-08T02:38:44.333+0700] {dagbag.py:588} INFO - Filling up the DagBag from /home/dataengineer/.pyenv/versions/3.9.21/lib/python3.9/site-packages/airflow/example_dags/example_time_delta_sensor_async.py
[2025-03-08T02:38:44.340+0700] {processor.py:925} INFO - DAG(s) 'example_time_delta_sensor_async' retrieved from /home/dataengineer/.pyenv/versions/3.9.21/lib/python3.9/site-packages/airflow/example_dags/example_time_delta_sensor_async.py
[2025-03-08T02:38:44.359+0700] {logging_mixin.py:190} INFO - [2025-03-08T02:38:44.359+0700] {dag.py:3239} INFO - Sync 1 DAGs
[2025-03-08T02:38:44.372+0700] {logging_mixin.py:190} INFO - [2025-03-08T02:38:44.372+0700] {dag.py:4180} INFO - Setting next_dagrun for example_time_delta_sensor_async to None, run_after=None
[2025-03-08T02:38:44.394+0700] {processor.py:208} INFO - Processing /home/dataengineer/.pyenv/versions/3.9.21/lib/python3.9/site-packages/airflow/example_dags/example_time_delta_sensor_async.py took 0.070 seconds
