[2025-03-08T00:57:04.316+0700] {processor.py:186} INFO - Started process (PID=36481) to work on /home/dataengineer/.pyenv/versions/3.9.21/lib/python3.9/site-packages/airflow/example_dags/example_datasets.py
[2025-03-08T00:57:04.317+0700] {processor.py:914} INFO - Processing file /home/dataengineer/.pyenv/versions/3.9.21/lib/python3.9/site-packages/airflow/example_dags/example_datasets.py for tasks to queue
[2025-03-08T00:57:04.318+0700] {logging_mixin.py:190} INFO - [2025-03-08T00:57:04.318+0700] {dagbag.py:588} INFO - Filling up the DagBag from /home/dataengineer/.pyenv/versions/3.9.21/lib/python3.9/site-packages/airflow/example_dags/example_datasets.py
[2025-03-08T00:57:04.332+0700] {processor.py:925} INFO - DAG(s) 'dataset_consumes_1_and_2', 'dataset_consumes_unknown_never_scheduled', 'dataset_consumes_1_never_scheduled', 'consume_1_and_2_with_dataset_expressions', 'consume_1_or_2_with_dataset_expressions', 'dataset_produces_2', 'conditional_dataset_and_time_based_timetable', 'dataset_consumes_1', 'consume_1_or_both_2_and_3_with_dataset_expressions', 'dataset_produces_1' retrieved from /home/dataengineer/.pyenv/versions/3.9.21/lib/python3.9/site-packages/airflow/example_dags/example_datasets.py
[2025-03-08T00:57:04.363+0700] {logging_mixin.py:190} INFO - [2025-03-08T00:57:04.362+0700] {dag.py:3239} INFO - Sync 10 DAGs
[2025-03-08T00:57:04.382+0700] {logging_mixin.py:190} INFO - [2025-03-08T00:57:04.382+0700] {dag.py:4180} INFO - Setting next_dagrun for conditional_dataset_and_time_based_timetable to 2025-03-05 01:00:00+00:00, run_after=2025-03-05 01:00:00+00:00
[2025-03-08T00:57:04.385+0700] {logging_mixin.py:190} INFO - [2025-03-08T00:57:04.385+0700] {dag.py:4180} INFO - Setting next_dagrun for consume_1_and_2_with_dataset_expressions to None, run_after=None
[2025-03-08T00:57:04.385+0700] {logging_mixin.py:190} INFO - [2025-03-08T00:57:04.385+0700] {dag.py:4180} INFO - Setting next_dagrun for consume_1_or_2_with_dataset_expressions to None, run_after=None
[2025-03-08T00:57:04.386+0700] {logging_mixin.py:190} INFO - [2025-03-08T00:57:04.386+0700] {dag.py:4180} INFO - Setting next_dagrun for consume_1_or_both_2_and_3_with_dataset_expressions to None, run_after=None
[2025-03-08T00:57:04.387+0700] {logging_mixin.py:190} INFO - [2025-03-08T00:57:04.387+0700] {dag.py:4180} INFO - Setting next_dagrun for dataset_consumes_1 to None, run_after=None
[2025-03-08T00:57:04.388+0700] {logging_mixin.py:190} INFO - [2025-03-08T00:57:04.387+0700] {dag.py:4180} INFO - Setting next_dagrun for dataset_consumes_1_and_2 to None, run_after=None
[2025-03-08T00:57:04.388+0700] {logging_mixin.py:190} INFO - [2025-03-08T00:57:04.388+0700] {dag.py:4180} INFO - Setting next_dagrun for dataset_consumes_1_never_scheduled to None, run_after=None
[2025-03-08T00:57:04.389+0700] {logging_mixin.py:190} INFO - [2025-03-08T00:57:04.389+0700] {dag.py:4180} INFO - Setting next_dagrun for dataset_consumes_unknown_never_scheduled to None, run_after=None
[2025-03-08T00:57:04.391+0700] {logging_mixin.py:190} INFO - [2025-03-08T00:57:04.391+0700] {dag.py:4180} INFO - Setting next_dagrun for dataset_produces_1 to 2025-03-06 00:00:00+00:00, run_after=2025-03-07 00:00:00+00:00
[2025-03-08T00:57:04.392+0700] {logging_mixin.py:190} INFO - [2025-03-08T00:57:04.392+0700] {dag.py:4180} INFO - Setting next_dagrun for dataset_produces_2 to None, run_after=None
[2025-03-08T00:57:04.418+0700] {processor.py:208} INFO - Processing /home/dataengineer/.pyenv/versions/3.9.21/lib/python3.9/site-packages/airflow/example_dags/example_datasets.py took 0.107 seconds
[2025-03-08T00:58:07.558+0700] {processor.py:186} INFO - Started process (PID=37114) to work on /home/dataengineer/.pyenv/versions/3.9.21/lib/python3.9/site-packages/airflow/example_dags/example_datasets.py
[2025-03-08T00:58:07.559+0700] {processor.py:914} INFO - Processing file /home/dataengineer/.pyenv/versions/3.9.21/lib/python3.9/site-packages/airflow/example_dags/example_datasets.py for tasks to queue
[2025-03-08T00:58:07.561+0700] {logging_mixin.py:190} INFO - [2025-03-08T00:58:07.561+0700] {dagbag.py:588} INFO - Filling up the DagBag from /home/dataengineer/.pyenv/versions/3.9.21/lib/python3.9/site-packages/airflow/example_dags/example_datasets.py
[2025-03-08T00:58:07.577+0700] {processor.py:925} INFO - DAG(s) 'consume_1_and_2_with_dataset_expressions', 'consume_1_or_both_2_and_3_with_dataset_expressions', 'consume_1_or_2_with_dataset_expressions', 'dataset_consumes_1', 'dataset_produces_2', 'conditional_dataset_and_time_based_timetable', 'dataset_consumes_1_never_scheduled', 'dataset_consumes_unknown_never_scheduled', 'dataset_produces_1', 'dataset_consumes_1_and_2' retrieved from /home/dataengineer/.pyenv/versions/3.9.21/lib/python3.9/site-packages/airflow/example_dags/example_datasets.py
[2025-03-08T00:58:07.612+0700] {logging_mixin.py:190} INFO - [2025-03-08T00:58:07.612+0700] {dag.py:3239} INFO - Sync 10 DAGs
[2025-03-08T00:58:07.634+0700] {logging_mixin.py:190} INFO - [2025-03-08T00:58:07.634+0700] {dag.py:4180} INFO - Setting next_dagrun for conditional_dataset_and_time_based_timetable to 2025-03-05 01:00:00+00:00, run_after=2025-03-05 01:00:00+00:00
[2025-03-08T00:58:07.637+0700] {logging_mixin.py:190} INFO - [2025-03-08T00:58:07.637+0700] {dag.py:4180} INFO - Setting next_dagrun for consume_1_and_2_with_dataset_expressions to None, run_after=None
[2025-03-08T00:58:07.638+0700] {logging_mixin.py:190} INFO - [2025-03-08T00:58:07.638+0700] {dag.py:4180} INFO - Setting next_dagrun for consume_1_or_2_with_dataset_expressions to None, run_after=None
[2025-03-08T00:58:07.639+0700] {logging_mixin.py:190} INFO - [2025-03-08T00:58:07.639+0700] {dag.py:4180} INFO - Setting next_dagrun for consume_1_or_both_2_and_3_with_dataset_expressions to None, run_after=None
[2025-03-08T00:58:07.640+0700] {logging_mixin.py:190} INFO - [2025-03-08T00:58:07.640+0700] {dag.py:4180} INFO - Setting next_dagrun for dataset_consumes_1 to None, run_after=None
[2025-03-08T00:58:07.641+0700] {logging_mixin.py:190} INFO - [2025-03-08T00:58:07.641+0700] {dag.py:4180} INFO - Setting next_dagrun for dataset_consumes_1_and_2 to None, run_after=None
[2025-03-08T00:58:07.641+0700] {logging_mixin.py:190} INFO - [2025-03-08T00:58:07.641+0700] {dag.py:4180} INFO - Setting next_dagrun for dataset_consumes_1_never_scheduled to None, run_after=None
[2025-03-08T00:58:07.642+0700] {logging_mixin.py:190} INFO - [2025-03-08T00:58:07.642+0700] {dag.py:4180} INFO - Setting next_dagrun for dataset_consumes_unknown_never_scheduled to None, run_after=None
[2025-03-08T00:58:07.645+0700] {logging_mixin.py:190} INFO - [2025-03-08T00:58:07.645+0700] {dag.py:4180} INFO - Setting next_dagrun for dataset_produces_1 to 2025-03-06 00:00:00+00:00, run_after=2025-03-07 00:00:00+00:00
[2025-03-08T00:58:07.646+0700] {logging_mixin.py:190} INFO - [2025-03-08T00:58:07.646+0700] {dag.py:4180} INFO - Setting next_dagrun for dataset_produces_2 to None, run_after=None
[2025-03-08T00:58:07.675+0700] {processor.py:208} INFO - Processing /home/dataengineer/.pyenv/versions/3.9.21/lib/python3.9/site-packages/airflow/example_dags/example_datasets.py took 0.122 seconds
[2025-03-08T00:59:09.348+0700] {processor.py:186} INFO - Started process (PID=37543) to work on /home/dataengineer/.pyenv/versions/3.9.21/lib/python3.9/site-packages/airflow/example_dags/example_datasets.py
[2025-03-08T00:59:09.349+0700] {processor.py:914} INFO - Processing file /home/dataengineer/.pyenv/versions/3.9.21/lib/python3.9/site-packages/airflow/example_dags/example_datasets.py for tasks to queue
[2025-03-08T00:59:09.351+0700] {logging_mixin.py:190} INFO - [2025-03-08T00:59:09.351+0700] {dagbag.py:588} INFO - Filling up the DagBag from /home/dataengineer/.pyenv/versions/3.9.21/lib/python3.9/site-packages/airflow/example_dags/example_datasets.py
[2025-03-08T00:59:09.366+0700] {processor.py:925} INFO - DAG(s) 'dataset_consumes_1', 'dataset_produces_1', 'conditional_dataset_and_time_based_timetable', 'dataset_consumes_1_never_scheduled', 'consume_1_or_both_2_and_3_with_dataset_expressions', 'dataset_consumes_unknown_never_scheduled', 'consume_1_and_2_with_dataset_expressions', 'consume_1_or_2_with_dataset_expressions', 'dataset_consumes_1_and_2', 'dataset_produces_2' retrieved from /home/dataengineer/.pyenv/versions/3.9.21/lib/python3.9/site-packages/airflow/example_dags/example_datasets.py
[2025-03-08T00:59:09.396+0700] {logging_mixin.py:190} INFO - [2025-03-08T00:59:09.396+0700] {dag.py:3239} INFO - Sync 10 DAGs
[2025-03-08T00:59:09.417+0700] {logging_mixin.py:190} INFO - [2025-03-08T00:59:09.417+0700] {dag.py:4180} INFO - Setting next_dagrun for conditional_dataset_and_time_based_timetable to 2025-03-05 01:00:00+00:00, run_after=2025-03-05 01:00:00+00:00
[2025-03-08T00:59:09.420+0700] {logging_mixin.py:190} INFO - [2025-03-08T00:59:09.420+0700] {dag.py:4180} INFO - Setting next_dagrun for consume_1_and_2_with_dataset_expressions to None, run_after=None
[2025-03-08T00:59:09.421+0700] {logging_mixin.py:190} INFO - [2025-03-08T00:59:09.421+0700] {dag.py:4180} INFO - Setting next_dagrun for consume_1_or_2_with_dataset_expressions to None, run_after=None
[2025-03-08T00:59:09.422+0700] {logging_mixin.py:190} INFO - [2025-03-08T00:59:09.422+0700] {dag.py:4180} INFO - Setting next_dagrun for consume_1_or_both_2_and_3_with_dataset_expressions to None, run_after=None
[2025-03-08T00:59:09.423+0700] {logging_mixin.py:190} INFO - [2025-03-08T00:59:09.423+0700] {dag.py:4180} INFO - Setting next_dagrun for dataset_consumes_1 to None, run_after=None
[2025-03-08T00:59:09.423+0700] {logging_mixin.py:190} INFO - [2025-03-08T00:59:09.423+0700] {dag.py:4180} INFO - Setting next_dagrun for dataset_consumes_1_and_2 to None, run_after=None
[2025-03-08T00:59:09.424+0700] {logging_mixin.py:190} INFO - [2025-03-08T00:59:09.424+0700] {dag.py:4180} INFO - Setting next_dagrun for dataset_consumes_1_never_scheduled to None, run_after=None
[2025-03-08T00:59:09.425+0700] {logging_mixin.py:190} INFO - [2025-03-08T00:59:09.425+0700] {dag.py:4180} INFO - Setting next_dagrun for dataset_consumes_unknown_never_scheduled to None, run_after=None
[2025-03-08T00:59:09.427+0700] {logging_mixin.py:190} INFO - [2025-03-08T00:59:09.427+0700] {dag.py:4180} INFO - Setting next_dagrun for dataset_produces_1 to 2025-03-06 00:00:00+00:00, run_after=2025-03-07 00:00:00+00:00
[2025-03-08T00:59:09.428+0700] {logging_mixin.py:190} INFO - [2025-03-08T00:59:09.428+0700] {dag.py:4180} INFO - Setting next_dagrun for dataset_produces_2 to None, run_after=None
[2025-03-08T00:59:09.457+0700] {processor.py:208} INFO - Processing /home/dataengineer/.pyenv/versions/3.9.21/lib/python3.9/site-packages/airflow/example_dags/example_datasets.py took 0.115 seconds
[2025-03-08T01:00:11.046+0700] {processor.py:186} INFO - Started process (PID=37971) to work on /home/dataengineer/.pyenv/versions/3.9.21/lib/python3.9/site-packages/airflow/example_dags/example_datasets.py
[2025-03-08T01:00:11.047+0700] {processor.py:914} INFO - Processing file /home/dataengineer/.pyenv/versions/3.9.21/lib/python3.9/site-packages/airflow/example_dags/example_datasets.py for tasks to queue
[2025-03-08T01:00:11.050+0700] {logging_mixin.py:190} INFO - [2025-03-08T01:00:11.049+0700] {dagbag.py:588} INFO - Filling up the DagBag from /home/dataengineer/.pyenv/versions/3.9.21/lib/python3.9/site-packages/airflow/example_dags/example_datasets.py
[2025-03-08T01:00:11.066+0700] {processor.py:925} INFO - DAG(s) 'dataset_consumes_1_and_2', 'dataset_produces_1', 'dataset_consumes_unknown_never_scheduled', 'consume_1_or_both_2_and_3_with_dataset_expressions', 'dataset_consumes_1', 'conditional_dataset_and_time_based_timetable', 'dataset_consumes_1_never_scheduled', 'dataset_produces_2', 'consume_1_and_2_with_dataset_expressions', 'consume_1_or_2_with_dataset_expressions' retrieved from /home/dataengineer/.pyenv/versions/3.9.21/lib/python3.9/site-packages/airflow/example_dags/example_datasets.py
[2025-03-08T01:00:11.102+0700] {logging_mixin.py:190} INFO - [2025-03-08T01:00:11.102+0700] {dag.py:3239} INFO - Sync 10 DAGs
[2025-03-08T01:00:11.126+0700] {logging_mixin.py:190} INFO - [2025-03-08T01:00:11.126+0700] {dag.py:4180} INFO - Setting next_dagrun for conditional_dataset_and_time_based_timetable to 2025-03-05 01:00:00+00:00, run_after=2025-03-05 01:00:00+00:00
[2025-03-08T01:00:11.129+0700] {logging_mixin.py:190} INFO - [2025-03-08T01:00:11.129+0700] {dag.py:4180} INFO - Setting next_dagrun for consume_1_and_2_with_dataset_expressions to None, run_after=None
[2025-03-08T01:00:11.130+0700] {logging_mixin.py:190} INFO - [2025-03-08T01:00:11.130+0700] {dag.py:4180} INFO - Setting next_dagrun for consume_1_or_2_with_dataset_expressions to None, run_after=None
[2025-03-08T01:00:11.131+0700] {logging_mixin.py:190} INFO - [2025-03-08T01:00:11.131+0700] {dag.py:4180} INFO - Setting next_dagrun for consume_1_or_both_2_and_3_with_dataset_expressions to None, run_after=None
[2025-03-08T01:00:11.132+0700] {logging_mixin.py:190} INFO - [2025-03-08T01:00:11.132+0700] {dag.py:4180} INFO - Setting next_dagrun for dataset_consumes_1 to None, run_after=None
[2025-03-08T01:00:11.133+0700] {logging_mixin.py:190} INFO - [2025-03-08T01:00:11.133+0700] {dag.py:4180} INFO - Setting next_dagrun for dataset_consumes_1_and_2 to None, run_after=None
[2025-03-08T01:00:11.134+0700] {logging_mixin.py:190} INFO - [2025-03-08T01:00:11.134+0700] {dag.py:4180} INFO - Setting next_dagrun for dataset_consumes_1_never_scheduled to None, run_after=None
[2025-03-08T01:00:11.135+0700] {logging_mixin.py:190} INFO - [2025-03-08T01:00:11.135+0700] {dag.py:4180} INFO - Setting next_dagrun for dataset_consumes_unknown_never_scheduled to None, run_after=None
[2025-03-08T01:00:11.137+0700] {logging_mixin.py:190} INFO - [2025-03-08T01:00:11.137+0700] {dag.py:4180} INFO - Setting next_dagrun for dataset_produces_1 to 2025-03-06 00:00:00+00:00, run_after=2025-03-07 00:00:00+00:00
[2025-03-08T01:00:11.138+0700] {logging_mixin.py:190} INFO - [2025-03-08T01:00:11.138+0700] {dag.py:4180} INFO - Setting next_dagrun for dataset_produces_2 to None, run_after=None
[2025-03-08T01:00:11.167+0700] {processor.py:208} INFO - Processing /home/dataengineer/.pyenv/versions/3.9.21/lib/python3.9/site-packages/airflow/example_dags/example_datasets.py took 0.127 seconds
[2025-03-08T01:01:12.706+0700] {processor.py:186} INFO - Started process (PID=38402) to work on /home/dataengineer/.pyenv/versions/3.9.21/lib/python3.9/site-packages/airflow/example_dags/example_datasets.py
[2025-03-08T01:01:12.708+0700] {processor.py:914} INFO - Processing file /home/dataengineer/.pyenv/versions/3.9.21/lib/python3.9/site-packages/airflow/example_dags/example_datasets.py for tasks to queue
[2025-03-08T01:01:12.710+0700] {logging_mixin.py:190} INFO - [2025-03-08T01:01:12.709+0700] {dagbag.py:588} INFO - Filling up the DagBag from /home/dataengineer/.pyenv/versions/3.9.21/lib/python3.9/site-packages/airflow/example_dags/example_datasets.py
[2025-03-08T01:01:12.726+0700] {processor.py:925} INFO - DAG(s) 'consume_1_or_2_with_dataset_expressions', 'dataset_produces_1', 'conditional_dataset_and_time_based_timetable', 'dataset_consumes_unknown_never_scheduled', 'dataset_consumes_1', 'dataset_consumes_1_and_2', 'consume_1_or_both_2_and_3_with_dataset_expressions', 'dataset_consumes_1_never_scheduled', 'dataset_produces_2', 'consume_1_and_2_with_dataset_expressions' retrieved from /home/dataengineer/.pyenv/versions/3.9.21/lib/python3.9/site-packages/airflow/example_dags/example_datasets.py
[2025-03-08T01:01:12.768+0700] {logging_mixin.py:190} INFO - [2025-03-08T01:01:12.768+0700] {dag.py:3239} INFO - Sync 10 DAGs
[2025-03-08T01:01:12.792+0700] {logging_mixin.py:190} INFO - [2025-03-08T01:01:12.791+0700] {dag.py:4180} INFO - Setting next_dagrun for conditional_dataset_and_time_based_timetable to 2025-03-05 01:00:00+00:00, run_after=2025-03-05 01:00:00+00:00
[2025-03-08T01:01:12.795+0700] {logging_mixin.py:190} INFO - [2025-03-08T01:01:12.795+0700] {dag.py:4180} INFO - Setting next_dagrun for consume_1_and_2_with_dataset_expressions to None, run_after=None
[2025-03-08T01:01:12.796+0700] {logging_mixin.py:190} INFO - [2025-03-08T01:01:12.796+0700] {dag.py:4180} INFO - Setting next_dagrun for consume_1_or_2_with_dataset_expressions to None, run_after=None
[2025-03-08T01:01:12.797+0700] {logging_mixin.py:190} INFO - [2025-03-08T01:01:12.797+0700] {dag.py:4180} INFO - Setting next_dagrun for consume_1_or_both_2_and_3_with_dataset_expressions to None, run_after=None
[2025-03-08T01:01:12.798+0700] {logging_mixin.py:190} INFO - [2025-03-08T01:01:12.798+0700] {dag.py:4180} INFO - Setting next_dagrun for dataset_consumes_1 to None, run_after=None
[2025-03-08T01:01:12.799+0700] {logging_mixin.py:190} INFO - [2025-03-08T01:01:12.799+0700] {dag.py:4180} INFO - Setting next_dagrun for dataset_consumes_1_and_2 to None, run_after=None
[2025-03-08T01:01:12.800+0700] {logging_mixin.py:190} INFO - [2025-03-08T01:01:12.800+0700] {dag.py:4180} INFO - Setting next_dagrun for dataset_consumes_1_never_scheduled to None, run_after=None
[2025-03-08T01:01:12.801+0700] {logging_mixin.py:190} INFO - [2025-03-08T01:01:12.800+0700] {dag.py:4180} INFO - Setting next_dagrun for dataset_consumes_unknown_never_scheduled to None, run_after=None
[2025-03-08T01:01:12.803+0700] {logging_mixin.py:190} INFO - [2025-03-08T01:01:12.803+0700] {dag.py:4180} INFO - Setting next_dagrun for dataset_produces_1 to 2025-03-06 00:00:00+00:00, run_after=2025-03-07 00:00:00+00:00
[2025-03-08T01:01:12.804+0700] {logging_mixin.py:190} INFO - [2025-03-08T01:01:12.804+0700] {dag.py:4180} INFO - Setting next_dagrun for dataset_produces_2 to None, run_after=None
[2025-03-08T01:01:12.836+0700] {processor.py:208} INFO - Processing /home/dataengineer/.pyenv/versions/3.9.21/lib/python3.9/site-packages/airflow/example_dags/example_datasets.py took 0.136 seconds
[2025-03-08T01:02:14.492+0700] {processor.py:186} INFO - Started process (PID=38923) to work on /home/dataengineer/.pyenv/versions/3.9.21/lib/python3.9/site-packages/airflow/example_dags/example_datasets.py
[2025-03-08T01:02:14.494+0700] {processor.py:914} INFO - Processing file /home/dataengineer/.pyenv/versions/3.9.21/lib/python3.9/site-packages/airflow/example_dags/example_datasets.py for tasks to queue
[2025-03-08T01:02:14.495+0700] {logging_mixin.py:190} INFO - [2025-03-08T01:02:14.495+0700] {dagbag.py:588} INFO - Filling up the DagBag from /home/dataengineer/.pyenv/versions/3.9.21/lib/python3.9/site-packages/airflow/example_dags/example_datasets.py
[2025-03-08T01:02:14.513+0700] {processor.py:925} INFO - DAG(s) 'consume_1_and_2_with_dataset_expressions', 'dataset_consumes_1', 'dataset_consumes_1_and_2', 'dataset_consumes_1_never_scheduled', 'conditional_dataset_and_time_based_timetable', 'dataset_consumes_unknown_never_scheduled', 'consume_1_or_both_2_and_3_with_dataset_expressions', 'consume_1_or_2_with_dataset_expressions', 'dataset_produces_2', 'dataset_produces_1' retrieved from /home/dataengineer/.pyenv/versions/3.9.21/lib/python3.9/site-packages/airflow/example_dags/example_datasets.py
[2025-03-08T01:02:14.546+0700] {logging_mixin.py:190} INFO - [2025-03-08T01:02:14.545+0700] {dag.py:3239} INFO - Sync 10 DAGs
[2025-03-08T01:02:14.568+0700] {logging_mixin.py:190} INFO - [2025-03-08T01:02:14.568+0700] {dag.py:4180} INFO - Setting next_dagrun for conditional_dataset_and_time_based_timetable to 2025-03-05 01:00:00+00:00, run_after=2025-03-05 01:00:00+00:00
[2025-03-08T01:02:14.571+0700] {logging_mixin.py:190} INFO - [2025-03-08T01:02:14.571+0700] {dag.py:4180} INFO - Setting next_dagrun for consume_1_and_2_with_dataset_expressions to None, run_after=None
[2025-03-08T01:02:14.572+0700] {logging_mixin.py:190} INFO - [2025-03-08T01:02:14.572+0700] {dag.py:4180} INFO - Setting next_dagrun for consume_1_or_2_with_dataset_expressions to None, run_after=None
[2025-03-08T01:02:14.573+0700] {logging_mixin.py:190} INFO - [2025-03-08T01:02:14.573+0700] {dag.py:4180} INFO - Setting next_dagrun for consume_1_or_both_2_and_3_with_dataset_expressions to None, run_after=None
[2025-03-08T01:02:14.574+0700] {logging_mixin.py:190} INFO - [2025-03-08T01:02:14.574+0700] {dag.py:4180} INFO - Setting next_dagrun for dataset_consumes_1 to None, run_after=None
[2025-03-08T01:02:14.576+0700] {logging_mixin.py:190} INFO - [2025-03-08T01:02:14.575+0700] {dag.py:4180} INFO - Setting next_dagrun for dataset_consumes_1_and_2 to None, run_after=None
[2025-03-08T01:02:14.577+0700] {logging_mixin.py:190} INFO - [2025-03-08T01:02:14.576+0700] {dag.py:4180} INFO - Setting next_dagrun for dataset_consumes_1_never_scheduled to None, run_after=None
[2025-03-08T01:02:14.579+0700] {logging_mixin.py:190} INFO - [2025-03-08T01:02:14.579+0700] {dag.py:4180} INFO - Setting next_dagrun for dataset_consumes_unknown_never_scheduled to None, run_after=None
[2025-03-08T01:02:14.582+0700] {logging_mixin.py:190} INFO - [2025-03-08T01:02:14.581+0700] {dag.py:4180} INFO - Setting next_dagrun for dataset_produces_1 to 2025-03-06 00:00:00+00:00, run_after=2025-03-07 00:00:00+00:00
[2025-03-08T01:02:14.583+0700] {logging_mixin.py:190} INFO - [2025-03-08T01:02:14.582+0700] {dag.py:4180} INFO - Setting next_dagrun for dataset_produces_2 to None, run_after=None
[2025-03-08T01:02:14.611+0700] {processor.py:208} INFO - Processing /home/dataengineer/.pyenv/versions/3.9.21/lib/python3.9/site-packages/airflow/example_dags/example_datasets.py took 0.124 seconds
[2025-03-08T01:03:14.638+0700] {processor.py:186} INFO - Started process (PID=39468) to work on /home/dataengineer/.pyenv/versions/3.9.21/lib/python3.9/site-packages/airflow/example_dags/example_datasets.py
[2025-03-08T01:03:14.639+0700] {processor.py:914} INFO - Processing file /home/dataengineer/.pyenv/versions/3.9.21/lib/python3.9/site-packages/airflow/example_dags/example_datasets.py for tasks to queue
[2025-03-08T01:03:14.641+0700] {logging_mixin.py:190} INFO - [2025-03-08T01:03:14.640+0700] {dagbag.py:588} INFO - Filling up the DagBag from /home/dataengineer/.pyenv/versions/3.9.21/lib/python3.9/site-packages/airflow/example_dags/example_datasets.py
[2025-03-08T01:03:14.655+0700] {processor.py:925} INFO - DAG(s) 'consume_1_or_2_with_dataset_expressions', 'dataset_consumes_1_and_2', 'consume_1_or_both_2_and_3_with_dataset_expressions', 'conditional_dataset_and_time_based_timetable', 'dataset_consumes_unknown_never_scheduled', 'dataset_produces_1', 'dataset_consumes_1_never_scheduled', 'dataset_consumes_1', 'dataset_produces_2', 'consume_1_and_2_with_dataset_expressions' retrieved from /home/dataengineer/.pyenv/versions/3.9.21/lib/python3.9/site-packages/airflow/example_dags/example_datasets.py
[2025-03-08T01:03:14.685+0700] {logging_mixin.py:190} INFO - [2025-03-08T01:03:14.685+0700] {dag.py:3239} INFO - Sync 10 DAGs
[2025-03-08T01:03:14.705+0700] {logging_mixin.py:190} INFO - [2025-03-08T01:03:14.705+0700] {dag.py:4180} INFO - Setting next_dagrun for conditional_dataset_and_time_based_timetable to 2025-03-05 01:00:00+00:00, run_after=2025-03-05 01:00:00+00:00
[2025-03-08T01:03:14.708+0700] {logging_mixin.py:190} INFO - [2025-03-08T01:03:14.708+0700] {dag.py:4180} INFO - Setting next_dagrun for consume_1_and_2_with_dataset_expressions to None, run_after=None
[2025-03-08T01:03:14.709+0700] {logging_mixin.py:190} INFO - [2025-03-08T01:03:14.709+0700] {dag.py:4180} INFO - Setting next_dagrun for consume_1_or_2_with_dataset_expressions to None, run_after=None
[2025-03-08T01:03:14.710+0700] {logging_mixin.py:190} INFO - [2025-03-08T01:03:14.710+0700] {dag.py:4180} INFO - Setting next_dagrun for consume_1_or_both_2_and_3_with_dataset_expressions to None, run_after=None
[2025-03-08T01:03:14.711+0700] {logging_mixin.py:190} INFO - [2025-03-08T01:03:14.711+0700] {dag.py:4180} INFO - Setting next_dagrun for dataset_consumes_1 to None, run_after=None
[2025-03-08T01:03:14.711+0700] {logging_mixin.py:190} INFO - [2025-03-08T01:03:14.711+0700] {dag.py:4180} INFO - Setting next_dagrun for dataset_consumes_1_and_2 to None, run_after=None
[2025-03-08T01:03:14.712+0700] {logging_mixin.py:190} INFO - [2025-03-08T01:03:14.712+0700] {dag.py:4180} INFO - Setting next_dagrun for dataset_consumes_1_never_scheduled to None, run_after=None
[2025-03-08T01:03:14.713+0700] {logging_mixin.py:190} INFO - [2025-03-08T01:03:14.713+0700] {dag.py:4180} INFO - Setting next_dagrun for dataset_consumes_unknown_never_scheduled to None, run_after=None
[2025-03-08T01:03:14.715+0700] {logging_mixin.py:190} INFO - [2025-03-08T01:03:14.715+0700] {dag.py:4180} INFO - Setting next_dagrun for dataset_produces_1 to 2025-03-06 00:00:00+00:00, run_after=2025-03-07 00:00:00+00:00
[2025-03-08T01:03:14.716+0700] {logging_mixin.py:190} INFO - [2025-03-08T01:03:14.716+0700] {dag.py:4180} INFO - Setting next_dagrun for dataset_produces_2 to None, run_after=None
[2025-03-08T01:03:14.743+0700] {processor.py:208} INFO - Processing /home/dataengineer/.pyenv/versions/3.9.21/lib/python3.9/site-packages/airflow/example_dags/example_datasets.py took 0.111 seconds
[2025-03-08T01:04:16.484+0700] {processor.py:186} INFO - Started process (PID=41209) to work on /home/dataengineer/.pyenv/versions/3.9.21/lib/python3.9/site-packages/airflow/example_dags/example_datasets.py
[2025-03-08T01:04:16.486+0700] {processor.py:914} INFO - Processing file /home/dataengineer/.pyenv/versions/3.9.21/lib/python3.9/site-packages/airflow/example_dags/example_datasets.py for tasks to queue
[2025-03-08T01:04:16.488+0700] {logging_mixin.py:190} INFO - [2025-03-08T01:04:16.487+0700] {dagbag.py:588} INFO - Filling up the DagBag from /home/dataengineer/.pyenv/versions/3.9.21/lib/python3.9/site-packages/airflow/example_dags/example_datasets.py
[2025-03-08T01:04:16.504+0700] {processor.py:925} INFO - DAG(s) 'consume_1_or_both_2_and_3_with_dataset_expressions', 'dataset_consumes_1_and_2', 'consume_1_or_2_with_dataset_expressions', 'consume_1_and_2_with_dataset_expressions', 'conditional_dataset_and_time_based_timetable', 'dataset_consumes_1_never_scheduled', 'dataset_produces_1', 'dataset_consumes_unknown_never_scheduled', 'dataset_consumes_1', 'dataset_produces_2' retrieved from /home/dataengineer/.pyenv/versions/3.9.21/lib/python3.9/site-packages/airflow/example_dags/example_datasets.py
[2025-03-08T01:04:16.542+0700] {logging_mixin.py:190} INFO - [2025-03-08T01:04:16.541+0700] {dag.py:3239} INFO - Sync 10 DAGs
[2025-03-08T01:04:16.566+0700] {logging_mixin.py:190} INFO - [2025-03-08T01:04:16.566+0700] {dag.py:4180} INFO - Setting next_dagrun for conditional_dataset_and_time_based_timetable to 2025-03-05 01:00:00+00:00, run_after=2025-03-05 01:00:00+00:00
[2025-03-08T01:04:16.569+0700] {logging_mixin.py:190} INFO - [2025-03-08T01:04:16.569+0700] {dag.py:4180} INFO - Setting next_dagrun for consume_1_and_2_with_dataset_expressions to None, run_after=None
[2025-03-08T01:04:16.570+0700] {logging_mixin.py:190} INFO - [2025-03-08T01:04:16.570+0700] {dag.py:4180} INFO - Setting next_dagrun for consume_1_or_2_with_dataset_expressions to None, run_after=None
[2025-03-08T01:04:16.571+0700] {logging_mixin.py:190} INFO - [2025-03-08T01:04:16.571+0700] {dag.py:4180} INFO - Setting next_dagrun for consume_1_or_both_2_and_3_with_dataset_expressions to None, run_after=None
[2025-03-08T01:04:16.572+0700] {logging_mixin.py:190} INFO - [2025-03-08T01:04:16.572+0700] {dag.py:4180} INFO - Setting next_dagrun for dataset_consumes_1 to None, run_after=None
[2025-03-08T01:04:16.573+0700] {logging_mixin.py:190} INFO - [2025-03-08T01:04:16.573+0700] {dag.py:4180} INFO - Setting next_dagrun for dataset_consumes_1_and_2 to None, run_after=None
[2025-03-08T01:04:16.575+0700] {logging_mixin.py:190} INFO - [2025-03-08T01:04:16.574+0700] {dag.py:4180} INFO - Setting next_dagrun for dataset_consumes_1_never_scheduled to None, run_after=None
[2025-03-08T01:04:16.577+0700] {logging_mixin.py:190} INFO - [2025-03-08T01:04:16.576+0700] {dag.py:4180} INFO - Setting next_dagrun for dataset_consumes_unknown_never_scheduled to None, run_after=None
[2025-03-08T01:04:16.580+0700] {logging_mixin.py:190} INFO - [2025-03-08T01:04:16.580+0700] {dag.py:4180} INFO - Setting next_dagrun for dataset_produces_1 to 2025-03-06 00:00:00+00:00, run_after=2025-03-07 00:00:00+00:00
[2025-03-08T01:04:16.582+0700] {logging_mixin.py:190} INFO - [2025-03-08T01:04:16.581+0700] {dag.py:4180} INFO - Setting next_dagrun for dataset_produces_2 to None, run_after=None
[2025-03-08T01:04:16.615+0700] {processor.py:208} INFO - Processing /home/dataengineer/.pyenv/versions/3.9.21/lib/python3.9/site-packages/airflow/example_dags/example_datasets.py took 0.137 seconds
[2025-03-08T01:05:15.699+0700] {processor.py:186} INFO - Started process (PID=42620) to work on /home/dataengineer/.pyenv/versions/3.9.21/lib/python3.9/site-packages/airflow/example_dags/example_datasets.py
[2025-03-08T01:05:15.700+0700] {processor.py:914} INFO - Processing file /home/dataengineer/.pyenv/versions/3.9.21/lib/python3.9/site-packages/airflow/example_dags/example_datasets.py for tasks to queue
[2025-03-08T01:05:15.702+0700] {logging_mixin.py:190} INFO - [2025-03-08T01:05:15.702+0700] {dagbag.py:588} INFO - Filling up the DagBag from /home/dataengineer/.pyenv/versions/3.9.21/lib/python3.9/site-packages/airflow/example_dags/example_datasets.py
[2025-03-08T01:05:15.720+0700] {processor.py:925} INFO - DAG(s) 'dataset_produces_1', 'consume_1_and_2_with_dataset_expressions', 'consume_1_or_both_2_and_3_with_dataset_expressions', 'conditional_dataset_and_time_based_timetable', 'dataset_consumes_unknown_never_scheduled', 'dataset_produces_2', 'dataset_consumes_1_and_2', 'dataset_consumes_1_never_scheduled', 'consume_1_or_2_with_dataset_expressions', 'dataset_consumes_1' retrieved from /home/dataengineer/.pyenv/versions/3.9.21/lib/python3.9/site-packages/airflow/example_dags/example_datasets.py
[2025-03-08T01:05:15.757+0700] {logging_mixin.py:190} INFO - [2025-03-08T01:05:15.756+0700] {dag.py:3239} INFO - Sync 10 DAGs
[2025-03-08T01:05:15.781+0700] {logging_mixin.py:190} INFO - [2025-03-08T01:05:15.781+0700] {dag.py:4180} INFO - Setting next_dagrun for conditional_dataset_and_time_based_timetable to 2025-03-05 01:00:00+00:00, run_after=2025-03-05 01:00:00+00:00
[2025-03-08T01:05:15.785+0700] {logging_mixin.py:190} INFO - [2025-03-08T01:05:15.785+0700] {dag.py:4180} INFO - Setting next_dagrun for consume_1_and_2_with_dataset_expressions to None, run_after=None
[2025-03-08T01:05:15.786+0700] {logging_mixin.py:190} INFO - [2025-03-08T01:05:15.786+0700] {dag.py:4180} INFO - Setting next_dagrun for consume_1_or_2_with_dataset_expressions to None, run_after=None
[2025-03-08T01:05:15.787+0700] {logging_mixin.py:190} INFO - [2025-03-08T01:05:15.787+0700] {dag.py:4180} INFO - Setting next_dagrun for consume_1_or_both_2_and_3_with_dataset_expressions to None, run_after=None
[2025-03-08T01:05:15.788+0700] {logging_mixin.py:190} INFO - [2025-03-08T01:05:15.788+0700] {dag.py:4180} INFO - Setting next_dagrun for dataset_consumes_1 to None, run_after=None
[2025-03-08T01:05:15.789+0700] {logging_mixin.py:190} INFO - [2025-03-08T01:05:15.789+0700] {dag.py:4180} INFO - Setting next_dagrun for dataset_consumes_1_and_2 to None, run_after=None
[2025-03-08T01:05:15.790+0700] {logging_mixin.py:190} INFO - [2025-03-08T01:05:15.790+0700] {dag.py:4180} INFO - Setting next_dagrun for dataset_consumes_1_never_scheduled to None, run_after=None
[2025-03-08T01:05:15.791+0700] {logging_mixin.py:190} INFO - [2025-03-08T01:05:15.791+0700] {dag.py:4180} INFO - Setting next_dagrun for dataset_consumes_unknown_never_scheduled to None, run_after=None
[2025-03-08T01:05:15.793+0700] {logging_mixin.py:190} INFO - [2025-03-08T01:05:15.793+0700] {dag.py:4180} INFO - Setting next_dagrun for dataset_produces_1 to 2025-03-06 00:00:00+00:00, run_after=2025-03-07 00:00:00+00:00
[2025-03-08T01:05:15.794+0700] {logging_mixin.py:190} INFO - [2025-03-08T01:05:15.794+0700] {dag.py:4180} INFO - Setting next_dagrun for dataset_produces_2 to None, run_after=None
[2025-03-08T01:05:15.823+0700] {processor.py:208} INFO - Processing /home/dataengineer/.pyenv/versions/3.9.21/lib/python3.9/site-packages/airflow/example_dags/example_datasets.py took 0.130 seconds
[2025-03-08T02:29:35.702+0700] {processor.py:186} INFO - Started process (PID=67592) to work on /home/dataengineer/.pyenv/versions/3.9.21/lib/python3.9/site-packages/airflow/example_dags/example_datasets.py
[2025-03-08T02:29:35.703+0700] {processor.py:914} INFO - Processing file /home/dataengineer/.pyenv/versions/3.9.21/lib/python3.9/site-packages/airflow/example_dags/example_datasets.py for tasks to queue
[2025-03-08T02:29:35.705+0700] {logging_mixin.py:190} INFO - [2025-03-08T02:29:35.705+0700] {dagbag.py:588} INFO - Filling up the DagBag from /home/dataengineer/.pyenv/versions/3.9.21/lib/python3.9/site-packages/airflow/example_dags/example_datasets.py
[2025-03-08T02:29:35.719+0700] {processor.py:925} INFO - DAG(s) 'dataset_consumes_unknown_never_scheduled', 'consume_1_or_both_2_and_3_with_dataset_expressions', 'conditional_dataset_and_time_based_timetable', 'dataset_produces_2', 'dataset_consumes_1_and_2', 'dataset_consumes_1', 'dataset_consumes_1_never_scheduled', 'dataset_produces_1', 'consume_1_and_2_with_dataset_expressions', 'consume_1_or_2_with_dataset_expressions' retrieved from /home/dataengineer/.pyenv/versions/3.9.21/lib/python3.9/site-packages/airflow/example_dags/example_datasets.py
[2025-03-08T02:29:35.750+0700] {logging_mixin.py:190} INFO - [2025-03-08T02:29:35.750+0700] {dag.py:3239} INFO - Sync 10 DAGs
[2025-03-08T02:29:35.770+0700] {logging_mixin.py:190} INFO - [2025-03-08T02:29:35.769+0700] {dag.py:4180} INFO - Setting next_dagrun for conditional_dataset_and_time_based_timetable to 2025-03-05 01:00:00+00:00, run_after=2025-03-05 01:00:00+00:00
[2025-03-08T02:29:35.774+0700] {logging_mixin.py:190} INFO - [2025-03-08T02:29:35.774+0700] {dag.py:4180} INFO - Setting next_dagrun for consume_1_and_2_with_dataset_expressions to None, run_after=None
[2025-03-08T02:29:35.775+0700] {logging_mixin.py:190} INFO - [2025-03-08T02:29:35.775+0700] {dag.py:4180} INFO - Setting next_dagrun for consume_1_or_2_with_dataset_expressions to None, run_after=None
[2025-03-08T02:29:35.776+0700] {logging_mixin.py:190} INFO - [2025-03-08T02:29:35.776+0700] {dag.py:4180} INFO - Setting next_dagrun for consume_1_or_both_2_and_3_with_dataset_expressions to None, run_after=None
[2025-03-08T02:29:35.777+0700] {logging_mixin.py:190} INFO - [2025-03-08T02:29:35.777+0700] {dag.py:4180} INFO - Setting next_dagrun for dataset_consumes_1 to None, run_after=None
[2025-03-08T02:29:35.778+0700] {logging_mixin.py:190} INFO - [2025-03-08T02:29:35.778+0700] {dag.py:4180} INFO - Setting next_dagrun for dataset_consumes_1_and_2 to None, run_after=None
[2025-03-08T02:29:35.779+0700] {logging_mixin.py:190} INFO - [2025-03-08T02:29:35.779+0700] {dag.py:4180} INFO - Setting next_dagrun for dataset_consumes_1_never_scheduled to None, run_after=None
[2025-03-08T02:29:35.780+0700] {logging_mixin.py:190} INFO - [2025-03-08T02:29:35.780+0700] {dag.py:4180} INFO - Setting next_dagrun for dataset_consumes_unknown_never_scheduled to None, run_after=None
[2025-03-08T02:29:35.782+0700] {logging_mixin.py:190} INFO - [2025-03-08T02:29:35.782+0700] {dag.py:4180} INFO - Setting next_dagrun for dataset_produces_1 to 2025-03-06 00:00:00+00:00, run_after=2025-03-07 00:00:00+00:00
[2025-03-08T02:29:35.783+0700] {logging_mixin.py:190} INFO - [2025-03-08T02:29:35.783+0700] {dag.py:4180} INFO - Setting next_dagrun for dataset_produces_2 to None, run_after=None
[2025-03-08T02:29:35.811+0700] {processor.py:208} INFO - Processing /home/dataengineer/.pyenv/versions/3.9.21/lib/python3.9/site-packages/airflow/example_dags/example_datasets.py took 0.114 seconds
[2025-03-08T02:30:34.042+0700] {processor.py:186} INFO - Started process (PID=68056) to work on /home/dataengineer/.pyenv/versions/3.9.21/lib/python3.9/site-packages/airflow/example_dags/example_datasets.py
[2025-03-08T02:30:34.043+0700] {processor.py:914} INFO - Processing file /home/dataengineer/.pyenv/versions/3.9.21/lib/python3.9/site-packages/airflow/example_dags/example_datasets.py for tasks to queue
[2025-03-08T02:30:34.045+0700] {logging_mixin.py:190} INFO - [2025-03-08T02:30:34.044+0700] {dagbag.py:588} INFO - Filling up the DagBag from /home/dataengineer/.pyenv/versions/3.9.21/lib/python3.9/site-packages/airflow/example_dags/example_datasets.py
[2025-03-08T02:30:34.063+0700] {processor.py:925} INFO - DAG(s) 'dataset_consumes_1_never_scheduled', 'dataset_produces_1', 'dataset_consumes_1', 'conditional_dataset_and_time_based_timetable', 'consume_1_and_2_with_dataset_expressions', 'dataset_produces_2', 'consume_1_or_2_with_dataset_expressions', 'dataset_consumes_1_and_2', 'consume_1_or_both_2_and_3_with_dataset_expressions', 'dataset_consumes_unknown_never_scheduled' retrieved from /home/dataengineer/.pyenv/versions/3.9.21/lib/python3.9/site-packages/airflow/example_dags/example_datasets.py
[2025-03-08T02:30:34.093+0700] {logging_mixin.py:190} INFO - [2025-03-08T02:30:34.093+0700] {dag.py:3239} INFO - Sync 10 DAGs
[2025-03-08T02:30:34.115+0700] {logging_mixin.py:190} INFO - [2025-03-08T02:30:34.114+0700] {dag.py:4180} INFO - Setting next_dagrun for conditional_dataset_and_time_based_timetable to 2025-03-05 01:00:00+00:00, run_after=2025-03-05 01:00:00+00:00
[2025-03-08T02:30:34.118+0700] {logging_mixin.py:190} INFO - [2025-03-08T02:30:34.117+0700] {dag.py:4180} INFO - Setting next_dagrun for consume_1_and_2_with_dataset_expressions to None, run_after=None
[2025-03-08T02:30:34.119+0700] {logging_mixin.py:190} INFO - [2025-03-08T02:30:34.118+0700] {dag.py:4180} INFO - Setting next_dagrun for consume_1_or_2_with_dataset_expressions to None, run_after=None
[2025-03-08T02:30:34.119+0700] {logging_mixin.py:190} INFO - [2025-03-08T02:30:34.119+0700] {dag.py:4180} INFO - Setting next_dagrun for consume_1_or_both_2_and_3_with_dataset_expressions to None, run_after=None
[2025-03-08T02:30:34.120+0700] {logging_mixin.py:190} INFO - [2025-03-08T02:30:34.120+0700] {dag.py:4180} INFO - Setting next_dagrun for dataset_consumes_1 to None, run_after=None
[2025-03-08T02:30:34.121+0700] {logging_mixin.py:190} INFO - [2025-03-08T02:30:34.121+0700] {dag.py:4180} INFO - Setting next_dagrun for dataset_consumes_1_and_2 to None, run_after=None
[2025-03-08T02:30:34.122+0700] {logging_mixin.py:190} INFO - [2025-03-08T02:30:34.122+0700] {dag.py:4180} INFO - Setting next_dagrun for dataset_consumes_1_never_scheduled to None, run_after=None
[2025-03-08T02:30:34.123+0700] {logging_mixin.py:190} INFO - [2025-03-08T02:30:34.122+0700] {dag.py:4180} INFO - Setting next_dagrun for dataset_consumes_unknown_never_scheduled to None, run_after=None
[2025-03-08T02:30:34.125+0700] {logging_mixin.py:190} INFO - [2025-03-08T02:30:34.125+0700] {dag.py:4180} INFO - Setting next_dagrun for dataset_produces_1 to 2025-03-06 00:00:00+00:00, run_after=2025-03-07 00:00:00+00:00
[2025-03-08T02:30:34.126+0700] {logging_mixin.py:190} INFO - [2025-03-08T02:30:34.126+0700] {dag.py:4180} INFO - Setting next_dagrun for dataset_produces_2 to None, run_after=None
[2025-03-08T02:30:34.152+0700] {processor.py:208} INFO - Processing /home/dataengineer/.pyenv/versions/3.9.21/lib/python3.9/site-packages/airflow/example_dags/example_datasets.py took 0.117 seconds
[2025-03-08T02:31:30.072+0700] {processor.py:186} INFO - Started process (PID=68780) to work on /home/dataengineer/.pyenv/versions/3.9.21/lib/python3.9/site-packages/airflow/example_dags/example_datasets.py
[2025-03-08T02:31:30.073+0700] {processor.py:914} INFO - Processing file /home/dataengineer/.pyenv/versions/3.9.21/lib/python3.9/site-packages/airflow/example_dags/example_datasets.py for tasks to queue
[2025-03-08T02:31:30.076+0700] {logging_mixin.py:190} INFO - [2025-03-08T02:31:30.076+0700] {dagbag.py:588} INFO - Filling up the DagBag from /home/dataengineer/.pyenv/versions/3.9.21/lib/python3.9/site-packages/airflow/example_dags/example_datasets.py
[2025-03-08T02:31:30.098+0700] {processor.py:925} INFO - DAG(s) 'consume_1_and_2_with_dataset_expressions', 'dataset_consumes_1', 'conditional_dataset_and_time_based_timetable', 'consume_1_or_both_2_and_3_with_dataset_expressions', 'dataset_consumes_unknown_never_scheduled', 'dataset_produces_1', 'dataset_consumes_1_and_2', 'dataset_consumes_1_never_scheduled', 'consume_1_or_2_with_dataset_expressions', 'dataset_produces_2' retrieved from /home/dataengineer/.pyenv/versions/3.9.21/lib/python3.9/site-packages/airflow/example_dags/example_datasets.py
[2025-03-08T02:31:30.147+0700] {logging_mixin.py:190} INFO - [2025-03-08T02:31:30.147+0700] {dag.py:3239} INFO - Sync 10 DAGs
[2025-03-08T02:31:30.181+0700] {logging_mixin.py:190} INFO - [2025-03-08T02:31:30.180+0700] {dag.py:4180} INFO - Setting next_dagrun for conditional_dataset_and_time_based_timetable to 2025-03-05 01:00:00+00:00, run_after=2025-03-05 01:00:00+00:00
[2025-03-08T02:31:30.184+0700] {logging_mixin.py:190} INFO - [2025-03-08T02:31:30.184+0700] {dag.py:4180} INFO - Setting next_dagrun for consume_1_and_2_with_dataset_expressions to None, run_after=None
[2025-03-08T02:31:30.186+0700] {logging_mixin.py:190} INFO - [2025-03-08T02:31:30.186+0700] {dag.py:4180} INFO - Setting next_dagrun for consume_1_or_2_with_dataset_expressions to None, run_after=None
[2025-03-08T02:31:30.188+0700] {logging_mixin.py:190} INFO - [2025-03-08T02:31:30.188+0700] {dag.py:4180} INFO - Setting next_dagrun for consume_1_or_both_2_and_3_with_dataset_expressions to None, run_after=None
[2025-03-08T02:31:30.190+0700] {logging_mixin.py:190} INFO - [2025-03-08T02:31:30.189+0700] {dag.py:4180} INFO - Setting next_dagrun for dataset_consumes_1 to None, run_after=None
[2025-03-08T02:31:30.192+0700] {logging_mixin.py:190} INFO - [2025-03-08T02:31:30.191+0700] {dag.py:4180} INFO - Setting next_dagrun for dataset_consumes_1_and_2 to None, run_after=None
[2025-03-08T02:31:30.194+0700] {logging_mixin.py:190} INFO - [2025-03-08T02:31:30.193+0700] {dag.py:4180} INFO - Setting next_dagrun for dataset_consumes_1_never_scheduled to None, run_after=None
[2025-03-08T02:31:30.195+0700] {logging_mixin.py:190} INFO - [2025-03-08T02:31:30.195+0700] {dag.py:4180} INFO - Setting next_dagrun for dataset_consumes_unknown_never_scheduled to None, run_after=None
[2025-03-08T02:31:30.198+0700] {logging_mixin.py:190} INFO - [2025-03-08T02:31:30.198+0700] {dag.py:4180} INFO - Setting next_dagrun for dataset_produces_1 to 2025-03-06 00:00:00+00:00, run_after=2025-03-07 00:00:00+00:00
[2025-03-08T02:31:30.200+0700] {logging_mixin.py:190} INFO - [2025-03-08T02:31:30.199+0700] {dag.py:4180} INFO - Setting next_dagrun for dataset_produces_2 to None, run_after=None
[2025-03-08T02:31:30.242+0700] {processor.py:208} INFO - Processing /home/dataengineer/.pyenv/versions/3.9.21/lib/python3.9/site-packages/airflow/example_dags/example_datasets.py took 0.178 seconds
[2025-03-08T02:32:27.384+0700] {processor.py:186} INFO - Started process (PID=69074) to work on /home/dataengineer/.pyenv/versions/3.9.21/lib/python3.9/site-packages/airflow/example_dags/example_datasets.py
[2025-03-08T02:32:27.386+0700] {processor.py:914} INFO - Processing file /home/dataengineer/.pyenv/versions/3.9.21/lib/python3.9/site-packages/airflow/example_dags/example_datasets.py for tasks to queue
[2025-03-08T02:32:27.387+0700] {logging_mixin.py:190} INFO - [2025-03-08T02:32:27.387+0700] {dagbag.py:588} INFO - Filling up the DagBag from /home/dataengineer/.pyenv/versions/3.9.21/lib/python3.9/site-packages/airflow/example_dags/example_datasets.py
[2025-03-08T02:32:27.403+0700] {processor.py:925} INFO - DAG(s) 'dataset_consumes_1_and_2', 'dataset_consumes_1_never_scheduled', 'consume_1_and_2_with_dataset_expressions', 'dataset_produces_2', 'dataset_produces_1', 'consume_1_or_2_with_dataset_expressions', 'conditional_dataset_and_time_based_timetable', 'dataset_consumes_unknown_never_scheduled', 'consume_1_or_both_2_and_3_with_dataset_expressions', 'dataset_consumes_1' retrieved from /home/dataengineer/.pyenv/versions/3.9.21/lib/python3.9/site-packages/airflow/example_dags/example_datasets.py
[2025-03-08T02:32:27.439+0700] {logging_mixin.py:190} INFO - [2025-03-08T02:32:27.439+0700] {dag.py:3239} INFO - Sync 10 DAGs
[2025-03-08T02:32:27.464+0700] {logging_mixin.py:190} INFO - [2025-03-08T02:32:27.464+0700] {dag.py:4180} INFO - Setting next_dagrun for conditional_dataset_and_time_based_timetable to 2025-03-05 01:00:00+00:00, run_after=2025-03-05 01:00:00+00:00
[2025-03-08T02:32:27.468+0700] {logging_mixin.py:190} INFO - [2025-03-08T02:32:27.467+0700] {dag.py:4180} INFO - Setting next_dagrun for consume_1_and_2_with_dataset_expressions to None, run_after=None
[2025-03-08T02:32:27.469+0700] {logging_mixin.py:190} INFO - [2025-03-08T02:32:27.469+0700] {dag.py:4180} INFO - Setting next_dagrun for consume_1_or_2_with_dataset_expressions to None, run_after=None
[2025-03-08T02:32:27.471+0700] {logging_mixin.py:190} INFO - [2025-03-08T02:32:27.470+0700] {dag.py:4180} INFO - Setting next_dagrun for consume_1_or_both_2_and_3_with_dataset_expressions to None, run_after=None
[2025-03-08T02:32:27.472+0700] {logging_mixin.py:190} INFO - [2025-03-08T02:32:27.472+0700] {dag.py:4180} INFO - Setting next_dagrun for dataset_consumes_1 to None, run_after=None
[2025-03-08T02:32:27.473+0700] {logging_mixin.py:190} INFO - [2025-03-08T02:32:27.473+0700] {dag.py:4180} INFO - Setting next_dagrun for dataset_consumes_1_and_2 to None, run_after=None
[2025-03-08T02:32:27.474+0700] {logging_mixin.py:190} INFO - [2025-03-08T02:32:27.474+0700] {dag.py:4180} INFO - Setting next_dagrun for dataset_consumes_1_never_scheduled to None, run_after=None
[2025-03-08T02:32:27.476+0700] {logging_mixin.py:190} INFO - [2025-03-08T02:32:27.475+0700] {dag.py:4180} INFO - Setting next_dagrun for dataset_consumes_unknown_never_scheduled to None, run_after=None
[2025-03-08T02:32:27.478+0700] {logging_mixin.py:190} INFO - [2025-03-08T02:32:27.478+0700] {dag.py:4180} INFO - Setting next_dagrun for dataset_produces_1 to 2025-03-06 00:00:00+00:00, run_after=2025-03-07 00:00:00+00:00
[2025-03-08T02:32:27.479+0700] {logging_mixin.py:190} INFO - [2025-03-08T02:32:27.479+0700] {dag.py:4180} INFO - Setting next_dagrun for dataset_produces_2 to None, run_after=None
[2025-03-08T02:32:27.510+0700] {processor.py:208} INFO - Processing /home/dataengineer/.pyenv/versions/3.9.21/lib/python3.9/site-packages/airflow/example_dags/example_datasets.py took 0.131 seconds
[2025-03-08T02:33:25.163+0700] {processor.py:186} INFO - Started process (PID=69329) to work on /home/dataengineer/.pyenv/versions/3.9.21/lib/python3.9/site-packages/airflow/example_dags/example_datasets.py
[2025-03-08T02:33:25.164+0700] {processor.py:914} INFO - Processing file /home/dataengineer/.pyenv/versions/3.9.21/lib/python3.9/site-packages/airflow/example_dags/example_datasets.py for tasks to queue
[2025-03-08T02:33:25.165+0700] {logging_mixin.py:190} INFO - [2025-03-08T02:33:25.165+0700] {dagbag.py:588} INFO - Filling up the DagBag from /home/dataengineer/.pyenv/versions/3.9.21/lib/python3.9/site-packages/airflow/example_dags/example_datasets.py
[2025-03-08T02:33:25.180+0700] {processor.py:925} INFO - DAG(s) 'dataset_produces_1', 'consume_1_and_2_with_dataset_expressions', 'dataset_consumes_1', 'conditional_dataset_and_time_based_timetable', 'dataset_consumes_1_never_scheduled', 'consume_1_or_2_with_dataset_expressions', 'consume_1_or_both_2_and_3_with_dataset_expressions', 'dataset_consumes_unknown_never_scheduled', 'dataset_consumes_1_and_2', 'dataset_produces_2' retrieved from /home/dataengineer/.pyenv/versions/3.9.21/lib/python3.9/site-packages/airflow/example_dags/example_datasets.py
[2025-03-08T02:33:25.209+0700] {logging_mixin.py:190} INFO - [2025-03-08T02:33:25.209+0700] {dag.py:3239} INFO - Sync 10 DAGs
[2025-03-08T02:33:25.230+0700] {logging_mixin.py:190} INFO - [2025-03-08T02:33:25.230+0700] {dag.py:4180} INFO - Setting next_dagrun for conditional_dataset_and_time_based_timetable to 2025-03-05 01:00:00+00:00, run_after=2025-03-05 01:00:00+00:00
[2025-03-08T02:33:25.233+0700] {logging_mixin.py:190} INFO - [2025-03-08T02:33:25.233+0700] {dag.py:4180} INFO - Setting next_dagrun for consume_1_and_2_with_dataset_expressions to None, run_after=None
[2025-03-08T02:33:25.234+0700] {logging_mixin.py:190} INFO - [2025-03-08T02:33:25.234+0700] {dag.py:4180} INFO - Setting next_dagrun for consume_1_or_2_with_dataset_expressions to None, run_after=None
[2025-03-08T02:33:25.234+0700] {logging_mixin.py:190} INFO - [2025-03-08T02:33:25.234+0700] {dag.py:4180} INFO - Setting next_dagrun for consume_1_or_both_2_and_3_with_dataset_expressions to None, run_after=None
[2025-03-08T02:33:25.235+0700] {logging_mixin.py:190} INFO - [2025-03-08T02:33:25.235+0700] {dag.py:4180} INFO - Setting next_dagrun for dataset_consumes_1 to None, run_after=None
[2025-03-08T02:33:25.236+0700] {logging_mixin.py:190} INFO - [2025-03-08T02:33:25.236+0700] {dag.py:4180} INFO - Setting next_dagrun for dataset_consumes_1_and_2 to None, run_after=None
[2025-03-08T02:33:25.237+0700] {logging_mixin.py:190} INFO - [2025-03-08T02:33:25.237+0700] {dag.py:4180} INFO - Setting next_dagrun for dataset_consumes_1_never_scheduled to None, run_after=None
[2025-03-08T02:33:25.238+0700] {logging_mixin.py:190} INFO - [2025-03-08T02:33:25.237+0700] {dag.py:4180} INFO - Setting next_dagrun for dataset_consumes_unknown_never_scheduled to None, run_after=None
[2025-03-08T02:33:25.240+0700] {logging_mixin.py:190} INFO - [2025-03-08T02:33:25.240+0700] {dag.py:4180} INFO - Setting next_dagrun for dataset_produces_1 to 2025-03-06 00:00:00+00:00, run_after=2025-03-07 00:00:00+00:00
[2025-03-08T02:33:25.241+0700] {logging_mixin.py:190} INFO - [2025-03-08T02:33:25.240+0700] {dag.py:4180} INFO - Setting next_dagrun for dataset_produces_2 to None, run_after=None
[2025-03-08T02:33:25.271+0700] {processor.py:208} INFO - Processing /home/dataengineer/.pyenv/versions/3.9.21/lib/python3.9/site-packages/airflow/example_dags/example_datasets.py took 0.113 seconds
[2025-03-08T02:35:00.393+0700] {processor.py:186} INFO - Started process (PID=70411) to work on /home/dataengineer/.pyenv/versions/3.9.21/lib/python3.9/site-packages/airflow/example_dags/example_datasets.py
[2025-03-08T02:35:00.395+0700] {processor.py:914} INFO - Processing file /home/dataengineer/.pyenv/versions/3.9.21/lib/python3.9/site-packages/airflow/example_dags/example_datasets.py for tasks to queue
[2025-03-08T02:35:00.397+0700] {logging_mixin.py:190} INFO - [2025-03-08T02:35:00.396+0700] {dagbag.py:588} INFO - Filling up the DagBag from /home/dataengineer/.pyenv/versions/3.9.21/lib/python3.9/site-packages/airflow/example_dags/example_datasets.py
[2025-03-08T02:35:00.412+0700] {processor.py:925} INFO - DAG(s) 'dataset_consumes_1_never_scheduled', 'consume_1_or_2_with_dataset_expressions', 'consume_1_and_2_with_dataset_expressions', 'dataset_consumes_1_and_2', 'dataset_consumes_unknown_never_scheduled', 'dataset_produces_1', 'dataset_consumes_1', 'conditional_dataset_and_time_based_timetable', 'dataset_produces_2', 'consume_1_or_both_2_and_3_with_dataset_expressions' retrieved from /home/dataengineer/.pyenv/versions/3.9.21/lib/python3.9/site-packages/airflow/example_dags/example_datasets.py
[2025-03-08T02:35:00.444+0700] {logging_mixin.py:190} INFO - [2025-03-08T02:35:00.444+0700] {dag.py:3239} INFO - Sync 10 DAGs
[2025-03-08T02:35:00.464+0700] {logging_mixin.py:190} INFO - [2025-03-08T02:35:00.464+0700] {dag.py:4180} INFO - Setting next_dagrun for conditional_dataset_and_time_based_timetable to 2025-03-05 01:00:00+00:00, run_after=2025-03-05 01:00:00+00:00
[2025-03-08T02:35:00.467+0700] {logging_mixin.py:190} INFO - [2025-03-08T02:35:00.467+0700] {dag.py:4180} INFO - Setting next_dagrun for consume_1_and_2_with_dataset_expressions to None, run_after=None
[2025-03-08T02:35:00.468+0700] {logging_mixin.py:190} INFO - [2025-03-08T02:35:00.468+0700] {dag.py:4180} INFO - Setting next_dagrun for consume_1_or_2_with_dataset_expressions to None, run_after=None
[2025-03-08T02:35:00.469+0700] {logging_mixin.py:190} INFO - [2025-03-08T02:35:00.469+0700] {dag.py:4180} INFO - Setting next_dagrun for consume_1_or_both_2_and_3_with_dataset_expressions to None, run_after=None
[2025-03-08T02:35:00.469+0700] {logging_mixin.py:190} INFO - [2025-03-08T02:35:00.469+0700] {dag.py:4180} INFO - Setting next_dagrun for dataset_consumes_1 to None, run_after=None
[2025-03-08T02:35:00.470+0700] {logging_mixin.py:190} INFO - [2025-03-08T02:35:00.470+0700] {dag.py:4180} INFO - Setting next_dagrun for dataset_consumes_1_and_2 to None, run_after=None
[2025-03-08T02:35:00.471+0700] {logging_mixin.py:190} INFO - [2025-03-08T02:35:00.471+0700] {dag.py:4180} INFO - Setting next_dagrun for dataset_consumes_1_never_scheduled to None, run_after=None
[2025-03-08T02:35:00.472+0700] {logging_mixin.py:190} INFO - [2025-03-08T02:35:00.472+0700] {dag.py:4180} INFO - Setting next_dagrun for dataset_consumes_unknown_never_scheduled to None, run_after=None
[2025-03-08T02:35:00.474+0700] {logging_mixin.py:190} INFO - [2025-03-08T02:35:00.474+0700] {dag.py:4180} INFO - Setting next_dagrun for dataset_produces_1 to 2025-03-06 00:00:00+00:00, run_after=2025-03-07 00:00:00+00:00
[2025-03-08T02:35:00.475+0700] {logging_mixin.py:190} INFO - [2025-03-08T02:35:00.475+0700] {dag.py:4180} INFO - Setting next_dagrun for dataset_produces_2 to None, run_after=None
[2025-03-08T02:35:00.501+0700] {processor.py:208} INFO - Processing /home/dataengineer/.pyenv/versions/3.9.21/lib/python3.9/site-packages/airflow/example_dags/example_datasets.py took 0.113 seconds
[2025-03-08T02:36:00.790+0700] {processor.py:186} INFO - Started process (PID=70846) to work on /home/dataengineer/.pyenv/versions/3.9.21/lib/python3.9/site-packages/airflow/example_dags/example_datasets.py
[2025-03-08T02:36:00.791+0700] {processor.py:914} INFO - Processing file /home/dataengineer/.pyenv/versions/3.9.21/lib/python3.9/site-packages/airflow/example_dags/example_datasets.py for tasks to queue
[2025-03-08T02:36:00.793+0700] {logging_mixin.py:190} INFO - [2025-03-08T02:36:00.793+0700] {dagbag.py:588} INFO - Filling up the DagBag from /home/dataengineer/.pyenv/versions/3.9.21/lib/python3.9/site-packages/airflow/example_dags/example_datasets.py
[2025-03-08T02:36:00.812+0700] {processor.py:925} INFO - DAG(s) 'dataset_consumes_1_and_2', 'consume_1_or_2_with_dataset_expressions', 'conditional_dataset_and_time_based_timetable', 'consume_1_and_2_with_dataset_expressions', 'dataset_consumes_unknown_never_scheduled', 'dataset_consumes_1', 'dataset_consumes_1_never_scheduled', 'consume_1_or_both_2_and_3_with_dataset_expressions', 'dataset_produces_1', 'dataset_produces_2' retrieved from /home/dataengineer/.pyenv/versions/3.9.21/lib/python3.9/site-packages/airflow/example_dags/example_datasets.py
[2025-03-08T02:36:00.860+0700] {logging_mixin.py:190} INFO - [2025-03-08T02:36:00.859+0700] {dag.py:3239} INFO - Sync 10 DAGs
[2025-03-08T02:36:00.885+0700] {logging_mixin.py:190} INFO - [2025-03-08T02:36:00.884+0700] {dag.py:4180} INFO - Setting next_dagrun for conditional_dataset_and_time_based_timetable to 2025-03-05 01:00:00+00:00, run_after=2025-03-05 01:00:00+00:00
[2025-03-08T02:36:00.889+0700] {logging_mixin.py:190} INFO - [2025-03-08T02:36:00.889+0700] {dag.py:4180} INFO - Setting next_dagrun for consume_1_and_2_with_dataset_expressions to None, run_after=None
[2025-03-08T02:36:00.890+0700] {logging_mixin.py:190} INFO - [2025-03-08T02:36:00.890+0700] {dag.py:4180} INFO - Setting next_dagrun for consume_1_or_2_with_dataset_expressions to None, run_after=None
[2025-03-08T02:36:00.891+0700] {logging_mixin.py:190} INFO - [2025-03-08T02:36:00.891+0700] {dag.py:4180} INFO - Setting next_dagrun for consume_1_or_both_2_and_3_with_dataset_expressions to None, run_after=None
[2025-03-08T02:36:00.893+0700] {logging_mixin.py:190} INFO - [2025-03-08T02:36:00.893+0700] {dag.py:4180} INFO - Setting next_dagrun for dataset_consumes_1 to None, run_after=None
[2025-03-08T02:36:00.894+0700] {logging_mixin.py:190} INFO - [2025-03-08T02:36:00.894+0700] {dag.py:4180} INFO - Setting next_dagrun for dataset_consumes_1_and_2 to None, run_after=None
[2025-03-08T02:36:00.895+0700] {logging_mixin.py:190} INFO - [2025-03-08T02:36:00.895+0700] {dag.py:4180} INFO - Setting next_dagrun for dataset_consumes_1_never_scheduled to None, run_after=None
[2025-03-08T02:36:00.896+0700] {logging_mixin.py:190} INFO - [2025-03-08T02:36:00.896+0700] {dag.py:4180} INFO - Setting next_dagrun for dataset_consumes_unknown_never_scheduled to None, run_after=None
[2025-03-08T02:36:00.899+0700] {logging_mixin.py:190} INFO - [2025-03-08T02:36:00.898+0700] {dag.py:4180} INFO - Setting next_dagrun for dataset_produces_1 to 2025-03-06 00:00:00+00:00, run_after=2025-03-07 00:00:00+00:00
[2025-03-08T02:36:00.900+0700] {logging_mixin.py:190} INFO - [2025-03-08T02:36:00.900+0700] {dag.py:4180} INFO - Setting next_dagrun for dataset_produces_2 to None, run_after=None
[2025-03-08T02:36:00.934+0700] {processor.py:208} INFO - Processing /home/dataengineer/.pyenv/versions/3.9.21/lib/python3.9/site-packages/airflow/example_dags/example_datasets.py took 0.151 seconds
[2025-03-08T02:37:02.177+0700] {processor.py:186} INFO - Started process (PID=71290) to work on /home/dataengineer/.pyenv/versions/3.9.21/lib/python3.9/site-packages/airflow/example_dags/example_datasets.py
[2025-03-08T02:37:02.179+0700] {processor.py:914} INFO - Processing file /home/dataengineer/.pyenv/versions/3.9.21/lib/python3.9/site-packages/airflow/example_dags/example_datasets.py for tasks to queue
[2025-03-08T02:37:02.181+0700] {logging_mixin.py:190} INFO - [2025-03-08T02:37:02.180+0700] {dagbag.py:588} INFO - Filling up the DagBag from /home/dataengineer/.pyenv/versions/3.9.21/lib/python3.9/site-packages/airflow/example_dags/example_datasets.py
[2025-03-08T02:37:02.198+0700] {processor.py:925} INFO - DAG(s) 'conditional_dataset_and_time_based_timetable', 'consume_1_or_both_2_and_3_with_dataset_expressions', 'dataset_consumes_1_never_scheduled', 'consume_1_and_2_with_dataset_expressions', 'consume_1_or_2_with_dataset_expressions', 'dataset_consumes_unknown_never_scheduled', 'dataset_produces_2', 'dataset_consumes_1', 'dataset_produces_1', 'dataset_consumes_1_and_2' retrieved from /home/dataengineer/.pyenv/versions/3.9.21/lib/python3.9/site-packages/airflow/example_dags/example_datasets.py
[2025-03-08T02:37:02.240+0700] {logging_mixin.py:190} INFO - [2025-03-08T02:37:02.239+0700] {dag.py:3239} INFO - Sync 10 DAGs
[2025-03-08T02:37:02.269+0700] {logging_mixin.py:190} INFO - [2025-03-08T02:37:02.268+0700] {dag.py:4180} INFO - Setting next_dagrun for conditional_dataset_and_time_based_timetable to 2025-03-05 01:00:00+00:00, run_after=2025-03-05 01:00:00+00:00
[2025-03-08T02:37:02.272+0700] {logging_mixin.py:190} INFO - [2025-03-08T02:37:02.272+0700] {dag.py:4180} INFO - Setting next_dagrun for consume_1_and_2_with_dataset_expressions to None, run_after=None
[2025-03-08T02:37:02.273+0700] {logging_mixin.py:190} INFO - [2025-03-08T02:37:02.273+0700] {dag.py:4180} INFO - Setting next_dagrun for consume_1_or_2_with_dataset_expressions to None, run_after=None
[2025-03-08T02:37:02.274+0700] {logging_mixin.py:190} INFO - [2025-03-08T02:37:02.273+0700] {dag.py:4180} INFO - Setting next_dagrun for consume_1_or_both_2_and_3_with_dataset_expressions to None, run_after=None
[2025-03-08T02:37:02.274+0700] {logging_mixin.py:190} INFO - [2025-03-08T02:37:02.274+0700] {dag.py:4180} INFO - Setting next_dagrun for dataset_consumes_1 to None, run_after=None
[2025-03-08T02:37:02.275+0700] {logging_mixin.py:190} INFO - [2025-03-08T02:37:02.275+0700] {dag.py:4180} INFO - Setting next_dagrun for dataset_consumes_1_and_2 to None, run_after=None
[2025-03-08T02:37:02.276+0700] {logging_mixin.py:190} INFO - [2025-03-08T02:37:02.276+0700] {dag.py:4180} INFO - Setting next_dagrun for dataset_consumes_1_never_scheduled to None, run_after=None
[2025-03-08T02:37:02.277+0700] {logging_mixin.py:190} INFO - [2025-03-08T02:37:02.277+0700] {dag.py:4180} INFO - Setting next_dagrun for dataset_consumes_unknown_never_scheduled to None, run_after=None
[2025-03-08T02:37:02.280+0700] {logging_mixin.py:190} INFO - [2025-03-08T02:37:02.280+0700] {dag.py:4180} INFO - Setting next_dagrun for dataset_produces_1 to 2025-03-06 00:00:00+00:00, run_after=2025-03-07 00:00:00+00:00
[2025-03-08T02:37:02.281+0700] {logging_mixin.py:190} INFO - [2025-03-08T02:37:02.281+0700] {dag.py:4180} INFO - Setting next_dagrun for dataset_produces_2 to None, run_after=None
[2025-03-08T02:37:02.310+0700] {processor.py:208} INFO - Processing /home/dataengineer/.pyenv/versions/3.9.21/lib/python3.9/site-packages/airflow/example_dags/example_datasets.py took 0.138 seconds
[2025-03-08T02:38:06.878+0700] {processor.py:186} INFO - Started process (PID=71732) to work on /home/dataengineer/.pyenv/versions/3.9.21/lib/python3.9/site-packages/airflow/example_dags/example_datasets.py
[2025-03-08T02:38:06.880+0700] {processor.py:914} INFO - Processing file /home/dataengineer/.pyenv/versions/3.9.21/lib/python3.9/site-packages/airflow/example_dags/example_datasets.py for tasks to queue
[2025-03-08T02:38:06.882+0700] {logging_mixin.py:190} INFO - [2025-03-08T02:38:06.882+0700] {dagbag.py:588} INFO - Filling up the DagBag from /home/dataengineer/.pyenv/versions/3.9.21/lib/python3.9/site-packages/airflow/example_dags/example_datasets.py
[2025-03-08T02:38:06.901+0700] {processor.py:925} INFO - DAG(s) 'dataset_produces_2', 'dataset_consumes_unknown_never_scheduled', 'dataset_consumes_1_and_2', 'conditional_dataset_and_time_based_timetable', 'consume_1_and_2_with_dataset_expressions', 'consume_1_or_both_2_and_3_with_dataset_expressions', 'dataset_consumes_1', 'dataset_produces_1', 'dataset_consumes_1_never_scheduled', 'consume_1_or_2_with_dataset_expressions' retrieved from /home/dataengineer/.pyenv/versions/3.9.21/lib/python3.9/site-packages/airflow/example_dags/example_datasets.py
[2025-03-08T02:38:06.941+0700] {logging_mixin.py:190} INFO - [2025-03-08T02:38:06.941+0700] {dag.py:3239} INFO - Sync 10 DAGs
[2025-03-08T02:38:06.962+0700] {logging_mixin.py:190} INFO - [2025-03-08T02:38:06.962+0700] {dag.py:4180} INFO - Setting next_dagrun for conditional_dataset_and_time_based_timetable to 2025-03-05 01:00:00+00:00, run_after=2025-03-05 01:00:00+00:00
[2025-03-08T02:38:06.966+0700] {logging_mixin.py:190} INFO - [2025-03-08T02:38:06.966+0700] {dag.py:4180} INFO - Setting next_dagrun for consume_1_and_2_with_dataset_expressions to None, run_after=None
[2025-03-08T02:38:06.967+0700] {logging_mixin.py:190} INFO - [2025-03-08T02:38:06.967+0700] {dag.py:4180} INFO - Setting next_dagrun for consume_1_or_2_with_dataset_expressions to None, run_after=None
[2025-03-08T02:38:06.968+0700] {logging_mixin.py:190} INFO - [2025-03-08T02:38:06.968+0700] {dag.py:4180} INFO - Setting next_dagrun for consume_1_or_both_2_and_3_with_dataset_expressions to None, run_after=None
[2025-03-08T02:38:06.969+0700] {logging_mixin.py:190} INFO - [2025-03-08T02:38:06.969+0700] {dag.py:4180} INFO - Setting next_dagrun for dataset_consumes_1 to None, run_after=None
[2025-03-08T02:38:06.970+0700] {logging_mixin.py:190} INFO - [2025-03-08T02:38:06.970+0700] {dag.py:4180} INFO - Setting next_dagrun for dataset_consumes_1_and_2 to None, run_after=None
[2025-03-08T02:38:06.971+0700] {logging_mixin.py:190} INFO - [2025-03-08T02:38:06.971+0700] {dag.py:4180} INFO - Setting next_dagrun for dataset_consumes_1_never_scheduled to None, run_after=None
[2025-03-08T02:38:06.972+0700] {logging_mixin.py:190} INFO - [2025-03-08T02:38:06.971+0700] {dag.py:4180} INFO - Setting next_dagrun for dataset_consumes_unknown_never_scheduled to None, run_after=None
[2025-03-08T02:38:06.974+0700] {logging_mixin.py:190} INFO - [2025-03-08T02:38:06.974+0700] {dag.py:4180} INFO - Setting next_dagrun for dataset_produces_1 to 2025-03-06 00:00:00+00:00, run_after=2025-03-07 00:00:00+00:00
[2025-03-08T02:38:06.975+0700] {logging_mixin.py:190} INFO - [2025-03-08T02:38:06.975+0700] {dag.py:4180} INFO - Setting next_dagrun for dataset_produces_2 to None, run_after=None
[2025-03-08T02:38:07.002+0700] {processor.py:208} INFO - Processing /home/dataengineer/.pyenv/versions/3.9.21/lib/python3.9/site-packages/airflow/example_dags/example_datasets.py took 0.130 seconds
[2025-03-08T02:39:06.103+0700] {processor.py:186} INFO - Started process (PID=72469) to work on /home/dataengineer/.pyenv/versions/3.9.21/lib/python3.9/site-packages/airflow/example_dags/example_datasets.py
[2025-03-08T02:39:06.105+0700] {processor.py:914} INFO - Processing file /home/dataengineer/.pyenv/versions/3.9.21/lib/python3.9/site-packages/airflow/example_dags/example_datasets.py for tasks to queue
[2025-03-08T02:39:06.108+0700] {logging_mixin.py:190} INFO - [2025-03-08T02:39:06.108+0700] {dagbag.py:588} INFO - Filling up the DagBag from /home/dataengineer/.pyenv/versions/3.9.21/lib/python3.9/site-packages/airflow/example_dags/example_datasets.py
[2025-03-08T02:39:06.125+0700] {processor.py:925} INFO - DAG(s) 'dataset_consumes_1', 'dataset_consumes_1_and_2', 'dataset_produces_1', 'dataset_produces_2', 'consume_1_or_2_with_dataset_expressions', 'conditional_dataset_and_time_based_timetable', 'dataset_consumes_1_never_scheduled', 'dataset_consumes_unknown_never_scheduled', 'consume_1_or_both_2_and_3_with_dataset_expressions', 'consume_1_and_2_with_dataset_expressions' retrieved from /home/dataengineer/.pyenv/versions/3.9.21/lib/python3.9/site-packages/airflow/example_dags/example_datasets.py
[2025-03-08T02:39:06.164+0700] {logging_mixin.py:190} INFO - [2025-03-08T02:39:06.164+0700] {dag.py:3239} INFO - Sync 10 DAGs
[2025-03-08T02:39:06.188+0700] {logging_mixin.py:190} INFO - [2025-03-08T02:39:06.188+0700] {dag.py:4180} INFO - Setting next_dagrun for conditional_dataset_and_time_based_timetable to 2025-03-05 01:00:00+00:00, run_after=2025-03-05 01:00:00+00:00
[2025-03-08T02:39:06.193+0700] {logging_mixin.py:190} INFO - [2025-03-08T02:39:06.193+0700] {dag.py:4180} INFO - Setting next_dagrun for consume_1_and_2_with_dataset_expressions to None, run_after=None
[2025-03-08T02:39:06.195+0700] {logging_mixin.py:190} INFO - [2025-03-08T02:39:06.194+0700] {dag.py:4180} INFO - Setting next_dagrun for consume_1_or_2_with_dataset_expressions to None, run_after=None
[2025-03-08T02:39:06.196+0700] {logging_mixin.py:190} INFO - [2025-03-08T02:39:06.196+0700] {dag.py:4180} INFO - Setting next_dagrun for consume_1_or_both_2_and_3_with_dataset_expressions to None, run_after=None
[2025-03-08T02:39:06.198+0700] {logging_mixin.py:190} INFO - [2025-03-08T02:39:06.197+0700] {dag.py:4180} INFO - Setting next_dagrun for dataset_consumes_1 to None, run_after=None
[2025-03-08T02:39:06.199+0700] {logging_mixin.py:190} INFO - [2025-03-08T02:39:06.199+0700] {dag.py:4180} INFO - Setting next_dagrun for dataset_consumes_1_and_2 to None, run_after=None
[2025-03-08T02:39:06.200+0700] {logging_mixin.py:190} INFO - [2025-03-08T02:39:06.200+0700] {dag.py:4180} INFO - Setting next_dagrun for dataset_consumes_1_never_scheduled to None, run_after=None
[2025-03-08T02:39:06.201+0700] {logging_mixin.py:190} INFO - [2025-03-08T02:39:06.201+0700] {dag.py:4180} INFO - Setting next_dagrun for dataset_consumes_unknown_never_scheduled to None, run_after=None
[2025-03-08T02:39:06.205+0700] {logging_mixin.py:190} INFO - [2025-03-08T02:39:06.205+0700] {dag.py:4180} INFO - Setting next_dagrun for dataset_produces_1 to 2025-03-06 00:00:00+00:00, run_after=2025-03-07 00:00:00+00:00
[2025-03-08T02:39:06.207+0700] {logging_mixin.py:190} INFO - [2025-03-08T02:39:06.206+0700] {dag.py:4180} INFO - Setting next_dagrun for dataset_produces_2 to None, run_after=None
[2025-03-08T02:39:06.237+0700] {processor.py:208} INFO - Processing /home/dataengineer/.pyenv/versions/3.9.21/lib/python3.9/site-packages/airflow/example_dags/example_datasets.py took 0.140 seconds
