[2025-03-08T00:56:58.735+0700] {processor.py:186} INFO - Started process (PID=36433) to work on /home/dataengineer/.pyenv/versions/3.9.21/lib/python3.9/site-packages/airflow/example_dags/example_branch_labels.py
[2025-03-08T00:56:58.736+0700] {processor.py:914} INFO - Processing file /home/dataengineer/.pyenv/versions/3.9.21/lib/python3.9/site-packages/airflow/example_dags/example_branch_labels.py for tasks to queue
[2025-03-08T00:56:58.737+0700] {logging_mixin.py:190} INFO - [2025-03-08T00:56:58.737+0700] {dagbag.py:588} INFO - Filling up the DagBag from /home/dataengineer/.pyenv/versions/3.9.21/lib/python3.9/site-packages/airflow/example_dags/example_branch_labels.py
[2025-03-08T00:56:58.747+0700] {processor.py:925} INFO - DAG(s) 'example_branch_labels' retrieved from /home/dataengineer/.pyenv/versions/3.9.21/lib/python3.9/site-packages/airflow/example_dags/example_branch_labels.py
[2025-03-08T00:56:58.763+0700] {logging_mixin.py:190} INFO - [2025-03-08T00:56:58.763+0700] {dag.py:3239} INFO - Sync 1 DAGs
[2025-03-08T00:56:58.782+0700] {logging_mixin.py:190} INFO - [2025-03-08T00:56:58.782+0700] {dag.py:4180} INFO - Setting next_dagrun for example_branch_labels to 2025-03-06 00:00:00+00:00, run_after=2025-03-07 00:00:00+00:00
[2025-03-08T00:56:58.802+0700] {processor.py:208} INFO - Processing /home/dataengineer/.pyenv/versions/3.9.21/lib/python3.9/site-packages/airflow/example_dags/example_branch_labels.py took 0.072 seconds
[2025-03-08T00:58:01.262+0700] {processor.py:186} INFO - Started process (PID=37090) to work on /home/dataengineer/.pyenv/versions/3.9.21/lib/python3.9/site-packages/airflow/example_dags/example_branch_labels.py
[2025-03-08T00:58:01.263+0700] {processor.py:914} INFO - Processing file /home/dataengineer/.pyenv/versions/3.9.21/lib/python3.9/site-packages/airflow/example_dags/example_branch_labels.py for tasks to queue
[2025-03-08T00:58:01.265+0700] {logging_mixin.py:190} INFO - [2025-03-08T00:58:01.264+0700] {dagbag.py:588} INFO - Filling up the DagBag from /home/dataengineer/.pyenv/versions/3.9.21/lib/python3.9/site-packages/airflow/example_dags/example_branch_labels.py
[2025-03-08T00:58:01.274+0700] {processor.py:925} INFO - DAG(s) 'example_branch_labels' retrieved from /home/dataengineer/.pyenv/versions/3.9.21/lib/python3.9/site-packages/airflow/example_dags/example_branch_labels.py
[2025-03-08T00:58:01.289+0700] {logging_mixin.py:190} INFO - [2025-03-08T00:58:01.289+0700] {dag.py:3239} INFO - Sync 1 DAGs
[2025-03-08T00:58:01.311+0700] {logging_mixin.py:190} INFO - [2025-03-08T00:58:01.310+0700] {dag.py:4180} INFO - Setting next_dagrun for example_branch_labels to 2025-03-06 00:00:00+00:00, run_after=2025-03-07 00:00:00+00:00
[2025-03-08T00:58:01.331+0700] {processor.py:208} INFO - Processing /home/dataengineer/.pyenv/versions/3.9.21/lib/python3.9/site-packages/airflow/example_dags/example_branch_labels.py took 0.075 seconds
[2025-03-08T00:59:03.058+0700] {processor.py:186} INFO - Started process (PID=37519) to work on /home/dataengineer/.pyenv/versions/3.9.21/lib/python3.9/site-packages/airflow/example_dags/example_branch_labels.py
[2025-03-08T00:59:03.059+0700] {processor.py:914} INFO - Processing file /home/dataengineer/.pyenv/versions/3.9.21/lib/python3.9/site-packages/airflow/example_dags/example_branch_labels.py for tasks to queue
[2025-03-08T00:59:03.061+0700] {logging_mixin.py:190} INFO - [2025-03-08T00:59:03.061+0700] {dagbag.py:588} INFO - Filling up the DagBag from /home/dataengineer/.pyenv/versions/3.9.21/lib/python3.9/site-packages/airflow/example_dags/example_branch_labels.py
[2025-03-08T00:59:03.070+0700] {processor.py:925} INFO - DAG(s) 'example_branch_labels' retrieved from /home/dataengineer/.pyenv/versions/3.9.21/lib/python3.9/site-packages/airflow/example_dags/example_branch_labels.py
[2025-03-08T00:59:03.084+0700] {logging_mixin.py:190} INFO - [2025-03-08T00:59:03.084+0700] {dag.py:3239} INFO - Sync 1 DAGs
[2025-03-08T00:59:03.104+0700] {logging_mixin.py:190} INFO - [2025-03-08T00:59:03.103+0700] {dag.py:4180} INFO - Setting next_dagrun for example_branch_labels to 2025-03-06 00:00:00+00:00, run_after=2025-03-07 00:00:00+00:00
[2025-03-08T00:59:03.123+0700] {processor.py:208} INFO - Processing /home/dataengineer/.pyenv/versions/3.9.21/lib/python3.9/site-packages/airflow/example_dags/example_branch_labels.py took 0.071 seconds
[2025-03-08T01:00:04.749+0700] {processor.py:186} INFO - Started process (PID=37946) to work on /home/dataengineer/.pyenv/versions/3.9.21/lib/python3.9/site-packages/airflow/example_dags/example_branch_labels.py
[2025-03-08T01:00:04.750+0700] {processor.py:914} INFO - Processing file /home/dataengineer/.pyenv/versions/3.9.21/lib/python3.9/site-packages/airflow/example_dags/example_branch_labels.py for tasks to queue
[2025-03-08T01:00:04.752+0700] {logging_mixin.py:190} INFO - [2025-03-08T01:00:04.751+0700] {dagbag.py:588} INFO - Filling up the DagBag from /home/dataengineer/.pyenv/versions/3.9.21/lib/python3.9/site-packages/airflow/example_dags/example_branch_labels.py
[2025-03-08T01:00:04.762+0700] {processor.py:925} INFO - DAG(s) 'example_branch_labels' retrieved from /home/dataengineer/.pyenv/versions/3.9.21/lib/python3.9/site-packages/airflow/example_dags/example_branch_labels.py
[2025-03-08T01:00:04.777+0700] {logging_mixin.py:190} INFO - [2025-03-08T01:00:04.776+0700] {dag.py:3239} INFO - Sync 1 DAGs
[2025-03-08T01:00:04.799+0700] {logging_mixin.py:190} INFO - [2025-03-08T01:00:04.799+0700] {dag.py:4180} INFO - Setting next_dagrun for example_branch_labels to 2025-03-06 00:00:00+00:00, run_after=2025-03-07 00:00:00+00:00
[2025-03-08T01:00:04.819+0700] {processor.py:208} INFO - Processing /home/dataengineer/.pyenv/versions/3.9.21/lib/python3.9/site-packages/airflow/example_dags/example_branch_labels.py took 0.077 seconds
[2025-03-08T01:01:06.408+0700] {processor.py:186} INFO - Started process (PID=38378) to work on /home/dataengineer/.pyenv/versions/3.9.21/lib/python3.9/site-packages/airflow/example_dags/example_branch_labels.py
[2025-03-08T01:01:06.409+0700] {processor.py:914} INFO - Processing file /home/dataengineer/.pyenv/versions/3.9.21/lib/python3.9/site-packages/airflow/example_dags/example_branch_labels.py for tasks to queue
[2025-03-08T01:01:06.411+0700] {logging_mixin.py:190} INFO - [2025-03-08T01:01:06.411+0700] {dagbag.py:588} INFO - Filling up the DagBag from /home/dataengineer/.pyenv/versions/3.9.21/lib/python3.9/site-packages/airflow/example_dags/example_branch_labels.py
[2025-03-08T01:01:06.422+0700] {processor.py:925} INFO - DAG(s) 'example_branch_labels' retrieved from /home/dataengineer/.pyenv/versions/3.9.21/lib/python3.9/site-packages/airflow/example_dags/example_branch_labels.py
[2025-03-08T01:01:06.438+0700] {logging_mixin.py:190} INFO - [2025-03-08T01:01:06.438+0700] {dag.py:3239} INFO - Sync 1 DAGs
[2025-03-08T01:01:06.459+0700] {logging_mixin.py:190} INFO - [2025-03-08T01:01:06.458+0700] {dag.py:4180} INFO - Setting next_dagrun for example_branch_labels to 2025-03-06 00:00:00+00:00, run_after=2025-03-07 00:00:00+00:00
[2025-03-08T01:01:06.479+0700] {processor.py:208} INFO - Processing /home/dataengineer/.pyenv/versions/3.9.21/lib/python3.9/site-packages/airflow/example_dags/example_branch_labels.py took 0.077 seconds
[2025-03-08T01:02:08.162+0700] {processor.py:186} INFO - Started process (PID=38884) to work on /home/dataengineer/.pyenv/versions/3.9.21/lib/python3.9/site-packages/airflow/example_dags/example_branch_labels.py
[2025-03-08T01:02:08.163+0700] {processor.py:914} INFO - Processing file /home/dataengineer/.pyenv/versions/3.9.21/lib/python3.9/site-packages/airflow/example_dags/example_branch_labels.py for tasks to queue
[2025-03-08T01:02:08.165+0700] {logging_mixin.py:190} INFO - [2025-03-08T01:02:08.165+0700] {dagbag.py:588} INFO - Filling up the DagBag from /home/dataengineer/.pyenv/versions/3.9.21/lib/python3.9/site-packages/airflow/example_dags/example_branch_labels.py
[2025-03-08T01:02:08.176+0700] {processor.py:925} INFO - DAG(s) 'example_branch_labels' retrieved from /home/dataengineer/.pyenv/versions/3.9.21/lib/python3.9/site-packages/airflow/example_dags/example_branch_labels.py
[2025-03-08T01:02:08.193+0700] {logging_mixin.py:190} INFO - [2025-03-08T01:02:08.193+0700] {dag.py:3239} INFO - Sync 1 DAGs
[2025-03-08T01:02:08.214+0700] {logging_mixin.py:190} INFO - [2025-03-08T01:02:08.213+0700] {dag.py:4180} INFO - Setting next_dagrun for example_branch_labels to 2025-03-06 00:00:00+00:00, run_after=2025-03-07 00:00:00+00:00
[2025-03-08T01:02:08.236+0700] {processor.py:208} INFO - Processing /home/dataengineer/.pyenv/versions/3.9.21/lib/python3.9/site-packages/airflow/example_dags/example_branch_labels.py took 0.080 seconds
[2025-03-08T01:03:09.222+0700] {processor.py:186} INFO - Started process (PID=39430) to work on /home/dataengineer/.pyenv/versions/3.9.21/lib/python3.9/site-packages/airflow/example_dags/example_branch_labels.py
[2025-03-08T01:03:09.223+0700] {processor.py:914} INFO - Processing file /home/dataengineer/.pyenv/versions/3.9.21/lib/python3.9/site-packages/airflow/example_dags/example_branch_labels.py for tasks to queue
[2025-03-08T01:03:09.225+0700] {logging_mixin.py:190} INFO - [2025-03-08T01:03:09.225+0700] {dagbag.py:588} INFO - Filling up the DagBag from /home/dataengineer/.pyenv/versions/3.9.21/lib/python3.9/site-packages/airflow/example_dags/example_branch_labels.py
[2025-03-08T01:03:09.234+0700] {processor.py:925} INFO - DAG(s) 'example_branch_labels' retrieved from /home/dataengineer/.pyenv/versions/3.9.21/lib/python3.9/site-packages/airflow/example_dags/example_branch_labels.py
[2025-03-08T01:03:09.247+0700] {logging_mixin.py:190} INFO - [2025-03-08T01:03:09.247+0700] {dag.py:3239} INFO - Sync 1 DAGs
[2025-03-08T01:03:09.264+0700] {logging_mixin.py:190} INFO - [2025-03-08T01:03:09.264+0700] {dag.py:4180} INFO - Setting next_dagrun for example_branch_labels to 2025-03-06 00:00:00+00:00, run_after=2025-03-07 00:00:00+00:00
[2025-03-08T01:03:09.282+0700] {processor.py:208} INFO - Processing /home/dataengineer/.pyenv/versions/3.9.21/lib/python3.9/site-packages/airflow/example_dags/example_branch_labels.py took 0.065 seconds
[2025-03-08T01:04:10.185+0700] {processor.py:186} INFO - Started process (PID=41082) to work on /home/dataengineer/.pyenv/versions/3.9.21/lib/python3.9/site-packages/airflow/example_dags/example_branch_labels.py
[2025-03-08T01:04:10.186+0700] {processor.py:914} INFO - Processing file /home/dataengineer/.pyenv/versions/3.9.21/lib/python3.9/site-packages/airflow/example_dags/example_branch_labels.py for tasks to queue
[2025-03-08T01:04:10.188+0700] {logging_mixin.py:190} INFO - [2025-03-08T01:04:10.188+0700] {dagbag.py:588} INFO - Filling up the DagBag from /home/dataengineer/.pyenv/versions/3.9.21/lib/python3.9/site-packages/airflow/example_dags/example_branch_labels.py
[2025-03-08T01:04:10.198+0700] {processor.py:925} INFO - DAG(s) 'example_branch_labels' retrieved from /home/dataengineer/.pyenv/versions/3.9.21/lib/python3.9/site-packages/airflow/example_dags/example_branch_labels.py
[2025-03-08T01:04:10.214+0700] {logging_mixin.py:190} INFO - [2025-03-08T01:04:10.213+0700] {dag.py:3239} INFO - Sync 1 DAGs
[2025-03-08T01:04:10.239+0700] {logging_mixin.py:190} INFO - [2025-03-08T01:04:10.239+0700] {dag.py:4180} INFO - Setting next_dagrun for example_branch_labels to 2025-03-06 00:00:00+00:00, run_after=2025-03-07 00:00:00+00:00
[2025-03-08T01:04:10.262+0700] {processor.py:208} INFO - Processing /home/dataengineer/.pyenv/versions/3.9.21/lib/python3.9/site-packages/airflow/example_dags/example_branch_labels.py took 0.083 seconds
[2025-03-08T01:05:10.279+0700] {processor.py:186} INFO - Started process (PID=42598) to work on /home/dataengineer/.pyenv/versions/3.9.21/lib/python3.9/site-packages/airflow/example_dags/example_branch_labels.py
[2025-03-08T01:05:10.280+0700] {processor.py:914} INFO - Processing file /home/dataengineer/.pyenv/versions/3.9.21/lib/python3.9/site-packages/airflow/example_dags/example_branch_labels.py for tasks to queue
[2025-03-08T01:05:10.283+0700] {logging_mixin.py:190} INFO - [2025-03-08T01:05:10.282+0700] {dagbag.py:588} INFO - Filling up the DagBag from /home/dataengineer/.pyenv/versions/3.9.21/lib/python3.9/site-packages/airflow/example_dags/example_branch_labels.py
[2025-03-08T01:05:10.292+0700] {processor.py:925} INFO - DAG(s) 'example_branch_labels' retrieved from /home/dataengineer/.pyenv/versions/3.9.21/lib/python3.9/site-packages/airflow/example_dags/example_branch_labels.py
[2025-03-08T01:05:10.305+0700] {logging_mixin.py:190} INFO - [2025-03-08T01:05:10.305+0700] {dag.py:3239} INFO - Sync 1 DAGs
[2025-03-08T01:05:10.324+0700] {logging_mixin.py:190} INFO - [2025-03-08T01:05:10.324+0700] {dag.py:4180} INFO - Setting next_dagrun for example_branch_labels to 2025-03-06 00:00:00+00:00, run_after=2025-03-07 00:00:00+00:00
[2025-03-08T01:05:10.342+0700] {processor.py:208} INFO - Processing /home/dataengineer/.pyenv/versions/3.9.21/lib/python3.9/site-packages/airflow/example_dags/example_branch_labels.py took 0.068 seconds
[2025-03-08T02:29:29.315+0700] {processor.py:186} INFO - Started process (PID=67551) to work on /home/dataengineer/.pyenv/versions/3.9.21/lib/python3.9/site-packages/airflow/example_dags/example_branch_labels.py
[2025-03-08T02:29:29.316+0700] {processor.py:914} INFO - Processing file /home/dataengineer/.pyenv/versions/3.9.21/lib/python3.9/site-packages/airflow/example_dags/example_branch_labels.py for tasks to queue
[2025-03-08T02:29:29.318+0700] {logging_mixin.py:190} INFO - [2025-03-08T02:29:29.318+0700] {dagbag.py:588} INFO - Filling up the DagBag from /home/dataengineer/.pyenv/versions/3.9.21/lib/python3.9/site-packages/airflow/example_dags/example_branch_labels.py
[2025-03-08T02:29:29.327+0700] {processor.py:925} INFO - DAG(s) 'example_branch_labels' retrieved from /home/dataengineer/.pyenv/versions/3.9.21/lib/python3.9/site-packages/airflow/example_dags/example_branch_labels.py
[2025-03-08T02:29:29.342+0700] {logging_mixin.py:190} INFO - [2025-03-08T02:29:29.342+0700] {dag.py:3239} INFO - Sync 1 DAGs
[2025-03-08T02:29:29.360+0700] {logging_mixin.py:190} INFO - [2025-03-08T02:29:29.360+0700] {dag.py:4180} INFO - Setting next_dagrun for example_branch_labels to 2025-03-06 00:00:00+00:00, run_after=2025-03-07 00:00:00+00:00
[2025-03-08T02:29:29.377+0700] {processor.py:208} INFO - Processing /home/dataengineer/.pyenv/versions/3.9.21/lib/python3.9/site-packages/airflow/example_dags/example_branch_labels.py took 0.067 seconds
[2025-03-08T02:30:27.812+0700] {processor.py:186} INFO - Started process (PID=68032) to work on /home/dataengineer/.pyenv/versions/3.9.21/lib/python3.9/site-packages/airflow/example_dags/example_branch_labels.py
[2025-03-08T02:30:27.813+0700] {processor.py:914} INFO - Processing file /home/dataengineer/.pyenv/versions/3.9.21/lib/python3.9/site-packages/airflow/example_dags/example_branch_labels.py for tasks to queue
[2025-03-08T02:30:27.814+0700] {logging_mixin.py:190} INFO - [2025-03-08T02:30:27.814+0700] {dagbag.py:588} INFO - Filling up the DagBag from /home/dataengineer/.pyenv/versions/3.9.21/lib/python3.9/site-packages/airflow/example_dags/example_branch_labels.py
[2025-03-08T02:30:27.826+0700] {processor.py:925} INFO - DAG(s) 'example_branch_labels' retrieved from /home/dataengineer/.pyenv/versions/3.9.21/lib/python3.9/site-packages/airflow/example_dags/example_branch_labels.py
[2025-03-08T02:30:27.840+0700] {logging_mixin.py:190} INFO - [2025-03-08T02:30:27.840+0700] {dag.py:3239} INFO - Sync 1 DAGs
[2025-03-08T02:30:27.859+0700] {logging_mixin.py:190} INFO - [2025-03-08T02:30:27.858+0700] {dag.py:4180} INFO - Setting next_dagrun for example_branch_labels to 2025-03-06 00:00:00+00:00, run_after=2025-03-07 00:00:00+00:00
[2025-03-08T02:30:27.876+0700] {processor.py:208} INFO - Processing /home/dataengineer/.pyenv/versions/3.9.21/lib/python3.9/site-packages/airflow/example_dags/example_branch_labels.py took 0.071 seconds
[2025-03-08T02:31:24.356+0700] {processor.py:186} INFO - Started process (PID=68490) to work on /home/dataengineer/.pyenv/versions/3.9.21/lib/python3.9/site-packages/airflow/example_dags/example_branch_labels.py
[2025-03-08T02:31:24.359+0700] {processor.py:914} INFO - Processing file /home/dataengineer/.pyenv/versions/3.9.21/lib/python3.9/site-packages/airflow/example_dags/example_branch_labels.py for tasks to queue
[2025-03-08T02:31:24.362+0700] {logging_mixin.py:190} INFO - [2025-03-08T02:31:24.360+0700] {dagbag.py:588} INFO - Filling up the DagBag from /home/dataengineer/.pyenv/versions/3.9.21/lib/python3.9/site-packages/airflow/example_dags/example_branch_labels.py
[2025-03-08T02:31:24.378+0700] {processor.py:925} INFO - DAG(s) 'example_branch_labels' retrieved from /home/dataengineer/.pyenv/versions/3.9.21/lib/python3.9/site-packages/airflow/example_dags/example_branch_labels.py
[2025-03-08T02:31:24.395+0700] {logging_mixin.py:190} INFO - [2025-03-08T02:31:24.395+0700] {dag.py:3239} INFO - Sync 1 DAGs
[2025-03-08T02:31:24.424+0700] {logging_mixin.py:190} INFO - [2025-03-08T02:31:24.424+0700] {dag.py:4180} INFO - Setting next_dagrun for example_branch_labels to 2025-03-06 00:00:00+00:00, run_after=2025-03-07 00:00:00+00:00
[2025-03-08T02:31:24.445+0700] {processor.py:208} INFO - Processing /home/dataengineer/.pyenv/versions/3.9.21/lib/python3.9/site-packages/airflow/example_dags/example_branch_labels.py took 0.096 seconds
[2025-03-08T02:32:20.758+0700] {processor.py:186} INFO - Started process (PID=69049) to work on /home/dataengineer/.pyenv/versions/3.9.21/lib/python3.9/site-packages/airflow/example_dags/example_branch_labels.py
[2025-03-08T02:32:20.759+0700] {processor.py:914} INFO - Processing file /home/dataengineer/.pyenv/versions/3.9.21/lib/python3.9/site-packages/airflow/example_dags/example_branch_labels.py for tasks to queue
[2025-03-08T02:32:20.761+0700] {logging_mixin.py:190} INFO - [2025-03-08T02:32:20.760+0700] {dagbag.py:588} INFO - Filling up the DagBag from /home/dataengineer/.pyenv/versions/3.9.21/lib/python3.9/site-packages/airflow/example_dags/example_branch_labels.py
[2025-03-08T02:32:20.771+0700] {processor.py:925} INFO - DAG(s) 'example_branch_labels' retrieved from /home/dataengineer/.pyenv/versions/3.9.21/lib/python3.9/site-packages/airflow/example_dags/example_branch_labels.py
[2025-03-08T02:32:20.787+0700] {logging_mixin.py:190} INFO - [2025-03-08T02:32:20.787+0700] {dag.py:3239} INFO - Sync 1 DAGs
[2025-03-08T02:32:20.810+0700] {logging_mixin.py:190} INFO - [2025-03-08T02:32:20.810+0700] {dag.py:4180} INFO - Setting next_dagrun for example_branch_labels to 2025-03-06 00:00:00+00:00, run_after=2025-03-07 00:00:00+00:00
[2025-03-08T02:32:20.832+0700] {processor.py:208} INFO - Processing /home/dataengineer/.pyenv/versions/3.9.21/lib/python3.9/site-packages/airflow/example_dags/example_branch_labels.py took 0.080 seconds
[2025-03-08T02:33:19.686+0700] {processor.py:186} INFO - Started process (PID=69304) to work on /home/dataengineer/.pyenv/versions/3.9.21/lib/python3.9/site-packages/airflow/example_dags/example_branch_labels.py
[2025-03-08T02:33:19.687+0700] {processor.py:914} INFO - Processing file /home/dataengineer/.pyenv/versions/3.9.21/lib/python3.9/site-packages/airflow/example_dags/example_branch_labels.py for tasks to queue
[2025-03-08T02:33:19.689+0700] {logging_mixin.py:190} INFO - [2025-03-08T02:33:19.688+0700] {dagbag.py:588} INFO - Filling up the DagBag from /home/dataengineer/.pyenv/versions/3.9.21/lib/python3.9/site-packages/airflow/example_dags/example_branch_labels.py
[2025-03-08T02:33:19.701+0700] {processor.py:925} INFO - DAG(s) 'example_branch_labels' retrieved from /home/dataengineer/.pyenv/versions/3.9.21/lib/python3.9/site-packages/airflow/example_dags/example_branch_labels.py
[2025-03-08T02:33:19.718+0700] {logging_mixin.py:190} INFO - [2025-03-08T02:33:19.718+0700] {dag.py:3239} INFO - Sync 1 DAGs
[2025-03-08T02:33:19.743+0700] {logging_mixin.py:190} INFO - [2025-03-08T02:33:19.743+0700] {dag.py:4180} INFO - Setting next_dagrun for example_branch_labels to 2025-03-06 00:00:00+00:00, run_after=2025-03-07 00:00:00+00:00
[2025-03-08T02:33:19.762+0700] {processor.py:208} INFO - Processing /home/dataengineer/.pyenv/versions/3.9.21/lib/python3.9/site-packages/airflow/example_dags/example_branch_labels.py took 0.083 seconds
[2025-03-08T02:34:54.218+0700] {processor.py:186} INFO - Started process (PID=70384) to work on /home/dataengineer/.pyenv/versions/3.9.21/lib/python3.9/site-packages/airflow/example_dags/example_branch_labels.py
[2025-03-08T02:34:54.219+0700] {processor.py:914} INFO - Processing file /home/dataengineer/.pyenv/versions/3.9.21/lib/python3.9/site-packages/airflow/example_dags/example_branch_labels.py for tasks to queue
[2025-03-08T02:34:54.221+0700] {logging_mixin.py:190} INFO - [2025-03-08T02:34:54.221+0700] {dagbag.py:588} INFO - Filling up the DagBag from /home/dataengineer/.pyenv/versions/3.9.21/lib/python3.9/site-packages/airflow/example_dags/example_branch_labels.py
[2025-03-08T02:34:54.230+0700] {processor.py:925} INFO - DAG(s) 'example_branch_labels' retrieved from /home/dataengineer/.pyenv/versions/3.9.21/lib/python3.9/site-packages/airflow/example_dags/example_branch_labels.py
[2025-03-08T02:34:54.246+0700] {logging_mixin.py:190} INFO - [2025-03-08T02:34:54.245+0700] {dag.py:3239} INFO - Sync 1 DAGs
[2025-03-08T02:34:54.264+0700] {logging_mixin.py:190} INFO - [2025-03-08T02:34:54.264+0700] {dag.py:4180} INFO - Setting next_dagrun for example_branch_labels to 2025-03-06 00:00:00+00:00, run_after=2025-03-07 00:00:00+00:00
[2025-03-08T02:34:54.282+0700] {processor.py:208} INFO - Processing /home/dataengineer/.pyenv/versions/3.9.21/lib/python3.9/site-packages/airflow/example_dags/example_branch_labels.py took 0.070 seconds
[2025-03-08T02:35:54.899+0700] {processor.py:186} INFO - Started process (PID=70821) to work on /home/dataengineer/.pyenv/versions/3.9.21/lib/python3.9/site-packages/airflow/example_dags/example_branch_labels.py
[2025-03-08T02:35:54.901+0700] {processor.py:914} INFO - Processing file /home/dataengineer/.pyenv/versions/3.9.21/lib/python3.9/site-packages/airflow/example_dags/example_branch_labels.py for tasks to queue
[2025-03-08T02:35:54.902+0700] {logging_mixin.py:190} INFO - [2025-03-08T02:35:54.902+0700] {dagbag.py:588} INFO - Filling up the DagBag from /home/dataengineer/.pyenv/versions/3.9.21/lib/python3.9/site-packages/airflow/example_dags/example_branch_labels.py
[2025-03-08T02:35:54.912+0700] {processor.py:925} INFO - DAG(s) 'example_branch_labels' retrieved from /home/dataengineer/.pyenv/versions/3.9.21/lib/python3.9/site-packages/airflow/example_dags/example_branch_labels.py
[2025-03-08T02:35:54.926+0700] {logging_mixin.py:190} INFO - [2025-03-08T02:35:54.926+0700] {dag.py:3239} INFO - Sync 1 DAGs
[2025-03-08T02:35:54.945+0700] {logging_mixin.py:190} INFO - [2025-03-08T02:35:54.945+0700] {dag.py:4180} INFO - Setting next_dagrun for example_branch_labels to 2025-03-06 00:00:00+00:00, run_after=2025-03-07 00:00:00+00:00
[2025-03-08T02:35:54.965+0700] {processor.py:208} INFO - Processing /home/dataengineer/.pyenv/versions/3.9.21/lib/python3.9/site-packages/airflow/example_dags/example_branch_labels.py took 0.071 seconds
[2025-03-08T02:36:56.989+0700] {processor.py:186} INFO - Started process (PID=71267) to work on /home/dataengineer/.pyenv/versions/3.9.21/lib/python3.9/site-packages/airflow/example_dags/example_branch_labels.py
[2025-03-08T02:36:56.990+0700] {processor.py:914} INFO - Processing file /home/dataengineer/.pyenv/versions/3.9.21/lib/python3.9/site-packages/airflow/example_dags/example_branch_labels.py for tasks to queue
[2025-03-08T02:36:56.992+0700] {logging_mixin.py:190} INFO - [2025-03-08T02:36:56.992+0700] {dagbag.py:588} INFO - Filling up the DagBag from /home/dataengineer/.pyenv/versions/3.9.21/lib/python3.9/site-packages/airflow/example_dags/example_branch_labels.py
[2025-03-08T02:36:57.001+0700] {processor.py:925} INFO - DAG(s) 'example_branch_labels' retrieved from /home/dataengineer/.pyenv/versions/3.9.21/lib/python3.9/site-packages/airflow/example_dags/example_branch_labels.py
[2025-03-08T02:36:57.014+0700] {logging_mixin.py:190} INFO - [2025-03-08T02:36:57.014+0700] {dag.py:3239} INFO - Sync 1 DAGs
[2025-03-08T02:36:57.032+0700] {logging_mixin.py:190} INFO - [2025-03-08T02:36:57.032+0700] {dag.py:4180} INFO - Setting next_dagrun for example_branch_labels to 2025-03-06 00:00:00+00:00, run_after=2025-03-07 00:00:00+00:00
[2025-03-08T02:36:57.051+0700] {processor.py:208} INFO - Processing /home/dataengineer/.pyenv/versions/3.9.21/lib/python3.9/site-packages/airflow/example_dags/example_branch_labels.py took 0.067 seconds
[2025-03-08T02:38:00.386+0700] {processor.py:186} INFO - Started process (PID=71708) to work on /home/dataengineer/.pyenv/versions/3.9.21/lib/python3.9/site-packages/airflow/example_dags/example_branch_labels.py
[2025-03-08T02:38:00.388+0700] {processor.py:914} INFO - Processing file /home/dataengineer/.pyenv/versions/3.9.21/lib/python3.9/site-packages/airflow/example_dags/example_branch_labels.py for tasks to queue
[2025-03-08T02:38:00.393+0700] {logging_mixin.py:190} INFO - [2025-03-08T02:38:00.392+0700] {dagbag.py:588} INFO - Filling up the DagBag from /home/dataengineer/.pyenv/versions/3.9.21/lib/python3.9/site-packages/airflow/example_dags/example_branch_labels.py
[2025-03-08T02:38:00.408+0700] {processor.py:925} INFO - DAG(s) 'example_branch_labels' retrieved from /home/dataengineer/.pyenv/versions/3.9.21/lib/python3.9/site-packages/airflow/example_dags/example_branch_labels.py
[2025-03-08T02:38:00.429+0700] {logging_mixin.py:190} INFO - [2025-03-08T02:38:00.429+0700] {dag.py:3239} INFO - Sync 1 DAGs
[2025-03-08T02:38:00.453+0700] {logging_mixin.py:190} INFO - [2025-03-08T02:38:00.452+0700] {dag.py:4180} INFO - Setting next_dagrun for example_branch_labels to 2025-03-06 00:00:00+00:00, run_after=2025-03-07 00:00:00+00:00
[2025-03-08T02:38:00.471+0700] {processor.py:208} INFO - Processing /home/dataengineer/.pyenv/versions/3.9.21/lib/python3.9/site-packages/airflow/example_dags/example_branch_labels.py took 0.092 seconds
[2025-03-08T02:38:59.605+0700] {processor.py:186} INFO - Started process (PID=72442) to work on /home/dataengineer/.pyenv/versions/3.9.21/lib/python3.9/site-packages/airflow/example_dags/example_branch_labels.py
[2025-03-08T02:38:59.606+0700] {processor.py:914} INFO - Processing file /home/dataengineer/.pyenv/versions/3.9.21/lib/python3.9/site-packages/airflow/example_dags/example_branch_labels.py for tasks to queue
[2025-03-08T02:38:59.608+0700] {logging_mixin.py:190} INFO - [2025-03-08T02:38:59.608+0700] {dagbag.py:588} INFO - Filling up the DagBag from /home/dataengineer/.pyenv/versions/3.9.21/lib/python3.9/site-packages/airflow/example_dags/example_branch_labels.py
[2025-03-08T02:38:59.621+0700] {processor.py:925} INFO - DAG(s) 'example_branch_labels' retrieved from /home/dataengineer/.pyenv/versions/3.9.21/lib/python3.9/site-packages/airflow/example_dags/example_branch_labels.py
[2025-03-08T02:38:59.644+0700] {logging_mixin.py:190} INFO - [2025-03-08T02:38:59.643+0700] {dag.py:3239} INFO - Sync 1 DAGs
[2025-03-08T02:38:59.666+0700] {logging_mixin.py:190} INFO - [2025-03-08T02:38:59.666+0700] {dag.py:4180} INFO - Setting next_dagrun for example_branch_labels to 2025-03-06 00:00:00+00:00, run_after=2025-03-07 00:00:00+00:00
[2025-03-08T02:38:59.704+0700] {processor.py:208} INFO - Processing /home/dataengineer/.pyenv/versions/3.9.21/lib/python3.9/site-packages/airflow/example_dags/example_branch_labels.py took 0.106 seconds
