[2025-03-08T00:57:14.217+0700] {processor.py:186} INFO - Started process (PID=36557) to work on /home/dataengineer/.pyenv/versions/3.9.21/lib/python3.9/site-packages/airflow/example_dags/example_branch_operator.py
[2025-03-08T00:57:14.218+0700] {processor.py:914} INFO - Processing file /home/dataengineer/.pyenv/versions/3.9.21/lib/python3.9/site-packages/airflow/example_dags/example_branch_operator.py for tasks to queue
[2025-03-08T00:57:14.220+0700] {logging_mixin.py:190} INFO - [2025-03-08T00:57:14.219+0700] {dagbag.py:588} INFO - Filling up the DagBag from /home/dataengineer/.pyenv/versions/3.9.21/lib/python3.9/site-packages/airflow/example_dags/example_branch_operator.py
[2025-03-08T00:57:14.290+0700] {processor.py:927} WARNING - No viable dags retrieved from /home/dataengineer/.pyenv/versions/3.9.21/lib/python3.9/site-packages/airflow/example_dags/example_branch_operator.py
[2025-03-08T00:57:14.299+0700] {processor.py:208} INFO - Processing /home/dataengineer/.pyenv/versions/3.9.21/lib/python3.9/site-packages/airflow/example_dags/example_branch_operator.py took 0.087 seconds
[2025-03-08T00:58:17.949+0700] {processor.py:186} INFO - Started process (PID=37155) to work on /home/dataengineer/.pyenv/versions/3.9.21/lib/python3.9/site-packages/airflow/example_dags/example_branch_operator.py
[2025-03-08T00:58:17.950+0700] {processor.py:914} INFO - Processing file /home/dataengineer/.pyenv/versions/3.9.21/lib/python3.9/site-packages/airflow/example_dags/example_branch_operator.py for tasks to queue
[2025-03-08T00:58:17.952+0700] {logging_mixin.py:190} INFO - [2025-03-08T00:58:17.951+0700] {dagbag.py:588} INFO - Filling up the DagBag from /home/dataengineer/.pyenv/versions/3.9.21/lib/python3.9/site-packages/airflow/example_dags/example_branch_operator.py
[2025-03-08T00:58:18.021+0700] {processor.py:927} WARNING - No viable dags retrieved from /home/dataengineer/.pyenv/versions/3.9.21/lib/python3.9/site-packages/airflow/example_dags/example_branch_operator.py
[2025-03-08T00:58:18.030+0700] {processor.py:208} INFO - Processing /home/dataengineer/.pyenv/versions/3.9.21/lib/python3.9/site-packages/airflow/example_dags/example_branch_operator.py took 0.086 seconds
[2025-03-08T00:59:19.647+0700] {processor.py:186} INFO - Started process (PID=37584) to work on /home/dataengineer/.pyenv/versions/3.9.21/lib/python3.9/site-packages/airflow/example_dags/example_branch_operator.py
[2025-03-08T00:59:19.649+0700] {processor.py:914} INFO - Processing file /home/dataengineer/.pyenv/versions/3.9.21/lib/python3.9/site-packages/airflow/example_dags/example_branch_operator.py for tasks to queue
[2025-03-08T00:59:19.650+0700] {logging_mixin.py:190} INFO - [2025-03-08T00:59:19.650+0700] {dagbag.py:588} INFO - Filling up the DagBag from /home/dataengineer/.pyenv/versions/3.9.21/lib/python3.9/site-packages/airflow/example_dags/example_branch_operator.py
[2025-03-08T00:59:19.716+0700] {processor.py:927} WARNING - No viable dags retrieved from /home/dataengineer/.pyenv/versions/3.9.21/lib/python3.9/site-packages/airflow/example_dags/example_branch_operator.py
[2025-03-08T00:59:19.724+0700] {processor.py:208} INFO - Processing /home/dataengineer/.pyenv/versions/3.9.21/lib/python3.9/site-packages/airflow/example_dags/example_branch_operator.py took 0.082 seconds
[2025-03-08T01:00:21.334+0700] {processor.py:186} INFO - Started process (PID=38012) to work on /home/dataengineer/.pyenv/versions/3.9.21/lib/python3.9/site-packages/airflow/example_dags/example_branch_operator.py
[2025-03-08T01:00:21.335+0700] {processor.py:914} INFO - Processing file /home/dataengineer/.pyenv/versions/3.9.21/lib/python3.9/site-packages/airflow/example_dags/example_branch_operator.py for tasks to queue
[2025-03-08T01:00:21.337+0700] {logging_mixin.py:190} INFO - [2025-03-08T01:00:21.336+0700] {dagbag.py:588} INFO - Filling up the DagBag from /home/dataengineer/.pyenv/versions/3.9.21/lib/python3.9/site-packages/airflow/example_dags/example_branch_operator.py
[2025-03-08T01:00:21.456+0700] {processor.py:927} WARNING - No viable dags retrieved from /home/dataengineer/.pyenv/versions/3.9.21/lib/python3.9/site-packages/airflow/example_dags/example_branch_operator.py
[2025-03-08T01:00:21.464+0700] {processor.py:208} INFO - Processing /home/dataengineer/.pyenv/versions/3.9.21/lib/python3.9/site-packages/airflow/example_dags/example_branch_operator.py took 0.136 seconds
[2025-03-08T01:01:22.925+0700] {processor.py:186} INFO - Started process (PID=38444) to work on /home/dataengineer/.pyenv/versions/3.9.21/lib/python3.9/site-packages/airflow/example_dags/example_branch_operator.py
[2025-03-08T01:01:22.926+0700] {processor.py:914} INFO - Processing file /home/dataengineer/.pyenv/versions/3.9.21/lib/python3.9/site-packages/airflow/example_dags/example_branch_operator.py for tasks to queue
[2025-03-08T01:01:22.928+0700] {logging_mixin.py:190} INFO - [2025-03-08T01:01:22.927+0700] {dagbag.py:588} INFO - Filling up the DagBag from /home/dataengineer/.pyenv/versions/3.9.21/lib/python3.9/site-packages/airflow/example_dags/example_branch_operator.py
[2025-03-08T01:01:22.998+0700] {processor.py:927} WARNING - No viable dags retrieved from /home/dataengineer/.pyenv/versions/3.9.21/lib/python3.9/site-packages/airflow/example_dags/example_branch_operator.py
[2025-03-08T01:01:23.006+0700] {processor.py:208} INFO - Processing /home/dataengineer/.pyenv/versions/3.9.21/lib/python3.9/site-packages/airflow/example_dags/example_branch_operator.py took 0.087 seconds
[2025-03-08T01:02:23.539+0700] {processor.py:186} INFO - Started process (PID=38970) to work on /home/dataengineer/.pyenv/versions/3.9.21/lib/python3.9/site-packages/airflow/example_dags/example_branch_operator.py
[2025-03-08T01:02:23.540+0700] {processor.py:914} INFO - Processing file /home/dataengineer/.pyenv/versions/3.9.21/lib/python3.9/site-packages/airflow/example_dags/example_branch_operator.py for tasks to queue
[2025-03-08T01:02:23.542+0700] {logging_mixin.py:190} INFO - [2025-03-08T01:02:23.542+0700] {dagbag.py:588} INFO - Filling up the DagBag from /home/dataengineer/.pyenv/versions/3.9.21/lib/python3.9/site-packages/airflow/example_dags/example_branch_operator.py
[2025-03-08T01:02:23.597+0700] {processor.py:927} WARNING - No viable dags retrieved from /home/dataengineer/.pyenv/versions/3.9.21/lib/python3.9/site-packages/airflow/example_dags/example_branch_operator.py
[2025-03-08T01:02:23.614+0700] {processor.py:208} INFO - Processing /home/dataengineer/.pyenv/versions/3.9.21/lib/python3.9/site-packages/airflow/example_dags/example_branch_operator.py took 0.084 seconds
[2025-03-08T01:03:25.027+0700] {processor.py:186} INFO - Started process (PID=39613) to work on /home/dataengineer/.pyenv/versions/3.9.21/lib/python3.9/site-packages/airflow/example_dags/example_branch_operator.py
[2025-03-08T01:03:25.028+0700] {processor.py:914} INFO - Processing file /home/dataengineer/.pyenv/versions/3.9.21/lib/python3.9/site-packages/airflow/example_dags/example_branch_operator.py for tasks to queue
[2025-03-08T01:03:25.030+0700] {logging_mixin.py:190} INFO - [2025-03-08T01:03:25.030+0700] {dagbag.py:588} INFO - Filling up the DagBag from /home/dataengineer/.pyenv/versions/3.9.21/lib/python3.9/site-packages/airflow/example_dags/example_branch_operator.py
[2025-03-08T01:03:25.097+0700] {processor.py:927} WARNING - No viable dags retrieved from /home/dataengineer/.pyenv/versions/3.9.21/lib/python3.9/site-packages/airflow/example_dags/example_branch_operator.py
[2025-03-08T01:03:25.106+0700] {processor.py:208} INFO - Processing /home/dataengineer/.pyenv/versions/3.9.21/lib/python3.9/site-packages/airflow/example_dags/example_branch_operator.py took 0.084 seconds
[2025-03-08T01:04:25.535+0700] {processor.py:186} INFO - Started process (PID=41268) to work on /home/dataengineer/.pyenv/versions/3.9.21/lib/python3.9/site-packages/airflow/example_dags/example_branch_operator.py
[2025-03-08T01:04:25.536+0700] {processor.py:914} INFO - Processing file /home/dataengineer/.pyenv/versions/3.9.21/lib/python3.9/site-packages/airflow/example_dags/example_branch_operator.py for tasks to queue
[2025-03-08T01:04:25.538+0700] {logging_mixin.py:190} INFO - [2025-03-08T01:04:25.538+0700] {dagbag.py:588} INFO - Filling up the DagBag from /home/dataengineer/.pyenv/versions/3.9.21/lib/python3.9/site-packages/airflow/example_dags/example_branch_operator.py
[2025-03-08T01:04:25.609+0700] {processor.py:927} WARNING - No viable dags retrieved from /home/dataengineer/.pyenv/versions/3.9.21/lib/python3.9/site-packages/airflow/example_dags/example_branch_operator.py
[2025-03-08T01:04:25.617+0700] {processor.py:208} INFO - Processing /home/dataengineer/.pyenv/versions/3.9.21/lib/python3.9/site-packages/airflow/example_dags/example_branch_operator.py took 0.087 seconds
[2025-03-08T02:29:46.098+0700] {processor.py:186} INFO - Started process (PID=67732) to work on /home/dataengineer/.pyenv/versions/3.9.21/lib/python3.9/site-packages/airflow/example_dags/example_branch_operator.py
[2025-03-08T02:29:46.099+0700] {processor.py:914} INFO - Processing file /home/dataengineer/.pyenv/versions/3.9.21/lib/python3.9/site-packages/airflow/example_dags/example_branch_operator.py for tasks to queue
[2025-03-08T02:29:46.102+0700] {logging_mixin.py:190} INFO - [2025-03-08T02:29:46.101+0700] {dagbag.py:588} INFO - Filling up the DagBag from /home/dataengineer/.pyenv/versions/3.9.21/lib/python3.9/site-packages/airflow/example_dags/example_branch_operator.py
[2025-03-08T02:29:46.174+0700] {processor.py:927} WARNING - No viable dags retrieved from /home/dataengineer/.pyenv/versions/3.9.21/lib/python3.9/site-packages/airflow/example_dags/example_branch_operator.py
[2025-03-08T02:29:46.184+0700] {processor.py:208} INFO - Processing /home/dataengineer/.pyenv/versions/3.9.21/lib/python3.9/site-packages/airflow/example_dags/example_branch_operator.py took 0.093 seconds
[2025-03-08T02:30:43.284+0700] {processor.py:186} INFO - Started process (PID=68114) to work on /home/dataengineer/.pyenv/versions/3.9.21/lib/python3.9/site-packages/airflow/example_dags/example_branch_operator.py
[2025-03-08T02:30:43.285+0700] {processor.py:914} INFO - Processing file /home/dataengineer/.pyenv/versions/3.9.21/lib/python3.9/site-packages/airflow/example_dags/example_branch_operator.py for tasks to queue
[2025-03-08T02:30:43.286+0700] {logging_mixin.py:190} INFO - [2025-03-08T02:30:43.286+0700] {dagbag.py:588} INFO - Filling up the DagBag from /home/dataengineer/.pyenv/versions/3.9.21/lib/python3.9/site-packages/airflow/example_dags/example_branch_operator.py
[2025-03-08T02:30:43.359+0700] {processor.py:927} WARNING - No viable dags retrieved from /home/dataengineer/.pyenv/versions/3.9.21/lib/python3.9/site-packages/airflow/example_dags/example_branch_operator.py
[2025-03-08T02:30:43.368+0700] {processor.py:208} INFO - Processing /home/dataengineer/.pyenv/versions/3.9.21/lib/python3.9/site-packages/airflow/example_dags/example_branch_operator.py took 0.090 seconds
[2025-03-08T02:31:40.328+0700] {processor.py:186} INFO - Started process (PID=68860) to work on /home/dataengineer/.pyenv/versions/3.9.21/lib/python3.9/site-packages/airflow/example_dags/example_branch_operator.py
[2025-03-08T02:31:40.329+0700] {processor.py:914} INFO - Processing file /home/dataengineer/.pyenv/versions/3.9.21/lib/python3.9/site-packages/airflow/example_dags/example_branch_operator.py for tasks to queue
[2025-03-08T02:31:40.331+0700] {logging_mixin.py:190} INFO - [2025-03-08T02:31:40.330+0700] {dagbag.py:588} INFO - Filling up the DagBag from /home/dataengineer/.pyenv/versions/3.9.21/lib/python3.9/site-packages/airflow/example_dags/example_branch_operator.py
[2025-03-08T02:31:40.382+0700] {processor.py:927} WARNING - No viable dags retrieved from /home/dataengineer/.pyenv/versions/3.9.21/lib/python3.9/site-packages/airflow/example_dags/example_branch_operator.py
[2025-03-08T02:31:40.393+0700] {processor.py:208} INFO - Processing /home/dataengineer/.pyenv/versions/3.9.21/lib/python3.9/site-packages/airflow/example_dags/example_branch_operator.py took 0.074 seconds
[2025-03-08T02:32:37.673+0700] {processor.py:186} INFO - Started process (PID=69114) to work on /home/dataengineer/.pyenv/versions/3.9.21/lib/python3.9/site-packages/airflow/example_dags/example_branch_operator.py
[2025-03-08T02:32:37.674+0700] {processor.py:914} INFO - Processing file /home/dataengineer/.pyenv/versions/3.9.21/lib/python3.9/site-packages/airflow/example_dags/example_branch_operator.py for tasks to queue
[2025-03-08T02:32:37.676+0700] {logging_mixin.py:190} INFO - [2025-03-08T02:32:37.675+0700] {dagbag.py:588} INFO - Filling up the DagBag from /home/dataengineer/.pyenv/versions/3.9.21/lib/python3.9/site-packages/airflow/example_dags/example_branch_operator.py
[2025-03-08T02:32:37.837+0700] {processor.py:927} WARNING - No viable dags retrieved from /home/dataengineer/.pyenv/versions/3.9.21/lib/python3.9/site-packages/airflow/example_dags/example_branch_operator.py
[2025-03-08T02:32:37.846+0700] {processor.py:208} INFO - Processing /home/dataengineer/.pyenv/versions/3.9.21/lib/python3.9/site-packages/airflow/example_dags/example_branch_operator.py took 0.180 seconds
[2025-03-08T02:33:34.706+0700] {processor.py:186} INFO - Started process (PID=69369) to work on /home/dataengineer/.pyenv/versions/3.9.21/lib/python3.9/site-packages/airflow/example_dags/example_branch_operator.py
[2025-03-08T02:33:34.707+0700] {processor.py:914} INFO - Processing file /home/dataengineer/.pyenv/versions/3.9.21/lib/python3.9/site-packages/airflow/example_dags/example_branch_operator.py for tasks to queue
[2025-03-08T02:33:34.708+0700] {logging_mixin.py:190} INFO - [2025-03-08T02:33:34.708+0700] {dagbag.py:588} INFO - Filling up the DagBag from /home/dataengineer/.pyenv/versions/3.9.21/lib/python3.9/site-packages/airflow/example_dags/example_branch_operator.py
[2025-03-08T02:33:34.775+0700] {processor.py:927} WARNING - No viable dags retrieved from /home/dataengineer/.pyenv/versions/3.9.21/lib/python3.9/site-packages/airflow/example_dags/example_branch_operator.py
[2025-03-08T02:33:34.784+0700] {processor.py:208} INFO - Processing /home/dataengineer/.pyenv/versions/3.9.21/lib/python3.9/site-packages/airflow/example_dags/example_branch_operator.py took 0.084 seconds
[2025-03-08T02:35:09.694+0700] {processor.py:186} INFO - Started process (PID=70455) to work on /home/dataengineer/.pyenv/versions/3.9.21/lib/python3.9/site-packages/airflow/example_dags/example_branch_operator.py
[2025-03-08T02:35:09.695+0700] {processor.py:914} INFO - Processing file /home/dataengineer/.pyenv/versions/3.9.21/lib/python3.9/site-packages/airflow/example_dags/example_branch_operator.py for tasks to queue
[2025-03-08T02:35:09.697+0700] {logging_mixin.py:190} INFO - [2025-03-08T02:35:09.696+0700] {dagbag.py:588} INFO - Filling up the DagBag from /home/dataengineer/.pyenv/versions/3.9.21/lib/python3.9/site-packages/airflow/example_dags/example_branch_operator.py
[2025-03-08T02:35:09.766+0700] {processor.py:927} WARNING - No viable dags retrieved from /home/dataengineer/.pyenv/versions/3.9.21/lib/python3.9/site-packages/airflow/example_dags/example_branch_operator.py
[2025-03-08T02:35:09.775+0700] {processor.py:208} INFO - Processing /home/dataengineer/.pyenv/versions/3.9.21/lib/python3.9/site-packages/airflow/example_dags/example_branch_operator.py took 0.087 seconds
[2025-03-08T02:36:10.378+0700] {processor.py:186} INFO - Started process (PID=70880) to work on /home/dataengineer/.pyenv/versions/3.9.21/lib/python3.9/site-packages/airflow/example_dags/example_branch_operator.py
[2025-03-08T02:36:10.379+0700] {processor.py:914} INFO - Processing file /home/dataengineer/.pyenv/versions/3.9.21/lib/python3.9/site-packages/airflow/example_dags/example_branch_operator.py for tasks to queue
[2025-03-08T02:36:10.381+0700] {logging_mixin.py:190} INFO - [2025-03-08T02:36:10.381+0700] {dagbag.py:588} INFO - Filling up the DagBag from /home/dataengineer/.pyenv/versions/3.9.21/lib/python3.9/site-packages/airflow/example_dags/example_branch_operator.py
[2025-03-08T02:36:10.452+0700] {processor.py:927} WARNING - No viable dags retrieved from /home/dataengineer/.pyenv/versions/3.9.21/lib/python3.9/site-packages/airflow/example_dags/example_branch_operator.py
[2025-03-08T02:36:10.461+0700] {processor.py:208} INFO - Processing /home/dataengineer/.pyenv/versions/3.9.21/lib/python3.9/site-packages/airflow/example_dags/example_branch_operator.py took 0.089 seconds
[2025-03-08T02:37:12.253+0700] {processor.py:186} INFO - Started process (PID=71328) to work on /home/dataengineer/.pyenv/versions/3.9.21/lib/python3.9/site-packages/airflow/example_dags/example_branch_operator.py
[2025-03-08T02:37:12.255+0700] {processor.py:914} INFO - Processing file /home/dataengineer/.pyenv/versions/3.9.21/lib/python3.9/site-packages/airflow/example_dags/example_branch_operator.py for tasks to queue
[2025-03-08T02:37:12.258+0700] {logging_mixin.py:190} INFO - [2025-03-08T02:37:12.257+0700] {dagbag.py:588} INFO - Filling up the DagBag from /home/dataengineer/.pyenv/versions/3.9.21/lib/python3.9/site-packages/airflow/example_dags/example_branch_operator.py
[2025-03-08T02:37:12.329+0700] {processor.py:927} WARNING - No viable dags retrieved from /home/dataengineer/.pyenv/versions/3.9.21/lib/python3.9/site-packages/airflow/example_dags/example_branch_operator.py
[2025-03-08T02:37:12.340+0700] {processor.py:208} INFO - Processing /home/dataengineer/.pyenv/versions/3.9.21/lib/python3.9/site-packages/airflow/example_dags/example_branch_operator.py took 0.094 seconds
[2025-03-08T02:39:16.602+0700] {processor.py:186} INFO - Started process (PID=72514) to work on /home/dataengineer/.pyenv/versions/3.9.21/lib/python3.9/site-packages/airflow/example_dags/example_branch_operator.py
[2025-03-08T02:39:16.603+0700] {processor.py:914} INFO - Processing file /home/dataengineer/.pyenv/versions/3.9.21/lib/python3.9/site-packages/airflow/example_dags/example_branch_operator.py for tasks to queue
[2025-03-08T02:39:16.605+0700] {logging_mixin.py:190} INFO - [2025-03-08T02:39:16.605+0700] {dagbag.py:588} INFO - Filling up the DagBag from /home/dataengineer/.pyenv/versions/3.9.21/lib/python3.9/site-packages/airflow/example_dags/example_branch_operator.py
[2025-03-08T02:39:16.687+0700] {processor.py:927} WARNING - No viable dags retrieved from /home/dataengineer/.pyenv/versions/3.9.21/lib/python3.9/site-packages/airflow/example_dags/example_branch_operator.py
[2025-03-08T02:39:16.697+0700] {processor.py:208} INFO - Processing /home/dataengineer/.pyenv/versions/3.9.21/lib/python3.9/site-packages/airflow/example_dags/example_branch_operator.py took 0.102 seconds
