[2025-03-08T00:57:14.709+0700] {processor.py:186} INFO - Started process (PID=36561) to work on /home/dataengineer/.pyenv/versions/3.9.21/lib/python3.9/site-packages/airflow/example_dags/example_bash_operator.py
[2025-03-08T00:57:14.710+0700] {processor.py:914} INFO - Processing file /home/dataengineer/.pyenv/versions/3.9.21/lib/python3.9/site-packages/airflow/example_dags/example_bash_operator.py for tasks to queue
[2025-03-08T00:57:14.712+0700] {logging_mixin.py:190} INFO - [2025-03-08T00:57:14.712+0700] {dagbag.py:588} INFO - Filling up the DagBag from /home/dataengineer/.pyenv/versions/3.9.21/lib/python3.9/site-packages/airflow/example_dags/example_bash_operator.py
[2025-03-08T00:57:14.724+0700] {processor.py:925} INFO - DAG(s) 'example_bash_operator' retrieved from /home/dataengineer/.pyenv/versions/3.9.21/lib/python3.9/site-packages/airflow/example_dags/example_bash_operator.py
[2025-03-08T00:57:14.746+0700] {logging_mixin.py:190} INFO - [2025-03-08T00:57:14.746+0700] {dag.py:3239} INFO - Sync 1 DAGs
[2025-03-08T00:57:14.764+0700] {logging_mixin.py:190} INFO - [2025-03-08T00:57:14.764+0700] {dag.py:4180} INFO - Setting next_dagrun for example_bash_operator to 2025-03-06 00:00:00+00:00, run_after=2025-03-07 00:00:00+00:00
[2025-03-08T00:57:14.783+0700] {processor.py:208} INFO - Processing /home/dataengineer/.pyenv/versions/3.9.21/lib/python3.9/site-packages/airflow/example_dags/example_bash_operator.py took 0.079 seconds
[2025-03-08T00:58:20.125+0700] {processor.py:186} INFO - Started process (PID=37163) to work on /home/dataengineer/.pyenv/versions/3.9.21/lib/python3.9/site-packages/airflow/example_dags/example_bash_operator.py
[2025-03-08T00:58:20.126+0700] {processor.py:914} INFO - Processing file /home/dataengineer/.pyenv/versions/3.9.21/lib/python3.9/site-packages/airflow/example_dags/example_bash_operator.py for tasks to queue
[2025-03-08T00:58:20.129+0700] {logging_mixin.py:190} INFO - [2025-03-08T00:58:20.128+0700] {dagbag.py:588} INFO - Filling up the DagBag from /home/dataengineer/.pyenv/versions/3.9.21/lib/python3.9/site-packages/airflow/example_dags/example_bash_operator.py
[2025-03-08T00:58:20.145+0700] {processor.py:925} INFO - DAG(s) 'example_bash_operator' retrieved from /home/dataengineer/.pyenv/versions/3.9.21/lib/python3.9/site-packages/airflow/example_dags/example_bash_operator.py
[2025-03-08T00:58:20.172+0700] {logging_mixin.py:190} INFO - [2025-03-08T00:58:20.172+0700] {dag.py:3239} INFO - Sync 1 DAGs
[2025-03-08T00:58:20.194+0700] {logging_mixin.py:190} INFO - [2025-03-08T00:58:20.194+0700] {dag.py:4180} INFO - Setting next_dagrun for example_bash_operator to 2025-03-06 00:00:00+00:00, run_after=2025-03-07 00:00:00+00:00
[2025-03-08T00:58:20.216+0700] {processor.py:208} INFO - Processing /home/dataengineer/.pyenv/versions/3.9.21/lib/python3.9/site-packages/airflow/example_dags/example_bash_operator.py took 0.097 seconds
[2025-03-08T00:59:21.915+0700] {processor.py:186} INFO - Started process (PID=37592) to work on /home/dataengineer/.pyenv/versions/3.9.21/lib/python3.9/site-packages/airflow/example_dags/example_bash_operator.py
[2025-03-08T00:59:21.916+0700] {processor.py:914} INFO - Processing file /home/dataengineer/.pyenv/versions/3.9.21/lib/python3.9/site-packages/airflow/example_dags/example_bash_operator.py for tasks to queue
[2025-03-08T00:59:21.918+0700] {logging_mixin.py:190} INFO - [2025-03-08T00:59:21.918+0700] {dagbag.py:588} INFO - Filling up the DagBag from /home/dataengineer/.pyenv/versions/3.9.21/lib/python3.9/site-packages/airflow/example_dags/example_bash_operator.py
[2025-03-08T00:59:21.930+0700] {processor.py:925} INFO - DAG(s) 'example_bash_operator' retrieved from /home/dataengineer/.pyenv/versions/3.9.21/lib/python3.9/site-packages/airflow/example_dags/example_bash_operator.py
[2025-03-08T00:59:21.950+0700] {logging_mixin.py:190} INFO - [2025-03-08T00:59:21.950+0700] {dag.py:3239} INFO - Sync 1 DAGs
[2025-03-08T00:59:21.968+0700] {logging_mixin.py:190} INFO - [2025-03-08T00:59:21.968+0700] {dag.py:4180} INFO - Setting next_dagrun for example_bash_operator to 2025-03-06 00:00:00+00:00, run_after=2025-03-07 00:00:00+00:00
[2025-03-08T00:59:21.986+0700] {processor.py:208} INFO - Processing /home/dataengineer/.pyenv/versions/3.9.21/lib/python3.9/site-packages/airflow/example_dags/example_bash_operator.py took 0.076 seconds
[2025-03-08T01:00:23.300+0700] {processor.py:186} INFO - Started process (PID=38020) to work on /home/dataengineer/.pyenv/versions/3.9.21/lib/python3.9/site-packages/airflow/example_dags/example_bash_operator.py
[2025-03-08T01:00:23.302+0700] {processor.py:914} INFO - Processing file /home/dataengineer/.pyenv/versions/3.9.21/lib/python3.9/site-packages/airflow/example_dags/example_bash_operator.py for tasks to queue
[2025-03-08T01:00:23.303+0700] {logging_mixin.py:190} INFO - [2025-03-08T01:00:23.303+0700] {dagbag.py:588} INFO - Filling up the DagBag from /home/dataengineer/.pyenv/versions/3.9.21/lib/python3.9/site-packages/airflow/example_dags/example_bash_operator.py
[2025-03-08T01:00:23.316+0700] {processor.py:925} INFO - DAG(s) 'example_bash_operator' retrieved from /home/dataengineer/.pyenv/versions/3.9.21/lib/python3.9/site-packages/airflow/example_dags/example_bash_operator.py
[2025-03-08T01:00:23.337+0700] {logging_mixin.py:190} INFO - [2025-03-08T01:00:23.336+0700] {dag.py:3239} INFO - Sync 1 DAGs
[2025-03-08T01:00:23.355+0700] {logging_mixin.py:190} INFO - [2025-03-08T01:00:23.354+0700] {dag.py:4180} INFO - Setting next_dagrun for example_bash_operator to 2025-03-06 00:00:00+00:00, run_after=2025-03-07 00:00:00+00:00
[2025-03-08T01:00:23.372+0700] {processor.py:208} INFO - Processing /home/dataengineer/.pyenv/versions/3.9.21/lib/python3.9/site-packages/airflow/example_dags/example_bash_operator.py took 0.077 seconds
[2025-03-08T01:01:25.229+0700] {processor.py:186} INFO - Started process (PID=38479) to work on /home/dataengineer/.pyenv/versions/3.9.21/lib/python3.9/site-packages/airflow/example_dags/example_bash_operator.py
[2025-03-08T01:01:25.230+0700] {processor.py:914} INFO - Processing file /home/dataengineer/.pyenv/versions/3.9.21/lib/python3.9/site-packages/airflow/example_dags/example_bash_operator.py for tasks to queue
[2025-03-08T01:01:25.233+0700] {logging_mixin.py:190} INFO - [2025-03-08T01:01:25.232+0700] {dagbag.py:588} INFO - Filling up the DagBag from /home/dataengineer/.pyenv/versions/3.9.21/lib/python3.9/site-packages/airflow/example_dags/example_bash_operator.py
[2025-03-08T01:01:25.247+0700] {processor.py:925} INFO - DAG(s) 'example_bash_operator' retrieved from /home/dataengineer/.pyenv/versions/3.9.21/lib/python3.9/site-packages/airflow/example_dags/example_bash_operator.py
[2025-03-08T01:01:25.268+0700] {logging_mixin.py:190} INFO - [2025-03-08T01:01:25.268+0700] {dag.py:3239} INFO - Sync 1 DAGs
[2025-03-08T01:01:25.286+0700] {logging_mixin.py:190} INFO - [2025-03-08T01:01:25.286+0700] {dag.py:4180} INFO - Setting next_dagrun for example_bash_operator to 2025-03-06 00:00:00+00:00, run_after=2025-03-07 00:00:00+00:00
[2025-03-08T01:01:25.306+0700] {processor.py:208} INFO - Processing /home/dataengineer/.pyenv/versions/3.9.21/lib/python3.9/site-packages/airflow/example_dags/example_bash_operator.py took 0.082 seconds
[2025-03-08T01:02:25.830+0700] {processor.py:186} INFO - Started process (PID=38978) to work on /home/dataengineer/.pyenv/versions/3.9.21/lib/python3.9/site-packages/airflow/example_dags/example_bash_operator.py
[2025-03-08T01:02:25.831+0700] {processor.py:914} INFO - Processing file /home/dataengineer/.pyenv/versions/3.9.21/lib/python3.9/site-packages/airflow/example_dags/example_bash_operator.py for tasks to queue
[2025-03-08T01:02:25.833+0700] {logging_mixin.py:190} INFO - [2025-03-08T01:02:25.833+0700] {dagbag.py:588} INFO - Filling up the DagBag from /home/dataengineer/.pyenv/versions/3.9.21/lib/python3.9/site-packages/airflow/example_dags/example_bash_operator.py
[2025-03-08T01:02:25.847+0700] {processor.py:925} INFO - DAG(s) 'example_bash_operator' retrieved from /home/dataengineer/.pyenv/versions/3.9.21/lib/python3.9/site-packages/airflow/example_dags/example_bash_operator.py
[2025-03-08T01:02:25.872+0700] {logging_mixin.py:190} INFO - [2025-03-08T01:02:25.871+0700] {dag.py:3239} INFO - Sync 1 DAGs
[2025-03-08T01:02:25.893+0700] {logging_mixin.py:190} INFO - [2025-03-08T01:02:25.893+0700] {dag.py:4180} INFO - Setting next_dagrun for example_bash_operator to 2025-03-06 00:00:00+00:00, run_after=2025-03-07 00:00:00+00:00
[2025-03-08T01:02:25.914+0700] {processor.py:208} INFO - Processing /home/dataengineer/.pyenv/versions/3.9.21/lib/python3.9/site-packages/airflow/example_dags/example_bash_operator.py took 0.090 seconds
[2025-03-08T01:03:27.306+0700] {processor.py:186} INFO - Started process (PID=39633) to work on /home/dataengineer/.pyenv/versions/3.9.21/lib/python3.9/site-packages/airflow/example_dags/example_bash_operator.py
[2025-03-08T01:03:27.307+0700] {processor.py:914} INFO - Processing file /home/dataengineer/.pyenv/versions/3.9.21/lib/python3.9/site-packages/airflow/example_dags/example_bash_operator.py for tasks to queue
[2025-03-08T01:03:27.310+0700] {logging_mixin.py:190} INFO - [2025-03-08T01:03:27.309+0700] {dagbag.py:588} INFO - Filling up the DagBag from /home/dataengineer/.pyenv/versions/3.9.21/lib/python3.9/site-packages/airflow/example_dags/example_bash_operator.py
[2025-03-08T01:03:27.323+0700] {processor.py:925} INFO - DAG(s) 'example_bash_operator' retrieved from /home/dataengineer/.pyenv/versions/3.9.21/lib/python3.9/site-packages/airflow/example_dags/example_bash_operator.py
[2025-03-08T01:03:27.345+0700] {logging_mixin.py:190} INFO - [2025-03-08T01:03:27.345+0700] {dag.py:3239} INFO - Sync 1 DAGs
[2025-03-08T01:03:27.365+0700] {logging_mixin.py:190} INFO - [2025-03-08T01:03:27.365+0700] {dag.py:4180} INFO - Setting next_dagrun for example_bash_operator to 2025-03-06 00:00:00+00:00, run_after=2025-03-07 00:00:00+00:00
[2025-03-08T01:03:27.385+0700] {processor.py:208} INFO - Processing /home/dataengineer/.pyenv/versions/3.9.21/lib/python3.9/site-packages/airflow/example_dags/example_bash_operator.py took 0.084 seconds
[2025-03-08T01:04:27.814+0700] {processor.py:186} INFO - Started process (PID=41278) to work on /home/dataengineer/.pyenv/versions/3.9.21/lib/python3.9/site-packages/airflow/example_dags/example_bash_operator.py
[2025-03-08T01:04:27.815+0700] {processor.py:914} INFO - Processing file /home/dataengineer/.pyenv/versions/3.9.21/lib/python3.9/site-packages/airflow/example_dags/example_bash_operator.py for tasks to queue
[2025-03-08T01:04:27.817+0700] {logging_mixin.py:190} INFO - [2025-03-08T01:04:27.817+0700] {dagbag.py:588} INFO - Filling up the DagBag from /home/dataengineer/.pyenv/versions/3.9.21/lib/python3.9/site-packages/airflow/example_dags/example_bash_operator.py
[2025-03-08T01:04:27.831+0700] {processor.py:925} INFO - DAG(s) 'example_bash_operator' retrieved from /home/dataengineer/.pyenv/versions/3.9.21/lib/python3.9/site-packages/airflow/example_dags/example_bash_operator.py
[2025-03-08T01:04:27.852+0700] {logging_mixin.py:190} INFO - [2025-03-08T01:04:27.852+0700] {dag.py:3239} INFO - Sync 1 DAGs
[2025-03-08T01:04:27.873+0700] {logging_mixin.py:190} INFO - [2025-03-08T01:04:27.873+0700] {dag.py:4180} INFO - Setting next_dagrun for example_bash_operator to 2025-03-06 00:00:00+00:00, run_after=2025-03-07 00:00:00+00:00
[2025-03-08T01:04:27.894+0700] {processor.py:208} INFO - Processing /home/dataengineer/.pyenv/versions/3.9.21/lib/python3.9/site-packages/airflow/example_dags/example_bash_operator.py took 0.086 seconds
[2025-03-08T02:29:48.369+0700] {processor.py:186} INFO - Started process (PID=67758) to work on /home/dataengineer/.pyenv/versions/3.9.21/lib/python3.9/site-packages/airflow/example_dags/example_bash_operator.py
[2025-03-08T02:29:48.370+0700] {processor.py:914} INFO - Processing file /home/dataengineer/.pyenv/versions/3.9.21/lib/python3.9/site-packages/airflow/example_dags/example_bash_operator.py for tasks to queue
[2025-03-08T02:29:48.372+0700] {logging_mixin.py:190} INFO - [2025-03-08T02:29:48.371+0700] {dagbag.py:588} INFO - Filling up the DagBag from /home/dataengineer/.pyenv/versions/3.9.21/lib/python3.9/site-packages/airflow/example_dags/example_bash_operator.py
[2025-03-08T02:29:48.385+0700] {processor.py:925} INFO - DAG(s) 'example_bash_operator' retrieved from /home/dataengineer/.pyenv/versions/3.9.21/lib/python3.9/site-packages/airflow/example_dags/example_bash_operator.py
[2025-03-08T02:29:48.408+0700] {logging_mixin.py:190} INFO - [2025-03-08T02:29:48.408+0700] {dag.py:3239} INFO - Sync 1 DAGs
[2025-03-08T02:29:48.428+0700] {logging_mixin.py:190} INFO - [2025-03-08T02:29:48.428+0700] {dag.py:4180} INFO - Setting next_dagrun for example_bash_operator to 2025-03-06 00:00:00+00:00, run_after=2025-03-07 00:00:00+00:00
[2025-03-08T02:29:48.448+0700] {processor.py:208} INFO - Processing /home/dataengineer/.pyenv/versions/3.9.21/lib/python3.9/site-packages/airflow/example_dags/example_bash_operator.py took 0.085 seconds
[2025-03-08T02:30:45.160+0700] {processor.py:186} INFO - Started process (PID=68122) to work on /home/dataengineer/.pyenv/versions/3.9.21/lib/python3.9/site-packages/airflow/example_dags/example_bash_operator.py
[2025-03-08T02:30:45.162+0700] {processor.py:914} INFO - Processing file /home/dataengineer/.pyenv/versions/3.9.21/lib/python3.9/site-packages/airflow/example_dags/example_bash_operator.py for tasks to queue
[2025-03-08T02:30:45.163+0700] {logging_mixin.py:190} INFO - [2025-03-08T02:30:45.162+0700] {dagbag.py:588} INFO - Filling up the DagBag from /home/dataengineer/.pyenv/versions/3.9.21/lib/python3.9/site-packages/airflow/example_dags/example_bash_operator.py
[2025-03-08T02:30:45.176+0700] {processor.py:925} INFO - DAG(s) 'example_bash_operator' retrieved from /home/dataengineer/.pyenv/versions/3.9.21/lib/python3.9/site-packages/airflow/example_dags/example_bash_operator.py
[2025-03-08T02:30:45.200+0700] {logging_mixin.py:190} INFO - [2025-03-08T02:30:45.199+0700] {dag.py:3239} INFO - Sync 1 DAGs
[2025-03-08T02:30:45.220+0700] {logging_mixin.py:190} INFO - [2025-03-08T02:30:45.220+0700] {dag.py:4180} INFO - Setting next_dagrun for example_bash_operator to 2025-03-06 00:00:00+00:00, run_after=2025-03-07 00:00:00+00:00
[2025-03-08T02:30:45.240+0700] {processor.py:208} INFO - Processing /home/dataengineer/.pyenv/versions/3.9.21/lib/python3.9/site-packages/airflow/example_dags/example_bash_operator.py took 0.086 seconds
[2025-03-08T02:31:42.622+0700] {processor.py:186} INFO - Started process (PID=68868) to work on /home/dataengineer/.pyenv/versions/3.9.21/lib/python3.9/site-packages/airflow/example_dags/example_bash_operator.py
[2025-03-08T02:31:42.624+0700] {processor.py:914} INFO - Processing file /home/dataengineer/.pyenv/versions/3.9.21/lib/python3.9/site-packages/airflow/example_dags/example_bash_operator.py for tasks to queue
[2025-03-08T02:31:42.626+0700] {logging_mixin.py:190} INFO - [2025-03-08T02:31:42.625+0700] {dagbag.py:588} INFO - Filling up the DagBag from /home/dataengineer/.pyenv/versions/3.9.21/lib/python3.9/site-packages/airflow/example_dags/example_bash_operator.py
[2025-03-08T02:31:42.644+0700] {processor.py:925} INFO - DAG(s) 'example_bash_operator' retrieved from /home/dataengineer/.pyenv/versions/3.9.21/lib/python3.9/site-packages/airflow/example_dags/example_bash_operator.py
[2025-03-08T02:31:42.679+0700] {logging_mixin.py:190} INFO - [2025-03-08T02:31:42.679+0700] {dag.py:3239} INFO - Sync 1 DAGs
[2025-03-08T02:31:42.702+0700] {logging_mixin.py:190} INFO - [2025-03-08T02:31:42.702+0700] {dag.py:4180} INFO - Setting next_dagrun for example_bash_operator to 2025-03-06 00:00:00+00:00, run_after=2025-03-07 00:00:00+00:00
[2025-03-08T02:31:42.722+0700] {processor.py:208} INFO - Processing /home/dataengineer/.pyenv/versions/3.9.21/lib/python3.9/site-packages/airflow/example_dags/example_bash_operator.py took 0.107 seconds
[2025-03-08T02:32:39.296+0700] {processor.py:186} INFO - Started process (PID=69122) to work on /home/dataengineer/.pyenv/versions/3.9.21/lib/python3.9/site-packages/airflow/example_dags/example_bash_operator.py
[2025-03-08T02:32:39.297+0700] {processor.py:914} INFO - Processing file /home/dataengineer/.pyenv/versions/3.9.21/lib/python3.9/site-packages/airflow/example_dags/example_bash_operator.py for tasks to queue
[2025-03-08T02:32:39.299+0700] {logging_mixin.py:190} INFO - [2025-03-08T02:32:39.299+0700] {dagbag.py:588} INFO - Filling up the DagBag from /home/dataengineer/.pyenv/versions/3.9.21/lib/python3.9/site-packages/airflow/example_dags/example_bash_operator.py
[2025-03-08T02:32:39.313+0700] {processor.py:925} INFO - DAG(s) 'example_bash_operator' retrieved from /home/dataengineer/.pyenv/versions/3.9.21/lib/python3.9/site-packages/airflow/example_dags/example_bash_operator.py
[2025-03-08T02:32:39.334+0700] {logging_mixin.py:190} INFO - [2025-03-08T02:32:39.334+0700] {dag.py:3239} INFO - Sync 1 DAGs
[2025-03-08T02:32:39.354+0700] {logging_mixin.py:190} INFO - [2025-03-08T02:32:39.354+0700] {dag.py:4180} INFO - Setting next_dagrun for example_bash_operator to 2025-03-06 00:00:00+00:00, run_after=2025-03-07 00:00:00+00:00
[2025-03-08T02:32:39.374+0700] {processor.py:208} INFO - Processing /home/dataengineer/.pyenv/versions/3.9.21/lib/python3.9/site-packages/airflow/example_dags/example_bash_operator.py took 0.083 seconds
[2025-03-08T02:33:36.696+0700] {processor.py:186} INFO - Started process (PID=69377) to work on /home/dataengineer/.pyenv/versions/3.9.21/lib/python3.9/site-packages/airflow/example_dags/example_bash_operator.py
[2025-03-08T02:33:36.697+0700] {processor.py:914} INFO - Processing file /home/dataengineer/.pyenv/versions/3.9.21/lib/python3.9/site-packages/airflow/example_dags/example_bash_operator.py for tasks to queue
[2025-03-08T02:33:36.698+0700] {logging_mixin.py:190} INFO - [2025-03-08T02:33:36.698+0700] {dagbag.py:588} INFO - Filling up the DagBag from /home/dataengineer/.pyenv/versions/3.9.21/lib/python3.9/site-packages/airflow/example_dags/example_bash_operator.py
[2025-03-08T02:33:36.711+0700] {processor.py:925} INFO - DAG(s) 'example_bash_operator' retrieved from /home/dataengineer/.pyenv/versions/3.9.21/lib/python3.9/site-packages/airflow/example_dags/example_bash_operator.py
[2025-03-08T02:33:36.732+0700] {logging_mixin.py:190} INFO - [2025-03-08T02:33:36.732+0700] {dag.py:3239} INFO - Sync 1 DAGs
[2025-03-08T02:33:36.751+0700] {logging_mixin.py:190} INFO - [2025-03-08T02:33:36.751+0700] {dag.py:4180} INFO - Setting next_dagrun for example_bash_operator to 2025-03-06 00:00:00+00:00, run_after=2025-03-07 00:00:00+00:00
[2025-03-08T02:33:36.770+0700] {processor.py:208} INFO - Processing /home/dataengineer/.pyenv/versions/3.9.21/lib/python3.9/site-packages/airflow/example_dags/example_bash_operator.py took 0.080 seconds
[2025-03-08T02:35:11.971+0700] {processor.py:186} INFO - Started process (PID=70463) to work on /home/dataengineer/.pyenv/versions/3.9.21/lib/python3.9/site-packages/airflow/example_dags/example_bash_operator.py
[2025-03-08T02:35:11.972+0700] {processor.py:914} INFO - Processing file /home/dataengineer/.pyenv/versions/3.9.21/lib/python3.9/site-packages/airflow/example_dags/example_bash_operator.py for tasks to queue
[2025-03-08T02:35:11.974+0700] {logging_mixin.py:190} INFO - [2025-03-08T02:35:11.974+0700] {dagbag.py:588} INFO - Filling up the DagBag from /home/dataengineer/.pyenv/versions/3.9.21/lib/python3.9/site-packages/airflow/example_dags/example_bash_operator.py
[2025-03-08T02:35:11.987+0700] {processor.py:925} INFO - DAG(s) 'example_bash_operator' retrieved from /home/dataengineer/.pyenv/versions/3.9.21/lib/python3.9/site-packages/airflow/example_dags/example_bash_operator.py
[2025-03-08T02:35:12.010+0700] {logging_mixin.py:190} INFO - [2025-03-08T02:35:12.009+0700] {dag.py:3239} INFO - Sync 1 DAGs
[2025-03-08T02:35:12.030+0700] {logging_mixin.py:190} INFO - [2025-03-08T02:35:12.029+0700] {dag.py:4180} INFO - Setting next_dagrun for example_bash_operator to 2025-03-06 00:00:00+00:00, run_after=2025-03-07 00:00:00+00:00
[2025-03-08T02:35:12.051+0700] {processor.py:208} INFO - Processing /home/dataengineer/.pyenv/versions/3.9.21/lib/python3.9/site-packages/airflow/example_dags/example_bash_operator.py took 0.085 seconds
[2025-03-08T02:36:12.659+0700] {processor.py:186} INFO - Started process (PID=70891) to work on /home/dataengineer/.pyenv/versions/3.9.21/lib/python3.9/site-packages/airflow/example_dags/example_bash_operator.py
[2025-03-08T02:36:12.661+0700] {processor.py:914} INFO - Processing file /home/dataengineer/.pyenv/versions/3.9.21/lib/python3.9/site-packages/airflow/example_dags/example_bash_operator.py for tasks to queue
[2025-03-08T02:36:12.662+0700] {logging_mixin.py:190} INFO - [2025-03-08T02:36:12.662+0700] {dagbag.py:588} INFO - Filling up the DagBag from /home/dataengineer/.pyenv/versions/3.9.21/lib/python3.9/site-packages/airflow/example_dags/example_bash_operator.py
[2025-03-08T02:36:12.677+0700] {processor.py:925} INFO - DAG(s) 'example_bash_operator' retrieved from /home/dataengineer/.pyenv/versions/3.9.21/lib/python3.9/site-packages/airflow/example_dags/example_bash_operator.py
[2025-03-08T02:36:12.699+0700] {logging_mixin.py:190} INFO - [2025-03-08T02:36:12.699+0700] {dag.py:3239} INFO - Sync 1 DAGs
[2025-03-08T02:36:12.718+0700] {logging_mixin.py:190} INFO - [2025-03-08T02:36:12.718+0700] {dag.py:4180} INFO - Setting next_dagrun for example_bash_operator to 2025-03-06 00:00:00+00:00, run_after=2025-03-07 00:00:00+00:00
[2025-03-08T02:36:12.737+0700] {processor.py:208} INFO - Processing /home/dataengineer/.pyenv/versions/3.9.21/lib/python3.9/site-packages/airflow/example_dags/example_bash_operator.py took 0.083 seconds
[2025-03-08T02:37:14.532+0700] {processor.py:186} INFO - Started process (PID=71336) to work on /home/dataengineer/.pyenv/versions/3.9.21/lib/python3.9/site-packages/airflow/example_dags/example_bash_operator.py
[2025-03-08T02:37:14.534+0700] {processor.py:914} INFO - Processing file /home/dataengineer/.pyenv/versions/3.9.21/lib/python3.9/site-packages/airflow/example_dags/example_bash_operator.py for tasks to queue
[2025-03-08T02:37:14.536+0700] {logging_mixin.py:190} INFO - [2025-03-08T02:37:14.535+0700] {dagbag.py:588} INFO - Filling up the DagBag from /home/dataengineer/.pyenv/versions/3.9.21/lib/python3.9/site-packages/airflow/example_dags/example_bash_operator.py
[2025-03-08T02:37:14.549+0700] {processor.py:925} INFO - DAG(s) 'example_bash_operator' retrieved from /home/dataengineer/.pyenv/versions/3.9.21/lib/python3.9/site-packages/airflow/example_dags/example_bash_operator.py
[2025-03-08T02:37:14.572+0700] {logging_mixin.py:190} INFO - [2025-03-08T02:37:14.572+0700] {dag.py:3239} INFO - Sync 1 DAGs
[2025-03-08T02:37:14.592+0700] {logging_mixin.py:190} INFO - [2025-03-08T02:37:14.592+0700] {dag.py:4180} INFO - Setting next_dagrun for example_bash_operator to 2025-03-06 00:00:00+00:00, run_after=2025-03-07 00:00:00+00:00
[2025-03-08T02:37:14.612+0700] {processor.py:208} INFO - Processing /home/dataengineer/.pyenv/versions/3.9.21/lib/python3.9/site-packages/airflow/example_dags/example_bash_operator.py took 0.085 seconds
[2025-03-08T02:39:19.004+0700] {processor.py:186} INFO - Started process (PID=72523) to work on /home/dataengineer/.pyenv/versions/3.9.21/lib/python3.9/site-packages/airflow/example_dags/example_bash_operator.py
[2025-03-08T02:39:19.005+0700] {processor.py:914} INFO - Processing file /home/dataengineer/.pyenv/versions/3.9.21/lib/python3.9/site-packages/airflow/example_dags/example_bash_operator.py for tasks to queue
[2025-03-08T02:39:19.008+0700] {logging_mixin.py:190} INFO - [2025-03-08T02:39:19.008+0700] {dagbag.py:588} INFO - Filling up the DagBag from /home/dataengineer/.pyenv/versions/3.9.21/lib/python3.9/site-packages/airflow/example_dags/example_bash_operator.py
[2025-03-08T02:39:19.023+0700] {processor.py:925} INFO - DAG(s) 'example_bash_operator' retrieved from /home/dataengineer/.pyenv/versions/3.9.21/lib/python3.9/site-packages/airflow/example_dags/example_bash_operator.py
[2025-03-08T02:39:19.050+0700] {logging_mixin.py:190} INFO - [2025-03-08T02:39:19.050+0700] {dag.py:3239} INFO - Sync 1 DAGs
[2025-03-08T02:39:19.074+0700] {logging_mixin.py:190} INFO - [2025-03-08T02:39:19.073+0700] {dag.py:4180} INFO - Setting next_dagrun for example_bash_operator to 2025-03-06 00:00:00+00:00, run_after=2025-03-07 00:00:00+00:00
[2025-03-08T02:39:19.093+0700] {processor.py:208} INFO - Processing /home/dataengineer/.pyenv/versions/3.9.21/lib/python3.9/site-packages/airflow/example_dags/example_bash_operator.py took 0.096 seconds
