[2025-03-08T00:57:07.838+0700] {processor.py:186} INFO - Started process (PID=36520) to work on /home/dataengineer/.pyenv/versions/3.9.21/lib/python3.9/site-packages/airflow/example_dags/example_dataset_alias.py
[2025-03-08T00:57:07.840+0700] {processor.py:914} INFO - Processing file /home/dataengineer/.pyenv/versions/3.9.21/lib/python3.9/site-packages/airflow/example_dags/example_dataset_alias.py for tasks to queue
[2025-03-08T00:57:07.843+0700] {logging_mixin.py:190} INFO - [2025-03-08T00:57:07.843+0700] {dagbag.py:588} INFO - Filling up the DagBag from /home/dataengineer/.pyenv/versions/3.9.21/lib/python3.9/site-packages/airflow/example_dags/example_dataset_alias.py
[2025-03-08T00:57:07.865+0700] {processor.py:925} INFO - DAG(s) 'dataset_alias_example_alias_consumer', 'dataset_alias_example_alias_producer', 'dataset_s3_bucket_consumer', 'dataset_s3_bucket_producer' retrieved from /home/dataengineer/.pyenv/versions/3.9.21/lib/python3.9/site-packages/airflow/example_dags/example_dataset_alias.py
[2025-03-08T00:57:07.883+0700] {logging_mixin.py:190} INFO - [2025-03-08T00:57:07.883+0700] {dag.py:3239} INFO - Sync 4 DAGs
[2025-03-08T00:57:07.901+0700] {logging_mixin.py:190} INFO - [2025-03-08T00:57:07.901+0700] {dag.py:4180} INFO - Setting next_dagrun for dataset_alias_example_alias_consumer to None, run_after=None
[2025-03-08T00:57:07.903+0700] {logging_mixin.py:190} INFO - [2025-03-08T00:57:07.903+0700] {dag.py:4180} INFO - Setting next_dagrun for dataset_alias_example_alias_producer to None, run_after=None
[2025-03-08T00:57:07.904+0700] {logging_mixin.py:190} INFO - [2025-03-08T00:57:07.904+0700] {dag.py:4180} INFO - Setting next_dagrun for dataset_s3_bucket_consumer to None, run_after=None
[2025-03-08T00:57:07.905+0700] {logging_mixin.py:190} INFO - [2025-03-08T00:57:07.904+0700] {dag.py:4180} INFO - Setting next_dagrun for dataset_s3_bucket_producer to None, run_after=None
[2025-03-08T00:57:07.926+0700] {processor.py:208} INFO - Processing /home/dataengineer/.pyenv/versions/3.9.21/lib/python3.9/site-packages/airflow/example_dags/example_dataset_alias.py took 0.094 seconds
[2025-03-08T00:58:10.987+0700] {processor.py:186} INFO - Started process (PID=37123) to work on /home/dataengineer/.pyenv/versions/3.9.21/lib/python3.9/site-packages/airflow/example_dags/example_dataset_alias.py
[2025-03-08T00:58:10.988+0700] {processor.py:914} INFO - Processing file /home/dataengineer/.pyenv/versions/3.9.21/lib/python3.9/site-packages/airflow/example_dags/example_dataset_alias.py for tasks to queue
[2025-03-08T00:58:10.991+0700] {logging_mixin.py:190} INFO - [2025-03-08T00:58:10.990+0700] {dagbag.py:588} INFO - Filling up the DagBag from /home/dataengineer/.pyenv/versions/3.9.21/lib/python3.9/site-packages/airflow/example_dags/example_dataset_alias.py
[2025-03-08T00:58:11.013+0700] {processor.py:925} INFO - DAG(s) 'dataset_alias_example_alias_producer', 'dataset_s3_bucket_consumer', 'dataset_s3_bucket_producer', 'dataset_alias_example_alias_consumer' retrieved from /home/dataengineer/.pyenv/versions/3.9.21/lib/python3.9/site-packages/airflow/example_dags/example_dataset_alias.py
[2025-03-08T00:58:11.031+0700] {logging_mixin.py:190} INFO - [2025-03-08T00:58:11.031+0700] {dag.py:3239} INFO - Sync 4 DAGs
[2025-03-08T00:58:11.049+0700] {logging_mixin.py:190} INFO - [2025-03-08T00:58:11.049+0700] {dag.py:4180} INFO - Setting next_dagrun for dataset_alias_example_alias_consumer to None, run_after=None
[2025-03-08T00:58:11.051+0700] {logging_mixin.py:190} INFO - [2025-03-08T00:58:11.051+0700] {dag.py:4180} INFO - Setting next_dagrun for dataset_alias_example_alias_producer to None, run_after=None
[2025-03-08T00:58:11.052+0700] {logging_mixin.py:190} INFO - [2025-03-08T00:58:11.052+0700] {dag.py:4180} INFO - Setting next_dagrun for dataset_s3_bucket_consumer to None, run_after=None
[2025-03-08T00:58:11.053+0700] {logging_mixin.py:190} INFO - [2025-03-08T00:58:11.052+0700] {dag.py:4180} INFO - Setting next_dagrun for dataset_s3_bucket_producer to None, run_after=None
[2025-03-08T00:58:11.074+0700] {processor.py:208} INFO - Processing /home/dataengineer/.pyenv/versions/3.9.21/lib/python3.9/site-packages/airflow/example_dags/example_dataset_alias.py took 0.093 seconds
[2025-03-08T00:59:12.613+0700] {processor.py:186} INFO - Started process (PID=37552) to work on /home/dataengineer/.pyenv/versions/3.9.21/lib/python3.9/site-packages/airflow/example_dags/example_dataset_alias.py
[2025-03-08T00:59:12.614+0700] {processor.py:914} INFO - Processing file /home/dataengineer/.pyenv/versions/3.9.21/lib/python3.9/site-packages/airflow/example_dags/example_dataset_alias.py for tasks to queue
[2025-03-08T00:59:12.616+0700] {logging_mixin.py:190} INFO - [2025-03-08T00:59:12.616+0700] {dagbag.py:588} INFO - Filling up the DagBag from /home/dataengineer/.pyenv/versions/3.9.21/lib/python3.9/site-packages/airflow/example_dags/example_dataset_alias.py
[2025-03-08T00:59:12.635+0700] {processor.py:925} INFO - DAG(s) 'dataset_s3_bucket_consumer', 'dataset_alias_example_alias_consumer', 'dataset_s3_bucket_producer', 'dataset_alias_example_alias_producer' retrieved from /home/dataengineer/.pyenv/versions/3.9.21/lib/python3.9/site-packages/airflow/example_dags/example_dataset_alias.py
[2025-03-08T00:59:12.652+0700] {logging_mixin.py:190} INFO - [2025-03-08T00:59:12.652+0700] {dag.py:3239} INFO - Sync 4 DAGs
[2025-03-08T00:59:12.669+0700] {logging_mixin.py:190} INFO - [2025-03-08T00:59:12.669+0700] {dag.py:4180} INFO - Setting next_dagrun for dataset_alias_example_alias_consumer to None, run_after=None
[2025-03-08T00:59:12.671+0700] {logging_mixin.py:190} INFO - [2025-03-08T00:59:12.671+0700] {dag.py:4180} INFO - Setting next_dagrun for dataset_alias_example_alias_producer to None, run_after=None
[2025-03-08T00:59:12.672+0700] {logging_mixin.py:190} INFO - [2025-03-08T00:59:12.672+0700] {dag.py:4180} INFO - Setting next_dagrun for dataset_s3_bucket_consumer to None, run_after=None
[2025-03-08T00:59:12.673+0700] {logging_mixin.py:190} INFO - [2025-03-08T00:59:12.673+0700] {dag.py:4180} INFO - Setting next_dagrun for dataset_s3_bucket_producer to None, run_after=None
[2025-03-08T00:59:12.694+0700] {processor.py:208} INFO - Processing /home/dataengineer/.pyenv/versions/3.9.21/lib/python3.9/site-packages/airflow/example_dags/example_dataset_alias.py took 0.086 seconds
[2025-03-08T01:00:14.299+0700] {processor.py:186} INFO - Started process (PID=37980) to work on /home/dataengineer/.pyenv/versions/3.9.21/lib/python3.9/site-packages/airflow/example_dags/example_dataset_alias.py
[2025-03-08T01:00:14.300+0700] {processor.py:914} INFO - Processing file /home/dataengineer/.pyenv/versions/3.9.21/lib/python3.9/site-packages/airflow/example_dags/example_dataset_alias.py for tasks to queue
[2025-03-08T01:00:14.302+0700] {logging_mixin.py:190} INFO - [2025-03-08T01:00:14.301+0700] {dagbag.py:588} INFO - Filling up the DagBag from /home/dataengineer/.pyenv/versions/3.9.21/lib/python3.9/site-packages/airflow/example_dags/example_dataset_alias.py
[2025-03-08T01:00:14.321+0700] {processor.py:925} INFO - DAG(s) 'dataset_alias_example_alias_producer', 'dataset_s3_bucket_consumer', 'dataset_s3_bucket_producer', 'dataset_alias_example_alias_consumer' retrieved from /home/dataengineer/.pyenv/versions/3.9.21/lib/python3.9/site-packages/airflow/example_dags/example_dataset_alias.py
[2025-03-08T01:00:14.338+0700] {logging_mixin.py:190} INFO - [2025-03-08T01:00:14.338+0700] {dag.py:3239} INFO - Sync 4 DAGs
[2025-03-08T01:00:14.355+0700] {logging_mixin.py:190} INFO - [2025-03-08T01:00:14.355+0700] {dag.py:4180} INFO - Setting next_dagrun for dataset_alias_example_alias_consumer to None, run_after=None
[2025-03-08T01:00:14.357+0700] {logging_mixin.py:190} INFO - [2025-03-08T01:00:14.356+0700] {dag.py:4180} INFO - Setting next_dagrun for dataset_alias_example_alias_producer to None, run_after=None
[2025-03-08T01:00:14.357+0700] {logging_mixin.py:190} INFO - [2025-03-08T01:00:14.357+0700] {dag.py:4180} INFO - Setting next_dagrun for dataset_s3_bucket_consumer to None, run_after=None
[2025-03-08T01:00:14.358+0700] {logging_mixin.py:190} INFO - [2025-03-08T01:00:14.358+0700] {dag.py:4180} INFO - Setting next_dagrun for dataset_s3_bucket_producer to None, run_after=None
[2025-03-08T01:00:14.378+0700] {processor.py:208} INFO - Processing /home/dataengineer/.pyenv/versions/3.9.21/lib/python3.9/site-packages/airflow/example_dags/example_dataset_alias.py took 0.085 seconds
[2025-03-08T01:01:15.805+0700] {processor.py:186} INFO - Started process (PID=38412) to work on /home/dataengineer/.pyenv/versions/3.9.21/lib/python3.9/site-packages/airflow/example_dags/example_dataset_alias.py
[2025-03-08T01:01:15.806+0700] {processor.py:914} INFO - Processing file /home/dataengineer/.pyenv/versions/3.9.21/lib/python3.9/site-packages/airflow/example_dags/example_dataset_alias.py for tasks to queue
[2025-03-08T01:01:15.808+0700] {logging_mixin.py:190} INFO - [2025-03-08T01:01:15.808+0700] {dagbag.py:588} INFO - Filling up the DagBag from /home/dataengineer/.pyenv/versions/3.9.21/lib/python3.9/site-packages/airflow/example_dags/example_dataset_alias.py
[2025-03-08T01:01:15.829+0700] {processor.py:925} INFO - DAG(s) 'dataset_alias_example_alias_producer', 'dataset_s3_bucket_producer', 'dataset_s3_bucket_consumer', 'dataset_alias_example_alias_consumer' retrieved from /home/dataengineer/.pyenv/versions/3.9.21/lib/python3.9/site-packages/airflow/example_dags/example_dataset_alias.py
[2025-03-08T01:01:15.851+0700] {logging_mixin.py:190} INFO - [2025-03-08T01:01:15.851+0700] {dag.py:3239} INFO - Sync 4 DAGs
[2025-03-08T01:01:15.873+0700] {logging_mixin.py:190} INFO - [2025-03-08T01:01:15.873+0700] {dag.py:4180} INFO - Setting next_dagrun for dataset_alias_example_alias_consumer to None, run_after=None
[2025-03-08T01:01:15.875+0700] {logging_mixin.py:190} INFO - [2025-03-08T01:01:15.875+0700] {dag.py:4180} INFO - Setting next_dagrun for dataset_alias_example_alias_producer to None, run_after=None
[2025-03-08T01:01:15.876+0700] {logging_mixin.py:190} INFO - [2025-03-08T01:01:15.876+0700] {dag.py:4180} INFO - Setting next_dagrun for dataset_s3_bucket_consumer to None, run_after=None
[2025-03-08T01:01:15.877+0700] {logging_mixin.py:190} INFO - [2025-03-08T01:01:15.877+0700] {dag.py:4180} INFO - Setting next_dagrun for dataset_s3_bucket_producer to None, run_after=None
[2025-03-08T01:01:15.904+0700] {processor.py:208} INFO - Processing /home/dataengineer/.pyenv/versions/3.9.21/lib/python3.9/site-packages/airflow/example_dags/example_dataset_alias.py took 0.105 seconds
[2025-03-08T01:02:17.594+0700] {processor.py:186} INFO - Started process (PID=38933) to work on /home/dataengineer/.pyenv/versions/3.9.21/lib/python3.9/site-packages/airflow/example_dags/example_dataset_alias.py
[2025-03-08T01:02:17.596+0700] {processor.py:914} INFO - Processing file /home/dataengineer/.pyenv/versions/3.9.21/lib/python3.9/site-packages/airflow/example_dags/example_dataset_alias.py for tasks to queue
[2025-03-08T01:02:17.598+0700] {logging_mixin.py:190} INFO - [2025-03-08T01:02:17.597+0700] {dagbag.py:588} INFO - Filling up the DagBag from /home/dataengineer/.pyenv/versions/3.9.21/lib/python3.9/site-packages/airflow/example_dags/example_dataset_alias.py
[2025-03-08T01:02:17.521+0700] {processor.py:925} INFO - DAG(s) 'dataset_alias_example_alias_producer', 'dataset_alias_example_alias_consumer', 'dataset_s3_bucket_consumer', 'dataset_s3_bucket_producer' retrieved from /home/dataengineer/.pyenv/versions/3.9.21/lib/python3.9/site-packages/airflow/example_dags/example_dataset_alias.py
[2025-03-08T01:02:17.543+0700] {logging_mixin.py:190} INFO - [2025-03-08T01:02:17.543+0700] {dag.py:3239} INFO - Sync 4 DAGs
[2025-03-08T01:02:17.561+0700] {logging_mixin.py:190} INFO - [2025-03-08T01:02:17.561+0700] {dag.py:4180} INFO - Setting next_dagrun for dataset_alias_example_alias_consumer to None, run_after=None
[2025-03-08T01:02:17.563+0700] {logging_mixin.py:190} INFO - [2025-03-08T01:02:17.563+0700] {dag.py:4180} INFO - Setting next_dagrun for dataset_alias_example_alias_producer to None, run_after=None
[2025-03-08T01:02:17.564+0700] {logging_mixin.py:190} INFO - [2025-03-08T01:02:17.564+0700] {dag.py:4180} INFO - Setting next_dagrun for dataset_s3_bucket_consumer to None, run_after=None
[2025-03-08T01:02:17.565+0700] {logging_mixin.py:190} INFO - [2025-03-08T01:02:17.565+0700] {dag.py:4180} INFO - Setting next_dagrun for dataset_s3_bucket_producer to None, run_after=None
[2025-03-08T01:02:17.587+0700] {processor.py:208} INFO - Processing /home/dataengineer/.pyenv/versions/3.9.21/lib/python3.9/site-packages/airflow/example_dags/example_dataset_alias.py took 0.100 seconds
[2025-03-08T01:03:18.063+0700] {processor.py:186} INFO - Started process (PID=39540) to work on /home/dataengineer/.pyenv/versions/3.9.21/lib/python3.9/site-packages/airflow/example_dags/example_dataset_alias.py
[2025-03-08T01:03:18.064+0700] {processor.py:914} INFO - Processing file /home/dataengineer/.pyenv/versions/3.9.21/lib/python3.9/site-packages/airflow/example_dags/example_dataset_alias.py for tasks to queue
[2025-03-08T01:03:18.066+0700] {logging_mixin.py:190} INFO - [2025-03-08T01:03:18.066+0700] {dagbag.py:588} INFO - Filling up the DagBag from /home/dataengineer/.pyenv/versions/3.9.21/lib/python3.9/site-packages/airflow/example_dags/example_dataset_alias.py
[2025-03-08T01:03:18.086+0700] {processor.py:925} INFO - DAG(s) 'dataset_s3_bucket_producer', 'dataset_alias_example_alias_producer', 'dataset_alias_example_alias_consumer', 'dataset_s3_bucket_consumer' retrieved from /home/dataengineer/.pyenv/versions/3.9.21/lib/python3.9/site-packages/airflow/example_dags/example_dataset_alias.py
[2025-03-08T01:03:18.104+0700] {logging_mixin.py:190} INFO - [2025-03-08T01:03:18.103+0700] {dag.py:3239} INFO - Sync 4 DAGs
[2025-03-08T01:03:18.121+0700] {logging_mixin.py:190} INFO - [2025-03-08T01:03:18.121+0700] {dag.py:4180} INFO - Setting next_dagrun for dataset_alias_example_alias_consumer to None, run_after=None
[2025-03-08T01:03:18.123+0700] {logging_mixin.py:190} INFO - [2025-03-08T01:03:18.123+0700] {dag.py:4180} INFO - Setting next_dagrun for dataset_alias_example_alias_producer to None, run_after=None
[2025-03-08T01:03:18.124+0700] {logging_mixin.py:190} INFO - [2025-03-08T01:03:18.124+0700] {dag.py:4180} INFO - Setting next_dagrun for dataset_s3_bucket_consumer to None, run_after=None
[2025-03-08T01:03:18.125+0700] {logging_mixin.py:190} INFO - [2025-03-08T01:03:18.125+0700] {dag.py:4180} INFO - Setting next_dagrun for dataset_s3_bucket_producer to None, run_after=None
[2025-03-08T01:03:18.151+0700] {processor.py:208} INFO - Processing /home/dataengineer/.pyenv/versions/3.9.21/lib/python3.9/site-packages/airflow/example_dags/example_dataset_alias.py took 0.093 seconds
[2025-03-08T01:04:19.657+0700] {processor.py:186} INFO - Started process (PID=41238) to work on /home/dataengineer/.pyenv/versions/3.9.21/lib/python3.9/site-packages/airflow/example_dags/example_dataset_alias.py
[2025-03-08T01:04:19.658+0700] {processor.py:914} INFO - Processing file /home/dataengineer/.pyenv/versions/3.9.21/lib/python3.9/site-packages/airflow/example_dags/example_dataset_alias.py for tasks to queue
[2025-03-08T01:04:19.660+0700] {logging_mixin.py:190} INFO - [2025-03-08T01:04:19.659+0700] {dagbag.py:588} INFO - Filling up the DagBag from /home/dataengineer/.pyenv/versions/3.9.21/lib/python3.9/site-packages/airflow/example_dags/example_dataset_alias.py
[2025-03-08T01:04:19.678+0700] {processor.py:925} INFO - DAG(s) 'dataset_alias_example_alias_consumer', 'dataset_s3_bucket_producer', 'dataset_s3_bucket_consumer', 'dataset_alias_example_alias_producer' retrieved from /home/dataengineer/.pyenv/versions/3.9.21/lib/python3.9/site-packages/airflow/example_dags/example_dataset_alias.py
[2025-03-08T01:04:19.695+0700] {logging_mixin.py:190} INFO - [2025-03-08T01:04:19.694+0700] {dag.py:3239} INFO - Sync 4 DAGs
[2025-03-08T01:04:19.712+0700] {logging_mixin.py:190} INFO - [2025-03-08T01:04:19.712+0700] {dag.py:4180} INFO - Setting next_dagrun for dataset_alias_example_alias_consumer to None, run_after=None
[2025-03-08T01:04:19.714+0700] {logging_mixin.py:190} INFO - [2025-03-08T01:04:19.713+0700] {dag.py:4180} INFO - Setting next_dagrun for dataset_alias_example_alias_producer to None, run_after=None
[2025-03-08T01:04:19.714+0700] {logging_mixin.py:190} INFO - [2025-03-08T01:04:19.714+0700] {dag.py:4180} INFO - Setting next_dagrun for dataset_s3_bucket_consumer to None, run_after=None
[2025-03-08T01:04:19.715+0700] {logging_mixin.py:190} INFO - [2025-03-08T01:04:19.715+0700] {dag.py:4180} INFO - Setting next_dagrun for dataset_s3_bucket_producer to None, run_after=None
[2025-03-08T01:04:19.736+0700] {processor.py:208} INFO - Processing /home/dataengineer/.pyenv/versions/3.9.21/lib/python3.9/site-packages/airflow/example_dags/example_dataset_alias.py took 0.085 seconds
[2025-03-08T02:29:39.211+0700] {processor.py:186} INFO - Started process (PID=67664) to work on /home/dataengineer/.pyenv/versions/3.9.21/lib/python3.9/site-packages/airflow/example_dags/example_dataset_alias.py
[2025-03-08T02:29:39.212+0700] {processor.py:914} INFO - Processing file /home/dataengineer/.pyenv/versions/3.9.21/lib/python3.9/site-packages/airflow/example_dags/example_dataset_alias.py for tasks to queue
[2025-03-08T02:29:39.214+0700] {logging_mixin.py:190} INFO - [2025-03-08T02:29:39.214+0700] {dagbag.py:588} INFO - Filling up the DagBag from /home/dataengineer/.pyenv/versions/3.9.21/lib/python3.9/site-packages/airflow/example_dags/example_dataset_alias.py
[2025-03-08T02:29:39.236+0700] {processor.py:925} INFO - DAG(s) 'dataset_alias_example_alias_producer', 'dataset_s3_bucket_producer', 'dataset_s3_bucket_consumer', 'dataset_alias_example_alias_consumer' retrieved from /home/dataengineer/.pyenv/versions/3.9.21/lib/python3.9/site-packages/airflow/example_dags/example_dataset_alias.py
[2025-03-08T02:29:39.258+0700] {logging_mixin.py:190} INFO - [2025-03-08T02:29:39.258+0700] {dag.py:3239} INFO - Sync 4 DAGs
[2025-03-08T02:29:39.279+0700] {logging_mixin.py:190} INFO - [2025-03-08T02:29:39.278+0700] {dag.py:4180} INFO - Setting next_dagrun for dataset_alias_example_alias_consumer to None, run_after=None
[2025-03-08T02:29:39.281+0700] {logging_mixin.py:190} INFO - [2025-03-08T02:29:39.281+0700] {dag.py:4180} INFO - Setting next_dagrun for dataset_alias_example_alias_producer to None, run_after=None
[2025-03-08T02:29:39.283+0700] {logging_mixin.py:190} INFO - [2025-03-08T02:29:39.282+0700] {dag.py:4180} INFO - Setting next_dagrun for dataset_s3_bucket_consumer to None, run_after=None
[2025-03-08T02:29:39.284+0700] {logging_mixin.py:190} INFO - [2025-03-08T02:29:39.284+0700] {dag.py:4180} INFO - Setting next_dagrun for dataset_s3_bucket_producer to None, run_after=None
[2025-03-08T02:29:39.310+0700] {processor.py:208} INFO - Processing /home/dataengineer/.pyenv/versions/3.9.21/lib/python3.9/site-packages/airflow/example_dags/example_dataset_alias.py took 0.106 seconds
[2025-03-08T02:30:36.899+0700] {processor.py:186} INFO - Started process (PID=68077) to work on /home/dataengineer/.pyenv/versions/3.9.21/lib/python3.9/site-packages/airflow/example_dags/example_dataset_alias.py
[2025-03-08T02:30:36.900+0700] {processor.py:914} INFO - Processing file /home/dataengineer/.pyenv/versions/3.9.21/lib/python3.9/site-packages/airflow/example_dags/example_dataset_alias.py for tasks to queue
[2025-03-08T02:30:36.901+0700] {logging_mixin.py:190} INFO - [2025-03-08T02:30:36.901+0700] {dagbag.py:588} INFO - Filling up the DagBag from /home/dataengineer/.pyenv/versions/3.9.21/lib/python3.9/site-packages/airflow/example_dags/example_dataset_alias.py
[2025-03-08T02:30:36.920+0700] {processor.py:925} INFO - DAG(s) 'dataset_alias_example_alias_consumer', 'dataset_alias_example_alias_producer', 'dataset_s3_bucket_consumer', 'dataset_s3_bucket_producer' retrieved from /home/dataengineer/.pyenv/versions/3.9.21/lib/python3.9/site-packages/airflow/example_dags/example_dataset_alias.py
[2025-03-08T02:30:36.938+0700] {logging_mixin.py:190} INFO - [2025-03-08T02:30:36.937+0700] {dag.py:3239} INFO - Sync 4 DAGs
[2025-03-08T02:30:36.955+0700] {logging_mixin.py:190} INFO - [2025-03-08T02:30:36.955+0700] {dag.py:4180} INFO - Setting next_dagrun for dataset_alias_example_alias_consumer to None, run_after=None
[2025-03-08T02:30:36.957+0700] {logging_mixin.py:190} INFO - [2025-03-08T02:30:36.957+0700] {dag.py:4180} INFO - Setting next_dagrun for dataset_alias_example_alias_producer to None, run_after=None
[2025-03-08T02:30:36.957+0700] {logging_mixin.py:190} INFO - [2025-03-08T02:30:36.957+0700] {dag.py:4180} INFO - Setting next_dagrun for dataset_s3_bucket_consumer to None, run_after=None
[2025-03-08T02:30:36.958+0700] {logging_mixin.py:190} INFO - [2025-03-08T02:30:36.958+0700] {dag.py:4180} INFO - Setting next_dagrun for dataset_s3_bucket_producer to None, run_after=None
[2025-03-08T02:30:36.980+0700] {processor.py:208} INFO - Processing /home/dataengineer/.pyenv/versions/3.9.21/lib/python3.9/site-packages/airflow/example_dags/example_dataset_alias.py took 0.087 seconds
[2025-03-08T02:31:33.602+0700] {processor.py:186} INFO - Started process (PID=68820) to work on /home/dataengineer/.pyenv/versions/3.9.21/lib/python3.9/site-packages/airflow/example_dags/example_dataset_alias.py
[2025-03-08T02:31:33.604+0700] {processor.py:914} INFO - Processing file /home/dataengineer/.pyenv/versions/3.9.21/lib/python3.9/site-packages/airflow/example_dags/example_dataset_alias.py for tasks to queue
[2025-03-08T02:31:33.605+0700] {logging_mixin.py:190} INFO - [2025-03-08T02:31:33.605+0700] {dagbag.py:588} INFO - Filling up the DagBag from /home/dataengineer/.pyenv/versions/3.9.21/lib/python3.9/site-packages/airflow/example_dags/example_dataset_alias.py
[2025-03-08T02:31:33.649+0700] {processor.py:925} INFO - DAG(s) 'dataset_alias_example_alias_consumer', 'dataset_s3_bucket_consumer', 'dataset_alias_example_alias_producer', 'dataset_s3_bucket_producer' retrieved from /home/dataengineer/.pyenv/versions/3.9.21/lib/python3.9/site-packages/airflow/example_dags/example_dataset_alias.py
[2025-03-08T02:31:33.672+0700] {logging_mixin.py:190} INFO - [2025-03-08T02:31:33.672+0700] {dag.py:3239} INFO - Sync 4 DAGs
[2025-03-08T02:31:33.696+0700] {logging_mixin.py:190} INFO - [2025-03-08T02:31:33.696+0700] {dag.py:4180} INFO - Setting next_dagrun for dataset_alias_example_alias_consumer to None, run_after=None
[2025-03-08T02:31:33.699+0700] {logging_mixin.py:190} INFO - [2025-03-08T02:31:33.698+0700] {dag.py:4180} INFO - Setting next_dagrun for dataset_alias_example_alias_producer to None, run_after=None
[2025-03-08T02:31:33.701+0700] {logging_mixin.py:190} INFO - [2025-03-08T02:31:33.701+0700] {dag.py:4180} INFO - Setting next_dagrun for dataset_s3_bucket_consumer to None, run_after=None
[2025-03-08T02:31:33.702+0700] {logging_mixin.py:190} INFO - [2025-03-08T02:31:33.702+0700] {dag.py:4180} INFO - Setting next_dagrun for dataset_s3_bucket_producer to None, run_after=None
[2025-03-08T02:31:33.726+0700] {processor.py:208} INFO - Processing /home/dataengineer/.pyenv/versions/3.9.21/lib/python3.9/site-packages/airflow/example_dags/example_dataset_alias.py took 0.132 seconds
[2025-03-08T02:32:29.626+0700] {processor.py:186} INFO - Started process (PID=69083) to work on /home/dataengineer/.pyenv/versions/3.9.21/lib/python3.9/site-packages/airflow/example_dags/example_dataset_alias.py
[2025-03-08T02:32:29.627+0700] {processor.py:914} INFO - Processing file /home/dataengineer/.pyenv/versions/3.9.21/lib/python3.9/site-packages/airflow/example_dags/example_dataset_alias.py for tasks to queue
[2025-03-08T02:32:29.628+0700] {logging_mixin.py:190} INFO - [2025-03-08T02:32:29.628+0700] {dagbag.py:588} INFO - Filling up the DagBag from /home/dataengineer/.pyenv/versions/3.9.21/lib/python3.9/site-packages/airflow/example_dags/example_dataset_alias.py
[2025-03-08T02:32:29.647+0700] {processor.py:925} INFO - DAG(s) 'dataset_alias_example_alias_consumer', 'dataset_s3_bucket_producer', 'dataset_s3_bucket_consumer', 'dataset_alias_example_alias_producer' retrieved from /home/dataengineer/.pyenv/versions/3.9.21/lib/python3.9/site-packages/airflow/example_dags/example_dataset_alias.py
[2025-03-08T02:32:29.665+0700] {logging_mixin.py:190} INFO - [2025-03-08T02:32:29.665+0700] {dag.py:3239} INFO - Sync 4 DAGs
[2025-03-08T02:32:29.682+0700] {logging_mixin.py:190} INFO - [2025-03-08T02:32:29.682+0700] {dag.py:4180} INFO - Setting next_dagrun for dataset_alias_example_alias_consumer to None, run_after=None
[2025-03-08T02:32:29.684+0700] {logging_mixin.py:190} INFO - [2025-03-08T02:32:29.684+0700] {dag.py:4180} INFO - Setting next_dagrun for dataset_alias_example_alias_producer to None, run_after=None
[2025-03-08T02:32:29.685+0700] {logging_mixin.py:190} INFO - [2025-03-08T02:32:29.685+0700] {dag.py:4180} INFO - Setting next_dagrun for dataset_s3_bucket_consumer to None, run_after=None
[2025-03-08T02:32:29.686+0700] {logging_mixin.py:190} INFO - [2025-03-08T02:32:29.686+0700] {dag.py:4180} INFO - Setting next_dagrun for dataset_s3_bucket_producer to None, run_after=None
[2025-03-08T02:32:29.706+0700] {processor.py:208} INFO - Processing /home/dataengineer/.pyenv/versions/3.9.21/lib/python3.9/site-packages/airflow/example_dags/example_dataset_alias.py took 0.085 seconds
[2025-03-08T02:33:28.685+0700] {processor.py:186} INFO - Started process (PID=69344) to work on /home/dataengineer/.pyenv/versions/3.9.21/lib/python3.9/site-packages/airflow/example_dags/example_dataset_alias.py
[2025-03-08T02:33:28.687+0700] {processor.py:914} INFO - Processing file /home/dataengineer/.pyenv/versions/3.9.21/lib/python3.9/site-packages/airflow/example_dags/example_dataset_alias.py for tasks to queue
[2025-03-08T02:33:28.688+0700] {logging_mixin.py:190} INFO - [2025-03-08T02:33:28.688+0700] {dagbag.py:588} INFO - Filling up the DagBag from /home/dataengineer/.pyenv/versions/3.9.21/lib/python3.9/site-packages/airflow/example_dags/example_dataset_alias.py
[2025-03-08T02:33:28.709+0700] {processor.py:925} INFO - DAG(s) 'dataset_s3_bucket_consumer', 'dataset_alias_example_alias_consumer', 'dataset_s3_bucket_producer', 'dataset_alias_example_alias_producer' retrieved from /home/dataengineer/.pyenv/versions/3.9.21/lib/python3.9/site-packages/airflow/example_dags/example_dataset_alias.py
[2025-03-08T02:33:28.727+0700] {logging_mixin.py:190} INFO - [2025-03-08T02:33:28.727+0700] {dag.py:3239} INFO - Sync 4 DAGs
[2025-03-08T02:33:28.747+0700] {logging_mixin.py:190} INFO - [2025-03-08T02:33:28.746+0700] {dag.py:4180} INFO - Setting next_dagrun for dataset_alias_example_alias_consumer to None, run_after=None
[2025-03-08T02:33:28.749+0700] {logging_mixin.py:190} INFO - [2025-03-08T02:33:28.748+0700] {dag.py:4180} INFO - Setting next_dagrun for dataset_alias_example_alias_producer to None, run_after=None
[2025-03-08T02:33:28.750+0700] {logging_mixin.py:190} INFO - [2025-03-08T02:33:28.749+0700] {dag.py:4180} INFO - Setting next_dagrun for dataset_s3_bucket_consumer to None, run_after=None
[2025-03-08T02:33:28.751+0700] {logging_mixin.py:190} INFO - [2025-03-08T02:33:28.751+0700] {dag.py:4180} INFO - Setting next_dagrun for dataset_s3_bucket_producer to None, run_after=None
[2025-03-08T02:33:28.775+0700] {processor.py:208} INFO - Processing /home/dataengineer/.pyenv/versions/3.9.21/lib/python3.9/site-packages/airflow/example_dags/example_dataset_alias.py took 0.095 seconds
[2025-03-08T02:35:03.305+0700] {processor.py:186} INFO - Started process (PID=70429) to work on /home/dataengineer/.pyenv/versions/3.9.21/lib/python3.9/site-packages/airflow/example_dags/example_dataset_alias.py
[2025-03-08T02:35:03.306+0700] {processor.py:914} INFO - Processing file /home/dataengineer/.pyenv/versions/3.9.21/lib/python3.9/site-packages/airflow/example_dags/example_dataset_alias.py for tasks to queue
[2025-03-08T02:35:03.308+0700] {logging_mixin.py:190} INFO - [2025-03-08T02:35:03.307+0700] {dagbag.py:588} INFO - Filling up the DagBag from /home/dataengineer/.pyenv/versions/3.9.21/lib/python3.9/site-packages/airflow/example_dags/example_dataset_alias.py
[2025-03-08T02:35:03.327+0700] {processor.py:925} INFO - DAG(s) 'dataset_alias_example_alias_producer', 'dataset_s3_bucket_producer', 'dataset_alias_example_alias_consumer', 'dataset_s3_bucket_consumer' retrieved from /home/dataengineer/.pyenv/versions/3.9.21/lib/python3.9/site-packages/airflow/example_dags/example_dataset_alias.py
[2025-03-08T02:35:03.345+0700] {logging_mixin.py:190} INFO - [2025-03-08T02:35:03.345+0700] {dag.py:3239} INFO - Sync 4 DAGs
[2025-03-08T02:35:03.363+0700] {logging_mixin.py:190} INFO - [2025-03-08T02:35:03.363+0700] {dag.py:4180} INFO - Setting next_dagrun for dataset_alias_example_alias_consumer to None, run_after=None
[2025-03-08T02:35:03.365+0700] {logging_mixin.py:190} INFO - [2025-03-08T02:35:03.365+0700] {dag.py:4180} INFO - Setting next_dagrun for dataset_alias_example_alias_producer to None, run_after=None
[2025-03-08T02:35:03.366+0700] {logging_mixin.py:190} INFO - [2025-03-08T02:35:03.366+0700] {dag.py:4180} INFO - Setting next_dagrun for dataset_s3_bucket_consumer to None, run_after=None
[2025-03-08T02:35:03.367+0700] {logging_mixin.py:190} INFO - [2025-03-08T02:35:03.367+0700] {dag.py:4180} INFO - Setting next_dagrun for dataset_s3_bucket_producer to None, run_after=None
[2025-03-08T02:35:03.389+0700] {processor.py:208} INFO - Processing /home/dataengineer/.pyenv/versions/3.9.21/lib/python3.9/site-packages/airflow/example_dags/example_dataset_alias.py took 0.089 seconds
[2025-03-08T02:36:03.981+0700] {processor.py:186} INFO - Started process (PID=70855) to work on /home/dataengineer/.pyenv/versions/3.9.21/lib/python3.9/site-packages/airflow/example_dags/example_dataset_alias.py
[2025-03-08T02:36:03.982+0700] {processor.py:914} INFO - Processing file /home/dataengineer/.pyenv/versions/3.9.21/lib/python3.9/site-packages/airflow/example_dags/example_dataset_alias.py for tasks to queue
[2025-03-08T02:36:03.984+0700] {logging_mixin.py:190} INFO - [2025-03-08T02:36:03.984+0700] {dagbag.py:588} INFO - Filling up the DagBag from /home/dataengineer/.pyenv/versions/3.9.21/lib/python3.9/site-packages/airflow/example_dags/example_dataset_alias.py
[2025-03-08T02:36:04.003+0700] {processor.py:925} INFO - DAG(s) 'dataset_alias_example_alias_consumer', 'dataset_s3_bucket_producer', 'dataset_s3_bucket_consumer', 'dataset_alias_example_alias_producer' retrieved from /home/dataengineer/.pyenv/versions/3.9.21/lib/python3.9/site-packages/airflow/example_dags/example_dataset_alias.py
[2025-03-08T02:36:04.020+0700] {logging_mixin.py:190} INFO - [2025-03-08T02:36:04.020+0700] {dag.py:3239} INFO - Sync 4 DAGs
[2025-03-08T02:36:04.039+0700] {logging_mixin.py:190} INFO - [2025-03-08T02:36:04.038+0700] {dag.py:4180} INFO - Setting next_dagrun for dataset_alias_example_alias_consumer to None, run_after=None
[2025-03-08T02:36:04.041+0700] {logging_mixin.py:190} INFO - [2025-03-08T02:36:04.041+0700] {dag.py:4180} INFO - Setting next_dagrun for dataset_alias_example_alias_producer to None, run_after=None
[2025-03-08T02:36:04.042+0700] {logging_mixin.py:190} INFO - [2025-03-08T02:36:04.042+0700] {dag.py:4180} INFO - Setting next_dagrun for dataset_s3_bucket_consumer to None, run_after=None
[2025-03-08T02:36:04.042+0700] {logging_mixin.py:190} INFO - [2025-03-08T02:36:04.042+0700] {dag.py:4180} INFO - Setting next_dagrun for dataset_s3_bucket_producer to None, run_after=None
[2025-03-08T02:36:04.063+0700] {processor.py:208} INFO - Processing /home/dataengineer/.pyenv/versions/3.9.21/lib/python3.9/site-packages/airflow/example_dags/example_dataset_alias.py took 0.087 seconds
[2025-03-08T02:37:04.707+0700] {processor.py:186} INFO - Started process (PID=71302) to work on /home/dataengineer/.pyenv/versions/3.9.21/lib/python3.9/site-packages/airflow/example_dags/example_dataset_alias.py
[2025-03-08T02:37:04.709+0700] {processor.py:914} INFO - Processing file /home/dataengineer/.pyenv/versions/3.9.21/lib/python3.9/site-packages/airflow/example_dags/example_dataset_alias.py for tasks to queue
[2025-03-08T02:37:04.711+0700] {logging_mixin.py:190} INFO - [2025-03-08T02:37:04.710+0700] {dagbag.py:588} INFO - Filling up the DagBag from /home/dataengineer/.pyenv/versions/3.9.21/lib/python3.9/site-packages/airflow/example_dags/example_dataset_alias.py
[2025-03-08T02:37:04.730+0700] {processor.py:925} INFO - DAG(s) 'dataset_alias_example_alias_producer', 'dataset_s3_bucket_producer', 'dataset_alias_example_alias_consumer', 'dataset_s3_bucket_consumer' retrieved from /home/dataengineer/.pyenv/versions/3.9.21/lib/python3.9/site-packages/airflow/example_dags/example_dataset_alias.py
[2025-03-08T02:37:04.748+0700] {logging_mixin.py:190} INFO - [2025-03-08T02:37:04.748+0700] {dag.py:3239} INFO - Sync 4 DAGs
[2025-03-08T02:37:04.767+0700] {logging_mixin.py:190} INFO - [2025-03-08T02:37:04.766+0700] {dag.py:4180} INFO - Setting next_dagrun for dataset_alias_example_alias_consumer to None, run_after=None
[2025-03-08T02:37:04.769+0700] {logging_mixin.py:190} INFO - [2025-03-08T02:37:04.769+0700] {dag.py:4180} INFO - Setting next_dagrun for dataset_alias_example_alias_producer to None, run_after=None
[2025-03-08T02:37:04.770+0700] {logging_mixin.py:190} INFO - [2025-03-08T02:37:04.769+0700] {dag.py:4180} INFO - Setting next_dagrun for dataset_s3_bucket_consumer to None, run_after=None
[2025-03-08T02:37:04.771+0700] {logging_mixin.py:190} INFO - [2025-03-08T02:37:04.770+0700] {dag.py:4180} INFO - Setting next_dagrun for dataset_s3_bucket_producer to None, run_after=None
[2025-03-08T02:37:04.796+0700] {processor.py:208} INFO - Processing /home/dataengineer/.pyenv/versions/3.9.21/lib/python3.9/site-packages/airflow/example_dags/example_dataset_alias.py took 0.095 seconds
[2025-03-08T02:38:09.750+0700] {processor.py:186} INFO - Started process (PID=71741) to work on /home/dataengineer/.pyenv/versions/3.9.21/lib/python3.9/site-packages/airflow/example_dags/example_dataset_alias.py
[2025-03-08T02:38:09.751+0700] {processor.py:914} INFO - Processing file /home/dataengineer/.pyenv/versions/3.9.21/lib/python3.9/site-packages/airflow/example_dags/example_dataset_alias.py for tasks to queue
[2025-03-08T02:38:09.753+0700] {logging_mixin.py:190} INFO - [2025-03-08T02:38:09.753+0700] {dagbag.py:588} INFO - Filling up the DagBag from /home/dataengineer/.pyenv/versions/3.9.21/lib/python3.9/site-packages/airflow/example_dags/example_dataset_alias.py
[2025-03-08T02:38:09.776+0700] {processor.py:925} INFO - DAG(s) 'dataset_alias_example_alias_producer', 'dataset_s3_bucket_consumer', 'dataset_s3_bucket_producer', 'dataset_alias_example_alias_consumer' retrieved from /home/dataengineer/.pyenv/versions/3.9.21/lib/python3.9/site-packages/airflow/example_dags/example_dataset_alias.py
[2025-03-08T02:38:09.794+0700] {logging_mixin.py:190} INFO - [2025-03-08T02:38:09.794+0700] {dag.py:3239} INFO - Sync 4 DAGs
[2025-03-08T02:38:09.813+0700] {logging_mixin.py:190} INFO - [2025-03-08T02:38:09.813+0700] {dag.py:4180} INFO - Setting next_dagrun for dataset_alias_example_alias_consumer to None, run_after=None
[2025-03-08T02:38:09.815+0700] {logging_mixin.py:190} INFO - [2025-03-08T02:38:09.815+0700] {dag.py:4180} INFO - Setting next_dagrun for dataset_alias_example_alias_producer to None, run_after=None
[2025-03-08T02:38:09.816+0700] {logging_mixin.py:190} INFO - [2025-03-08T02:38:09.816+0700] {dag.py:4180} INFO - Setting next_dagrun for dataset_s3_bucket_consumer to None, run_after=None
[2025-03-08T02:38:09.817+0700] {logging_mixin.py:190} INFO - [2025-03-08T02:38:09.817+0700] {dag.py:4180} INFO - Setting next_dagrun for dataset_s3_bucket_producer to None, run_after=None
[2025-03-08T02:38:09.840+0700] {processor.py:208} INFO - Processing /home/dataengineer/.pyenv/versions/3.9.21/lib/python3.9/site-packages/airflow/example_dags/example_dataset_alias.py took 0.096 seconds
[2025-03-08T02:39:08.951+0700] {processor.py:186} INFO - Started process (PID=72480) to work on /home/dataengineer/.pyenv/versions/3.9.21/lib/python3.9/site-packages/airflow/example_dags/example_dataset_alias.py
[2025-03-08T02:39:08.954+0700] {processor.py:914} INFO - Processing file /home/dataengineer/.pyenv/versions/3.9.21/lib/python3.9/site-packages/airflow/example_dags/example_dataset_alias.py for tasks to queue
[2025-03-08T02:39:08.956+0700] {logging_mixin.py:190} INFO - [2025-03-08T02:39:08.955+0700] {dagbag.py:588} INFO - Filling up the DagBag from /home/dataengineer/.pyenv/versions/3.9.21/lib/python3.9/site-packages/airflow/example_dags/example_dataset_alias.py
[2025-03-08T02:39:08.983+0700] {processor.py:925} INFO - DAG(s) 'dataset_s3_bucket_producer', 'dataset_alias_example_alias_consumer', 'dataset_alias_example_alias_producer', 'dataset_s3_bucket_consumer' retrieved from /home/dataengineer/.pyenv/versions/3.9.21/lib/python3.9/site-packages/airflow/example_dags/example_dataset_alias.py
[2025-03-08T02:39:09.014+0700] {logging_mixin.py:190} INFO - [2025-03-08T02:39:09.014+0700] {dag.py:3239} INFO - Sync 4 DAGs
[2025-03-08T02:39:09.041+0700] {logging_mixin.py:190} INFO - [2025-03-08T02:39:09.041+0700] {dag.py:4180} INFO - Setting next_dagrun for dataset_alias_example_alias_consumer to None, run_after=None
[2025-03-08T02:39:09.045+0700] {logging_mixin.py:190} INFO - [2025-03-08T02:39:09.045+0700] {dag.py:4180} INFO - Setting next_dagrun for dataset_alias_example_alias_producer to None, run_after=None
[2025-03-08T02:39:09.046+0700] {logging_mixin.py:190} INFO - [2025-03-08T02:39:09.046+0700] {dag.py:4180} INFO - Setting next_dagrun for dataset_s3_bucket_consumer to None, run_after=None
[2025-03-08T02:39:09.047+0700] {logging_mixin.py:190} INFO - [2025-03-08T02:39:09.047+0700] {dag.py:4180} INFO - Setting next_dagrun for dataset_s3_bucket_producer to None, run_after=None
[2025-03-08T02:39:09.072+0700] {processor.py:208} INFO - Processing /home/dataengineer/.pyenv/versions/3.9.21/lib/python3.9/site-packages/airflow/example_dags/example_dataset_alias.py took 0.128 seconds
