[2025-03-08T00:56:40.189+0700] {processor.py:186} INFO - Started process (PID=36330) to work on /home/dataengineer/.pyenv/versions/3.9.21/lib/python3.9/site-packages/airflow/example_dags/example_sla_dag.py
[2025-03-08T00:56:40.191+0700] {processor.py:914} INFO - Processing file /home/dataengineer/.pyenv/versions/3.9.21/lib/python3.9/site-packages/airflow/example_dags/example_sla_dag.py for tasks to queue
[2025-03-08T00:56:40.193+0700] {logging_mixin.py:190} INFO - [2025-03-08T00:56:40.193+0700] {dagbag.py:588} INFO - Filling up the DagBag from /home/dataengineer/.pyenv/versions/3.9.21/lib/python3.9/site-packages/airflow/example_dags/example_sla_dag.py
[2025-03-08T00:56:40.206+0700] {processor.py:925} INFO - DAG(s) 'example_sla_dag' retrieved from /home/dataengineer/.pyenv/versions/3.9.21/lib/python3.9/site-packages/airflow/example_dags/example_sla_dag.py
[2025-03-08T00:56:40.226+0700] {logging_mixin.py:190} INFO - [2025-03-08T00:56:40.225+0700] {dag.py:3239} INFO - Sync 1 DAGs
[2025-03-08T00:56:40.251+0700] {logging_mixin.py:190} INFO - [2025-03-08T00:56:40.251+0700] {dag.py:4180} INFO - Setting next_dagrun for example_sla_dag to 2025-03-07 17:54:00+00:00, run_after=2025-03-07 17:56:00+00:00
[2025-03-08T00:56:40.270+0700] {processor.py:208} INFO - Processing /home/dataengineer/.pyenv/versions/3.9.21/lib/python3.9/site-packages/airflow/example_dags/example_sla_dag.py took 0.086 seconds
[2025-03-08T00:57:45.802+0700] {processor.py:186} INFO - Started process (PID=36963) to work on /home/dataengineer/.pyenv/versions/3.9.21/lib/python3.9/site-packages/airflow/example_dags/example_sla_dag.py
[2025-03-08T00:57:45.803+0700] {processor.py:914} INFO - Processing file /home/dataengineer/.pyenv/versions/3.9.21/lib/python3.9/site-packages/airflow/example_dags/example_sla_dag.py for tasks to queue
[2025-03-08T00:57:45.806+0700] {logging_mixin.py:190} INFO - [2025-03-08T00:57:45.805+0700] {dagbag.py:588} INFO - Filling up the DagBag from /home/dataengineer/.pyenv/versions/3.9.21/lib/python3.9/site-packages/airflow/example_dags/example_sla_dag.py
[2025-03-08T00:57:45.820+0700] {processor.py:925} INFO - DAG(s) 'example_sla_dag' retrieved from /home/dataengineer/.pyenv/versions/3.9.21/lib/python3.9/site-packages/airflow/example_dags/example_sla_dag.py
[2025-03-08T00:57:45.836+0700] {logging_mixin.py:190} INFO - [2025-03-08T00:57:45.836+0700] {dag.py:3239} INFO - Sync 1 DAGs
[2025-03-08T00:57:45.865+0700] {logging_mixin.py:190} INFO - [2025-03-08T00:57:45.865+0700] {dag.py:4180} INFO - Setting next_dagrun for example_sla_dag to 2025-03-07 17:54:00+00:00, run_after=2025-03-07 17:56:00+00:00
[2025-03-08T00:57:45.886+0700] {processor.py:208} INFO - Processing /home/dataengineer/.pyenv/versions/3.9.21/lib/python3.9/site-packages/airflow/example_dags/example_sla_dag.py took 0.090 seconds
[2025-03-08T00:58:47.429+0700] {processor.py:186} INFO - Started process (PID=37454) to work on /home/dataengineer/.pyenv/versions/3.9.21/lib/python3.9/site-packages/airflow/example_dags/example_sla_dag.py
[2025-03-08T00:58:47.430+0700] {processor.py:914} INFO - Processing file /home/dataengineer/.pyenv/versions/3.9.21/lib/python3.9/site-packages/airflow/example_dags/example_sla_dag.py for tasks to queue
[2025-03-08T00:58:47.433+0700] {logging_mixin.py:190} INFO - [2025-03-08T00:58:47.432+0700] {dagbag.py:588} INFO - Filling up the DagBag from /home/dataengineer/.pyenv/versions/3.9.21/lib/python3.9/site-packages/airflow/example_dags/example_sla_dag.py
[2025-03-08T00:58:47.442+0700] {processor.py:925} INFO - DAG(s) 'example_sla_dag' retrieved from /home/dataengineer/.pyenv/versions/3.9.21/lib/python3.9/site-packages/airflow/example_dags/example_sla_dag.py
[2025-03-08T00:58:47.455+0700] {logging_mixin.py:190} INFO - [2025-03-08T00:58:47.454+0700] {dag.py:3239} INFO - Sync 1 DAGs
[2025-03-08T00:58:47.475+0700] {logging_mixin.py:190} INFO - [2025-03-08T00:58:47.475+0700] {dag.py:4180} INFO - Setting next_dagrun for example_sla_dag to 2025-03-07 17:56:00+00:00, run_after=2025-03-07 17:58:00+00:00
[2025-03-08T00:58:47.494+0700] {processor.py:208} INFO - Processing /home/dataengineer/.pyenv/versions/3.9.21/lib/python3.9/site-packages/airflow/example_dags/example_sla_dag.py took 0.071 seconds
[2025-03-08T00:59:49.009+0700] {processor.py:186} INFO - Started process (PID=37881) to work on /home/dataengineer/.pyenv/versions/3.9.21/lib/python3.9/site-packages/airflow/example_dags/example_sla_dag.py
[2025-03-08T00:59:49.010+0700] {processor.py:914} INFO - Processing file /home/dataengineer/.pyenv/versions/3.9.21/lib/python3.9/site-packages/airflow/example_dags/example_sla_dag.py for tasks to queue
[2025-03-08T00:59:49.013+0700] {logging_mixin.py:190} INFO - [2025-03-08T00:59:49.012+0700] {dagbag.py:588} INFO - Filling up the DagBag from /home/dataengineer/.pyenv/versions/3.9.21/lib/python3.9/site-packages/airflow/example_dags/example_sla_dag.py
[2025-03-08T00:59:49.023+0700] {processor.py:925} INFO - DAG(s) 'example_sla_dag' retrieved from /home/dataengineer/.pyenv/versions/3.9.21/lib/python3.9/site-packages/airflow/example_dags/example_sla_dag.py
[2025-03-08T00:59:49.038+0700] {logging_mixin.py:190} INFO - [2025-03-08T00:59:49.037+0700] {dag.py:3239} INFO - Sync 1 DAGs
[2025-03-08T00:59:49.065+0700] {logging_mixin.py:190} INFO - [2025-03-08T00:59:49.065+0700] {dag.py:4180} INFO - Setting next_dagrun for example_sla_dag to 2025-03-07 17:56:00+00:00, run_after=2025-03-07 17:58:00+00:00
[2025-03-08T00:59:49.085+0700] {processor.py:208} INFO - Processing /home/dataengineer/.pyenv/versions/3.9.21/lib/python3.9/site-packages/airflow/example_dags/example_sla_dag.py took 0.082 seconds
[2025-03-08T01:00:50.372+0700] {processor.py:186} INFO - Started process (PID=38313) to work on /home/dataengineer/.pyenv/versions/3.9.21/lib/python3.9/site-packages/airflow/example_dags/example_sla_dag.py
[2025-03-08T01:00:50.373+0700] {processor.py:914} INFO - Processing file /home/dataengineer/.pyenv/versions/3.9.21/lib/python3.9/site-packages/airflow/example_dags/example_sla_dag.py for tasks to queue
[2025-03-08T01:00:50.375+0700] {logging_mixin.py:190} INFO - [2025-03-08T01:00:50.375+0700] {dagbag.py:588} INFO - Filling up the DagBag from /home/dataengineer/.pyenv/versions/3.9.21/lib/python3.9/site-packages/airflow/example_dags/example_sla_dag.py
[2025-03-08T01:00:50.386+0700] {processor.py:925} INFO - DAG(s) 'example_sla_dag' retrieved from /home/dataengineer/.pyenv/versions/3.9.21/lib/python3.9/site-packages/airflow/example_dags/example_sla_dag.py
[2025-03-08T01:00:50.397+0700] {logging_mixin.py:190} INFO - [2025-03-08T01:00:50.397+0700] {dag.py:3239} INFO - Sync 1 DAGs
[2025-03-08T01:00:50.417+0700] {logging_mixin.py:190} INFO - [2025-03-08T01:00:50.417+0700] {dag.py:4180} INFO - Setting next_dagrun for example_sla_dag to 2025-03-07 17:58:00+00:00, run_after=2025-03-07 18:00:00+00:00
[2025-03-08T01:00:50.436+0700] {processor.py:208} INFO - Processing /home/dataengineer/.pyenv/versions/3.9.21/lib/python3.9/site-packages/airflow/example_dags/example_sla_dag.py took 0.069 seconds
[2025-03-08T01:01:52.300+0700] {processor.py:186} INFO - Started process (PID=38768) to work on /home/dataengineer/.pyenv/versions/3.9.21/lib/python3.9/site-packages/airflow/example_dags/example_sla_dag.py
[2025-03-08T01:01:52.301+0700] {processor.py:914} INFO - Processing file /home/dataengineer/.pyenv/versions/3.9.21/lib/python3.9/site-packages/airflow/example_dags/example_sla_dag.py for tasks to queue
[2025-03-08T01:01:52.304+0700] {logging_mixin.py:190} INFO - [2025-03-08T01:01:52.303+0700] {dagbag.py:588} INFO - Filling up the DagBag from /home/dataengineer/.pyenv/versions/3.9.21/lib/python3.9/site-packages/airflow/example_dags/example_sla_dag.py
[2025-03-08T01:01:52.315+0700] {processor.py:925} INFO - DAG(s) 'example_sla_dag' retrieved from /home/dataengineer/.pyenv/versions/3.9.21/lib/python3.9/site-packages/airflow/example_dags/example_sla_dag.py
[2025-03-08T01:01:52.330+0700] {logging_mixin.py:190} INFO - [2025-03-08T01:01:52.330+0700] {dag.py:3239} INFO - Sync 1 DAGs
[2025-03-08T01:01:52.355+0700] {logging_mixin.py:190} INFO - [2025-03-08T01:01:52.355+0700] {dag.py:4180} INFO - Setting next_dagrun for example_sla_dag to 2025-03-07 17:58:00+00:00, run_after=2025-03-07 18:00:00+00:00
[2025-03-08T01:01:52.374+0700] {processor.py:208} INFO - Processing /home/dataengineer/.pyenv/versions/3.9.21/lib/python3.9/site-packages/airflow/example_dags/example_sla_dag.py took 0.081 seconds
[2025-03-08T01:02:54.087+0700] {processor.py:186} INFO - Started process (PID=39292) to work on /home/dataengineer/.pyenv/versions/3.9.21/lib/python3.9/site-packages/airflow/example_dags/example_sla_dag.py
[2025-03-08T01:02:54.088+0700] {processor.py:914} INFO - Processing file /home/dataengineer/.pyenv/versions/3.9.21/lib/python3.9/site-packages/airflow/example_dags/example_sla_dag.py for tasks to queue
[2025-03-08T01:02:54.090+0700] {logging_mixin.py:190} INFO - [2025-03-08T01:02:54.090+0700] {dagbag.py:588} INFO - Filling up the DagBag from /home/dataengineer/.pyenv/versions/3.9.21/lib/python3.9/site-packages/airflow/example_dags/example_sla_dag.py
[2025-03-08T01:02:54.099+0700] {processor.py:925} INFO - DAG(s) 'example_sla_dag' retrieved from /home/dataengineer/.pyenv/versions/3.9.21/lib/python3.9/site-packages/airflow/example_dags/example_sla_dag.py
[2025-03-08T01:02:54.110+0700] {logging_mixin.py:190} INFO - [2025-03-08T01:02:54.110+0700] {dag.py:3239} INFO - Sync 1 DAGs
[2025-03-08T01:02:54.130+0700] {logging_mixin.py:190} INFO - [2025-03-08T01:02:54.130+0700] {dag.py:4180} INFO - Setting next_dagrun for example_sla_dag to 2025-03-07 18:00:00+00:00, run_after=2025-03-07 18:02:00+00:00
[2025-03-08T01:02:54.149+0700] {processor.py:208} INFO - Processing /home/dataengineer/.pyenv/versions/3.9.21/lib/python3.9/site-packages/airflow/example_dags/example_sla_dag.py took 0.067 seconds
[2025-03-08T01:03:54.469+0700] {processor.py:186} INFO - Started process (PID=40086) to work on /home/dataengineer/.pyenv/versions/3.9.21/lib/python3.9/site-packages/airflow/example_dags/example_sla_dag.py
[2025-03-08T01:03:54.470+0700] {processor.py:914} INFO - Processing file /home/dataengineer/.pyenv/versions/3.9.21/lib/python3.9/site-packages/airflow/example_dags/example_sla_dag.py for tasks to queue
[2025-03-08T01:03:54.472+0700] {logging_mixin.py:190} INFO - [2025-03-08T01:03:54.472+0700] {dagbag.py:588} INFO - Filling up the DagBag from /home/dataengineer/.pyenv/versions/3.9.21/lib/python3.9/site-packages/airflow/example_dags/example_sla_dag.py
[2025-03-08T01:03:54.482+0700] {processor.py:925} INFO - DAG(s) 'example_sla_dag' retrieved from /home/dataengineer/.pyenv/versions/3.9.21/lib/python3.9/site-packages/airflow/example_dags/example_sla_dag.py
[2025-03-08T01:03:54.494+0700] {logging_mixin.py:190} INFO - [2025-03-08T01:03:54.494+0700] {dag.py:3239} INFO - Sync 1 DAGs
[2025-03-08T01:03:54.514+0700] {logging_mixin.py:190} INFO - [2025-03-08T01:03:54.514+0700] {dag.py:4180} INFO - Setting next_dagrun for example_sla_dag to 2025-03-07 18:00:00+00:00, run_after=2025-03-07 18:02:00+00:00
[2025-03-08T01:03:54.533+0700] {processor.py:208} INFO - Processing /home/dataengineer/.pyenv/versions/3.9.21/lib/python3.9/site-packages/airflow/example_dags/example_sla_dag.py took 0.069 seconds
[2025-03-08T01:04:55.145+0700] {processor.py:186} INFO - Started process (PID=42046) to work on /home/dataengineer/.pyenv/versions/3.9.21/lib/python3.9/site-packages/airflow/example_dags/example_sla_dag.py
[2025-03-08T01:04:55.146+0700] {processor.py:914} INFO - Processing file /home/dataengineer/.pyenv/versions/3.9.21/lib/python3.9/site-packages/airflow/example_dags/example_sla_dag.py for tasks to queue
[2025-03-08T01:04:55.148+0700] {logging_mixin.py:190} INFO - [2025-03-08T01:04:55.148+0700] {dagbag.py:588} INFO - Filling up the DagBag from /home/dataengineer/.pyenv/versions/3.9.21/lib/python3.9/site-packages/airflow/example_dags/example_sla_dag.py
[2025-03-08T01:04:55.158+0700] {processor.py:925} INFO - DAG(s) 'example_sla_dag' retrieved from /home/dataengineer/.pyenv/versions/3.9.21/lib/python3.9/site-packages/airflow/example_dags/example_sla_dag.py
[2025-03-08T01:04:55.170+0700] {logging_mixin.py:190} INFO - [2025-03-08T01:04:55.170+0700] {dag.py:3239} INFO - Sync 1 DAGs
[2025-03-08T01:04:55.191+0700] {logging_mixin.py:190} INFO - [2025-03-08T01:04:55.191+0700] {dag.py:4180} INFO - Setting next_dagrun for example_sla_dag to 2025-03-07 18:02:00+00:00, run_after=2025-03-07 18:04:00+00:00
[2025-03-08T01:04:55.213+0700] {processor.py:208} INFO - Processing /home/dataengineer/.pyenv/versions/3.9.21/lib/python3.9/site-packages/airflow/example_dags/example_sla_dag.py took 0.073 seconds
[2025-03-08T02:20:15.823+0700] {processor.py:186} INFO - Started process (PID=63563) to work on /home/dataengineer/.pyenv/versions/3.9.21/lib/python3.9/site-packages/airflow/example_dags/example_sla_dag.py
[2025-03-08T02:20:15.825+0700] {processor.py:914} INFO - Processing file /home/dataengineer/.pyenv/versions/3.9.21/lib/python3.9/site-packages/airflow/example_dags/example_sla_dag.py for tasks to queue
[2025-03-08T02:20:15.826+0700] {logging_mixin.py:190} INFO - [2025-03-08T02:20:15.826+0700] {dagbag.py:588} INFO - Filling up the DagBag from /home/dataengineer/.pyenv/versions/3.9.21/lib/python3.9/site-packages/airflow/example_dags/example_sla_dag.py
[2025-03-08T02:20:15.836+0700] {processor.py:925} INFO - DAG(s) 'example_sla_dag' retrieved from /home/dataengineer/.pyenv/versions/3.9.21/lib/python3.9/site-packages/airflow/example_dags/example_sla_dag.py
[2025-03-08T02:20:15.854+0700] {logging_mixin.py:190} INFO - [2025-03-08T02:20:15.854+0700] {dag.py:3239} INFO - Sync 1 DAGs
[2025-03-08T02:20:15.875+0700] {logging_mixin.py:190} INFO - [2025-03-08T02:20:15.875+0700] {dag.py:4180} INFO - Setting next_dagrun for example_sla_dag to 2025-03-07 19:18:00+00:00, run_after=2025-03-07 19:20:00+00:00
[2025-03-08T02:20:15.894+0700] {processor.py:208} INFO - Processing /home/dataengineer/.pyenv/versions/3.9.21/lib/python3.9/site-packages/airflow/example_dags/example_sla_dag.py took 0.076 seconds
[2025-03-08T02:27:00.051+0700] {processor.py:186} INFO - Started process (PID=66471) to work on /home/dataengineer/.pyenv/versions/3.9.21/lib/python3.9/site-packages/airflow/example_dags/example_sla_dag.py
[2025-03-08T02:27:00.053+0700] {processor.py:914} INFO - Processing file /home/dataengineer/.pyenv/versions/3.9.21/lib/python3.9/site-packages/airflow/example_dags/example_sla_dag.py for tasks to queue
[2025-03-08T02:27:00.055+0700] {logging_mixin.py:190} INFO - [2025-03-08T02:27:00.055+0700] {dagbag.py:588} INFO - Filling up the DagBag from /home/dataengineer/.pyenv/versions/3.9.21/lib/python3.9/site-packages/airflow/example_dags/example_sla_dag.py
[2025-03-08T02:27:00.067+0700] {processor.py:925} INFO - DAG(s) 'example_sla_dag' retrieved from /home/dataengineer/.pyenv/versions/3.9.21/lib/python3.9/site-packages/airflow/example_dags/example_sla_dag.py
[2025-03-08T02:27:00.086+0700] {logging_mixin.py:190} INFO - [2025-03-08T02:27:00.086+0700] {dag.py:3239} INFO - Sync 1 DAGs
[2025-03-08T02:27:00.108+0700] {logging_mixin.py:190} INFO - [2025-03-08T02:27:00.108+0700] {dag.py:4180} INFO - Setting next_dagrun for example_sla_dag to 2025-03-07 19:24:00+00:00, run_after=2025-03-07 19:26:00+00:00
[2025-03-08T02:27:00.128+0700] {processor.py:208} INFO - Processing /home/dataengineer/.pyenv/versions/3.9.21/lib/python3.9/site-packages/airflow/example_dags/example_sla_dag.py took 0.083 seconds
[2025-03-08T02:29:14.150+0700] {processor.py:186} INFO - Started process (PID=67342) to work on /home/dataengineer/.pyenv/versions/3.9.21/lib/python3.9/site-packages/airflow/example_dags/example_sla_dag.py
[2025-03-08T02:29:14.151+0700] {processor.py:914} INFO - Processing file /home/dataengineer/.pyenv/versions/3.9.21/lib/python3.9/site-packages/airflow/example_dags/example_sla_dag.py for tasks to queue
[2025-03-08T02:29:14.153+0700] {logging_mixin.py:190} INFO - [2025-03-08T02:29:14.153+0700] {dagbag.py:588} INFO - Filling up the DagBag from /home/dataengineer/.pyenv/versions/3.9.21/lib/python3.9/site-packages/airflow/example_dags/example_sla_dag.py
[2025-03-08T02:29:14.164+0700] {processor.py:925} INFO - DAG(s) 'example_sla_dag' retrieved from /home/dataengineer/.pyenv/versions/3.9.21/lib/python3.9/site-packages/airflow/example_dags/example_sla_dag.py
[2025-03-08T02:29:14.184+0700] {logging_mixin.py:190} INFO - [2025-03-08T02:29:14.184+0700] {dag.py:3239} INFO - Sync 1 DAGs
[2025-03-08T02:29:14.209+0700] {logging_mixin.py:190} INFO - [2025-03-08T02:29:14.209+0700] {dag.py:4180} INFO - Setting next_dagrun for example_sla_dag to 2025-03-07 19:26:00+00:00, run_after=2025-03-07 19:28:00+00:00
[2025-03-08T02:29:14.227+0700] {processor.py:208} INFO - Processing /home/dataengineer/.pyenv/versions/3.9.21/lib/python3.9/site-packages/airflow/example_dags/example_sla_dag.py took 0.084 seconds
[2025-03-08T02:30:11.180+0700] {processor.py:186} INFO - Started process (PID=67934) to work on /home/dataengineer/.pyenv/versions/3.9.21/lib/python3.9/site-packages/airflow/example_dags/example_sla_dag.py
[2025-03-08T02:30:11.181+0700] {processor.py:914} INFO - Processing file /home/dataengineer/.pyenv/versions/3.9.21/lib/python3.9/site-packages/airflow/example_dags/example_sla_dag.py for tasks to queue
[2025-03-08T02:30:11.182+0700] {logging_mixin.py:190} INFO - [2025-03-08T02:30:11.182+0700] {dagbag.py:588} INFO - Filling up the DagBag from /home/dataengineer/.pyenv/versions/3.9.21/lib/python3.9/site-packages/airflow/example_dags/example_sla_dag.py
[2025-03-08T02:30:11.192+0700] {processor.py:925} INFO - DAG(s) 'example_sla_dag' retrieved from /home/dataengineer/.pyenv/versions/3.9.21/lib/python3.9/site-packages/airflow/example_dags/example_sla_dag.py
[2025-03-08T02:30:11.204+0700] {logging_mixin.py:190} INFO - [2025-03-08T02:30:11.204+0700] {dag.py:3239} INFO - Sync 1 DAGs
[2025-03-08T02:30:11.226+0700] {logging_mixin.py:190} INFO - [2025-03-08T02:30:11.226+0700] {dag.py:4180} INFO - Setting next_dagrun for example_sla_dag to 2025-03-07 19:28:00+00:00, run_after=2025-03-07 19:30:00+00:00
[2025-03-08T02:30:11.244+0700] {processor.py:208} INFO - Processing /home/dataengineer/.pyenv/versions/3.9.21/lib/python3.9/site-packages/airflow/example_dags/example_sla_dag.py took 0.071 seconds
[2025-03-08T02:31:04.832+0700] {processor.py:186} INFO - Started process (PID=68253) to work on /home/dataengineer/.pyenv/versions/3.9.21/lib/python3.9/site-packages/airflow/example_dags/example_sla_dag.py
[2025-03-08T02:31:04.834+0700] {processor.py:914} INFO - Processing file /home/dataengineer/.pyenv/versions/3.9.21/lib/python3.9/site-packages/airflow/example_dags/example_sla_dag.py for tasks to queue
[2025-03-08T02:31:04.835+0700] {logging_mixin.py:190} INFO - [2025-03-08T02:31:04.834+0700] {dagbag.py:588} INFO - Filling up the DagBag from /home/dataengineer/.pyenv/versions/3.9.21/lib/python3.9/site-packages/airflow/example_dags/example_sla_dag.py
[2025-03-08T02:31:04.844+0700] {processor.py:925} INFO - DAG(s) 'example_sla_dag' retrieved from /home/dataengineer/.pyenv/versions/3.9.21/lib/python3.9/site-packages/airflow/example_dags/example_sla_dag.py
[2025-03-08T02:31:04.856+0700] {logging_mixin.py:190} INFO - [2025-03-08T02:31:04.856+0700] {dag.py:3239} INFO - Sync 1 DAGs
[2025-03-08T02:31:04.879+0700] {logging_mixin.py:190} INFO - [2025-03-08T02:31:04.879+0700] {dag.py:4180} INFO - Setting next_dagrun for example_sla_dag to 2025-03-07 19:28:00+00:00, run_after=2025-03-07 19:30:00+00:00
[2025-03-08T02:31:04.898+0700] {processor.py:208} INFO - Processing /home/dataengineer/.pyenv/versions/3.9.21/lib/python3.9/site-packages/airflow/example_dags/example_sla_dag.py took 0.071 seconds
[2025-03-08T02:31:59.280+0700] {processor.py:186} INFO - Started process (PID=68934) to work on /home/dataengineer/.pyenv/versions/3.9.21/lib/python3.9/site-packages/airflow/example_dags/example_sla_dag.py
[2025-03-08T02:31:59.281+0700] {processor.py:914} INFO - Processing file /home/dataengineer/.pyenv/versions/3.9.21/lib/python3.9/site-packages/airflow/example_dags/example_sla_dag.py for tasks to queue
[2025-03-08T02:31:59.282+0700] {logging_mixin.py:190} INFO - [2025-03-08T02:31:59.282+0700] {dagbag.py:588} INFO - Filling up the DagBag from /home/dataengineer/.pyenv/versions/3.9.21/lib/python3.9/site-packages/airflow/example_dags/example_sla_dag.py
[2025-03-08T02:31:59.293+0700] {processor.py:925} INFO - DAG(s) 'example_sla_dag' retrieved from /home/dataengineer/.pyenv/versions/3.9.21/lib/python3.9/site-packages/airflow/example_dags/example_sla_dag.py
[2025-03-08T02:31:59.306+0700] {logging_mixin.py:190} INFO - [2025-03-08T02:31:59.306+0700] {dag.py:3239} INFO - Sync 1 DAGs
[2025-03-08T02:31:59.329+0700] {logging_mixin.py:190} INFO - [2025-03-08T02:31:59.329+0700] {dag.py:4180} INFO - Setting next_dagrun for example_sla_dag to 2025-03-07 19:28:00+00:00, run_after=2025-03-07 19:30:00+00:00
[2025-03-08T02:31:59.347+0700] {processor.py:208} INFO - Processing /home/dataengineer/.pyenv/versions/3.9.21/lib/python3.9/site-packages/airflow/example_dags/example_sla_dag.py took 0.074 seconds
[2025-03-08T02:32:57.641+0700] {processor.py:186} INFO - Started process (PID=69194) to work on /home/dataengineer/.pyenv/versions/3.9.21/lib/python3.9/site-packages/airflow/example_dags/example_sla_dag.py
[2025-03-08T02:32:57.643+0700] {processor.py:914} INFO - Processing file /home/dataengineer/.pyenv/versions/3.9.21/lib/python3.9/site-packages/airflow/example_dags/example_sla_dag.py for tasks to queue
[2025-03-08T02:32:57.645+0700] {logging_mixin.py:190} INFO - [2025-03-08T02:32:57.645+0700] {dagbag.py:588} INFO - Filling up the DagBag from /home/dataengineer/.pyenv/versions/3.9.21/lib/python3.9/site-packages/airflow/example_dags/example_sla_dag.py
[2025-03-08T02:32:57.656+0700] {processor.py:925} INFO - DAG(s) 'example_sla_dag' retrieved from /home/dataengineer/.pyenv/versions/3.9.21/lib/python3.9/site-packages/airflow/example_dags/example_sla_dag.py
[2025-03-08T02:32:57.670+0700] {logging_mixin.py:190} INFO - [2025-03-08T02:32:57.670+0700] {dag.py:3239} INFO - Sync 1 DAGs
[2025-03-08T02:32:57.693+0700] {logging_mixin.py:190} INFO - [2025-03-08T02:32:57.692+0700] {dag.py:4180} INFO - Setting next_dagrun for example_sla_dag to 2025-03-07 19:30:00+00:00, run_after=2025-03-07 19:32:00+00:00
[2025-03-08T02:32:57.712+0700] {processor.py:208} INFO - Processing /home/dataengineer/.pyenv/versions/3.9.21/lib/python3.9/site-packages/airflow/example_dags/example_sla_dag.py took 0.076 seconds
[2025-03-08T02:33:52.619+0700] {processor.py:186} INFO - Started process (PID=69468) to work on /home/dataengineer/.pyenv/versions/3.9.21/lib/python3.9/site-packages/airflow/example_dags/example_sla_dag.py
[2025-03-08T02:33:52.621+0700] {processor.py:914} INFO - Processing file /home/dataengineer/.pyenv/versions/3.9.21/lib/python3.9/site-packages/airflow/example_dags/example_sla_dag.py for tasks to queue
[2025-03-08T02:33:52.622+0700] {logging_mixin.py:190} INFO - [2025-03-08T02:33:52.622+0700] {dagbag.py:588} INFO - Filling up the DagBag from /home/dataengineer/.pyenv/versions/3.9.21/lib/python3.9/site-packages/airflow/example_dags/example_sla_dag.py
[2025-03-08T02:33:52.633+0700] {processor.py:925} INFO - DAG(s) 'example_sla_dag' retrieved from /home/dataengineer/.pyenv/versions/3.9.21/lib/python3.9/site-packages/airflow/example_dags/example_sla_dag.py
[2025-03-08T02:33:52.647+0700] {logging_mixin.py:190} INFO - [2025-03-08T02:33:52.647+0700] {dag.py:3239} INFO - Sync 1 DAGs
[2025-03-08T02:33:52.670+0700] {logging_mixin.py:190} INFO - [2025-03-08T02:33:52.670+0700] {dag.py:4180} INFO - Setting next_dagrun for example_sla_dag to 2025-03-07 19:30:00+00:00, run_after=2025-03-07 19:32:00+00:00
[2025-03-08T02:33:52.691+0700] {processor.py:208} INFO - Processing /home/dataengineer/.pyenv/versions/3.9.21/lib/python3.9/site-packages/airflow/example_dags/example_sla_dag.py took 0.078 seconds
[2025-03-08T02:34:37.638+0700] {processor.py:186} INFO - Started process (PID=70280) to work on /home/dataengineer/.pyenv/versions/3.9.21/lib/python3.9/site-packages/airflow/example_dags/example_sla_dag.py
[2025-03-08T02:34:37.639+0700] {processor.py:914} INFO - Processing file /home/dataengineer/.pyenv/versions/3.9.21/lib/python3.9/site-packages/airflow/example_dags/example_sla_dag.py for tasks to queue
[2025-03-08T02:34:37.641+0700] {logging_mixin.py:190} INFO - [2025-03-08T02:34:37.640+0700] {dagbag.py:588} INFO - Filling up the DagBag from /home/dataengineer/.pyenv/versions/3.9.21/lib/python3.9/site-packages/airflow/example_dags/example_sla_dag.py
[2025-03-08T02:34:37.652+0700] {processor.py:925} INFO - DAG(s) 'example_sla_dag' retrieved from /home/dataengineer/.pyenv/versions/3.9.21/lib/python3.9/site-packages/airflow/example_dags/example_sla_dag.py
[2025-03-08T02:34:37.671+0700] {logging_mixin.py:190} INFO - [2025-03-08T02:34:37.671+0700] {dag.py:3239} INFO - Sync 1 DAGs
[2025-03-08T02:34:37.694+0700] {logging_mixin.py:190} INFO - [2025-03-08T02:34:37.694+0700] {dag.py:4180} INFO - Setting next_dagrun for example_sla_dag to 2025-03-07 19:32:00+00:00, run_after=2025-03-07 19:34:00+00:00
[2025-03-08T02:34:37.716+0700] {processor.py:208} INFO - Processing /home/dataengineer/.pyenv/versions/3.9.21/lib/python3.9/site-packages/airflow/example_dags/example_sla_dag.py took 0.084 seconds
[2025-03-08T02:35:37.334+0700] {processor.py:186} INFO - Started process (PID=70746) to work on /home/dataengineer/.pyenv/versions/3.9.21/lib/python3.9/site-packages/airflow/example_dags/example_sla_dag.py
[2025-03-08T02:35:37.336+0700] {processor.py:914} INFO - Processing file /home/dataengineer/.pyenv/versions/3.9.21/lib/python3.9/site-packages/airflow/example_dags/example_sla_dag.py for tasks to queue
[2025-03-08T02:35:37.338+0700] {logging_mixin.py:190} INFO - [2025-03-08T02:35:37.338+0700] {dagbag.py:588} INFO - Filling up the DagBag from /home/dataengineer/.pyenv/versions/3.9.21/lib/python3.9/site-packages/airflow/example_dags/example_sla_dag.py
[2025-03-08T02:35:37.349+0700] {processor.py:925} INFO - DAG(s) 'example_sla_dag' retrieved from /home/dataengineer/.pyenv/versions/3.9.21/lib/python3.9/site-packages/airflow/example_dags/example_sla_dag.py
[2025-03-08T02:35:37.364+0700] {logging_mixin.py:190} INFO - [2025-03-08T02:35:37.364+0700] {dag.py:3239} INFO - Sync 1 DAGs
[2025-03-08T02:35:37.387+0700] {logging_mixin.py:190} INFO - [2025-03-08T02:35:37.387+0700] {dag.py:4180} INFO - Setting next_dagrun for example_sla_dag to 2025-03-07 19:32:00+00:00, run_after=2025-03-07 19:34:00+00:00
[2025-03-08T02:35:37.408+0700] {processor.py:208} INFO - Processing /home/dataengineer/.pyenv/versions/3.9.21/lib/python3.9/site-packages/airflow/example_dags/example_sla_dag.py took 0.079 seconds
[2025-03-08T02:36:40.094+0700] {processor.py:186} INFO - Started process (PID=71201) to work on /home/dataengineer/.pyenv/versions/3.9.21/lib/python3.9/site-packages/airflow/example_dags/example_sla_dag.py
[2025-03-08T02:36:40.095+0700] {processor.py:914} INFO - Processing file /home/dataengineer/.pyenv/versions/3.9.21/lib/python3.9/site-packages/airflow/example_dags/example_sla_dag.py for tasks to queue
[2025-03-08T02:36:40.097+0700] {logging_mixin.py:190} INFO - [2025-03-08T02:36:40.097+0700] {dagbag.py:588} INFO - Filling up the DagBag from /home/dataengineer/.pyenv/versions/3.9.21/lib/python3.9/site-packages/airflow/example_dags/example_sla_dag.py
[2025-03-08T02:36:40.107+0700] {processor.py:925} INFO - DAG(s) 'example_sla_dag' retrieved from /home/dataengineer/.pyenv/versions/3.9.21/lib/python3.9/site-packages/airflow/example_dags/example_sla_dag.py
[2025-03-08T02:36:40.121+0700] {logging_mixin.py:190} INFO - [2025-03-08T02:36:40.121+0700] {dag.py:3239} INFO - Sync 1 DAGs
[2025-03-08T02:36:40.146+0700] {logging_mixin.py:190} INFO - [2025-03-08T02:36:40.145+0700] {dag.py:4180} INFO - Setting next_dagrun for example_sla_dag to 2025-03-07 19:34:00+00:00, run_after=2025-03-07 19:36:00+00:00
[2025-03-08T02:36:40.170+0700] {processor.py:208} INFO - Processing /home/dataengineer/.pyenv/versions/3.9.21/lib/python3.9/site-packages/airflow/example_dags/example_sla_dag.py took 0.082 seconds
[2025-03-08T02:37:37.365+0700] {processor.py:186} INFO - Started process (PID=71438) to work on /home/dataengineer/.pyenv/versions/3.9.21/lib/python3.9/site-packages/airflow/example_dags/example_sla_dag.py
[2025-03-08T02:37:37.367+0700] {processor.py:914} INFO - Processing file /home/dataengineer/.pyenv/versions/3.9.21/lib/python3.9/site-packages/airflow/example_dags/example_sla_dag.py for tasks to queue
[2025-03-08T02:37:37.370+0700] {logging_mixin.py:190} INFO - [2025-03-08T02:37:37.370+0700] {dagbag.py:588} INFO - Filling up the DagBag from /home/dataengineer/.pyenv/versions/3.9.21/lib/python3.9/site-packages/airflow/example_dags/example_sla_dag.py
[2025-03-08T02:37:37.380+0700] {processor.py:925} INFO - DAG(s) 'example_sla_dag' retrieved from /home/dataengineer/.pyenv/versions/3.9.21/lib/python3.9/site-packages/airflow/example_dags/example_sla_dag.py
[2025-03-08T02:37:37.394+0700] {logging_mixin.py:190} INFO - [2025-03-08T02:37:37.393+0700] {dag.py:3239} INFO - Sync 1 DAGs
[2025-03-08T02:37:37.419+0700] {logging_mixin.py:190} INFO - [2025-03-08T02:37:37.419+0700] {dag.py:4180} INFO - Setting next_dagrun for example_sla_dag to 2025-03-07 19:34:00+00:00, run_after=2025-03-07 19:36:00+00:00
[2025-03-08T02:37:37.441+0700] {processor.py:208} INFO - Processing /home/dataengineer/.pyenv/versions/3.9.21/lib/python3.9/site-packages/airflow/example_dags/example_sla_dag.py took 0.081 seconds
[2025-03-08T02:38:44.177+0700] {processor.py:186} INFO - Started process (PID=72348) to work on /home/dataengineer/.pyenv/versions/3.9.21/lib/python3.9/site-packages/airflow/example_dags/example_sla_dag.py
[2025-03-08T02:38:44.178+0700] {processor.py:914} INFO - Processing file /home/dataengineer/.pyenv/versions/3.9.21/lib/python3.9/site-packages/airflow/example_dags/example_sla_dag.py for tasks to queue
[2025-03-08T02:38:44.181+0700] {logging_mixin.py:190} INFO - [2025-03-08T02:38:44.180+0700] {dagbag.py:588} INFO - Filling up the DagBag from /home/dataengineer/.pyenv/versions/3.9.21/lib/python3.9/site-packages/airflow/example_dags/example_sla_dag.py
[2025-03-08T02:38:44.192+0700] {processor.py:925} INFO - DAG(s) 'example_sla_dag' retrieved from /home/dataengineer/.pyenv/versions/3.9.21/lib/python3.9/site-packages/airflow/example_dags/example_sla_dag.py
[2025-03-08T02:38:44.214+0700] {logging_mixin.py:190} INFO - [2025-03-08T02:38:44.214+0700] {dag.py:3239} INFO - Sync 1 DAGs
[2025-03-08T02:38:44.239+0700] {logging_mixin.py:190} INFO - [2025-03-08T02:38:44.239+0700] {dag.py:4180} INFO - Setting next_dagrun for example_sla_dag to 2025-03-07 19:36:00+00:00, run_after=2025-03-07 19:38:00+00:00
[2025-03-08T02:38:44.258+0700] {processor.py:208} INFO - Processing /home/dataengineer/.pyenv/versions/3.9.21/lib/python3.9/site-packages/airflow/example_dags/example_sla_dag.py took 0.087 seconds
