[2025-03-08T00:57:20.908+0700] {processor.py:186} INFO - Started process (PID=36622) to work on /home/dataengineer/.pyenv/versions/3.9.21/lib/python3.9/site-packages/airflow/example_dags/example_python_decorator.py
[2025-03-08T00:57:20.909+0700] {processor.py:914} INFO - Processing file /home/dataengineer/.pyenv/versions/3.9.21/lib/python3.9/site-packages/airflow/example_dags/example_python_decorator.py for tasks to queue
[2025-03-08T00:57:20.911+0700] {logging_mixin.py:190} INFO - [2025-03-08T00:57:20.910+0700] {dagbag.py:588} INFO - Filling up the DagBag from /home/dataengineer/.pyenv/versions/3.9.21/lib/python3.9/site-packages/airflow/example_dags/example_python_decorator.py
[2025-03-08T00:57:21.002+0700] {logging_mixin.py:190} INFO - [2025-03-08T00:57:21.002+0700] {example_python_decorator.py:80} WARNING - The virtalenv_python example task requires virtualenv, please install it.
[2025-03-08T00:57:21.004+0700] {processor.py:925} INFO - DAG(s) 'example_python_decorator' retrieved from /home/dataengineer/.pyenv/versions/3.9.21/lib/python3.9/site-packages/airflow/example_dags/example_python_decorator.py
[2025-03-08T00:57:21.028+0700] {logging_mixin.py:190} INFO - [2025-03-08T00:57:21.028+0700] {dag.py:3239} INFO - Sync 1 DAGs
[2025-03-08T00:57:21.044+0700] {logging_mixin.py:190} INFO - [2025-03-08T00:57:21.044+0700] {dag.py:4180} INFO - Setting next_dagrun for example_python_decorator to None, run_after=None
[2025-03-08T00:57:21.063+0700] {processor.py:208} INFO - Processing /home/dataengineer/.pyenv/versions/3.9.21/lib/python3.9/site-packages/airflow/example_dags/example_python_decorator.py took 0.160 seconds
[2025-03-08T00:58:25.806+0700] {processor.py:186} INFO - Started process (PID=37184) to work on /home/dataengineer/.pyenv/versions/3.9.21/lib/python3.9/site-packages/airflow/example_dags/example_python_decorator.py
[2025-03-08T00:58:25.808+0700] {processor.py:914} INFO - Processing file /home/dataengineer/.pyenv/versions/3.9.21/lib/python3.9/site-packages/airflow/example_dags/example_python_decorator.py for tasks to queue
[2025-03-08T00:58:25.810+0700] {logging_mixin.py:190} INFO - [2025-03-08T00:58:25.809+0700] {dagbag.py:588} INFO - Filling up the DagBag from /home/dataengineer/.pyenv/versions/3.9.21/lib/python3.9/site-packages/airflow/example_dags/example_python_decorator.py
[2025-03-08T00:58:25.889+0700] {logging_mixin.py:190} INFO - [2025-03-08T00:58:25.889+0700] {example_python_decorator.py:80} WARNING - The virtalenv_python example task requires virtualenv, please install it.
[2025-03-08T00:58:25.892+0700] {processor.py:925} INFO - DAG(s) 'example_python_decorator' retrieved from /home/dataengineer/.pyenv/versions/3.9.21/lib/python3.9/site-packages/airflow/example_dags/example_python_decorator.py
[2025-03-08T00:58:25.906+0700] {logging_mixin.py:190} INFO - [2025-03-08T00:58:25.905+0700] {dag.py:3239} INFO - Sync 1 DAGs
[2025-03-08T00:58:25.917+0700] {logging_mixin.py:190} INFO - [2025-03-08T00:58:25.917+0700] {dag.py:4180} INFO - Setting next_dagrun for example_python_decorator to None, run_after=None
[2025-03-08T00:58:25.939+0700] {processor.py:208} INFO - Processing /home/dataengineer/.pyenv/versions/3.9.21/lib/python3.9/site-packages/airflow/example_dags/example_python_decorator.py took 0.138 seconds
[2025-03-08T00:59:28.194+0700] {processor.py:186} INFO - Started process (PID=37616) to work on /home/dataengineer/.pyenv/versions/3.9.21/lib/python3.9/site-packages/airflow/example_dags/example_python_decorator.py
[2025-03-08T00:59:28.195+0700] {processor.py:914} INFO - Processing file /home/dataengineer/.pyenv/versions/3.9.21/lib/python3.9/site-packages/airflow/example_dags/example_python_decorator.py for tasks to queue
[2025-03-08T00:59:28.198+0700] {logging_mixin.py:190} INFO - [2025-03-08T00:59:28.197+0700] {dagbag.py:588} INFO - Filling up the DagBag from /home/dataengineer/.pyenv/versions/3.9.21/lib/python3.9/site-packages/airflow/example_dags/example_python_decorator.py
[2025-03-08T00:59:28.267+0700] {logging_mixin.py:190} INFO - [2025-03-08T00:59:28.267+0700] {example_python_decorator.py:80} WARNING - The virtalenv_python example task requires virtualenv, please install it.
[2025-03-08T00:59:28.269+0700] {processor.py:925} INFO - DAG(s) 'example_python_decorator' retrieved from /home/dataengineer/.pyenv/versions/3.9.21/lib/python3.9/site-packages/airflow/example_dags/example_python_decorator.py
[2025-03-08T00:59:28.286+0700] {logging_mixin.py:190} INFO - [2025-03-08T00:59:28.286+0700] {dag.py:3239} INFO - Sync 1 DAGs
[2025-03-08T00:59:28.299+0700] {logging_mixin.py:190} INFO - [2025-03-08T00:59:28.299+0700] {dag.py:4180} INFO - Setting next_dagrun for example_python_decorator to None, run_after=None
[2025-03-08T00:59:28.319+0700] {processor.py:208} INFO - Processing /home/dataengineer/.pyenv/versions/3.9.21/lib/python3.9/site-packages/airflow/example_dags/example_python_decorator.py took 0.131 seconds
[2025-03-08T01:00:29.886+0700] {processor.py:186} INFO - Started process (PID=38044) to work on /home/dataengineer/.pyenv/versions/3.9.21/lib/python3.9/site-packages/airflow/example_dags/example_python_decorator.py
[2025-03-08T01:00:29.887+0700] {processor.py:914} INFO - Processing file /home/dataengineer/.pyenv/versions/3.9.21/lib/python3.9/site-packages/airflow/example_dags/example_python_decorator.py for tasks to queue
[2025-03-08T01:00:29.889+0700] {logging_mixin.py:190} INFO - [2025-03-08T01:00:29.888+0700] {dagbag.py:588} INFO - Filling up the DagBag from /home/dataengineer/.pyenv/versions/3.9.21/lib/python3.9/site-packages/airflow/example_dags/example_python_decorator.py
[2025-03-08T01:00:29.965+0700] {logging_mixin.py:190} INFO - [2025-03-08T01:00:29.965+0700] {example_python_decorator.py:80} WARNING - The virtalenv_python example task requires virtualenv, please install it.
[2025-03-08T01:00:29.967+0700] {processor.py:925} INFO - DAG(s) 'example_python_decorator' retrieved from /home/dataengineer/.pyenv/versions/3.9.21/lib/python3.9/site-packages/airflow/example_dags/example_python_decorator.py
[2025-03-08T01:00:29.981+0700] {logging_mixin.py:190} INFO - [2025-03-08T01:00:29.981+0700] {dag.py:3239} INFO - Sync 1 DAGs
[2025-03-08T01:00:29.992+0700] {logging_mixin.py:190} INFO - [2025-03-08T01:00:29.992+0700] {dag.py:4180} INFO - Setting next_dagrun for example_python_decorator to None, run_after=None
[2025-03-08T01:00:30.010+0700] {processor.py:208} INFO - Processing /home/dataengineer/.pyenv/versions/3.9.21/lib/python3.9/site-packages/airflow/example_dags/example_python_decorator.py took 0.130 seconds
[2025-03-08T01:01:31.485+0700] {processor.py:186} INFO - Started process (PID=38503) to work on /home/dataengineer/.pyenv/versions/3.9.21/lib/python3.9/site-packages/airflow/example_dags/example_python_decorator.py
[2025-03-08T01:01:31.486+0700] {processor.py:914} INFO - Processing file /home/dataengineer/.pyenv/versions/3.9.21/lib/python3.9/site-packages/airflow/example_dags/example_python_decorator.py for tasks to queue
[2025-03-08T01:01:31.487+0700] {logging_mixin.py:190} INFO - [2025-03-08T01:01:31.487+0700] {dagbag.py:588} INFO - Filling up the DagBag from /home/dataengineer/.pyenv/versions/3.9.21/lib/python3.9/site-packages/airflow/example_dags/example_python_decorator.py
[2025-03-08T01:01:31.551+0700] {logging_mixin.py:190} INFO - [2025-03-08T01:01:31.551+0700] {example_python_decorator.py:80} WARNING - The virtalenv_python example task requires virtualenv, please install it.
[2025-03-08T01:01:31.553+0700] {processor.py:925} INFO - DAG(s) 'example_python_decorator' retrieved from /home/dataengineer/.pyenv/versions/3.9.21/lib/python3.9/site-packages/airflow/example_dags/example_python_decorator.py
[2025-03-08T01:01:31.567+0700] {logging_mixin.py:190} INFO - [2025-03-08T01:01:31.567+0700] {dag.py:3239} INFO - Sync 1 DAGs
[2025-03-08T01:01:31.578+0700] {logging_mixin.py:190} INFO - [2025-03-08T01:01:31.577+0700] {dag.py:4180} INFO - Setting next_dagrun for example_python_decorator to None, run_after=None
[2025-03-08T01:01:31.596+0700] {processor.py:208} INFO - Processing /home/dataengineer/.pyenv/versions/3.9.21/lib/python3.9/site-packages/airflow/example_dags/example_python_decorator.py took 0.117 seconds
[2025-03-08T01:02:32.148+0700] {processor.py:186} INFO - Started process (PID=39002) to work on /home/dataengineer/.pyenv/versions/3.9.21/lib/python3.9/site-packages/airflow/example_dags/example_python_decorator.py
[2025-03-08T01:02:32.150+0700] {processor.py:914} INFO - Processing file /home/dataengineer/.pyenv/versions/3.9.21/lib/python3.9/site-packages/airflow/example_dags/example_python_decorator.py for tasks to queue
[2025-03-08T01:02:32.154+0700] {logging_mixin.py:190} INFO - [2025-03-08T01:02:32.153+0700] {dagbag.py:588} INFO - Filling up the DagBag from /home/dataengineer/.pyenv/versions/3.9.21/lib/python3.9/site-packages/airflow/example_dags/example_python_decorator.py
[2025-03-08T01:02:32.276+0700] {logging_mixin.py:190} INFO - [2025-03-08T01:02:32.276+0700] {example_python_decorator.py:80} WARNING - The virtalenv_python example task requires virtualenv, please install it.
[2025-03-08T01:02:32.279+0700] {processor.py:925} INFO - DAG(s) 'example_python_decorator' retrieved from /home/dataengineer/.pyenv/versions/3.9.21/lib/python3.9/site-packages/airflow/example_dags/example_python_decorator.py
[2025-03-08T01:02:32.307+0700] {logging_mixin.py:190} INFO - [2025-03-08T01:02:32.307+0700] {dag.py:3239} INFO - Sync 1 DAGs
[2025-03-08T01:02:32.324+0700] {logging_mixin.py:190} INFO - [2025-03-08T01:02:32.323+0700] {dag.py:4180} INFO - Setting next_dagrun for example_python_decorator to None, run_after=None
[2025-03-08T01:02:32.364+0700] {processor.py:208} INFO - Processing /home/dataengineer/.pyenv/versions/3.9.21/lib/python3.9/site-packages/airflow/example_dags/example_python_decorator.py took 0.223 seconds
[2025-03-08T01:03:33.664+0700] {processor.py:186} INFO - Started process (PID=39743) to work on /home/dataengineer/.pyenv/versions/3.9.21/lib/python3.9/site-packages/airflow/example_dags/example_python_decorator.py
[2025-03-08T01:03:33.665+0700] {processor.py:914} INFO - Processing file /home/dataengineer/.pyenv/versions/3.9.21/lib/python3.9/site-packages/airflow/example_dags/example_python_decorator.py for tasks to queue
[2025-03-08T01:03:33.667+0700] {logging_mixin.py:190} INFO - [2025-03-08T01:03:33.667+0700] {dagbag.py:588} INFO - Filling up the DagBag from /home/dataengineer/.pyenv/versions/3.9.21/lib/python3.9/site-packages/airflow/example_dags/example_python_decorator.py
[2025-03-08T01:03:33.741+0700] {logging_mixin.py:190} INFO - [2025-03-08T01:03:33.741+0700] {example_python_decorator.py:80} WARNING - The virtalenv_python example task requires virtualenv, please install it.
[2025-03-08T01:03:33.744+0700] {processor.py:925} INFO - DAG(s) 'example_python_decorator' retrieved from /home/dataengineer/.pyenv/versions/3.9.21/lib/python3.9/site-packages/airflow/example_dags/example_python_decorator.py
[2025-03-08T01:03:33.761+0700] {logging_mixin.py:190} INFO - [2025-03-08T01:03:33.761+0700] {dag.py:3239} INFO - Sync 1 DAGs
[2025-03-08T01:03:33.776+0700] {logging_mixin.py:190} INFO - [2025-03-08T01:03:33.775+0700] {dag.py:4180} INFO - Setting next_dagrun for example_python_decorator to None, run_after=None
[2025-03-08T01:03:33.797+0700] {processor.py:208} INFO - Processing /home/dataengineer/.pyenv/versions/3.9.21/lib/python3.9/site-packages/airflow/example_dags/example_python_decorator.py took 0.140 seconds
[2025-03-08T01:04:34.099+0700] {processor.py:186} INFO - Started process (PID=41302) to work on /home/dataengineer/.pyenv/versions/3.9.21/lib/python3.9/site-packages/airflow/example_dags/example_python_decorator.py
[2025-03-08T01:04:34.100+0700] {processor.py:914} INFO - Processing file /home/dataengineer/.pyenv/versions/3.9.21/lib/python3.9/site-packages/airflow/example_dags/example_python_decorator.py for tasks to queue
[2025-03-08T01:04:34.102+0700] {logging_mixin.py:190} INFO - [2025-03-08T01:04:34.102+0700] {dagbag.py:588} INFO - Filling up the DagBag from /home/dataengineer/.pyenv/versions/3.9.21/lib/python3.9/site-packages/airflow/example_dags/example_python_decorator.py
[2025-03-08T01:04:34.174+0700] {logging_mixin.py:190} INFO - [2025-03-08T01:04:34.174+0700] {example_python_decorator.py:80} WARNING - The virtalenv_python example task requires virtualenv, please install it.
[2025-03-08T01:04:34.177+0700] {processor.py:925} INFO - DAG(s) 'example_python_decorator' retrieved from /home/dataengineer/.pyenv/versions/3.9.21/lib/python3.9/site-packages/airflow/example_dags/example_python_decorator.py
[2025-03-08T01:04:34.193+0700] {logging_mixin.py:190} INFO - [2025-03-08T01:04:34.193+0700] {dag.py:3239} INFO - Sync 1 DAGs
[2025-03-08T01:04:34.206+0700] {logging_mixin.py:190} INFO - [2025-03-08T01:04:34.206+0700] {dag.py:4180} INFO - Setting next_dagrun for example_python_decorator to None, run_after=None
[2025-03-08T01:04:34.226+0700] {processor.py:208} INFO - Processing /home/dataengineer/.pyenv/versions/3.9.21/lib/python3.9/site-packages/airflow/example_dags/example_python_decorator.py took 0.134 seconds
[2025-03-08T02:29:54.661+0700] {processor.py:186} INFO - Started process (PID=67807) to work on /home/dataengineer/.pyenv/versions/3.9.21/lib/python3.9/site-packages/airflow/example_dags/example_python_decorator.py
[2025-03-08T02:29:54.663+0700] {processor.py:914} INFO - Processing file /home/dataengineer/.pyenv/versions/3.9.21/lib/python3.9/site-packages/airflow/example_dags/example_python_decorator.py for tasks to queue
[2025-03-08T02:29:54.665+0700] {logging_mixin.py:190} INFO - [2025-03-08T02:29:54.664+0700] {dagbag.py:588} INFO - Filling up the DagBag from /home/dataengineer/.pyenv/versions/3.9.21/lib/python3.9/site-packages/airflow/example_dags/example_python_decorator.py
[2025-03-08T02:29:54.737+0700] {logging_mixin.py:190} INFO - [2025-03-08T02:29:54.737+0700] {example_python_decorator.py:80} WARNING - The virtalenv_python example task requires virtualenv, please install it.
[2025-03-08T02:29:54.739+0700] {processor.py:925} INFO - DAG(s) 'example_python_decorator' retrieved from /home/dataengineer/.pyenv/versions/3.9.21/lib/python3.9/site-packages/airflow/example_dags/example_python_decorator.py
[2025-03-08T02:29:54.757+0700] {logging_mixin.py:190} INFO - [2025-03-08T02:29:54.757+0700] {dag.py:3239} INFO - Sync 1 DAGs
[2025-03-08T02:29:54.772+0700] {logging_mixin.py:190} INFO - [2025-03-08T02:29:54.772+0700] {dag.py:4180} INFO - Setting next_dagrun for example_python_decorator to None, run_after=None
[2025-03-08T02:29:54.792+0700] {processor.py:208} INFO - Processing /home/dataengineer/.pyenv/versions/3.9.21/lib/python3.9/site-packages/airflow/example_dags/example_python_decorator.py took 0.137 seconds
[2025-03-08T02:31:15.308+0700] {processor.py:186} INFO - Started process (PID=68398) to work on /home/dataengineer/.pyenv/versions/3.9.21/lib/python3.9/site-packages/airflow/example_dags/example_python_decorator.py
[2025-03-08T02:31:15.310+0700] {processor.py:914} INFO - Processing file /home/dataengineer/.pyenv/versions/3.9.21/lib/python3.9/site-packages/airflow/example_dags/example_python_decorator.py for tasks to queue
[2025-03-08T02:31:15.311+0700] {logging_mixin.py:190} INFO - [2025-03-08T02:31:15.311+0700] {dagbag.py:588} INFO - Filling up the DagBag from /home/dataengineer/.pyenv/versions/3.9.21/lib/python3.9/site-packages/airflow/example_dags/example_python_decorator.py
[2025-03-08T02:31:15.388+0700] {logging_mixin.py:190} INFO - [2025-03-08T02:31:15.387+0700] {example_python_decorator.py:80} WARNING - The virtalenv_python example task requires virtualenv, please install it.
[2025-03-08T02:31:15.390+0700] {processor.py:925} INFO - DAG(s) 'example_python_decorator' retrieved from /home/dataengineer/.pyenv/versions/3.9.21/lib/python3.9/site-packages/airflow/example_dags/example_python_decorator.py
[2025-03-08T02:31:15.407+0700] {logging_mixin.py:190} INFO - [2025-03-08T02:31:15.407+0700] {dag.py:3239} INFO - Sync 1 DAGs
[2025-03-08T02:31:15.429+0700] {logging_mixin.py:190} INFO - [2025-03-08T02:31:15.429+0700] {dag.py:4180} INFO - Setting next_dagrun for example_python_decorator to None, run_after=None
[2025-03-08T02:31:15.470+0700] {processor.py:208} INFO - Processing /home/dataengineer/.pyenv/versions/3.9.21/lib/python3.9/site-packages/airflow/example_dags/example_python_decorator.py took 0.168 seconds
[2025-03-08T02:32:40.440+0700] {processor.py:186} INFO - Started process (PID=69123) to work on /home/dataengineer/.pyenv/versions/3.9.21/lib/python3.9/site-packages/airflow/example_dags/example_python_decorator.py
[2025-03-08T02:32:40.441+0700] {processor.py:914} INFO - Processing file /home/dataengineer/.pyenv/versions/3.9.21/lib/python3.9/site-packages/airflow/example_dags/example_python_decorator.py for tasks to queue
[2025-03-08T02:32:40.442+0700] {logging_mixin.py:190} INFO - [2025-03-08T02:32:40.441+0700] {dagbag.py:588} INFO - Filling up the DagBag from /home/dataengineer/.pyenv/versions/3.9.21/lib/python3.9/site-packages/airflow/example_dags/example_python_decorator.py
[2025-03-08T02:32:40.512+0700] {logging_mixin.py:190} INFO - [2025-03-08T02:32:40.512+0700] {example_python_decorator.py:80} WARNING - The virtalenv_python example task requires virtualenv, please install it.
[2025-03-08T02:32:40.514+0700] {processor.py:925} INFO - DAG(s) 'example_python_decorator' retrieved from /home/dataengineer/.pyenv/versions/3.9.21/lib/python3.9/site-packages/airflow/example_dags/example_python_decorator.py
[2025-03-08T02:32:40.529+0700] {logging_mixin.py:190} INFO - [2025-03-08T02:32:40.529+0700] {dag.py:3239} INFO - Sync 1 DAGs
[2025-03-08T02:32:40.541+0700] {logging_mixin.py:190} INFO - [2025-03-08T02:32:40.540+0700] {dag.py:4180} INFO - Setting next_dagrun for example_python_decorator to None, run_after=None
[2025-03-08T02:32:40.559+0700] {processor.py:208} INFO - Processing /home/dataengineer/.pyenv/versions/3.9.21/lib/python3.9/site-packages/airflow/example_dags/example_python_decorator.py took 0.125 seconds
[2025-03-08T02:33:37.832+0700] {processor.py:186} INFO - Started process (PID=69378) to work on /home/dataengineer/.pyenv/versions/3.9.21/lib/python3.9/site-packages/airflow/example_dags/example_python_decorator.py
[2025-03-08T02:33:37.833+0700] {processor.py:914} INFO - Processing file /home/dataengineer/.pyenv/versions/3.9.21/lib/python3.9/site-packages/airflow/example_dags/example_python_decorator.py for tasks to queue
[2025-03-08T02:33:37.834+0700] {logging_mixin.py:190} INFO - [2025-03-08T02:33:37.834+0700] {dagbag.py:588} INFO - Filling up the DagBag from /home/dataengineer/.pyenv/versions/3.9.21/lib/python3.9/site-packages/airflow/example_dags/example_python_decorator.py
[2025-03-08T02:33:37.911+0700] {logging_mixin.py:190} INFO - [2025-03-08T02:33:37.911+0700] {example_python_decorator.py:80} WARNING - The virtalenv_python example task requires virtualenv, please install it.
[2025-03-08T02:33:37.913+0700] {processor.py:925} INFO - DAG(s) 'example_python_decorator' retrieved from /home/dataengineer/.pyenv/versions/3.9.21/lib/python3.9/site-packages/airflow/example_dags/example_python_decorator.py
[2025-03-08T02:33:37.928+0700] {logging_mixin.py:190} INFO - [2025-03-08T02:33:37.928+0700] {dag.py:3239} INFO - Sync 1 DAGs
[2025-03-08T02:33:37.940+0700] {logging_mixin.py:190} INFO - [2025-03-08T02:33:37.940+0700] {dag.py:4180} INFO - Setting next_dagrun for example_python_decorator to None, run_after=None
[2025-03-08T02:33:37.959+0700] {processor.py:208} INFO - Processing /home/dataengineer/.pyenv/versions/3.9.21/lib/python3.9/site-packages/airflow/example_dags/example_python_decorator.py took 0.133 seconds
[2025-03-08T02:35:16.059+0700] {processor.py:186} INFO - Started process (PID=70481) to work on /home/dataengineer/.pyenv/versions/3.9.21/lib/python3.9/site-packages/airflow/example_dags/example_python_decorator.py
[2025-03-08T02:35:16.061+0700] {processor.py:914} INFO - Processing file /home/dataengineer/.pyenv/versions/3.9.21/lib/python3.9/site-packages/airflow/example_dags/example_python_decorator.py for tasks to queue
[2025-03-08T02:35:16.062+0700] {logging_mixin.py:190} INFO - [2025-03-08T02:35:16.062+0700] {dagbag.py:588} INFO - Filling up the DagBag from /home/dataengineer/.pyenv/versions/3.9.21/lib/python3.9/site-packages/airflow/example_dags/example_python_decorator.py
[2025-03-08T02:35:16.138+0700] {logging_mixin.py:190} INFO - [2025-03-08T02:35:16.138+0700] {example_python_decorator.py:80} WARNING - The virtalenv_python example task requires virtualenv, please install it.
[2025-03-08T02:35:16.140+0700] {processor.py:925} INFO - DAG(s) 'example_python_decorator' retrieved from /home/dataengineer/.pyenv/versions/3.9.21/lib/python3.9/site-packages/airflow/example_dags/example_python_decorator.py
[2025-03-08T02:35:16.156+0700] {logging_mixin.py:190} INFO - [2025-03-08T02:35:16.155+0700] {dag.py:3239} INFO - Sync 1 DAGs
[2025-03-08T02:35:16.167+0700] {logging_mixin.py:190} INFO - [2025-03-08T02:35:16.166+0700] {dag.py:4180} INFO - Setting next_dagrun for example_python_decorator to None, run_after=None
[2025-03-08T02:35:16.186+0700] {processor.py:208} INFO - Processing /home/dataengineer/.pyenv/versions/3.9.21/lib/python3.9/site-packages/airflow/example_dags/example_python_decorator.py took 0.132 seconds
[2025-03-08T02:36:17.878+0700] {processor.py:186} INFO - Started process (PID=70912) to work on /home/dataengineer/.pyenv/versions/3.9.21/lib/python3.9/site-packages/airflow/example_dags/example_python_decorator.py
[2025-03-08T02:36:17.879+0700] {processor.py:914} INFO - Processing file /home/dataengineer/.pyenv/versions/3.9.21/lib/python3.9/site-packages/airflow/example_dags/example_python_decorator.py for tasks to queue
[2025-03-08T02:36:17.881+0700] {logging_mixin.py:190} INFO - [2025-03-08T02:36:17.880+0700] {dagbag.py:588} INFO - Filling up the DagBag from /home/dataengineer/.pyenv/versions/3.9.21/lib/python3.9/site-packages/airflow/example_dags/example_python_decorator.py
[2025-03-08T02:36:17.958+0700] {logging_mixin.py:190} INFO - [2025-03-08T02:36:17.958+0700] {example_python_decorator.py:80} WARNING - The virtalenv_python example task requires virtualenv, please install it.
[2025-03-08T02:36:17.960+0700] {processor.py:925} INFO - DAG(s) 'example_python_decorator' retrieved from /home/dataengineer/.pyenv/versions/3.9.21/lib/python3.9/site-packages/airflow/example_dags/example_python_decorator.py
[2025-03-08T02:36:17.974+0700] {logging_mixin.py:190} INFO - [2025-03-08T02:36:17.973+0700] {dag.py:3239} INFO - Sync 1 DAGs
[2025-03-08T02:36:17.985+0700] {logging_mixin.py:190} INFO - [2025-03-08T02:36:17.984+0700] {dag.py:4180} INFO - Setting next_dagrun for example_python_decorator to None, run_after=None
[2025-03-08T02:36:18.003+0700] {processor.py:208} INFO - Processing /home/dataengineer/.pyenv/versions/3.9.21/lib/python3.9/site-packages/airflow/example_dags/example_python_decorator.py took 0.130 seconds
[2025-03-08T02:37:19.507+0700] {processor.py:186} INFO - Started process (PID=71360) to work on /home/dataengineer/.pyenv/versions/3.9.21/lib/python3.9/site-packages/airflow/example_dags/example_python_decorator.py
[2025-03-08T02:37:19.510+0700] {processor.py:914} INFO - Processing file /home/dataengineer/.pyenv/versions/3.9.21/lib/python3.9/site-packages/airflow/example_dags/example_python_decorator.py for tasks to queue
[2025-03-08T02:37:19.512+0700] {logging_mixin.py:190} INFO - [2025-03-08T02:37:19.512+0700] {dagbag.py:588} INFO - Filling up the DagBag from /home/dataengineer/.pyenv/versions/3.9.21/lib/python3.9/site-packages/airflow/example_dags/example_python_decorator.py
[2025-03-08T02:37:19.608+0700] {logging_mixin.py:190} INFO - [2025-03-08T02:37:19.608+0700] {example_python_decorator.py:80} WARNING - The virtalenv_python example task requires virtualenv, please install it.
[2025-03-08T02:37:19.611+0700] {processor.py:925} INFO - DAG(s) 'example_python_decorator' retrieved from /home/dataengineer/.pyenv/versions/3.9.21/lib/python3.9/site-packages/airflow/example_dags/example_python_decorator.py
[2025-03-08T02:37:19.628+0700] {logging_mixin.py:190} INFO - [2025-03-08T02:37:19.628+0700] {dag.py:3239} INFO - Sync 1 DAGs
[2025-03-08T02:37:19.640+0700] {logging_mixin.py:190} INFO - [2025-03-08T02:37:19.640+0700] {dag.py:4180} INFO - Setting next_dagrun for example_python_decorator to None, run_after=None
[2025-03-08T02:37:19.668+0700] {processor.py:208} INFO - Processing /home/dataengineer/.pyenv/versions/3.9.21/lib/python3.9/site-packages/airflow/example_dags/example_python_decorator.py took 0.167 seconds
[2025-03-08T02:39:24.040+0700] {processor.py:186} INFO - Started process (PID=72542) to work on /home/dataengineer/.pyenv/versions/3.9.21/lib/python3.9/site-packages/airflow/example_dags/example_python_decorator.py
[2025-03-08T02:39:24.041+0700] {processor.py:914} INFO - Processing file /home/dataengineer/.pyenv/versions/3.9.21/lib/python3.9/site-packages/airflow/example_dags/example_python_decorator.py for tasks to queue
[2025-03-08T02:39:24.043+0700] {logging_mixin.py:190} INFO - [2025-03-08T02:39:24.043+0700] {dagbag.py:588} INFO - Filling up the DagBag from /home/dataengineer/.pyenv/versions/3.9.21/lib/python3.9/site-packages/airflow/example_dags/example_python_decorator.py
[2025-03-08T02:39:24.108+0700] {logging_mixin.py:190} INFO - [2025-03-08T02:39:24.108+0700] {example_python_decorator.py:80} WARNING - The virtalenv_python example task requires virtualenv, please install it.
[2025-03-08T02:39:24.111+0700] {processor.py:925} INFO - DAG(s) 'example_python_decorator' retrieved from /home/dataengineer/.pyenv/versions/3.9.21/lib/python3.9/site-packages/airflow/example_dags/example_python_decorator.py
[2025-03-08T02:39:24.128+0700] {logging_mixin.py:190} INFO - [2025-03-08T02:39:24.128+0700] {dag.py:3239} INFO - Sync 1 DAGs
[2025-03-08T02:39:24.142+0700] {logging_mixin.py:190} INFO - [2025-03-08T02:39:24.142+0700] {dag.py:4180} INFO - Setting next_dagrun for example_python_decorator to None, run_after=None
[2025-03-08T02:39:24.162+0700] {processor.py:208} INFO - Processing /home/dataengineer/.pyenv/versions/3.9.21/lib/python3.9/site-packages/airflow/example_dags/example_python_decorator.py took 0.128 seconds
