[2025-03-08T00:57:22.144+0700] {processor.py:186} INFO - Started process (PID=36632) to work on /home/dataengineer/.pyenv/versions/3.9.21/lib/python3.9/site-packages/airflow/example_dags/example_external_task_marker_dag.py
[2025-03-08T00:57:22.145+0700] {processor.py:914} INFO - Processing file /home/dataengineer/.pyenv/versions/3.9.21/lib/python3.9/site-packages/airflow/example_dags/example_external_task_marker_dag.py for tasks to queue
[2025-03-08T00:57:22.148+0700] {logging_mixin.py:190} INFO - [2025-03-08T00:57:22.148+0700] {dagbag.py:588} INFO - Filling up the DagBag from /home/dataengineer/.pyenv/versions/3.9.21/lib/python3.9/site-packages/airflow/example_dags/example_external_task_marker_dag.py
[2025-03-08T00:57:22.156+0700] {processor.py:925} INFO - DAG(s) 'example_external_task_marker_parent', 'example_external_task_marker_child' retrieved from /home/dataengineer/.pyenv/versions/3.9.21/lib/python3.9/site-packages/airflow/example_dags/example_external_task_marker_dag.py
[2025-03-08T00:57:22.171+0700] {logging_mixin.py:190} INFO - [2025-03-08T00:57:22.170+0700] {dag.py:3239} INFO - Sync 2 DAGs
[2025-03-08T00:57:22.182+0700] {logging_mixin.py:190} INFO - [2025-03-08T00:57:22.181+0700] {dag.py:4180} INFO - Setting next_dagrun for example_external_task_marker_child to None, run_after=None
[2025-03-08T00:57:22.184+0700] {logging_mixin.py:190} INFO - [2025-03-08T00:57:22.184+0700] {dag.py:4180} INFO - Setting next_dagrun for example_external_task_marker_parent to None, run_after=None
[2025-03-08T00:57:22.200+0700] {processor.py:208} INFO - Processing /home/dataengineer/.pyenv/versions/3.9.21/lib/python3.9/site-packages/airflow/example_dags/example_external_task_marker_dag.py took 0.062 seconds
[2025-03-08T00:58:27.004+0700] {processor.py:186} INFO - Started process (PID=37188) to work on /home/dataengineer/.pyenv/versions/3.9.21/lib/python3.9/site-packages/airflow/example_dags/example_external_task_marker_dag.py
[2025-03-08T00:58:27.006+0700] {processor.py:914} INFO - Processing file /home/dataengineer/.pyenv/versions/3.9.21/lib/python3.9/site-packages/airflow/example_dags/example_external_task_marker_dag.py for tasks to queue
[2025-03-08T00:58:27.008+0700] {logging_mixin.py:190} INFO - [2025-03-08T00:58:27.008+0700] {dagbag.py:588} INFO - Filling up the DagBag from /home/dataengineer/.pyenv/versions/3.9.21/lib/python3.9/site-packages/airflow/example_dags/example_external_task_marker_dag.py
[2025-03-08T00:58:27.016+0700] {processor.py:925} INFO - DAG(s) 'example_external_task_marker_child', 'example_external_task_marker_parent' retrieved from /home/dataengineer/.pyenv/versions/3.9.21/lib/python3.9/site-packages/airflow/example_dags/example_external_task_marker_dag.py
[2025-03-08T00:58:27.033+0700] {logging_mixin.py:190} INFO - [2025-03-08T00:58:27.033+0700] {dag.py:3239} INFO - Sync 2 DAGs
[2025-03-08T00:58:27.046+0700] {logging_mixin.py:190} INFO - [2025-03-08T00:58:27.046+0700] {dag.py:4180} INFO - Setting next_dagrun for example_external_task_marker_child to None, run_after=None
[2025-03-08T00:58:27.049+0700] {logging_mixin.py:190} INFO - [2025-03-08T00:58:27.049+0700] {dag.py:4180} INFO - Setting next_dagrun for example_external_task_marker_parent to None, run_after=None
[2025-03-08T00:58:27.067+0700] {processor.py:208} INFO - Processing /home/dataengineer/.pyenv/versions/3.9.21/lib/python3.9/site-packages/airflow/example_dags/example_external_task_marker_dag.py took 0.070 seconds
[2025-03-08T00:59:28.789+0700] {processor.py:186} INFO - Started process (PID=37617) to work on /home/dataengineer/.pyenv/versions/3.9.21/lib/python3.9/site-packages/airflow/example_dags/example_external_task_marker_dag.py
[2025-03-08T00:59:28.790+0700] {processor.py:914} INFO - Processing file /home/dataengineer/.pyenv/versions/3.9.21/lib/python3.9/site-packages/airflow/example_dags/example_external_task_marker_dag.py for tasks to queue
[2025-03-08T00:59:28.792+0700] {logging_mixin.py:190} INFO - [2025-03-08T00:59:28.792+0700] {dagbag.py:588} INFO - Filling up the DagBag from /home/dataengineer/.pyenv/versions/3.9.21/lib/python3.9/site-packages/airflow/example_dags/example_external_task_marker_dag.py
[2025-03-08T00:59:28.800+0700] {processor.py:925} INFO - DAG(s) 'example_external_task_marker_child', 'example_external_task_marker_parent' retrieved from /home/dataengineer/.pyenv/versions/3.9.21/lib/python3.9/site-packages/airflow/example_dags/example_external_task_marker_dag.py
[2025-03-08T00:59:28.814+0700] {logging_mixin.py:190} INFO - [2025-03-08T00:59:28.814+0700] {dag.py:3239} INFO - Sync 2 DAGs
[2025-03-08T00:59:28.826+0700] {logging_mixin.py:190} INFO - [2025-03-08T00:59:28.825+0700] {dag.py:4180} INFO - Setting next_dagrun for example_external_task_marker_child to None, run_after=None
[2025-03-08T00:59:28.828+0700] {logging_mixin.py:190} INFO - [2025-03-08T00:59:28.828+0700] {dag.py:4180} INFO - Setting next_dagrun for example_external_task_marker_parent to None, run_after=None
[2025-03-08T00:59:28.846+0700] {processor.py:208} INFO - Processing /home/dataengineer/.pyenv/versions/3.9.21/lib/python3.9/site-packages/airflow/example_dags/example_external_task_marker_dag.py took 0.062 seconds
[2025-03-08T01:00:30.478+0700] {processor.py:186} INFO - Started process (PID=38045) to work on /home/dataengineer/.pyenv/versions/3.9.21/lib/python3.9/site-packages/airflow/example_dags/example_external_task_marker_dag.py
[2025-03-08T01:00:30.479+0700] {processor.py:914} INFO - Processing file /home/dataengineer/.pyenv/versions/3.9.21/lib/python3.9/site-packages/airflow/example_dags/example_external_task_marker_dag.py for tasks to queue
[2025-03-08T01:00:30.480+0700] {logging_mixin.py:190} INFO - [2025-03-08T01:00:30.480+0700] {dagbag.py:588} INFO - Filling up the DagBag from /home/dataengineer/.pyenv/versions/3.9.21/lib/python3.9/site-packages/airflow/example_dags/example_external_task_marker_dag.py
[2025-03-08T01:00:30.488+0700] {processor.py:925} INFO - DAG(s) 'example_external_task_marker_child', 'example_external_task_marker_parent' retrieved from /home/dataengineer/.pyenv/versions/3.9.21/lib/python3.9/site-packages/airflow/example_dags/example_external_task_marker_dag.py
[2025-03-08T01:00:30.502+0700] {logging_mixin.py:190} INFO - [2025-03-08T01:00:30.502+0700] {dag.py:3239} INFO - Sync 2 DAGs
[2025-03-08T01:00:30.515+0700] {logging_mixin.py:190} INFO - [2025-03-08T01:00:30.514+0700] {dag.py:4180} INFO - Setting next_dagrun for example_external_task_marker_child to None, run_after=None
[2025-03-08T01:00:30.517+0700] {logging_mixin.py:190} INFO - [2025-03-08T01:00:30.517+0700] {dag.py:4180} INFO - Setting next_dagrun for example_external_task_marker_parent to None, run_after=None
[2025-03-08T01:00:30.535+0700] {processor.py:208} INFO - Processing /home/dataengineer/.pyenv/versions/3.9.21/lib/python3.9/site-packages/airflow/example_dags/example_external_task_marker_dag.py took 0.063 seconds
[2025-03-08T01:01:32.068+0700] {processor.py:186} INFO - Started process (PID=38504) to work on /home/dataengineer/.pyenv/versions/3.9.21/lib/python3.9/site-packages/airflow/example_dags/example_external_task_marker_dag.py
[2025-03-08T01:01:32.070+0700] {processor.py:914} INFO - Processing file /home/dataengineer/.pyenv/versions/3.9.21/lib/python3.9/site-packages/airflow/example_dags/example_external_task_marker_dag.py for tasks to queue
[2025-03-08T01:01:32.072+0700] {logging_mixin.py:190} INFO - [2025-03-08T01:01:32.071+0700] {dagbag.py:588} INFO - Filling up the DagBag from /home/dataengineer/.pyenv/versions/3.9.21/lib/python3.9/site-packages/airflow/example_dags/example_external_task_marker_dag.py
[2025-03-08T01:01:32.081+0700] {processor.py:925} INFO - DAG(s) 'example_external_task_marker_child', 'example_external_task_marker_parent' retrieved from /home/dataengineer/.pyenv/versions/3.9.21/lib/python3.9/site-packages/airflow/example_dags/example_external_task_marker_dag.py
[2025-03-08T01:01:32.097+0700] {logging_mixin.py:190} INFO - [2025-03-08T01:01:32.097+0700] {dag.py:3239} INFO - Sync 2 DAGs
[2025-03-08T01:01:32.108+0700] {logging_mixin.py:190} INFO - [2025-03-08T01:01:32.108+0700] {dag.py:4180} INFO - Setting next_dagrun for example_external_task_marker_child to None, run_after=None
[2025-03-08T01:01:32.110+0700] {logging_mixin.py:190} INFO - [2025-03-08T01:01:32.110+0700] {dag.py:4180} INFO - Setting next_dagrun for example_external_task_marker_parent to None, run_after=None
[2025-03-08T01:01:32.127+0700] {processor.py:208} INFO - Processing /home/dataengineer/.pyenv/versions/3.9.21/lib/python3.9/site-packages/airflow/example_dags/example_external_task_marker_dag.py took 0.065 seconds
[2025-03-08T01:02:33.492+0700] {processor.py:186} INFO - Started process (PID=39009) to work on /home/dataengineer/.pyenv/versions/3.9.21/lib/python3.9/site-packages/airflow/example_dags/example_external_task_marker_dag.py
[2025-03-08T01:02:33.494+0700] {processor.py:914} INFO - Processing file /home/dataengineer/.pyenv/versions/3.9.21/lib/python3.9/site-packages/airflow/example_dags/example_external_task_marker_dag.py for tasks to queue
[2025-03-08T01:02:33.496+0700] {logging_mixin.py:190} INFO - [2025-03-08T01:02:33.495+0700] {dagbag.py:588} INFO - Filling up the DagBag from /home/dataengineer/.pyenv/versions/3.9.21/lib/python3.9/site-packages/airflow/example_dags/example_external_task_marker_dag.py
[2025-03-08T01:02:33.504+0700] {processor.py:925} INFO - DAG(s) 'example_external_task_marker_child', 'example_external_task_marker_parent' retrieved from /home/dataengineer/.pyenv/versions/3.9.21/lib/python3.9/site-packages/airflow/example_dags/example_external_task_marker_dag.py
[2025-03-08T01:02:33.525+0700] {logging_mixin.py:190} INFO - [2025-03-08T01:02:33.524+0700] {dag.py:3239} INFO - Sync 2 DAGs
[2025-03-08T01:02:33.542+0700] {logging_mixin.py:190} INFO - [2025-03-08T01:02:33.542+0700] {dag.py:4180} INFO - Setting next_dagrun for example_external_task_marker_child to None, run_after=None
[2025-03-08T01:02:33.546+0700] {logging_mixin.py:190} INFO - [2025-03-08T01:02:33.545+0700] {dag.py:4180} INFO - Setting next_dagrun for example_external_task_marker_parent to None, run_after=None
[2025-03-08T01:02:33.573+0700] {processor.py:208} INFO - Processing /home/dataengineer/.pyenv/versions/3.9.21/lib/python3.9/site-packages/airflow/example_dags/example_external_task_marker_dag.py took 0.087 seconds
[2025-03-08T01:03:34.902+0700] {processor.py:186} INFO - Started process (PID=39750) to work on /home/dataengineer/.pyenv/versions/3.9.21/lib/python3.9/site-packages/airflow/example_dags/example_external_task_marker_dag.py
[2025-03-08T01:03:34.904+0700] {processor.py:914} INFO - Processing file /home/dataengineer/.pyenv/versions/3.9.21/lib/python3.9/site-packages/airflow/example_dags/example_external_task_marker_dag.py for tasks to queue
[2025-03-08T01:03:34.906+0700] {logging_mixin.py:190} INFO - [2025-03-08T01:03:34.905+0700] {dagbag.py:588} INFO - Filling up the DagBag from /home/dataengineer/.pyenv/versions/3.9.21/lib/python3.9/site-packages/airflow/example_dags/example_external_task_marker_dag.py
[2025-03-08T01:03:34.914+0700] {processor.py:925} INFO - DAG(s) 'example_external_task_marker_parent', 'example_external_task_marker_child' retrieved from /home/dataengineer/.pyenv/versions/3.9.21/lib/python3.9/site-packages/airflow/example_dags/example_external_task_marker_dag.py
[2025-03-08T01:03:34.934+0700] {logging_mixin.py:190} INFO - [2025-03-08T01:03:34.933+0700] {dag.py:3239} INFO - Sync 2 DAGs
[2025-03-08T01:03:34.947+0700] {logging_mixin.py:190} INFO - [2025-03-08T01:03:34.947+0700] {dag.py:4180} INFO - Setting next_dagrun for example_external_task_marker_child to None, run_after=None
[2025-03-08T01:03:34.950+0700] {logging_mixin.py:190} INFO - [2025-03-08T01:03:34.950+0700] {dag.py:4180} INFO - Setting next_dagrun for example_external_task_marker_parent to None, run_after=None
[2025-03-08T01:03:34.969+0700] {processor.py:208} INFO - Processing /home/dataengineer/.pyenv/versions/3.9.21/lib/python3.9/site-packages/airflow/example_dags/example_external_task_marker_dag.py took 0.072 seconds
[2025-03-08T01:04:35.340+0700] {processor.py:186} INFO - Started process (PID=41309) to work on /home/dataengineer/.pyenv/versions/3.9.21/lib/python3.9/site-packages/airflow/example_dags/example_external_task_marker_dag.py
[2025-03-08T01:04:35.341+0700] {processor.py:914} INFO - Processing file /home/dataengineer/.pyenv/versions/3.9.21/lib/python3.9/site-packages/airflow/example_dags/example_external_task_marker_dag.py for tasks to queue
[2025-03-08T01:04:35.343+0700] {logging_mixin.py:190} INFO - [2025-03-08T01:04:35.343+0700] {dagbag.py:588} INFO - Filling up the DagBag from /home/dataengineer/.pyenv/versions/3.9.21/lib/python3.9/site-packages/airflow/example_dags/example_external_task_marker_dag.py
[2025-03-08T01:04:35.352+0700] {processor.py:925} INFO - DAG(s) 'example_external_task_marker_child', 'example_external_task_marker_parent' retrieved from /home/dataengineer/.pyenv/versions/3.9.21/lib/python3.9/site-packages/airflow/example_dags/example_external_task_marker_dag.py
[2025-03-08T01:04:35.369+0700] {logging_mixin.py:190} INFO - [2025-03-08T01:04:35.368+0700] {dag.py:3239} INFO - Sync 2 DAGs
[2025-03-08T01:04:35.382+0700] {logging_mixin.py:190} INFO - [2025-03-08T01:04:35.382+0700] {dag.py:4180} INFO - Setting next_dagrun for example_external_task_marker_child to None, run_after=None
[2025-03-08T01:04:35.386+0700] {logging_mixin.py:190} INFO - [2025-03-08T01:04:35.386+0700] {dag.py:4180} INFO - Setting next_dagrun for example_external_task_marker_parent to None, run_after=None
[2025-03-08T01:04:35.407+0700] {processor.py:208} INFO - Processing /home/dataengineer/.pyenv/versions/3.9.21/lib/python3.9/site-packages/airflow/example_dags/example_external_task_marker_dag.py took 0.073 seconds
[2025-03-08T02:29:55.239+0700] {processor.py:186} INFO - Started process (PID=67814) to work on /home/dataengineer/.pyenv/versions/3.9.21/lib/python3.9/site-packages/airflow/example_dags/example_external_task_marker_dag.py
[2025-03-08T02:29:55.240+0700] {processor.py:914} INFO - Processing file /home/dataengineer/.pyenv/versions/3.9.21/lib/python3.9/site-packages/airflow/example_dags/example_external_task_marker_dag.py for tasks to queue
[2025-03-08T02:29:55.243+0700] {logging_mixin.py:190} INFO - [2025-03-08T02:29:55.243+0700] {dagbag.py:588} INFO - Filling up the DagBag from /home/dataengineer/.pyenv/versions/3.9.21/lib/python3.9/site-packages/airflow/example_dags/example_external_task_marker_dag.py
[2025-03-08T02:29:55.252+0700] {processor.py:925} INFO - DAG(s) 'example_external_task_marker_child', 'example_external_task_marker_parent' retrieved from /home/dataengineer/.pyenv/versions/3.9.21/lib/python3.9/site-packages/airflow/example_dags/example_external_task_marker_dag.py
[2025-03-08T02:29:55.269+0700] {logging_mixin.py:190} INFO - [2025-03-08T02:29:55.268+0700] {dag.py:3239} INFO - Sync 2 DAGs
[2025-03-08T02:29:55.284+0700] {logging_mixin.py:190} INFO - [2025-03-08T02:29:55.283+0700] {dag.py:4180} INFO - Setting next_dagrun for example_external_task_marker_child to None, run_after=None
[2025-03-08T02:29:55.288+0700] {logging_mixin.py:190} INFO - [2025-03-08T02:29:55.287+0700] {dag.py:4180} INFO - Setting next_dagrun for example_external_task_marker_parent to None, run_after=None
[2025-03-08T02:29:55.306+0700] {processor.py:208} INFO - Processing /home/dataengineer/.pyenv/versions/3.9.21/lib/python3.9/site-packages/airflow/example_dags/example_external_task_marker_dag.py took 0.073 seconds
[2025-03-08T02:31:16.545+0700] {processor.py:186} INFO - Started process (PID=68411) to work on /home/dataengineer/.pyenv/versions/3.9.21/lib/python3.9/site-packages/airflow/example_dags/example_external_task_marker_dag.py
[2025-03-08T02:31:16.547+0700] {processor.py:914} INFO - Processing file /home/dataengineer/.pyenv/versions/3.9.21/lib/python3.9/site-packages/airflow/example_dags/example_external_task_marker_dag.py for tasks to queue
[2025-03-08T02:31:16.548+0700] {logging_mixin.py:190} INFO - [2025-03-08T02:31:16.547+0700] {dagbag.py:588} INFO - Filling up the DagBag from /home/dataengineer/.pyenv/versions/3.9.21/lib/python3.9/site-packages/airflow/example_dags/example_external_task_marker_dag.py
[2025-03-08T02:31:16.555+0700] {processor.py:925} INFO - DAG(s) 'example_external_task_marker_parent', 'example_external_task_marker_child' retrieved from /home/dataengineer/.pyenv/versions/3.9.21/lib/python3.9/site-packages/airflow/example_dags/example_external_task_marker_dag.py
[2025-03-08T02:31:16.570+0700] {logging_mixin.py:190} INFO - [2025-03-08T02:31:16.570+0700] {dag.py:3239} INFO - Sync 2 DAGs
[2025-03-08T02:31:16.583+0700] {logging_mixin.py:190} INFO - [2025-03-08T02:31:16.583+0700] {dag.py:4180} INFO - Setting next_dagrun for example_external_task_marker_child to None, run_after=None
[2025-03-08T02:31:16.586+0700] {logging_mixin.py:190} INFO - [2025-03-08T02:31:16.586+0700] {dag.py:4180} INFO - Setting next_dagrun for example_external_task_marker_parent to None, run_after=None
[2025-03-08T02:31:16.603+0700] {processor.py:208} INFO - Processing /home/dataengineer/.pyenv/versions/3.9.21/lib/python3.9/site-packages/airflow/example_dags/example_external_task_marker_dag.py took 0.063 seconds
[2025-03-08T02:32:40.907+0700] {processor.py:186} INFO - Started process (PID=69130) to work on /home/dataengineer/.pyenv/versions/3.9.21/lib/python3.9/site-packages/airflow/example_dags/example_external_task_marker_dag.py
[2025-03-08T02:32:40.908+0700] {processor.py:914} INFO - Processing file /home/dataengineer/.pyenv/versions/3.9.21/lib/python3.9/site-packages/airflow/example_dags/example_external_task_marker_dag.py for tasks to queue
[2025-03-08T02:32:40.910+0700] {logging_mixin.py:190} INFO - [2025-03-08T02:32:40.909+0700] {dagbag.py:588} INFO - Filling up the DagBag from /home/dataengineer/.pyenv/versions/3.9.21/lib/python3.9/site-packages/airflow/example_dags/example_external_task_marker_dag.py
[2025-03-08T02:32:40.918+0700] {processor.py:925} INFO - DAG(s) 'example_external_task_marker_parent', 'example_external_task_marker_child' retrieved from /home/dataengineer/.pyenv/versions/3.9.21/lib/python3.9/site-packages/airflow/example_dags/example_external_task_marker_dag.py
[2025-03-08T02:32:40.934+0700] {logging_mixin.py:190} INFO - [2025-03-08T02:32:40.934+0700] {dag.py:3239} INFO - Sync 2 DAGs
[2025-03-08T02:32:40.947+0700] {logging_mixin.py:190} INFO - [2025-03-08T02:32:40.946+0700] {dag.py:4180} INFO - Setting next_dagrun for example_external_task_marker_child to None, run_after=None
[2025-03-08T02:32:40.950+0700] {logging_mixin.py:190} INFO - [2025-03-08T02:32:40.949+0700] {dag.py:4180} INFO - Setting next_dagrun for example_external_task_marker_parent to None, run_after=None
[2025-03-08T02:32:40.966+0700] {processor.py:208} INFO - Processing /home/dataengineer/.pyenv/versions/3.9.21/lib/python3.9/site-packages/airflow/example_dags/example_external_task_marker_dag.py took 0.065 seconds
[2025-03-08T02:34:05.000+0700] {processor.py:186} INFO - Started process (PID=69597) to work on /home/dataengineer/.pyenv/versions/3.9.21/lib/python3.9/site-packages/airflow/example_dags/example_external_task_marker_dag.py
[2025-03-08T02:34:05.001+0700] {processor.py:914} INFO - Processing file /home/dataengineer/.pyenv/versions/3.9.21/lib/python3.9/site-packages/airflow/example_dags/example_external_task_marker_dag.py for tasks to queue
[2025-03-08T02:34:05.003+0700] {logging_mixin.py:190} INFO - [2025-03-08T02:34:05.003+0700] {dagbag.py:588} INFO - Filling up the DagBag from /home/dataengineer/.pyenv/versions/3.9.21/lib/python3.9/site-packages/airflow/example_dags/example_external_task_marker_dag.py
[2025-03-08T02:34:05.012+0700] {processor.py:925} INFO - DAG(s) 'example_external_task_marker_child', 'example_external_task_marker_parent' retrieved from /home/dataengineer/.pyenv/versions/3.9.21/lib/python3.9/site-packages/airflow/example_dags/example_external_task_marker_dag.py
[2025-03-08T02:34:05.031+0700] {logging_mixin.py:190} INFO - [2025-03-08T02:34:05.031+0700] {dag.py:3239} INFO - Sync 2 DAGs
[2025-03-08T02:34:05.046+0700] {logging_mixin.py:190} INFO - [2025-03-08T02:34:05.045+0700] {dag.py:4180} INFO - Setting next_dagrun for example_external_task_marker_child to None, run_after=None
[2025-03-08T02:34:05.049+0700] {logging_mixin.py:190} INFO - [2025-03-08T02:34:05.049+0700] {dag.py:4180} INFO - Setting next_dagrun for example_external_task_marker_parent to None, run_after=None
[2025-03-08T02:34:05.068+0700] {processor.py:208} INFO - Processing /home/dataengineer/.pyenv/versions/3.9.21/lib/python3.9/site-packages/airflow/example_dags/example_external_task_marker_dag.py took 0.075 seconds
[2025-03-08T02:35:17.299+0700] {processor.py:186} INFO - Started process (PID=70488) to work on /home/dataengineer/.pyenv/versions/3.9.21/lib/python3.9/site-packages/airflow/example_dags/example_external_task_marker_dag.py
[2025-03-08T02:35:17.300+0700] {processor.py:914} INFO - Processing file /home/dataengineer/.pyenv/versions/3.9.21/lib/python3.9/site-packages/airflow/example_dags/example_external_task_marker_dag.py for tasks to queue
[2025-03-08T02:35:17.303+0700] {logging_mixin.py:190} INFO - [2025-03-08T02:35:17.302+0700] {dagbag.py:588} INFO - Filling up the DagBag from /home/dataengineer/.pyenv/versions/3.9.21/lib/python3.9/site-packages/airflow/example_dags/example_external_task_marker_dag.py
[2025-03-08T02:35:17.310+0700] {processor.py:925} INFO - DAG(s) 'example_external_task_marker_parent', 'example_external_task_marker_child' retrieved from /home/dataengineer/.pyenv/versions/3.9.21/lib/python3.9/site-packages/airflow/example_dags/example_external_task_marker_dag.py
[2025-03-08T02:35:17.325+0700] {logging_mixin.py:190} INFO - [2025-03-08T02:35:17.325+0700] {dag.py:3239} INFO - Sync 2 DAGs
[2025-03-08T02:35:17.336+0700] {logging_mixin.py:190} INFO - [2025-03-08T02:35:17.336+0700] {dag.py:4180} INFO - Setting next_dagrun for example_external_task_marker_child to None, run_after=None
[2025-03-08T02:35:17.339+0700] {logging_mixin.py:190} INFO - [2025-03-08T02:35:17.339+0700] {dag.py:4180} INFO - Setting next_dagrun for example_external_task_marker_parent to None, run_after=None
[2025-03-08T02:35:17.355+0700] {processor.py:208} INFO - Processing /home/dataengineer/.pyenv/versions/3.9.21/lib/python3.9/site-packages/airflow/example_dags/example_external_task_marker_dag.py took 0.061 seconds
[2025-03-08T02:36:18.260+0700] {processor.py:186} INFO - Started process (PID=70913) to work on /home/dataengineer/.pyenv/versions/3.9.21/lib/python3.9/site-packages/airflow/example_dags/example_external_task_marker_dag.py
[2025-03-08T02:36:18.261+0700] {processor.py:914} INFO - Processing file /home/dataengineer/.pyenv/versions/3.9.21/lib/python3.9/site-packages/airflow/example_dags/example_external_task_marker_dag.py for tasks to queue
[2025-03-08T02:36:18.263+0700] {logging_mixin.py:190} INFO - [2025-03-08T02:36:18.263+0700] {dagbag.py:588} INFO - Filling up the DagBag from /home/dataengineer/.pyenv/versions/3.9.21/lib/python3.9/site-packages/airflow/example_dags/example_external_task_marker_dag.py
[2025-03-08T02:36:18.270+0700] {processor.py:925} INFO - DAG(s) 'example_external_task_marker_child', 'example_external_task_marker_parent' retrieved from /home/dataengineer/.pyenv/versions/3.9.21/lib/python3.9/site-packages/airflow/example_dags/example_external_task_marker_dag.py
[2025-03-08T02:36:18.285+0700] {logging_mixin.py:190} INFO - [2025-03-08T02:36:18.285+0700] {dag.py:3239} INFO - Sync 2 DAGs
[2025-03-08T02:36:18.296+0700] {logging_mixin.py:190} INFO - [2025-03-08T02:36:18.296+0700] {dag.py:4180} INFO - Setting next_dagrun for example_external_task_marker_child to None, run_after=None
[2025-03-08T02:36:18.299+0700] {logging_mixin.py:190} INFO - [2025-03-08T02:36:18.299+0700] {dag.py:4180} INFO - Setting next_dagrun for example_external_task_marker_parent to None, run_after=None
[2025-03-08T02:36:18.315+0700] {processor.py:208} INFO - Processing /home/dataengineer/.pyenv/versions/3.9.21/lib/python3.9/site-packages/airflow/example_dags/example_external_task_marker_dag.py took 0.061 seconds
[2025-03-08T02:37:20.155+0700] {processor.py:186} INFO - Started process (PID=71361) to work on /home/dataengineer/.pyenv/versions/3.9.21/lib/python3.9/site-packages/airflow/example_dags/example_external_task_marker_dag.py
[2025-03-08T02:37:20.156+0700] {processor.py:914} INFO - Processing file /home/dataengineer/.pyenv/versions/3.9.21/lib/python3.9/site-packages/airflow/example_dags/example_external_task_marker_dag.py for tasks to queue
[2025-03-08T02:37:20.158+0700] {logging_mixin.py:190} INFO - [2025-03-08T02:37:20.158+0700] {dagbag.py:588} INFO - Filling up the DagBag from /home/dataengineer/.pyenv/versions/3.9.21/lib/python3.9/site-packages/airflow/example_dags/example_external_task_marker_dag.py
[2025-03-08T02:37:20.167+0700] {processor.py:925} INFO - DAG(s) 'example_external_task_marker_child', 'example_external_task_marker_parent' retrieved from /home/dataengineer/.pyenv/versions/3.9.21/lib/python3.9/site-packages/airflow/example_dags/example_external_task_marker_dag.py
[2025-03-08T02:37:20.184+0700] {logging_mixin.py:190} INFO - [2025-03-08T02:37:20.184+0700] {dag.py:3239} INFO - Sync 2 DAGs
[2025-03-08T02:37:20.197+0700] {logging_mixin.py:190} INFO - [2025-03-08T02:37:20.197+0700] {dag.py:4180} INFO - Setting next_dagrun for example_external_task_marker_child to None, run_after=None
[2025-03-08T02:37:20.201+0700] {logging_mixin.py:190} INFO - [2025-03-08T02:37:20.201+0700] {dag.py:4180} INFO - Setting next_dagrun for example_external_task_marker_parent to None, run_after=None
[2025-03-08T02:37:20.221+0700] {processor.py:208} INFO - Processing /home/dataengineer/.pyenv/versions/3.9.21/lib/python3.9/site-packages/airflow/example_dags/example_external_task_marker_dag.py took 0.073 seconds
[2025-03-08T02:39:24.436+0700] {processor.py:186} INFO - Started process (PID=72549) to work on /home/dataengineer/.pyenv/versions/3.9.21/lib/python3.9/site-packages/airflow/example_dags/example_external_task_marker_dag.py
[2025-03-08T02:39:24.437+0700] {processor.py:914} INFO - Processing file /home/dataengineer/.pyenv/versions/3.9.21/lib/python3.9/site-packages/airflow/example_dags/example_external_task_marker_dag.py for tasks to queue
[2025-03-08T02:39:24.440+0700] {logging_mixin.py:190} INFO - [2025-03-08T02:39:24.439+0700] {dagbag.py:588} INFO - Filling up the DagBag from /home/dataengineer/.pyenv/versions/3.9.21/lib/python3.9/site-packages/airflow/example_dags/example_external_task_marker_dag.py
[2025-03-08T02:39:24.448+0700] {processor.py:925} INFO - DAG(s) 'example_external_task_marker_child', 'example_external_task_marker_parent' retrieved from /home/dataengineer/.pyenv/versions/3.9.21/lib/python3.9/site-packages/airflow/example_dags/example_external_task_marker_dag.py
[2025-03-08T02:39:24.466+0700] {logging_mixin.py:190} INFO - [2025-03-08T02:39:24.465+0700] {dag.py:3239} INFO - Sync 2 DAGs
[2025-03-08T02:39:24.480+0700] {logging_mixin.py:190} INFO - [2025-03-08T02:39:24.479+0700] {dag.py:4180} INFO - Setting next_dagrun for example_external_task_marker_child to None, run_after=None
[2025-03-08T02:39:24.483+0700] {logging_mixin.py:190} INFO - [2025-03-08T02:39:24.482+0700] {dag.py:4180} INFO - Setting next_dagrun for example_external_task_marker_parent to None, run_after=None
[2025-03-08T02:39:24.502+0700] {processor.py:208} INFO - Processing /home/dataengineer/.pyenv/versions/3.9.21/lib/python3.9/site-packages/airflow/example_dags/example_external_task_marker_dag.py took 0.073 seconds
