[2025-03-08T00:57:05.564+0700] {processor.py:186} INFO - Started process (PID=36500) to work on /home/dataengineer/.pyenv/versions/3.9.21/lib/python3.9/site-packages/airflow/example_dags/example_dataset_alias_with_no_taskflow.py
[2025-03-08T00:57:05.565+0700] {processor.py:914} INFO - Processing file /home/dataengineer/.pyenv/versions/3.9.21/lib/python3.9/site-packages/airflow/example_dags/example_dataset_alias_with_no_taskflow.py for tasks to queue
[2025-03-08T00:57:05.567+0700] {logging_mixin.py:190} INFO - [2025-03-08T00:57:05.567+0700] {dagbag.py:588} INFO - Filling up the DagBag from /home/dataengineer/.pyenv/versions/3.9.21/lib/python3.9/site-packages/airflow/example_dags/example_dataset_alias_with_no_taskflow.py
[2025-03-08T00:57:05.587+0700] {processor.py:925} INFO - DAG(s) 'dataset_alias_example_alias_producer_with_no_taskflow', 'dataset_s3_bucket_consumer_with_no_taskflow', 'dataset_alias_example_alias_consumer_with_no_taskflow', 'dataset_s3_bucket_producer_with_no_taskflow' retrieved from /home/dataengineer/.pyenv/versions/3.9.21/lib/python3.9/site-packages/airflow/example_dags/example_dataset_alias_with_no_taskflow.py
[2025-03-08T00:57:05.612+0700] {logging_mixin.py:190} INFO - [2025-03-08T00:57:05.612+0700] {dag.py:3239} INFO - Sync 4 DAGs
[2025-03-08T00:57:05.629+0700] {logging_mixin.py:190} INFO - [2025-03-08T00:57:05.629+0700] {dag.py:4180} INFO - Setting next_dagrun for dataset_alias_example_alias_consumer_with_no_taskflow to None, run_after=None
[2025-03-08T00:57:05.631+0700] {logging_mixin.py:190} INFO - [2025-03-08T00:57:05.631+0700] {dag.py:4180} INFO - Setting next_dagrun for dataset_alias_example_alias_producer_with_no_taskflow to None, run_after=None
[2025-03-08T00:57:05.632+0700] {logging_mixin.py:190} INFO - [2025-03-08T00:57:05.632+0700] {dag.py:4180} INFO - Setting next_dagrun for dataset_s3_bucket_consumer_with_no_taskflow to None, run_after=None
[2025-03-08T00:57:05.633+0700] {logging_mixin.py:190} INFO - [2025-03-08T00:57:05.632+0700] {dag.py:4180} INFO - Setting next_dagrun for dataset_s3_bucket_producer_with_no_taskflow to None, run_after=None
[2025-03-08T00:57:05.654+0700] {processor.py:208} INFO - Processing /home/dataengineer/.pyenv/versions/3.9.21/lib/python3.9/site-packages/airflow/example_dags/example_dataset_alias_with_no_taskflow.py took 0.095 seconds
[2025-03-08T00:58:08.799+0700] {processor.py:186} INFO - Started process (PID=37115) to work on /home/dataengineer/.pyenv/versions/3.9.21/lib/python3.9/site-packages/airflow/example_dags/example_dataset_alias_with_no_taskflow.py
[2025-03-08T00:58:08.800+0700] {processor.py:914} INFO - Processing file /home/dataengineer/.pyenv/versions/3.9.21/lib/python3.9/site-packages/airflow/example_dags/example_dataset_alias_with_no_taskflow.py for tasks to queue
[2025-03-08T00:58:08.803+0700] {logging_mixin.py:190} INFO - [2025-03-08T00:58:08.802+0700] {dagbag.py:588} INFO - Filling up the DagBag from /home/dataengineer/.pyenv/versions/3.9.21/lib/python3.9/site-packages/airflow/example_dags/example_dataset_alias_with_no_taskflow.py
[2025-03-08T00:58:08.826+0700] {processor.py:925} INFO - DAG(s) 'dataset_alias_example_alias_consumer_with_no_taskflow', 'dataset_s3_bucket_producer_with_no_taskflow', 'dataset_alias_example_alias_producer_with_no_taskflow', 'dataset_s3_bucket_consumer_with_no_taskflow' retrieved from /home/dataengineer/.pyenv/versions/3.9.21/lib/python3.9/site-packages/airflow/example_dags/example_dataset_alias_with_no_taskflow.py
[2025-03-08T00:58:08.848+0700] {logging_mixin.py:190} INFO - [2025-03-08T00:58:08.848+0700] {dag.py:3239} INFO - Sync 4 DAGs
[2025-03-08T00:58:08.874+0700] {logging_mixin.py:190} INFO - [2025-03-08T00:58:08.874+0700] {dag.py:4180} INFO - Setting next_dagrun for dataset_alias_example_alias_consumer_with_no_taskflow to None, run_after=None
[2025-03-08T00:58:08.876+0700] {logging_mixin.py:190} INFO - [2025-03-08T00:58:08.876+0700] {dag.py:4180} INFO - Setting next_dagrun for dataset_alias_example_alias_producer_with_no_taskflow to None, run_after=None
[2025-03-08T00:58:08.877+0700] {logging_mixin.py:190} INFO - [2025-03-08T00:58:08.877+0700] {dag.py:4180} INFO - Setting next_dagrun for dataset_s3_bucket_consumer_with_no_taskflow to None, run_after=None
[2025-03-08T00:58:08.878+0700] {logging_mixin.py:190} INFO - [2025-03-08T00:58:08.878+0700] {dag.py:4180} INFO - Setting next_dagrun for dataset_s3_bucket_producer_with_no_taskflow to None, run_after=None
[2025-03-08T00:58:08.902+0700] {processor.py:208} INFO - Processing /home/dataengineer/.pyenv/versions/3.9.21/lib/python3.9/site-packages/airflow/example_dags/example_dataset_alias_with_no_taskflow.py took 0.110 seconds
[2025-03-08T00:59:10.584+0700] {processor.py:186} INFO - Started process (PID=37544) to work on /home/dataengineer/.pyenv/versions/3.9.21/lib/python3.9/site-packages/airflow/example_dags/example_dataset_alias_with_no_taskflow.py
[2025-03-08T00:59:10.585+0700] {processor.py:914} INFO - Processing file /home/dataengineer/.pyenv/versions/3.9.21/lib/python3.9/site-packages/airflow/example_dags/example_dataset_alias_with_no_taskflow.py for tasks to queue
[2025-03-08T00:59:10.587+0700] {logging_mixin.py:190} INFO - [2025-03-08T00:59:10.587+0700] {dagbag.py:588} INFO - Filling up the DagBag from /home/dataengineer/.pyenv/versions/3.9.21/lib/python3.9/site-packages/airflow/example_dags/example_dataset_alias_with_no_taskflow.py
[2025-03-08T00:59:10.605+0700] {processor.py:925} INFO - DAG(s) 'dataset_s3_bucket_consumer_with_no_taskflow', 'dataset_alias_example_alias_consumer_with_no_taskflow', 'dataset_alias_example_alias_producer_with_no_taskflow', 'dataset_s3_bucket_producer_with_no_taskflow' retrieved from /home/dataengineer/.pyenv/versions/3.9.21/lib/python3.9/site-packages/airflow/example_dags/example_dataset_alias_with_no_taskflow.py
[2025-03-08T00:59:10.622+0700] {logging_mixin.py:190} INFO - [2025-03-08T00:59:10.622+0700] {dag.py:3239} INFO - Sync 4 DAGs
[2025-03-08T00:59:10.639+0700] {logging_mixin.py:190} INFO - [2025-03-08T00:59:10.639+0700] {dag.py:4180} INFO - Setting next_dagrun for dataset_alias_example_alias_consumer_with_no_taskflow to None, run_after=None
[2025-03-08T00:59:10.641+0700] {logging_mixin.py:190} INFO - [2025-03-08T00:59:10.641+0700] {dag.py:4180} INFO - Setting next_dagrun for dataset_alias_example_alias_producer_with_no_taskflow to None, run_after=None
[2025-03-08T00:59:10.642+0700] {logging_mixin.py:190} INFO - [2025-03-08T00:59:10.642+0700] {dag.py:4180} INFO - Setting next_dagrun for dataset_s3_bucket_consumer_with_no_taskflow to None, run_after=None
[2025-03-08T00:59:10.643+0700] {logging_mixin.py:190} INFO - [2025-03-08T00:59:10.643+0700] {dag.py:4180} INFO - Setting next_dagrun for dataset_s3_bucket_producer_with_no_taskflow to None, run_after=None
[2025-03-08T00:59:10.663+0700] {processor.py:208} INFO - Processing /home/dataengineer/.pyenv/versions/3.9.21/lib/python3.9/site-packages/airflow/example_dags/example_dataset_alias_with_no_taskflow.py took 0.085 seconds
[2025-03-08T01:00:12.281+0700] {processor.py:186} INFO - Started process (PID=37972) to work on /home/dataengineer/.pyenv/versions/3.9.21/lib/python3.9/site-packages/airflow/example_dags/example_dataset_alias_with_no_taskflow.py
[2025-03-08T01:00:12.282+0700] {processor.py:914} INFO - Processing file /home/dataengineer/.pyenv/versions/3.9.21/lib/python3.9/site-packages/airflow/example_dags/example_dataset_alias_with_no_taskflow.py for tasks to queue
[2025-03-08T01:00:12.284+0700] {logging_mixin.py:190} INFO - [2025-03-08T01:00:12.284+0700] {dagbag.py:588} INFO - Filling up the DagBag from /home/dataengineer/.pyenv/versions/3.9.21/lib/python3.9/site-packages/airflow/example_dags/example_dataset_alias_with_no_taskflow.py
[2025-03-08T01:00:12.303+0700] {processor.py:925} INFO - DAG(s) 'dataset_alias_example_alias_consumer_with_no_taskflow', 'dataset_s3_bucket_consumer_with_no_taskflow', 'dataset_alias_example_alias_producer_with_no_taskflow', 'dataset_s3_bucket_producer_with_no_taskflow' retrieved from /home/dataengineer/.pyenv/versions/3.9.21/lib/python3.9/site-packages/airflow/example_dags/example_dataset_alias_with_no_taskflow.py
[2025-03-08T01:00:12.321+0700] {logging_mixin.py:190} INFO - [2025-03-08T01:00:12.321+0700] {dag.py:3239} INFO - Sync 4 DAGs
[2025-03-08T01:00:12.338+0700] {logging_mixin.py:190} INFO - [2025-03-08T01:00:12.338+0700] {dag.py:4180} INFO - Setting next_dagrun for dataset_alias_example_alias_consumer_with_no_taskflow to None, run_after=None
[2025-03-08T01:00:12.340+0700] {logging_mixin.py:190} INFO - [2025-03-08T01:00:12.340+0700] {dag.py:4180} INFO - Setting next_dagrun for dataset_alias_example_alias_producer_with_no_taskflow to None, run_after=None
[2025-03-08T01:00:12.341+0700] {logging_mixin.py:190} INFO - [2025-03-08T01:00:12.340+0700] {dag.py:4180} INFO - Setting next_dagrun for dataset_s3_bucket_consumer_with_no_taskflow to None, run_after=None
[2025-03-08T01:00:12.341+0700] {logging_mixin.py:190} INFO - [2025-03-08T01:00:12.341+0700] {dag.py:4180} INFO - Setting next_dagrun for dataset_s3_bucket_producer_with_no_taskflow to None, run_after=None
[2025-03-08T01:00:12.361+0700] {processor.py:208} INFO - Processing /home/dataengineer/.pyenv/versions/3.9.21/lib/python3.9/site-packages/airflow/example_dags/example_dataset_alias_with_no_taskflow.py took 0.085 seconds
[2025-03-08T01:01:13.946+0700] {processor.py:186} INFO - Started process (PID=38403) to work on /home/dataengineer/.pyenv/versions/3.9.21/lib/python3.9/site-packages/airflow/example_dags/example_dataset_alias_with_no_taskflow.py
[2025-03-08T01:01:13.948+0700] {processor.py:914} INFO - Processing file /home/dataengineer/.pyenv/versions/3.9.21/lib/python3.9/site-packages/airflow/example_dags/example_dataset_alias_with_no_taskflow.py for tasks to queue
[2025-03-08T01:01:13.950+0700] {logging_mixin.py:190} INFO - [2025-03-08T01:01:13.949+0700] {dagbag.py:588} INFO - Filling up the DagBag from /home/dataengineer/.pyenv/versions/3.9.21/lib/python3.9/site-packages/airflow/example_dags/example_dataset_alias_with_no_taskflow.py
[2025-03-08T01:01:13.980+0700] {processor.py:925} INFO - DAG(s) 'dataset_s3_bucket_producer_with_no_taskflow', 'dataset_s3_bucket_consumer_with_no_taskflow', 'dataset_alias_example_alias_producer_with_no_taskflow', 'dataset_alias_example_alias_consumer_with_no_taskflow' retrieved from /home/dataengineer/.pyenv/versions/3.9.21/lib/python3.9/site-packages/airflow/example_dags/example_dataset_alias_with_no_taskflow.py
[2025-03-08T01:01:14.002+0700] {logging_mixin.py:190} INFO - [2025-03-08T01:01:14.002+0700] {dag.py:3239} INFO - Sync 4 DAGs
[2025-03-08T01:01:14.044+0700] {logging_mixin.py:190} INFO - [2025-03-08T01:01:14.044+0700] {dag.py:4180} INFO - Setting next_dagrun for dataset_alias_example_alias_consumer_with_no_taskflow to None, run_after=None
[2025-03-08T01:01:14.047+0700] {logging_mixin.py:190} INFO - [2025-03-08T01:01:14.047+0700] {dag.py:4180} INFO - Setting next_dagrun for dataset_alias_example_alias_producer_with_no_taskflow to None, run_after=None
[2025-03-08T01:01:14.057+0700] {logging_mixin.py:190} INFO - [2025-03-08T01:01:14.057+0700] {dag.py:4180} INFO - Setting next_dagrun for dataset_s3_bucket_consumer_with_no_taskflow to None, run_after=None
[2025-03-08T01:01:14.059+0700] {logging_mixin.py:190} INFO - [2025-03-08T01:01:14.058+0700] {dag.py:4180} INFO - Setting next_dagrun for dataset_s3_bucket_producer_with_no_taskflow to None, run_after=None
[2025-03-08T01:01:14.095+0700] {processor.py:208} INFO - Processing /home/dataengineer/.pyenv/versions/3.9.21/lib/python3.9/site-packages/airflow/example_dags/example_dataset_alias_with_no_taskflow.py took 0.155 seconds
[2025-03-08T01:02:15.733+0700] {processor.py:186} INFO - Started process (PID=38925) to work on /home/dataengineer/.pyenv/versions/3.9.21/lib/python3.9/site-packages/airflow/example_dags/example_dataset_alias_with_no_taskflow.py
[2025-03-08T01:02:15.734+0700] {processor.py:914} INFO - Processing file /home/dataengineer/.pyenv/versions/3.9.21/lib/python3.9/site-packages/airflow/example_dags/example_dataset_alias_with_no_taskflow.py for tasks to queue
[2025-03-08T01:02:15.736+0700] {logging_mixin.py:190} INFO - [2025-03-08T01:02:15.735+0700] {dagbag.py:588} INFO - Filling up the DagBag from /home/dataengineer/.pyenv/versions/3.9.21/lib/python3.9/site-packages/airflow/example_dags/example_dataset_alias_with_no_taskflow.py
[2025-03-08T01:02:15.755+0700] {processor.py:925} INFO - DAG(s) 'dataset_s3_bucket_consumer_with_no_taskflow', 'dataset_s3_bucket_producer_with_no_taskflow', 'dataset_alias_example_alias_producer_with_no_taskflow', 'dataset_alias_example_alias_consumer_with_no_taskflow' retrieved from /home/dataengineer/.pyenv/versions/3.9.21/lib/python3.9/site-packages/airflow/example_dags/example_dataset_alias_with_no_taskflow.py
[2025-03-08T01:02:15.775+0700] {logging_mixin.py:190} INFO - [2025-03-08T01:02:15.775+0700] {dag.py:3239} INFO - Sync 4 DAGs
[2025-03-08T01:02:15.793+0700] {logging_mixin.py:190} INFO - [2025-03-08T01:02:15.793+0700] {dag.py:4180} INFO - Setting next_dagrun for dataset_alias_example_alias_consumer_with_no_taskflow to None, run_after=None
[2025-03-08T01:02:15.795+0700] {logging_mixin.py:190} INFO - [2025-03-08T01:02:15.795+0700] {dag.py:4180} INFO - Setting next_dagrun for dataset_alias_example_alias_producer_with_no_taskflow to None, run_after=None
[2025-03-08T01:02:15.797+0700] {logging_mixin.py:190} INFO - [2025-03-08T01:02:15.796+0700] {dag.py:4180} INFO - Setting next_dagrun for dataset_s3_bucket_consumer_with_no_taskflow to None, run_after=None
[2025-03-08T01:02:15.798+0700] {logging_mixin.py:190} INFO - [2025-03-08T01:02:15.797+0700] {dag.py:4180} INFO - Setting next_dagrun for dataset_s3_bucket_producer_with_no_taskflow to None, run_after=None
[2025-03-08T01:02:15.819+0700] {processor.py:208} INFO - Processing /home/dataengineer/.pyenv/versions/3.9.21/lib/python3.9/site-packages/airflow/example_dags/example_dataset_alias_with_no_taskflow.py took 0.092 seconds
[2025-03-08T01:03:15.878+0700] {processor.py:186} INFO - Started process (PID=39470) to work on /home/dataengineer/.pyenv/versions/3.9.21/lib/python3.9/site-packages/airflow/example_dags/example_dataset_alias_with_no_taskflow.py
[2025-03-08T01:03:15.879+0700] {processor.py:914} INFO - Processing file /home/dataengineer/.pyenv/versions/3.9.21/lib/python3.9/site-packages/airflow/example_dags/example_dataset_alias_with_no_taskflow.py for tasks to queue
[2025-03-08T01:03:15.881+0700] {logging_mixin.py:190} INFO - [2025-03-08T01:03:15.881+0700] {dagbag.py:588} INFO - Filling up the DagBag from /home/dataengineer/.pyenv/versions/3.9.21/lib/python3.9/site-packages/airflow/example_dags/example_dataset_alias_with_no_taskflow.py
[2025-03-08T01:03:15.900+0700] {processor.py:925} INFO - DAG(s) 'dataset_alias_example_alias_consumer_with_no_taskflow', 'dataset_alias_example_alias_producer_with_no_taskflow', 'dataset_s3_bucket_consumer_with_no_taskflow', 'dataset_s3_bucket_producer_with_no_taskflow' retrieved from /home/dataengineer/.pyenv/versions/3.9.21/lib/python3.9/site-packages/airflow/example_dags/example_dataset_alias_with_no_taskflow.py
[2025-03-08T01:03:15.920+0700] {logging_mixin.py:190} INFO - [2025-03-08T01:03:15.920+0700] {dag.py:3239} INFO - Sync 4 DAGs
[2025-03-08T01:03:15.941+0700] {logging_mixin.py:190} INFO - [2025-03-08T01:03:15.941+0700] {dag.py:4180} INFO - Setting next_dagrun for dataset_alias_example_alias_consumer_with_no_taskflow to None, run_after=None
[2025-03-08T01:03:15.943+0700] {logging_mixin.py:190} INFO - [2025-03-08T01:03:15.943+0700] {dag.py:4180} INFO - Setting next_dagrun for dataset_alias_example_alias_producer_with_no_taskflow to None, run_after=None
[2025-03-08T01:03:15.944+0700] {logging_mixin.py:190} INFO - [2025-03-08T01:03:15.944+0700] {dag.py:4180} INFO - Setting next_dagrun for dataset_s3_bucket_consumer_with_no_taskflow to None, run_after=None
[2025-03-08T01:03:15.945+0700] {logging_mixin.py:190} INFO - [2025-03-08T01:03:15.945+0700] {dag.py:4180} INFO - Setting next_dagrun for dataset_s3_bucket_producer_with_no_taskflow to None, run_after=None
[2025-03-08T01:03:15.966+0700] {processor.py:208} INFO - Processing /home/dataengineer/.pyenv/versions/3.9.21/lib/python3.9/site-packages/airflow/example_dags/example_dataset_alias_with_no_taskflow.py took 0.093 seconds
[2025-03-08T01:04:17.628+0700] {processor.py:186} INFO - Started process (PID=41220) to work on /home/dataengineer/.pyenv/versions/3.9.21/lib/python3.9/site-packages/airflow/example_dags/example_dataset_alias_with_no_taskflow.py
[2025-03-08T01:04:17.629+0700] {processor.py:914} INFO - Processing file /home/dataengineer/.pyenv/versions/3.9.21/lib/python3.9/site-packages/airflow/example_dags/example_dataset_alias_with_no_taskflow.py for tasks to queue
[2025-03-08T01:04:17.632+0700] {logging_mixin.py:190} INFO - [2025-03-08T01:04:17.631+0700] {dagbag.py:588} INFO - Filling up the DagBag from /home/dataengineer/.pyenv/versions/3.9.21/lib/python3.9/site-packages/airflow/example_dags/example_dataset_alias_with_no_taskflow.py
[2025-03-08T01:04:17.652+0700] {processor.py:925} INFO - DAG(s) 'dataset_alias_example_alias_producer_with_no_taskflow', 'dataset_alias_example_alias_consumer_with_no_taskflow', 'dataset_s3_bucket_consumer_with_no_taskflow', 'dataset_s3_bucket_producer_with_no_taskflow' retrieved from /home/dataengineer/.pyenv/versions/3.9.21/lib/python3.9/site-packages/airflow/example_dags/example_dataset_alias_with_no_taskflow.py
[2025-03-08T01:04:17.673+0700] {logging_mixin.py:190} INFO - [2025-03-08T01:04:17.673+0700] {dag.py:3239} INFO - Sync 4 DAGs
[2025-03-08T01:04:17.694+0700] {logging_mixin.py:190} INFO - [2025-03-08T01:04:17.694+0700] {dag.py:4180} INFO - Setting next_dagrun for dataset_alias_example_alias_consumer_with_no_taskflow to None, run_after=None
[2025-03-08T01:04:17.697+0700] {logging_mixin.py:190} INFO - [2025-03-08T01:04:17.696+0700] {dag.py:4180} INFO - Setting next_dagrun for dataset_alias_example_alias_producer_with_no_taskflow to None, run_after=None
[2025-03-08T01:04:17.697+0700] {logging_mixin.py:190} INFO - [2025-03-08T01:04:17.697+0700] {dag.py:4180} INFO - Setting next_dagrun for dataset_s3_bucket_consumer_with_no_taskflow to None, run_after=None
[2025-03-08T01:04:17.698+0700] {logging_mixin.py:190} INFO - [2025-03-08T01:04:17.698+0700] {dag.py:4180} INFO - Setting next_dagrun for dataset_s3_bucket_producer_with_no_taskflow to None, run_after=None
[2025-03-08T01:04:17.722+0700] {processor.py:208} INFO - Processing /home/dataengineer/.pyenv/versions/3.9.21/lib/python3.9/site-packages/airflow/example_dags/example_dataset_alias_with_no_taskflow.py took 0.100 seconds
[2025-03-08T02:29:36.937+0700] {processor.py:186} INFO - Started process (PID=67602) to work on /home/dataengineer/.pyenv/versions/3.9.21/lib/python3.9/site-packages/airflow/example_dags/example_dataset_alias_with_no_taskflow.py
[2025-03-08T02:29:36.938+0700] {processor.py:914} INFO - Processing file /home/dataengineer/.pyenv/versions/3.9.21/lib/python3.9/site-packages/airflow/example_dags/example_dataset_alias_with_no_taskflow.py for tasks to queue
[2025-03-08T02:29:36.940+0700] {logging_mixin.py:190} INFO - [2025-03-08T02:29:36.940+0700] {dagbag.py:588} INFO - Filling up the DagBag from /home/dataengineer/.pyenv/versions/3.9.21/lib/python3.9/site-packages/airflow/example_dags/example_dataset_alias_with_no_taskflow.py
[2025-03-08T02:29:36.957+0700] {processor.py:925} INFO - DAG(s) 'dataset_alias_example_alias_consumer_with_no_taskflow', 'dataset_s3_bucket_producer_with_no_taskflow', 'dataset_alias_example_alias_producer_with_no_taskflow', 'dataset_s3_bucket_consumer_with_no_taskflow' retrieved from /home/dataengineer/.pyenv/versions/3.9.21/lib/python3.9/site-packages/airflow/example_dags/example_dataset_alias_with_no_taskflow.py
[2025-03-08T02:29:36.978+0700] {logging_mixin.py:190} INFO - [2025-03-08T02:29:36.978+0700] {dag.py:3239} INFO - Sync 4 DAGs
[2025-03-08T02:29:36.995+0700] {logging_mixin.py:190} INFO - [2025-03-08T02:29:36.995+0700] {dag.py:4180} INFO - Setting next_dagrun for dataset_alias_example_alias_consumer_with_no_taskflow to None, run_after=None
[2025-03-08T02:29:36.997+0700] {logging_mixin.py:190} INFO - [2025-03-08T02:29:36.997+0700] {dag.py:4180} INFO - Setting next_dagrun for dataset_alias_example_alias_producer_with_no_taskflow to None, run_after=None
[2025-03-08T02:29:36.998+0700] {logging_mixin.py:190} INFO - [2025-03-08T02:29:36.998+0700] {dag.py:4180} INFO - Setting next_dagrun for dataset_s3_bucket_consumer_with_no_taskflow to None, run_after=None
[2025-03-08T02:29:36.999+0700] {logging_mixin.py:190} INFO - [2025-03-08T02:29:36.999+0700] {dag.py:4180} INFO - Setting next_dagrun for dataset_s3_bucket_producer_with_no_taskflow to None, run_after=None
[2025-03-08T02:29:37.019+0700] {processor.py:208} INFO - Processing /home/dataengineer/.pyenv/versions/3.9.21/lib/python3.9/site-packages/airflow/example_dags/example_dataset_alias_with_no_taskflow.py took 0.087 seconds
[2025-03-08T02:30:35.274+0700] {processor.py:186} INFO - Started process (PID=68066) to work on /home/dataengineer/.pyenv/versions/3.9.21/lib/python3.9/site-packages/airflow/example_dags/example_dataset_alias_with_no_taskflow.py
[2025-03-08T02:30:35.275+0700] {processor.py:914} INFO - Processing file /home/dataengineer/.pyenv/versions/3.9.21/lib/python3.9/site-packages/airflow/example_dags/example_dataset_alias_with_no_taskflow.py for tasks to queue
[2025-03-08T02:30:35.277+0700] {logging_mixin.py:190} INFO - [2025-03-08T02:30:35.276+0700] {dagbag.py:588} INFO - Filling up the DagBag from /home/dataengineer/.pyenv/versions/3.9.21/lib/python3.9/site-packages/airflow/example_dags/example_dataset_alias_with_no_taskflow.py
[2025-03-08T02:30:35.295+0700] {processor.py:925} INFO - DAG(s) 'dataset_s3_bucket_producer_with_no_taskflow', 'dataset_s3_bucket_consumer_with_no_taskflow', 'dataset_alias_example_alias_producer_with_no_taskflow', 'dataset_alias_example_alias_consumer_with_no_taskflow' retrieved from /home/dataengineer/.pyenv/versions/3.9.21/lib/python3.9/site-packages/airflow/example_dags/example_dataset_alias_with_no_taskflow.py
[2025-03-08T02:30:35.312+0700] {logging_mixin.py:190} INFO - [2025-03-08T02:30:35.312+0700] {dag.py:3239} INFO - Sync 4 DAGs
[2025-03-08T02:30:35.331+0700] {logging_mixin.py:190} INFO - [2025-03-08T02:30:35.331+0700] {dag.py:4180} INFO - Setting next_dagrun for dataset_alias_example_alias_consumer_with_no_taskflow to None, run_after=None
[2025-03-08T02:30:35.333+0700] {logging_mixin.py:190} INFO - [2025-03-08T02:30:35.333+0700] {dag.py:4180} INFO - Setting next_dagrun for dataset_alias_example_alias_producer_with_no_taskflow to None, run_after=None
[2025-03-08T02:30:35.334+0700] {logging_mixin.py:190} INFO - [2025-03-08T02:30:35.334+0700] {dag.py:4180} INFO - Setting next_dagrun for dataset_s3_bucket_consumer_with_no_taskflow to None, run_after=None
[2025-03-08T02:30:35.335+0700] {logging_mixin.py:190} INFO - [2025-03-08T02:30:35.335+0700] {dag.py:4180} INFO - Setting next_dagrun for dataset_s3_bucket_producer_with_no_taskflow to None, run_after=None
[2025-03-08T02:30:35.356+0700] {processor.py:208} INFO - Processing /home/dataengineer/.pyenv/versions/3.9.21/lib/python3.9/site-packages/airflow/example_dags/example_dataset_alias_with_no_taskflow.py took 0.087 seconds
[2025-03-08T02:31:31.350+0700] {processor.py:186} INFO - Started process (PID=68806) to work on /home/dataengineer/.pyenv/versions/3.9.21/lib/python3.9/site-packages/airflow/example_dags/example_dataset_alias_with_no_taskflow.py
[2025-03-08T02:31:31.352+0700] {processor.py:914} INFO - Processing file /home/dataengineer/.pyenv/versions/3.9.21/lib/python3.9/site-packages/airflow/example_dags/example_dataset_alias_with_no_taskflow.py for tasks to queue
[2025-03-08T02:31:31.356+0700] {logging_mixin.py:190} INFO - [2025-03-08T02:31:31.354+0700] {dagbag.py:588} INFO - Filling up the DagBag from /home/dataengineer/.pyenv/versions/3.9.21/lib/python3.9/site-packages/airflow/example_dags/example_dataset_alias_with_no_taskflow.py
[2025-03-08T02:31:31.388+0700] {processor.py:925} INFO - DAG(s) 'dataset_alias_example_alias_producer_with_no_taskflow', 'dataset_s3_bucket_consumer_with_no_taskflow', 'dataset_alias_example_alias_consumer_with_no_taskflow', 'dataset_s3_bucket_producer_with_no_taskflow' retrieved from /home/dataengineer/.pyenv/versions/3.9.21/lib/python3.9/site-packages/airflow/example_dags/example_dataset_alias_with_no_taskflow.py
[2025-03-08T02:31:31.419+0700] {logging_mixin.py:190} INFO - [2025-03-08T02:31:31.419+0700] {dag.py:3239} INFO - Sync 4 DAGs
[2025-03-08T02:31:31.446+0700] {logging_mixin.py:190} INFO - [2025-03-08T02:31:31.446+0700] {dag.py:4180} INFO - Setting next_dagrun for dataset_alias_example_alias_consumer_with_no_taskflow to None, run_after=None
[2025-03-08T02:31:31.451+0700] {logging_mixin.py:190} INFO - [2025-03-08T02:31:31.451+0700] {dag.py:4180} INFO - Setting next_dagrun for dataset_alias_example_alias_producer_with_no_taskflow to None, run_after=None
[2025-03-08T02:31:31.453+0700] {logging_mixin.py:190} INFO - [2025-03-08T02:31:31.453+0700] {dag.py:4180} INFO - Setting next_dagrun for dataset_s3_bucket_consumer_with_no_taskflow to None, run_after=None
[2025-03-08T02:31:31.455+0700] {logging_mixin.py:190} INFO - [2025-03-08T02:31:31.454+0700] {dag.py:4180} INFO - Setting next_dagrun for dataset_s3_bucket_producer_with_no_taskflow to None, run_after=None
[2025-03-08T02:31:31.496+0700] {processor.py:208} INFO - Processing /home/dataengineer/.pyenv/versions/3.9.21/lib/python3.9/site-packages/airflow/example_dags/example_dataset_alias_with_no_taskflow.py took 0.159 seconds
[2025-03-08T02:32:28.621+0700] {processor.py:186} INFO - Started process (PID=69081) to work on /home/dataengineer/.pyenv/versions/3.9.21/lib/python3.9/site-packages/airflow/example_dags/example_dataset_alias_with_no_taskflow.py
[2025-03-08T02:32:28.622+0700] {processor.py:914} INFO - Processing file /home/dataengineer/.pyenv/versions/3.9.21/lib/python3.9/site-packages/airflow/example_dags/example_dataset_alias_with_no_taskflow.py for tasks to queue
[2025-03-08T02:32:28.625+0700] {logging_mixin.py:190} INFO - [2025-03-08T02:32:28.625+0700] {dagbag.py:588} INFO - Filling up the DagBag from /home/dataengineer/.pyenv/versions/3.9.21/lib/python3.9/site-packages/airflow/example_dags/example_dataset_alias_with_no_taskflow.py
[2025-03-08T02:32:28.648+0700] {processor.py:925} INFO - DAG(s) 'dataset_alias_example_alias_consumer_with_no_taskflow', 'dataset_s3_bucket_producer_with_no_taskflow', 'dataset_s3_bucket_consumer_with_no_taskflow', 'dataset_alias_example_alias_producer_with_no_taskflow' retrieved from /home/dataengineer/.pyenv/versions/3.9.21/lib/python3.9/site-packages/airflow/example_dags/example_dataset_alias_with_no_taskflow.py
[2025-03-08T02:32:28.670+0700] {logging_mixin.py:190} INFO - [2025-03-08T02:32:28.669+0700] {dag.py:3239} INFO - Sync 4 DAGs
[2025-03-08T02:32:28.690+0700] {logging_mixin.py:190} INFO - [2025-03-08T02:32:28.690+0700] {dag.py:4180} INFO - Setting next_dagrun for dataset_alias_example_alias_consumer_with_no_taskflow to None, run_after=None
[2025-03-08T02:32:28.693+0700] {logging_mixin.py:190} INFO - [2025-03-08T02:32:28.693+0700] {dag.py:4180} INFO - Setting next_dagrun for dataset_alias_example_alias_producer_with_no_taskflow to None, run_after=None
[2025-03-08T02:32:28.694+0700] {logging_mixin.py:190} INFO - [2025-03-08T02:32:28.694+0700] {dag.py:4180} INFO - Setting next_dagrun for dataset_s3_bucket_consumer_with_no_taskflow to None, run_after=None
[2025-03-08T02:32:28.695+0700] {logging_mixin.py:190} INFO - [2025-03-08T02:32:28.695+0700] {dag.py:4180} INFO - Setting next_dagrun for dataset_s3_bucket_producer_with_no_taskflow to None, run_after=None
[2025-03-08T02:32:28.718+0700] {processor.py:208} INFO - Processing /home/dataengineer/.pyenv/versions/3.9.21/lib/python3.9/site-packages/airflow/example_dags/example_dataset_alias_with_no_taskflow.py took 0.102 seconds
[2025-03-08T02:33:26.408+0700] {processor.py:186} INFO - Started process (PID=69336) to work on /home/dataengineer/.pyenv/versions/3.9.21/lib/python3.9/site-packages/airflow/example_dags/example_dataset_alias_with_no_taskflow.py
[2025-03-08T02:33:26.410+0700] {processor.py:914} INFO - Processing file /home/dataengineer/.pyenv/versions/3.9.21/lib/python3.9/site-packages/airflow/example_dags/example_dataset_alias_with_no_taskflow.py for tasks to queue
[2025-03-08T02:33:26.411+0700] {logging_mixin.py:190} INFO - [2025-03-08T02:33:26.411+0700] {dagbag.py:588} INFO - Filling up the DagBag from /home/dataengineer/.pyenv/versions/3.9.21/lib/python3.9/site-packages/airflow/example_dags/example_dataset_alias_with_no_taskflow.py
[2025-03-08T02:33:26.430+0700] {processor.py:925} INFO - DAG(s) 'dataset_alias_example_alias_producer_with_no_taskflow', 'dataset_s3_bucket_producer_with_no_taskflow', 'dataset_alias_example_alias_consumer_with_no_taskflow', 'dataset_s3_bucket_consumer_with_no_taskflow' retrieved from /home/dataengineer/.pyenv/versions/3.9.21/lib/python3.9/site-packages/airflow/example_dags/example_dataset_alias_with_no_taskflow.py
[2025-03-08T02:33:26.448+0700] {logging_mixin.py:190} INFO - [2025-03-08T02:33:26.448+0700] {dag.py:3239} INFO - Sync 4 DAGs
[2025-03-08T02:33:26.467+0700] {logging_mixin.py:190} INFO - [2025-03-08T02:33:26.467+0700] {dag.py:4180} INFO - Setting next_dagrun for dataset_alias_example_alias_consumer_with_no_taskflow to None, run_after=None
[2025-03-08T02:33:26.470+0700] {logging_mixin.py:190} INFO - [2025-03-08T02:33:26.469+0700] {dag.py:4180} INFO - Setting next_dagrun for dataset_alias_example_alias_producer_with_no_taskflow to None, run_after=None
[2025-03-08T02:33:26.471+0700] {logging_mixin.py:190} INFO - [2025-03-08T02:33:26.471+0700] {dag.py:4180} INFO - Setting next_dagrun for dataset_s3_bucket_consumer_with_no_taskflow to None, run_after=None
[2025-03-08T02:33:26.472+0700] {logging_mixin.py:190} INFO - [2025-03-08T02:33:26.472+0700] {dag.py:4180} INFO - Setting next_dagrun for dataset_s3_bucket_producer_with_no_taskflow to None, run_after=None
[2025-03-08T02:33:26.493+0700] {processor.py:208} INFO - Processing /home/dataengineer/.pyenv/versions/3.9.21/lib/python3.9/site-packages/airflow/example_dags/example_dataset_alias_with_no_taskflow.py took 0.091 seconds
[2025-03-08T02:35:01.637+0700] {processor.py:186} INFO - Started process (PID=70419) to work on /home/dataengineer/.pyenv/versions/3.9.21/lib/python3.9/site-packages/airflow/example_dags/example_dataset_alias_with_no_taskflow.py
[2025-03-08T02:35:01.638+0700] {processor.py:914} INFO - Processing file /home/dataengineer/.pyenv/versions/3.9.21/lib/python3.9/site-packages/airflow/example_dags/example_dataset_alias_with_no_taskflow.py for tasks to queue
[2025-03-08T02:35:01.641+0700] {logging_mixin.py:190} INFO - [2025-03-08T02:35:01.640+0700] {dagbag.py:588} INFO - Filling up the DagBag from /home/dataengineer/.pyenv/versions/3.9.21/lib/python3.9/site-packages/airflow/example_dags/example_dataset_alias_with_no_taskflow.py
[2025-03-08T02:35:01.665+0700] {processor.py:925} INFO - DAG(s) 'dataset_s3_bucket_producer_with_no_taskflow', 'dataset_s3_bucket_consumer_with_no_taskflow', 'dataset_alias_example_alias_producer_with_no_taskflow', 'dataset_alias_example_alias_consumer_with_no_taskflow' retrieved from /home/dataengineer/.pyenv/versions/3.9.21/lib/python3.9/site-packages/airflow/example_dags/example_dataset_alias_with_no_taskflow.py
[2025-03-08T02:35:01.692+0700] {logging_mixin.py:190} INFO - [2025-03-08T02:35:01.692+0700] {dag.py:3239} INFO - Sync 4 DAGs
[2025-03-08T02:35:01.712+0700] {logging_mixin.py:190} INFO - [2025-03-08T02:35:01.712+0700] {dag.py:4180} INFO - Setting next_dagrun for dataset_alias_example_alias_consumer_with_no_taskflow to None, run_after=None
[2025-03-08T02:35:01.715+0700] {logging_mixin.py:190} INFO - [2025-03-08T02:35:01.714+0700] {dag.py:4180} INFO - Setting next_dagrun for dataset_alias_example_alias_producer_with_no_taskflow to None, run_after=None
[2025-03-08T02:35:01.716+0700] {logging_mixin.py:190} INFO - [2025-03-08T02:35:01.716+0700] {dag.py:4180} INFO - Setting next_dagrun for dataset_s3_bucket_consumer_with_no_taskflow to None, run_after=None
[2025-03-08T02:35:01.718+0700] {logging_mixin.py:190} INFO - [2025-03-08T02:35:01.717+0700] {dag.py:4180} INFO - Setting next_dagrun for dataset_s3_bucket_producer_with_no_taskflow to None, run_after=None
[2025-03-08T02:35:01.740+0700] {processor.py:208} INFO - Processing /home/dataengineer/.pyenv/versions/3.9.21/lib/python3.9/site-packages/airflow/example_dags/example_dataset_alias_with_no_taskflow.py took 0.111 seconds
[2025-03-08T02:36:02.032+0700] {processor.py:186} INFO - Started process (PID=70847) to work on /home/dataengineer/.pyenv/versions/3.9.21/lib/python3.9/site-packages/airflow/example_dags/example_dataset_alias_with_no_taskflow.py
[2025-03-08T02:36:02.033+0700] {processor.py:914} INFO - Processing file /home/dataengineer/.pyenv/versions/3.9.21/lib/python3.9/site-packages/airflow/example_dags/example_dataset_alias_with_no_taskflow.py for tasks to queue
[2025-03-08T02:36:02.035+0700] {logging_mixin.py:190} INFO - [2025-03-08T02:36:02.035+0700] {dagbag.py:588} INFO - Filling up the DagBag from /home/dataengineer/.pyenv/versions/3.9.21/lib/python3.9/site-packages/airflow/example_dags/example_dataset_alias_with_no_taskflow.py
[2025-03-08T02:36:02.057+0700] {processor.py:925} INFO - DAG(s) 'dataset_s3_bucket_consumer_with_no_taskflow', 'dataset_alias_example_alias_producer_with_no_taskflow', 'dataset_alias_example_alias_consumer_with_no_taskflow', 'dataset_s3_bucket_producer_with_no_taskflow' retrieved from /home/dataengineer/.pyenv/versions/3.9.21/lib/python3.9/site-packages/airflow/example_dags/example_dataset_alias_with_no_taskflow.py
[2025-03-08T02:36:02.081+0700] {logging_mixin.py:190} INFO - [2025-03-08T02:36:02.081+0700] {dag.py:3239} INFO - Sync 4 DAGs
[2025-03-08T02:36:02.102+0700] {logging_mixin.py:190} INFO - [2025-03-08T02:36:02.102+0700] {dag.py:4180} INFO - Setting next_dagrun for dataset_alias_example_alias_consumer_with_no_taskflow to None, run_after=None
[2025-03-08T02:36:02.105+0700] {logging_mixin.py:190} INFO - [2025-03-08T02:36:02.104+0700] {dag.py:4180} INFO - Setting next_dagrun for dataset_alias_example_alias_producer_with_no_taskflow to None, run_after=None
[2025-03-08T02:36:02.106+0700] {logging_mixin.py:190} INFO - [2025-03-08T02:36:02.106+0700] {dag.py:4180} INFO - Setting next_dagrun for dataset_s3_bucket_consumer_with_no_taskflow to None, run_after=None
[2025-03-08T02:36:02.107+0700] {logging_mixin.py:190} INFO - [2025-03-08T02:36:02.107+0700] {dag.py:4180} INFO - Setting next_dagrun for dataset_s3_bucket_producer_with_no_taskflow to None, run_after=None
[2025-03-08T02:36:02.132+0700] {processor.py:208} INFO - Processing /home/dataengineer/.pyenv/versions/3.9.21/lib/python3.9/site-packages/airflow/example_dags/example_dataset_alias_with_no_taskflow.py took 0.106 seconds
[2025-03-08T02:37:03.417+0700] {processor.py:186} INFO - Started process (PID=71294) to work on /home/dataengineer/.pyenv/versions/3.9.21/lib/python3.9/site-packages/airflow/example_dags/example_dataset_alias_with_no_taskflow.py
[2025-03-08T02:37:03.418+0700] {processor.py:914} INFO - Processing file /home/dataengineer/.pyenv/versions/3.9.21/lib/python3.9/site-packages/airflow/example_dags/example_dataset_alias_with_no_taskflow.py for tasks to queue
[2025-03-08T02:37:03.420+0700] {logging_mixin.py:190} INFO - [2025-03-08T02:37:03.420+0700] {dagbag.py:588} INFO - Filling up the DagBag from /home/dataengineer/.pyenv/versions/3.9.21/lib/python3.9/site-packages/airflow/example_dags/example_dataset_alias_with_no_taskflow.py
[2025-03-08T02:37:03.440+0700] {processor.py:925} INFO - DAG(s) 'dataset_s3_bucket_consumer_with_no_taskflow', 'dataset_alias_example_alias_producer_with_no_taskflow', 'dataset_alias_example_alias_consumer_with_no_taskflow', 'dataset_s3_bucket_producer_with_no_taskflow' retrieved from /home/dataengineer/.pyenv/versions/3.9.21/lib/python3.9/site-packages/airflow/example_dags/example_dataset_alias_with_no_taskflow.py
[2025-03-08T02:37:03.461+0700] {logging_mixin.py:190} INFO - [2025-03-08T02:37:03.460+0700] {dag.py:3239} INFO - Sync 4 DAGs
[2025-03-08T02:37:03.480+0700] {logging_mixin.py:190} INFO - [2025-03-08T02:37:03.479+0700] {dag.py:4180} INFO - Setting next_dagrun for dataset_alias_example_alias_consumer_with_no_taskflow to None, run_after=None
[2025-03-08T02:37:03.482+0700] {logging_mixin.py:190} INFO - [2025-03-08T02:37:03.482+0700] {dag.py:4180} INFO - Setting next_dagrun for dataset_alias_example_alias_producer_with_no_taskflow to None, run_after=None
[2025-03-08T02:37:03.483+0700] {logging_mixin.py:190} INFO - [2025-03-08T02:37:03.483+0700] {dag.py:4180} INFO - Setting next_dagrun for dataset_s3_bucket_consumer_with_no_taskflow to None, run_after=None
[2025-03-08T02:37:03.484+0700] {logging_mixin.py:190} INFO - [2025-03-08T02:37:03.484+0700] {dag.py:4180} INFO - Setting next_dagrun for dataset_s3_bucket_producer_with_no_taskflow to None, run_after=None
[2025-03-08T02:37:03.508+0700] {processor.py:208} INFO - Processing /home/dataengineer/.pyenv/versions/3.9.21/lib/python3.9/site-packages/airflow/example_dags/example_dataset_alias_with_no_taskflow.py took 0.097 seconds
[2025-03-08T02:38:07.564+0700] {processor.py:186} INFO - Started process (PID=71733) to work on /home/dataengineer/.pyenv/versions/3.9.21/lib/python3.9/site-packages/airflow/example_dags/example_dataset_alias_with_no_taskflow.py
[2025-03-08T02:38:07.566+0700] {processor.py:914} INFO - Processing file /home/dataengineer/.pyenv/versions/3.9.21/lib/python3.9/site-packages/airflow/example_dags/example_dataset_alias_with_no_taskflow.py for tasks to queue
[2025-03-08T02:38:07.568+0700] {logging_mixin.py:190} INFO - [2025-03-08T02:38:07.568+0700] {dagbag.py:588} INFO - Filling up the DagBag from /home/dataengineer/.pyenv/versions/3.9.21/lib/python3.9/site-packages/airflow/example_dags/example_dataset_alias_with_no_taskflow.py
[2025-03-08T02:38:07.589+0700] {processor.py:925} INFO - DAG(s) 'dataset_alias_example_alias_consumer_with_no_taskflow', 'dataset_alias_example_alias_producer_with_no_taskflow', 'dataset_s3_bucket_producer_with_no_taskflow', 'dataset_s3_bucket_consumer_with_no_taskflow' retrieved from /home/dataengineer/.pyenv/versions/3.9.21/lib/python3.9/site-packages/airflow/example_dags/example_dataset_alias_with_no_taskflow.py
[2025-03-08T02:38:07.608+0700] {logging_mixin.py:190} INFO - [2025-03-08T02:38:07.608+0700] {dag.py:3239} INFO - Sync 4 DAGs
[2025-03-08T02:38:07.627+0700] {logging_mixin.py:190} INFO - [2025-03-08T02:38:07.627+0700] {dag.py:4180} INFO - Setting next_dagrun for dataset_alias_example_alias_consumer_with_no_taskflow to None, run_after=None
[2025-03-08T02:38:07.630+0700] {logging_mixin.py:190} INFO - [2025-03-08T02:38:07.630+0700] {dag.py:4180} INFO - Setting next_dagrun for dataset_alias_example_alias_producer_with_no_taskflow to None, run_after=None
[2025-03-08T02:38:07.631+0700] {logging_mixin.py:190} INFO - [2025-03-08T02:38:07.631+0700] {dag.py:4180} INFO - Setting next_dagrun for dataset_s3_bucket_consumer_with_no_taskflow to None, run_after=None
[2025-03-08T02:38:07.632+0700] {logging_mixin.py:190} INFO - [2025-03-08T02:38:07.632+0700] {dag.py:4180} INFO - Setting next_dagrun for dataset_s3_bucket_producer_with_no_taskflow to None, run_after=None
[2025-03-08T02:38:07.657+0700] {processor.py:208} INFO - Processing /home/dataengineer/.pyenv/versions/3.9.21/lib/python3.9/site-packages/airflow/example_dags/example_dataset_alias_with_no_taskflow.py took 0.098 seconds
[2025-03-08T02:39:07.353+0700] {processor.py:186} INFO - Started process (PID=72470) to work on /home/dataengineer/.pyenv/versions/3.9.21/lib/python3.9/site-packages/airflow/example_dags/example_dataset_alias_with_no_taskflow.py
[2025-03-08T02:39:07.355+0700] {processor.py:914} INFO - Processing file /home/dataengineer/.pyenv/versions/3.9.21/lib/python3.9/site-packages/airflow/example_dags/example_dataset_alias_with_no_taskflow.py for tasks to queue
[2025-03-08T02:39:07.357+0700] {logging_mixin.py:190} INFO - [2025-03-08T02:39:07.356+0700] {dagbag.py:588} INFO - Filling up the DagBag from /home/dataengineer/.pyenv/versions/3.9.21/lib/python3.9/site-packages/airflow/example_dags/example_dataset_alias_with_no_taskflow.py
[2025-03-08T02:39:07.380+0700] {processor.py:925} INFO - DAG(s) 'dataset_s3_bucket_producer_with_no_taskflow', 'dataset_alias_example_alias_consumer_with_no_taskflow', 'dataset_alias_example_alias_producer_with_no_taskflow', 'dataset_s3_bucket_consumer_with_no_taskflow' retrieved from /home/dataengineer/.pyenv/versions/3.9.21/lib/python3.9/site-packages/airflow/example_dags/example_dataset_alias_with_no_taskflow.py
[2025-03-08T02:39:07.409+0700] {logging_mixin.py:190} INFO - [2025-03-08T02:39:07.409+0700] {dag.py:3239} INFO - Sync 4 DAGs
[2025-03-08T02:39:07.434+0700] {logging_mixin.py:190} INFO - [2025-03-08T02:39:07.434+0700] {dag.py:4180} INFO - Setting next_dagrun for dataset_alias_example_alias_consumer_with_no_taskflow to None, run_after=None
[2025-03-08T02:39:07.438+0700] {logging_mixin.py:190} INFO - [2025-03-08T02:39:07.437+0700] {dag.py:4180} INFO - Setting next_dagrun for dataset_alias_example_alias_producer_with_no_taskflow to None, run_after=None
[2025-03-08T02:39:07.443+0700] {logging_mixin.py:190} INFO - [2025-03-08T02:39:07.442+0700] {dag.py:4180} INFO - Setting next_dagrun for dataset_s3_bucket_consumer_with_no_taskflow to None, run_after=None
[2025-03-08T02:39:07.445+0700] {logging_mixin.py:190} INFO - [2025-03-08T02:39:07.445+0700] {dag.py:4180} INFO - Setting next_dagrun for dataset_s3_bucket_producer_with_no_taskflow to None, run_after=None
[2025-03-08T02:39:07.482+0700] {processor.py:208} INFO - Processing /home/dataengineer/.pyenv/versions/3.9.21/lib/python3.9/site-packages/airflow/example_dags/example_dataset_alias_with_no_taskflow.py took 0.134 seconds
