[2025-03-08T00:57:09.563+0700] {processor.py:186} INFO - Started process (PID=36529) to work on /home/dataengineer/.pyenv/versions/3.9.21/lib/python3.9/site-packages/airflow/example_dags/example_sensor_decorator.py
[2025-03-08T00:57:09.563+0700] {processor.py:914} INFO - Processing file /home/dataengineer/.pyenv/versions/3.9.21/lib/python3.9/site-packages/airflow/example_dags/example_sensor_decorator.py for tasks to queue
[2025-03-08T00:57:09.565+0700] {logging_mixin.py:190} INFO - [2025-03-08T00:57:09.565+0700] {dagbag.py:588} INFO - Filling up the DagBag from /home/dataengineer/.pyenv/versions/3.9.21/lib/python3.9/site-packages/airflow/example_dags/example_sensor_decorator.py
[2025-03-08T00:57:09.573+0700] {processor.py:925} INFO - DAG(s) 'example_sensor_decorator' retrieved from /home/dataengineer/.pyenv/versions/3.9.21/lib/python3.9/site-packages/airflow/example_dags/example_sensor_decorator.py
[2025-03-08T00:57:09.588+0700] {logging_mixin.py:190} INFO - [2025-03-08T00:57:09.587+0700] {dag.py:3239} INFO - Sync 1 DAGs
[2025-03-08T00:57:09.599+0700] {logging_mixin.py:190} INFO - [2025-03-08T00:57:09.599+0700] {dag.py:4180} INFO - Setting next_dagrun for example_sensor_decorator to None, run_after=None
[2025-03-08T00:57:09.619+0700] {processor.py:208} INFO - Processing /home/dataengineer/.pyenv/versions/3.9.21/lib/python3.9/site-packages/airflow/example_dags/example_sensor_decorator.py took 0.062 seconds
[2025-03-08T00:58:13.839+0700] {processor.py:186} INFO - Started process (PID=37138) to work on /home/dataengineer/.pyenv/versions/3.9.21/lib/python3.9/site-packages/airflow/example_dags/example_sensor_decorator.py
[2025-03-08T00:58:13.840+0700] {processor.py:914} INFO - Processing file /home/dataengineer/.pyenv/versions/3.9.21/lib/python3.9/site-packages/airflow/example_dags/example_sensor_decorator.py for tasks to queue
[2025-03-08T00:58:13.842+0700] {logging_mixin.py:190} INFO - [2025-03-08T00:58:13.842+0700] {dagbag.py:588} INFO - Filling up the DagBag from /home/dataengineer/.pyenv/versions/3.9.21/lib/python3.9/site-packages/airflow/example_dags/example_sensor_decorator.py
[2025-03-08T00:58:13.850+0700] {processor.py:925} INFO - DAG(s) 'example_sensor_decorator' retrieved from /home/dataengineer/.pyenv/versions/3.9.21/lib/python3.9/site-packages/airflow/example_dags/example_sensor_decorator.py
[2025-03-08T00:58:13.864+0700] {logging_mixin.py:190} INFO - [2025-03-08T00:58:13.863+0700] {dag.py:3239} INFO - Sync 1 DAGs
[2025-03-08T00:58:13.876+0700] {logging_mixin.py:190} INFO - [2025-03-08T00:58:13.875+0700] {dag.py:4180} INFO - Setting next_dagrun for example_sensor_decorator to None, run_after=None
[2025-03-08T00:58:13.895+0700] {processor.py:208} INFO - Processing /home/dataengineer/.pyenv/versions/3.9.21/lib/python3.9/site-packages/airflow/example_dags/example_sensor_decorator.py took 0.062 seconds
[2025-03-08T00:59:15.626+0700] {processor.py:186} INFO - Started process (PID=37568) to work on /home/dataengineer/.pyenv/versions/3.9.21/lib/python3.9/site-packages/airflow/example_dags/example_sensor_decorator.py
[2025-03-08T00:59:15.627+0700] {processor.py:914} INFO - Processing file /home/dataengineer/.pyenv/versions/3.9.21/lib/python3.9/site-packages/airflow/example_dags/example_sensor_decorator.py for tasks to queue
[2025-03-08T00:59:15.629+0700] {logging_mixin.py:190} INFO - [2025-03-08T00:59:15.628+0700] {dagbag.py:588} INFO - Filling up the DagBag from /home/dataengineer/.pyenv/versions/3.9.21/lib/python3.9/site-packages/airflow/example_dags/example_sensor_decorator.py
[2025-03-08T00:59:15.636+0700] {processor.py:925} INFO - DAG(s) 'example_sensor_decorator' retrieved from /home/dataengineer/.pyenv/versions/3.9.21/lib/python3.9/site-packages/airflow/example_dags/example_sensor_decorator.py
[2025-03-08T00:59:15.648+0700] {logging_mixin.py:190} INFO - [2025-03-08T00:59:15.648+0700] {dag.py:3239} INFO - Sync 1 DAGs
[2025-03-08T00:59:15.660+0700] {logging_mixin.py:190} INFO - [2025-03-08T00:59:15.660+0700] {dag.py:4180} INFO - Setting next_dagrun for example_sensor_decorator to None, run_after=None
[2025-03-08T00:59:15.678+0700] {processor.py:208} INFO - Processing /home/dataengineer/.pyenv/versions/3.9.21/lib/python3.9/site-packages/airflow/example_dags/example_sensor_decorator.py took 0.057 seconds
[2025-03-08T01:00:17.325+0700] {processor.py:186} INFO - Started process (PID=37996) to work on /home/dataengineer/.pyenv/versions/3.9.21/lib/python3.9/site-packages/airflow/example_dags/example_sensor_decorator.py
[2025-03-08T01:00:17.326+0700] {processor.py:914} INFO - Processing file /home/dataengineer/.pyenv/versions/3.9.21/lib/python3.9/site-packages/airflow/example_dags/example_sensor_decorator.py for tasks to queue
[2025-03-08T01:00:17.329+0700] {logging_mixin.py:190} INFO - [2025-03-08T01:00:17.329+0700] {dagbag.py:588} INFO - Filling up the DagBag from /home/dataengineer/.pyenv/versions/3.9.21/lib/python3.9/site-packages/airflow/example_dags/example_sensor_decorator.py
[2025-03-08T01:00:17.337+0700] {processor.py:925} INFO - DAG(s) 'example_sensor_decorator' retrieved from /home/dataengineer/.pyenv/versions/3.9.21/lib/python3.9/site-packages/airflow/example_dags/example_sensor_decorator.py
[2025-03-08T01:00:17.350+0700] {logging_mixin.py:190} INFO - [2025-03-08T01:00:17.350+0700] {dag.py:3239} INFO - Sync 1 DAGs
[2025-03-08T01:00:17.361+0700] {logging_mixin.py:190} INFO - [2025-03-08T01:00:17.361+0700] {dag.py:4180} INFO - Setting next_dagrun for example_sensor_decorator to None, run_after=None
[2025-03-08T01:00:17.379+0700] {processor.py:208} INFO - Processing /home/dataengineer/.pyenv/versions/3.9.21/lib/python3.9/site-packages/airflow/example_dags/example_sensor_decorator.py took 0.060 seconds
[2025-03-08T01:01:18.876+0700] {processor.py:186} INFO - Started process (PID=38428) to work on /home/dataengineer/.pyenv/versions/3.9.21/lib/python3.9/site-packages/airflow/example_dags/example_sensor_decorator.py
[2025-03-08T01:01:18.877+0700] {processor.py:914} INFO - Processing file /home/dataengineer/.pyenv/versions/3.9.21/lib/python3.9/site-packages/airflow/example_dags/example_sensor_decorator.py for tasks to queue
[2025-03-08T01:01:18.878+0700] {logging_mixin.py:190} INFO - [2025-03-08T01:01:18.878+0700] {dagbag.py:588} INFO - Filling up the DagBag from /home/dataengineer/.pyenv/versions/3.9.21/lib/python3.9/site-packages/airflow/example_dags/example_sensor_decorator.py
[2025-03-08T01:01:18.885+0700] {processor.py:925} INFO - DAG(s) 'example_sensor_decorator' retrieved from /home/dataengineer/.pyenv/versions/3.9.21/lib/python3.9/site-packages/airflow/example_dags/example_sensor_decorator.py
[2025-03-08T01:01:18.897+0700] {logging_mixin.py:190} INFO - [2025-03-08T01:01:18.897+0700] {dag.py:3239} INFO - Sync 1 DAGs
[2025-03-08T01:01:18.908+0700] {logging_mixin.py:190} INFO - [2025-03-08T01:01:18.908+0700] {dag.py:4180} INFO - Setting next_dagrun for example_sensor_decorator to None, run_after=None
[2025-03-08T01:01:18.926+0700] {processor.py:208} INFO - Processing /home/dataengineer/.pyenv/versions/3.9.21/lib/python3.9/site-packages/airflow/example_dags/example_sensor_decorator.py took 0.056 seconds
[2025-03-08T01:02:20.783+0700] {processor.py:186} INFO - Started process (PID=38957) to work on /home/dataengineer/.pyenv/versions/3.9.21/lib/python3.9/site-packages/airflow/example_dags/example_sensor_decorator.py
[2025-03-08T01:02:20.785+0700] {processor.py:914} INFO - Processing file /home/dataengineer/.pyenv/versions/3.9.21/lib/python3.9/site-packages/airflow/example_dags/example_sensor_decorator.py for tasks to queue
[2025-03-08T01:02:20.787+0700] {logging_mixin.py:190} INFO - [2025-03-08T01:02:20.786+0700] {dagbag.py:588} INFO - Filling up the DagBag from /home/dataengineer/.pyenv/versions/3.9.21/lib/python3.9/site-packages/airflow/example_dags/example_sensor_decorator.py
[2025-03-08T01:02:20.794+0700] {processor.py:925} INFO - DAG(s) 'example_sensor_decorator' retrieved from /home/dataengineer/.pyenv/versions/3.9.21/lib/python3.9/site-packages/airflow/example_dags/example_sensor_decorator.py
[2025-03-08T01:02:20.806+0700] {logging_mixin.py:190} INFO - [2025-03-08T01:02:20.806+0700] {dag.py:3239} INFO - Sync 1 DAGs
[2025-03-08T01:02:20.819+0700] {logging_mixin.py:190} INFO - [2025-03-08T01:02:20.818+0700] {dag.py:4180} INFO - Setting next_dagrun for example_sensor_decorator to None, run_after=None
[2025-03-08T01:02:20.840+0700] {processor.py:208} INFO - Processing /home/dataengineer/.pyenv/versions/3.9.21/lib/python3.9/site-packages/airflow/example_dags/example_sensor_decorator.py took 0.062 seconds
[2025-03-08T01:03:21.028+0700] {processor.py:186} INFO - Started process (PID=39576) to work on /home/dataengineer/.pyenv/versions/3.9.21/lib/python3.9/site-packages/airflow/example_dags/example_sensor_decorator.py
[2025-03-08T01:03:21.038+0700] {processor.py:914} INFO - Processing file /home/dataengineer/.pyenv/versions/3.9.21/lib/python3.9/site-packages/airflow/example_dags/example_sensor_decorator.py for tasks to queue
[2025-03-08T01:03:21.040+0700] {logging_mixin.py:190} INFO - [2025-03-08T01:03:21.040+0700] {dagbag.py:588} INFO - Filling up the DagBag from /home/dataengineer/.pyenv/versions/3.9.21/lib/python3.9/site-packages/airflow/example_dags/example_sensor_decorator.py
[2025-03-08T01:03:21.049+0700] {processor.py:925} INFO - DAG(s) 'example_sensor_decorator' retrieved from /home/dataengineer/.pyenv/versions/3.9.21/lib/python3.9/site-packages/airflow/example_dags/example_sensor_decorator.py
[2025-03-08T01:03:21.098+0700] {logging_mixin.py:190} INFO - [2025-03-08T01:03:21.097+0700] {dag.py:3239} INFO - Sync 1 DAGs
[2025-03-08T01:03:21.129+0700] {logging_mixin.py:190} INFO - [2025-03-08T01:03:21.129+0700] {dag.py:4180} INFO - Setting next_dagrun for example_sensor_decorator to None, run_after=None
[2025-03-08T01:03:21.151+0700] {processor.py:208} INFO - Processing /home/dataengineer/.pyenv/versions/3.9.21/lib/python3.9/site-packages/airflow/example_dags/example_sensor_decorator.py took 0.130 seconds
[2025-03-08T01:04:22.668+0700] {processor.py:186} INFO - Started process (PID=41258) to work on /home/dataengineer/.pyenv/versions/3.9.21/lib/python3.9/site-packages/airflow/example_dags/example_sensor_decorator.py
[2025-03-08T01:04:22.669+0700] {processor.py:914} INFO - Processing file /home/dataengineer/.pyenv/versions/3.9.21/lib/python3.9/site-packages/airflow/example_dags/example_sensor_decorator.py for tasks to queue
[2025-03-08T01:04:22.671+0700] {logging_mixin.py:190} INFO - [2025-03-08T01:04:22.671+0700] {dagbag.py:588} INFO - Filling up the DagBag from /home/dataengineer/.pyenv/versions/3.9.21/lib/python3.9/site-packages/airflow/example_dags/example_sensor_decorator.py
[2025-03-08T01:04:22.678+0700] {processor.py:925} INFO - DAG(s) 'example_sensor_decorator' retrieved from /home/dataengineer/.pyenv/versions/3.9.21/lib/python3.9/site-packages/airflow/example_dags/example_sensor_decorator.py
[2025-03-08T01:04:22.690+0700] {logging_mixin.py:190} INFO - [2025-03-08T01:04:22.690+0700] {dag.py:3239} INFO - Sync 1 DAGs
[2025-03-08T01:04:22.703+0700] {logging_mixin.py:190} INFO - [2025-03-08T01:04:22.702+0700] {dag.py:4180} INFO - Setting next_dagrun for example_sensor_decorator to None, run_after=None
[2025-03-08T01:04:22.724+0700] {processor.py:208} INFO - Processing /home/dataengineer/.pyenv/versions/3.9.21/lib/python3.9/site-packages/airflow/example_dags/example_sensor_decorator.py took 0.061 seconds
[2025-03-08T02:29:41.988+0700] {processor.py:186} INFO - Started process (PID=67703) to work on /home/dataengineer/.pyenv/versions/3.9.21/lib/python3.9/site-packages/airflow/example_dags/example_sensor_decorator.py
[2025-03-08T02:29:41.989+0700] {processor.py:914} INFO - Processing file /home/dataengineer/.pyenv/versions/3.9.21/lib/python3.9/site-packages/airflow/example_dags/example_sensor_decorator.py for tasks to queue
[2025-03-08T02:29:41.991+0700] {logging_mixin.py:190} INFO - [2025-03-08T02:29:41.991+0700] {dagbag.py:588} INFO - Filling up the DagBag from /home/dataengineer/.pyenv/versions/3.9.21/lib/python3.9/site-packages/airflow/example_dags/example_sensor_decorator.py
[2025-03-08T02:29:42.000+0700] {processor.py:925} INFO - DAG(s) 'example_sensor_decorator' retrieved from /home/dataengineer/.pyenv/versions/3.9.21/lib/python3.9/site-packages/airflow/example_dags/example_sensor_decorator.py
[2025-03-08T02:29:42.015+0700] {logging_mixin.py:190} INFO - [2025-03-08T02:29:42.015+0700] {dag.py:3239} INFO - Sync 1 DAGs
[2025-03-08T02:29:42.027+0700] {logging_mixin.py:190} INFO - [2025-03-08T02:29:42.027+0700] {dag.py:4180} INFO - Setting next_dagrun for example_sensor_decorator to None, run_after=None
[2025-03-08T02:29:42.046+0700] {processor.py:208} INFO - Processing /home/dataengineer/.pyenv/versions/3.9.21/lib/python3.9/site-packages/airflow/example_dags/example_sensor_decorator.py took 0.064 seconds
[2025-03-08T02:30:39.527+0700] {processor.py:186} INFO - Started process (PID=68104) to work on /home/dataengineer/.pyenv/versions/3.9.21/lib/python3.9/site-packages/airflow/example_dags/example_sensor_decorator.py
[2025-03-08T02:30:39.528+0700] {processor.py:914} INFO - Processing file /home/dataengineer/.pyenv/versions/3.9.21/lib/python3.9/site-packages/airflow/example_dags/example_sensor_decorator.py for tasks to queue
[2025-03-08T02:30:39.529+0700] {logging_mixin.py:190} INFO - [2025-03-08T02:30:39.529+0700] {dagbag.py:588} INFO - Filling up the DagBag from /home/dataengineer/.pyenv/versions/3.9.21/lib/python3.9/site-packages/airflow/example_dags/example_sensor_decorator.py
[2025-03-08T02:30:39.538+0700] {processor.py:925} INFO - DAG(s) 'example_sensor_decorator' retrieved from /home/dataengineer/.pyenv/versions/3.9.21/lib/python3.9/site-packages/airflow/example_dags/example_sensor_decorator.py
[2025-03-08T02:30:39.550+0700] {logging_mixin.py:190} INFO - [2025-03-08T02:30:39.550+0700] {dag.py:3239} INFO - Sync 1 DAGs
[2025-03-08T02:30:39.563+0700] {logging_mixin.py:190} INFO - [2025-03-08T02:30:39.562+0700] {dag.py:4180} INFO - Setting next_dagrun for example_sensor_decorator to None, run_after=None
[2025-03-08T02:30:39.582+0700] {processor.py:208} INFO - Processing /home/dataengineer/.pyenv/versions/3.9.21/lib/python3.9/site-packages/airflow/example_dags/example_sensor_decorator.py took 0.061 seconds
[2025-03-08T02:31:37.331+0700] {processor.py:186} INFO - Started process (PID=68849) to work on /home/dataengineer/.pyenv/versions/3.9.21/lib/python3.9/site-packages/airflow/example_dags/example_sensor_decorator.py
[2025-03-08T02:31:37.333+0700] {processor.py:914} INFO - Processing file /home/dataengineer/.pyenv/versions/3.9.21/lib/python3.9/site-packages/airflow/example_dags/example_sensor_decorator.py for tasks to queue
[2025-03-08T02:31:37.334+0700] {logging_mixin.py:190} INFO - [2025-03-08T02:31:37.334+0700] {dagbag.py:588} INFO - Filling up the DagBag from /home/dataengineer/.pyenv/versions/3.9.21/lib/python3.9/site-packages/airflow/example_dags/example_sensor_decorator.py
[2025-03-08T02:31:37.343+0700] {processor.py:925} INFO - DAG(s) 'example_sensor_decorator' retrieved from /home/dataengineer/.pyenv/versions/3.9.21/lib/python3.9/site-packages/airflow/example_dags/example_sensor_decorator.py
[2025-03-08T02:31:37.357+0700] {logging_mixin.py:190} INFO - [2025-03-08T02:31:37.357+0700] {dag.py:3239} INFO - Sync 1 DAGs
[2025-03-08T02:31:37.370+0700] {logging_mixin.py:190} INFO - [2025-03-08T02:31:37.370+0700] {dag.py:4180} INFO - Setting next_dagrun for example_sensor_decorator to None, run_after=None
[2025-03-08T02:31:37.392+0700] {processor.py:208} INFO - Processing /home/dataengineer/.pyenv/versions/3.9.21/lib/python3.9/site-packages/airflow/example_dags/example_sensor_decorator.py took 0.068 seconds
[2025-03-08T02:32:33.043+0700] {processor.py:186} INFO - Started process (PID=69098) to work on /home/dataengineer/.pyenv/versions/3.9.21/lib/python3.9/site-packages/airflow/example_dags/example_sensor_decorator.py
[2025-03-08T02:32:33.044+0700] {processor.py:914} INFO - Processing file /home/dataengineer/.pyenv/versions/3.9.21/lib/python3.9/site-packages/airflow/example_dags/example_sensor_decorator.py for tasks to queue
[2025-03-08T02:32:33.046+0700] {logging_mixin.py:190} INFO - [2025-03-08T02:32:33.045+0700] {dagbag.py:588} INFO - Filling up the DagBag from /home/dataengineer/.pyenv/versions/3.9.21/lib/python3.9/site-packages/airflow/example_dags/example_sensor_decorator.py
[2025-03-08T02:32:33.055+0700] {processor.py:925} INFO - DAG(s) 'example_sensor_decorator' retrieved from /home/dataengineer/.pyenv/versions/3.9.21/lib/python3.9/site-packages/airflow/example_dags/example_sensor_decorator.py
[2025-03-08T02:32:33.070+0700] {logging_mixin.py:190} INFO - [2025-03-08T02:32:33.069+0700] {dag.py:3239} INFO - Sync 1 DAGs
[2025-03-08T02:32:33.084+0700] {logging_mixin.py:190} INFO - [2025-03-08T02:32:33.084+0700] {dag.py:4180} INFO - Setting next_dagrun for example_sensor_decorator to None, run_after=None
[2025-03-08T02:32:33.104+0700] {processor.py:208} INFO - Processing /home/dataengineer/.pyenv/versions/3.9.21/lib/python3.9/site-packages/airflow/example_dags/example_sensor_decorator.py took 0.067 seconds
[2025-03-08T02:33:30.407+0700] {processor.py:186} INFO - Started process (PID=69353) to work on /home/dataengineer/.pyenv/versions/3.9.21/lib/python3.9/site-packages/airflow/example_dags/example_sensor_decorator.py
[2025-03-08T02:33:30.408+0700] {processor.py:914} INFO - Processing file /home/dataengineer/.pyenv/versions/3.9.21/lib/python3.9/site-packages/airflow/example_dags/example_sensor_decorator.py for tasks to queue
[2025-03-08T02:33:30.409+0700] {logging_mixin.py:190} INFO - [2025-03-08T02:33:30.409+0700] {dagbag.py:588} INFO - Filling up the DagBag from /home/dataengineer/.pyenv/versions/3.9.21/lib/python3.9/site-packages/airflow/example_dags/example_sensor_decorator.py
[2025-03-08T02:33:30.416+0700] {processor.py:925} INFO - DAG(s) 'example_sensor_decorator' retrieved from /home/dataengineer/.pyenv/versions/3.9.21/lib/python3.9/site-packages/airflow/example_dags/example_sensor_decorator.py
[2025-03-08T02:33:30.428+0700] {logging_mixin.py:190} INFO - [2025-03-08T02:33:30.428+0700] {dag.py:3239} INFO - Sync 1 DAGs
[2025-03-08T02:33:30.440+0700] {logging_mixin.py:190} INFO - [2025-03-08T02:33:30.440+0700] {dag.py:4180} INFO - Setting next_dagrun for example_sensor_decorator to None, run_after=None
[2025-03-08T02:33:30.457+0700] {processor.py:208} INFO - Processing /home/dataengineer/.pyenv/versions/3.9.21/lib/python3.9/site-packages/airflow/example_dags/example_sensor_decorator.py took 0.056 seconds
[2025-03-08T02:35:05.912+0700] {processor.py:186} INFO - Started process (PID=70439) to work on /home/dataengineer/.pyenv/versions/3.9.21/lib/python3.9/site-packages/airflow/example_dags/example_sensor_decorator.py
[2025-03-08T02:35:05.913+0700] {processor.py:914} INFO - Processing file /home/dataengineer/.pyenv/versions/3.9.21/lib/python3.9/site-packages/airflow/example_dags/example_sensor_decorator.py for tasks to queue
[2025-03-08T02:35:05.915+0700] {logging_mixin.py:190} INFO - [2025-03-08T02:35:05.915+0700] {dagbag.py:588} INFO - Filling up the DagBag from /home/dataengineer/.pyenv/versions/3.9.21/lib/python3.9/site-packages/airflow/example_dags/example_sensor_decorator.py
[2025-03-08T02:35:05.925+0700] {processor.py:925} INFO - DAG(s) 'example_sensor_decorator' retrieved from /home/dataengineer/.pyenv/versions/3.9.21/lib/python3.9/site-packages/airflow/example_dags/example_sensor_decorator.py
[2025-03-08T02:35:05.940+0700] {logging_mixin.py:190} INFO - [2025-03-08T02:35:05.940+0700] {dag.py:3239} INFO - Sync 1 DAGs
[2025-03-08T02:35:05.954+0700] {logging_mixin.py:190} INFO - [2025-03-08T02:35:05.953+0700] {dag.py:4180} INFO - Setting next_dagrun for example_sensor_decorator to None, run_after=None
[2025-03-08T02:35:05.978+0700] {processor.py:208} INFO - Processing /home/dataengineer/.pyenv/versions/3.9.21/lib/python3.9/site-packages/airflow/example_dags/example_sensor_decorator.py took 0.071 seconds
[2025-03-08T02:36:06.601+0700] {processor.py:186} INFO - Started process (PID=70870) to work on /home/dataengineer/.pyenv/versions/3.9.21/lib/python3.9/site-packages/airflow/example_dags/example_sensor_decorator.py
[2025-03-08T02:36:06.602+0700] {processor.py:914} INFO - Processing file /home/dataengineer/.pyenv/versions/3.9.21/lib/python3.9/site-packages/airflow/example_dags/example_sensor_decorator.py for tasks to queue
[2025-03-08T02:36:06.604+0700] {logging_mixin.py:190} INFO - [2025-03-08T02:36:06.604+0700] {dagbag.py:588} INFO - Filling up the DagBag from /home/dataengineer/.pyenv/versions/3.9.21/lib/python3.9/site-packages/airflow/example_dags/example_sensor_decorator.py
[2025-03-08T02:36:06.612+0700] {processor.py:925} INFO - DAG(s) 'example_sensor_decorator' retrieved from /home/dataengineer/.pyenv/versions/3.9.21/lib/python3.9/site-packages/airflow/example_dags/example_sensor_decorator.py
[2025-03-08T02:36:06.625+0700] {logging_mixin.py:190} INFO - [2025-03-08T02:36:06.625+0700] {dag.py:3239} INFO - Sync 1 DAGs
[2025-03-08T02:36:06.636+0700] {logging_mixin.py:190} INFO - [2025-03-08T02:36:06.636+0700] {dag.py:4180} INFO - Setting next_dagrun for example_sensor_decorator to None, run_after=None
[2025-03-08T02:36:06.656+0700] {processor.py:208} INFO - Processing /home/dataengineer/.pyenv/versions/3.9.21/lib/python3.9/site-packages/airflow/example_dags/example_sensor_decorator.py took 0.060 seconds
[2025-03-08T02:37:08.231+0700] {processor.py:186} INFO - Started process (PID=71311) to work on /home/dataengineer/.pyenv/versions/3.9.21/lib/python3.9/site-packages/airflow/example_dags/example_sensor_decorator.py
[2025-03-08T02:37:08.232+0700] {processor.py:914} INFO - Processing file /home/dataengineer/.pyenv/versions/3.9.21/lib/python3.9/site-packages/airflow/example_dags/example_sensor_decorator.py for tasks to queue
[2025-03-08T02:37:08.234+0700] {logging_mixin.py:190} INFO - [2025-03-08T02:37:08.233+0700] {dagbag.py:588} INFO - Filling up the DagBag from /home/dataengineer/.pyenv/versions/3.9.21/lib/python3.9/site-packages/airflow/example_dags/example_sensor_decorator.py
[2025-03-08T02:37:08.241+0700] {processor.py:925} INFO - DAG(s) 'example_sensor_decorator' retrieved from /home/dataengineer/.pyenv/versions/3.9.21/lib/python3.9/site-packages/airflow/example_dags/example_sensor_decorator.py
[2025-03-08T02:37:08.254+0700] {logging_mixin.py:190} INFO - [2025-03-08T02:37:08.253+0700] {dag.py:3239} INFO - Sync 1 DAGs
[2025-03-08T02:37:08.265+0700] {logging_mixin.py:190} INFO - [2025-03-08T02:37:08.265+0700] {dag.py:4180} INFO - Setting next_dagrun for example_sensor_decorator to None, run_after=None
[2025-03-08T02:37:08.284+0700] {processor.py:208} INFO - Processing /home/dataengineer/.pyenv/versions/3.9.21/lib/python3.9/site-packages/airflow/example_dags/example_sensor_decorator.py took 0.059 seconds
[2025-03-08T02:39:12.516+0700] {processor.py:186} INFO - Started process (PID=72495) to work on /home/dataengineer/.pyenv/versions/3.9.21/lib/python3.9/site-packages/airflow/example_dags/example_sensor_decorator.py
[2025-03-08T02:39:12.519+0700] {processor.py:914} INFO - Processing file /home/dataengineer/.pyenv/versions/3.9.21/lib/python3.9/site-packages/airflow/example_dags/example_sensor_decorator.py for tasks to queue
[2025-03-08T02:39:12.521+0700] {logging_mixin.py:190} INFO - [2025-03-08T02:39:12.521+0700] {dagbag.py:588} INFO - Filling up the DagBag from /home/dataengineer/.pyenv/versions/3.9.21/lib/python3.9/site-packages/airflow/example_dags/example_sensor_decorator.py
[2025-03-08T02:39:12.532+0700] {processor.py:925} INFO - DAG(s) 'example_sensor_decorator' retrieved from /home/dataengineer/.pyenv/versions/3.9.21/lib/python3.9/site-packages/airflow/example_dags/example_sensor_decorator.py
[2025-03-08T02:39:12.559+0700] {logging_mixin.py:190} INFO - [2025-03-08T02:39:12.559+0700] {dag.py:3239} INFO - Sync 1 DAGs
[2025-03-08T02:39:12.582+0700] {logging_mixin.py:190} INFO - [2025-03-08T02:39:12.582+0700] {dag.py:4180} INFO - Setting next_dagrun for example_sensor_decorator to None, run_after=None
[2025-03-08T02:39:12.621+0700] {processor.py:208} INFO - Processing /home/dataengineer/.pyenv/versions/3.9.21/lib/python3.9/site-packages/airflow/example_dags/example_sensor_decorator.py took 0.117 seconds
