[2025-03-08T00:56:55.321+0700] {processor.py:186} INFO - Started process (PID=36424) to work on /home/dataengineer/.pyenv/versions/3.9.21/lib/python3.9/site-packages/airflow/example_dags/example_outlet_event_extra.py
[2025-03-08T00:56:55.322+0700] {processor.py:914} INFO - Processing file /home/dataengineer/.pyenv/versions/3.9.21/lib/python3.9/site-packages/airflow/example_dags/example_outlet_event_extra.py for tasks to queue
[2025-03-08T00:56:55.324+0700] {logging_mixin.py:190} INFO - [2025-03-08T00:56:55.324+0700] {dagbag.py:588} INFO - Filling up the DagBag from /home/dataengineer/.pyenv/versions/3.9.21/lib/python3.9/site-packages/airflow/example_dags/example_outlet_event_extra.py
[2025-03-08T00:56:55.338+0700] {processor.py:925} INFO - DAG(s) 'dataset_with_extra_by_yield', 'dataset_with_extra_from_classic_operator', 'dataset_with_extra_by_context' retrieved from /home/dataengineer/.pyenv/versions/3.9.21/lib/python3.9/site-packages/airflow/example_dags/example_outlet_event_extra.py
[2025-03-08T00:56:55.358+0700] {logging_mixin.py:190} INFO - [2025-03-08T00:56:55.358+0700] {dag.py:3239} INFO - Sync 3 DAGs
[2025-03-08T00:56:55.381+0700] {logging_mixin.py:190} INFO - [2025-03-08T00:56:55.380+0700] {dag.py:4180} INFO - Setting next_dagrun for dataset_with_extra_by_context to 2025-03-06 00:00:00+00:00, run_after=2025-03-07 00:00:00+00:00
[2025-03-08T00:56:55.386+0700] {logging_mixin.py:190} INFO - [2025-03-08T00:56:55.385+0700] {dag.py:4180} INFO - Setting next_dagrun for dataset_with_extra_by_yield to 2025-03-06 00:00:00+00:00, run_after=2025-03-07 00:00:00+00:00
[2025-03-08T00:56:55.388+0700] {logging_mixin.py:190} INFO - [2025-03-08T00:56:55.388+0700] {dag.py:4180} INFO - Setting next_dagrun for dataset_with_extra_from_classic_operator to 2025-03-06 00:00:00+00:00, run_after=2025-03-07 00:00:00+00:00
[2025-03-08T00:56:55.411+0700] {processor.py:208} INFO - Processing /home/dataengineer/.pyenv/versions/3.9.21/lib/python3.9/site-packages/airflow/example_dags/example_outlet_event_extra.py took 0.096 seconds
[2025-03-08T00:57:59.640+0700] {processor.py:186} INFO - Started process (PID=37081) to work on /home/dataengineer/.pyenv/versions/3.9.21/lib/python3.9/site-packages/airflow/example_dags/example_outlet_event_extra.py
[2025-03-08T00:57:59.641+0700] {processor.py:914} INFO - Processing file /home/dataengineer/.pyenv/versions/3.9.21/lib/python3.9/site-packages/airflow/example_dags/example_outlet_event_extra.py for tasks to queue
[2025-03-08T00:57:59.643+0700] {logging_mixin.py:190} INFO - [2025-03-08T00:57:59.643+0700] {dagbag.py:588} INFO - Filling up the DagBag from /home/dataengineer/.pyenv/versions/3.9.21/lib/python3.9/site-packages/airflow/example_dags/example_outlet_event_extra.py
[2025-03-08T00:57:59.659+0700] {processor.py:925} INFO - DAG(s) 'dataset_with_extra_by_context', 'dataset_with_extra_from_classic_operator', 'dataset_with_extra_by_yield' retrieved from /home/dataengineer/.pyenv/versions/3.9.21/lib/python3.9/site-packages/airflow/example_dags/example_outlet_event_extra.py
[2025-03-08T00:57:59.678+0700] {logging_mixin.py:190} INFO - [2025-03-08T00:57:59.678+0700] {dag.py:3239} INFO - Sync 3 DAGs
[2025-03-08T00:57:59.701+0700] {logging_mixin.py:190} INFO - [2025-03-08T00:57:59.700+0700] {dag.py:4180} INFO - Setting next_dagrun for dataset_with_extra_by_context to 2025-03-06 00:00:00+00:00, run_after=2025-03-07 00:00:00+00:00
[2025-03-08T00:57:59.705+0700] {logging_mixin.py:190} INFO - [2025-03-08T00:57:59.705+0700] {dag.py:4180} INFO - Setting next_dagrun for dataset_with_extra_by_yield to 2025-03-06 00:00:00+00:00, run_after=2025-03-07 00:00:00+00:00
[2025-03-08T00:57:59.708+0700] {logging_mixin.py:190} INFO - [2025-03-08T00:57:59.708+0700] {dag.py:4180} INFO - Setting next_dagrun for dataset_with_extra_from_classic_operator to 2025-03-06 00:00:00+00:00, run_after=2025-03-07 00:00:00+00:00
[2025-03-08T00:57:59.730+0700] {processor.py:208} INFO - Processing /home/dataengineer/.pyenv/versions/3.9.21/lib/python3.9/site-packages/airflow/example_dags/example_outlet_event_extra.py took 0.096 seconds
[2025-03-08T00:59:00.194+0700] {processor.py:186} INFO - Started process (PID=37504) to work on /home/dataengineer/.pyenv/versions/3.9.21/lib/python3.9/site-packages/airflow/example_dags/example_outlet_event_extra.py
[2025-03-08T00:59:00.195+0700] {processor.py:914} INFO - Processing file /home/dataengineer/.pyenv/versions/3.9.21/lib/python3.9/site-packages/airflow/example_dags/example_outlet_event_extra.py for tasks to queue
[2025-03-08T00:59:00.197+0700] {logging_mixin.py:190} INFO - [2025-03-08T00:59:00.197+0700] {dagbag.py:588} INFO - Filling up the DagBag from /home/dataengineer/.pyenv/versions/3.9.21/lib/python3.9/site-packages/airflow/example_dags/example_outlet_event_extra.py
[2025-03-08T00:59:00.211+0700] {processor.py:925} INFO - DAG(s) 'dataset_with_extra_by_yield', 'dataset_with_extra_from_classic_operator', 'dataset_with_extra_by_context' retrieved from /home/dataengineer/.pyenv/versions/3.9.21/lib/python3.9/site-packages/airflow/example_dags/example_outlet_event_extra.py
[2025-03-08T00:59:00.228+0700] {logging_mixin.py:190} INFO - [2025-03-08T00:59:00.228+0700] {dag.py:3239} INFO - Sync 3 DAGs
[2025-03-08T00:59:00.250+0700] {logging_mixin.py:190} INFO - [2025-03-08T00:59:00.249+0700] {dag.py:4180} INFO - Setting next_dagrun for dataset_with_extra_by_context to 2025-03-06 00:00:00+00:00, run_after=2025-03-07 00:00:00+00:00
[2025-03-08T00:59:00.255+0700] {logging_mixin.py:190} INFO - [2025-03-08T00:59:00.254+0700] {dag.py:4180} INFO - Setting next_dagrun for dataset_with_extra_by_yield to 2025-03-06 00:00:00+00:00, run_after=2025-03-07 00:00:00+00:00
[2025-03-08T00:59:00.266+0700] {logging_mixin.py:190} INFO - [2025-03-08T00:59:00.266+0700] {dag.py:4180} INFO - Setting next_dagrun for dataset_with_extra_from_classic_operator to 2025-03-06 00:00:00+00:00, run_after=2025-03-07 00:00:00+00:00
[2025-03-08T00:59:00.294+0700] {processor.py:208} INFO - Processing /home/dataengineer/.pyenv/versions/3.9.21/lib/python3.9/site-packages/airflow/example_dags/example_outlet_event_extra.py took 0.105 seconds
[2025-03-08T01:00:01.990+0700] {processor.py:186} INFO - Started process (PID=37931) to work on /home/dataengineer/.pyenv/versions/3.9.21/lib/python3.9/site-packages/airflow/example_dags/example_outlet_event_extra.py
[2025-03-08T01:00:01.991+0700] {processor.py:914} INFO - Processing file /home/dataengineer/.pyenv/versions/3.9.21/lib/python3.9/site-packages/airflow/example_dags/example_outlet_event_extra.py for tasks to queue
[2025-03-08T01:00:01.994+0700] {logging_mixin.py:190} INFO - [2025-03-08T01:00:01.993+0700] {dagbag.py:588} INFO - Filling up the DagBag from /home/dataengineer/.pyenv/versions/3.9.21/lib/python3.9/site-packages/airflow/example_dags/example_outlet_event_extra.py
[2025-03-08T01:00:02.010+0700] {processor.py:925} INFO - DAG(s) 'dataset_with_extra_by_context', 'dataset_with_extra_from_classic_operator', 'dataset_with_extra_by_yield' retrieved from /home/dataengineer/.pyenv/versions/3.9.21/lib/python3.9/site-packages/airflow/example_dags/example_outlet_event_extra.py
[2025-03-08T01:00:02.031+0700] {logging_mixin.py:190} INFO - [2025-03-08T01:00:02.031+0700] {dag.py:3239} INFO - Sync 3 DAGs
[2025-03-08T01:00:02.055+0700] {logging_mixin.py:190} INFO - [2025-03-08T01:00:02.055+0700] {dag.py:4180} INFO - Setting next_dagrun for dataset_with_extra_by_context to 2025-03-06 00:00:00+00:00, run_after=2025-03-07 00:00:00+00:00
[2025-03-08T01:00:02.060+0700] {logging_mixin.py:190} INFO - [2025-03-08T01:00:02.060+0700] {dag.py:4180} INFO - Setting next_dagrun for dataset_with_extra_by_yield to 2025-03-06 00:00:00+00:00, run_after=2025-03-07 00:00:00+00:00
[2025-03-08T01:00:02.063+0700] {logging_mixin.py:190} INFO - [2025-03-08T01:00:02.063+0700] {dag.py:4180} INFO - Setting next_dagrun for dataset_with_extra_from_classic_operator to 2025-03-06 00:00:00+00:00, run_after=2025-03-07 00:00:00+00:00
[2025-03-08T01:00:02.086+0700] {processor.py:208} INFO - Processing /home/dataengineer/.pyenv/versions/3.9.21/lib/python3.9/site-packages/airflow/example_dags/example_outlet_event_extra.py took 0.102 seconds
[2025-03-08T01:01:04.690+0700] {processor.py:186} INFO - Started process (PID=38369) to work on /home/dataengineer/.pyenv/versions/3.9.21/lib/python3.9/site-packages/airflow/example_dags/example_outlet_event_extra.py
[2025-03-08T01:01:04.691+0700] {processor.py:914} INFO - Processing file /home/dataengineer/.pyenv/versions/3.9.21/lib/python3.9/site-packages/airflow/example_dags/example_outlet_event_extra.py for tasks to queue
[2025-03-08T01:01:04.693+0700] {logging_mixin.py:190} INFO - [2025-03-08T01:01:04.693+0700] {dagbag.py:588} INFO - Filling up the DagBag from /home/dataengineer/.pyenv/versions/3.9.21/lib/python3.9/site-packages/airflow/example_dags/example_outlet_event_extra.py
[2025-03-08T01:01:04.707+0700] {processor.py:925} INFO - DAG(s) 'dataset_with_extra_by_yield', 'dataset_with_extra_by_context', 'dataset_with_extra_from_classic_operator' retrieved from /home/dataengineer/.pyenv/versions/3.9.21/lib/python3.9/site-packages/airflow/example_dags/example_outlet_event_extra.py
[2025-03-08T01:01:04.726+0700] {logging_mixin.py:190} INFO - [2025-03-08T01:01:04.726+0700] {dag.py:3239} INFO - Sync 3 DAGs
[2025-03-08T01:01:04.748+0700] {logging_mixin.py:190} INFO - [2025-03-08T01:01:04.748+0700] {dag.py:4180} INFO - Setting next_dagrun for dataset_with_extra_by_context to 2025-03-06 00:00:00+00:00, run_after=2025-03-07 00:00:00+00:00
[2025-03-08T01:01:04.754+0700] {logging_mixin.py:190} INFO - [2025-03-08T01:01:04.754+0700] {dag.py:4180} INFO - Setting next_dagrun for dataset_with_extra_by_yield to 2025-03-06 00:00:00+00:00, run_after=2025-03-07 00:00:00+00:00
[2025-03-08T01:01:04.757+0700] {logging_mixin.py:190} INFO - [2025-03-08T01:01:04.757+0700] {dag.py:4180} INFO - Setting next_dagrun for dataset_with_extra_from_classic_operator to 2025-03-06 00:00:00+00:00, run_after=2025-03-07 00:00:00+00:00
[2025-03-08T01:01:04.786+0700] {processor.py:208} INFO - Processing /home/dataengineer/.pyenv/versions/3.9.21/lib/python3.9/site-packages/airflow/example_dags/example_outlet_event_extra.py took 0.102 seconds
[2025-03-08T01:02:05.296+0700] {processor.py:186} INFO - Started process (PID=38854) to work on /home/dataengineer/.pyenv/versions/3.9.21/lib/python3.9/site-packages/airflow/example_dags/example_outlet_event_extra.py
[2025-03-08T01:02:05.297+0700] {processor.py:914} INFO - Processing file /home/dataengineer/.pyenv/versions/3.9.21/lib/python3.9/site-packages/airflow/example_dags/example_outlet_event_extra.py for tasks to queue
[2025-03-08T01:02:05.299+0700] {logging_mixin.py:190} INFO - [2025-03-08T01:02:05.299+0700] {dagbag.py:588} INFO - Filling up the DagBag from /home/dataengineer/.pyenv/versions/3.9.21/lib/python3.9/site-packages/airflow/example_dags/example_outlet_event_extra.py
[2025-03-08T01:02:05.312+0700] {processor.py:925} INFO - DAG(s) 'dataset_with_extra_by_context', 'dataset_with_extra_from_classic_operator', 'dataset_with_extra_by_yield' retrieved from /home/dataengineer/.pyenv/versions/3.9.21/lib/python3.9/site-packages/airflow/example_dags/example_outlet_event_extra.py
[2025-03-08T01:02:05.330+0700] {logging_mixin.py:190} INFO - [2025-03-08T01:02:05.330+0700] {dag.py:3239} INFO - Sync 3 DAGs
[2025-03-08T01:02:05.350+0700] {logging_mixin.py:190} INFO - [2025-03-08T01:02:05.349+0700] {dag.py:4180} INFO - Setting next_dagrun for dataset_with_extra_by_context to 2025-03-06 00:00:00+00:00, run_after=2025-03-07 00:00:00+00:00
[2025-03-08T01:02:05.355+0700] {logging_mixin.py:190} INFO - [2025-03-08T01:02:05.355+0700] {dag.py:4180} INFO - Setting next_dagrun for dataset_with_extra_by_yield to 2025-03-06 00:00:00+00:00, run_after=2025-03-07 00:00:00+00:00
[2025-03-08T01:02:05.357+0700] {logging_mixin.py:190} INFO - [2025-03-08T01:02:05.357+0700] {dag.py:4180} INFO - Setting next_dagrun for dataset_with_extra_from_classic_operator to 2025-03-06 00:00:00+00:00, run_after=2025-03-07 00:00:00+00:00
[2025-03-08T01:02:05.379+0700] {processor.py:208} INFO - Processing /home/dataengineer/.pyenv/versions/3.9.21/lib/python3.9/site-packages/airflow/example_dags/example_outlet_event_extra.py took 0.088 seconds
[2025-03-08T01:03:07.786+0700] {processor.py:186} INFO - Started process (PID=39427) to work on /home/dataengineer/.pyenv/versions/3.9.21/lib/python3.9/site-packages/airflow/example_dags/example_outlet_event_extra.py
[2025-03-08T01:03:07.787+0700] {processor.py:914} INFO - Processing file /home/dataengineer/.pyenv/versions/3.9.21/lib/python3.9/site-packages/airflow/example_dags/example_outlet_event_extra.py for tasks to queue
[2025-03-08T01:03:07.788+0700] {logging_mixin.py:190} INFO - [2025-03-08T01:03:07.788+0700] {dagbag.py:588} INFO - Filling up the DagBag from /home/dataengineer/.pyenv/versions/3.9.21/lib/python3.9/site-packages/airflow/example_dags/example_outlet_event_extra.py
[2025-03-08T01:03:07.801+0700] {processor.py:925} INFO - DAG(s) 'dataset_with_extra_by_yield', 'dataset_with_extra_from_classic_operator', 'dataset_with_extra_by_context' retrieved from /home/dataengineer/.pyenv/versions/3.9.21/lib/python3.9/site-packages/airflow/example_dags/example_outlet_event_extra.py
[2025-03-08T01:03:07.818+0700] {logging_mixin.py:190} INFO - [2025-03-08T01:03:07.817+0700] {dag.py:3239} INFO - Sync 3 DAGs
[2025-03-08T01:03:07.836+0700] {logging_mixin.py:190} INFO - [2025-03-08T01:03:07.836+0700] {dag.py:4180} INFO - Setting next_dagrun for dataset_with_extra_by_context to 2025-03-06 00:00:00+00:00, run_after=2025-03-07 00:00:00+00:00
[2025-03-08T01:03:07.840+0700] {logging_mixin.py:190} INFO - [2025-03-08T01:03:07.840+0700] {dag.py:4180} INFO - Setting next_dagrun for dataset_with_extra_by_yield to 2025-03-06 00:00:00+00:00, run_after=2025-03-07 00:00:00+00:00
[2025-03-08T01:03:07.843+0700] {logging_mixin.py:190} INFO - [2025-03-08T01:03:07.842+0700] {dag.py:4180} INFO - Setting next_dagrun for dataset_with_extra_from_classic_operator to 2025-03-06 00:00:00+00:00, run_after=2025-03-07 00:00:00+00:00
[2025-03-08T01:03:07.862+0700] {processor.py:208} INFO - Processing /home/dataengineer/.pyenv/versions/3.9.21/lib/python3.9/site-packages/airflow/example_dags/example_outlet_event_extra.py took 0.082 seconds
[2025-03-08T01:04:07.430+0700] {processor.py:186} INFO - Started process (PID=41024) to work on /home/dataengineer/.pyenv/versions/3.9.21/lib/python3.9/site-packages/airflow/example_dags/example_outlet_event_extra.py
[2025-03-08T01:04:07.431+0700] {processor.py:914} INFO - Processing file /home/dataengineer/.pyenv/versions/3.9.21/lib/python3.9/site-packages/airflow/example_dags/example_outlet_event_extra.py for tasks to queue
[2025-03-08T01:04:07.433+0700] {logging_mixin.py:190} INFO - [2025-03-08T01:04:07.433+0700] {dagbag.py:588} INFO - Filling up the DagBag from /home/dataengineer/.pyenv/versions/3.9.21/lib/python3.9/site-packages/airflow/example_dags/example_outlet_event_extra.py
[2025-03-08T01:04:07.449+0700] {processor.py:925} INFO - DAG(s) 'dataset_with_extra_from_classic_operator', 'dataset_with_extra_by_yield', 'dataset_with_extra_by_context' retrieved from /home/dataengineer/.pyenv/versions/3.9.21/lib/python3.9/site-packages/airflow/example_dags/example_outlet_event_extra.py
[2025-03-08T01:04:07.473+0700] {logging_mixin.py:190} INFO - [2025-03-08T01:04:07.473+0700] {dag.py:3239} INFO - Sync 3 DAGs
[2025-03-08T01:04:07.498+0700] {logging_mixin.py:190} INFO - [2025-03-08T01:04:07.498+0700] {dag.py:4180} INFO - Setting next_dagrun for dataset_with_extra_by_context to 2025-03-06 00:00:00+00:00, run_after=2025-03-07 00:00:00+00:00
[2025-03-08T01:04:07.504+0700] {logging_mixin.py:190} INFO - [2025-03-08T01:04:07.504+0700] {dag.py:4180} INFO - Setting next_dagrun for dataset_with_extra_by_yield to 2025-03-06 00:00:00+00:00, run_after=2025-03-07 00:00:00+00:00
[2025-03-08T01:04:07.506+0700] {logging_mixin.py:190} INFO - [2025-03-08T01:04:07.506+0700] {dag.py:4180} INFO - Setting next_dagrun for dataset_with_extra_from_classic_operator to 2025-03-06 00:00:00+00:00, run_after=2025-03-07 00:00:00+00:00
[2025-03-08T01:04:07.548+0700] {processor.py:208} INFO - Processing /home/dataengineer/.pyenv/versions/3.9.21/lib/python3.9/site-packages/airflow/example_dags/example_outlet_event_extra.py took 0.124 seconds
[2025-03-08T01:05:08.842+0700] {processor.py:186} INFO - Started process (PID=42584) to work on /home/dataengineer/.pyenv/versions/3.9.21/lib/python3.9/site-packages/airflow/example_dags/example_outlet_event_extra.py
[2025-03-08T01:05:08.844+0700] {processor.py:914} INFO - Processing file /home/dataengineer/.pyenv/versions/3.9.21/lib/python3.9/site-packages/airflow/example_dags/example_outlet_event_extra.py for tasks to queue
[2025-03-08T01:05:08.846+0700] {logging_mixin.py:190} INFO - [2025-03-08T01:05:08.846+0700] {dagbag.py:588} INFO - Filling up the DagBag from /home/dataengineer/.pyenv/versions/3.9.21/lib/python3.9/site-packages/airflow/example_dags/example_outlet_event_extra.py
[2025-03-08T01:05:08.860+0700] {processor.py:925} INFO - DAG(s) 'dataset_with_extra_from_classic_operator', 'dataset_with_extra_by_context', 'dataset_with_extra_by_yield' retrieved from /home/dataengineer/.pyenv/versions/3.9.21/lib/python3.9/site-packages/airflow/example_dags/example_outlet_event_extra.py
[2025-03-08T01:05:08.879+0700] {logging_mixin.py:190} INFO - [2025-03-08T01:05:08.879+0700] {dag.py:3239} INFO - Sync 3 DAGs
[2025-03-08T01:05:08.899+0700] {logging_mixin.py:190} INFO - [2025-03-08T01:05:08.899+0700] {dag.py:4180} INFO - Setting next_dagrun for dataset_with_extra_by_context to 2025-03-06 00:00:00+00:00, run_after=2025-03-07 00:00:00+00:00
[2025-03-08T01:05:08.904+0700] {logging_mixin.py:190} INFO - [2025-03-08T01:05:08.904+0700] {dag.py:4180} INFO - Setting next_dagrun for dataset_with_extra_by_yield to 2025-03-06 00:00:00+00:00, run_after=2025-03-07 00:00:00+00:00
[2025-03-08T01:05:08.907+0700] {logging_mixin.py:190} INFO - [2025-03-08T01:05:08.906+0700] {dag.py:4180} INFO - Setting next_dagrun for dataset_with_extra_from_classic_operator to 2025-03-06 00:00:00+00:00, run_after=2025-03-07 00:00:00+00:00
[2025-03-08T01:05:08.927+0700] {processor.py:208} INFO - Processing /home/dataengineer/.pyenv/versions/3.9.21/lib/python3.9/site-packages/airflow/example_dags/example_outlet_event_extra.py took 0.091 seconds
[2025-03-08T02:27:13.760+0700] {processor.py:186} INFO - Started process (PID=66527) to work on /home/dataengineer/.pyenv/versions/3.9.21/lib/python3.9/site-packages/airflow/example_dags/example_outlet_event_extra.py
[2025-03-08T02:27:13.761+0700] {processor.py:914} INFO - Processing file /home/dataengineer/.pyenv/versions/3.9.21/lib/python3.9/site-packages/airflow/example_dags/example_outlet_event_extra.py for tasks to queue
[2025-03-08T02:27:13.763+0700] {logging_mixin.py:190} INFO - [2025-03-08T02:27:13.763+0700] {dagbag.py:588} INFO - Filling up the DagBag from /home/dataengineer/.pyenv/versions/3.9.21/lib/python3.9/site-packages/airflow/example_dags/example_outlet_event_extra.py
[2025-03-08T02:27:13.777+0700] {processor.py:925} INFO - DAG(s) 'dataset_with_extra_by_context', 'dataset_with_extra_from_classic_operator', 'dataset_with_extra_by_yield' retrieved from /home/dataengineer/.pyenv/versions/3.9.21/lib/python3.9/site-packages/airflow/example_dags/example_outlet_event_extra.py
[2025-03-08T02:27:13.795+0700] {logging_mixin.py:190} INFO - [2025-03-08T02:27:13.795+0700] {dag.py:3239} INFO - Sync 3 DAGs
[2025-03-08T02:27:13.815+0700] {logging_mixin.py:190} INFO - [2025-03-08T02:27:13.815+0700] {dag.py:4180} INFO - Setting next_dagrun for dataset_with_extra_by_context to 2025-03-06 00:00:00+00:00, run_after=2025-03-07 00:00:00+00:00
[2025-03-08T02:27:13.819+0700] {logging_mixin.py:190} INFO - [2025-03-08T02:27:13.819+0700] {dag.py:4180} INFO - Setting next_dagrun for dataset_with_extra_by_yield to 2025-03-06 00:00:00+00:00, run_after=2025-03-07 00:00:00+00:00
[2025-03-08T02:27:13.821+0700] {logging_mixin.py:190} INFO - [2025-03-08T02:27:13.821+0700] {dag.py:4180} INFO - Setting next_dagrun for dataset_with_extra_from_classic_operator to 2025-03-06 00:00:00+00:00, run_after=2025-03-07 00:00:00+00:00
[2025-03-08T02:27:13.841+0700] {processor.py:208} INFO - Processing /home/dataengineer/.pyenv/versions/3.9.21/lib/python3.9/site-packages/airflow/example_dags/example_outlet_event_extra.py took 0.088 seconds
[2025-03-08T02:29:28.721+0700] {processor.py:186} INFO - Started process (PID=67539) to work on /home/dataengineer/.pyenv/versions/3.9.21/lib/python3.9/site-packages/airflow/example_dags/example_outlet_event_extra.py
[2025-03-08T02:29:28.722+0700] {processor.py:914} INFO - Processing file /home/dataengineer/.pyenv/versions/3.9.21/lib/python3.9/site-packages/airflow/example_dags/example_outlet_event_extra.py for tasks to queue
[2025-03-08T02:29:28.723+0700] {logging_mixin.py:190} INFO - [2025-03-08T02:29:28.723+0700] {dagbag.py:588} INFO - Filling up the DagBag from /home/dataengineer/.pyenv/versions/3.9.21/lib/python3.9/site-packages/airflow/example_dags/example_outlet_event_extra.py
[2025-03-08T02:29:28.736+0700] {processor.py:925} INFO - DAG(s) 'dataset_with_extra_by_yield', 'dataset_with_extra_from_classic_operator', 'dataset_with_extra_by_context' retrieved from /home/dataengineer/.pyenv/versions/3.9.21/lib/python3.9/site-packages/airflow/example_dags/example_outlet_event_extra.py
[2025-03-08T02:29:28.753+0700] {logging_mixin.py:190} INFO - [2025-03-08T02:29:28.753+0700] {dag.py:3239} INFO - Sync 3 DAGs
[2025-03-08T02:29:28.772+0700] {logging_mixin.py:190} INFO - [2025-03-08T02:29:28.772+0700] {dag.py:4180} INFO - Setting next_dagrun for dataset_with_extra_by_context to 2025-03-06 00:00:00+00:00, run_after=2025-03-07 00:00:00+00:00
[2025-03-08T02:29:28.776+0700] {logging_mixin.py:190} INFO - [2025-03-08T02:29:28.776+0700] {dag.py:4180} INFO - Setting next_dagrun for dataset_with_extra_by_yield to 2025-03-06 00:00:00+00:00, run_after=2025-03-07 00:00:00+00:00
[2025-03-08T02:29:28.778+0700] {logging_mixin.py:190} INFO - [2025-03-08T02:29:28.778+0700] {dag.py:4180} INFO - Setting next_dagrun for dataset_with_extra_from_classic_operator to 2025-03-06 00:00:00+00:00, run_after=2025-03-07 00:00:00+00:00
[2025-03-08T02:29:28.797+0700] {processor.py:208} INFO - Processing /home/dataengineer/.pyenv/versions/3.9.21/lib/python3.9/site-packages/airflow/example_dags/example_outlet_event_extra.py took 0.081 seconds
[2025-03-08T02:30:24.811+0700] {processor.py:186} INFO - Started process (PID=68017) to work on /home/dataengineer/.pyenv/versions/3.9.21/lib/python3.9/site-packages/airflow/example_dags/example_outlet_event_extra.py
[2025-03-08T02:30:24.812+0700] {processor.py:914} INFO - Processing file /home/dataengineer/.pyenv/versions/3.9.21/lib/python3.9/site-packages/airflow/example_dags/example_outlet_event_extra.py for tasks to queue
[2025-03-08T02:30:24.813+0700] {logging_mixin.py:190} INFO - [2025-03-08T02:30:24.813+0700] {dagbag.py:588} INFO - Filling up the DagBag from /home/dataengineer/.pyenv/versions/3.9.21/lib/python3.9/site-packages/airflow/example_dags/example_outlet_event_extra.py
[2025-03-08T02:30:24.826+0700] {processor.py:925} INFO - DAG(s) 'dataset_with_extra_by_context', 'dataset_with_extra_by_yield', 'dataset_with_extra_from_classic_operator' retrieved from /home/dataengineer/.pyenv/versions/3.9.21/lib/python3.9/site-packages/airflow/example_dags/example_outlet_event_extra.py
[2025-03-08T02:30:24.844+0700] {logging_mixin.py:190} INFO - [2025-03-08T02:30:24.843+0700] {dag.py:3239} INFO - Sync 3 DAGs
[2025-03-08T02:30:24.864+0700] {logging_mixin.py:190} INFO - [2025-03-08T02:30:24.863+0700] {dag.py:4180} INFO - Setting next_dagrun for dataset_with_extra_by_context to 2025-03-06 00:00:00+00:00, run_after=2025-03-07 00:00:00+00:00
[2025-03-08T02:30:24.868+0700] {logging_mixin.py:190} INFO - [2025-03-08T02:30:24.868+0700] {dag.py:4180} INFO - Setting next_dagrun for dataset_with_extra_by_yield to 2025-03-06 00:00:00+00:00, run_after=2025-03-07 00:00:00+00:00
[2025-03-08T02:30:24.870+0700] {logging_mixin.py:190} INFO - [2025-03-08T02:30:24.870+0700] {dag.py:4180} INFO - Setting next_dagrun for dataset_with_extra_from_classic_operator to 2025-03-06 00:00:00+00:00, run_after=2025-03-07 00:00:00+00:00
[2025-03-08T02:30:24.891+0700] {processor.py:208} INFO - Processing /home/dataengineer/.pyenv/versions/3.9.21/lib/python3.9/site-packages/airflow/example_dags/example_outlet_event_extra.py took 0.086 seconds
[2025-03-08T02:31:21.207+0700] {processor.py:186} INFO - Started process (PID=68450) to work on /home/dataengineer/.pyenv/versions/3.9.21/lib/python3.9/site-packages/airflow/example_dags/example_outlet_event_extra.py
[2025-03-08T02:31:21.210+0700] {processor.py:914} INFO - Processing file /home/dataengineer/.pyenv/versions/3.9.21/lib/python3.9/site-packages/airflow/example_dags/example_outlet_event_extra.py for tasks to queue
[2025-03-08T02:31:21.211+0700] {logging_mixin.py:190} INFO - [2025-03-08T02:31:21.211+0700] {dagbag.py:588} INFO - Filling up the DagBag from /home/dataengineer/.pyenv/versions/3.9.21/lib/python3.9/site-packages/airflow/example_dags/example_outlet_event_extra.py
[2025-03-08T02:31:21.238+0700] {processor.py:925} INFO - DAG(s) 'dataset_with_extra_by_context', 'dataset_with_extra_by_yield', 'dataset_with_extra_from_classic_operator' retrieved from /home/dataengineer/.pyenv/versions/3.9.21/lib/python3.9/site-packages/airflow/example_dags/example_outlet_event_extra.py
[2025-03-08T02:31:21.275+0700] {logging_mixin.py:190} INFO - [2025-03-08T02:31:21.275+0700] {dag.py:3239} INFO - Sync 3 DAGs
[2025-03-08T02:31:21.319+0700] {logging_mixin.py:190} INFO - [2025-03-08T02:31:21.319+0700] {dag.py:4180} INFO - Setting next_dagrun for dataset_with_extra_by_context to 2025-03-06 00:00:00+00:00, run_after=2025-03-07 00:00:00+00:00
[2025-03-08T02:31:21.326+0700] {logging_mixin.py:190} INFO - [2025-03-08T02:31:21.325+0700] {dag.py:4180} INFO - Setting next_dagrun for dataset_with_extra_by_yield to 2025-03-06 00:00:00+00:00, run_after=2025-03-07 00:00:00+00:00
[2025-03-08T02:31:21.332+0700] {logging_mixin.py:190} INFO - [2025-03-08T02:31:21.331+0700] {dag.py:4180} INFO - Setting next_dagrun for dataset_with_extra_from_classic_operator to 2025-03-06 00:00:00+00:00, run_after=2025-03-07 00:00:00+00:00
[2025-03-08T02:31:21.378+0700] {processor.py:208} INFO - Processing /home/dataengineer/.pyenv/versions/3.9.21/lib/python3.9/site-packages/airflow/example_dags/example_outlet_event_extra.py took 0.183 seconds
[2025-03-08T02:32:18.029+0700] {processor.py:186} INFO - Started process (PID=69037) to work on /home/dataengineer/.pyenv/versions/3.9.21/lib/python3.9/site-packages/airflow/example_dags/example_outlet_event_extra.py
[2025-03-08T02:32:18.031+0700] {processor.py:914} INFO - Processing file /home/dataengineer/.pyenv/versions/3.9.21/lib/python3.9/site-packages/airflow/example_dags/example_outlet_event_extra.py for tasks to queue
[2025-03-08T02:32:18.032+0700] {logging_mixin.py:190} INFO - [2025-03-08T02:32:18.032+0700] {dagbag.py:588} INFO - Filling up the DagBag from /home/dataengineer/.pyenv/versions/3.9.21/lib/python3.9/site-packages/airflow/example_dags/example_outlet_event_extra.py
[2025-03-08T02:32:18.047+0700] {processor.py:925} INFO - DAG(s) 'dataset_with_extra_by_yield', 'dataset_with_extra_by_context', 'dataset_with_extra_from_classic_operator' retrieved from /home/dataengineer/.pyenv/versions/3.9.21/lib/python3.9/site-packages/airflow/example_dags/example_outlet_event_extra.py
[2025-03-08T02:32:18.065+0700] {logging_mixin.py:190} INFO - [2025-03-08T02:32:18.065+0700] {dag.py:3239} INFO - Sync 3 DAGs
[2025-03-08T02:32:18.085+0700] {logging_mixin.py:190} INFO - [2025-03-08T02:32:18.084+0700] {dag.py:4180} INFO - Setting next_dagrun for dataset_with_extra_by_context to 2025-03-06 00:00:00+00:00, run_after=2025-03-07 00:00:00+00:00
[2025-03-08T02:32:18.090+0700] {logging_mixin.py:190} INFO - [2025-03-08T02:32:18.089+0700] {dag.py:4180} INFO - Setting next_dagrun for dataset_with_extra_by_yield to 2025-03-06 00:00:00+00:00, run_after=2025-03-07 00:00:00+00:00
[2025-03-08T02:32:18.092+0700] {logging_mixin.py:190} INFO - [2025-03-08T02:32:18.092+0700] {dag.py:4180} INFO - Setting next_dagrun for dataset_with_extra_from_classic_operator to 2025-03-06 00:00:00+00:00, run_after=2025-03-07 00:00:00+00:00
[2025-03-08T02:32:18.112+0700] {processor.py:208} INFO - Processing /home/dataengineer/.pyenv/versions/3.9.21/lib/python3.9/site-packages/airflow/example_dags/example_outlet_event_extra.py took 0.088 seconds
[2025-03-08T02:33:16.161+0700] {processor.py:186} INFO - Started process (PID=69295) to work on /home/dataengineer/.pyenv/versions/3.9.21/lib/python3.9/site-packages/airflow/example_dags/example_outlet_event_extra.py
[2025-03-08T02:33:16.162+0700] {processor.py:914} INFO - Processing file /home/dataengineer/.pyenv/versions/3.9.21/lib/python3.9/site-packages/airflow/example_dags/example_outlet_event_extra.py for tasks to queue
[2025-03-08T02:33:16.163+0700] {logging_mixin.py:190} INFO - [2025-03-08T02:33:16.163+0700] {dagbag.py:588} INFO - Filling up the DagBag from /home/dataengineer/.pyenv/versions/3.9.21/lib/python3.9/site-packages/airflow/example_dags/example_outlet_event_extra.py
[2025-03-08T02:33:16.178+0700] {processor.py:925} INFO - DAG(s) 'dataset_with_extra_by_context', 'dataset_with_extra_from_classic_operator', 'dataset_with_extra_by_yield' retrieved from /home/dataengineer/.pyenv/versions/3.9.21/lib/python3.9/site-packages/airflow/example_dags/example_outlet_event_extra.py
[2025-03-08T02:33:16.198+0700] {logging_mixin.py:190} INFO - [2025-03-08T02:33:16.198+0700] {dag.py:3239} INFO - Sync 3 DAGs
[2025-03-08T02:33:16.219+0700] {logging_mixin.py:190} INFO - [2025-03-08T02:33:16.218+0700] {dag.py:4180} INFO - Setting next_dagrun for dataset_with_extra_by_context to 2025-03-06 00:00:00+00:00, run_after=2025-03-07 00:00:00+00:00
[2025-03-08T02:33:16.223+0700] {logging_mixin.py:190} INFO - [2025-03-08T02:33:16.223+0700] {dag.py:4180} INFO - Setting next_dagrun for dataset_with_extra_by_yield to 2025-03-06 00:00:00+00:00, run_after=2025-03-07 00:00:00+00:00
[2025-03-08T02:33:16.225+0700] {logging_mixin.py:190} INFO - [2025-03-08T02:33:16.225+0700] {dag.py:4180} INFO - Setting next_dagrun for dataset_with_extra_from_classic_operator to 2025-03-06 00:00:00+00:00, run_after=2025-03-07 00:00:00+00:00
[2025-03-08T02:33:16.254+0700] {processor.py:208} INFO - Processing /home/dataengineer/.pyenv/versions/3.9.21/lib/python3.9/site-packages/airflow/example_dags/example_outlet_event_extra.py took 0.099 seconds
[2025-03-08T02:34:51.351+0700] {processor.py:186} INFO - Started process (PID=70375) to work on /home/dataengineer/.pyenv/versions/3.9.21/lib/python3.9/site-packages/airflow/example_dags/example_outlet_event_extra.py
[2025-03-08T02:34:51.352+0700] {processor.py:914} INFO - Processing file /home/dataengineer/.pyenv/versions/3.9.21/lib/python3.9/site-packages/airflow/example_dags/example_outlet_event_extra.py for tasks to queue
[2025-03-08T02:34:51.354+0700] {logging_mixin.py:190} INFO - [2025-03-08T02:34:51.354+0700] {dagbag.py:588} INFO - Filling up the DagBag from /home/dataengineer/.pyenv/versions/3.9.21/lib/python3.9/site-packages/airflow/example_dags/example_outlet_event_extra.py
[2025-03-08T02:34:51.367+0700] {processor.py:925} INFO - DAG(s) 'dataset_with_extra_from_classic_operator', 'dataset_with_extra_by_context', 'dataset_with_extra_by_yield' retrieved from /home/dataengineer/.pyenv/versions/3.9.21/lib/python3.9/site-packages/airflow/example_dags/example_outlet_event_extra.py
[2025-03-08T02:34:51.385+0700] {logging_mixin.py:190} INFO - [2025-03-08T02:34:51.385+0700] {dag.py:3239} INFO - Sync 3 DAGs
[2025-03-08T02:34:51.405+0700] {logging_mixin.py:190} INFO - [2025-03-08T02:34:51.405+0700] {dag.py:4180} INFO - Setting next_dagrun for dataset_with_extra_by_context to 2025-03-06 00:00:00+00:00, run_after=2025-03-07 00:00:00+00:00
[2025-03-08T02:34:51.409+0700] {logging_mixin.py:190} INFO - [2025-03-08T02:34:51.409+0700] {dag.py:4180} INFO - Setting next_dagrun for dataset_with_extra_by_yield to 2025-03-06 00:00:00+00:00, run_after=2025-03-07 00:00:00+00:00
[2025-03-08T02:34:51.411+0700] {logging_mixin.py:190} INFO - [2025-03-08T02:34:51.411+0700] {dag.py:4180} INFO - Setting next_dagrun for dataset_with_extra_from_classic_operator to 2025-03-06 00:00:00+00:00, run_after=2025-03-07 00:00:00+00:00
[2025-03-08T02:34:51.433+0700] {processor.py:208} INFO - Processing /home/dataengineer/.pyenv/versions/3.9.21/lib/python3.9/site-packages/airflow/example_dags/example_outlet_event_extra.py took 0.087 seconds
[2025-03-08T02:35:52.267+0700] {processor.py:186} INFO - Started process (PID=70810) to work on /home/dataengineer/.pyenv/versions/3.9.21/lib/python3.9/site-packages/airflow/example_dags/example_outlet_event_extra.py
[2025-03-08T02:35:52.268+0700] {processor.py:914} INFO - Processing file /home/dataengineer/.pyenv/versions/3.9.21/lib/python3.9/site-packages/airflow/example_dags/example_outlet_event_extra.py for tasks to queue
[2025-03-08T02:35:52.270+0700] {logging_mixin.py:190} INFO - [2025-03-08T02:35:52.269+0700] {dagbag.py:588} INFO - Filling up the DagBag from /home/dataengineer/.pyenv/versions/3.9.21/lib/python3.9/site-packages/airflow/example_dags/example_outlet_event_extra.py
[2025-03-08T02:35:52.283+0700] {processor.py:925} INFO - DAG(s) 'dataset_with_extra_by_context', 'dataset_with_extra_from_classic_operator', 'dataset_with_extra_by_yield' retrieved from /home/dataengineer/.pyenv/versions/3.9.21/lib/python3.9/site-packages/airflow/example_dags/example_outlet_event_extra.py
[2025-03-08T02:35:52.301+0700] {logging_mixin.py:190} INFO - [2025-03-08T02:35:52.301+0700] {dag.py:3239} INFO - Sync 3 DAGs
[2025-03-08T02:35:52.321+0700] {logging_mixin.py:190} INFO - [2025-03-08T02:35:52.321+0700] {dag.py:4180} INFO - Setting next_dagrun for dataset_with_extra_by_context to 2025-03-06 00:00:00+00:00, run_after=2025-03-07 00:00:00+00:00
[2025-03-08T02:35:52.326+0700] {logging_mixin.py:190} INFO - [2025-03-08T02:35:52.326+0700] {dag.py:4180} INFO - Setting next_dagrun for dataset_with_extra_by_yield to 2025-03-06 00:00:00+00:00, run_after=2025-03-07 00:00:00+00:00
[2025-03-08T02:35:52.328+0700] {logging_mixin.py:190} INFO - [2025-03-08T02:35:52.328+0700] {dag.py:4180} INFO - Setting next_dagrun for dataset_with_extra_from_classic_operator to 2025-03-06 00:00:00+00:00, run_after=2025-03-07 00:00:00+00:00
[2025-03-08T02:35:52.351+0700] {processor.py:208} INFO - Processing /home/dataengineer/.pyenv/versions/3.9.21/lib/python3.9/site-packages/airflow/example_dags/example_outlet_event_extra.py took 0.090 seconds
[2025-03-08T02:36:54.215+0700] {processor.py:186} INFO - Started process (PID=71258) to work on /home/dataengineer/.pyenv/versions/3.9.21/lib/python3.9/site-packages/airflow/example_dags/example_outlet_event_extra.py
[2025-03-08T02:36:54.217+0700] {processor.py:914} INFO - Processing file /home/dataengineer/.pyenv/versions/3.9.21/lib/python3.9/site-packages/airflow/example_dags/example_outlet_event_extra.py for tasks to queue
[2025-03-08T02:36:54.219+0700] {logging_mixin.py:190} INFO - [2025-03-08T02:36:54.218+0700] {dagbag.py:588} INFO - Filling up the DagBag from /home/dataengineer/.pyenv/versions/3.9.21/lib/python3.9/site-packages/airflow/example_dags/example_outlet_event_extra.py
[2025-03-08T02:36:54.235+0700] {processor.py:925} INFO - DAG(s) 'dataset_with_extra_by_context', 'dataset_with_extra_from_classic_operator', 'dataset_with_extra_by_yield' retrieved from /home/dataengineer/.pyenv/versions/3.9.21/lib/python3.9/site-packages/airflow/example_dags/example_outlet_event_extra.py
[2025-03-08T02:36:54.256+0700] {logging_mixin.py:190} INFO - [2025-03-08T02:36:54.256+0700] {dag.py:3239} INFO - Sync 3 DAGs
[2025-03-08T02:36:54.281+0700] {logging_mixin.py:190} INFO - [2025-03-08T02:36:54.280+0700] {dag.py:4180} INFO - Setting next_dagrun for dataset_with_extra_by_context to 2025-03-06 00:00:00+00:00, run_after=2025-03-07 00:00:00+00:00
[2025-03-08T02:36:54.286+0700] {logging_mixin.py:190} INFO - [2025-03-08T02:36:54.285+0700] {dag.py:4180} INFO - Setting next_dagrun for dataset_with_extra_by_yield to 2025-03-06 00:00:00+00:00, run_after=2025-03-07 00:00:00+00:00
[2025-03-08T02:36:54.289+0700] {logging_mixin.py:190} INFO - [2025-03-08T02:36:54.288+0700] {dag.py:4180} INFO - Setting next_dagrun for dataset_with_extra_from_classic_operator to 2025-03-06 00:00:00+00:00, run_after=2025-03-07 00:00:00+00:00
[2025-03-08T02:36:54.312+0700] {processor.py:208} INFO - Processing /home/dataengineer/.pyenv/versions/3.9.21/lib/python3.9/site-packages/airflow/example_dags/example_outlet_event_extra.py took 0.103 seconds
[2025-03-08T02:37:57.427+0700] {processor.py:186} INFO - Started process (PID=71693) to work on /home/dataengineer/.pyenv/versions/3.9.21/lib/python3.9/site-packages/airflow/example_dags/example_outlet_event_extra.py
[2025-03-08T02:37:57.428+0700] {processor.py:914} INFO - Processing file /home/dataengineer/.pyenv/versions/3.9.21/lib/python3.9/site-packages/airflow/example_dags/example_outlet_event_extra.py for tasks to queue
[2025-03-08T02:37:57.431+0700] {logging_mixin.py:190} INFO - [2025-03-08T02:37:57.430+0700] {dagbag.py:588} INFO - Filling up the DagBag from /home/dataengineer/.pyenv/versions/3.9.21/lib/python3.9/site-packages/airflow/example_dags/example_outlet_event_extra.py
[2025-03-08T02:37:57.445+0700] {processor.py:925} INFO - DAG(s) 'dataset_with_extra_by_yield', 'dataset_with_extra_by_context', 'dataset_with_extra_from_classic_operator' retrieved from /home/dataengineer/.pyenv/versions/3.9.21/lib/python3.9/site-packages/airflow/example_dags/example_outlet_event_extra.py
[2025-03-08T02:37:57.466+0700] {logging_mixin.py:190} INFO - [2025-03-08T02:37:57.466+0700] {dag.py:3239} INFO - Sync 3 DAGs
[2025-03-08T02:37:57.485+0700] {logging_mixin.py:190} INFO - [2025-03-08T02:37:57.484+0700] {dag.py:4180} INFO - Setting next_dagrun for dataset_with_extra_by_context to 2025-03-06 00:00:00+00:00, run_after=2025-03-07 00:00:00+00:00
[2025-03-08T02:37:57.489+0700] {logging_mixin.py:190} INFO - [2025-03-08T02:37:57.489+0700] {dag.py:4180} INFO - Setting next_dagrun for dataset_with_extra_by_yield to 2025-03-06 00:00:00+00:00, run_after=2025-03-07 00:00:00+00:00
[2025-03-08T02:37:57.491+0700] {logging_mixin.py:190} INFO - [2025-03-08T02:37:57.491+0700] {dag.py:4180} INFO - Setting next_dagrun for dataset_with_extra_from_classic_operator to 2025-03-06 00:00:00+00:00, run_after=2025-03-07 00:00:00+00:00
[2025-03-08T02:37:57.512+0700] {processor.py:208} INFO - Processing /home/dataengineer/.pyenv/versions/3.9.21/lib/python3.9/site-packages/airflow/example_dags/example_outlet_event_extra.py took 0.091 seconds
[2025-03-08T02:38:56.863+0700] {processor.py:186} INFO - Started process (PID=72430) to work on /home/dataengineer/.pyenv/versions/3.9.21/lib/python3.9/site-packages/airflow/example_dags/example_outlet_event_extra.py
[2025-03-08T02:38:56.865+0700] {processor.py:914} INFO - Processing file /home/dataengineer/.pyenv/versions/3.9.21/lib/python3.9/site-packages/airflow/example_dags/example_outlet_event_extra.py for tasks to queue
[2025-03-08T02:38:56.867+0700] {logging_mixin.py:190} INFO - [2025-03-08T02:38:56.866+0700] {dagbag.py:588} INFO - Filling up the DagBag from /home/dataengineer/.pyenv/versions/3.9.21/lib/python3.9/site-packages/airflow/example_dags/example_outlet_event_extra.py
[2025-03-08T02:38:56.883+0700] {processor.py:925} INFO - DAG(s) 'dataset_with_extra_from_classic_operator', 'dataset_with_extra_by_yield', 'dataset_with_extra_by_context' retrieved from /home/dataengineer/.pyenv/versions/3.9.21/lib/python3.9/site-packages/airflow/example_dags/example_outlet_event_extra.py
[2025-03-08T02:38:56.907+0700] {logging_mixin.py:190} INFO - [2025-03-08T02:38:56.906+0700] {dag.py:3239} INFO - Sync 3 DAGs
[2025-03-08T02:38:56.927+0700] {logging_mixin.py:190} INFO - [2025-03-08T02:38:56.927+0700] {dag.py:4180} INFO - Setting next_dagrun for dataset_with_extra_by_context to 2025-03-06 00:00:00+00:00, run_after=2025-03-07 00:00:00+00:00
[2025-03-08T02:38:56.932+0700] {logging_mixin.py:190} INFO - [2025-03-08T02:38:56.931+0700] {dag.py:4180} INFO - Setting next_dagrun for dataset_with_extra_by_yield to 2025-03-06 00:00:00+00:00, run_after=2025-03-07 00:00:00+00:00
[2025-03-08T02:38:56.934+0700] {logging_mixin.py:190} INFO - [2025-03-08T02:38:56.934+0700] {dag.py:4180} INFO - Setting next_dagrun for dataset_with_extra_from_classic_operator to 2025-03-06 00:00:00+00:00, run_after=2025-03-07 00:00:00+00:00
[2025-03-08T02:38:56.955+0700] {processor.py:208} INFO - Processing /home/dataengineer/.pyenv/versions/3.9.21/lib/python3.9/site-packages/airflow/example_dags/example_outlet_event_extra.py took 0.098 seconds
