[2025-03-08T00:57:11.846+0700] {processor.py:186} INFO - Started process (PID=36540) to work on /home/dataengineer/.pyenv/versions/3.9.21/lib/python3.9/site-packages/airflow/example_dags/example_latest_only.py
[2025-03-08T00:57:11.846+0700] {processor.py:914} INFO - Processing file /home/dataengineer/.pyenv/versions/3.9.21/lib/python3.9/site-packages/airflow/example_dags/example_latest_only.py for tasks to queue
[2025-03-08T00:57:11.848+0700] {logging_mixin.py:190} INFO - [2025-03-08T00:57:11.848+0700] {dagbag.py:588} INFO - Filling up the DagBag from /home/dataengineer/.pyenv/versions/3.9.21/lib/python3.9/site-packages/airflow/example_dags/example_latest_only.py
[2025-03-08T00:57:11.855+0700] {processor.py:925} INFO - DAG(s) 'latest_only' retrieved from /home/dataengineer/.pyenv/versions/3.9.21/lib/python3.9/site-packages/airflow/example_dags/example_latest_only.py
[2025-03-08T00:57:11.869+0700] {logging_mixin.py:190} INFO - [2025-03-08T00:57:11.868+0700] {dag.py:3239} INFO - Sync 1 DAGs
[2025-03-08T00:57:11.887+0700] {logging_mixin.py:190} INFO - [2025-03-08T00:57:11.887+0700] {dag.py:4180} INFO - Setting next_dagrun for latest_only to 2025-03-07 12:00:00+00:00, run_after=2025-03-07 16:00:00+00:00
[2025-03-08T00:57:11.908+0700] {processor.py:208} INFO - Processing /home/dataengineer/.pyenv/versions/3.9.21/lib/python3.9/site-packages/airflow/example_dags/example_latest_only.py took 0.067 seconds
[2025-03-08T00:58:15.576+0700] {processor.py:186} INFO - Started process (PID=37144) to work on /home/dataengineer/.pyenv/versions/3.9.21/lib/python3.9/site-packages/airflow/example_dags/example_latest_only.py
[2025-03-08T00:58:15.578+0700] {processor.py:914} INFO - Processing file /home/dataengineer/.pyenv/versions/3.9.21/lib/python3.9/site-packages/airflow/example_dags/example_latest_only.py for tasks to queue
[2025-03-08T00:58:15.580+0700] {logging_mixin.py:190} INFO - [2025-03-08T00:58:15.579+0700] {dagbag.py:588} INFO - Filling up the DagBag from /home/dataengineer/.pyenv/versions/3.9.21/lib/python3.9/site-packages/airflow/example_dags/example_latest_only.py
[2025-03-08T00:58:15.587+0700] {processor.py:925} INFO - DAG(s) 'latest_only' retrieved from /home/dataengineer/.pyenv/versions/3.9.21/lib/python3.9/site-packages/airflow/example_dags/example_latest_only.py
[2025-03-08T00:58:15.600+0700] {logging_mixin.py:190} INFO - [2025-03-08T00:58:15.600+0700] {dag.py:3239} INFO - Sync 1 DAGs
[2025-03-08T00:58:15.617+0700] {logging_mixin.py:190} INFO - [2025-03-08T00:58:15.617+0700] {dag.py:4180} INFO - Setting next_dagrun for latest_only to 2025-03-07 12:00:00+00:00, run_after=2025-03-07 16:00:00+00:00
[2025-03-08T00:58:15.636+0700] {processor.py:208} INFO - Processing /home/dataengineer/.pyenv/versions/3.9.21/lib/python3.9/site-packages/airflow/example_dags/example_latest_only.py took 0.066 seconds
[2025-03-08T00:59:17.610+0700] {processor.py:186} INFO - Started process (PID=37576) to work on /home/dataengineer/.pyenv/versions/3.9.21/lib/python3.9/site-packages/airflow/example_dags/example_latest_only.py
[2025-03-08T00:59:17.611+0700] {processor.py:914} INFO - Processing file /home/dataengineer/.pyenv/versions/3.9.21/lib/python3.9/site-packages/airflow/example_dags/example_latest_only.py for tasks to queue
[2025-03-08T00:59:17.613+0700] {logging_mixin.py:190} INFO - [2025-03-08T00:59:17.613+0700] {dagbag.py:588} INFO - Filling up the DagBag from /home/dataengineer/.pyenv/versions/3.9.21/lib/python3.9/site-packages/airflow/example_dags/example_latest_only.py
[2025-03-08T00:59:17.620+0700] {processor.py:925} INFO - DAG(s) 'latest_only' retrieved from /home/dataengineer/.pyenv/versions/3.9.21/lib/python3.9/site-packages/airflow/example_dags/example_latest_only.py
[2025-03-08T00:59:17.632+0700] {logging_mixin.py:190} INFO - [2025-03-08T00:59:17.632+0700] {dag.py:3239} INFO - Sync 1 DAGs
[2025-03-08T00:59:17.649+0700] {logging_mixin.py:190} INFO - [2025-03-08T00:59:17.649+0700] {dag.py:4180} INFO - Setting next_dagrun for latest_only to 2025-03-07 12:00:00+00:00, run_after=2025-03-07 16:00:00+00:00
[2025-03-08T00:59:17.667+0700] {processor.py:208} INFO - Processing /home/dataengineer/.pyenv/versions/3.9.21/lib/python3.9/site-packages/airflow/example_dags/example_latest_only.py took 0.062 seconds
[2025-03-08T01:00:19.201+0700] {processor.py:186} INFO - Started process (PID=38004) to work on /home/dataengineer/.pyenv/versions/3.9.21/lib/python3.9/site-packages/airflow/example_dags/example_latest_only.py
[2025-03-08T01:00:19.202+0700] {processor.py:914} INFO - Processing file /home/dataengineer/.pyenv/versions/3.9.21/lib/python3.9/site-packages/airflow/example_dags/example_latest_only.py for tasks to queue
[2025-03-08T01:00:19.204+0700] {logging_mixin.py:190} INFO - [2025-03-08T01:00:19.204+0700] {dagbag.py:588} INFO - Filling up the DagBag from /home/dataengineer/.pyenv/versions/3.9.21/lib/python3.9/site-packages/airflow/example_dags/example_latest_only.py
[2025-03-08T01:00:19.210+0700] {processor.py:925} INFO - DAG(s) 'latest_only' retrieved from /home/dataengineer/.pyenv/versions/3.9.21/lib/python3.9/site-packages/airflow/example_dags/example_latest_only.py
[2025-03-08T01:00:19.223+0700] {logging_mixin.py:190} INFO - [2025-03-08T01:00:19.223+0700] {dag.py:3239} INFO - Sync 1 DAGs
[2025-03-08T01:00:19.240+0700] {logging_mixin.py:190} INFO - [2025-03-08T01:00:19.239+0700] {dag.py:4180} INFO - Setting next_dagrun for latest_only to 2025-03-07 12:00:00+00:00, run_after=2025-03-07 16:00:00+00:00
[2025-03-08T01:00:19.257+0700] {processor.py:208} INFO - Processing /home/dataengineer/.pyenv/versions/3.9.21/lib/python3.9/site-packages/airflow/example_dags/example_latest_only.py took 0.061 seconds
[2025-03-08T01:01:20.545+0700] {processor.py:186} INFO - Started process (PID=38430) to work on /home/dataengineer/.pyenv/versions/3.9.21/lib/python3.9/site-packages/airflow/example_dags/example_latest_only.py
[2025-03-08T01:01:20.546+0700] {processor.py:914} INFO - Processing file /home/dataengineer/.pyenv/versions/3.9.21/lib/python3.9/site-packages/airflow/example_dags/example_latest_only.py for tasks to queue
[2025-03-08T01:01:20.547+0700] {logging_mixin.py:190} INFO - [2025-03-08T01:01:20.547+0700] {dagbag.py:588} INFO - Filling up the DagBag from /home/dataengineer/.pyenv/versions/3.9.21/lib/python3.9/site-packages/airflow/example_dags/example_latest_only.py
[2025-03-08T01:01:20.554+0700] {processor.py:925} INFO - DAG(s) 'latest_only' retrieved from /home/dataengineer/.pyenv/versions/3.9.21/lib/python3.9/site-packages/airflow/example_dags/example_latest_only.py
[2025-03-08T01:01:20.567+0700] {logging_mixin.py:190} INFO - [2025-03-08T01:01:20.566+0700] {dag.py:3239} INFO - Sync 1 DAGs
[2025-03-08T01:01:20.585+0700] {logging_mixin.py:190} INFO - [2025-03-08T01:01:20.584+0700] {dag.py:4180} INFO - Setting next_dagrun for latest_only to 2025-03-07 12:00:00+00:00, run_after=2025-03-07 16:00:00+00:00
[2025-03-08T01:01:20.605+0700] {processor.py:208} INFO - Processing /home/dataengineer/.pyenv/versions/3.9.21/lib/python3.9/site-packages/airflow/example_dags/example_latest_only.py took 0.066 seconds
[2025-03-08T01:02:22.487+0700] {processor.py:186} INFO - Started process (PID=38968) to work on /home/dataengineer/.pyenv/versions/3.9.21/lib/python3.9/site-packages/airflow/example_dags/example_latest_only.py
[2025-03-08T01:02:22.488+0700] {processor.py:914} INFO - Processing file /home/dataengineer/.pyenv/versions/3.9.21/lib/python3.9/site-packages/airflow/example_dags/example_latest_only.py for tasks to queue
[2025-03-08T01:02:22.490+0700] {logging_mixin.py:190} INFO - [2025-03-08T01:02:22.490+0700] {dagbag.py:588} INFO - Filling up the DagBag from /home/dataengineer/.pyenv/versions/3.9.21/lib/python3.9/site-packages/airflow/example_dags/example_latest_only.py
[2025-03-08T01:02:22.497+0700] {processor.py:925} INFO - DAG(s) 'latest_only' retrieved from /home/dataengineer/.pyenv/versions/3.9.21/lib/python3.9/site-packages/airflow/example_dags/example_latest_only.py
[2025-03-08T01:02:22.511+0700] {logging_mixin.py:190} INFO - [2025-03-08T01:02:22.511+0700] {dag.py:3239} INFO - Sync 1 DAGs
[2025-03-08T01:02:22.530+0700] {logging_mixin.py:190} INFO - [2025-03-08T01:02:22.530+0700] {dag.py:4180} INFO - Setting next_dagrun for latest_only to 2025-03-07 12:00:00+00:00, run_after=2025-03-07 16:00:00+00:00
[2025-03-08T01:02:22.550+0700] {processor.py:208} INFO - Processing /home/dataengineer/.pyenv/versions/3.9.21/lib/python3.9/site-packages/airflow/example_dags/example_latest_only.py took 0.069 seconds
[2025-03-08T01:03:23.416+0700] {processor.py:186} INFO - Started process (PID=39605) to work on /home/dataengineer/.pyenv/versions/3.9.21/lib/python3.9/site-packages/airflow/example_dags/example_latest_only.py
[2025-03-08T01:03:23.418+0700] {processor.py:914} INFO - Processing file /home/dataengineer/.pyenv/versions/3.9.21/lib/python3.9/site-packages/airflow/example_dags/example_latest_only.py for tasks to queue
[2025-03-08T01:03:23.420+0700] {logging_mixin.py:190} INFO - [2025-03-08T01:03:23.419+0700] {dagbag.py:588} INFO - Filling up the DagBag from /home/dataengineer/.pyenv/versions/3.9.21/lib/python3.9/site-packages/airflow/example_dags/example_latest_only.py
[2025-03-08T01:03:23.427+0700] {processor.py:925} INFO - DAG(s) 'latest_only' retrieved from /home/dataengineer/.pyenv/versions/3.9.21/lib/python3.9/site-packages/airflow/example_dags/example_latest_only.py
[2025-03-08T01:03:23.441+0700] {logging_mixin.py:190} INFO - [2025-03-08T01:03:23.441+0700] {dag.py:3239} INFO - Sync 1 DAGs
[2025-03-08T01:03:23.461+0700] {logging_mixin.py:190} INFO - [2025-03-08T01:03:23.461+0700] {dag.py:4180} INFO - Setting next_dagrun for latest_only to 2025-03-07 12:00:00+00:00, run_after=2025-03-07 16:00:00+00:00
[2025-03-08T01:03:23.487+0700] {processor.py:208} INFO - Processing /home/dataengineer/.pyenv/versions/3.9.21/lib/python3.9/site-packages/airflow/example_dags/example_latest_only.py took 0.077 seconds
[2025-03-08T01:04:24.047+0700] {processor.py:186} INFO - Started process (PID=41266) to work on /home/dataengineer/.pyenv/versions/3.9.21/lib/python3.9/site-packages/airflow/example_dags/example_latest_only.py
[2025-03-08T01:04:24.048+0700] {processor.py:914} INFO - Processing file /home/dataengineer/.pyenv/versions/3.9.21/lib/python3.9/site-packages/airflow/example_dags/example_latest_only.py for tasks to queue
[2025-03-08T01:04:24.050+0700] {logging_mixin.py:190} INFO - [2025-03-08T01:04:24.049+0700] {dagbag.py:588} INFO - Filling up the DagBag from /home/dataengineer/.pyenv/versions/3.9.21/lib/python3.9/site-packages/airflow/example_dags/example_latest_only.py
[2025-03-08T01:04:24.056+0700] {processor.py:925} INFO - DAG(s) 'latest_only' retrieved from /home/dataengineer/.pyenv/versions/3.9.21/lib/python3.9/site-packages/airflow/example_dags/example_latest_only.py
[2025-03-08T01:04:24.068+0700] {logging_mixin.py:190} INFO - [2025-03-08T01:04:24.067+0700] {dag.py:3239} INFO - Sync 1 DAGs
[2025-03-08T01:04:24.085+0700] {logging_mixin.py:190} INFO - [2025-03-08T01:04:24.085+0700] {dag.py:4180} INFO - Setting next_dagrun for latest_only to 2025-03-07 12:00:00+00:00, run_after=2025-03-07 16:00:00+00:00
[2025-03-08T01:04:24.103+0700] {processor.py:208} INFO - Processing /home/dataengineer/.pyenv/versions/3.9.21/lib/python3.9/site-packages/airflow/example_dags/example_latest_only.py took 0.061 seconds
[2025-03-08T02:29:44.050+0700] {processor.py:186} INFO - Started process (PID=67724) to work on /home/dataengineer/.pyenv/versions/3.9.21/lib/python3.9/site-packages/airflow/example_dags/example_latest_only.py
[2025-03-08T02:29:44.052+0700] {processor.py:914} INFO - Processing file /home/dataengineer/.pyenv/versions/3.9.21/lib/python3.9/site-packages/airflow/example_dags/example_latest_only.py for tasks to queue
[2025-03-08T02:29:44.054+0700] {logging_mixin.py:190} INFO - [2025-03-08T02:29:44.053+0700] {dagbag.py:588} INFO - Filling up the DagBag from /home/dataengineer/.pyenv/versions/3.9.21/lib/python3.9/site-packages/airflow/example_dags/example_latest_only.py
[2025-03-08T02:29:44.060+0700] {processor.py:925} INFO - DAG(s) 'latest_only' retrieved from /home/dataengineer/.pyenv/versions/3.9.21/lib/python3.9/site-packages/airflow/example_dags/example_latest_only.py
[2025-03-08T02:29:44.074+0700] {logging_mixin.py:190} INFO - [2025-03-08T02:29:44.074+0700] {dag.py:3239} INFO - Sync 1 DAGs
[2025-03-08T02:29:44.091+0700] {logging_mixin.py:190} INFO - [2025-03-08T02:29:44.091+0700] {dag.py:4180} INFO - Setting next_dagrun for latest_only to 2025-03-07 12:00:00+00:00, run_after=2025-03-07 16:00:00+00:00
[2025-03-08T02:29:44.109+0700] {processor.py:208} INFO - Processing /home/dataengineer/.pyenv/versions/3.9.21/lib/python3.9/site-packages/airflow/example_dags/example_latest_only.py took 0.063 seconds
[2025-03-08T02:30:40.899+0700] {processor.py:186} INFO - Started process (PID=68106) to work on /home/dataengineer/.pyenv/versions/3.9.21/lib/python3.9/site-packages/airflow/example_dags/example_latest_only.py
[2025-03-08T02:30:40.900+0700] {processor.py:914} INFO - Processing file /home/dataengineer/.pyenv/versions/3.9.21/lib/python3.9/site-packages/airflow/example_dags/example_latest_only.py for tasks to queue
[2025-03-08T02:30:40.902+0700] {logging_mixin.py:190} INFO - [2025-03-08T02:30:40.901+0700] {dagbag.py:588} INFO - Filling up the DagBag from /home/dataengineer/.pyenv/versions/3.9.21/lib/python3.9/site-packages/airflow/example_dags/example_latest_only.py
[2025-03-08T02:30:40.910+0700] {processor.py:925} INFO - DAG(s) 'latest_only' retrieved from /home/dataengineer/.pyenv/versions/3.9.21/lib/python3.9/site-packages/airflow/example_dags/example_latest_only.py
[2025-03-08T02:30:40.924+0700] {logging_mixin.py:190} INFO - [2025-03-08T02:30:40.923+0700] {dag.py:3239} INFO - Sync 1 DAGs
[2025-03-08T02:30:40.944+0700] {logging_mixin.py:190} INFO - [2025-03-08T02:30:40.943+0700] {dag.py:4180} INFO - Setting next_dagrun for latest_only to 2025-03-07 12:00:00+00:00, run_after=2025-03-07 16:00:00+00:00
[2025-03-08T02:30:40.963+0700] {processor.py:208} INFO - Processing /home/dataengineer/.pyenv/versions/3.9.21/lib/python3.9/site-packages/airflow/example_dags/example_latest_only.py took 0.070 seconds
[2025-03-08T02:31:38.728+0700] {processor.py:186} INFO - Started process (PID=68851) to work on /home/dataengineer/.pyenv/versions/3.9.21/lib/python3.9/site-packages/airflow/example_dags/example_latest_only.py
[2025-03-08T02:31:38.729+0700] {processor.py:914} INFO - Processing file /home/dataengineer/.pyenv/versions/3.9.21/lib/python3.9/site-packages/airflow/example_dags/example_latest_only.py for tasks to queue
[2025-03-08T02:31:38.730+0700] {logging_mixin.py:190} INFO - [2025-03-08T02:31:38.730+0700] {dagbag.py:588} INFO - Filling up the DagBag from /home/dataengineer/.pyenv/versions/3.9.21/lib/python3.9/site-packages/airflow/example_dags/example_latest_only.py
[2025-03-08T02:31:38.741+0700] {processor.py:925} INFO - DAG(s) 'latest_only' retrieved from /home/dataengineer/.pyenv/versions/3.9.21/lib/python3.9/site-packages/airflow/example_dags/example_latest_only.py
[2025-03-08T02:31:38.757+0700] {logging_mixin.py:190} INFO - [2025-03-08T02:31:38.757+0700] {dag.py:3239} INFO - Sync 1 DAGs
[2025-03-08T02:31:38.781+0700] {logging_mixin.py:190} INFO - [2025-03-08T02:31:38.781+0700] {dag.py:4180} INFO - Setting next_dagrun for latest_only to 2025-03-07 12:00:00+00:00, run_after=2025-03-07 16:00:00+00:00
[2025-03-08T02:31:38.802+0700] {processor.py:208} INFO - Processing /home/dataengineer/.pyenv/versions/3.9.21/lib/python3.9/site-packages/airflow/example_dags/example_latest_only.py took 0.082 seconds
[2025-03-08T02:32:35.298+0700] {processor.py:186} INFO - Started process (PID=69106) to work on /home/dataengineer/.pyenv/versions/3.9.21/lib/python3.9/site-packages/airflow/example_dags/example_latest_only.py
[2025-03-08T02:32:35.300+0700] {processor.py:914} INFO - Processing file /home/dataengineer/.pyenv/versions/3.9.21/lib/python3.9/site-packages/airflow/example_dags/example_latest_only.py for tasks to queue
[2025-03-08T02:32:35.301+0700] {logging_mixin.py:190} INFO - [2025-03-08T02:32:35.301+0700] {dagbag.py:588} INFO - Filling up the DagBag from /home/dataengineer/.pyenv/versions/3.9.21/lib/python3.9/site-packages/airflow/example_dags/example_latest_only.py
[2025-03-08T02:32:35.309+0700] {processor.py:925} INFO - DAG(s) 'latest_only' retrieved from /home/dataengineer/.pyenv/versions/3.9.21/lib/python3.9/site-packages/airflow/example_dags/example_latest_only.py
[2025-03-08T02:32:35.323+0700] {logging_mixin.py:190} INFO - [2025-03-08T02:32:35.323+0700] {dag.py:3239} INFO - Sync 1 DAGs
[2025-03-08T02:32:35.342+0700] {logging_mixin.py:190} INFO - [2025-03-08T02:32:35.341+0700] {dag.py:4180} INFO - Setting next_dagrun for latest_only to 2025-03-07 12:00:00+00:00, run_after=2025-03-07 16:00:00+00:00
[2025-03-08T02:32:35.362+0700] {processor.py:208} INFO - Processing /home/dataengineer/.pyenv/versions/3.9.21/lib/python3.9/site-packages/airflow/example_dags/example_latest_only.py took 0.070 seconds
[2025-03-08T02:33:32.331+0700] {processor.py:186} INFO - Started process (PID=69361) to work on /home/dataengineer/.pyenv/versions/3.9.21/lib/python3.9/site-packages/airflow/example_dags/example_latest_only.py
[2025-03-08T02:33:32.332+0700] {processor.py:914} INFO - Processing file /home/dataengineer/.pyenv/versions/3.9.21/lib/python3.9/site-packages/airflow/example_dags/example_latest_only.py for tasks to queue
[2025-03-08T02:33:32.333+0700] {logging_mixin.py:190} INFO - [2025-03-08T02:33:32.333+0700] {dagbag.py:588} INFO - Filling up the DagBag from /home/dataengineer/.pyenv/versions/3.9.21/lib/python3.9/site-packages/airflow/example_dags/example_latest_only.py
[2025-03-08T02:33:32.341+0700] {processor.py:925} INFO - DAG(s) 'latest_only' retrieved from /home/dataengineer/.pyenv/versions/3.9.21/lib/python3.9/site-packages/airflow/example_dags/example_latest_only.py
[2025-03-08T02:33:32.354+0700] {logging_mixin.py:190} INFO - [2025-03-08T02:33:32.354+0700] {dag.py:3239} INFO - Sync 1 DAGs
[2025-03-08T02:33:32.374+0700] {logging_mixin.py:190} INFO - [2025-03-08T02:33:32.374+0700] {dag.py:4180} INFO - Setting next_dagrun for latest_only to 2025-03-07 12:00:00+00:00, run_after=2025-03-07 16:00:00+00:00
[2025-03-08T02:33:32.396+0700] {processor.py:208} INFO - Processing /home/dataengineer/.pyenv/versions/3.9.21/lib/python3.9/site-packages/airflow/example_dags/example_latest_only.py took 0.071 seconds
[2025-03-08T02:35:07.306+0700] {processor.py:186} INFO - Started process (PID=70447) to work on /home/dataengineer/.pyenv/versions/3.9.21/lib/python3.9/site-packages/airflow/example_dags/example_latest_only.py
[2025-03-08T02:35:07.307+0700] {processor.py:914} INFO - Processing file /home/dataengineer/.pyenv/versions/3.9.21/lib/python3.9/site-packages/airflow/example_dags/example_latest_only.py for tasks to queue
[2025-03-08T02:35:07.309+0700] {logging_mixin.py:190} INFO - [2025-03-08T02:35:07.309+0700] {dagbag.py:588} INFO - Filling up the DagBag from /home/dataengineer/.pyenv/versions/3.9.21/lib/python3.9/site-packages/airflow/example_dags/example_latest_only.py
[2025-03-08T02:35:07.316+0700] {processor.py:925} INFO - DAG(s) 'latest_only' retrieved from /home/dataengineer/.pyenv/versions/3.9.21/lib/python3.9/site-packages/airflow/example_dags/example_latest_only.py
[2025-03-08T02:35:07.331+0700] {logging_mixin.py:190} INFO - [2025-03-08T02:35:07.331+0700] {dag.py:3239} INFO - Sync 1 DAGs
[2025-03-08T02:35:07.349+0700] {logging_mixin.py:190} INFO - [2025-03-08T02:35:07.349+0700] {dag.py:4180} INFO - Setting next_dagrun for latest_only to 2025-03-07 12:00:00+00:00, run_after=2025-03-07 16:00:00+00:00
[2025-03-08T02:35:07.367+0700] {processor.py:208} INFO - Processing /home/dataengineer/.pyenv/versions/3.9.21/lib/python3.9/site-packages/airflow/example_dags/example_latest_only.py took 0.067 seconds
[2025-03-08T02:36:07.980+0700] {processor.py:186} INFO - Started process (PID=70872) to work on /home/dataengineer/.pyenv/versions/3.9.21/lib/python3.9/site-packages/airflow/example_dags/example_latest_only.py
[2025-03-08T02:36:07.981+0700] {processor.py:914} INFO - Processing file /home/dataengineer/.pyenv/versions/3.9.21/lib/python3.9/site-packages/airflow/example_dags/example_latest_only.py for tasks to queue
[2025-03-08T02:36:07.983+0700] {logging_mixin.py:190} INFO - [2025-03-08T02:36:07.983+0700] {dagbag.py:588} INFO - Filling up the DagBag from /home/dataengineer/.pyenv/versions/3.9.21/lib/python3.9/site-packages/airflow/example_dags/example_latest_only.py
[2025-03-08T02:36:07.990+0700] {processor.py:925} INFO - DAG(s) 'latest_only' retrieved from /home/dataengineer/.pyenv/versions/3.9.21/lib/python3.9/site-packages/airflow/example_dags/example_latest_only.py
[2025-03-08T02:36:08.003+0700] {logging_mixin.py:190} INFO - [2025-03-08T02:36:08.003+0700] {dag.py:3239} INFO - Sync 1 DAGs
[2025-03-08T02:36:08.023+0700] {logging_mixin.py:190} INFO - [2025-03-08T02:36:08.023+0700] {dag.py:4180} INFO - Setting next_dagrun for latest_only to 2025-03-07 12:00:00+00:00, run_after=2025-03-07 16:00:00+00:00
[2025-03-08T02:36:08.042+0700] {processor.py:208} INFO - Processing /home/dataengineer/.pyenv/versions/3.9.21/lib/python3.9/site-packages/airflow/example_dags/example_latest_only.py took 0.068 seconds
[2025-03-08T02:37:09.857+0700] {processor.py:186} INFO - Started process (PID=71320) to work on /home/dataengineer/.pyenv/versions/3.9.21/lib/python3.9/site-packages/airflow/example_dags/example_latest_only.py
[2025-03-08T02:37:09.858+0700] {processor.py:914} INFO - Processing file /home/dataengineer/.pyenv/versions/3.9.21/lib/python3.9/site-packages/airflow/example_dags/example_latest_only.py for tasks to queue
[2025-03-08T02:37:09.860+0700] {logging_mixin.py:190} INFO - [2025-03-08T02:37:09.860+0700] {dagbag.py:588} INFO - Filling up the DagBag from /home/dataengineer/.pyenv/versions/3.9.21/lib/python3.9/site-packages/airflow/example_dags/example_latest_only.py
[2025-03-08T02:37:09.875+0700] {processor.py:925} INFO - DAG(s) 'latest_only' retrieved from /home/dataengineer/.pyenv/versions/3.9.21/lib/python3.9/site-packages/airflow/example_dags/example_latest_only.py
[2025-03-08T02:37:09.894+0700] {logging_mixin.py:190} INFO - [2025-03-08T02:37:09.893+0700] {dag.py:3239} INFO - Sync 1 DAGs
[2025-03-08T02:37:09.918+0700] {logging_mixin.py:190} INFO - [2025-03-08T02:37:09.918+0700] {dag.py:4180} INFO - Setting next_dagrun for latest_only to 2025-03-07 12:00:00+00:00, run_after=2025-03-07 16:00:00+00:00
[2025-03-08T02:37:09.942+0700] {processor.py:208} INFO - Processing /home/dataengineer/.pyenv/versions/3.9.21/lib/python3.9/site-packages/airflow/example_dags/example_latest_only.py took 0.092 seconds
[2025-03-08T02:39:14.448+0700] {processor.py:186} INFO - Started process (PID=72505) to work on /home/dataengineer/.pyenv/versions/3.9.21/lib/python3.9/site-packages/airflow/example_dags/example_latest_only.py
[2025-03-08T02:39:14.449+0700] {processor.py:914} INFO - Processing file /home/dataengineer/.pyenv/versions/3.9.21/lib/python3.9/site-packages/airflow/example_dags/example_latest_only.py for tasks to queue
[2025-03-08T02:39:14.452+0700] {logging_mixin.py:190} INFO - [2025-03-08T02:39:14.452+0700] {dagbag.py:588} INFO - Filling up the DagBag from /home/dataengineer/.pyenv/versions/3.9.21/lib/python3.9/site-packages/airflow/example_dags/example_latest_only.py
[2025-03-08T02:39:14.459+0700] {processor.py:925} INFO - DAG(s) 'latest_only' retrieved from /home/dataengineer/.pyenv/versions/3.9.21/lib/python3.9/site-packages/airflow/example_dags/example_latest_only.py
[2025-03-08T02:39:14.476+0700] {logging_mixin.py:190} INFO - [2025-03-08T02:39:14.476+0700] {dag.py:3239} INFO - Sync 1 DAGs
[2025-03-08T02:39:14.501+0700] {logging_mixin.py:190} INFO - [2025-03-08T02:39:14.500+0700] {dag.py:4180} INFO - Setting next_dagrun for latest_only to 2025-03-07 12:00:00+00:00, run_after=2025-03-07 16:00:00+00:00
[2025-03-08T02:39:14.522+0700] {processor.py:208} INFO - Processing /home/dataengineer/.pyenv/versions/3.9.21/lib/python3.9/site-packages/airflow/example_dags/example_latest_only.py took 0.080 seconds
