[2025-03-08T00:56:42.478+0700] {processor.py:186} INFO - Started process (PID=36338) to work on /home/dataengineer/.pyenv/versions/3.9.21/lib/python3.9/site-packages/airflow/example_dags/example_task_group_decorator.py
[2025-03-08T00:56:42.479+0700] {processor.py:914} INFO - Processing file /home/dataengineer/.pyenv/versions/3.9.21/lib/python3.9/site-packages/airflow/example_dags/example_task_group_decorator.py for tasks to queue
[2025-03-08T00:56:42.481+0700] {logging_mixin.py:190} INFO - [2025-03-08T00:56:42.481+0700] {dagbag.py:588} INFO - Filling up the DagBag from /home/dataengineer/.pyenv/versions/3.9.21/lib/python3.9/site-packages/airflow/example_dags/example_task_group_decorator.py
[2025-03-08T00:56:42.503+0700] {processor.py:925} INFO - DAG(s) 'example_task_group_decorator' retrieved from /home/dataengineer/.pyenv/versions/3.9.21/lib/python3.9/site-packages/airflow/example_dags/example_task_group_decorator.py
[2025-03-08T00:56:42.568+0700] {logging_mixin.py:190} INFO - [2025-03-08T00:56:42.568+0700] {dag.py:3239} INFO - Sync 1 DAGs
[2025-03-08T00:56:42.594+0700] {logging_mixin.py:190} INFO - [2025-03-08T00:56:42.594+0700] {dag.py:4180} INFO - Setting next_dagrun for example_task_group_decorator to None, run_after=None
[2025-03-08T00:56:42.618+0700] {processor.py:208} INFO - Processing /home/dataengineer/.pyenv/versions/3.9.21/lib/python3.9/site-packages/airflow/example_dags/example_task_group_decorator.py took 0.152 seconds
[2025-03-08T00:57:48.086+0700] {processor.py:186} INFO - Started process (PID=36971) to work on /home/dataengineer/.pyenv/versions/3.9.21/lib/python3.9/site-packages/airflow/example_dags/example_task_group_decorator.py
[2025-03-08T00:57:48.087+0700] {processor.py:914} INFO - Processing file /home/dataengineer/.pyenv/versions/3.9.21/lib/python3.9/site-packages/airflow/example_dags/example_task_group_decorator.py for tasks to queue
[2025-03-08T00:57:48.089+0700] {logging_mixin.py:190} INFO - [2025-03-08T00:57:48.089+0700] {dagbag.py:588} INFO - Filling up the DagBag from /home/dataengineer/.pyenv/versions/3.9.21/lib/python3.9/site-packages/airflow/example_dags/example_task_group_decorator.py
[2025-03-08T00:57:48.103+0700] {processor.py:925} INFO - DAG(s) 'example_task_group_decorator' retrieved from /home/dataengineer/.pyenv/versions/3.9.21/lib/python3.9/site-packages/airflow/example_dags/example_task_group_decorator.py
[2025-03-08T00:57:48.122+0700] {logging_mixin.py:190} INFO - [2025-03-08T00:57:48.122+0700] {dag.py:3239} INFO - Sync 1 DAGs
[2025-03-08T00:57:48.134+0700] {logging_mixin.py:190} INFO - [2025-03-08T00:57:48.134+0700] {dag.py:4180} INFO - Setting next_dagrun for example_task_group_decorator to None, run_after=None
[2025-03-08T00:57:48.154+0700] {processor.py:208} INFO - Processing /home/dataengineer/.pyenv/versions/3.9.21/lib/python3.9/site-packages/airflow/example_dags/example_task_group_decorator.py took 0.074 seconds
[2025-03-08T00:58:48.775+0700] {processor.py:186} INFO - Started process (PID=37462) to work on /home/dataengineer/.pyenv/versions/3.9.21/lib/python3.9/site-packages/airflow/example_dags/example_task_group_decorator.py
[2025-03-08T00:58:48.776+0700] {processor.py:914} INFO - Processing file /home/dataengineer/.pyenv/versions/3.9.21/lib/python3.9/site-packages/airflow/example_dags/example_task_group_decorator.py for tasks to queue
[2025-03-08T00:58:48.778+0700] {logging_mixin.py:190} INFO - [2025-03-08T00:58:48.777+0700] {dagbag.py:588} INFO - Filling up the DagBag from /home/dataengineer/.pyenv/versions/3.9.21/lib/python3.9/site-packages/airflow/example_dags/example_task_group_decorator.py
[2025-03-08T00:58:48.793+0700] {processor.py:925} INFO - DAG(s) 'example_task_group_decorator' retrieved from /home/dataengineer/.pyenv/versions/3.9.21/lib/python3.9/site-packages/airflow/example_dags/example_task_group_decorator.py
[2025-03-08T00:58:48.814+0700] {logging_mixin.py:190} INFO - [2025-03-08T00:58:48.813+0700] {dag.py:3239} INFO - Sync 1 DAGs
[2025-03-08T00:58:48.826+0700] {logging_mixin.py:190} INFO - [2025-03-08T00:58:48.826+0700] {dag.py:4180} INFO - Setting next_dagrun for example_task_group_decorator to None, run_after=None
[2025-03-08T00:58:48.849+0700] {processor.py:208} INFO - Processing /home/dataengineer/.pyenv/versions/3.9.21/lib/python3.9/site-packages/airflow/example_dags/example_task_group_decorator.py took 0.080 seconds
[2025-03-08T00:59:50.457+0700] {processor.py:186} INFO - Started process (PID=37889) to work on /home/dataengineer/.pyenv/versions/3.9.21/lib/python3.9/site-packages/airflow/example_dags/example_task_group_decorator.py
[2025-03-08T00:59:50.458+0700] {processor.py:914} INFO - Processing file /home/dataengineer/.pyenv/versions/3.9.21/lib/python3.9/site-packages/airflow/example_dags/example_task_group_decorator.py for tasks to queue
[2025-03-08T00:59:50.460+0700] {logging_mixin.py:190} INFO - [2025-03-08T00:59:50.459+0700] {dagbag.py:588} INFO - Filling up the DagBag from /home/dataengineer/.pyenv/versions/3.9.21/lib/python3.9/site-packages/airflow/example_dags/example_task_group_decorator.py
[2025-03-08T00:59:50.474+0700] {processor.py:925} INFO - DAG(s) 'example_task_group_decorator' retrieved from /home/dataengineer/.pyenv/versions/3.9.21/lib/python3.9/site-packages/airflow/example_dags/example_task_group_decorator.py
[2025-03-08T00:59:50.493+0700] {logging_mixin.py:190} INFO - [2025-03-08T00:59:50.493+0700] {dag.py:3239} INFO - Sync 1 DAGs
[2025-03-08T00:59:50.505+0700] {logging_mixin.py:190} INFO - [2025-03-08T00:59:50.505+0700] {dag.py:4180} INFO - Setting next_dagrun for example_task_group_decorator to None, run_after=None
[2025-03-08T00:59:50.524+0700] {processor.py:208} INFO - Processing /home/dataengineer/.pyenv/versions/3.9.21/lib/python3.9/site-packages/airflow/example_dags/example_task_group_decorator.py took 0.074 seconds
[2025-03-08T01:00:52.117+0700] {processor.py:186} INFO - Started process (PID=38321) to work on /home/dataengineer/.pyenv/versions/3.9.21/lib/python3.9/site-packages/airflow/example_dags/example_task_group_decorator.py
[2025-03-08T01:00:52.118+0700] {processor.py:914} INFO - Processing file /home/dataengineer/.pyenv/versions/3.9.21/lib/python3.9/site-packages/airflow/example_dags/example_task_group_decorator.py for tasks to queue
[2025-03-08T01:00:52.120+0700] {logging_mixin.py:190} INFO - [2025-03-08T01:00:52.120+0700] {dagbag.py:588} INFO - Filling up the DagBag from /home/dataengineer/.pyenv/versions/3.9.21/lib/python3.9/site-packages/airflow/example_dags/example_task_group_decorator.py
[2025-03-08T01:00:52.138+0700] {processor.py:925} INFO - DAG(s) 'example_task_group_decorator' retrieved from /home/dataengineer/.pyenv/versions/3.9.21/lib/python3.9/site-packages/airflow/example_dags/example_task_group_decorator.py
[2025-03-08T01:00:52.158+0700] {logging_mixin.py:190} INFO - [2025-03-08T01:00:52.157+0700] {dag.py:3239} INFO - Sync 1 DAGs
[2025-03-08T01:00:52.170+0700] {logging_mixin.py:190} INFO - [2025-03-08T01:00:52.170+0700] {dag.py:4180} INFO - Setting next_dagrun for example_task_group_decorator to None, run_after=None
[2025-03-08T01:00:52.190+0700] {processor.py:208} INFO - Processing /home/dataengineer/.pyenv/versions/3.9.21/lib/python3.9/site-packages/airflow/example_dags/example_task_group_decorator.py took 0.078 seconds
[2025-03-08T01:01:53.842+0700] {processor.py:186} INFO - Started process (PID=38776) to work on /home/dataengineer/.pyenv/versions/3.9.21/lib/python3.9/site-packages/airflow/example_dags/example_task_group_decorator.py
[2025-03-08T01:01:53.844+0700] {processor.py:914} INFO - Processing file /home/dataengineer/.pyenv/versions/3.9.21/lib/python3.9/site-packages/airflow/example_dags/example_task_group_decorator.py for tasks to queue
[2025-03-08T01:01:53.846+0700] {logging_mixin.py:190} INFO - [2025-03-08T01:01:53.846+0700] {dagbag.py:588} INFO - Filling up the DagBag from /home/dataengineer/.pyenv/versions/3.9.21/lib/python3.9/site-packages/airflow/example_dags/example_task_group_decorator.py
[2025-03-08T01:01:53.861+0700] {processor.py:925} INFO - DAG(s) 'example_task_group_decorator' retrieved from /home/dataengineer/.pyenv/versions/3.9.21/lib/python3.9/site-packages/airflow/example_dags/example_task_group_decorator.py
[2025-03-08T01:01:53.881+0700] {logging_mixin.py:190} INFO - [2025-03-08T01:01:53.880+0700] {dag.py:3239} INFO - Sync 1 DAGs
[2025-03-08T01:01:53.892+0700] {logging_mixin.py:190} INFO - [2025-03-08T01:01:53.892+0700] {dag.py:4180} INFO - Setting next_dagrun for example_task_group_decorator to None, run_after=None
[2025-03-08T01:01:53.910+0700] {processor.py:208} INFO - Processing /home/dataengineer/.pyenv/versions/3.9.21/lib/python3.9/site-packages/airflow/example_dags/example_task_group_decorator.py took 0.075 seconds
[2025-03-08T01:02:56.368+0700] {processor.py:186} INFO - Started process (PID=39300) to work on /home/dataengineer/.pyenv/versions/3.9.21/lib/python3.9/site-packages/airflow/example_dags/example_task_group_decorator.py
[2025-03-08T01:02:56.369+0700] {processor.py:914} INFO - Processing file /home/dataengineer/.pyenv/versions/3.9.21/lib/python3.9/site-packages/airflow/example_dags/example_task_group_decorator.py for tasks to queue
[2025-03-08T01:02:56.371+0700] {logging_mixin.py:190} INFO - [2025-03-08T01:02:56.371+0700] {dagbag.py:588} INFO - Filling up the DagBag from /home/dataengineer/.pyenv/versions/3.9.21/lib/python3.9/site-packages/airflow/example_dags/example_task_group_decorator.py
[2025-03-08T01:02:56.385+0700] {processor.py:925} INFO - DAG(s) 'example_task_group_decorator' retrieved from /home/dataengineer/.pyenv/versions/3.9.21/lib/python3.9/site-packages/airflow/example_dags/example_task_group_decorator.py
[2025-03-08T01:02:56.402+0700] {logging_mixin.py:190} INFO - [2025-03-08T01:02:56.402+0700] {dag.py:3239} INFO - Sync 1 DAGs
[2025-03-08T01:02:56.412+0700] {logging_mixin.py:190} INFO - [2025-03-08T01:02:56.412+0700] {dag.py:4180} INFO - Setting next_dagrun for example_task_group_decorator to None, run_after=None
[2025-03-08T01:02:56.430+0700] {processor.py:208} INFO - Processing /home/dataengineer/.pyenv/versions/3.9.21/lib/python3.9/site-packages/airflow/example_dags/example_task_group_decorator.py took 0.067 seconds
[2025-03-08T01:03:55.896+0700] {processor.py:186} INFO - Started process (PID=40103) to work on /home/dataengineer/.pyenv/versions/3.9.21/lib/python3.9/site-packages/airflow/example_dags/example_task_group_decorator.py
[2025-03-08T01:03:55.897+0700] {processor.py:914} INFO - Processing file /home/dataengineer/.pyenv/versions/3.9.21/lib/python3.9/site-packages/airflow/example_dags/example_task_group_decorator.py for tasks to queue
[2025-03-08T01:03:55.899+0700] {logging_mixin.py:190} INFO - [2025-03-08T01:03:55.899+0700] {dagbag.py:588} INFO - Filling up the DagBag from /home/dataengineer/.pyenv/versions/3.9.21/lib/python3.9/site-packages/airflow/example_dags/example_task_group_decorator.py
[2025-03-08T01:03:55.913+0700] {processor.py:925} INFO - DAG(s) 'example_task_group_decorator' retrieved from /home/dataengineer/.pyenv/versions/3.9.21/lib/python3.9/site-packages/airflow/example_dags/example_task_group_decorator.py
[2025-03-08T01:03:55.931+0700] {logging_mixin.py:190} INFO - [2025-03-08T01:03:55.931+0700] {dag.py:3239} INFO - Sync 1 DAGs
[2025-03-08T01:03:55.942+0700] {logging_mixin.py:190} INFO - [2025-03-08T01:03:55.942+0700] {dag.py:4180} INFO - Setting next_dagrun for example_task_group_decorator to None, run_after=None
[2025-03-08T01:03:55.960+0700] {processor.py:208} INFO - Processing /home/dataengineer/.pyenv/versions/3.9.21/lib/python3.9/site-packages/airflow/example_dags/example_task_group_decorator.py took 0.070 seconds
[2025-03-08T01:04:57.433+0700] {processor.py:186} INFO - Started process (PID=42054) to work on /home/dataengineer/.pyenv/versions/3.9.21/lib/python3.9/site-packages/airflow/example_dags/example_task_group_decorator.py
[2025-03-08T01:04:57.434+0700] {processor.py:914} INFO - Processing file /home/dataengineer/.pyenv/versions/3.9.21/lib/python3.9/site-packages/airflow/example_dags/example_task_group_decorator.py for tasks to queue
[2025-03-08T01:04:57.436+0700] {logging_mixin.py:190} INFO - [2025-03-08T01:04:57.435+0700] {dagbag.py:588} INFO - Filling up the DagBag from /home/dataengineer/.pyenv/versions/3.9.21/lib/python3.9/site-packages/airflow/example_dags/example_task_group_decorator.py
[2025-03-08T01:04:57.452+0700] {processor.py:925} INFO - DAG(s) 'example_task_group_decorator' retrieved from /home/dataengineer/.pyenv/versions/3.9.21/lib/python3.9/site-packages/airflow/example_dags/example_task_group_decorator.py
[2025-03-08T01:04:57.471+0700] {logging_mixin.py:190} INFO - [2025-03-08T01:04:57.471+0700] {dag.py:3239} INFO - Sync 1 DAGs
[2025-03-08T01:04:57.483+0700] {logging_mixin.py:190} INFO - [2025-03-08T01:04:57.483+0700] {dag.py:4180} INFO - Setting next_dagrun for example_task_group_decorator to None, run_after=None
[2025-03-08T01:04:57.503+0700] {processor.py:208} INFO - Processing /home/dataengineer/.pyenv/versions/3.9.21/lib/python3.9/site-packages/airflow/example_dags/example_task_group_decorator.py took 0.077 seconds
[2025-03-08T02:20:18.109+0700] {processor.py:186} INFO - Started process (PID=63571) to work on /home/dataengineer/.pyenv/versions/3.9.21/lib/python3.9/site-packages/airflow/example_dags/example_task_group_decorator.py
[2025-03-08T02:20:18.110+0700] {processor.py:914} INFO - Processing file /home/dataengineer/.pyenv/versions/3.9.21/lib/python3.9/site-packages/airflow/example_dags/example_task_group_decorator.py for tasks to queue
[2025-03-08T02:20:18.112+0700] {logging_mixin.py:190} INFO - [2025-03-08T02:20:18.112+0700] {dagbag.py:588} INFO - Filling up the DagBag from /home/dataengineer/.pyenv/versions/3.9.21/lib/python3.9/site-packages/airflow/example_dags/example_task_group_decorator.py
[2025-03-08T02:20:18.129+0700] {processor.py:925} INFO - DAG(s) 'example_task_group_decorator' retrieved from /home/dataengineer/.pyenv/versions/3.9.21/lib/python3.9/site-packages/airflow/example_dags/example_task_group_decorator.py
[2025-03-08T02:20:18.156+0700] {logging_mixin.py:190} INFO - [2025-03-08T02:20:18.155+0700] {dag.py:3239} INFO - Sync 1 DAGs
[2025-03-08T02:20:18.168+0700] {logging_mixin.py:190} INFO - [2025-03-08T02:20:18.168+0700] {dag.py:4180} INFO - Setting next_dagrun for example_task_group_decorator to None, run_after=None
[2025-03-08T02:20:18.189+0700] {processor.py:208} INFO - Processing /home/dataengineer/.pyenv/versions/3.9.21/lib/python3.9/site-packages/airflow/example_dags/example_task_group_decorator.py took 0.086 seconds
[2025-03-08T02:27:02.331+0700] {processor.py:186} INFO - Started process (PID=66479) to work on /home/dataengineer/.pyenv/versions/3.9.21/lib/python3.9/site-packages/airflow/example_dags/example_task_group_decorator.py
[2025-03-08T02:27:02.332+0700] {processor.py:914} INFO - Processing file /home/dataengineer/.pyenv/versions/3.9.21/lib/python3.9/site-packages/airflow/example_dags/example_task_group_decorator.py for tasks to queue
[2025-03-08T02:27:02.334+0700] {logging_mixin.py:190} INFO - [2025-03-08T02:27:02.334+0700] {dagbag.py:588} INFO - Filling up the DagBag from /home/dataengineer/.pyenv/versions/3.9.21/lib/python3.9/site-packages/airflow/example_dags/example_task_group_decorator.py
[2025-03-08T02:27:02.349+0700] {processor.py:925} INFO - DAG(s) 'example_task_group_decorator' retrieved from /home/dataengineer/.pyenv/versions/3.9.21/lib/python3.9/site-packages/airflow/example_dags/example_task_group_decorator.py
[2025-03-08T02:27:02.375+0700] {logging_mixin.py:190} INFO - [2025-03-08T02:27:02.375+0700] {dag.py:3239} INFO - Sync 1 DAGs
[2025-03-08T02:27:02.390+0700] {logging_mixin.py:190} INFO - [2025-03-08T02:27:02.389+0700] {dag.py:4180} INFO - Setting next_dagrun for example_task_group_decorator to None, run_after=None
[2025-03-08T02:27:02.416+0700] {processor.py:208} INFO - Processing /home/dataengineer/.pyenv/versions/3.9.21/lib/python3.9/site-packages/airflow/example_dags/example_task_group_decorator.py took 0.091 seconds
[2025-03-08T02:29:16.425+0700] {processor.py:186} INFO - Started process (PID=67431) to work on /home/dataengineer/.pyenv/versions/3.9.21/lib/python3.9/site-packages/airflow/example_dags/example_task_group_decorator.py
[2025-03-08T02:29:16.426+0700] {processor.py:914} INFO - Processing file /home/dataengineer/.pyenv/versions/3.9.21/lib/python3.9/site-packages/airflow/example_dags/example_task_group_decorator.py for tasks to queue
[2025-03-08T02:29:16.428+0700] {logging_mixin.py:190} INFO - [2025-03-08T02:29:16.428+0700] {dagbag.py:588} INFO - Filling up the DagBag from /home/dataengineer/.pyenv/versions/3.9.21/lib/python3.9/site-packages/airflow/example_dags/example_task_group_decorator.py
[2025-03-08T02:29:16.446+0700] {processor.py:925} INFO - DAG(s) 'example_task_group_decorator' retrieved from /home/dataengineer/.pyenv/versions/3.9.21/lib/python3.9/site-packages/airflow/example_dags/example_task_group_decorator.py
[2025-03-08T02:29:16.474+0700] {logging_mixin.py:190} INFO - [2025-03-08T02:29:16.474+0700] {dag.py:3239} INFO - Sync 1 DAGs
[2025-03-08T02:29:16.487+0700] {logging_mixin.py:190} INFO - [2025-03-08T02:29:16.487+0700] {dag.py:4180} INFO - Setting next_dagrun for example_task_group_decorator to None, run_after=None
[2025-03-08T02:29:16.510+0700] {processor.py:208} INFO - Processing /home/dataengineer/.pyenv/versions/3.9.21/lib/python3.9/site-packages/airflow/example_dags/example_task_group_decorator.py took 0.092 seconds
[2025-03-08T02:30:13.450+0700] {processor.py:186} INFO - Started process (PID=67942) to work on /home/dataengineer/.pyenv/versions/3.9.21/lib/python3.9/site-packages/airflow/example_dags/example_task_group_decorator.py
[2025-03-08T02:30:13.451+0700] {processor.py:914} INFO - Processing file /home/dataengineer/.pyenv/versions/3.9.21/lib/python3.9/site-packages/airflow/example_dags/example_task_group_decorator.py for tasks to queue
[2025-03-08T02:30:13.452+0700] {logging_mixin.py:190} INFO - [2025-03-08T02:30:13.452+0700] {dagbag.py:588} INFO - Filling up the DagBag from /home/dataengineer/.pyenv/versions/3.9.21/lib/python3.9/site-packages/airflow/example_dags/example_task_group_decorator.py
[2025-03-08T02:30:13.467+0700] {processor.py:925} INFO - DAG(s) 'example_task_group_decorator' retrieved from /home/dataengineer/.pyenv/versions/3.9.21/lib/python3.9/site-packages/airflow/example_dags/example_task_group_decorator.py
[2025-03-08T02:30:13.487+0700] {logging_mixin.py:190} INFO - [2025-03-08T02:30:13.487+0700] {dag.py:3239} INFO - Sync 1 DAGs
[2025-03-08T02:30:13.500+0700] {logging_mixin.py:190} INFO - [2025-03-08T02:30:13.499+0700] {dag.py:4180} INFO - Setting next_dagrun for example_task_group_decorator to None, run_after=None
[2025-03-08T02:30:13.519+0700] {processor.py:208} INFO - Processing /home/dataengineer/.pyenv/versions/3.9.21/lib/python3.9/site-packages/airflow/example_dags/example_task_group_decorator.py took 0.074 seconds
[2025-03-08T02:31:06.552+0700] {processor.py:186} INFO - Started process (PID=68263) to work on /home/dataengineer/.pyenv/versions/3.9.21/lib/python3.9/site-packages/airflow/example_dags/example_task_group_decorator.py
[2025-03-08T02:31:06.553+0700] {processor.py:914} INFO - Processing file /home/dataengineer/.pyenv/versions/3.9.21/lib/python3.9/site-packages/airflow/example_dags/example_task_group_decorator.py for tasks to queue
[2025-03-08T02:31:06.554+0700] {logging_mixin.py:190} INFO - [2025-03-08T02:31:06.554+0700] {dagbag.py:588} INFO - Filling up the DagBag from /home/dataengineer/.pyenv/versions/3.9.21/lib/python3.9/site-packages/airflow/example_dags/example_task_group_decorator.py
[2025-03-08T02:31:06.568+0700] {processor.py:925} INFO - DAG(s) 'example_task_group_decorator' retrieved from /home/dataengineer/.pyenv/versions/3.9.21/lib/python3.9/site-packages/airflow/example_dags/example_task_group_decorator.py
[2025-03-08T02:31:06.586+0700] {logging_mixin.py:190} INFO - [2025-03-08T02:31:06.586+0700] {dag.py:3239} INFO - Sync 1 DAGs
[2025-03-08T02:31:06.597+0700] {logging_mixin.py:190} INFO - [2025-03-08T02:31:06.597+0700] {dag.py:4180} INFO - Setting next_dagrun for example_task_group_decorator to None, run_after=None
[2025-03-08T02:31:06.616+0700] {processor.py:208} INFO - Processing /home/dataengineer/.pyenv/versions/3.9.21/lib/python3.9/site-packages/airflow/example_dags/example_task_group_decorator.py took 0.069 seconds
[2025-03-08T02:32:00.480+0700] {processor.py:186} INFO - Started process (PID=68942) to work on /home/dataengineer/.pyenv/versions/3.9.21/lib/python3.9/site-packages/airflow/example_dags/example_task_group_decorator.py
[2025-03-08T02:32:00.481+0700] {processor.py:914} INFO - Processing file /home/dataengineer/.pyenv/versions/3.9.21/lib/python3.9/site-packages/airflow/example_dags/example_task_group_decorator.py for tasks to queue
[2025-03-08T02:32:00.482+0700] {logging_mixin.py:190} INFO - [2025-03-08T02:32:00.482+0700] {dagbag.py:588} INFO - Filling up the DagBag from /home/dataengineer/.pyenv/versions/3.9.21/lib/python3.9/site-packages/airflow/example_dags/example_task_group_decorator.py
[2025-03-08T02:32:00.499+0700] {processor.py:925} INFO - DAG(s) 'example_task_group_decorator' retrieved from /home/dataengineer/.pyenv/versions/3.9.21/lib/python3.9/site-packages/airflow/example_dags/example_task_group_decorator.py
[2025-03-08T02:32:00.521+0700] {logging_mixin.py:190} INFO - [2025-03-08T02:32:00.521+0700] {dag.py:3239} INFO - Sync 1 DAGs
[2025-03-08T02:32:00.538+0700] {logging_mixin.py:190} INFO - [2025-03-08T02:32:00.538+0700] {dag.py:4180} INFO - Setting next_dagrun for example_task_group_decorator to None, run_after=None
[2025-03-08T02:32:00.561+0700] {processor.py:208} INFO - Processing /home/dataengineer/.pyenv/versions/3.9.21/lib/python3.9/site-packages/airflow/example_dags/example_task_group_decorator.py took 0.087 seconds
[2025-03-08T02:32:59.022+0700] {processor.py:186} INFO - Started process (PID=69196) to work on /home/dataengineer/.pyenv/versions/3.9.21/lib/python3.9/site-packages/airflow/example_dags/example_task_group_decorator.py
[2025-03-08T02:32:59.023+0700] {processor.py:914} INFO - Processing file /home/dataengineer/.pyenv/versions/3.9.21/lib/python3.9/site-packages/airflow/example_dags/example_task_group_decorator.py for tasks to queue
[2025-03-08T02:32:59.024+0700] {logging_mixin.py:190} INFO - [2025-03-08T02:32:59.024+0700] {dagbag.py:588} INFO - Filling up the DagBag from /home/dataengineer/.pyenv/versions/3.9.21/lib/python3.9/site-packages/airflow/example_dags/example_task_group_decorator.py
[2025-03-08T02:32:59.039+0700] {processor.py:925} INFO - DAG(s) 'example_task_group_decorator' retrieved from /home/dataengineer/.pyenv/versions/3.9.21/lib/python3.9/site-packages/airflow/example_dags/example_task_group_decorator.py
[2025-03-08T02:32:59.057+0700] {logging_mixin.py:190} INFO - [2025-03-08T02:32:59.057+0700] {dag.py:3239} INFO - Sync 1 DAGs
[2025-03-08T02:32:59.070+0700] {logging_mixin.py:190} INFO - [2025-03-08T02:32:59.069+0700] {dag.py:4180} INFO - Setting next_dagrun for example_task_group_decorator to None, run_after=None
[2025-03-08T02:32:59.087+0700] {processor.py:208} INFO - Processing /home/dataengineer/.pyenv/versions/3.9.21/lib/python3.9/site-packages/airflow/example_dags/example_task_group_decorator.py took 0.071 seconds
[2025-03-08T02:33:54.904+0700] {processor.py:186} INFO - Started process (PID=69482) to work on /home/dataengineer/.pyenv/versions/3.9.21/lib/python3.9/site-packages/airflow/example_dags/example_task_group_decorator.py
[2025-03-08T02:33:54.905+0700] {processor.py:914} INFO - Processing file /home/dataengineer/.pyenv/versions/3.9.21/lib/python3.9/site-packages/airflow/example_dags/example_task_group_decorator.py for tasks to queue
[2025-03-08T02:33:54.906+0700] {logging_mixin.py:190} INFO - [2025-03-08T02:33:54.906+0700] {dagbag.py:588} INFO - Filling up the DagBag from /home/dataengineer/.pyenv/versions/3.9.21/lib/python3.9/site-packages/airflow/example_dags/example_task_group_decorator.py
[2025-03-08T02:33:54.924+0700] {processor.py:925} INFO - DAG(s) 'example_task_group_decorator' retrieved from /home/dataengineer/.pyenv/versions/3.9.21/lib/python3.9/site-packages/airflow/example_dags/example_task_group_decorator.py
[2025-03-08T02:33:54.944+0700] {logging_mixin.py:190} INFO - [2025-03-08T02:33:54.944+0700] {dag.py:3239} INFO - Sync 1 DAGs
[2025-03-08T02:33:54.956+0700] {logging_mixin.py:190} INFO - [2025-03-08T02:33:54.956+0700] {dag.py:4180} INFO - Setting next_dagrun for example_task_group_decorator to None, run_after=None
[2025-03-08T02:33:54.975+0700] {processor.py:208} INFO - Processing /home/dataengineer/.pyenv/versions/3.9.21/lib/python3.9/site-packages/airflow/example_dags/example_task_group_decorator.py took 0.077 seconds
[2025-03-08T02:34:39.920+0700] {processor.py:186} INFO - Started process (PID=70288) to work on /home/dataengineer/.pyenv/versions/3.9.21/lib/python3.9/site-packages/airflow/example_dags/example_task_group_decorator.py
[2025-03-08T02:34:39.923+0700] {processor.py:914} INFO - Processing file /home/dataengineer/.pyenv/versions/3.9.21/lib/python3.9/site-packages/airflow/example_dags/example_task_group_decorator.py for tasks to queue
[2025-03-08T02:34:39.926+0700] {logging_mixin.py:190} INFO - [2025-03-08T02:34:39.925+0700] {dagbag.py:588} INFO - Filling up the DagBag from /home/dataengineer/.pyenv/versions/3.9.21/lib/python3.9/site-packages/airflow/example_dags/example_task_group_decorator.py
[2025-03-08T02:34:39.950+0700] {processor.py:925} INFO - DAG(s) 'example_task_group_decorator' retrieved from /home/dataengineer/.pyenv/versions/3.9.21/lib/python3.9/site-packages/airflow/example_dags/example_task_group_decorator.py
[2025-03-08T02:34:39.994+0700] {logging_mixin.py:190} INFO - [2025-03-08T02:34:39.994+0700] {dag.py:3239} INFO - Sync 1 DAGs
[2025-03-08T02:34:40.013+0700] {logging_mixin.py:190} INFO - [2025-03-08T02:34:40.012+0700] {dag.py:4180} INFO - Setting next_dagrun for example_task_group_decorator to None, run_after=None
[2025-03-08T02:34:40.049+0700] {processor.py:208} INFO - Processing /home/dataengineer/.pyenv/versions/3.9.21/lib/python3.9/site-packages/airflow/example_dags/example_task_group_decorator.py took 0.139 seconds
[2025-03-08T02:35:39.625+0700] {processor.py:186} INFO - Started process (PID=70754) to work on /home/dataengineer/.pyenv/versions/3.9.21/lib/python3.9/site-packages/airflow/example_dags/example_task_group_decorator.py
[2025-03-08T02:35:39.627+0700] {processor.py:914} INFO - Processing file /home/dataengineer/.pyenv/versions/3.9.21/lib/python3.9/site-packages/airflow/example_dags/example_task_group_decorator.py for tasks to queue
[2025-03-08T02:35:39.629+0700] {logging_mixin.py:190} INFO - [2025-03-08T02:35:39.629+0700] {dagbag.py:588} INFO - Filling up the DagBag from /home/dataengineer/.pyenv/versions/3.9.21/lib/python3.9/site-packages/airflow/example_dags/example_task_group_decorator.py
[2025-03-08T02:35:39.646+0700] {processor.py:925} INFO - DAG(s) 'example_task_group_decorator' retrieved from /home/dataengineer/.pyenv/versions/3.9.21/lib/python3.9/site-packages/airflow/example_dags/example_task_group_decorator.py
[2025-03-08T02:35:39.668+0700] {logging_mixin.py:190} INFO - [2025-03-08T02:35:39.668+0700] {dag.py:3239} INFO - Sync 1 DAGs
[2025-03-08T02:35:39.682+0700] {logging_mixin.py:190} INFO - [2025-03-08T02:35:39.682+0700] {dag.py:4180} INFO - Setting next_dagrun for example_task_group_decorator to None, run_after=None
[2025-03-08T02:35:39.704+0700] {processor.py:208} INFO - Processing /home/dataengineer/.pyenv/versions/3.9.21/lib/python3.9/site-packages/airflow/example_dags/example_task_group_decorator.py took 0.086 seconds
[2025-03-08T02:36:42.371+0700] {processor.py:186} INFO - Started process (PID=71209) to work on /home/dataengineer/.pyenv/versions/3.9.21/lib/python3.9/site-packages/airflow/example_dags/example_task_group_decorator.py
[2025-03-08T02:36:42.373+0700] {processor.py:914} INFO - Processing file /home/dataengineer/.pyenv/versions/3.9.21/lib/python3.9/site-packages/airflow/example_dags/example_task_group_decorator.py for tasks to queue
[2025-03-08T02:36:42.375+0700] {logging_mixin.py:190} INFO - [2025-03-08T02:36:42.374+0700] {dagbag.py:588} INFO - Filling up the DagBag from /home/dataengineer/.pyenv/versions/3.9.21/lib/python3.9/site-packages/airflow/example_dags/example_task_group_decorator.py
[2025-03-08T02:36:42.390+0700] {processor.py:925} INFO - DAG(s) 'example_task_group_decorator' retrieved from /home/dataengineer/.pyenv/versions/3.9.21/lib/python3.9/site-packages/airflow/example_dags/example_task_group_decorator.py
[2025-03-08T02:36:42.411+0700] {logging_mixin.py:190} INFO - [2025-03-08T02:36:42.411+0700] {dag.py:3239} INFO - Sync 1 DAGs
[2025-03-08T02:36:42.423+0700] {logging_mixin.py:190} INFO - [2025-03-08T02:36:42.423+0700] {dag.py:4180} INFO - Setting next_dagrun for example_task_group_decorator to None, run_after=None
[2025-03-08T02:36:42.444+0700] {processor.py:208} INFO - Processing /home/dataengineer/.pyenv/versions/3.9.21/lib/python3.9/site-packages/airflow/example_dags/example_task_group_decorator.py took 0.080 seconds
[2025-03-08T02:37:39.657+0700] {processor.py:186} INFO - Started process (PID=71446) to work on /home/dataengineer/.pyenv/versions/3.9.21/lib/python3.9/site-packages/airflow/example_dags/example_task_group_decorator.py
[2025-03-08T02:37:39.659+0700] {processor.py:914} INFO - Processing file /home/dataengineer/.pyenv/versions/3.9.21/lib/python3.9/site-packages/airflow/example_dags/example_task_group_decorator.py for tasks to queue
[2025-03-08T02:37:39.662+0700] {logging_mixin.py:190} INFO - [2025-03-08T02:37:39.661+0700] {dagbag.py:588} INFO - Filling up the DagBag from /home/dataengineer/.pyenv/versions/3.9.21/lib/python3.9/site-packages/airflow/example_dags/example_task_group_decorator.py
[2025-03-08T02:37:39.679+0700] {processor.py:925} INFO - DAG(s) 'example_task_group_decorator' retrieved from /home/dataengineer/.pyenv/versions/3.9.21/lib/python3.9/site-packages/airflow/example_dags/example_task_group_decorator.py
[2025-03-08T02:37:39.699+0700] {logging_mixin.py:190} INFO - [2025-03-08T02:37:39.699+0700] {dag.py:3239} INFO - Sync 1 DAGs
[2025-03-08T02:37:39.711+0700] {logging_mixin.py:190} INFO - [2025-03-08T02:37:39.711+0700] {dag.py:4180} INFO - Setting next_dagrun for example_task_group_decorator to None, run_after=None
[2025-03-08T02:37:39.733+0700] {processor.py:208} INFO - Processing /home/dataengineer/.pyenv/versions/3.9.21/lib/python3.9/site-packages/airflow/example_dags/example_task_group_decorator.py took 0.082 seconds
[2025-03-08T02:38:45.489+0700] {processor.py:186} INFO - Started process (PID=72358) to work on /home/dataengineer/.pyenv/versions/3.9.21/lib/python3.9/site-packages/airflow/example_dags/example_task_group_decorator.py
[2025-03-08T02:38:45.546+0700] {processor.py:914} INFO - Processing file /home/dataengineer/.pyenv/versions/3.9.21/lib/python3.9/site-packages/airflow/example_dags/example_task_group_decorator.py for tasks to queue
[2025-03-08T02:38:45.549+0700] {logging_mixin.py:190} INFO - [2025-03-08T02:38:45.549+0700] {dagbag.py:588} INFO - Filling up the DagBag from /home/dataengineer/.pyenv/versions/3.9.21/lib/python3.9/site-packages/airflow/example_dags/example_task_group_decorator.py
[2025-03-08T02:38:45.585+0700] {processor.py:925} INFO - DAG(s) 'example_task_group_decorator' retrieved from /home/dataengineer/.pyenv/versions/3.9.21/lib/python3.9/site-packages/airflow/example_dags/example_task_group_decorator.py
[2025-03-08T02:38:45.647+0700] {logging_mixin.py:190} INFO - [2025-03-08T02:38:45.646+0700] {dag.py:3239} INFO - Sync 1 DAGs
[2025-03-08T02:38:45.672+0700] {logging_mixin.py:190} INFO - [2025-03-08T02:38:45.672+0700] {dag.py:4180} INFO - Setting next_dagrun for example_task_group_decorator to None, run_after=None
[2025-03-08T02:38:45.803+0700] {processor.py:208} INFO - Processing /home/dataengineer/.pyenv/versions/3.9.21/lib/python3.9/site-packages/airflow/example_dags/example_task_group_decorator.py took 0.329 seconds
