[2025-03-08T00:57:01.599+0700] {processor.py:186} INFO - Started process (PID=36448) to work on /home/dataengineer/.pyenv/versions/3.9.21/lib/python3.9/site-packages/airflow/example_dags/example_dag_decorator.py
[2025-03-08T00:57:01.600+0700] {processor.py:914} INFO - Processing file /home/dataengineer/.pyenv/versions/3.9.21/lib/python3.9/site-packages/airflow/example_dags/example_dag_decorator.py for tasks to queue
[2025-03-08T00:57:01.602+0700] {logging_mixin.py:190} INFO - [2025-03-08T00:57:01.601+0700] {dagbag.py:588} INFO - Filling up the DagBag from /home/dataengineer/.pyenv/versions/3.9.21/lib/python3.9/site-packages/airflow/example_dags/example_dag_decorator.py
[2025-03-08T00:57:01.635+0700] {processor.py:925} INFO - DAG(s) 'example_dag_decorator' retrieved from /home/dataengineer/.pyenv/versions/3.9.21/lib/python3.9/site-packages/airflow/example_dags/example_dag_decorator.py
[2025-03-08T00:57:01.733+0700] {logging_mixin.py:190} INFO - [2025-03-08T00:57:01.733+0700] {dag.py:3239} INFO - Sync 1 DAGs
[2025-03-08T00:57:01.744+0700] {logging_mixin.py:190} INFO - [2025-03-08T00:57:01.744+0700] {dag.py:4180} INFO - Setting next_dagrun for example_dag_decorator to None, run_after=None
[2025-03-08T00:57:01.763+0700] {processor.py:208} INFO - Processing /home/dataengineer/.pyenv/versions/3.9.21/lib/python3.9/site-packages/airflow/example_dags/example_dag_decorator.py took 0.170 seconds
[2025-03-08T00:58:04.695+0700] {processor.py:186} INFO - Started process (PID=37099) to work on /home/dataengineer/.pyenv/versions/3.9.21/lib/python3.9/site-packages/airflow/example_dags/example_dag_decorator.py
[2025-03-08T00:58:04.696+0700] {processor.py:914} INFO - Processing file /home/dataengineer/.pyenv/versions/3.9.21/lib/python3.9/site-packages/airflow/example_dags/example_dag_decorator.py for tasks to queue
[2025-03-08T00:58:04.698+0700] {logging_mixin.py:190} INFO - [2025-03-08T00:58:04.697+0700] {dagbag.py:588} INFO - Filling up the DagBag from /home/dataengineer/.pyenv/versions/3.9.21/lib/python3.9/site-packages/airflow/example_dags/example_dag_decorator.py
[2025-03-08T00:58:04.736+0700] {processor.py:925} INFO - DAG(s) 'example_dag_decorator' retrieved from /home/dataengineer/.pyenv/versions/3.9.21/lib/python3.9/site-packages/airflow/example_dags/example_dag_decorator.py
[2025-03-08T00:58:04.831+0700] {logging_mixin.py:190} INFO - [2025-03-08T00:58:04.831+0700] {dag.py:3239} INFO - Sync 1 DAGs
[2025-03-08T00:58:04.844+0700] {logging_mixin.py:190} INFO - [2025-03-08T00:58:04.844+0700] {dag.py:4180} INFO - Setting next_dagrun for example_dag_decorator to None, run_after=None
[2025-03-08T00:58:04.865+0700] {processor.py:208} INFO - Processing /home/dataengineer/.pyenv/versions/3.9.21/lib/python3.9/site-packages/airflow/example_dags/example_dag_decorator.py took 0.176 seconds
[2025-03-08T00:59:06.473+0700] {processor.py:186} INFO - Started process (PID=37528) to work on /home/dataengineer/.pyenv/versions/3.9.21/lib/python3.9/site-packages/airflow/example_dags/example_dag_decorator.py
[2025-03-08T00:59:06.475+0700] {processor.py:914} INFO - Processing file /home/dataengineer/.pyenv/versions/3.9.21/lib/python3.9/site-packages/airflow/example_dags/example_dag_decorator.py for tasks to queue
[2025-03-08T00:59:06.476+0700] {logging_mixin.py:190} INFO - [2025-03-08T00:59:06.476+0700] {dagbag.py:588} INFO - Filling up the DagBag from /home/dataengineer/.pyenv/versions/3.9.21/lib/python3.9/site-packages/airflow/example_dags/example_dag_decorator.py
[2025-03-08T00:59:06.532+0700] {processor.py:925} INFO - DAG(s) 'example_dag_decorator' retrieved from /home/dataengineer/.pyenv/versions/3.9.21/lib/python3.9/site-packages/airflow/example_dags/example_dag_decorator.py
[2025-03-08T00:59:06.616+0700] {logging_mixin.py:190} INFO - [2025-03-08T00:59:06.616+0700] {dag.py:3239} INFO - Sync 1 DAGs
[2025-03-08T00:59:06.626+0700] {logging_mixin.py:190} INFO - [2025-03-08T00:59:06.626+0700] {dag.py:4180} INFO - Setting next_dagrun for example_dag_decorator to None, run_after=None
[2025-03-08T00:59:06.644+0700] {processor.py:208} INFO - Processing /home/dataengineer/.pyenv/versions/3.9.21/lib/python3.9/site-packages/airflow/example_dags/example_dag_decorator.py took 0.176 seconds
[2025-03-08T01:00:08.180+0700] {processor.py:186} INFO - Started process (PID=37956) to work on /home/dataengineer/.pyenv/versions/3.9.21/lib/python3.9/site-packages/airflow/example_dags/example_dag_decorator.py
[2025-03-08T01:00:08.181+0700] {processor.py:914} INFO - Processing file /home/dataengineer/.pyenv/versions/3.9.21/lib/python3.9/site-packages/airflow/example_dags/example_dag_decorator.py for tasks to queue
[2025-03-08T01:00:08.183+0700] {logging_mixin.py:190} INFO - [2025-03-08T01:00:08.183+0700] {dagbag.py:588} INFO - Filling up the DagBag from /home/dataengineer/.pyenv/versions/3.9.21/lib/python3.9/site-packages/airflow/example_dags/example_dag_decorator.py
[2025-03-08T01:00:08.225+0700] {processor.py:925} INFO - DAG(s) 'example_dag_decorator' retrieved from /home/dataengineer/.pyenv/versions/3.9.21/lib/python3.9/site-packages/airflow/example_dags/example_dag_decorator.py
[2025-03-08T01:00:08.327+0700] {logging_mixin.py:190} INFO - [2025-03-08T01:00:08.327+0700] {dag.py:3239} INFO - Sync 1 DAGs
[2025-03-08T01:00:08.338+0700] {logging_mixin.py:190} INFO - [2025-03-08T01:00:08.337+0700] {dag.py:4180} INFO - Setting next_dagrun for example_dag_decorator to None, run_after=None
[2025-03-08T01:00:08.359+0700] {processor.py:208} INFO - Processing /home/dataengineer/.pyenv/versions/3.9.21/lib/python3.9/site-packages/airflow/example_dags/example_dag_decorator.py took 0.186 seconds
[2025-03-08T01:01:09.848+0700] {processor.py:186} INFO - Started process (PID=38387) to work on /home/dataengineer/.pyenv/versions/3.9.21/lib/python3.9/site-packages/airflow/example_dags/example_dag_decorator.py
[2025-03-08T01:01:09.849+0700] {processor.py:914} INFO - Processing file /home/dataengineer/.pyenv/versions/3.9.21/lib/python3.9/site-packages/airflow/example_dags/example_dag_decorator.py for tasks to queue
[2025-03-08T01:01:09.851+0700] {logging_mixin.py:190} INFO - [2025-03-08T01:01:09.851+0700] {dagbag.py:588} INFO - Filling up the DagBag from /home/dataengineer/.pyenv/versions/3.9.21/lib/python3.9/site-packages/airflow/example_dags/example_dag_decorator.py
[2025-03-08T01:01:09.893+0700] {processor.py:925} INFO - DAG(s) 'example_dag_decorator' retrieved from /home/dataengineer/.pyenv/versions/3.9.21/lib/python3.9/site-packages/airflow/example_dags/example_dag_decorator.py
[2025-03-08T01:01:09.994+0700] {logging_mixin.py:190} INFO - [2025-03-08T01:01:09.994+0700] {dag.py:3239} INFO - Sync 1 DAGs
[2025-03-08T01:01:10.005+0700] {logging_mixin.py:190} INFO - [2025-03-08T01:01:10.004+0700] {dag.py:4180} INFO - Setting next_dagrun for example_dag_decorator to None, run_after=None
[2025-03-08T01:01:10.032+0700] {processor.py:208} INFO - Processing /home/dataengineer/.pyenv/versions/3.9.21/lib/python3.9/site-packages/airflow/example_dags/example_dag_decorator.py took 0.190 seconds
[2025-03-08T01:02:11.620+0700] {processor.py:186} INFO - Started process (PID=38896) to work on /home/dataengineer/.pyenv/versions/3.9.21/lib/python3.9/site-packages/airflow/example_dags/example_dag_decorator.py
[2025-03-08T01:02:11.621+0700] {processor.py:914} INFO - Processing file /home/dataengineer/.pyenv/versions/3.9.21/lib/python3.9/site-packages/airflow/example_dags/example_dag_decorator.py for tasks to queue
[2025-03-08T01:02:11.623+0700] {logging_mixin.py:190} INFO - [2025-03-08T01:02:11.622+0700] {dagbag.py:588} INFO - Filling up the DagBag from /home/dataengineer/.pyenv/versions/3.9.21/lib/python3.9/site-packages/airflow/example_dags/example_dag_decorator.py
[2025-03-08T01:02:11.655+0700] {processor.py:925} INFO - DAG(s) 'example_dag_decorator' retrieved from /home/dataengineer/.pyenv/versions/3.9.21/lib/python3.9/site-packages/airflow/example_dags/example_dag_decorator.py
[2025-03-08T01:02:11.748+0700] {logging_mixin.py:190} INFO - [2025-03-08T01:02:11.748+0700] {dag.py:3239} INFO - Sync 1 DAGs
[2025-03-08T01:02:11.761+0700] {logging_mixin.py:190} INFO - [2025-03-08T01:02:11.760+0700] {dag.py:4180} INFO - Setting next_dagrun for example_dag_decorator to None, run_after=None
[2025-03-08T01:02:11.782+0700] {processor.py:208} INFO - Processing /home/dataengineer/.pyenv/versions/3.9.21/lib/python3.9/site-packages/airflow/example_dags/example_dag_decorator.py took 0.167 seconds
[2025-03-08T01:03:11.780+0700] {processor.py:186} INFO - Started process (PID=39453) to work on /home/dataengineer/.pyenv/versions/3.9.21/lib/python3.9/site-packages/airflow/example_dags/example_dag_decorator.py
[2025-03-08T01:03:11.781+0700] {processor.py:914} INFO - Processing file /home/dataengineer/.pyenv/versions/3.9.21/lib/python3.9/site-packages/airflow/example_dags/example_dag_decorator.py for tasks to queue
[2025-03-08T01:03:11.783+0700] {logging_mixin.py:190} INFO - [2025-03-08T01:03:11.782+0700] {dagbag.py:588} INFO - Filling up the DagBag from /home/dataengineer/.pyenv/versions/3.9.21/lib/python3.9/site-packages/airflow/example_dags/example_dag_decorator.py
[2025-03-08T01:03:11.815+0700] {processor.py:925} INFO - DAG(s) 'example_dag_decorator' retrieved from /home/dataengineer/.pyenv/versions/3.9.21/lib/python3.9/site-packages/airflow/example_dags/example_dag_decorator.py
[2025-03-08T01:03:11.905+0700] {logging_mixin.py:190} INFO - [2025-03-08T01:03:11.904+0700] {dag.py:3239} INFO - Sync 1 DAGs
[2025-03-08T01:03:11.914+0700] {logging_mixin.py:190} INFO - [2025-03-08T01:03:11.914+0700] {dag.py:4180} INFO - Setting next_dagrun for example_dag_decorator to None, run_after=None
[2025-03-08T01:03:11.932+0700] {processor.py:208} INFO - Processing /home/dataengineer/.pyenv/versions/3.9.21/lib/python3.9/site-packages/airflow/example_dags/example_dag_decorator.py took 0.158 seconds
[2025-03-08T01:04:13.608+0700] {processor.py:186} INFO - Started process (PID=41113) to work on /home/dataengineer/.pyenv/versions/3.9.21/lib/python3.9/site-packages/airflow/example_dags/example_dag_decorator.py
[2025-03-08T01:04:13.609+0700] {processor.py:914} INFO - Processing file /home/dataengineer/.pyenv/versions/3.9.21/lib/python3.9/site-packages/airflow/example_dags/example_dag_decorator.py for tasks to queue
[2025-03-08T01:04:13.611+0700] {logging_mixin.py:190} INFO - [2025-03-08T01:04:13.611+0700] {dagbag.py:588} INFO - Filling up the DagBag from /home/dataengineer/.pyenv/versions/3.9.21/lib/python3.9/site-packages/airflow/example_dags/example_dag_decorator.py
[2025-03-08T01:04:13.642+0700] {processor.py:925} INFO - DAG(s) 'example_dag_decorator' retrieved from /home/dataengineer/.pyenv/versions/3.9.21/lib/python3.9/site-packages/airflow/example_dags/example_dag_decorator.py
[2025-03-08T01:04:13.728+0700] {logging_mixin.py:190} INFO - [2025-03-08T01:04:13.728+0700] {dag.py:3239} INFO - Sync 1 DAGs
[2025-03-08T01:04:13.738+0700] {logging_mixin.py:190} INFO - [2025-03-08T01:04:13.738+0700] {dag.py:4180} INFO - Setting next_dagrun for example_dag_decorator to None, run_after=None
[2025-03-08T01:04:13.757+0700] {processor.py:208} INFO - Processing /home/dataengineer/.pyenv/versions/3.9.21/lib/python3.9/site-packages/airflow/example_dags/example_dag_decorator.py took 0.154 seconds
[2025-03-08T01:05:12.843+0700] {processor.py:186} INFO - Started process (PID=42607) to work on /home/dataengineer/.pyenv/versions/3.9.21/lib/python3.9/site-packages/airflow/example_dags/example_dag_decorator.py
[2025-03-08T01:05:12.845+0700] {processor.py:914} INFO - Processing file /home/dataengineer/.pyenv/versions/3.9.21/lib/python3.9/site-packages/airflow/example_dags/example_dag_decorator.py for tasks to queue
[2025-03-08T01:05:12.847+0700] {logging_mixin.py:190} INFO - [2025-03-08T01:05:12.846+0700] {dagbag.py:588} INFO - Filling up the DagBag from /home/dataengineer/.pyenv/versions/3.9.21/lib/python3.9/site-packages/airflow/example_dags/example_dag_decorator.py
[2025-03-08T01:05:12.884+0700] {processor.py:925} INFO - DAG(s) 'example_dag_decorator' retrieved from /home/dataengineer/.pyenv/versions/3.9.21/lib/python3.9/site-packages/airflow/example_dags/example_dag_decorator.py
[2025-03-08T01:05:12.978+0700] {logging_mixin.py:190} INFO - [2025-03-08T01:05:12.978+0700] {dag.py:3239} INFO - Sync 1 DAGs
[2025-03-08T01:05:12.989+0700] {logging_mixin.py:190} INFO - [2025-03-08T01:05:12.988+0700] {dag.py:4180} INFO - Setting next_dagrun for example_dag_decorator to None, run_after=None
[2025-03-08T01:05:13.009+0700] {processor.py:208} INFO - Processing /home/dataengineer/.pyenv/versions/3.9.21/lib/python3.9/site-packages/airflow/example_dags/example_dag_decorator.py took 0.171 seconds
[2025-03-08T02:29:32.729+0700] {processor.py:186} INFO - Started process (PID=67581) to work on /home/dataengineer/.pyenv/versions/3.9.21/lib/python3.9/site-packages/airflow/example_dags/example_dag_decorator.py
[2025-03-08T02:29:32.730+0700] {processor.py:914} INFO - Processing file /home/dataengineer/.pyenv/versions/3.9.21/lib/python3.9/site-packages/airflow/example_dags/example_dag_decorator.py for tasks to queue
[2025-03-08T02:29:32.733+0700] {logging_mixin.py:190} INFO - [2025-03-08T02:29:32.732+0700] {dagbag.py:588} INFO - Filling up the DagBag from /home/dataengineer/.pyenv/versions/3.9.21/lib/python3.9/site-packages/airflow/example_dags/example_dag_decorator.py
[2025-03-08T02:29:32.767+0700] {processor.py:925} INFO - DAG(s) 'example_dag_decorator' retrieved from /home/dataengineer/.pyenv/versions/3.9.21/lib/python3.9/site-packages/airflow/example_dags/example_dag_decorator.py
[2025-03-08T02:29:32.857+0700] {logging_mixin.py:190} INFO - [2025-03-08T02:29:32.857+0700] {dag.py:3239} INFO - Sync 1 DAGs
[2025-03-08T02:29:32.868+0700] {logging_mixin.py:190} INFO - [2025-03-08T02:29:32.867+0700] {dag.py:4180} INFO - Setting next_dagrun for example_dag_decorator to None, run_after=None
[2025-03-08T02:29:32.885+0700] {processor.py:208} INFO - Processing /home/dataengineer/.pyenv/versions/3.9.21/lib/python3.9/site-packages/airflow/example_dags/example_dag_decorator.py took 0.162 seconds
[2025-03-08T02:30:30.527+0700] {processor.py:186} INFO - Started process (PID=68041) to work on /home/dataengineer/.pyenv/versions/3.9.21/lib/python3.9/site-packages/airflow/example_dags/example_dag_decorator.py
[2025-03-08T02:30:30.528+0700] {processor.py:914} INFO - Processing file /home/dataengineer/.pyenv/versions/3.9.21/lib/python3.9/site-packages/airflow/example_dags/example_dag_decorator.py for tasks to queue
[2025-03-08T02:30:30.529+0700] {logging_mixin.py:190} INFO - [2025-03-08T02:30:30.529+0700] {dagbag.py:588} INFO - Filling up the DagBag from /home/dataengineer/.pyenv/versions/3.9.21/lib/python3.9/site-packages/airflow/example_dags/example_dag_decorator.py
[2025-03-08T02:30:30.563+0700] {processor.py:925} INFO - DAG(s) 'example_dag_decorator' retrieved from /home/dataengineer/.pyenv/versions/3.9.21/lib/python3.9/site-packages/airflow/example_dags/example_dag_decorator.py
[2025-03-08T02:30:30.646+0700] {logging_mixin.py:190} INFO - [2025-03-08T02:30:30.646+0700] {dag.py:3239} INFO - Sync 1 DAGs
[2025-03-08T02:30:30.657+0700] {logging_mixin.py:190} INFO - [2025-03-08T02:30:30.656+0700] {dag.py:4180} INFO - Setting next_dagrun for example_dag_decorator to None, run_after=None
[2025-03-08T02:30:30.675+0700] {processor.py:208} INFO - Processing /home/dataengineer/.pyenv/versions/3.9.21/lib/python3.9/site-packages/airflow/example_dags/example_dag_decorator.py took 0.153 seconds
[2025-03-08T02:31:27.085+0700] {processor.py:186} INFO - Started process (PID=68520) to work on /home/dataengineer/.pyenv/versions/3.9.21/lib/python3.9/site-packages/airflow/example_dags/example_dag_decorator.py
[2025-03-08T02:31:27.086+0700] {processor.py:914} INFO - Processing file /home/dataengineer/.pyenv/versions/3.9.21/lib/python3.9/site-packages/airflow/example_dags/example_dag_decorator.py for tasks to queue
[2025-03-08T02:31:27.087+0700] {logging_mixin.py:190} INFO - [2025-03-08T02:31:27.087+0700] {dagbag.py:588} INFO - Filling up the DagBag from /home/dataengineer/.pyenv/versions/3.9.21/lib/python3.9/site-packages/airflow/example_dags/example_dag_decorator.py
[2025-03-08T02:31:27.122+0700] {processor.py:925} INFO - DAG(s) 'example_dag_decorator' retrieved from /home/dataengineer/.pyenv/versions/3.9.21/lib/python3.9/site-packages/airflow/example_dags/example_dag_decorator.py
[2025-03-08T02:31:27.212+0700] {logging_mixin.py:190} INFO - [2025-03-08T02:31:27.212+0700] {dag.py:3239} INFO - Sync 1 DAGs
[2025-03-08T02:31:27.223+0700] {logging_mixin.py:190} INFO - [2025-03-08T02:31:27.223+0700] {dag.py:4180} INFO - Setting next_dagrun for example_dag_decorator to None, run_after=None
[2025-03-08T02:31:27.243+0700] {processor.py:208} INFO - Processing /home/dataengineer/.pyenv/versions/3.9.21/lib/python3.9/site-packages/airflow/example_dags/example_dag_decorator.py took 0.163 seconds
[2025-03-08T02:32:23.869+0700] {processor.py:186} INFO - Started process (PID=69059) to work on /home/dataengineer/.pyenv/versions/3.9.21/lib/python3.9/site-packages/airflow/example_dags/example_dag_decorator.py
[2025-03-08T02:32:23.870+0700] {processor.py:914} INFO - Processing file /home/dataengineer/.pyenv/versions/3.9.21/lib/python3.9/site-packages/airflow/example_dags/example_dag_decorator.py for tasks to queue
[2025-03-08T02:32:23.871+0700] {logging_mixin.py:190} INFO - [2025-03-08T02:32:23.871+0700] {dagbag.py:588} INFO - Filling up the DagBag from /home/dataengineer/.pyenv/versions/3.9.21/lib/python3.9/site-packages/airflow/example_dags/example_dag_decorator.py
[2025-03-08T02:32:23.911+0700] {processor.py:925} INFO - DAG(s) 'example_dag_decorator' retrieved from /home/dataengineer/.pyenv/versions/3.9.21/lib/python3.9/site-packages/airflow/example_dags/example_dag_decorator.py
[2025-03-08T02:32:24.003+0700] {logging_mixin.py:190} INFO - [2025-03-08T02:32:24.003+0700] {dag.py:3239} INFO - Sync 1 DAGs
[2025-03-08T02:32:24.015+0700] {logging_mixin.py:190} INFO - [2025-03-08T02:32:24.015+0700] {dag.py:4180} INFO - Setting next_dagrun for example_dag_decorator to None, run_after=None
[2025-03-08T02:32:24.036+0700] {processor.py:208} INFO - Processing /home/dataengineer/.pyenv/versions/3.9.21/lib/python3.9/site-packages/airflow/example_dags/example_dag_decorator.py took 0.174 seconds
[2025-03-08T02:33:22.337+0700] {processor.py:186} INFO - Started process (PID=69320) to work on /home/dataengineer/.pyenv/versions/3.9.21/lib/python3.9/site-packages/airflow/example_dags/example_dag_decorator.py
[2025-03-08T02:33:22.338+0700] {processor.py:914} INFO - Processing file /home/dataengineer/.pyenv/versions/3.9.21/lib/python3.9/site-packages/airflow/example_dags/example_dag_decorator.py for tasks to queue
[2025-03-08T02:33:22.339+0700] {logging_mixin.py:190} INFO - [2025-03-08T02:33:22.339+0700] {dagbag.py:588} INFO - Filling up the DagBag from /home/dataengineer/.pyenv/versions/3.9.21/lib/python3.9/site-packages/airflow/example_dags/example_dag_decorator.py
[2025-03-08T02:33:22.376+0700] {processor.py:925} INFO - DAG(s) 'example_dag_decorator' retrieved from /home/dataengineer/.pyenv/versions/3.9.21/lib/python3.9/site-packages/airflow/example_dags/example_dag_decorator.py
[2025-03-08T02:33:22.471+0700] {logging_mixin.py:190} INFO - [2025-03-08T02:33:22.470+0700] {dag.py:3239} INFO - Sync 1 DAGs
[2025-03-08T02:33:22.482+0700] {logging_mixin.py:190} INFO - [2025-03-08T02:33:22.481+0700] {dag.py:4180} INFO - Setting next_dagrun for example_dag_decorator to None, run_after=None
[2025-03-08T02:33:22.501+0700] {processor.py:208} INFO - Processing /home/dataengineer/.pyenv/versions/3.9.21/lib/python3.9/site-packages/airflow/example_dags/example_dag_decorator.py took 0.170 seconds
[2025-03-08T02:34:56.913+0700] {processor.py:186} INFO - Started process (PID=70401) to work on /home/dataengineer/.pyenv/versions/3.9.21/lib/python3.9/site-packages/airflow/example_dags/example_dag_decorator.py
[2025-03-08T02:34:56.914+0700] {processor.py:914} INFO - Processing file /home/dataengineer/.pyenv/versions/3.9.21/lib/python3.9/site-packages/airflow/example_dags/example_dag_decorator.py for tasks to queue
[2025-03-08T02:34:56.916+0700] {logging_mixin.py:190} INFO - [2025-03-08T02:34:56.915+0700] {dagbag.py:588} INFO - Filling up the DagBag from /home/dataengineer/.pyenv/versions/3.9.21/lib/python3.9/site-packages/airflow/example_dags/example_dag_decorator.py
[2025-03-08T02:34:56.949+0700] {processor.py:925} INFO - DAG(s) 'example_dag_decorator' retrieved from /home/dataengineer/.pyenv/versions/3.9.21/lib/python3.9/site-packages/airflow/example_dags/example_dag_decorator.py
[2025-03-08T02:34:57.036+0700] {logging_mixin.py:190} INFO - [2025-03-08T02:34:57.036+0700] {dag.py:3239} INFO - Sync 1 DAGs
[2025-03-08T02:34:57.047+0700] {logging_mixin.py:190} INFO - [2025-03-08T02:34:57.046+0700] {dag.py:4180} INFO - Setting next_dagrun for example_dag_decorator to None, run_after=None
[2025-03-08T02:34:57.065+0700] {processor.py:208} INFO - Processing /home/dataengineer/.pyenv/versions/3.9.21/lib/python3.9/site-packages/airflow/example_dags/example_dag_decorator.py took 0.159 seconds
[2025-03-08T02:35:57.602+0700] {processor.py:186} INFO - Started process (PID=70831) to work on /home/dataengineer/.pyenv/versions/3.9.21/lib/python3.9/site-packages/airflow/example_dags/example_dag_decorator.py
[2025-03-08T02:35:57.603+0700] {processor.py:914} INFO - Processing file /home/dataengineer/.pyenv/versions/3.9.21/lib/python3.9/site-packages/airflow/example_dags/example_dag_decorator.py for tasks to queue
[2025-03-08T02:35:57.605+0700] {logging_mixin.py:190} INFO - [2025-03-08T02:35:57.605+0700] {dagbag.py:588} INFO - Filling up the DagBag from /home/dataengineer/.pyenv/versions/3.9.21/lib/python3.9/site-packages/airflow/example_dags/example_dag_decorator.py
[2025-03-08T02:35:57.643+0700] {processor.py:925} INFO - DAG(s) 'example_dag_decorator' retrieved from /home/dataengineer/.pyenv/versions/3.9.21/lib/python3.9/site-packages/airflow/example_dags/example_dag_decorator.py
[2025-03-08T02:35:57.733+0700] {logging_mixin.py:190} INFO - [2025-03-08T02:35:57.733+0700] {dag.py:3239} INFO - Sync 1 DAGs
[2025-03-08T02:35:57.743+0700] {logging_mixin.py:190} INFO - [2025-03-08T02:35:57.743+0700] {dag.py:4180} INFO - Setting next_dagrun for example_dag_decorator to None, run_after=None
[2025-03-08T02:35:57.762+0700] {processor.py:208} INFO - Processing /home/dataengineer/.pyenv/versions/3.9.21/lib/python3.9/site-packages/airflow/example_dags/example_dag_decorator.py took 0.166 seconds
[2025-03-08T02:36:59.462+0700] {processor.py:186} INFO - Started process (PID=71276) to work on /home/dataengineer/.pyenv/versions/3.9.21/lib/python3.9/site-packages/airflow/example_dags/example_dag_decorator.py
[2025-03-08T02:36:59.464+0700] {processor.py:914} INFO - Processing file /home/dataengineer/.pyenv/versions/3.9.21/lib/python3.9/site-packages/airflow/example_dags/example_dag_decorator.py for tasks to queue
[2025-03-08T02:36:59.466+0700] {logging_mixin.py:190} INFO - [2025-03-08T02:36:59.466+0700] {dagbag.py:588} INFO - Filling up the DagBag from /home/dataengineer/.pyenv/versions/3.9.21/lib/python3.9/site-packages/airflow/example_dags/example_dag_decorator.py
[2025-03-08T02:36:59.501+0700] {processor.py:925} INFO - DAG(s) 'example_dag_decorator' retrieved from /home/dataengineer/.pyenv/versions/3.9.21/lib/python3.9/site-packages/airflow/example_dags/example_dag_decorator.py
[2025-03-08T02:36:59.592+0700] {logging_mixin.py:190} INFO - [2025-03-08T02:36:59.591+0700] {dag.py:3239} INFO - Sync 1 DAGs
[2025-03-08T02:36:59.602+0700] {logging_mixin.py:190} INFO - [2025-03-08T02:36:59.601+0700] {dag.py:4180} INFO - Setting next_dagrun for example_dag_decorator to None, run_after=None
[2025-03-08T02:36:59.619+0700] {processor.py:208} INFO - Processing /home/dataengineer/.pyenv/versions/3.9.21/lib/python3.9/site-packages/airflow/example_dags/example_dag_decorator.py took 0.162 seconds
[2025-03-08T02:38:03.249+0700] {processor.py:186} INFO - Started process (PID=71717) to work on /home/dataengineer/.pyenv/versions/3.9.21/lib/python3.9/site-packages/airflow/example_dags/example_dag_decorator.py
[2025-03-08T02:38:03.252+0700] {processor.py:914} INFO - Processing file /home/dataengineer/.pyenv/versions/3.9.21/lib/python3.9/site-packages/airflow/example_dags/example_dag_decorator.py for tasks to queue
[2025-03-08T02:38:03.254+0700] {logging_mixin.py:190} INFO - [2025-03-08T02:38:03.254+0700] {dagbag.py:588} INFO - Filling up the DagBag from /home/dataengineer/.pyenv/versions/3.9.21/lib/python3.9/site-packages/airflow/example_dags/example_dag_decorator.py
[2025-03-08T02:38:03.308+0700] {processor.py:925} INFO - DAG(s) 'example_dag_decorator' retrieved from /home/dataengineer/.pyenv/versions/3.9.21/lib/python3.9/site-packages/airflow/example_dags/example_dag_decorator.py
[2025-03-08T02:38:03.419+0700] {logging_mixin.py:190} INFO - [2025-03-08T02:38:03.418+0700] {dag.py:3239} INFO - Sync 1 DAGs
[2025-03-08T02:38:03.430+0700] {logging_mixin.py:190} INFO - [2025-03-08T02:38:03.430+0700] {dag.py:4180} INFO - Setting next_dagrun for example_dag_decorator to None, run_after=None
[2025-03-08T02:38:03.450+0700] {processor.py:208} INFO - Processing /home/dataengineer/.pyenv/versions/3.9.21/lib/python3.9/site-packages/airflow/example_dags/example_dag_decorator.py took 0.208 seconds
[2025-03-08T02:39:03.169+0700] {processor.py:186} INFO - Started process (PID=72454) to work on /home/dataengineer/.pyenv/versions/3.9.21/lib/python3.9/site-packages/airflow/example_dags/example_dag_decorator.py
[2025-03-08T02:39:03.177+0700] {processor.py:914} INFO - Processing file /home/dataengineer/.pyenv/versions/3.9.21/lib/python3.9/site-packages/airflow/example_dags/example_dag_decorator.py for tasks to queue
[2025-03-08T02:39:03.182+0700] {logging_mixin.py:190} INFO - [2025-03-08T02:39:03.180+0700] {dagbag.py:588} INFO - Filling up the DagBag from /home/dataengineer/.pyenv/versions/3.9.21/lib/python3.9/site-packages/airflow/example_dags/example_dag_decorator.py
[2025-03-08T02:39:03.260+0700] {processor.py:925} INFO - DAG(s) 'example_dag_decorator' retrieved from /home/dataengineer/.pyenv/versions/3.9.21/lib/python3.9/site-packages/airflow/example_dags/example_dag_decorator.py
[2025-03-08T02:39:03.383+0700] {logging_mixin.py:190} INFO - [2025-03-08T02:39:03.382+0700] {dag.py:3239} INFO - Sync 1 DAGs
[2025-03-08T02:39:03.397+0700] {logging_mixin.py:190} INFO - [2025-03-08T02:39:03.397+0700] {dag.py:4180} INFO - Setting next_dagrun for example_dag_decorator to None, run_after=None
[2025-03-08T02:39:03.419+0700] {processor.py:208} INFO - Processing /home/dataengineer/.pyenv/versions/3.9.21/lib/python3.9/site-packages/airflow/example_dags/example_dag_decorator.py took 0.272 seconds
