[2025-03-08T00:56:38.467+0700] {processor.py:186} INFO - Started process (PID=36290) to work on /home/dataengineer/.pyenv/versions/3.9.21/lib/python3.9/site-packages/airflow/example_dags/example_setup_teardown.py
[2025-03-08T00:56:38.468+0700] {processor.py:914} INFO - Processing file /home/dataengineer/.pyenv/versions/3.9.21/lib/python3.9/site-packages/airflow/example_dags/example_setup_teardown.py for tasks to queue
[2025-03-08T00:56:38.469+0700] {logging_mixin.py:190} INFO - [2025-03-08T00:56:38.469+0700] {dagbag.py:588} INFO - Filling up the DagBag from /home/dataengineer/.pyenv/versions/3.9.21/lib/python3.9/site-packages/airflow/example_dags/example_setup_teardown.py
[2025-03-08T00:56:38.477+0700] {processor.py:925} INFO - DAG(s) 'example_setup_teardown' retrieved from /home/dataengineer/.pyenv/versions/3.9.21/lib/python3.9/site-packages/airflow/example_dags/example_setup_teardown.py
[2025-03-08T00:56:38.496+0700] {logging_mixin.py:190} INFO - [2025-03-08T00:56:38.495+0700] {dag.py:3239} INFO - Sync 1 DAGs
[2025-03-08T00:56:38.509+0700] {logging_mixin.py:190} INFO - [2025-03-08T00:56:38.509+0700] {dag.py:4180} INFO - Setting next_dagrun for example_setup_teardown to None, run_after=None
[2025-03-08T00:56:38.530+0700] {processor.py:208} INFO - Processing /home/dataengineer/.pyenv/versions/3.9.21/lib/python3.9/site-packages/airflow/example_dags/example_setup_teardown.py took 0.068 seconds
[2025-03-08T00:57:44.080+0700] {processor.py:186} INFO - Started process (PID=36938) to work on /home/dataengineer/.pyenv/versions/3.9.21/lib/python3.9/site-packages/airflow/example_dags/example_setup_teardown.py
[2025-03-08T00:57:44.082+0700] {processor.py:914} INFO - Processing file /home/dataengineer/.pyenv/versions/3.9.21/lib/python3.9/site-packages/airflow/example_dags/example_setup_teardown.py for tasks to queue
[2025-03-08T00:57:44.084+0700] {logging_mixin.py:190} INFO - [2025-03-08T00:57:44.084+0700] {dagbag.py:588} INFO - Filling up the DagBag from /home/dataengineer/.pyenv/versions/3.9.21/lib/python3.9/site-packages/airflow/example_dags/example_setup_teardown.py
[2025-03-08T00:57:44.093+0700] {processor.py:925} INFO - DAG(s) 'example_setup_teardown' retrieved from /home/dataengineer/.pyenv/versions/3.9.21/lib/python3.9/site-packages/airflow/example_dags/example_setup_teardown.py
[2025-03-08T00:57:44.111+0700] {logging_mixin.py:190} INFO - [2025-03-08T00:57:44.111+0700] {dag.py:3239} INFO - Sync 1 DAGs
[2025-03-08T00:57:44.125+0700] {logging_mixin.py:190} INFO - [2025-03-08T00:57:44.125+0700] {dag.py:4180} INFO - Setting next_dagrun for example_setup_teardown to None, run_after=None
[2025-03-08T00:57:44.149+0700] {processor.py:208} INFO - Processing /home/dataengineer/.pyenv/versions/3.9.21/lib/python3.9/site-packages/airflow/example_dags/example_setup_teardown.py took 0.076 seconds
[2025-03-08T00:58:44.861+0700] {processor.py:186} INFO - Started process (PID=37445) to work on /home/dataengineer/.pyenv/versions/3.9.21/lib/python3.9/site-packages/airflow/example_dags/example_setup_teardown.py
[2025-03-08T00:58:44.887+0700] {processor.py:914} INFO - Processing file /home/dataengineer/.pyenv/versions/3.9.21/lib/python3.9/site-packages/airflow/example_dags/example_setup_teardown.py for tasks to queue
[2025-03-08T00:58:44.890+0700] {logging_mixin.py:190} INFO - [2025-03-08T00:58:44.889+0700] {dagbag.py:588} INFO - Filling up the DagBag from /home/dataengineer/.pyenv/versions/3.9.21/lib/python3.9/site-packages/airflow/example_dags/example_setup_teardown.py
[2025-03-08T00:58:44.898+0700] {processor.py:925} INFO - DAG(s) 'example_setup_teardown' retrieved from /home/dataengineer/.pyenv/versions/3.9.21/lib/python3.9/site-packages/airflow/example_dags/example_setup_teardown.py
[2025-03-08T00:58:44.914+0700] {logging_mixin.py:190} INFO - [2025-03-08T00:58:44.913+0700] {dag.py:3239} INFO - Sync 1 DAGs
[2025-03-08T00:58:44.927+0700] {logging_mixin.py:190} INFO - [2025-03-08T00:58:44.927+0700] {dag.py:4180} INFO - Setting next_dagrun for example_setup_teardown to None, run_after=None
[2025-03-08T00:58:44.948+0700] {processor.py:208} INFO - Processing /home/dataengineer/.pyenv/versions/3.9.21/lib/python3.9/site-packages/airflow/example_dags/example_setup_teardown.py took 0.093 seconds
[2025-03-08T00:59:46.538+0700] {processor.py:186} INFO - Started process (PID=37872) to work on /home/dataengineer/.pyenv/versions/3.9.21/lib/python3.9/site-packages/airflow/example_dags/example_setup_teardown.py
[2025-03-08T00:59:46.539+0700] {processor.py:914} INFO - Processing file /home/dataengineer/.pyenv/versions/3.9.21/lib/python3.9/site-packages/airflow/example_dags/example_setup_teardown.py for tasks to queue
[2025-03-08T00:59:46.542+0700] {logging_mixin.py:190} INFO - [2025-03-08T00:59:46.542+0700] {dagbag.py:588} INFO - Filling up the DagBag from /home/dataengineer/.pyenv/versions/3.9.21/lib/python3.9/site-packages/airflow/example_dags/example_setup_teardown.py
[2025-03-08T00:59:46.550+0700] {processor.py:925} INFO - DAG(s) 'example_setup_teardown' retrieved from /home/dataengineer/.pyenv/versions/3.9.21/lib/python3.9/site-packages/airflow/example_dags/example_setup_teardown.py
[2025-03-08T00:59:46.565+0700] {logging_mixin.py:190} INFO - [2025-03-08T00:59:46.565+0700] {dag.py:3239} INFO - Sync 1 DAGs
[2025-03-08T00:59:46.578+0700] {logging_mixin.py:190} INFO - [2025-03-08T00:59:46.578+0700] {dag.py:4180} INFO - Setting next_dagrun for example_setup_teardown to None, run_after=None
[2025-03-08T00:59:46.602+0700] {processor.py:208} INFO - Processing /home/dataengineer/.pyenv/versions/3.9.21/lib/python3.9/site-packages/airflow/example_dags/example_setup_teardown.py took 0.071 seconds
[2025-03-08T01:00:47.061+0700] {processor.py:186} INFO - Started process (PID=38298) to work on /home/dataengineer/.pyenv/versions/3.9.21/lib/python3.9/site-packages/airflow/example_dags/example_setup_teardown.py
[2025-03-08T01:00:47.062+0700] {processor.py:914} INFO - Processing file /home/dataengineer/.pyenv/versions/3.9.21/lib/python3.9/site-packages/airflow/example_dags/example_setup_teardown.py for tasks to queue
[2025-03-08T01:00:47.064+0700] {logging_mixin.py:190} INFO - [2025-03-08T01:00:47.064+0700] {dagbag.py:588} INFO - Filling up the DagBag from /home/dataengineer/.pyenv/versions/3.9.21/lib/python3.9/site-packages/airflow/example_dags/example_setup_teardown.py
[2025-03-08T01:00:47.072+0700] {processor.py:925} INFO - DAG(s) 'example_setup_teardown' retrieved from /home/dataengineer/.pyenv/versions/3.9.21/lib/python3.9/site-packages/airflow/example_dags/example_setup_teardown.py
[2025-03-08T01:00:47.085+0700] {logging_mixin.py:190} INFO - [2025-03-08T01:00:47.085+0700] {dag.py:3239} INFO - Sync 1 DAGs
[2025-03-08T01:00:47.096+0700] {logging_mixin.py:190} INFO - [2025-03-08T01:00:47.096+0700] {dag.py:4180} INFO - Setting next_dagrun for example_setup_teardown to None, run_after=None
[2025-03-08T01:00:47.114+0700] {processor.py:208} INFO - Processing /home/dataengineer/.pyenv/versions/3.9.21/lib/python3.9/site-packages/airflow/example_dags/example_setup_teardown.py took 0.058 seconds
[2025-03-08T01:01:49.839+0700] {processor.py:186} INFO - Started process (PID=38759) to work on /home/dataengineer/.pyenv/versions/3.9.21/lib/python3.9/site-packages/airflow/example_dags/example_setup_teardown.py
[2025-03-08T01:01:49.845+0700] {processor.py:914} INFO - Processing file /home/dataengineer/.pyenv/versions/3.9.21/lib/python3.9/site-packages/airflow/example_dags/example_setup_teardown.py for tasks to queue
[2025-03-08T01:01:49.847+0700] {logging_mixin.py:190} INFO - [2025-03-08T01:01:49.847+0700] {dagbag.py:588} INFO - Filling up the DagBag from /home/dataengineer/.pyenv/versions/3.9.21/lib/python3.9/site-packages/airflow/example_dags/example_setup_teardown.py
[2025-03-08T01:01:49.856+0700] {processor.py:925} INFO - DAG(s) 'example_setup_teardown' retrieved from /home/dataengineer/.pyenv/versions/3.9.21/lib/python3.9/site-packages/airflow/example_dags/example_setup_teardown.py
[2025-03-08T01:01:49.872+0700] {logging_mixin.py:190} INFO - [2025-03-08T01:01:49.871+0700] {dag.py:3239} INFO - Sync 1 DAGs
[2025-03-08T01:01:49.885+0700] {logging_mixin.py:190} INFO - [2025-03-08T01:01:49.884+0700] {dag.py:4180} INFO - Setting next_dagrun for example_setup_teardown to None, run_after=None
[2025-03-08T01:01:49.909+0700] {processor.py:208} INFO - Processing /home/dataengineer/.pyenv/versions/3.9.21/lib/python3.9/site-packages/airflow/example_dags/example_setup_teardown.py took 0.077 seconds
[2025-03-08T01:02:52.371+0700] {processor.py:186} INFO - Started process (PID=39283) to work on /home/dataengineer/.pyenv/versions/3.9.21/lib/python3.9/site-packages/airflow/example_dags/example_setup_teardown.py
[2025-03-08T01:02:52.372+0700] {processor.py:914} INFO - Processing file /home/dataengineer/.pyenv/versions/3.9.21/lib/python3.9/site-packages/airflow/example_dags/example_setup_teardown.py for tasks to queue
[2025-03-08T01:02:52.374+0700] {logging_mixin.py:190} INFO - [2025-03-08T01:02:52.374+0700] {dagbag.py:588} INFO - Filling up the DagBag from /home/dataengineer/.pyenv/versions/3.9.21/lib/python3.9/site-packages/airflow/example_dags/example_setup_teardown.py
[2025-03-08T01:02:52.381+0700] {processor.py:925} INFO - DAG(s) 'example_setup_teardown' retrieved from /home/dataengineer/.pyenv/versions/3.9.21/lib/python3.9/site-packages/airflow/example_dags/example_setup_teardown.py
[2025-03-08T01:02:52.393+0700] {logging_mixin.py:190} INFO - [2025-03-08T01:02:52.393+0700] {dag.py:3239} INFO - Sync 1 DAGs
[2025-03-08T01:02:52.405+0700] {logging_mixin.py:190} INFO - [2025-03-08T01:02:52.405+0700] {dag.py:4180} INFO - Setting next_dagrun for example_setup_teardown to None, run_after=None
[2025-03-08T01:02:52.424+0700] {processor.py:208} INFO - Processing /home/dataengineer/.pyenv/versions/3.9.21/lib/python3.9/site-packages/airflow/example_dags/example_setup_teardown.py took 0.058 seconds
[2025-03-08T01:03:51.886+0700] {processor.py:186} INFO - Started process (PID=40069) to work on /home/dataengineer/.pyenv/versions/3.9.21/lib/python3.9/site-packages/airflow/example_dags/example_setup_teardown.py
[2025-03-08T01:03:51.888+0700] {processor.py:914} INFO - Processing file /home/dataengineer/.pyenv/versions/3.9.21/lib/python3.9/site-packages/airflow/example_dags/example_setup_teardown.py for tasks to queue
[2025-03-08T01:03:51.890+0700] {logging_mixin.py:190} INFO - [2025-03-08T01:03:51.890+0700] {dagbag.py:588} INFO - Filling up the DagBag from /home/dataengineer/.pyenv/versions/3.9.21/lib/python3.9/site-packages/airflow/example_dags/example_setup_teardown.py
[2025-03-08T01:03:51.900+0700] {processor.py:925} INFO - DAG(s) 'example_setup_teardown' retrieved from /home/dataengineer/.pyenv/versions/3.9.21/lib/python3.9/site-packages/airflow/example_dags/example_setup_teardown.py
[2025-03-08T01:03:51.914+0700] {logging_mixin.py:190} INFO - [2025-03-08T01:03:51.914+0700] {dag.py:3239} INFO - Sync 1 DAGs
[2025-03-08T01:03:51.925+0700] {logging_mixin.py:190} INFO - [2025-03-08T01:03:51.925+0700] {dag.py:4180} INFO - Setting next_dagrun for example_setup_teardown to None, run_after=None
[2025-03-08T01:03:51.944+0700] {processor.py:208} INFO - Processing /home/dataengineer/.pyenv/versions/3.9.21/lib/python3.9/site-packages/airflow/example_dags/example_setup_teardown.py took 0.063 seconds
[2025-03-08T01:04:53.419+0700] {processor.py:186} INFO - Started process (PID=42037) to work on /home/dataengineer/.pyenv/versions/3.9.21/lib/python3.9/site-packages/airflow/example_dags/example_setup_teardown.py
[2025-03-08T01:04:53.420+0700] {processor.py:914} INFO - Processing file /home/dataengineer/.pyenv/versions/3.9.21/lib/python3.9/site-packages/airflow/example_dags/example_setup_teardown.py for tasks to queue
[2025-03-08T01:04:53.423+0700] {logging_mixin.py:190} INFO - [2025-03-08T01:04:53.422+0700] {dagbag.py:588} INFO - Filling up the DagBag from /home/dataengineer/.pyenv/versions/3.9.21/lib/python3.9/site-packages/airflow/example_dags/example_setup_teardown.py
[2025-03-08T01:04:53.429+0700] {processor.py:925} INFO - DAG(s) 'example_setup_teardown' retrieved from /home/dataengineer/.pyenv/versions/3.9.21/lib/python3.9/site-packages/airflow/example_dags/example_setup_teardown.py
[2025-03-08T01:04:53.442+0700] {logging_mixin.py:190} INFO - [2025-03-08T01:04:53.442+0700] {dag.py:3239} INFO - Sync 1 DAGs
[2025-03-08T01:04:53.453+0700] {logging_mixin.py:190} INFO - [2025-03-08T01:04:53.453+0700] {dag.py:4180} INFO - Setting next_dagrun for example_setup_teardown to None, run_after=None
[2025-03-08T01:04:53.470+0700] {processor.py:208} INFO - Processing /home/dataengineer/.pyenv/versions/3.9.21/lib/python3.9/site-packages/airflow/example_dags/example_setup_teardown.py took 0.056 seconds
[2025-03-08T02:20:14.196+0700] {processor.py:186} INFO - Started process (PID=63554) to work on /home/dataengineer/.pyenv/versions/3.9.21/lib/python3.9/site-packages/airflow/example_dags/example_setup_teardown.py
[2025-03-08T02:20:14.197+0700] {processor.py:914} INFO - Processing file /home/dataengineer/.pyenv/versions/3.9.21/lib/python3.9/site-packages/airflow/example_dags/example_setup_teardown.py for tasks to queue
[2025-03-08T02:20:14.199+0700] {logging_mixin.py:190} INFO - [2025-03-08T02:20:14.199+0700] {dagbag.py:588} INFO - Filling up the DagBag from /home/dataengineer/.pyenv/versions/3.9.21/lib/python3.9/site-packages/airflow/example_dags/example_setup_teardown.py
[2025-03-08T02:20:14.207+0700] {processor.py:925} INFO - DAG(s) 'example_setup_teardown' retrieved from /home/dataengineer/.pyenv/versions/3.9.21/lib/python3.9/site-packages/airflow/example_dags/example_setup_teardown.py
[2025-03-08T02:20:14.226+0700] {logging_mixin.py:190} INFO - [2025-03-08T02:20:14.226+0700] {dag.py:3239} INFO - Sync 1 DAGs
[2025-03-08T02:20:14.236+0700] {logging_mixin.py:190} INFO - [2025-03-08T02:20:14.236+0700] {dag.py:4180} INFO - Setting next_dagrun for example_setup_teardown to None, run_after=None
[2025-03-08T02:20:14.254+0700] {processor.py:208} INFO - Processing /home/dataengineer/.pyenv/versions/3.9.21/lib/python3.9/site-packages/airflow/example_dags/example_setup_teardown.py took 0.063 seconds
[2025-03-08T02:26:58.323+0700] {processor.py:186} INFO - Started process (PID=66462) to work on /home/dataengineer/.pyenv/versions/3.9.21/lib/python3.9/site-packages/airflow/example_dags/example_setup_teardown.py
[2025-03-08T02:26:58.324+0700] {processor.py:914} INFO - Processing file /home/dataengineer/.pyenv/versions/3.9.21/lib/python3.9/site-packages/airflow/example_dags/example_setup_teardown.py for tasks to queue
[2025-03-08T02:26:58.326+0700] {logging_mixin.py:190} INFO - [2025-03-08T02:26:58.326+0700] {dagbag.py:588} INFO - Filling up the DagBag from /home/dataengineer/.pyenv/versions/3.9.21/lib/python3.9/site-packages/airflow/example_dags/example_setup_teardown.py
[2025-03-08T02:26:58.335+0700] {processor.py:925} INFO - DAG(s) 'example_setup_teardown' retrieved from /home/dataengineer/.pyenv/versions/3.9.21/lib/python3.9/site-packages/airflow/example_dags/example_setup_teardown.py
[2025-03-08T02:26:58.356+0700] {logging_mixin.py:190} INFO - [2025-03-08T02:26:58.355+0700] {dag.py:3239} INFO - Sync 1 DAGs
[2025-03-08T02:26:58.369+0700] {logging_mixin.py:190} INFO - [2025-03-08T02:26:58.369+0700] {dag.py:4180} INFO - Setting next_dagrun for example_setup_teardown to None, run_after=None
[2025-03-08T02:26:58.388+0700] {processor.py:208} INFO - Processing /home/dataengineer/.pyenv/versions/3.9.21/lib/python3.9/site-packages/airflow/example_dags/example_setup_teardown.py took 0.071 seconds
[2025-03-08T02:29:12.432+0700] {processor.py:186} INFO - Started process (PID=67333) to work on /home/dataengineer/.pyenv/versions/3.9.21/lib/python3.9/site-packages/airflow/example_dags/example_setup_teardown.py
[2025-03-08T02:29:12.433+0700] {processor.py:914} INFO - Processing file /home/dataengineer/.pyenv/versions/3.9.21/lib/python3.9/site-packages/airflow/example_dags/example_setup_teardown.py for tasks to queue
[2025-03-08T02:29:12.436+0700] {logging_mixin.py:190} INFO - [2025-03-08T02:29:12.435+0700] {dagbag.py:588} INFO - Filling up the DagBag from /home/dataengineer/.pyenv/versions/3.9.21/lib/python3.9/site-packages/airflow/example_dags/example_setup_teardown.py
[2025-03-08T02:29:12.444+0700] {processor.py:925} INFO - DAG(s) 'example_setup_teardown' retrieved from /home/dataengineer/.pyenv/versions/3.9.21/lib/python3.9/site-packages/airflow/example_dags/example_setup_teardown.py
[2025-03-08T02:29:12.465+0700] {logging_mixin.py:190} INFO - [2025-03-08T02:29:12.464+0700] {dag.py:3239} INFO - Sync 1 DAGs
[2025-03-08T02:29:12.476+0700] {logging_mixin.py:190} INFO - [2025-03-08T02:29:12.476+0700] {dag.py:4180} INFO - Setting next_dagrun for example_setup_teardown to None, run_after=None
[2025-03-08T02:29:12.496+0700] {processor.py:208} INFO - Processing /home/dataengineer/.pyenv/versions/3.9.21/lib/python3.9/site-packages/airflow/example_dags/example_setup_teardown.py took 0.070 seconds
[2025-03-08T02:30:08.900+0700] {processor.py:186} INFO - Started process (PID=67919) to work on /home/dataengineer/.pyenv/versions/3.9.21/lib/python3.9/site-packages/airflow/example_dags/example_setup_teardown.py
[2025-03-08T02:30:08.901+0700] {processor.py:914} INFO - Processing file /home/dataengineer/.pyenv/versions/3.9.21/lib/python3.9/site-packages/airflow/example_dags/example_setup_teardown.py for tasks to queue
[2025-03-08T02:30:08.902+0700] {logging_mixin.py:190} INFO - [2025-03-08T02:30:08.902+0700] {dagbag.py:588} INFO - Filling up the DagBag from /home/dataengineer/.pyenv/versions/3.9.21/lib/python3.9/site-packages/airflow/example_dags/example_setup_teardown.py
[2025-03-08T02:30:08.910+0700] {processor.py:925} INFO - DAG(s) 'example_setup_teardown' retrieved from /home/dataengineer/.pyenv/versions/3.9.21/lib/python3.9/site-packages/airflow/example_dags/example_setup_teardown.py
[2025-03-08T02:30:08.924+0700] {logging_mixin.py:190} INFO - [2025-03-08T02:30:08.924+0700] {dag.py:3239} INFO - Sync 1 DAGs
[2025-03-08T02:30:08.936+0700] {logging_mixin.py:190} INFO - [2025-03-08T02:30:08.936+0700] {dag.py:4180} INFO - Setting next_dagrun for example_setup_teardown to None, run_after=None
[2025-03-08T02:30:08.956+0700] {processor.py:208} INFO - Processing /home/dataengineer/.pyenv/versions/3.9.21/lib/python3.9/site-packages/airflow/example_dags/example_setup_teardown.py took 0.062 seconds
[2025-03-08T02:31:01.419+0700] {processor.py:186} INFO - Started process (PID=68235) to work on /home/dataengineer/.pyenv/versions/3.9.21/lib/python3.9/site-packages/airflow/example_dags/example_setup_teardown.py
[2025-03-08T02:31:01.420+0700] {processor.py:914} INFO - Processing file /home/dataengineer/.pyenv/versions/3.9.21/lib/python3.9/site-packages/airflow/example_dags/example_setup_teardown.py for tasks to queue
[2025-03-08T02:31:01.421+0700] {logging_mixin.py:190} INFO - [2025-03-08T02:31:01.421+0700] {dagbag.py:588} INFO - Filling up the DagBag from /home/dataengineer/.pyenv/versions/3.9.21/lib/python3.9/site-packages/airflow/example_dags/example_setup_teardown.py
[2025-03-08T02:31:01.429+0700] {processor.py:925} INFO - DAG(s) 'example_setup_teardown' retrieved from /home/dataengineer/.pyenv/versions/3.9.21/lib/python3.9/site-packages/airflow/example_dags/example_setup_teardown.py
[2025-03-08T02:31:01.442+0700] {logging_mixin.py:190} INFO - [2025-03-08T02:31:01.442+0700] {dag.py:3239} INFO - Sync 1 DAGs
[2025-03-08T02:31:01.453+0700] {logging_mixin.py:190} INFO - [2025-03-08T02:31:01.453+0700] {dag.py:4180} INFO - Setting next_dagrun for example_setup_teardown to None, run_after=None
[2025-03-08T02:31:01.471+0700] {processor.py:208} INFO - Processing /home/dataengineer/.pyenv/versions/3.9.21/lib/python3.9/site-packages/airflow/example_dags/example_setup_teardown.py took 0.059 seconds
[2025-03-08T02:31:57.543+0700] {processor.py:186} INFO - Started process (PID=68931) to work on /home/dataengineer/.pyenv/versions/3.9.21/lib/python3.9/site-packages/airflow/example_dags/example_setup_teardown.py
[2025-03-08T02:31:57.545+0700] {processor.py:914} INFO - Processing file /home/dataengineer/.pyenv/versions/3.9.21/lib/python3.9/site-packages/airflow/example_dags/example_setup_teardown.py for tasks to queue
[2025-03-08T02:31:57.546+0700] {logging_mixin.py:190} INFO - [2025-03-08T02:31:57.546+0700] {dagbag.py:588} INFO - Filling up the DagBag from /home/dataengineer/.pyenv/versions/3.9.21/lib/python3.9/site-packages/airflow/example_dags/example_setup_teardown.py
[2025-03-08T02:31:57.553+0700] {processor.py:925} INFO - DAG(s) 'example_setup_teardown' retrieved from /home/dataengineer/.pyenv/versions/3.9.21/lib/python3.9/site-packages/airflow/example_dags/example_setup_teardown.py
[2025-03-08T02:31:57.566+0700] {logging_mixin.py:190} INFO - [2025-03-08T02:31:57.565+0700] {dag.py:3239} INFO - Sync 1 DAGs
[2025-03-08T02:31:57.577+0700] {logging_mixin.py:190} INFO - [2025-03-08T02:31:57.577+0700] {dag.py:4180} INFO - Setting next_dagrun for example_setup_teardown to None, run_after=None
[2025-03-08T02:31:57.594+0700] {processor.py:208} INFO - Processing /home/dataengineer/.pyenv/versions/3.9.21/lib/python3.9/site-packages/airflow/example_dags/example_setup_teardown.py took 0.056 seconds
[2025-03-08T02:32:54.459+0700] {processor.py:186} INFO - Started process (PID=69179) to work on /home/dataengineer/.pyenv/versions/3.9.21/lib/python3.9/site-packages/airflow/example_dags/example_setup_teardown.py
[2025-03-08T02:32:54.460+0700] {processor.py:914} INFO - Processing file /home/dataengineer/.pyenv/versions/3.9.21/lib/python3.9/site-packages/airflow/example_dags/example_setup_teardown.py for tasks to queue
[2025-03-08T02:32:54.462+0700] {logging_mixin.py:190} INFO - [2025-03-08T02:32:54.461+0700] {dagbag.py:588} INFO - Filling up the DagBag from /home/dataengineer/.pyenv/versions/3.9.21/lib/python3.9/site-packages/airflow/example_dags/example_setup_teardown.py
[2025-03-08T02:32:54.470+0700] {processor.py:925} INFO - DAG(s) 'example_setup_teardown' retrieved from /home/dataengineer/.pyenv/versions/3.9.21/lib/python3.9/site-packages/airflow/example_dags/example_setup_teardown.py
[2025-03-08T02:32:54.484+0700] {logging_mixin.py:190} INFO - [2025-03-08T02:32:54.484+0700] {dag.py:3239} INFO - Sync 1 DAGs
[2025-03-08T02:32:54.497+0700] {logging_mixin.py:190} INFO - [2025-03-08T02:32:54.497+0700] {dag.py:4180} INFO - Setting next_dagrun for example_setup_teardown to None, run_after=None
[2025-03-08T02:32:54.517+0700] {processor.py:208} INFO - Processing /home/dataengineer/.pyenv/versions/3.9.21/lib/python3.9/site-packages/airflow/example_dags/example_setup_teardown.py took 0.064 seconds
[2025-03-08T02:33:50.421+0700] {processor.py:186} INFO - Started process (PID=69429) to work on /home/dataengineer/.pyenv/versions/3.9.21/lib/python3.9/site-packages/airflow/example_dags/example_setup_teardown.py
[2025-03-08T02:33:50.422+0700] {processor.py:914} INFO - Processing file /home/dataengineer/.pyenv/versions/3.9.21/lib/python3.9/site-packages/airflow/example_dags/example_setup_teardown.py for tasks to queue
[2025-03-08T02:33:50.423+0700] {logging_mixin.py:190} INFO - [2025-03-08T02:33:50.423+0700] {dagbag.py:588} INFO - Filling up the DagBag from /home/dataengineer/.pyenv/versions/3.9.21/lib/python3.9/site-packages/airflow/example_dags/example_setup_teardown.py
[2025-03-08T02:33:50.433+0700] {processor.py:925} INFO - DAG(s) 'example_setup_teardown' retrieved from /home/dataengineer/.pyenv/versions/3.9.21/lib/python3.9/site-packages/airflow/example_dags/example_setup_teardown.py
[2025-03-08T02:33:50.448+0700] {logging_mixin.py:190} INFO - [2025-03-08T02:33:50.447+0700] {dag.py:3239} INFO - Sync 1 DAGs
[2025-03-08T02:33:50.462+0700] {logging_mixin.py:190} INFO - [2025-03-08T02:33:50.462+0700] {dag.py:4180} INFO - Setting next_dagrun for example_setup_teardown to None, run_after=None
[2025-03-08T02:33:50.483+0700] {processor.py:208} INFO - Processing /home/dataengineer/.pyenv/versions/3.9.21/lib/python3.9/site-packages/airflow/example_dags/example_setup_teardown.py took 0.068 seconds
[2025-03-08T02:34:34.766+0700] {processor.py:186} INFO - Started process (PID=70256) to work on /home/dataengineer/.pyenv/versions/3.9.21/lib/python3.9/site-packages/airflow/example_dags/example_setup_teardown.py
[2025-03-08T02:34:34.767+0700] {processor.py:914} INFO - Processing file /home/dataengineer/.pyenv/versions/3.9.21/lib/python3.9/site-packages/airflow/example_dags/example_setup_teardown.py for tasks to queue
[2025-03-08T02:34:34.778+0700] {logging_mixin.py:190} INFO - [2025-03-08T02:34:34.777+0700] {dagbag.py:588} INFO - Filling up the DagBag from /home/dataengineer/.pyenv/versions/3.9.21/lib/python3.9/site-packages/airflow/example_dags/example_setup_teardown.py
[2025-03-08T02:34:34.787+0700] {processor.py:925} INFO - DAG(s) 'example_setup_teardown' retrieved from /home/dataengineer/.pyenv/versions/3.9.21/lib/python3.9/site-packages/airflow/example_dags/example_setup_teardown.py
[2025-03-08T02:34:34.810+0700] {logging_mixin.py:190} INFO - [2025-03-08T02:34:34.810+0700] {dag.py:3239} INFO - Sync 1 DAGs
[2025-03-08T02:34:34.824+0700] {logging_mixin.py:190} INFO - [2025-03-08T02:34:34.824+0700] {dag.py:4180} INFO - Setting next_dagrun for example_setup_teardown to None, run_after=None
[2025-03-08T02:34:34.851+0700] {processor.py:208} INFO - Processing /home/dataengineer/.pyenv/versions/3.9.21/lib/python3.9/site-packages/airflow/example_dags/example_setup_teardown.py took 0.092 seconds
[2025-03-08T02:35:34.472+0700] {processor.py:186} INFO - Started process (PID=70737) to work on /home/dataengineer/.pyenv/versions/3.9.21/lib/python3.9/site-packages/airflow/example_dags/example_setup_teardown.py
[2025-03-08T02:35:34.474+0700] {processor.py:914} INFO - Processing file /home/dataengineer/.pyenv/versions/3.9.21/lib/python3.9/site-packages/airflow/example_dags/example_setup_teardown.py for tasks to queue
[2025-03-08T02:35:34.476+0700] {logging_mixin.py:190} INFO - [2025-03-08T02:35:34.475+0700] {dagbag.py:588} INFO - Filling up the DagBag from /home/dataengineer/.pyenv/versions/3.9.21/lib/python3.9/site-packages/airflow/example_dags/example_setup_teardown.py
[2025-03-08T02:35:34.484+0700] {processor.py:925} INFO - DAG(s) 'example_setup_teardown' retrieved from /home/dataengineer/.pyenv/versions/3.9.21/lib/python3.9/site-packages/airflow/example_dags/example_setup_teardown.py
[2025-03-08T02:35:34.497+0700] {logging_mixin.py:190} INFO - [2025-03-08T02:35:34.497+0700] {dag.py:3239} INFO - Sync 1 DAGs
[2025-03-08T02:35:34.509+0700] {logging_mixin.py:190} INFO - [2025-03-08T02:35:34.508+0700] {dag.py:4180} INFO - Setting next_dagrun for example_setup_teardown to None, run_after=None
[2025-03-08T02:35:34.528+0700] {processor.py:208} INFO - Processing /home/dataengineer/.pyenv/versions/3.9.21/lib/python3.9/site-packages/airflow/example_dags/example_setup_teardown.py took 0.062 seconds
[2025-03-08T02:36:36.882+0700] {processor.py:186} INFO - Started process (PID=71185) to work on /home/dataengineer/.pyenv/versions/3.9.21/lib/python3.9/site-packages/airflow/example_dags/example_setup_teardown.py
[2025-03-08T02:36:36.884+0700] {processor.py:914} INFO - Processing file /home/dataengineer/.pyenv/versions/3.9.21/lib/python3.9/site-packages/airflow/example_dags/example_setup_teardown.py for tasks to queue
[2025-03-08T02:36:36.886+0700] {logging_mixin.py:190} INFO - [2025-03-08T02:36:36.886+0700] {dagbag.py:588} INFO - Filling up the DagBag from /home/dataengineer/.pyenv/versions/3.9.21/lib/python3.9/site-packages/airflow/example_dags/example_setup_teardown.py
[2025-03-08T02:36:36.895+0700] {processor.py:925} INFO - DAG(s) 'example_setup_teardown' retrieved from /home/dataengineer/.pyenv/versions/3.9.21/lib/python3.9/site-packages/airflow/example_dags/example_setup_teardown.py
[2025-03-08T02:36:36.912+0700] {logging_mixin.py:190} INFO - [2025-03-08T02:36:36.912+0700] {dag.py:3239} INFO - Sync 1 DAGs
[2025-03-08T02:36:36.926+0700] {logging_mixin.py:190} INFO - [2025-03-08T02:36:36.925+0700] {dag.py:4180} INFO - Setting next_dagrun for example_setup_teardown to None, run_after=None
[2025-03-08T02:36:36.947+0700] {processor.py:208} INFO - Processing /home/dataengineer/.pyenv/versions/3.9.21/lib/python3.9/site-packages/airflow/example_dags/example_setup_teardown.py took 0.071 seconds
[2025-03-08T02:37:34.568+0700] {processor.py:186} INFO - Started process (PID=71423) to work on /home/dataengineer/.pyenv/versions/3.9.21/lib/python3.9/site-packages/airflow/example_dags/example_setup_teardown.py
[2025-03-08T02:37:34.569+0700] {processor.py:914} INFO - Processing file /home/dataengineer/.pyenv/versions/3.9.21/lib/python3.9/site-packages/airflow/example_dags/example_setup_teardown.py for tasks to queue
[2025-03-08T02:37:34.572+0700] {logging_mixin.py:190} INFO - [2025-03-08T02:37:34.571+0700] {dagbag.py:588} INFO - Filling up the DagBag from /home/dataengineer/.pyenv/versions/3.9.21/lib/python3.9/site-packages/airflow/example_dags/example_setup_teardown.py
[2025-03-08T02:37:34.581+0700] {processor.py:925} INFO - DAG(s) 'example_setup_teardown' retrieved from /home/dataengineer/.pyenv/versions/3.9.21/lib/python3.9/site-packages/airflow/example_dags/example_setup_teardown.py
[2025-03-08T02:37:34.596+0700] {logging_mixin.py:190} INFO - [2025-03-08T02:37:34.596+0700] {dag.py:3239} INFO - Sync 1 DAGs
[2025-03-08T02:37:34.609+0700] {logging_mixin.py:190} INFO - [2025-03-08T02:37:34.609+0700] {dag.py:4180} INFO - Setting next_dagrun for example_setup_teardown to None, run_after=None
[2025-03-08T02:37:34.629+0700] {processor.py:208} INFO - Processing /home/dataengineer/.pyenv/versions/3.9.21/lib/python3.9/site-packages/airflow/example_dags/example_setup_teardown.py took 0.067 seconds
[2025-03-08T02:38:41.467+0700] {processor.py:186} INFO - Started process (PID=72324) to work on /home/dataengineer/.pyenv/versions/3.9.21/lib/python3.9/site-packages/airflow/example_dags/example_setup_teardown.py
[2025-03-08T02:38:41.468+0700] {processor.py:914} INFO - Processing file /home/dataengineer/.pyenv/versions/3.9.21/lib/python3.9/site-packages/airflow/example_dags/example_setup_teardown.py for tasks to queue
[2025-03-08T02:38:41.470+0700] {logging_mixin.py:190} INFO - [2025-03-08T02:38:41.469+0700] {dagbag.py:588} INFO - Filling up the DagBag from /home/dataengineer/.pyenv/versions/3.9.21/lib/python3.9/site-packages/airflow/example_dags/example_setup_teardown.py
[2025-03-08T02:38:41.478+0700] {processor.py:925} INFO - DAG(s) 'example_setup_teardown' retrieved from /home/dataengineer/.pyenv/versions/3.9.21/lib/python3.9/site-packages/airflow/example_dags/example_setup_teardown.py
[2025-03-08T02:38:41.497+0700] {logging_mixin.py:190} INFO - [2025-03-08T02:38:41.496+0700] {dag.py:3239} INFO - Sync 1 DAGs
[2025-03-08T02:38:41.509+0700] {logging_mixin.py:190} INFO - [2025-03-08T02:38:41.509+0700] {dag.py:4180} INFO - Setting next_dagrun for example_setup_teardown to None, run_after=None
[2025-03-08T02:38:41.528+0700] {processor.py:208} INFO - Processing /home/dataengineer/.pyenv/versions/3.9.21/lib/python3.9/site-packages/airflow/example_dags/example_setup_teardown.py took 0.066 seconds
