[2025-03-08T00:56:43.718+0700] {processor.py:186} INFO - Started process (PID=36345) to work on /home/dataengineer/.pyenv/versions/3.9.21/lib/python3.9/site-packages/airflow/example_dags/example_trigger_controller_dag.py
[2025-03-08T00:56:43.719+0700] {processor.py:914} INFO - Processing file /home/dataengineer/.pyenv/versions/3.9.21/lib/python3.9/site-packages/airflow/example_dags/example_trigger_controller_dag.py for tasks to queue
[2025-03-08T00:56:43.721+0700] {logging_mixin.py:190} INFO - [2025-03-08T00:56:43.721+0700] {dagbag.py:588} INFO - Filling up the DagBag from /home/dataengineer/.pyenv/versions/3.9.21/lib/python3.9/site-packages/airflow/example_dags/example_trigger_controller_dag.py
[2025-03-08T00:56:43.729+0700] {processor.py:925} INFO - DAG(s) 'example_trigger_controller_dag' retrieved from /home/dataengineer/.pyenv/versions/3.9.21/lib/python3.9/site-packages/airflow/example_dags/example_trigger_controller_dag.py
[2025-03-08T00:56:43.746+0700] {logging_mixin.py:190} INFO - [2025-03-08T00:56:43.746+0700] {dag.py:3239} INFO - Sync 1 DAGs
[2025-03-08T00:56:43.769+0700] {logging_mixin.py:190} INFO - [2025-03-08T00:56:43.769+0700] {dag.py:4180} INFO - Setting next_dagrun for example_trigger_controller_dag to 2021-01-01 00:00:00+00:00, run_after=2021-01-01 00:00:00+00:00
[2025-03-08T00:56:43.802+0700] {processor.py:208} INFO - Processing /home/dataengineer/.pyenv/versions/3.9.21/lib/python3.9/site-packages/airflow/example_dags/example_trigger_controller_dag.py took 0.091 seconds
[2025-03-08T00:57:49.137+0700] {processor.py:186} INFO - Started process (PID=36993) to work on /home/dataengineer/.pyenv/versions/3.9.21/lib/python3.9/site-packages/airflow/example_dags/example_trigger_controller_dag.py
[2025-03-08T00:57:49.139+0700] {processor.py:914} INFO - Processing file /home/dataengineer/.pyenv/versions/3.9.21/lib/python3.9/site-packages/airflow/example_dags/example_trigger_controller_dag.py for tasks to queue
[2025-03-08T00:57:49.141+0700] {logging_mixin.py:190} INFO - [2025-03-08T00:57:49.141+0700] {dagbag.py:588} INFO - Filling up the DagBag from /home/dataengineer/.pyenv/versions/3.9.21/lib/python3.9/site-packages/airflow/example_dags/example_trigger_controller_dag.py
[2025-03-08T00:57:49.147+0700] {processor.py:925} INFO - DAG(s) 'example_trigger_controller_dag' retrieved from /home/dataengineer/.pyenv/versions/3.9.21/lib/python3.9/site-packages/airflow/example_dags/example_trigger_controller_dag.py
[2025-03-08T00:57:49.160+0700] {logging_mixin.py:190} INFO - [2025-03-08T00:57:49.160+0700] {dag.py:3239} INFO - Sync 1 DAGs
[2025-03-08T00:57:49.181+0700] {logging_mixin.py:190} INFO - [2025-03-08T00:57:49.181+0700] {dag.py:4180} INFO - Setting next_dagrun for example_trigger_controller_dag to 2021-01-01 00:00:00+00:00, run_after=2021-01-01 00:00:00+00:00
[2025-03-08T00:57:49.201+0700] {processor.py:208} INFO - Processing /home/dataengineer/.pyenv/versions/3.9.21/lib/python3.9/site-packages/airflow/example_dags/example_trigger_controller_dag.py took 0.069 seconds
[2025-03-08T00:58:49.911+0700] {processor.py:186} INFO - Started process (PID=37463) to work on /home/dataengineer/.pyenv/versions/3.9.21/lib/python3.9/site-packages/airflow/example_dags/example_trigger_controller_dag.py
[2025-03-08T00:58:49.912+0700] {processor.py:914} INFO - Processing file /home/dataengineer/.pyenv/versions/3.9.21/lib/python3.9/site-packages/airflow/example_dags/example_trigger_controller_dag.py for tasks to queue
[2025-03-08T00:58:49.914+0700] {logging_mixin.py:190} INFO - [2025-03-08T00:58:49.914+0700] {dagbag.py:588} INFO - Filling up the DagBag from /home/dataengineer/.pyenv/versions/3.9.21/lib/python3.9/site-packages/airflow/example_dags/example_trigger_controller_dag.py
[2025-03-08T00:58:49.919+0700] {processor.py:925} INFO - DAG(s) 'example_trigger_controller_dag' retrieved from /home/dataengineer/.pyenv/versions/3.9.21/lib/python3.9/site-packages/airflow/example_dags/example_trigger_controller_dag.py
[2025-03-08T00:58:49.931+0700] {logging_mixin.py:190} INFO - [2025-03-08T00:58:49.931+0700] {dag.py:3239} INFO - Sync 1 DAGs
[2025-03-08T00:58:49.947+0700] {logging_mixin.py:190} INFO - [2025-03-08T00:58:49.947+0700] {dag.py:4180} INFO - Setting next_dagrun for example_trigger_controller_dag to 2021-01-01 00:00:00+00:00, run_after=2021-01-01 00:00:00+00:00
[2025-03-08T00:58:49.965+0700] {processor.py:208} INFO - Processing /home/dataengineer/.pyenv/versions/3.9.21/lib/python3.9/site-packages/airflow/example_dags/example_trigger_controller_dag.py took 0.060 seconds
[2025-03-08T00:59:51.592+0700] {processor.py:186} INFO - Started process (PID=37890) to work on /home/dataengineer/.pyenv/versions/3.9.21/lib/python3.9/site-packages/airflow/example_dags/example_trigger_controller_dag.py
[2025-03-08T00:59:51.593+0700] {processor.py:914} INFO - Processing file /home/dataengineer/.pyenv/versions/3.9.21/lib/python3.9/site-packages/airflow/example_dags/example_trigger_controller_dag.py for tasks to queue
[2025-03-08T00:59:51.595+0700] {logging_mixin.py:190} INFO - [2025-03-08T00:59:51.595+0700] {dagbag.py:588} INFO - Filling up the DagBag from /home/dataengineer/.pyenv/versions/3.9.21/lib/python3.9/site-packages/airflow/example_dags/example_trigger_controller_dag.py
[2025-03-08T00:59:51.601+0700] {processor.py:925} INFO - DAG(s) 'example_trigger_controller_dag' retrieved from /home/dataengineer/.pyenv/versions/3.9.21/lib/python3.9/site-packages/airflow/example_dags/example_trigger_controller_dag.py
[2025-03-08T00:59:51.614+0700] {logging_mixin.py:190} INFO - [2025-03-08T00:59:51.613+0700] {dag.py:3239} INFO - Sync 1 DAGs
[2025-03-08T00:59:51.632+0700] {logging_mixin.py:190} INFO - [2025-03-08T00:59:51.632+0700] {dag.py:4180} INFO - Setting next_dagrun for example_trigger_controller_dag to 2021-01-01 00:00:00+00:00, run_after=2021-01-01 00:00:00+00:00
[2025-03-08T00:59:51.653+0700] {processor.py:208} INFO - Processing /home/dataengineer/.pyenv/versions/3.9.21/lib/python3.9/site-packages/airflow/example_dags/example_trigger_controller_dag.py took 0.067 seconds
[2025-03-08T01:00:53.254+0700] {processor.py:186} INFO - Started process (PID=38322) to work on /home/dataengineer/.pyenv/versions/3.9.21/lib/python3.9/site-packages/airflow/example_dags/example_trigger_controller_dag.py
[2025-03-08T01:00:53.255+0700] {processor.py:914} INFO - Processing file /home/dataengineer/.pyenv/versions/3.9.21/lib/python3.9/site-packages/airflow/example_dags/example_trigger_controller_dag.py for tasks to queue
[2025-03-08T01:00:53.257+0700] {logging_mixin.py:190} INFO - [2025-03-08T01:00:53.257+0700] {dagbag.py:588} INFO - Filling up the DagBag from /home/dataengineer/.pyenv/versions/3.9.21/lib/python3.9/site-packages/airflow/example_dags/example_trigger_controller_dag.py
[2025-03-08T01:00:53.264+0700] {processor.py:925} INFO - DAG(s) 'example_trigger_controller_dag' retrieved from /home/dataengineer/.pyenv/versions/3.9.21/lib/python3.9/site-packages/airflow/example_dags/example_trigger_controller_dag.py
[2025-03-08T01:00:53.276+0700] {logging_mixin.py:190} INFO - [2025-03-08T01:00:53.276+0700] {dag.py:3239} INFO - Sync 1 DAGs
[2025-03-08T01:00:53.294+0700] {logging_mixin.py:190} INFO - [2025-03-08T01:00:53.294+0700] {dag.py:4180} INFO - Setting next_dagrun for example_trigger_controller_dag to 2021-01-01 00:00:00+00:00, run_after=2021-01-01 00:00:00+00:00
[2025-03-08T01:00:53.312+0700] {processor.py:208} INFO - Processing /home/dataengineer/.pyenv/versions/3.9.21/lib/python3.9/site-packages/airflow/example_dags/example_trigger_controller_dag.py took 0.065 seconds
[2025-03-08T01:01:54.978+0700] {processor.py:186} INFO - Started process (PID=38777) to work on /home/dataengineer/.pyenv/versions/3.9.21/lib/python3.9/site-packages/airflow/example_dags/example_trigger_controller_dag.py
[2025-03-08T01:01:54.979+0700] {processor.py:914} INFO - Processing file /home/dataengineer/.pyenv/versions/3.9.21/lib/python3.9/site-packages/airflow/example_dags/example_trigger_controller_dag.py for tasks to queue
[2025-03-08T01:01:54.981+0700] {logging_mixin.py:190} INFO - [2025-03-08T01:01:54.980+0700] {dagbag.py:588} INFO - Filling up the DagBag from /home/dataengineer/.pyenv/versions/3.9.21/lib/python3.9/site-packages/airflow/example_dags/example_trigger_controller_dag.py
[2025-03-08T01:01:54.987+0700] {processor.py:925} INFO - DAG(s) 'example_trigger_controller_dag' retrieved from /home/dataengineer/.pyenv/versions/3.9.21/lib/python3.9/site-packages/airflow/example_dags/example_trigger_controller_dag.py
[2025-03-08T01:01:54.998+0700] {logging_mixin.py:190} INFO - [2025-03-08T01:01:54.998+0700] {dag.py:3239} INFO - Sync 1 DAGs
[2025-03-08T01:01:55.015+0700] {logging_mixin.py:190} INFO - [2025-03-08T01:01:55.015+0700] {dag.py:4180} INFO - Setting next_dagrun for example_trigger_controller_dag to 2021-01-01 00:00:00+00:00, run_after=2021-01-01 00:00:00+00:00
[2025-03-08T01:01:55.032+0700] {processor.py:208} INFO - Processing /home/dataengineer/.pyenv/versions/3.9.21/lib/python3.9/site-packages/airflow/example_dags/example_trigger_controller_dag.py took 0.061 seconds
[2025-03-08T01:02:57.505+0700] {processor.py:186} INFO - Started process (PID=39307) to work on /home/dataengineer/.pyenv/versions/3.9.21/lib/python3.9/site-packages/airflow/example_dags/example_trigger_controller_dag.py
[2025-03-08T01:02:57.507+0700] {processor.py:914} INFO - Processing file /home/dataengineer/.pyenv/versions/3.9.21/lib/python3.9/site-packages/airflow/example_dags/example_trigger_controller_dag.py for tasks to queue
[2025-03-08T01:02:57.508+0700] {logging_mixin.py:190} INFO - [2025-03-08T01:02:57.508+0700] {dagbag.py:588} INFO - Filling up the DagBag from /home/dataengineer/.pyenv/versions/3.9.21/lib/python3.9/site-packages/airflow/example_dags/example_trigger_controller_dag.py
[2025-03-08T01:02:57.514+0700] {processor.py:925} INFO - DAG(s) 'example_trigger_controller_dag' retrieved from /home/dataengineer/.pyenv/versions/3.9.21/lib/python3.9/site-packages/airflow/example_dags/example_trigger_controller_dag.py
[2025-03-08T01:02:57.526+0700] {logging_mixin.py:190} INFO - [2025-03-08T01:02:57.526+0700] {dag.py:3239} INFO - Sync 1 DAGs
[2025-03-08T01:02:57.544+0700] {logging_mixin.py:190} INFO - [2025-03-08T01:02:57.544+0700] {dag.py:4180} INFO - Setting next_dagrun for example_trigger_controller_dag to 2021-01-01 00:00:00+00:00, run_after=2021-01-01 00:00:00+00:00
[2025-03-08T01:02:57.562+0700] {processor.py:208} INFO - Processing /home/dataengineer/.pyenv/versions/3.9.21/lib/python3.9/site-packages/airflow/example_dags/example_trigger_controller_dag.py took 0.063 seconds
[2025-03-08T01:03:57.032+0700] {processor.py:186} INFO - Started process (PID=40109) to work on /home/dataengineer/.pyenv/versions/3.9.21/lib/python3.9/site-packages/airflow/example_dags/example_trigger_controller_dag.py
[2025-03-08T01:03:57.033+0700] {processor.py:914} INFO - Processing file /home/dataengineer/.pyenv/versions/3.9.21/lib/python3.9/site-packages/airflow/example_dags/example_trigger_controller_dag.py for tasks to queue
[2025-03-08T01:03:57.035+0700] {logging_mixin.py:190} INFO - [2025-03-08T01:03:57.035+0700] {dagbag.py:588} INFO - Filling up the DagBag from /home/dataengineer/.pyenv/versions/3.9.21/lib/python3.9/site-packages/airflow/example_dags/example_trigger_controller_dag.py
[2025-03-08T01:03:57.043+0700] {processor.py:925} INFO - DAG(s) 'example_trigger_controller_dag' retrieved from /home/dataengineer/.pyenv/versions/3.9.21/lib/python3.9/site-packages/airflow/example_dags/example_trigger_controller_dag.py
[2025-03-08T01:03:57.057+0700] {logging_mixin.py:190} INFO - [2025-03-08T01:03:57.057+0700] {dag.py:3239} INFO - Sync 1 DAGs
[2025-03-08T01:03:57.076+0700] {logging_mixin.py:190} INFO - [2025-03-08T01:03:57.076+0700] {dag.py:4180} INFO - Setting next_dagrun for example_trigger_controller_dag to 2021-01-01 00:00:00+00:00, run_after=2021-01-01 00:00:00+00:00
[2025-03-08T01:03:57.096+0700] {processor.py:208} INFO - Processing /home/dataengineer/.pyenv/versions/3.9.21/lib/python3.9/site-packages/airflow/example_dags/example_trigger_controller_dag.py took 0.071 seconds
[2025-03-08T01:04:58.568+0700] {processor.py:186} INFO - Started process (PID=42057) to work on /home/dataengineer/.pyenv/versions/3.9.21/lib/python3.9/site-packages/airflow/example_dags/example_trigger_controller_dag.py
[2025-03-08T01:04:58.569+0700] {processor.py:914} INFO - Processing file /home/dataengineer/.pyenv/versions/3.9.21/lib/python3.9/site-packages/airflow/example_dags/example_trigger_controller_dag.py for tasks to queue
[2025-03-08T01:04:58.571+0700] {logging_mixin.py:190} INFO - [2025-03-08T01:04:58.571+0700] {dagbag.py:588} INFO - Filling up the DagBag from /home/dataengineer/.pyenv/versions/3.9.21/lib/python3.9/site-packages/airflow/example_dags/example_trigger_controller_dag.py
[2025-03-08T01:04:58.578+0700] {processor.py:925} INFO - DAG(s) 'example_trigger_controller_dag' retrieved from /home/dataengineer/.pyenv/versions/3.9.21/lib/python3.9/site-packages/airflow/example_dags/example_trigger_controller_dag.py
[2025-03-08T01:04:58.593+0700] {logging_mixin.py:190} INFO - [2025-03-08T01:04:58.593+0700] {dag.py:3239} INFO - Sync 1 DAGs
[2025-03-08T01:04:58.613+0700] {logging_mixin.py:190} INFO - [2025-03-08T01:04:58.613+0700] {dag.py:4180} INFO - Setting next_dagrun for example_trigger_controller_dag to 2021-01-01 00:00:00+00:00, run_after=2021-01-01 00:00:00+00:00
[2025-03-08T01:04:58.634+0700] {processor.py:208} INFO - Processing /home/dataengineer/.pyenv/versions/3.9.21/lib/python3.9/site-packages/airflow/example_dags/example_trigger_controller_dag.py took 0.072 seconds
[2025-03-08T02:20:19.252+0700] {processor.py:186} INFO - Started process (PID=63578) to work on /home/dataengineer/.pyenv/versions/3.9.21/lib/python3.9/site-packages/airflow/example_dags/example_trigger_controller_dag.py
[2025-03-08T02:20:19.253+0700] {processor.py:914} INFO - Processing file /home/dataengineer/.pyenv/versions/3.9.21/lib/python3.9/site-packages/airflow/example_dags/example_trigger_controller_dag.py for tasks to queue
[2025-03-08T02:20:19.256+0700] {logging_mixin.py:190} INFO - [2025-03-08T02:20:19.255+0700] {dagbag.py:588} INFO - Filling up the DagBag from /home/dataengineer/.pyenv/versions/3.9.21/lib/python3.9/site-packages/airflow/example_dags/example_trigger_controller_dag.py
[2025-03-08T02:20:19.263+0700] {processor.py:925} INFO - DAG(s) 'example_trigger_controller_dag' retrieved from /home/dataengineer/.pyenv/versions/3.9.21/lib/python3.9/site-packages/airflow/example_dags/example_trigger_controller_dag.py
[2025-03-08T02:20:19.278+0700] {logging_mixin.py:190} INFO - [2025-03-08T02:20:19.278+0700] {dag.py:3239} INFO - Sync 1 DAGs
[2025-03-08T02:20:19.298+0700] {logging_mixin.py:190} INFO - [2025-03-08T02:20:19.298+0700] {dag.py:4180} INFO - Setting next_dagrun for example_trigger_controller_dag to 2021-01-01 00:00:00+00:00, run_after=2021-01-01 00:00:00+00:00
[2025-03-08T02:20:19.320+0700] {processor.py:208} INFO - Processing /home/dataengineer/.pyenv/versions/3.9.21/lib/python3.9/site-packages/airflow/example_dags/example_trigger_controller_dag.py took 0.074 seconds
[2025-03-08T02:27:03.481+0700] {processor.py:186} INFO - Started process (PID=66486) to work on /home/dataengineer/.pyenv/versions/3.9.21/lib/python3.9/site-packages/airflow/example_dags/example_trigger_controller_dag.py
[2025-03-08T02:27:03.482+0700] {processor.py:914} INFO - Processing file /home/dataengineer/.pyenv/versions/3.9.21/lib/python3.9/site-packages/airflow/example_dags/example_trigger_controller_dag.py for tasks to queue
[2025-03-08T02:27:03.484+0700] {logging_mixin.py:190} INFO - [2025-03-08T02:27:03.483+0700] {dagbag.py:588} INFO - Filling up the DagBag from /home/dataengineer/.pyenv/versions/3.9.21/lib/python3.9/site-packages/airflow/example_dags/example_trigger_controller_dag.py
[2025-03-08T02:27:03.490+0700] {processor.py:925} INFO - DAG(s) 'example_trigger_controller_dag' retrieved from /home/dataengineer/.pyenv/versions/3.9.21/lib/python3.9/site-packages/airflow/example_dags/example_trigger_controller_dag.py
[2025-03-08T02:27:03.503+0700] {logging_mixin.py:190} INFO - [2025-03-08T02:27:03.503+0700] {dag.py:3239} INFO - Sync 1 DAGs
[2025-03-08T02:27:03.521+0700] {logging_mixin.py:190} INFO - [2025-03-08T02:27:03.521+0700] {dag.py:4180} INFO - Setting next_dagrun for example_trigger_controller_dag to 2021-01-01 00:00:00+00:00, run_after=2021-01-01 00:00:00+00:00
[2025-03-08T02:27:03.542+0700] {processor.py:208} INFO - Processing /home/dataengineer/.pyenv/versions/3.9.21/lib/python3.9/site-packages/airflow/example_dags/example_trigger_controller_dag.py took 0.067 seconds
[2025-03-08T02:29:17.564+0700] {processor.py:186} INFO - Started process (PID=67454) to work on /home/dataengineer/.pyenv/versions/3.9.21/lib/python3.9/site-packages/airflow/example_dags/example_trigger_controller_dag.py
[2025-03-08T02:29:17.566+0700] {processor.py:914} INFO - Processing file /home/dataengineer/.pyenv/versions/3.9.21/lib/python3.9/site-packages/airflow/example_dags/example_trigger_controller_dag.py for tasks to queue
[2025-03-08T02:29:17.568+0700] {logging_mixin.py:190} INFO - [2025-03-08T02:29:17.568+0700] {dagbag.py:588} INFO - Filling up the DagBag from /home/dataengineer/.pyenv/versions/3.9.21/lib/python3.9/site-packages/airflow/example_dags/example_trigger_controller_dag.py
[2025-03-08T02:29:17.575+0700] {processor.py:925} INFO - DAG(s) 'example_trigger_controller_dag' retrieved from /home/dataengineer/.pyenv/versions/3.9.21/lib/python3.9/site-packages/airflow/example_dags/example_trigger_controller_dag.py
[2025-03-08T02:29:17.590+0700] {logging_mixin.py:190} INFO - [2025-03-08T02:29:17.590+0700] {dag.py:3239} INFO - Sync 1 DAGs
[2025-03-08T02:29:17.608+0700] {logging_mixin.py:190} INFO - [2025-03-08T02:29:17.607+0700] {dag.py:4180} INFO - Setting next_dagrun for example_trigger_controller_dag to 2021-01-01 00:00:00+00:00, run_after=2021-01-01 00:00:00+00:00
[2025-03-08T02:29:17.627+0700] {processor.py:208} INFO - Processing /home/dataengineer/.pyenv/versions/3.9.21/lib/python3.9/site-packages/airflow/example_dags/example_trigger_controller_dag.py took 0.068 seconds
[2025-03-08T02:30:13.608+0700] {processor.py:186} INFO - Started process (PID=67943) to work on /home/dataengineer/.pyenv/versions/3.9.21/lib/python3.9/site-packages/airflow/example_dags/example_trigger_controller_dag.py
[2025-03-08T02:30:13.609+0700] {processor.py:914} INFO - Processing file /home/dataengineer/.pyenv/versions/3.9.21/lib/python3.9/site-packages/airflow/example_dags/example_trigger_controller_dag.py for tasks to queue
[2025-03-08T02:30:13.610+0700] {logging_mixin.py:190} INFO - [2025-03-08T02:30:13.610+0700] {dagbag.py:588} INFO - Filling up the DagBag from /home/dataengineer/.pyenv/versions/3.9.21/lib/python3.9/site-packages/airflow/example_dags/example_trigger_controller_dag.py
[2025-03-08T02:30:13.616+0700] {processor.py:925} INFO - DAG(s) 'example_trigger_controller_dag' retrieved from /home/dataengineer/.pyenv/versions/3.9.21/lib/python3.9/site-packages/airflow/example_dags/example_trigger_controller_dag.py
[2025-03-08T02:30:13.629+0700] {logging_mixin.py:190} INFO - [2025-03-08T02:30:13.629+0700] {dag.py:3239} INFO - Sync 1 DAGs
[2025-03-08T02:30:13.648+0700] {logging_mixin.py:190} INFO - [2025-03-08T02:30:13.648+0700] {dag.py:4180} INFO - Setting next_dagrun for example_trigger_controller_dag to 2021-01-01 00:00:00+00:00, run_after=2021-01-01 00:00:00+00:00
[2025-03-08T02:30:13.667+0700] {processor.py:208} INFO - Processing /home/dataengineer/.pyenv/versions/3.9.21/lib/python3.9/site-packages/airflow/example_dags/example_trigger_controller_dag.py took 0.065 seconds
[2025-03-08T02:31:07.689+0700] {processor.py:186} INFO - Started process (PID=68273) to work on /home/dataengineer/.pyenv/versions/3.9.21/lib/python3.9/site-packages/airflow/example_dags/example_trigger_controller_dag.py
[2025-03-08T02:31:07.690+0700] {processor.py:914} INFO - Processing file /home/dataengineer/.pyenv/versions/3.9.21/lib/python3.9/site-packages/airflow/example_dags/example_trigger_controller_dag.py for tasks to queue
[2025-03-08T02:31:07.691+0700] {logging_mixin.py:190} INFO - [2025-03-08T02:31:07.691+0700] {dagbag.py:588} INFO - Filling up the DagBag from /home/dataengineer/.pyenv/versions/3.9.21/lib/python3.9/site-packages/airflow/example_dags/example_trigger_controller_dag.py
[2025-03-08T02:31:07.697+0700] {processor.py:925} INFO - DAG(s) 'example_trigger_controller_dag' retrieved from /home/dataengineer/.pyenv/versions/3.9.21/lib/python3.9/site-packages/airflow/example_dags/example_trigger_controller_dag.py
[2025-03-08T02:31:07.709+0700] {logging_mixin.py:190} INFO - [2025-03-08T02:31:07.709+0700] {dag.py:3239} INFO - Sync 1 DAGs
[2025-03-08T02:31:07.726+0700] {logging_mixin.py:190} INFO - [2025-03-08T02:31:07.726+0700] {dag.py:4180} INFO - Setting next_dagrun for example_trigger_controller_dag to 2021-01-01 00:00:00+00:00, run_after=2021-01-01 00:00:00+00:00
[2025-03-08T02:31:07.745+0700] {processor.py:208} INFO - Processing /home/dataengineer/.pyenv/versions/3.9.21/lib/python3.9/site-packages/airflow/example_dags/example_trigger_controller_dag.py took 0.061 seconds
[2025-03-08T02:32:01.616+0700] {processor.py:186} INFO - Started process (PID=68949) to work on /home/dataengineer/.pyenv/versions/3.9.21/lib/python3.9/site-packages/airflow/example_dags/example_trigger_controller_dag.py
[2025-03-08T02:32:01.617+0700] {processor.py:914} INFO - Processing file /home/dataengineer/.pyenv/versions/3.9.21/lib/python3.9/site-packages/airflow/example_dags/example_trigger_controller_dag.py for tasks to queue
[2025-03-08T02:32:01.618+0700] {logging_mixin.py:190} INFO - [2025-03-08T02:32:01.618+0700] {dagbag.py:588} INFO - Filling up the DagBag from /home/dataengineer/.pyenv/versions/3.9.21/lib/python3.9/site-packages/airflow/example_dags/example_trigger_controller_dag.py
[2025-03-08T02:32:01.624+0700] {processor.py:925} INFO - DAG(s) 'example_trigger_controller_dag' retrieved from /home/dataengineer/.pyenv/versions/3.9.21/lib/python3.9/site-packages/airflow/example_dags/example_trigger_controller_dag.py
[2025-03-08T02:32:01.637+0700] {logging_mixin.py:190} INFO - [2025-03-08T02:32:01.637+0700] {dag.py:3239} INFO - Sync 1 DAGs
[2025-03-08T02:32:01.657+0700] {logging_mixin.py:190} INFO - [2025-03-08T02:32:01.656+0700] {dag.py:4180} INFO - Setting next_dagrun for example_trigger_controller_dag to 2021-01-01 00:00:00+00:00, run_after=2021-01-01 00:00:00+00:00
[2025-03-08T02:32:01.675+0700] {processor.py:208} INFO - Processing /home/dataengineer/.pyenv/versions/3.9.21/lib/python3.9/site-packages/airflow/example_dags/example_trigger_controller_dag.py took 0.064 seconds
[2025-03-08T02:32:59.471+0700] {processor.py:186} INFO - Started process (PID=69203) to work on /home/dataengineer/.pyenv/versions/3.9.21/lib/python3.9/site-packages/airflow/example_dags/example_trigger_controller_dag.py
[2025-03-08T02:32:59.473+0700] {processor.py:914} INFO - Processing file /home/dataengineer/.pyenv/versions/3.9.21/lib/python3.9/site-packages/airflow/example_dags/example_trigger_controller_dag.py for tasks to queue
[2025-03-08T02:32:59.475+0700] {logging_mixin.py:190} INFO - [2025-03-08T02:32:59.474+0700] {dagbag.py:588} INFO - Filling up the DagBag from /home/dataengineer/.pyenv/versions/3.9.21/lib/python3.9/site-packages/airflow/example_dags/example_trigger_controller_dag.py
[2025-03-08T02:32:59.482+0700] {processor.py:925} INFO - DAG(s) 'example_trigger_controller_dag' retrieved from /home/dataengineer/.pyenv/versions/3.9.21/lib/python3.9/site-packages/airflow/example_dags/example_trigger_controller_dag.py
[2025-03-08T02:32:59.496+0700] {logging_mixin.py:190} INFO - [2025-03-08T02:32:59.496+0700] {dag.py:3239} INFO - Sync 1 DAGs
[2025-03-08T02:32:59.520+0700] {logging_mixin.py:190} INFO - [2025-03-08T02:32:59.520+0700] {dag.py:4180} INFO - Setting next_dagrun for example_trigger_controller_dag to 2021-01-01 00:00:00+00:00, run_after=2021-01-01 00:00:00+00:00
[2025-03-08T02:32:59.540+0700] {processor.py:208} INFO - Processing /home/dataengineer/.pyenv/versions/3.9.21/lib/python3.9/site-packages/airflow/example_dags/example_trigger_controller_dag.py took 0.074 seconds
[2025-03-08T02:33:55.885+0700] {processor.py:186} INFO - Started process (PID=69483) to work on /home/dataengineer/.pyenv/versions/3.9.21/lib/python3.9/site-packages/airflow/example_dags/example_trigger_controller_dag.py
[2025-03-08T02:33:55.886+0700] {processor.py:914} INFO - Processing file /home/dataengineer/.pyenv/versions/3.9.21/lib/python3.9/site-packages/airflow/example_dags/example_trigger_controller_dag.py for tasks to queue
[2025-03-08T02:33:55.887+0700] {logging_mixin.py:190} INFO - [2025-03-08T02:33:55.887+0700] {dagbag.py:588} INFO - Filling up the DagBag from /home/dataengineer/.pyenv/versions/3.9.21/lib/python3.9/site-packages/airflow/example_dags/example_trigger_controller_dag.py
[2025-03-08T02:33:55.893+0700] {processor.py:925} INFO - DAG(s) 'example_trigger_controller_dag' retrieved from /home/dataengineer/.pyenv/versions/3.9.21/lib/python3.9/site-packages/airflow/example_dags/example_trigger_controller_dag.py
[2025-03-08T02:33:55.906+0700] {logging_mixin.py:190} INFO - [2025-03-08T02:33:55.906+0700] {dag.py:3239} INFO - Sync 1 DAGs
[2025-03-08T02:33:55.940+0700] {logging_mixin.py:190} INFO - [2025-03-08T02:33:55.940+0700] {dag.py:4180} INFO - Setting next_dagrun for example_trigger_controller_dag to 2021-01-01 00:00:00+00:00, run_after=2021-01-01 00:00:00+00:00
[2025-03-08T02:33:55.979+0700] {processor.py:208} INFO - Processing /home/dataengineer/.pyenv/versions/3.9.21/lib/python3.9/site-packages/airflow/example_dags/example_trigger_controller_dag.py took 0.100 seconds
[2025-03-08T02:34:41.159+0700] {processor.py:186} INFO - Started process (PID=70319) to work on /home/dataengineer/.pyenv/versions/3.9.21/lib/python3.9/site-packages/airflow/example_dags/example_trigger_controller_dag.py
[2025-03-08T02:34:41.160+0700] {processor.py:914} INFO - Processing file /home/dataengineer/.pyenv/versions/3.9.21/lib/python3.9/site-packages/airflow/example_dags/example_trigger_controller_dag.py for tasks to queue
[2025-03-08T02:34:41.162+0700] {logging_mixin.py:190} INFO - [2025-03-08T02:34:41.161+0700] {dagbag.py:588} INFO - Filling up the DagBag from /home/dataengineer/.pyenv/versions/3.9.21/lib/python3.9/site-packages/airflow/example_dags/example_trigger_controller_dag.py
[2025-03-08T02:34:41.167+0700] {processor.py:925} INFO - DAG(s) 'example_trigger_controller_dag' retrieved from /home/dataengineer/.pyenv/versions/3.9.21/lib/python3.9/site-packages/airflow/example_dags/example_trigger_controller_dag.py
[2025-03-08T02:34:41.181+0700] {logging_mixin.py:190} INFO - [2025-03-08T02:34:41.181+0700] {dag.py:3239} INFO - Sync 1 DAGs
[2025-03-08T02:34:41.198+0700] {logging_mixin.py:190} INFO - [2025-03-08T02:34:41.198+0700] {dag.py:4180} INFO - Setting next_dagrun for example_trigger_controller_dag to 2021-01-01 00:00:00+00:00, run_after=2021-01-01 00:00:00+00:00
[2025-03-08T02:34:41.217+0700] {processor.py:208} INFO - Processing /home/dataengineer/.pyenv/versions/3.9.21/lib/python3.9/site-packages/airflow/example_dags/example_trigger_controller_dag.py took 0.064 seconds
[2025-03-08T02:35:40.763+0700] {processor.py:186} INFO - Started process (PID=70761) to work on /home/dataengineer/.pyenv/versions/3.9.21/lib/python3.9/site-packages/airflow/example_dags/example_trigger_controller_dag.py
[2025-03-08T02:35:40.765+0700] {processor.py:914} INFO - Processing file /home/dataengineer/.pyenv/versions/3.9.21/lib/python3.9/site-packages/airflow/example_dags/example_trigger_controller_dag.py for tasks to queue
[2025-03-08T02:35:40.767+0700] {logging_mixin.py:190} INFO - [2025-03-08T02:35:40.766+0700] {dagbag.py:588} INFO - Filling up the DagBag from /home/dataengineer/.pyenv/versions/3.9.21/lib/python3.9/site-packages/airflow/example_dags/example_trigger_controller_dag.py
[2025-03-08T02:35:40.774+0700] {processor.py:925} INFO - DAG(s) 'example_trigger_controller_dag' retrieved from /home/dataengineer/.pyenv/versions/3.9.21/lib/python3.9/site-packages/airflow/example_dags/example_trigger_controller_dag.py
[2025-03-08T02:35:40.788+0700] {logging_mixin.py:190} INFO - [2025-03-08T02:35:40.787+0700] {dag.py:3239} INFO - Sync 1 DAGs
[2025-03-08T02:35:40.809+0700] {logging_mixin.py:190} INFO - [2025-03-08T02:35:40.809+0700] {dag.py:4180} INFO - Setting next_dagrun for example_trigger_controller_dag to 2021-01-01 00:00:00+00:00, run_after=2021-01-01 00:00:00+00:00
[2025-03-08T02:35:40.831+0700] {processor.py:208} INFO - Processing /home/dataengineer/.pyenv/versions/3.9.21/lib/python3.9/site-packages/airflow/example_dags/example_trigger_controller_dag.py took 0.074 seconds
[2025-03-08T02:36:43.520+0700] {processor.py:186} INFO - Started process (PID=71210) to work on /home/dataengineer/.pyenv/versions/3.9.21/lib/python3.9/site-packages/airflow/example_dags/example_trigger_controller_dag.py
[2025-03-08T02:36:43.521+0700] {processor.py:914} INFO - Processing file /home/dataengineer/.pyenv/versions/3.9.21/lib/python3.9/site-packages/airflow/example_dags/example_trigger_controller_dag.py for tasks to queue
[2025-03-08T02:36:43.523+0700] {logging_mixin.py:190} INFO - [2025-03-08T02:36:43.523+0700] {dagbag.py:588} INFO - Filling up the DagBag from /home/dataengineer/.pyenv/versions/3.9.21/lib/python3.9/site-packages/airflow/example_dags/example_trigger_controller_dag.py
[2025-03-08T02:36:43.529+0700] {processor.py:925} INFO - DAG(s) 'example_trigger_controller_dag' retrieved from /home/dataengineer/.pyenv/versions/3.9.21/lib/python3.9/site-packages/airflow/example_dags/example_trigger_controller_dag.py
[2025-03-08T02:36:43.542+0700] {logging_mixin.py:190} INFO - [2025-03-08T02:36:43.542+0700] {dag.py:3239} INFO - Sync 1 DAGs
[2025-03-08T02:36:43.560+0700] {logging_mixin.py:190} INFO - [2025-03-08T02:36:43.560+0700] {dag.py:4180} INFO - Setting next_dagrun for example_trigger_controller_dag to 2021-01-01 00:00:00+00:00, run_after=2021-01-01 00:00:00+00:00
[2025-03-08T02:36:43.579+0700] {processor.py:208} INFO - Processing /home/dataengineer/.pyenv/versions/3.9.21/lib/python3.9/site-packages/airflow/example_dags/example_trigger_controller_dag.py took 0.066 seconds
[2025-03-08T02:37:40.739+0700] {processor.py:186} INFO - Started process (PID=71447) to work on /home/dataengineer/.pyenv/versions/3.9.21/lib/python3.9/site-packages/airflow/example_dags/example_trigger_controller_dag.py
[2025-03-08T02:37:40.740+0700] {processor.py:914} INFO - Processing file /home/dataengineer/.pyenv/versions/3.9.21/lib/python3.9/site-packages/airflow/example_dags/example_trigger_controller_dag.py for tasks to queue
[2025-03-08T02:37:40.742+0700] {logging_mixin.py:190} INFO - [2025-03-08T02:37:40.741+0700] {dagbag.py:588} INFO - Filling up the DagBag from /home/dataengineer/.pyenv/versions/3.9.21/lib/python3.9/site-packages/airflow/example_dags/example_trigger_controller_dag.py
[2025-03-08T02:37:40.749+0700] {processor.py:925} INFO - DAG(s) 'example_trigger_controller_dag' retrieved from /home/dataengineer/.pyenv/versions/3.9.21/lib/python3.9/site-packages/airflow/example_dags/example_trigger_controller_dag.py
[2025-03-08T02:37:40.766+0700] {logging_mixin.py:190} INFO - [2025-03-08T02:37:40.766+0700] {dag.py:3239} INFO - Sync 1 DAGs
[2025-03-08T02:37:40.787+0700] {logging_mixin.py:190} INFO - [2025-03-08T02:37:40.787+0700] {dag.py:4180} INFO - Setting next_dagrun for example_trigger_controller_dag to 2021-01-01 00:00:00+00:00, run_after=2021-01-01 00:00:00+00:00
[2025-03-08T02:37:40.811+0700] {processor.py:208} INFO - Processing /home/dataengineer/.pyenv/versions/3.9.21/lib/python3.9/site-packages/airflow/example_dags/example_trigger_controller_dag.py took 0.079 seconds
[2025-03-08T02:38:46.955+0700] {processor.py:186} INFO - Started process (PID=72374) to work on /home/dataengineer/.pyenv/versions/3.9.21/lib/python3.9/site-packages/airflow/example_dags/example_trigger_controller_dag.py
[2025-03-08T02:38:46.957+0700] {processor.py:914} INFO - Processing file /home/dataengineer/.pyenv/versions/3.9.21/lib/python3.9/site-packages/airflow/example_dags/example_trigger_controller_dag.py for tasks to queue
[2025-03-08T02:38:46.961+0700] {logging_mixin.py:190} INFO - [2025-03-08T02:38:46.960+0700] {dagbag.py:588} INFO - Filling up the DagBag from /home/dataengineer/.pyenv/versions/3.9.21/lib/python3.9/site-packages/airflow/example_dags/example_trigger_controller_dag.py
[2025-03-08T02:38:46.970+0700] {processor.py:925} INFO - DAG(s) 'example_trigger_controller_dag' retrieved from /home/dataengineer/.pyenv/versions/3.9.21/lib/python3.9/site-packages/airflow/example_dags/example_trigger_controller_dag.py
[2025-03-08T02:38:46.989+0700] {logging_mixin.py:190} INFO - [2025-03-08T02:38:46.989+0700] {dag.py:3239} INFO - Sync 1 DAGs
[2025-03-08T02:38:47.022+0700] {logging_mixin.py:190} INFO - [2025-03-08T02:38:47.022+0700] {dag.py:4180} INFO - Setting next_dagrun for example_trigger_controller_dag to 2021-01-01 00:00:00+00:00, run_after=2021-01-01 00:00:00+00:00
[2025-03-08T02:38:47.043+0700] {processor.py:208} INFO - Processing /home/dataengineer/.pyenv/versions/3.9.21/lib/python3.9/site-packages/airflow/example_dags/example_trigger_controller_dag.py took 0.094 seconds
