[2025-03-08T00:57:15.854+0700] {processor.py:186} INFO - Started process (PID=36581) to work on /home/dataengineer/.pyenv/versions/3.9.21/lib/python3.9/site-packages/airflow/example_dags/example_branch_datetime_operator.py
[2025-03-08T00:57:15.855+0700] {processor.py:914} INFO - Processing file /home/dataengineer/.pyenv/versions/3.9.21/lib/python3.9/site-packages/airflow/example_dags/example_branch_datetime_operator.py for tasks to queue
[2025-03-08T00:57:15.857+0700] {logging_mixin.py:190} INFO - [2025-03-08T00:57:15.856+0700] {dagbag.py:588} INFO - Filling up the DagBag from /home/dataengineer/.pyenv/versions/3.9.21/lib/python3.9/site-packages/airflow/example_dags/example_branch_datetime_operator.py
[2025-03-08T00:57:15.867+0700] {processor.py:925} INFO - DAG(s) 'example_branch_datetime_operator', 'example_branch_datetime_operator_2', 'example_branch_datetime_operator_3' retrieved from /home/dataengineer/.pyenv/versions/3.9.21/lib/python3.9/site-packages/airflow/example_dags/example_branch_datetime_operator.py
[2025-03-08T00:57:15.887+0700] {logging_mixin.py:190} INFO - [2025-03-08T00:57:15.886+0700] {dag.py:3239} INFO - Sync 3 DAGs
[2025-03-08T00:57:15.905+0700] {logging_mixin.py:190} INFO - [2025-03-08T00:57:15.905+0700] {dag.py:4180} INFO - Setting next_dagrun for example_branch_datetime_operator to 2025-03-06 00:00:00+00:00, run_after=2025-03-07 00:00:00+00:00
[2025-03-08T00:57:15.909+0700] {logging_mixin.py:190} INFO - [2025-03-08T00:57:15.909+0700] {dag.py:4180} INFO - Setting next_dagrun for example_branch_datetime_operator_2 to 2025-03-06 00:00:00+00:00, run_after=2025-03-07 00:00:00+00:00
[2025-03-08T00:57:15.911+0700] {logging_mixin.py:190} INFO - [2025-03-08T00:57:15.911+0700] {dag.py:4180} INFO - Setting next_dagrun for example_branch_datetime_operator_3 to 2025-03-06 00:00:00+00:00, run_after=2025-03-07 00:00:00+00:00
[2025-03-08T00:57:15.932+0700] {processor.py:208} INFO - Processing /home/dataengineer/.pyenv/versions/3.9.21/lib/python3.9/site-packages/airflow/example_dags/example_branch_datetime_operator.py took 0.083 seconds
[2025-03-08T00:58:21.031+0700] {processor.py:186} INFO - Started process (PID=37164) to work on /home/dataengineer/.pyenv/versions/3.9.21/lib/python3.9/site-packages/airflow/example_dags/example_branch_datetime_operator.py
[2025-03-08T00:58:21.032+0700] {processor.py:914} INFO - Processing file /home/dataengineer/.pyenv/versions/3.9.21/lib/python3.9/site-packages/airflow/example_dags/example_branch_datetime_operator.py for tasks to queue
[2025-03-08T00:58:21.034+0700] {logging_mixin.py:190} INFO - [2025-03-08T00:58:21.034+0700] {dagbag.py:588} INFO - Filling up the DagBag from /home/dataengineer/.pyenv/versions/3.9.21/lib/python3.9/site-packages/airflow/example_dags/example_branch_datetime_operator.py
[2025-03-08T00:58:21.047+0700] {processor.py:925} INFO - DAG(s) 'example_branch_datetime_operator', 'example_branch_datetime_operator_3', 'example_branch_datetime_operator_2' retrieved from /home/dataengineer/.pyenv/versions/3.9.21/lib/python3.9/site-packages/airflow/example_dags/example_branch_datetime_operator.py
[2025-03-08T00:58:21.068+0700] {logging_mixin.py:190} INFO - [2025-03-08T00:58:21.068+0700] {dag.py:3239} INFO - Sync 3 DAGs
[2025-03-08T00:58:21.092+0700] {logging_mixin.py:190} INFO - [2025-03-08T00:58:21.092+0700] {dag.py:4180} INFO - Setting next_dagrun for example_branch_datetime_operator to 2025-03-06 00:00:00+00:00, run_after=2025-03-07 00:00:00+00:00
[2025-03-08T00:58:21.097+0700] {logging_mixin.py:190} INFO - [2025-03-08T00:58:21.097+0700] {dag.py:4180} INFO - Setting next_dagrun for example_branch_datetime_operator_2 to 2025-03-06 00:00:00+00:00, run_after=2025-03-07 00:00:00+00:00
[2025-03-08T00:58:21.101+0700] {logging_mixin.py:190} INFO - [2025-03-08T00:58:21.100+0700] {dag.py:4180} INFO - Setting next_dagrun for example_branch_datetime_operator_3 to 2025-03-06 00:00:00+00:00, run_after=2025-03-07 00:00:00+00:00
[2025-03-08T00:58:21.119+0700] {processor.py:208} INFO - Processing /home/dataengineer/.pyenv/versions/3.9.21/lib/python3.9/site-packages/airflow/example_dags/example_branch_datetime_operator.py took 0.094 seconds
[2025-03-08T00:59:22.660+0700] {processor.py:186} INFO - Started process (PID=37593) to work on /home/dataengineer/.pyenv/versions/3.9.21/lib/python3.9/site-packages/airflow/example_dags/example_branch_datetime_operator.py
[2025-03-08T00:59:22.661+0700] {processor.py:914} INFO - Processing file /home/dataengineer/.pyenv/versions/3.9.21/lib/python3.9/site-packages/airflow/example_dags/example_branch_datetime_operator.py for tasks to queue
[2025-03-08T00:59:22.663+0700] {logging_mixin.py:190} INFO - [2025-03-08T00:59:22.662+0700] {dagbag.py:588} INFO - Filling up the DagBag from /home/dataengineer/.pyenv/versions/3.9.21/lib/python3.9/site-packages/airflow/example_dags/example_branch_datetime_operator.py
[2025-03-08T00:59:22.674+0700] {processor.py:925} INFO - DAG(s) 'example_branch_datetime_operator', 'example_branch_datetime_operator_3', 'example_branch_datetime_operator_2' retrieved from /home/dataengineer/.pyenv/versions/3.9.21/lib/python3.9/site-packages/airflow/example_dags/example_branch_datetime_operator.py
[2025-03-08T00:59:22.691+0700] {logging_mixin.py:190} INFO - [2025-03-08T00:59:22.691+0700] {dag.py:3239} INFO - Sync 3 DAGs
[2025-03-08T00:59:22.710+0700] {logging_mixin.py:190} INFO - [2025-03-08T00:59:22.709+0700] {dag.py:4180} INFO - Setting next_dagrun for example_branch_datetime_operator to 2025-03-06 00:00:00+00:00, run_after=2025-03-07 00:00:00+00:00
[2025-03-08T00:59:22.714+0700] {logging_mixin.py:190} INFO - [2025-03-08T00:59:22.713+0700] {dag.py:4180} INFO - Setting next_dagrun for example_branch_datetime_operator_2 to 2025-03-06 00:00:00+00:00, run_after=2025-03-07 00:00:00+00:00
[2025-03-08T00:59:22.716+0700] {logging_mixin.py:190} INFO - [2025-03-08T00:59:22.715+0700] {dag.py:4180} INFO - Setting next_dagrun for example_branch_datetime_operator_3 to 2025-03-06 00:00:00+00:00, run_after=2025-03-07 00:00:00+00:00
[2025-03-08T00:59:22.732+0700] {processor.py:208} INFO - Processing /home/dataengineer/.pyenv/versions/3.9.21/lib/python3.9/site-packages/airflow/example_dags/example_branch_datetime_operator.py took 0.077 seconds
[2025-03-08T01:00:24.342+0700] {processor.py:186} INFO - Started process (PID=38021) to work on /home/dataengineer/.pyenv/versions/3.9.21/lib/python3.9/site-packages/airflow/example_dags/example_branch_datetime_operator.py
[2025-03-08T01:00:24.344+0700] {processor.py:914} INFO - Processing file /home/dataengineer/.pyenv/versions/3.9.21/lib/python3.9/site-packages/airflow/example_dags/example_branch_datetime_operator.py for tasks to queue
[2025-03-08T01:00:24.345+0700] {logging_mixin.py:190} INFO - [2025-03-08T01:00:24.345+0700] {dagbag.py:588} INFO - Filling up the DagBag from /home/dataengineer/.pyenv/versions/3.9.21/lib/python3.9/site-packages/airflow/example_dags/example_branch_datetime_operator.py
[2025-03-08T01:00:24.358+0700] {processor.py:925} INFO - DAG(s) 'example_branch_datetime_operator_2', 'example_branch_datetime_operator', 'example_branch_datetime_operator_3' retrieved from /home/dataengineer/.pyenv/versions/3.9.21/lib/python3.9/site-packages/airflow/example_dags/example_branch_datetime_operator.py
[2025-03-08T01:00:24.376+0700] {logging_mixin.py:190} INFO - [2025-03-08T01:00:24.375+0700] {dag.py:3239} INFO - Sync 3 DAGs
[2025-03-08T01:00:24.396+0700] {logging_mixin.py:190} INFO - [2025-03-08T01:00:24.396+0700] {dag.py:4180} INFO - Setting next_dagrun for example_branch_datetime_operator to 2025-03-06 00:00:00+00:00, run_after=2025-03-07 00:00:00+00:00
[2025-03-08T01:00:24.410+0700] {logging_mixin.py:190} INFO - [2025-03-08T01:00:24.410+0700] {dag.py:4180} INFO - Setting next_dagrun for example_branch_datetime_operator_2 to 2025-03-06 00:00:00+00:00, run_after=2025-03-07 00:00:00+00:00
[2025-03-08T01:00:24.413+0700] {logging_mixin.py:190} INFO - [2025-03-08T01:00:24.413+0700] {dag.py:4180} INFO - Setting next_dagrun for example_branch_datetime_operator_3 to 2025-03-06 00:00:00+00:00, run_after=2025-03-07 00:00:00+00:00
[2025-03-08T01:00:24.448+0700] {processor.py:208} INFO - Processing /home/dataengineer/.pyenv/versions/3.9.21/lib/python3.9/site-packages/airflow/example_dags/example_branch_datetime_operator.py took 0.112 seconds
[2025-03-08T01:01:25.934+0700] {processor.py:186} INFO - Started process (PID=38480) to work on /home/dataengineer/.pyenv/versions/3.9.21/lib/python3.9/site-packages/airflow/example_dags/example_branch_datetime_operator.py
[2025-03-08T01:01:25.935+0700] {processor.py:914} INFO - Processing file /home/dataengineer/.pyenv/versions/3.9.21/lib/python3.9/site-packages/airflow/example_dags/example_branch_datetime_operator.py for tasks to queue
[2025-03-08T01:01:25.937+0700] {logging_mixin.py:190} INFO - [2025-03-08T01:01:25.937+0700] {dagbag.py:588} INFO - Filling up the DagBag from /home/dataengineer/.pyenv/versions/3.9.21/lib/python3.9/site-packages/airflow/example_dags/example_branch_datetime_operator.py
[2025-03-08T01:01:25.949+0700] {processor.py:925} INFO - DAG(s) 'example_branch_datetime_operator_2', 'example_branch_datetime_operator_3', 'example_branch_datetime_operator' retrieved from /home/dataengineer/.pyenv/versions/3.9.21/lib/python3.9/site-packages/airflow/example_dags/example_branch_datetime_operator.py
[2025-03-08T01:01:25.967+0700] {logging_mixin.py:190} INFO - [2025-03-08T01:01:25.966+0700] {dag.py:3239} INFO - Sync 3 DAGs
[2025-03-08T01:01:25.985+0700] {logging_mixin.py:190} INFO - [2025-03-08T01:01:25.985+0700] {dag.py:4180} INFO - Setting next_dagrun for example_branch_datetime_operator to 2025-03-06 00:00:00+00:00, run_after=2025-03-07 00:00:00+00:00
[2025-03-08T01:01:25.989+0700] {logging_mixin.py:190} INFO - [2025-03-08T01:01:25.989+0700] {dag.py:4180} INFO - Setting next_dagrun for example_branch_datetime_operator_2 to 2025-03-06 00:00:00+00:00, run_after=2025-03-07 00:00:00+00:00
[2025-03-08T01:01:25.991+0700] {logging_mixin.py:190} INFO - [2025-03-08T01:01:25.991+0700] {dag.py:4180} INFO - Setting next_dagrun for example_branch_datetime_operator_3 to 2025-03-06 00:00:00+00:00, run_after=2025-03-07 00:00:00+00:00
[2025-03-08T01:01:26.007+0700] {processor.py:208} INFO - Processing /home/dataengineer/.pyenv/versions/3.9.21/lib/python3.9/site-packages/airflow/example_dags/example_branch_datetime_operator.py took 0.079 seconds
[2025-03-08T01:02:26.971+0700] {processor.py:186} INFO - Started process (PID=38985) to work on /home/dataengineer/.pyenv/versions/3.9.21/lib/python3.9/site-packages/airflow/example_dags/example_branch_datetime_operator.py
[2025-03-08T01:02:26.972+0700] {processor.py:914} INFO - Processing file /home/dataengineer/.pyenv/versions/3.9.21/lib/python3.9/site-packages/airflow/example_dags/example_branch_datetime_operator.py for tasks to queue
[2025-03-08T01:02:26.973+0700] {logging_mixin.py:190} INFO - [2025-03-08T01:02:26.973+0700] {dagbag.py:588} INFO - Filling up the DagBag from /home/dataengineer/.pyenv/versions/3.9.21/lib/python3.9/site-packages/airflow/example_dags/example_branch_datetime_operator.py
[2025-03-08T01:02:26.987+0700] {processor.py:925} INFO - DAG(s) 'example_branch_datetime_operator_3', 'example_branch_datetime_operator_2', 'example_branch_datetime_operator' retrieved from /home/dataengineer/.pyenv/versions/3.9.21/lib/python3.9/site-packages/airflow/example_dags/example_branch_datetime_operator.py
[2025-03-08T01:02:27.008+0700] {logging_mixin.py:190} INFO - [2025-03-08T01:02:27.008+0700] {dag.py:3239} INFO - Sync 3 DAGs
[2025-03-08T01:02:27.031+0700] {logging_mixin.py:190} INFO - [2025-03-08T01:02:27.031+0700] {dag.py:4180} INFO - Setting next_dagrun for example_branch_datetime_operator to 2025-03-06 00:00:00+00:00, run_after=2025-03-07 00:00:00+00:00
[2025-03-08T01:02:27.036+0700] {logging_mixin.py:190} INFO - [2025-03-08T01:02:27.036+0700] {dag.py:4180} INFO - Setting next_dagrun for example_branch_datetime_operator_2 to 2025-03-06 00:00:00+00:00, run_after=2025-03-07 00:00:00+00:00
[2025-03-08T01:02:27.039+0700] {logging_mixin.py:190} INFO - [2025-03-08T01:02:27.039+0700] {dag.py:4180} INFO - Setting next_dagrun for example_branch_datetime_operator_3 to 2025-03-06 00:00:00+00:00, run_after=2025-03-07 00:00:00+00:00
[2025-03-08T01:02:27.062+0700] {processor.py:208} INFO - Processing /home/dataengineer/.pyenv/versions/3.9.21/lib/python3.9/site-packages/airflow/example_dags/example_branch_datetime_operator.py took 0.098 seconds
[2025-03-08T01:03:28.442+0700] {processor.py:186} INFO - Started process (PID=39645) to work on /home/dataengineer/.pyenv/versions/3.9.21/lib/python3.9/site-packages/airflow/example_dags/example_branch_datetime_operator.py
[2025-03-08T01:03:28.443+0700] {processor.py:914} INFO - Processing file /home/dataengineer/.pyenv/versions/3.9.21/lib/python3.9/site-packages/airflow/example_dags/example_branch_datetime_operator.py for tasks to queue
[2025-03-08T01:03:28.445+0700] {logging_mixin.py:190} INFO - [2025-03-08T01:03:28.445+0700] {dagbag.py:588} INFO - Filling up the DagBag from /home/dataengineer/.pyenv/versions/3.9.21/lib/python3.9/site-packages/airflow/example_dags/example_branch_datetime_operator.py
[2025-03-08T01:03:28.456+0700] {processor.py:925} INFO - DAG(s) 'example_branch_datetime_operator', 'example_branch_datetime_operator_3', 'example_branch_datetime_operator_2' retrieved from /home/dataengineer/.pyenv/versions/3.9.21/lib/python3.9/site-packages/airflow/example_dags/example_branch_datetime_operator.py
[2025-03-08T01:03:28.478+0700] {logging_mixin.py:190} INFO - [2025-03-08T01:03:28.478+0700] {dag.py:3239} INFO - Sync 3 DAGs
[2025-03-08T01:03:28.500+0700] {logging_mixin.py:190} INFO - [2025-03-08T01:03:28.500+0700] {dag.py:4180} INFO - Setting next_dagrun for example_branch_datetime_operator to 2025-03-06 00:00:00+00:00, run_after=2025-03-07 00:00:00+00:00
[2025-03-08T01:03:28.506+0700] {logging_mixin.py:190} INFO - [2025-03-08T01:03:28.505+0700] {dag.py:4180} INFO - Setting next_dagrun for example_branch_datetime_operator_2 to 2025-03-06 00:00:00+00:00, run_after=2025-03-07 00:00:00+00:00
[2025-03-08T01:03:28.509+0700] {logging_mixin.py:190} INFO - [2025-03-08T01:03:28.508+0700] {dag.py:4180} INFO - Setting next_dagrun for example_branch_datetime_operator_3 to 2025-03-06 00:00:00+00:00, run_after=2025-03-07 00:00:00+00:00
[2025-03-08T01:03:28.529+0700] {processor.py:208} INFO - Processing /home/dataengineer/.pyenv/versions/3.9.21/lib/python3.9/site-packages/airflow/example_dags/example_branch_datetime_operator.py took 0.093 seconds
[2025-03-08T01:04:28.952+0700] {processor.py:186} INFO - Started process (PID=41285) to work on /home/dataengineer/.pyenv/versions/3.9.21/lib/python3.9/site-packages/airflow/example_dags/example_branch_datetime_operator.py
[2025-03-08T01:04:28.953+0700] {processor.py:914} INFO - Processing file /home/dataengineer/.pyenv/versions/3.9.21/lib/python3.9/site-packages/airflow/example_dags/example_branch_datetime_operator.py for tasks to queue
[2025-03-08T01:04:28.955+0700] {logging_mixin.py:190} INFO - [2025-03-08T01:04:28.955+0700] {dagbag.py:588} INFO - Filling up the DagBag from /home/dataengineer/.pyenv/versions/3.9.21/lib/python3.9/site-packages/airflow/example_dags/example_branch_datetime_operator.py
[2025-03-08T01:04:28.969+0700] {processor.py:925} INFO - DAG(s) 'example_branch_datetime_operator_2', 'example_branch_datetime_operator', 'example_branch_datetime_operator_3' retrieved from /home/dataengineer/.pyenv/versions/3.9.21/lib/python3.9/site-packages/airflow/example_dags/example_branch_datetime_operator.py
[2025-03-08T01:04:28.990+0700] {logging_mixin.py:190} INFO - [2025-03-08T01:04:28.990+0700] {dag.py:3239} INFO - Sync 3 DAGs
[2025-03-08T01:04:29.016+0700] {logging_mixin.py:190} INFO - [2025-03-08T01:04:29.016+0700] {dag.py:4180} INFO - Setting next_dagrun for example_branch_datetime_operator to 2025-03-06 00:00:00+00:00, run_after=2025-03-07 00:00:00+00:00
[2025-03-08T01:04:29.024+0700] {logging_mixin.py:190} INFO - [2025-03-08T01:04:29.023+0700] {dag.py:4180} INFO - Setting next_dagrun for example_branch_datetime_operator_2 to 2025-03-06 00:00:00+00:00, run_after=2025-03-07 00:00:00+00:00
[2025-03-08T01:04:29.027+0700] {logging_mixin.py:190} INFO - [2025-03-08T01:04:29.027+0700] {dag.py:4180} INFO - Setting next_dagrun for example_branch_datetime_operator_3 to 2025-03-06 00:00:00+00:00, run_after=2025-03-07 00:00:00+00:00
[2025-03-08T01:04:29.050+0700] {processor.py:208} INFO - Processing /home/dataengineer/.pyenv/versions/3.9.21/lib/python3.9/site-packages/airflow/example_dags/example_branch_datetime_operator.py took 0.104 seconds
[2025-03-08T02:29:49.451+0700] {processor.py:186} INFO - Started process (PID=67766) to work on /home/dataengineer/.pyenv/versions/3.9.21/lib/python3.9/site-packages/airflow/example_dags/example_branch_datetime_operator.py
[2025-03-08T02:29:49.452+0700] {processor.py:914} INFO - Processing file /home/dataengineer/.pyenv/versions/3.9.21/lib/python3.9/site-packages/airflow/example_dags/example_branch_datetime_operator.py for tasks to queue
[2025-03-08T02:29:49.455+0700] {logging_mixin.py:190} INFO - [2025-03-08T02:29:49.454+0700] {dagbag.py:588} INFO - Filling up the DagBag from /home/dataengineer/.pyenv/versions/3.9.21/lib/python3.9/site-packages/airflow/example_dags/example_branch_datetime_operator.py
[2025-03-08T02:29:49.467+0700] {processor.py:925} INFO - DAG(s) 'example_branch_datetime_operator_3', 'example_branch_datetime_operator_2', 'example_branch_datetime_operator' retrieved from /home/dataengineer/.pyenv/versions/3.9.21/lib/python3.9/site-packages/airflow/example_dags/example_branch_datetime_operator.py
[2025-03-08T02:29:49.490+0700] {logging_mixin.py:190} INFO - [2025-03-08T02:29:49.490+0700] {dag.py:3239} INFO - Sync 3 DAGs
[2025-03-08T02:29:49.512+0700] {logging_mixin.py:190} INFO - [2025-03-08T02:29:49.511+0700] {dag.py:4180} INFO - Setting next_dagrun for example_branch_datetime_operator to 2025-03-06 00:00:00+00:00, run_after=2025-03-07 00:00:00+00:00
[2025-03-08T02:29:49.516+0700] {logging_mixin.py:190} INFO - [2025-03-08T02:29:49.516+0700] {dag.py:4180} INFO - Setting next_dagrun for example_branch_datetime_operator_2 to 2025-03-06 00:00:00+00:00, run_after=2025-03-07 00:00:00+00:00
[2025-03-08T02:29:49.519+0700] {logging_mixin.py:190} INFO - [2025-03-08T02:29:49.519+0700] {dag.py:4180} INFO - Setting next_dagrun for example_branch_datetime_operator_3 to 2025-03-06 00:00:00+00:00, run_after=2025-03-07 00:00:00+00:00
[2025-03-08T02:29:49.539+0700] {processor.py:208} INFO - Processing /home/dataengineer/.pyenv/versions/3.9.21/lib/python3.9/site-packages/airflow/example_dags/example_branch_datetime_operator.py took 0.094 seconds
[2025-03-08T02:30:46.036+0700] {processor.py:186} INFO - Started process (PID=68129) to work on /home/dataengineer/.pyenv/versions/3.9.21/lib/python3.9/site-packages/airflow/example_dags/example_branch_datetime_operator.py
[2025-03-08T02:30:46.037+0700] {processor.py:914} INFO - Processing file /home/dataengineer/.pyenv/versions/3.9.21/lib/python3.9/site-packages/airflow/example_dags/example_branch_datetime_operator.py for tasks to queue
[2025-03-08T02:30:46.038+0700] {logging_mixin.py:190} INFO - [2025-03-08T02:30:46.038+0700] {dagbag.py:588} INFO - Filling up the DagBag from /home/dataengineer/.pyenv/versions/3.9.21/lib/python3.9/site-packages/airflow/example_dags/example_branch_datetime_operator.py
[2025-03-08T02:30:46.050+0700] {processor.py:925} INFO - DAG(s) 'example_branch_datetime_operator_3', 'example_branch_datetime_operator', 'example_branch_datetime_operator_2' retrieved from /home/dataengineer/.pyenv/versions/3.9.21/lib/python3.9/site-packages/airflow/example_dags/example_branch_datetime_operator.py
[2025-03-08T02:30:46.068+0700] {logging_mixin.py:190} INFO - [2025-03-08T02:30:46.068+0700] {dag.py:3239} INFO - Sync 3 DAGs
[2025-03-08T02:30:46.087+0700] {logging_mixin.py:190} INFO - [2025-03-08T02:30:46.087+0700] {dag.py:4180} INFO - Setting next_dagrun for example_branch_datetime_operator to 2025-03-06 00:00:00+00:00, run_after=2025-03-07 00:00:00+00:00
[2025-03-08T02:30:46.091+0700] {logging_mixin.py:190} INFO - [2025-03-08T02:30:46.091+0700] {dag.py:4180} INFO - Setting next_dagrun for example_branch_datetime_operator_2 to 2025-03-06 00:00:00+00:00, run_after=2025-03-07 00:00:00+00:00
[2025-03-08T02:30:46.093+0700] {logging_mixin.py:190} INFO - [2025-03-08T02:30:46.093+0700] {dag.py:4180} INFO - Setting next_dagrun for example_branch_datetime_operator_3 to 2025-03-06 00:00:00+00:00, run_after=2025-03-07 00:00:00+00:00
[2025-03-08T02:30:46.109+0700] {processor.py:208} INFO - Processing /home/dataengineer/.pyenv/versions/3.9.21/lib/python3.9/site-packages/airflow/example_dags/example_branch_datetime_operator.py took 0.079 seconds
[2025-03-08T02:31:43.872+0700] {processor.py:186} INFO - Started process (PID=68875) to work on /home/dataengineer/.pyenv/versions/3.9.21/lib/python3.9/site-packages/airflow/example_dags/example_branch_datetime_operator.py
[2025-03-08T02:31:43.874+0700] {processor.py:914} INFO - Processing file /home/dataengineer/.pyenv/versions/3.9.21/lib/python3.9/site-packages/airflow/example_dags/example_branch_datetime_operator.py for tasks to queue
[2025-03-08T02:31:43.876+0700] {logging_mixin.py:190} INFO - [2025-03-08T02:31:43.876+0700] {dagbag.py:588} INFO - Filling up the DagBag from /home/dataengineer/.pyenv/versions/3.9.21/lib/python3.9/site-packages/airflow/example_dags/example_branch_datetime_operator.py
[2025-03-08T02:31:43.896+0700] {processor.py:925} INFO - DAG(s) 'example_branch_datetime_operator', 'example_branch_datetime_operator_2', 'example_branch_datetime_operator_3' retrieved from /home/dataengineer/.pyenv/versions/3.9.21/lib/python3.9/site-packages/airflow/example_dags/example_branch_datetime_operator.py
[2025-03-08T02:31:43.918+0700] {logging_mixin.py:190} INFO - [2025-03-08T02:31:43.918+0700] {dag.py:3239} INFO - Sync 3 DAGs
[2025-03-08T02:31:43.941+0700] {logging_mixin.py:190} INFO - [2025-03-08T02:31:43.940+0700] {dag.py:4180} INFO - Setting next_dagrun for example_branch_datetime_operator to 2025-03-06 00:00:00+00:00, run_after=2025-03-07 00:00:00+00:00
[2025-03-08T02:31:43.945+0700] {logging_mixin.py:190} INFO - [2025-03-08T02:31:43.945+0700] {dag.py:4180} INFO - Setting next_dagrun for example_branch_datetime_operator_2 to 2025-03-06 00:00:00+00:00, run_after=2025-03-07 00:00:00+00:00
[2025-03-08T02:31:43.948+0700] {logging_mixin.py:190} INFO - [2025-03-08T02:31:43.948+0700] {dag.py:4180} INFO - Setting next_dagrun for example_branch_datetime_operator_3 to 2025-03-06 00:00:00+00:00, run_after=2025-03-07 00:00:00+00:00
[2025-03-08T02:31:43.968+0700] {processor.py:208} INFO - Processing /home/dataengineer/.pyenv/versions/3.9.21/lib/python3.9/site-packages/airflow/example_dags/example_branch_datetime_operator.py took 0.104 seconds
[2025-03-08T02:33:05.775+0700] {processor.py:186} INFO - Started process (PID=69228) to work on /home/dataengineer/.pyenv/versions/3.9.21/lib/python3.9/site-packages/airflow/example_dags/example_branch_datetime_operator.py
[2025-03-08T02:33:05.776+0700] {processor.py:914} INFO - Processing file /home/dataengineer/.pyenv/versions/3.9.21/lib/python3.9/site-packages/airflow/example_dags/example_branch_datetime_operator.py for tasks to queue
[2025-03-08T02:33:05.778+0700] {logging_mixin.py:190} INFO - [2025-03-08T02:33:05.777+0700] {dagbag.py:588} INFO - Filling up the DagBag from /home/dataengineer/.pyenv/versions/3.9.21/lib/python3.9/site-packages/airflow/example_dags/example_branch_datetime_operator.py
[2025-03-08T02:33:05.791+0700] {processor.py:925} INFO - DAG(s) 'example_branch_datetime_operator_2', 'example_branch_datetime_operator_3', 'example_branch_datetime_operator' retrieved from /home/dataengineer/.pyenv/versions/3.9.21/lib/python3.9/site-packages/airflow/example_dags/example_branch_datetime_operator.py
[2025-03-08T02:33:05.812+0700] {logging_mixin.py:190} INFO - [2025-03-08T02:33:05.812+0700] {dag.py:3239} INFO - Sync 3 DAGs
[2025-03-08T02:33:05.832+0700] {logging_mixin.py:190} INFO - [2025-03-08T02:33:05.832+0700] {dag.py:4180} INFO - Setting next_dagrun for example_branch_datetime_operator to 2025-03-06 00:00:00+00:00, run_after=2025-03-07 00:00:00+00:00
[2025-03-08T02:33:05.836+0700] {logging_mixin.py:190} INFO - [2025-03-08T02:33:05.836+0700] {dag.py:4180} INFO - Setting next_dagrun for example_branch_datetime_operator_2 to 2025-03-06 00:00:00+00:00, run_after=2025-03-07 00:00:00+00:00
[2025-03-08T02:33:05.838+0700] {logging_mixin.py:190} INFO - [2025-03-08T02:33:05.838+0700] {dag.py:4180} INFO - Setting next_dagrun for example_branch_datetime_operator_3 to 2025-03-06 00:00:00+00:00, run_after=2025-03-07 00:00:00+00:00
[2025-03-08T02:33:05.855+0700] {processor.py:208} INFO - Processing /home/dataengineer/.pyenv/versions/3.9.21/lib/python3.9/site-packages/airflow/example_dags/example_branch_datetime_operator.py took 0.086 seconds
[2025-03-08T02:34:01.461+0700] {processor.py:186} INFO - Started process (PID=69565) to work on /home/dataengineer/.pyenv/versions/3.9.21/lib/python3.9/site-packages/airflow/example_dags/example_branch_datetime_operator.py
[2025-03-08T02:34:01.462+0700] {processor.py:914} INFO - Processing file /home/dataengineer/.pyenv/versions/3.9.21/lib/python3.9/site-packages/airflow/example_dags/example_branch_datetime_operator.py for tasks to queue
[2025-03-08T02:34:01.463+0700] {logging_mixin.py:190} INFO - [2025-03-08T02:34:01.463+0700] {dagbag.py:588} INFO - Filling up the DagBag from /home/dataengineer/.pyenv/versions/3.9.21/lib/python3.9/site-packages/airflow/example_dags/example_branch_datetime_operator.py
[2025-03-08T02:34:01.475+0700] {processor.py:925} INFO - DAG(s) 'example_branch_datetime_operator_3', 'example_branch_datetime_operator_2', 'example_branch_datetime_operator' retrieved from /home/dataengineer/.pyenv/versions/3.9.21/lib/python3.9/site-packages/airflow/example_dags/example_branch_datetime_operator.py
[2025-03-08T02:34:01.493+0700] {logging_mixin.py:190} INFO - [2025-03-08T02:34:01.492+0700] {dag.py:3239} INFO - Sync 3 DAGs
[2025-03-08T02:34:01.512+0700] {logging_mixin.py:190} INFO - [2025-03-08T02:34:01.511+0700] {dag.py:4180} INFO - Setting next_dagrun for example_branch_datetime_operator to 2025-03-06 00:00:00+00:00, run_after=2025-03-07 00:00:00+00:00
[2025-03-08T02:34:01.516+0700] {logging_mixin.py:190} INFO - [2025-03-08T02:34:01.516+0700] {dag.py:4180} INFO - Setting next_dagrun for example_branch_datetime_operator_2 to 2025-03-06 00:00:00+00:00, run_after=2025-03-07 00:00:00+00:00
[2025-03-08T02:34:01.518+0700] {logging_mixin.py:190} INFO - [2025-03-08T02:34:01.518+0700] {dag.py:4180} INFO - Setting next_dagrun for example_branch_datetime_operator_3 to 2025-03-06 00:00:00+00:00, run_after=2025-03-07 00:00:00+00:00
[2025-03-08T02:34:01.534+0700] {processor.py:208} INFO - Processing /home/dataengineer/.pyenv/versions/3.9.21/lib/python3.9/site-packages/airflow/example_dags/example_branch_datetime_operator.py took 0.079 seconds
[2025-03-08T02:35:12.451+0700] {processor.py:186} INFO - Started process (PID=70464) to work on /home/dataengineer/.pyenv/versions/3.9.21/lib/python3.9/site-packages/airflow/example_dags/example_branch_datetime_operator.py
[2025-03-08T02:35:12.453+0700] {processor.py:914} INFO - Processing file /home/dataengineer/.pyenv/versions/3.9.21/lib/python3.9/site-packages/airflow/example_dags/example_branch_datetime_operator.py for tasks to queue
[2025-03-08T02:35:12.455+0700] {logging_mixin.py:190} INFO - [2025-03-08T02:35:12.454+0700] {dagbag.py:588} INFO - Filling up the DagBag from /home/dataengineer/.pyenv/versions/3.9.21/lib/python3.9/site-packages/airflow/example_dags/example_branch_datetime_operator.py
[2025-03-08T02:35:12.466+0700] {processor.py:925} INFO - DAG(s) 'example_branch_datetime_operator_3', 'example_branch_datetime_operator', 'example_branch_datetime_operator_2' retrieved from /home/dataengineer/.pyenv/versions/3.9.21/lib/python3.9/site-packages/airflow/example_dags/example_branch_datetime_operator.py
[2025-03-08T02:35:12.486+0700] {logging_mixin.py:190} INFO - [2025-03-08T02:35:12.486+0700] {dag.py:3239} INFO - Sync 3 DAGs
[2025-03-08T02:35:12.505+0700] {logging_mixin.py:190} INFO - [2025-03-08T02:35:12.505+0700] {dag.py:4180} INFO - Setting next_dagrun for example_branch_datetime_operator to 2025-03-06 00:00:00+00:00, run_after=2025-03-07 00:00:00+00:00
[2025-03-08T02:35:12.509+0700] {logging_mixin.py:190} INFO - [2025-03-08T02:35:12.509+0700] {dag.py:4180} INFO - Setting next_dagrun for example_branch_datetime_operator_2 to 2025-03-06 00:00:00+00:00, run_after=2025-03-07 00:00:00+00:00
[2025-03-08T02:35:12.511+0700] {logging_mixin.py:190} INFO - [2025-03-08T02:35:12.511+0700] {dag.py:4180} INFO - Setting next_dagrun for example_branch_datetime_operator_3 to 2025-03-06 00:00:00+00:00, run_after=2025-03-07 00:00:00+00:00
[2025-03-08T02:35:12.529+0700] {processor.py:208} INFO - Processing /home/dataengineer/.pyenv/versions/3.9.21/lib/python3.9/site-packages/airflow/example_dags/example_branch_datetime_operator.py took 0.083 seconds
[2025-03-08T02:36:13.118+0700] {processor.py:186} INFO - Started process (PID=70895) to work on /home/dataengineer/.pyenv/versions/3.9.21/lib/python3.9/site-packages/airflow/example_dags/example_branch_datetime_operator.py
[2025-03-08T02:36:13.120+0700] {processor.py:914} INFO - Processing file /home/dataengineer/.pyenv/versions/3.9.21/lib/python3.9/site-packages/airflow/example_dags/example_branch_datetime_operator.py for tasks to queue
[2025-03-08T02:36:13.121+0700] {logging_mixin.py:190} INFO - [2025-03-08T02:36:13.121+0700] {dagbag.py:588} INFO - Filling up the DagBag from /home/dataengineer/.pyenv/versions/3.9.21/lib/python3.9/site-packages/airflow/example_dags/example_branch_datetime_operator.py
[2025-03-08T02:36:13.133+0700] {processor.py:925} INFO - DAG(s) 'example_branch_datetime_operator_2', 'example_branch_datetime_operator', 'example_branch_datetime_operator_3' retrieved from /home/dataengineer/.pyenv/versions/3.9.21/lib/python3.9/site-packages/airflow/example_dags/example_branch_datetime_operator.py
[2025-03-08T02:36:13.151+0700] {logging_mixin.py:190} INFO - [2025-03-08T02:36:13.150+0700] {dag.py:3239} INFO - Sync 3 DAGs
[2025-03-08T02:36:13.169+0700] {logging_mixin.py:190} INFO - [2025-03-08T02:36:13.168+0700] {dag.py:4180} INFO - Setting next_dagrun for example_branch_datetime_operator to 2025-03-06 00:00:00+00:00, run_after=2025-03-07 00:00:00+00:00
[2025-03-08T02:36:13.173+0700] {logging_mixin.py:190} INFO - [2025-03-08T02:36:13.172+0700] {dag.py:4180} INFO - Setting next_dagrun for example_branch_datetime_operator_2 to 2025-03-06 00:00:00+00:00, run_after=2025-03-07 00:00:00+00:00
[2025-03-08T02:36:13.175+0700] {logging_mixin.py:190} INFO - [2025-03-08T02:36:13.174+0700] {dag.py:4180} INFO - Setting next_dagrun for example_branch_datetime_operator_3 to 2025-03-06 00:00:00+00:00, run_after=2025-03-07 00:00:00+00:00
[2025-03-08T02:36:13.190+0700] {processor.py:208} INFO - Processing /home/dataengineer/.pyenv/versions/3.9.21/lib/python3.9/site-packages/airflow/example_dags/example_branch_datetime_operator.py took 0.078 seconds
[2025-03-08T02:37:14.676+0700] {processor.py:186} INFO - Started process (PID=71343) to work on /home/dataengineer/.pyenv/versions/3.9.21/lib/python3.9/site-packages/airflow/example_dags/example_branch_datetime_operator.py
[2025-03-08T02:37:14.677+0700] {processor.py:914} INFO - Processing file /home/dataengineer/.pyenv/versions/3.9.21/lib/python3.9/site-packages/airflow/example_dags/example_branch_datetime_operator.py for tasks to queue
[2025-03-08T02:37:14.679+0700] {logging_mixin.py:190} INFO - [2025-03-08T02:37:14.678+0700] {dagbag.py:588} INFO - Filling up the DagBag from /home/dataengineer/.pyenv/versions/3.9.21/lib/python3.9/site-packages/airflow/example_dags/example_branch_datetime_operator.py
[2025-03-08T02:37:14.691+0700] {processor.py:925} INFO - DAG(s) 'example_branch_datetime_operator_3', 'example_branch_datetime_operator', 'example_branch_datetime_operator_2' retrieved from /home/dataengineer/.pyenv/versions/3.9.21/lib/python3.9/site-packages/airflow/example_dags/example_branch_datetime_operator.py
[2025-03-08T02:37:14.710+0700] {logging_mixin.py:190} INFO - [2025-03-08T02:37:14.710+0700] {dag.py:3239} INFO - Sync 3 DAGs
[2025-03-08T02:37:14.730+0700] {logging_mixin.py:190} INFO - [2025-03-08T02:37:14.730+0700] {dag.py:4180} INFO - Setting next_dagrun for example_branch_datetime_operator to 2025-03-06 00:00:00+00:00, run_after=2025-03-07 00:00:00+00:00
[2025-03-08T02:37:14.734+0700] {logging_mixin.py:190} INFO - [2025-03-08T02:37:14.734+0700] {dag.py:4180} INFO - Setting next_dagrun for example_branch_datetime_operator_2 to 2025-03-06 00:00:00+00:00, run_after=2025-03-07 00:00:00+00:00
[2025-03-08T02:37:14.737+0700] {logging_mixin.py:190} INFO - [2025-03-08T02:37:14.736+0700] {dag.py:4180} INFO - Setting next_dagrun for example_branch_datetime_operator_3 to 2025-03-06 00:00:00+00:00, run_after=2025-03-07 00:00:00+00:00
[2025-03-08T02:37:14.755+0700] {processor.py:208} INFO - Processing /home/dataengineer/.pyenv/versions/3.9.21/lib/python3.9/site-packages/airflow/example_dags/example_branch_datetime_operator.py took 0.085 seconds
[2025-03-08T02:39:20.148+0700] {processor.py:186} INFO - Started process (PID=72524) to work on /home/dataengineer/.pyenv/versions/3.9.21/lib/python3.9/site-packages/airflow/example_dags/example_branch_datetime_operator.py
[2025-03-08T02:39:20.149+0700] {processor.py:914} INFO - Processing file /home/dataengineer/.pyenv/versions/3.9.21/lib/python3.9/site-packages/airflow/example_dags/example_branch_datetime_operator.py for tasks to queue
[2025-03-08T02:39:20.151+0700] {logging_mixin.py:190} INFO - [2025-03-08T02:39:20.151+0700] {dagbag.py:588} INFO - Filling up the DagBag from /home/dataengineer/.pyenv/versions/3.9.21/lib/python3.9/site-packages/airflow/example_dags/example_branch_datetime_operator.py
[2025-03-08T02:39:20.164+0700] {processor.py:925} INFO - DAG(s) 'example_branch_datetime_operator_2', 'example_branch_datetime_operator_3', 'example_branch_datetime_operator' retrieved from /home/dataengineer/.pyenv/versions/3.9.21/lib/python3.9/site-packages/airflow/example_dags/example_branch_datetime_operator.py
[2025-03-08T02:39:20.186+0700] {logging_mixin.py:190} INFO - [2025-03-08T02:39:20.186+0700] {dag.py:3239} INFO - Sync 3 DAGs
[2025-03-08T02:39:20.209+0700] {logging_mixin.py:190} INFO - [2025-03-08T02:39:20.209+0700] {dag.py:4180} INFO - Setting next_dagrun for example_branch_datetime_operator to 2025-03-06 00:00:00+00:00, run_after=2025-03-07 00:00:00+00:00
[2025-03-08T02:39:20.214+0700] {logging_mixin.py:190} INFO - [2025-03-08T02:39:20.214+0700] {dag.py:4180} INFO - Setting next_dagrun for example_branch_datetime_operator_2 to 2025-03-06 00:00:00+00:00, run_after=2025-03-07 00:00:00+00:00
[2025-03-08T02:39:20.217+0700] {logging_mixin.py:190} INFO - [2025-03-08T02:39:20.217+0700] {dag.py:4180} INFO - Setting next_dagrun for example_branch_datetime_operator_3 to 2025-03-06 00:00:00+00:00, run_after=2025-03-07 00:00:00+00:00
[2025-03-08T02:39:20.236+0700] {processor.py:208} INFO - Processing /home/dataengineer/.pyenv/versions/3.9.21/lib/python3.9/site-packages/airflow/example_dags/example_branch_datetime_operator.py took 0.094 seconds
