[2025-03-08T00:56:57.599+0700] {processor.py:186} INFO - Started process (PID=36432) to work on /home/dataengineer/.pyenv/versions/3.9.21/lib/python3.9/site-packages/airflow/example_dags/example_kubernetes_executor.py
[2025-03-08T00:56:57.600+0700] {processor.py:914} INFO - Processing file /home/dataengineer/.pyenv/versions/3.9.21/lib/python3.9/site-packages/airflow/example_dags/example_kubernetes_executor.py for tasks to queue
[2025-03-08T00:56:57.602+0700] {logging_mixin.py:190} INFO - [2025-03-08T00:56:57.601+0700] {dagbag.py:588} INFO - Filling up the DagBag from /home/dataengineer/.pyenv/versions/3.9.21/lib/python3.9/site-packages/airflow/example_dags/example_kubernetes_executor.py
[2025-03-08T00:56:57.604+0700] {logging_mixin.py:190} INFO - [2025-03-08T00:56:57.604+0700] {example_kubernetes_executor.py:39} WARNING - The example_kubernetes_executor example DAG requires the kubernetes provider. Please install it with: pip install apache-airflow[cncf.kubernetes]
[2025-03-08T00:56:57.605+0700] {processor.py:927} WARNING - No viable dags retrieved from /home/dataengineer/.pyenv/versions/3.9.21/lib/python3.9/site-packages/airflow/example_dags/example_kubernetes_executor.py
[2025-03-08T00:56:57.613+0700] {processor.py:208} INFO - Processing /home/dataengineer/.pyenv/versions/3.9.21/lib/python3.9/site-packages/airflow/example_dags/example_kubernetes_executor.py took 0.020 seconds
[2025-03-08T00:58:00.847+0700] {processor.py:186} INFO - Started process (PID=37083) to work on /home/dataengineer/.pyenv/versions/3.9.21/lib/python3.9/site-packages/airflow/example_dags/example_kubernetes_executor.py
[2025-03-08T00:58:00.848+0700] {processor.py:914} INFO - Processing file /home/dataengineer/.pyenv/versions/3.9.21/lib/python3.9/site-packages/airflow/example_dags/example_kubernetes_executor.py for tasks to queue
[2025-03-08T00:58:00.850+0700] {logging_mixin.py:190} INFO - [2025-03-08T00:58:00.850+0700] {dagbag.py:588} INFO - Filling up the DagBag from /home/dataengineer/.pyenv/versions/3.9.21/lib/python3.9/site-packages/airflow/example_dags/example_kubernetes_executor.py
[2025-03-08T00:58:00.853+0700] {logging_mixin.py:190} INFO - [2025-03-08T00:58:00.853+0700] {example_kubernetes_executor.py:39} WARNING - The example_kubernetes_executor example DAG requires the kubernetes provider. Please install it with: pip install apache-airflow[cncf.kubernetes]
[2025-03-08T00:58:00.853+0700] {processor.py:927} WARNING - No viable dags retrieved from /home/dataengineer/.pyenv/versions/3.9.21/lib/python3.9/site-packages/airflow/example_dags/example_kubernetes_executor.py
[2025-03-08T00:58:00.863+0700] {processor.py:208} INFO - Processing /home/dataengineer/.pyenv/versions/3.9.21/lib/python3.9/site-packages/airflow/example_dags/example_kubernetes_executor.py took 0.022 seconds
[2025-03-08T00:59:02.469+0700] {processor.py:186} INFO - Started process (PID=37512) to work on /home/dataengineer/.pyenv/versions/3.9.21/lib/python3.9/site-packages/airflow/example_dags/example_kubernetes_executor.py
[2025-03-08T00:59:02.470+0700] {processor.py:914} INFO - Processing file /home/dataengineer/.pyenv/versions/3.9.21/lib/python3.9/site-packages/airflow/example_dags/example_kubernetes_executor.py for tasks to queue
[2025-03-08T00:59:02.472+0700] {logging_mixin.py:190} INFO - [2025-03-08T00:59:02.472+0700] {dagbag.py:588} INFO - Filling up the DagBag from /home/dataengineer/.pyenv/versions/3.9.21/lib/python3.9/site-packages/airflow/example_dags/example_kubernetes_executor.py
[2025-03-08T00:59:02.474+0700] {logging_mixin.py:190} INFO - [2025-03-08T00:59:02.474+0700] {example_kubernetes_executor.py:39} WARNING - The example_kubernetes_executor example DAG requires the kubernetes provider. Please install it with: pip install apache-airflow[cncf.kubernetes]
[2025-03-08T00:59:02.475+0700] {processor.py:927} WARNING - No viable dags retrieved from /home/dataengineer/.pyenv/versions/3.9.21/lib/python3.9/site-packages/airflow/example_dags/example_kubernetes_executor.py
[2025-03-08T00:59:02.482+0700] {processor.py:208} INFO - Processing /home/dataengineer/.pyenv/versions/3.9.21/lib/python3.9/site-packages/airflow/example_dags/example_kubernetes_executor.py took 0.019 seconds
[2025-03-08T01:00:04.148+0700] {processor.py:186} INFO - Started process (PID=37939) to work on /home/dataengineer/.pyenv/versions/3.9.21/lib/python3.9/site-packages/airflow/example_dags/example_kubernetes_executor.py
[2025-03-08T01:00:04.149+0700] {processor.py:914} INFO - Processing file /home/dataengineer/.pyenv/versions/3.9.21/lib/python3.9/site-packages/airflow/example_dags/example_kubernetes_executor.py for tasks to queue
[2025-03-08T01:00:04.152+0700] {logging_mixin.py:190} INFO - [2025-03-08T01:00:04.151+0700] {dagbag.py:588} INFO - Filling up the DagBag from /home/dataengineer/.pyenv/versions/3.9.21/lib/python3.9/site-packages/airflow/example_dags/example_kubernetes_executor.py
[2025-03-08T01:00:04.154+0700] {logging_mixin.py:190} INFO - [2025-03-08T01:00:04.154+0700] {example_kubernetes_executor.py:39} WARNING - The example_kubernetes_executor example DAG requires the kubernetes provider. Please install it with: pip install apache-airflow[cncf.kubernetes]
[2025-03-08T01:00:04.155+0700] {processor.py:927} WARNING - No viable dags retrieved from /home/dataengineer/.pyenv/versions/3.9.21/lib/python3.9/site-packages/airflow/example_dags/example_kubernetes_executor.py
[2025-03-08T01:00:04.163+0700] {processor.py:208} INFO - Processing /home/dataengineer/.pyenv/versions/3.9.21/lib/python3.9/site-packages/airflow/example_dags/example_kubernetes_executor.py took 0.021 seconds
[2025-03-08T01:01:05.664+0700] {processor.py:186} INFO - Started process (PID=38371) to work on /home/dataengineer/.pyenv/versions/3.9.21/lib/python3.9/site-packages/airflow/example_dags/example_kubernetes_executor.py
[2025-03-08T01:01:05.665+0700] {processor.py:914} INFO - Processing file /home/dataengineer/.pyenv/versions/3.9.21/lib/python3.9/site-packages/airflow/example_dags/example_kubernetes_executor.py for tasks to queue
[2025-03-08T01:01:05.667+0700] {logging_mixin.py:190} INFO - [2025-03-08T01:01:05.667+0700] {dagbag.py:588} INFO - Filling up the DagBag from /home/dataengineer/.pyenv/versions/3.9.21/lib/python3.9/site-packages/airflow/example_dags/example_kubernetes_executor.py
[2025-03-08T01:01:05.670+0700] {logging_mixin.py:190} INFO - [2025-03-08T01:01:05.670+0700] {example_kubernetes_executor.py:39} WARNING - The example_kubernetes_executor example DAG requires the kubernetes provider. Please install it with: pip install apache-airflow[cncf.kubernetes]
[2025-03-08T01:01:05.670+0700] {processor.py:927} WARNING - No viable dags retrieved from /home/dataengineer/.pyenv/versions/3.9.21/lib/python3.9/site-packages/airflow/example_dags/example_kubernetes_executor.py
[2025-03-08T01:01:05.679+0700] {processor.py:208} INFO - Processing /home/dataengineer/.pyenv/versions/3.9.21/lib/python3.9/site-packages/airflow/example_dags/example_kubernetes_executor.py took 0.021 seconds
[2025-03-08T01:02:07.443+0700] {processor.py:186} INFO - Started process (PID=38877) to work on /home/dataengineer/.pyenv/versions/3.9.21/lib/python3.9/site-packages/airflow/example_dags/example_kubernetes_executor.py
[2025-03-08T01:02:07.445+0700] {processor.py:914} INFO - Processing file /home/dataengineer/.pyenv/versions/3.9.21/lib/python3.9/site-packages/airflow/example_dags/example_kubernetes_executor.py for tasks to queue
[2025-03-08T01:02:07.447+0700] {logging_mixin.py:190} INFO - [2025-03-08T01:02:07.447+0700] {dagbag.py:588} INFO - Filling up the DagBag from /home/dataengineer/.pyenv/versions/3.9.21/lib/python3.9/site-packages/airflow/example_dags/example_kubernetes_executor.py
[2025-03-08T01:02:07.451+0700] {logging_mixin.py:190} INFO - [2025-03-08T01:02:07.450+0700] {example_kubernetes_executor.py:39} WARNING - The example_kubernetes_executor example DAG requires the kubernetes provider. Please install it with: pip install apache-airflow[cncf.kubernetes]
[2025-03-08T01:02:07.452+0700] {processor.py:927} WARNING - No viable dags retrieved from /home/dataengineer/.pyenv/versions/3.9.21/lib/python3.9/site-packages/airflow/example_dags/example_kubernetes_executor.py
[2025-03-08T01:02:07.462+0700] {processor.py:208} INFO - Processing /home/dataengineer/.pyenv/versions/3.9.21/lib/python3.9/site-packages/airflow/example_dags/example_kubernetes_executor.py took 0.026 seconds
[2025-03-08T01:03:09.080+0700] {processor.py:186} INFO - Started process (PID=39429) to work on /home/dataengineer/.pyenv/versions/3.9.21/lib/python3.9/site-packages/airflow/example_dags/example_kubernetes_executor.py
[2025-03-08T01:03:09.081+0700] {processor.py:914} INFO - Processing file /home/dataengineer/.pyenv/versions/3.9.21/lib/python3.9/site-packages/airflow/example_dags/example_kubernetes_executor.py for tasks to queue
[2025-03-08T01:03:09.083+0700] {logging_mixin.py:190} INFO - [2025-03-08T01:03:09.083+0700] {dagbag.py:588} INFO - Filling up the DagBag from /home/dataengineer/.pyenv/versions/3.9.21/lib/python3.9/site-packages/airflow/example_dags/example_kubernetes_executor.py
[2025-03-08T01:03:09.085+0700] {logging_mixin.py:190} INFO - [2025-03-08T01:03:09.085+0700] {example_kubernetes_executor.py:39} WARNING - The example_kubernetes_executor example DAG requires the kubernetes provider. Please install it with: pip install apache-airflow[cncf.kubernetes]
[2025-03-08T01:03:09.086+0700] {processor.py:927} WARNING - No viable dags retrieved from /home/dataengineer/.pyenv/versions/3.9.21/lib/python3.9/site-packages/airflow/example_dags/example_kubernetes_executor.py
[2025-03-08T01:03:09.094+0700] {processor.py:208} INFO - Processing /home/dataengineer/.pyenv/versions/3.9.21/lib/python3.9/site-packages/airflow/example_dags/example_kubernetes_executor.py took 0.019 seconds
[2025-03-08T01:04:09.609+0700] {processor.py:186} INFO - Started process (PID=41078) to work on /home/dataengineer/.pyenv/versions/3.9.21/lib/python3.9/site-packages/airflow/example_dags/example_kubernetes_executor.py
[2025-03-08T01:04:09.610+0700] {processor.py:914} INFO - Processing file /home/dataengineer/.pyenv/versions/3.9.21/lib/python3.9/site-packages/airflow/example_dags/example_kubernetes_executor.py for tasks to queue
[2025-03-08T01:04:09.612+0700] {logging_mixin.py:190} INFO - [2025-03-08T01:04:09.612+0700] {dagbag.py:588} INFO - Filling up the DagBag from /home/dataengineer/.pyenv/versions/3.9.21/lib/python3.9/site-packages/airflow/example_dags/example_kubernetes_executor.py
[2025-03-08T01:04:09.615+0700] {logging_mixin.py:190} INFO - [2025-03-08T01:04:09.615+0700] {example_kubernetes_executor.py:39} WARNING - The example_kubernetes_executor example DAG requires the kubernetes provider. Please install it with: pip install apache-airflow[cncf.kubernetes]
[2025-03-08T01:04:09.615+0700] {processor.py:927} WARNING - No viable dags retrieved from /home/dataengineer/.pyenv/versions/3.9.21/lib/python3.9/site-packages/airflow/example_dags/example_kubernetes_executor.py
[2025-03-08T01:04:09.624+0700] {processor.py:208} INFO - Processing /home/dataengineer/.pyenv/versions/3.9.21/lib/python3.9/site-packages/airflow/example_dags/example_kubernetes_executor.py took 0.021 seconds
[2025-03-08T01:05:10.139+0700] {processor.py:186} INFO - Started process (PID=42597) to work on /home/dataengineer/.pyenv/versions/3.9.21/lib/python3.9/site-packages/airflow/example_dags/example_kubernetes_executor.py
[2025-03-08T01:05:10.140+0700] {processor.py:914} INFO - Processing file /home/dataengineer/.pyenv/versions/3.9.21/lib/python3.9/site-packages/airflow/example_dags/example_kubernetes_executor.py for tasks to queue
[2025-03-08T01:05:10.142+0700] {logging_mixin.py:190} INFO - [2025-03-08T01:05:10.142+0700] {dagbag.py:588} INFO - Filling up the DagBag from /home/dataengineer/.pyenv/versions/3.9.21/lib/python3.9/site-packages/airflow/example_dags/example_kubernetes_executor.py
[2025-03-08T01:05:10.145+0700] {logging_mixin.py:190} INFO - [2025-03-08T01:05:10.144+0700] {example_kubernetes_executor.py:39} WARNING - The example_kubernetes_executor example DAG requires the kubernetes provider. Please install it with: pip install apache-airflow[cncf.kubernetes]
[2025-03-08T01:05:10.145+0700] {processor.py:927} WARNING - No viable dags retrieved from /home/dataengineer/.pyenv/versions/3.9.21/lib/python3.9/site-packages/airflow/example_dags/example_kubernetes_executor.py
[2025-03-08T01:05:10.153+0700] {processor.py:208} INFO - Processing /home/dataengineer/.pyenv/versions/3.9.21/lib/python3.9/site-packages/airflow/example_dags/example_kubernetes_executor.py took 0.019 seconds
[2025-03-08T02:29:29.165+0700] {processor.py:186} INFO - Started process (PID=67550) to work on /home/dataengineer/.pyenv/versions/3.9.21/lib/python3.9/site-packages/airflow/example_dags/example_kubernetes_executor.py
[2025-03-08T02:29:29.166+0700] {processor.py:914} INFO - Processing file /home/dataengineer/.pyenv/versions/3.9.21/lib/python3.9/site-packages/airflow/example_dags/example_kubernetes_executor.py for tasks to queue
[2025-03-08T02:29:29.168+0700] {logging_mixin.py:190} INFO - [2025-03-08T02:29:29.167+0700] {dagbag.py:588} INFO - Filling up the DagBag from /home/dataengineer/.pyenv/versions/3.9.21/lib/python3.9/site-packages/airflow/example_dags/example_kubernetes_executor.py
[2025-03-08T02:29:29.170+0700] {logging_mixin.py:190} INFO - [2025-03-08T02:29:29.170+0700] {example_kubernetes_executor.py:39} WARNING - The example_kubernetes_executor example DAG requires the kubernetes provider. Please install it with: pip install apache-airflow[cncf.kubernetes]
[2025-03-08T02:29:29.170+0700] {processor.py:927} WARNING - No viable dags retrieved from /home/dataengineer/.pyenv/versions/3.9.21/lib/python3.9/site-packages/airflow/example_dags/example_kubernetes_executor.py
[2025-03-08T02:29:29.178+0700] {processor.py:208} INFO - Processing /home/dataengineer/.pyenv/versions/3.9.21/lib/python3.9/site-packages/airflow/example_dags/example_kubernetes_executor.py took 0.018 seconds
[2025-03-08T02:30:26.666+0700] {processor.py:186} INFO - Started process (PID=68025) to work on /home/dataengineer/.pyenv/versions/3.9.21/lib/python3.9/site-packages/airflow/example_dags/example_kubernetes_executor.py
[2025-03-08T02:30:26.667+0700] {processor.py:914} INFO - Processing file /home/dataengineer/.pyenv/versions/3.9.21/lib/python3.9/site-packages/airflow/example_dags/example_kubernetes_executor.py for tasks to queue
[2025-03-08T02:30:26.668+0700] {logging_mixin.py:190} INFO - [2025-03-08T02:30:26.668+0700] {dagbag.py:588} INFO - Filling up the DagBag from /home/dataengineer/.pyenv/versions/3.9.21/lib/python3.9/site-packages/airflow/example_dags/example_kubernetes_executor.py
[2025-03-08T02:30:26.671+0700] {logging_mixin.py:190} INFO - [2025-03-08T02:30:26.671+0700] {example_kubernetes_executor.py:39} WARNING - The example_kubernetes_executor example DAG requires the kubernetes provider. Please install it with: pip install apache-airflow[cncf.kubernetes]
[2025-03-08T02:30:26.672+0700] {processor.py:927} WARNING - No viable dags retrieved from /home/dataengineer/.pyenv/versions/3.9.21/lib/python3.9/site-packages/airflow/example_dags/example_kubernetes_executor.py
[2025-03-08T02:30:26.680+0700] {processor.py:208} INFO - Processing /home/dataengineer/.pyenv/versions/3.9.21/lib/python3.9/site-packages/airflow/example_dags/example_kubernetes_executor.py took 0.019 seconds
[2025-03-08T02:31:23.217+0700] {processor.py:186} INFO - Started process (PID=68489) to work on /home/dataengineer/.pyenv/versions/3.9.21/lib/python3.9/site-packages/airflow/example_dags/example_kubernetes_executor.py
[2025-03-08T02:31:23.218+0700] {processor.py:914} INFO - Processing file /home/dataengineer/.pyenv/versions/3.9.21/lib/python3.9/site-packages/airflow/example_dags/example_kubernetes_executor.py for tasks to queue
[2025-03-08T02:31:23.221+0700] {logging_mixin.py:190} INFO - [2025-03-08T02:31:23.220+0700] {dagbag.py:588} INFO - Filling up the DagBag from /home/dataengineer/.pyenv/versions/3.9.21/lib/python3.9/site-packages/airflow/example_dags/example_kubernetes_executor.py
[2025-03-08T02:31:23.224+0700] {logging_mixin.py:190} INFO - [2025-03-08T02:31:23.224+0700] {example_kubernetes_executor.py:39} WARNING - The example_kubernetes_executor example DAG requires the kubernetes provider. Please install it with: pip install apache-airflow[cncf.kubernetes]
[2025-03-08T02:31:23.225+0700] {processor.py:927} WARNING - No viable dags retrieved from /home/dataengineer/.pyenv/versions/3.9.21/lib/python3.9/site-packages/airflow/example_dags/example_kubernetes_executor.py
[2025-03-08T02:31:23.233+0700] {processor.py:208} INFO - Processing /home/dataengineer/.pyenv/versions/3.9.21/lib/python3.9/site-packages/airflow/example_dags/example_kubernetes_executor.py took 0.023 seconds
[2025-03-08T02:32:19.868+0700] {processor.py:186} INFO - Started process (PID=69042) to work on /home/dataengineer/.pyenv/versions/3.9.21/lib/python3.9/site-packages/airflow/example_dags/example_kubernetes_executor.py
[2025-03-08T02:32:19.870+0700] {processor.py:914} INFO - Processing file /home/dataengineer/.pyenv/versions/3.9.21/lib/python3.9/site-packages/airflow/example_dags/example_kubernetes_executor.py for tasks to queue
[2025-03-08T02:32:19.871+0700] {logging_mixin.py:190} INFO - [2025-03-08T02:32:19.871+0700] {dagbag.py:588} INFO - Filling up the DagBag from /home/dataengineer/.pyenv/versions/3.9.21/lib/python3.9/site-packages/airflow/example_dags/example_kubernetes_executor.py
[2025-03-08T02:32:19.874+0700] {logging_mixin.py:190} INFO - [2025-03-08T02:32:19.874+0700] {example_kubernetes_executor.py:39} WARNING - The example_kubernetes_executor example DAG requires the kubernetes provider. Please install it with: pip install apache-airflow[cncf.kubernetes]
[2025-03-08T02:32:19.874+0700] {processor.py:927} WARNING - No viable dags retrieved from /home/dataengineer/.pyenv/versions/3.9.21/lib/python3.9/site-packages/airflow/example_dags/example_kubernetes_executor.py
[2025-03-08T02:32:19.883+0700] {processor.py:208} INFO - Processing /home/dataengineer/.pyenv/versions/3.9.21/lib/python3.9/site-packages/airflow/example_dags/example_kubernetes_executor.py took 0.020 seconds
[2025-03-08T02:33:18.548+0700] {processor.py:186} INFO - Started process (PID=69303) to work on /home/dataengineer/.pyenv/versions/3.9.21/lib/python3.9/site-packages/airflow/example_dags/example_kubernetes_executor.py
[2025-03-08T02:33:18.550+0700] {processor.py:914} INFO - Processing file /home/dataengineer/.pyenv/versions/3.9.21/lib/python3.9/site-packages/airflow/example_dags/example_kubernetes_executor.py for tasks to queue
[2025-03-08T02:33:18.551+0700] {logging_mixin.py:190} INFO - [2025-03-08T02:33:18.551+0700] {dagbag.py:588} INFO - Filling up the DagBag from /home/dataengineer/.pyenv/versions/3.9.21/lib/python3.9/site-packages/airflow/example_dags/example_kubernetes_executor.py
[2025-03-08T02:33:18.554+0700] {logging_mixin.py:190} INFO - [2025-03-08T02:33:18.554+0700] {example_kubernetes_executor.py:39} WARNING - The example_kubernetes_executor example DAG requires the kubernetes provider. Please install it with: pip install apache-airflow[cncf.kubernetes]
[2025-03-08T02:33:18.555+0700] {processor.py:927} WARNING - No viable dags retrieved from /home/dataengineer/.pyenv/versions/3.9.21/lib/python3.9/site-packages/airflow/example_dags/example_kubernetes_executor.py
[2025-03-08T02:33:18.566+0700] {processor.py:208} INFO - Processing /home/dataengineer/.pyenv/versions/3.9.21/lib/python3.9/site-packages/airflow/example_dags/example_kubernetes_executor.py took 0.025 seconds
[2025-03-08T02:34:53.081+0700] {processor.py:186} INFO - Started process (PID=70383) to work on /home/dataengineer/.pyenv/versions/3.9.21/lib/python3.9/site-packages/airflow/example_dags/example_kubernetes_executor.py
[2025-03-08T02:34:53.082+0700] {processor.py:914} INFO - Processing file /home/dataengineer/.pyenv/versions/3.9.21/lib/python3.9/site-packages/airflow/example_dags/example_kubernetes_executor.py for tasks to queue
[2025-03-08T02:34:53.084+0700] {logging_mixin.py:190} INFO - [2025-03-08T02:34:53.084+0700] {dagbag.py:588} INFO - Filling up the DagBag from /home/dataengineer/.pyenv/versions/3.9.21/lib/python3.9/site-packages/airflow/example_dags/example_kubernetes_executor.py
[2025-03-08T02:34:53.087+0700] {logging_mixin.py:190} INFO - [2025-03-08T02:34:53.087+0700] {example_kubernetes_executor.py:39} WARNING - The example_kubernetes_executor example DAG requires the kubernetes provider. Please install it with: pip install apache-airflow[cncf.kubernetes]
[2025-03-08T02:34:53.087+0700] {processor.py:927} WARNING - No viable dags retrieved from /home/dataengineer/.pyenv/versions/3.9.21/lib/python3.9/site-packages/airflow/example_dags/example_kubernetes_executor.py
[2025-03-08T02:34:53.096+0700] {processor.py:208} INFO - Processing /home/dataengineer/.pyenv/versions/3.9.21/lib/python3.9/site-packages/airflow/example_dags/example_kubernetes_executor.py took 0.020 seconds
[2025-03-08T02:35:53.894+0700] {processor.py:186} INFO - Started process (PID=70812) to work on /home/dataengineer/.pyenv/versions/3.9.21/lib/python3.9/site-packages/airflow/example_dags/example_kubernetes_executor.py
[2025-03-08T02:35:53.895+0700] {processor.py:914} INFO - Processing file /home/dataengineer/.pyenv/versions/3.9.21/lib/python3.9/site-packages/airflow/example_dags/example_kubernetes_executor.py for tasks to queue
[2025-03-08T02:35:53.897+0700] {logging_mixin.py:190} INFO - [2025-03-08T02:35:53.896+0700] {dagbag.py:588} INFO - Filling up the DagBag from /home/dataengineer/.pyenv/versions/3.9.21/lib/python3.9/site-packages/airflow/example_dags/example_kubernetes_executor.py
[2025-03-08T02:35:53.900+0700] {logging_mixin.py:190} INFO - [2025-03-08T02:35:53.899+0700] {example_kubernetes_executor.py:39} WARNING - The example_kubernetes_executor example DAG requires the kubernetes provider. Please install it with: pip install apache-airflow[cncf.kubernetes]
[2025-03-08T02:35:53.900+0700] {processor.py:927} WARNING - No viable dags retrieved from /home/dataengineer/.pyenv/versions/3.9.21/lib/python3.9/site-packages/airflow/example_dags/example_kubernetes_executor.py
[2025-03-08T02:35:53.909+0700] {processor.py:208} INFO - Processing /home/dataengineer/.pyenv/versions/3.9.21/lib/python3.9/site-packages/airflow/example_dags/example_kubernetes_executor.py took 0.021 seconds
[2025-03-08T02:36:56.602+0700] {processor.py:186} INFO - Started process (PID=71266) to work on /home/dataengineer/.pyenv/versions/3.9.21/lib/python3.9/site-packages/airflow/example_dags/example_kubernetes_executor.py
[2025-03-08T02:36:56.603+0700] {processor.py:914} INFO - Processing file /home/dataengineer/.pyenv/versions/3.9.21/lib/python3.9/site-packages/airflow/example_dags/example_kubernetes_executor.py for tasks to queue
[2025-03-08T02:36:56.605+0700] {logging_mixin.py:190} INFO - [2025-03-08T02:36:56.605+0700] {dagbag.py:588} INFO - Filling up the DagBag from /home/dataengineer/.pyenv/versions/3.9.21/lib/python3.9/site-packages/airflow/example_dags/example_kubernetes_executor.py
[2025-03-08T02:36:56.608+0700] {logging_mixin.py:190} INFO - [2025-03-08T02:36:56.607+0700] {example_kubernetes_executor.py:39} WARNING - The example_kubernetes_executor example DAG requires the kubernetes provider. Please install it with: pip install apache-airflow[cncf.kubernetes]
[2025-03-08T02:36:56.608+0700] {processor.py:927} WARNING - No viable dags retrieved from /home/dataengineer/.pyenv/versions/3.9.21/lib/python3.9/site-packages/airflow/example_dags/example_kubernetes_executor.py
[2025-03-08T02:36:56.616+0700] {processor.py:208} INFO - Processing /home/dataengineer/.pyenv/versions/3.9.21/lib/python3.9/site-packages/airflow/example_dags/example_kubernetes_executor.py took 0.019 seconds
[2025-03-08T02:37:59.245+0700] {processor.py:186} INFO - Started process (PID=71701) to work on /home/dataengineer/.pyenv/versions/3.9.21/lib/python3.9/site-packages/airflow/example_dags/example_kubernetes_executor.py
[2025-03-08T02:37:59.246+0700] {processor.py:914} INFO - Processing file /home/dataengineer/.pyenv/versions/3.9.21/lib/python3.9/site-packages/airflow/example_dags/example_kubernetes_executor.py for tasks to queue
[2025-03-08T02:37:59.248+0700] {logging_mixin.py:190} INFO - [2025-03-08T02:37:59.248+0700] {dagbag.py:588} INFO - Filling up the DagBag from /home/dataengineer/.pyenv/versions/3.9.21/lib/python3.9/site-packages/airflow/example_dags/example_kubernetes_executor.py
[2025-03-08T02:37:59.251+0700] {logging_mixin.py:190} INFO - [2025-03-08T02:37:59.251+0700] {example_kubernetes_executor.py:39} WARNING - The example_kubernetes_executor example DAG requires the kubernetes provider. Please install it with: pip install apache-airflow[cncf.kubernetes]
[2025-03-08T02:37:59.251+0700] {processor.py:927} WARNING - No viable dags retrieved from /home/dataengineer/.pyenv/versions/3.9.21/lib/python3.9/site-packages/airflow/example_dags/example_kubernetes_executor.py
[2025-03-08T02:37:59.260+0700] {processor.py:208} INFO - Processing /home/dataengineer/.pyenv/versions/3.9.21/lib/python3.9/site-packages/airflow/example_dags/example_kubernetes_executor.py took 0.021 seconds
[2025-03-08T02:38:59.264+0700] {processor.py:186} INFO - Started process (PID=72438) to work on /home/dataengineer/.pyenv/versions/3.9.21/lib/python3.9/site-packages/airflow/example_dags/example_kubernetes_executor.py
[2025-03-08T02:38:59.265+0700] {processor.py:914} INFO - Processing file /home/dataengineer/.pyenv/versions/3.9.21/lib/python3.9/site-packages/airflow/example_dags/example_kubernetes_executor.py for tasks to queue
[2025-03-08T02:38:59.267+0700] {logging_mixin.py:190} INFO - [2025-03-08T02:38:59.267+0700] {dagbag.py:588} INFO - Filling up the DagBag from /home/dataengineer/.pyenv/versions/3.9.21/lib/python3.9/site-packages/airflow/example_dags/example_kubernetes_executor.py
[2025-03-08T02:38:59.270+0700] {logging_mixin.py:190} INFO - [2025-03-08T02:38:59.270+0700] {example_kubernetes_executor.py:39} WARNING - The example_kubernetes_executor example DAG requires the kubernetes provider. Please install it with: pip install apache-airflow[cncf.kubernetes]
[2025-03-08T02:38:59.271+0700] {processor.py:927} WARNING - No viable dags retrieved from /home/dataengineer/.pyenv/versions/3.9.21/lib/python3.9/site-packages/airflow/example_dags/example_kubernetes_executor.py
[2025-03-08T02:38:59.280+0700] {processor.py:208} INFO - Processing /home/dataengineer/.pyenv/versions/3.9.21/lib/python3.9/site-packages/airflow/example_dags/example_kubernetes_executor.py took 0.022 seconds
