[2025-03-08T00:56:46.332+0700] {processor.py:186} INFO - Started process (PID=36384) to work on /home/dataengineer/.pyenv/versions/3.9.21/lib/python3.9/site-packages/airflow/example_dags/example_xcomargs.py
[2025-03-08T00:56:46.333+0700] {processor.py:914} INFO - Processing file /home/dataengineer/.pyenv/versions/3.9.21/lib/python3.9/site-packages/airflow/example_dags/example_xcomargs.py for tasks to queue
[2025-03-08T00:56:46.335+0700] {logging_mixin.py:190} INFO - [2025-03-08T00:56:46.335+0700] {dagbag.py:588} INFO - Filling up the DagBag from /home/dataengineer/.pyenv/versions/3.9.21/lib/python3.9/site-packages/airflow/example_dags/example_xcomargs.py
[2025-03-08T00:56:46.345+0700] {processor.py:925} INFO - DAG(s) 'example_xcom_args', 'example_xcom_args_with_operators' retrieved from /home/dataengineer/.pyenv/versions/3.9.21/lib/python3.9/site-packages/airflow/example_dags/example_xcomargs.py
[2025-03-08T00:56:46.364+0700] {logging_mixin.py:190} INFO - [2025-03-08T00:56:46.364+0700] {dag.py:3239} INFO - Sync 2 DAGs
[2025-03-08T00:56:46.376+0700] {logging_mixin.py:190} INFO - [2025-03-08T00:56:46.376+0700] {dag.py:4180} INFO - Setting next_dagrun for example_xcom_args to None, run_after=None
[2025-03-08T00:56:46.379+0700] {logging_mixin.py:190} INFO - [2025-03-08T00:56:46.379+0700] {dag.py:4180} INFO - Setting next_dagrun for example_xcom_args_with_operators to None, run_after=None
[2025-03-08T00:56:46.400+0700] {processor.py:208} INFO - Processing /home/dataengineer/.pyenv/versions/3.9.21/lib/python3.9/site-packages/airflow/example_dags/example_xcomargs.py took 0.073 seconds
[2025-03-08T00:57:50.872+0700] {processor.py:186} INFO - Started process (PID=37019) to work on /home/dataengineer/.pyenv/versions/3.9.21/lib/python3.9/site-packages/airflow/example_dags/example_xcomargs.py
[2025-03-08T00:57:50.873+0700] {processor.py:914} INFO - Processing file /home/dataengineer/.pyenv/versions/3.9.21/lib/python3.9/site-packages/airflow/example_dags/example_xcomargs.py for tasks to queue
[2025-03-08T00:57:50.875+0700] {logging_mixin.py:190} INFO - [2025-03-08T00:57:50.875+0700] {dagbag.py:588} INFO - Filling up the DagBag from /home/dataengineer/.pyenv/versions/3.9.21/lib/python3.9/site-packages/airflow/example_dags/example_xcomargs.py
[2025-03-08T00:57:50.886+0700] {processor.py:925} INFO - DAG(s) 'example_xcom_args', 'example_xcom_args_with_operators' retrieved from /home/dataengineer/.pyenv/versions/3.9.21/lib/python3.9/site-packages/airflow/example_dags/example_xcomargs.py
[2025-03-08T00:57:50.903+0700] {logging_mixin.py:190} INFO - [2025-03-08T00:57:50.903+0700] {dag.py:3239} INFO - Sync 2 DAGs
[2025-03-08T00:57:50.916+0700] {logging_mixin.py:190} INFO - [2025-03-08T00:57:50.915+0700] {dag.py:4180} INFO - Setting next_dagrun for example_xcom_args to None, run_after=None
[2025-03-08T00:57:50.919+0700] {logging_mixin.py:190} INFO - [2025-03-08T00:57:50.919+0700] {dag.py:4180} INFO - Setting next_dagrun for example_xcom_args_with_operators to None, run_after=None
[2025-03-08T00:57:50.978+0700] {processor.py:208} INFO - Processing /home/dataengineer/.pyenv/versions/3.9.21/lib/python3.9/site-packages/airflow/example_dags/example_xcomargs.py took 0.114 seconds
[2025-03-08T00:58:52.473+0700] {processor.py:186} INFO - Started process (PID=37472) to work on /home/dataengineer/.pyenv/versions/3.9.21/lib/python3.9/site-packages/airflow/example_dags/example_xcomargs.py
[2025-03-08T00:58:52.474+0700] {processor.py:914} INFO - Processing file /home/dataengineer/.pyenv/versions/3.9.21/lib/python3.9/site-packages/airflow/example_dags/example_xcomargs.py for tasks to queue
[2025-03-08T00:58:52.476+0700] {logging_mixin.py:190} INFO - [2025-03-08T00:58:52.475+0700] {dagbag.py:588} INFO - Filling up the DagBag from /home/dataengineer/.pyenv/versions/3.9.21/lib/python3.9/site-packages/airflow/example_dags/example_xcomargs.py
[2025-03-08T00:58:52.486+0700] {processor.py:925} INFO - DAG(s) 'example_xcom_args_with_operators', 'example_xcom_args' retrieved from /home/dataengineer/.pyenv/versions/3.9.21/lib/python3.9/site-packages/airflow/example_dags/example_xcomargs.py
[2025-03-08T00:58:52.503+0700] {logging_mixin.py:190} INFO - [2025-03-08T00:58:52.503+0700] {dag.py:3239} INFO - Sync 2 DAGs
[2025-03-08T00:58:52.516+0700] {logging_mixin.py:190} INFO - [2025-03-08T00:58:52.515+0700] {dag.py:4180} INFO - Setting next_dagrun for example_xcom_args to None, run_after=None
[2025-03-08T00:58:52.519+0700] {logging_mixin.py:190} INFO - [2025-03-08T00:58:52.518+0700] {dag.py:4180} INFO - Setting next_dagrun for example_xcom_args_with_operators to None, run_after=None
[2025-03-08T00:58:52.539+0700] {processor.py:208} INFO - Processing /home/dataengineer/.pyenv/versions/3.9.21/lib/python3.9/site-packages/airflow/example_dags/example_xcomargs.py took 0.072 seconds
[2025-03-08T00:59:54.150+0700] {processor.py:186} INFO - Started process (PID=37899) to work on /home/dataengineer/.pyenv/versions/3.9.21/lib/python3.9/site-packages/airflow/example_dags/example_xcomargs.py
[2025-03-08T00:59:54.152+0700] {processor.py:914} INFO - Processing file /home/dataengineer/.pyenv/versions/3.9.21/lib/python3.9/site-packages/airflow/example_dags/example_xcomargs.py for tasks to queue
[2025-03-08T00:59:54.154+0700] {logging_mixin.py:190} INFO - [2025-03-08T00:59:54.153+0700] {dagbag.py:588} INFO - Filling up the DagBag from /home/dataengineer/.pyenv/versions/3.9.21/lib/python3.9/site-packages/airflow/example_dags/example_xcomargs.py
[2025-03-08T00:59:54.163+0700] {processor.py:925} INFO - DAG(s) 'example_xcom_args', 'example_xcom_args_with_operators' retrieved from /home/dataengineer/.pyenv/versions/3.9.21/lib/python3.9/site-packages/airflow/example_dags/example_xcomargs.py
[2025-03-08T00:59:54.180+0700] {logging_mixin.py:190} INFO - [2025-03-08T00:59:54.180+0700] {dag.py:3239} INFO - Sync 2 DAGs
[2025-03-08T00:59:54.192+0700] {logging_mixin.py:190} INFO - [2025-03-08T00:59:54.192+0700] {dag.py:4180} INFO - Setting next_dagrun for example_xcom_args to None, run_after=None
[2025-03-08T00:59:54.196+0700] {logging_mixin.py:190} INFO - [2025-03-08T00:59:54.195+0700] {dag.py:4180} INFO - Setting next_dagrun for example_xcom_args_with_operators to None, run_after=None
[2025-03-08T00:59:54.214+0700] {processor.py:208} INFO - Processing /home/dataengineer/.pyenv/versions/3.9.21/lib/python3.9/site-packages/airflow/example_dags/example_xcomargs.py took 0.070 seconds
[2025-03-08T01:00:56.117+0700] {processor.py:186} INFO - Started process (PID=38337) to work on /home/dataengineer/.pyenv/versions/3.9.21/lib/python3.9/site-packages/airflow/example_dags/example_xcomargs.py
[2025-03-08T01:00:56.118+0700] {processor.py:914} INFO - Processing file /home/dataengineer/.pyenv/versions/3.9.21/lib/python3.9/site-packages/airflow/example_dags/example_xcomargs.py for tasks to queue
[2025-03-08T01:00:56.120+0700] {logging_mixin.py:190} INFO - [2025-03-08T01:00:56.120+0700] {dagbag.py:588} INFO - Filling up the DagBag from /home/dataengineer/.pyenv/versions/3.9.21/lib/python3.9/site-packages/airflow/example_dags/example_xcomargs.py
[2025-03-08T01:00:56.130+0700] {processor.py:925} INFO - DAG(s) 'example_xcom_args_with_operators', 'example_xcom_args' retrieved from /home/dataengineer/.pyenv/versions/3.9.21/lib/python3.9/site-packages/airflow/example_dags/example_xcomargs.py
[2025-03-08T01:00:56.147+0700] {logging_mixin.py:190} INFO - [2025-03-08T01:00:56.147+0700] {dag.py:3239} INFO - Sync 2 DAGs
[2025-03-08T01:00:56.160+0700] {logging_mixin.py:190} INFO - [2025-03-08T01:00:56.160+0700] {dag.py:4180} INFO - Setting next_dagrun for example_xcom_args to None, run_after=None
[2025-03-08T01:00:56.167+0700] {logging_mixin.py:190} INFO - [2025-03-08T01:00:56.163+0700] {dag.py:4180} INFO - Setting next_dagrun for example_xcom_args_with_operators to None, run_after=None
[2025-03-08T01:00:56.186+0700] {processor.py:208} INFO - Processing /home/dataengineer/.pyenv/versions/3.9.21/lib/python3.9/site-packages/airflow/example_dags/example_xcomargs.py took 0.075 seconds
[2025-03-08T01:01:57.441+0700] {processor.py:186} INFO - Started process (PID=38798) to work on /home/dataengineer/.pyenv/versions/3.9.21/lib/python3.9/site-packages/airflow/example_dags/example_xcomargs.py
[2025-03-08T01:01:57.442+0700] {processor.py:914} INFO - Processing file /home/dataengineer/.pyenv/versions/3.9.21/lib/python3.9/site-packages/airflow/example_dags/example_xcomargs.py for tasks to queue
[2025-03-08T01:01:57.445+0700] {logging_mixin.py:190} INFO - [2025-03-08T01:01:57.445+0700] {dagbag.py:588} INFO - Filling up the DagBag from /home/dataengineer/.pyenv/versions/3.9.21/lib/python3.9/site-packages/airflow/example_dags/example_xcomargs.py
[2025-03-08T01:01:57.456+0700] {processor.py:925} INFO - DAG(s) 'example_xcom_args_with_operators', 'example_xcom_args' retrieved from /home/dataengineer/.pyenv/versions/3.9.21/lib/python3.9/site-packages/airflow/example_dags/example_xcomargs.py
[2025-03-08T01:01:57.476+0700] {logging_mixin.py:190} INFO - [2025-03-08T01:01:57.476+0700] {dag.py:3239} INFO - Sync 2 DAGs
[2025-03-08T01:01:57.491+0700] {logging_mixin.py:190} INFO - [2025-03-08T01:01:57.490+0700] {dag.py:4180} INFO - Setting next_dagrun for example_xcom_args to None, run_after=None
[2025-03-08T01:01:57.494+0700] {logging_mixin.py:190} INFO - [2025-03-08T01:01:57.494+0700] {dag.py:4180} INFO - Setting next_dagrun for example_xcom_args_with_operators to None, run_after=None
[2025-03-08T01:01:57.512+0700] {processor.py:208} INFO - Processing /home/dataengineer/.pyenv/versions/3.9.21/lib/python3.9/site-packages/airflow/example_dags/example_xcomargs.py took 0.077 seconds
[2025-03-08T01:02:59.226+0700] {processor.py:186} INFO - Started process (PID=39310) to work on /home/dataengineer/.pyenv/versions/3.9.21/lib/python3.9/site-packages/airflow/example_dags/example_xcomargs.py
[2025-03-08T01:02:59.227+0700] {processor.py:914} INFO - Processing file /home/dataengineer/.pyenv/versions/3.9.21/lib/python3.9/site-packages/airflow/example_dags/example_xcomargs.py for tasks to queue
[2025-03-08T01:02:59.228+0700] {logging_mixin.py:190} INFO - [2025-03-08T01:02:59.228+0700] {dagbag.py:588} INFO - Filling up the DagBag from /home/dataengineer/.pyenv/versions/3.9.21/lib/python3.9/site-packages/airflow/example_dags/example_xcomargs.py
[2025-03-08T01:02:59.237+0700] {processor.py:925} INFO - DAG(s) 'example_xcom_args_with_operators', 'example_xcom_args' retrieved from /home/dataengineer/.pyenv/versions/3.9.21/lib/python3.9/site-packages/airflow/example_dags/example_xcomargs.py
[2025-03-08T01:02:59.252+0700] {logging_mixin.py:190} INFO - [2025-03-08T01:02:59.252+0700] {dag.py:3239} INFO - Sync 2 DAGs
[2025-03-08T01:02:59.263+0700] {logging_mixin.py:190} INFO - [2025-03-08T01:02:59.263+0700] {dag.py:4180} INFO - Setting next_dagrun for example_xcom_args to None, run_after=None
[2025-03-08T01:02:59.266+0700] {logging_mixin.py:190} INFO - [2025-03-08T01:02:59.265+0700] {dag.py:4180} INFO - Setting next_dagrun for example_xcom_args_with_operators to None, run_after=None
[2025-03-08T01:02:59.281+0700] {processor.py:208} INFO - Processing /home/dataengineer/.pyenv/versions/3.9.21/lib/python3.9/site-packages/airflow/example_dags/example_xcomargs.py took 0.061 seconds
[2025-03-08T01:03:59.610+0700] {processor.py:186} INFO - Started process (PID=40136) to work on /home/dataengineer/.pyenv/versions/3.9.21/lib/python3.9/site-packages/airflow/example_dags/example_xcomargs.py
[2025-03-08T01:03:59.611+0700] {processor.py:914} INFO - Processing file /home/dataengineer/.pyenv/versions/3.9.21/lib/python3.9/site-packages/airflow/example_dags/example_xcomargs.py for tasks to queue
[2025-03-08T01:03:59.614+0700] {logging_mixin.py:190} INFO - [2025-03-08T01:03:59.613+0700] {dagbag.py:588} INFO - Filling up the DagBag from /home/dataengineer/.pyenv/versions/3.9.21/lib/python3.9/site-packages/airflow/example_dags/example_xcomargs.py
[2025-03-08T01:03:59.624+0700] {processor.py:925} INFO - DAG(s) 'example_xcom_args', 'example_xcom_args_with_operators' retrieved from /home/dataengineer/.pyenv/versions/3.9.21/lib/python3.9/site-packages/airflow/example_dags/example_xcomargs.py
[2025-03-08T01:03:59.643+0700] {logging_mixin.py:190} INFO - [2025-03-08T01:03:59.643+0700] {dag.py:3239} INFO - Sync 2 DAGs
[2025-03-08T01:03:59.657+0700] {logging_mixin.py:190} INFO - [2025-03-08T01:03:59.657+0700] {dag.py:4180} INFO - Setting next_dagrun for example_xcom_args to None, run_after=None
[2025-03-08T01:03:59.661+0700] {logging_mixin.py:190} INFO - [2025-03-08T01:03:59.660+0700] {dag.py:4180} INFO - Setting next_dagrun for example_xcom_args_with_operators to None, run_after=None
[2025-03-08T01:03:59.682+0700] {processor.py:208} INFO - Processing /home/dataengineer/.pyenv/versions/3.9.21/lib/python3.9/site-packages/airflow/example_dags/example_xcomargs.py took 0.078 seconds
[2025-03-08T01:05:00.283+0700] {processor.py:186} INFO - Started process (PID=42081) to work on /home/dataengineer/.pyenv/versions/3.9.21/lib/python3.9/site-packages/airflow/example_dags/example_xcomargs.py
[2025-03-08T01:05:00.285+0700] {processor.py:914} INFO - Processing file /home/dataengineer/.pyenv/versions/3.9.21/lib/python3.9/site-packages/airflow/example_dags/example_xcomargs.py for tasks to queue
[2025-03-08T01:05:00.286+0700] {logging_mixin.py:190} INFO - [2025-03-08T01:05:00.286+0700] {dagbag.py:588} INFO - Filling up the DagBag from /home/dataengineer/.pyenv/versions/3.9.21/lib/python3.9/site-packages/airflow/example_dags/example_xcomargs.py
[2025-03-08T01:05:00.295+0700] {processor.py:925} INFO - DAG(s) 'example_xcom_args_with_operators', 'example_xcom_args' retrieved from /home/dataengineer/.pyenv/versions/3.9.21/lib/python3.9/site-packages/airflow/example_dags/example_xcomargs.py
[2025-03-08T01:05:00.311+0700] {logging_mixin.py:190} INFO - [2025-03-08T01:05:00.311+0700] {dag.py:3239} INFO - Sync 2 DAGs
[2025-03-08T01:05:00.323+0700] {logging_mixin.py:190} INFO - [2025-03-08T01:05:00.323+0700] {dag.py:4180} INFO - Setting next_dagrun for example_xcom_args to None, run_after=None
[2025-03-08T01:05:00.326+0700] {logging_mixin.py:190} INFO - [2025-03-08T01:05:00.326+0700] {dag.py:4180} INFO - Setting next_dagrun for example_xcom_args_with_operators to None, run_after=None
[2025-03-08T01:05:00.343+0700] {processor.py:208} INFO - Processing /home/dataengineer/.pyenv/versions/3.9.21/lib/python3.9/site-packages/airflow/example_dags/example_xcomargs.py took 0.064 seconds
[2025-03-08T02:20:20.967+0700] {processor.py:186} INFO - Started process (PID=63583) to work on /home/dataengineer/.pyenv/versions/3.9.21/lib/python3.9/site-packages/airflow/example_dags/example_xcomargs.py
[2025-03-08T02:20:20.968+0700] {processor.py:914} INFO - Processing file /home/dataengineer/.pyenv/versions/3.9.21/lib/python3.9/site-packages/airflow/example_dags/example_xcomargs.py for tasks to queue
[2025-03-08T02:20:20.971+0700] {logging_mixin.py:190} INFO - [2025-03-08T02:20:20.970+0700] {dagbag.py:588} INFO - Filling up the DagBag from /home/dataengineer/.pyenv/versions/3.9.21/lib/python3.9/site-packages/airflow/example_dags/example_xcomargs.py
[2025-03-08T02:20:20.980+0700] {processor.py:925} INFO - DAG(s) 'example_xcom_args_with_operators', 'example_xcom_args' retrieved from /home/dataengineer/.pyenv/versions/3.9.21/lib/python3.9/site-packages/airflow/example_dags/example_xcomargs.py
[2025-03-08T02:20:20.999+0700] {logging_mixin.py:190} INFO - [2025-03-08T02:20:20.998+0700] {dag.py:3239} INFO - Sync 2 DAGs
[2025-03-08T02:20:21.010+0700] {logging_mixin.py:190} INFO - [2025-03-08T02:20:21.010+0700] {dag.py:4180} INFO - Setting next_dagrun for example_xcom_args to None, run_after=None
[2025-03-08T02:20:21.013+0700] {logging_mixin.py:190} INFO - [2025-03-08T02:20:21.013+0700] {dag.py:4180} INFO - Setting next_dagrun for example_xcom_args_with_operators to None, run_after=None
[2025-03-08T02:20:21.034+0700] {processor.py:208} INFO - Processing /home/dataengineer/.pyenv/versions/3.9.21/lib/python3.9/site-packages/airflow/example_dags/example_xcomargs.py took 0.072 seconds
[2025-03-08T02:27:05.193+0700] {processor.py:186} INFO - Started process (PID=66495) to work on /home/dataengineer/.pyenv/versions/3.9.21/lib/python3.9/site-packages/airflow/example_dags/example_xcomargs.py
[2025-03-08T02:27:05.194+0700] {processor.py:914} INFO - Processing file /home/dataengineer/.pyenv/versions/3.9.21/lib/python3.9/site-packages/airflow/example_dags/example_xcomargs.py for tasks to queue
[2025-03-08T02:27:05.197+0700] {logging_mixin.py:190} INFO - [2025-03-08T02:27:05.196+0700] {dagbag.py:588} INFO - Filling up the DagBag from /home/dataengineer/.pyenv/versions/3.9.21/lib/python3.9/site-packages/airflow/example_dags/example_xcomargs.py
[2025-03-08T02:27:05.206+0700] {processor.py:925} INFO - DAG(s) 'example_xcom_args', 'example_xcom_args_with_operators' retrieved from /home/dataengineer/.pyenv/versions/3.9.21/lib/python3.9/site-packages/airflow/example_dags/example_xcomargs.py
[2025-03-08T02:27:05.226+0700] {logging_mixin.py:190} INFO - [2025-03-08T02:27:05.225+0700] {dag.py:3239} INFO - Sync 2 DAGs
[2025-03-08T02:27:05.238+0700] {logging_mixin.py:190} INFO - [2025-03-08T02:27:05.237+0700] {dag.py:4180} INFO - Setting next_dagrun for example_xcom_args to None, run_after=None
[2025-03-08T02:27:05.241+0700] {logging_mixin.py:190} INFO - [2025-03-08T02:27:05.241+0700] {dag.py:4180} INFO - Setting next_dagrun for example_xcom_args_with_operators to None, run_after=None
[2025-03-08T02:27:05.261+0700] {processor.py:208} INFO - Processing /home/dataengineer/.pyenv/versions/3.9.21/lib/python3.9/site-packages/airflow/example_dags/example_xcomargs.py took 0.074 seconds
[2025-03-08T02:29:20.302+0700] {processor.py:186} INFO - Started process (PID=67475) to work on /home/dataengineer/.pyenv/versions/3.9.21/lib/python3.9/site-packages/airflow/example_dags/example_xcomargs.py
[2025-03-08T02:29:20.303+0700] {processor.py:914} INFO - Processing file /home/dataengineer/.pyenv/versions/3.9.21/lib/python3.9/site-packages/airflow/example_dags/example_xcomargs.py for tasks to queue
[2025-03-08T02:29:20.305+0700] {logging_mixin.py:190} INFO - [2025-03-08T02:29:20.305+0700] {dagbag.py:588} INFO - Filling up the DagBag from /home/dataengineer/.pyenv/versions/3.9.21/lib/python3.9/site-packages/airflow/example_dags/example_xcomargs.py
[2025-03-08T02:29:20.314+0700] {processor.py:925} INFO - DAG(s) 'example_xcom_args', 'example_xcom_args_with_operators' retrieved from /home/dataengineer/.pyenv/versions/3.9.21/lib/python3.9/site-packages/airflow/example_dags/example_xcomargs.py
[2025-03-08T02:29:20.330+0700] {logging_mixin.py:190} INFO - [2025-03-08T02:29:20.330+0700] {dag.py:3239} INFO - Sync 2 DAGs
[2025-03-08T02:29:20.341+0700] {logging_mixin.py:190} INFO - [2025-03-08T02:29:20.341+0700] {dag.py:4180} INFO - Setting next_dagrun for example_xcom_args to None, run_after=None
[2025-03-08T02:29:20.344+0700] {logging_mixin.py:190} INFO - [2025-03-08T02:29:20.344+0700] {dag.py:4180} INFO - Setting next_dagrun for example_xcom_args_with_operators to None, run_after=None
[2025-03-08T02:29:20.361+0700] {processor.py:208} INFO - Processing /home/dataengineer/.pyenv/versions/3.9.21/lib/python3.9/site-packages/airflow/example_dags/example_xcomargs.py took 0.064 seconds
[2025-03-08T02:30:16.322+0700] {processor.py:186} INFO - Started process (PID=67952) to work on /home/dataengineer/.pyenv/versions/3.9.21/lib/python3.9/site-packages/airflow/example_dags/example_xcomargs.py
[2025-03-08T02:30:16.323+0700] {processor.py:914} INFO - Processing file /home/dataengineer/.pyenv/versions/3.9.21/lib/python3.9/site-packages/airflow/example_dags/example_xcomargs.py for tasks to queue
[2025-03-08T02:30:16.324+0700] {logging_mixin.py:190} INFO - [2025-03-08T02:30:16.324+0700] {dagbag.py:588} INFO - Filling up the DagBag from /home/dataengineer/.pyenv/versions/3.9.21/lib/python3.9/site-packages/airflow/example_dags/example_xcomargs.py
[2025-03-08T02:30:16.334+0700] {processor.py:925} INFO - DAG(s) 'example_xcom_args_with_operators', 'example_xcom_args' retrieved from /home/dataengineer/.pyenv/versions/3.9.21/lib/python3.9/site-packages/airflow/example_dags/example_xcomargs.py
[2025-03-08T02:30:16.351+0700] {logging_mixin.py:190} INFO - [2025-03-08T02:30:16.350+0700] {dag.py:3239} INFO - Sync 2 DAGs
[2025-03-08T02:30:16.365+0700] {logging_mixin.py:190} INFO - [2025-03-08T02:30:16.364+0700] {dag.py:4180} INFO - Setting next_dagrun for example_xcom_args to None, run_after=None
[2025-03-08T02:30:16.368+0700] {logging_mixin.py:190} INFO - [2025-03-08T02:30:16.367+0700] {dag.py:4180} INFO - Setting next_dagrun for example_xcom_args_with_operators to None, run_after=None
[2025-03-08T02:30:16.387+0700] {processor.py:208} INFO - Processing /home/dataengineer/.pyenv/versions/3.9.21/lib/python3.9/site-packages/airflow/example_dags/example_xcomargs.py took 0.071 seconds
[2025-03-08T02:31:10.948+0700] {processor.py:186} INFO - Started process (PID=68308) to work on /home/dataengineer/.pyenv/versions/3.9.21/lib/python3.9/site-packages/airflow/example_dags/example_xcomargs.py
[2025-03-08T02:31:10.950+0700] {processor.py:914} INFO - Processing file /home/dataengineer/.pyenv/versions/3.9.21/lib/python3.9/site-packages/airflow/example_dags/example_xcomargs.py for tasks to queue
[2025-03-08T02:31:10.951+0700] {logging_mixin.py:190} INFO - [2025-03-08T02:31:10.950+0700] {dagbag.py:588} INFO - Filling up the DagBag from /home/dataengineer/.pyenv/versions/3.9.21/lib/python3.9/site-packages/airflow/example_dags/example_xcomargs.py
[2025-03-08T02:31:10.960+0700] {processor.py:925} INFO - DAG(s) 'example_xcom_args', 'example_xcom_args_with_operators' retrieved from /home/dataengineer/.pyenv/versions/3.9.21/lib/python3.9/site-packages/airflow/example_dags/example_xcomargs.py
[2025-03-08T02:31:10.976+0700] {logging_mixin.py:190} INFO - [2025-03-08T02:31:10.976+0700] {dag.py:3239} INFO - Sync 2 DAGs
[2025-03-08T02:31:10.987+0700] {logging_mixin.py:190} INFO - [2025-03-08T02:31:10.987+0700] {dag.py:4180} INFO - Setting next_dagrun for example_xcom_args to None, run_after=None
[2025-03-08T02:31:10.990+0700] {logging_mixin.py:190} INFO - [2025-03-08T02:31:10.990+0700] {dag.py:4180} INFO - Setting next_dagrun for example_xcom_args_with_operators to None, run_after=None
[2025-03-08T02:31:11.006+0700] {processor.py:208} INFO - Processing /home/dataengineer/.pyenv/versions/3.9.21/lib/python3.9/site-packages/airflow/example_dags/example_xcomargs.py took 0.063 seconds
[2025-03-08T02:32:04.426+0700] {processor.py:186} INFO - Started process (PID=68958) to work on /home/dataengineer/.pyenv/versions/3.9.21/lib/python3.9/site-packages/airflow/example_dags/example_xcomargs.py
[2025-03-08T02:32:04.428+0700] {processor.py:914} INFO - Processing file /home/dataengineer/.pyenv/versions/3.9.21/lib/python3.9/site-packages/airflow/example_dags/example_xcomargs.py for tasks to queue
[2025-03-08T02:32:04.429+0700] {logging_mixin.py:190} INFO - [2025-03-08T02:32:04.429+0700] {dagbag.py:588} INFO - Filling up the DagBag from /home/dataengineer/.pyenv/versions/3.9.21/lib/python3.9/site-packages/airflow/example_dags/example_xcomargs.py
[2025-03-08T02:32:04.440+0700] {processor.py:925} INFO - DAG(s) 'example_xcom_args', 'example_xcom_args_with_operators' retrieved from /home/dataengineer/.pyenv/versions/3.9.21/lib/python3.9/site-packages/airflow/example_dags/example_xcomargs.py
[2025-03-08T02:32:04.459+0700] {logging_mixin.py:190} INFO - [2025-03-08T02:32:04.459+0700] {dag.py:3239} INFO - Sync 2 DAGs
[2025-03-08T02:32:04.475+0700] {logging_mixin.py:190} INFO - [2025-03-08T02:32:04.474+0700] {dag.py:4180} INFO - Setting next_dagrun for example_xcom_args to None, run_after=None
[2025-03-08T02:32:04.478+0700] {logging_mixin.py:190} INFO - [2025-03-08T02:32:04.478+0700] {dag.py:4180} INFO - Setting next_dagrun for example_xcom_args_with_operators to None, run_after=None
[2025-03-08T02:32:04.500+0700] {processor.py:208} INFO - Processing /home/dataengineer/.pyenv/versions/3.9.21/lib/python3.9/site-packages/airflow/example_dags/example_xcomargs.py took 0.080 seconds
[2025-03-08T02:33:02.049+0700] {processor.py:186} INFO - Started process (PID=69212) to work on /home/dataengineer/.pyenv/versions/3.9.21/lib/python3.9/site-packages/airflow/example_dags/example_xcomargs.py
[2025-03-08T02:33:02.050+0700] {processor.py:914} INFO - Processing file /home/dataengineer/.pyenv/versions/3.9.21/lib/python3.9/site-packages/airflow/example_dags/example_xcomargs.py for tasks to queue
[2025-03-08T02:33:02.051+0700] {logging_mixin.py:190} INFO - [2025-03-08T02:33:02.050+0700] {dagbag.py:588} INFO - Filling up the DagBag from /home/dataengineer/.pyenv/versions/3.9.21/lib/python3.9/site-packages/airflow/example_dags/example_xcomargs.py
[2025-03-08T02:33:02.059+0700] {processor.py:925} INFO - DAG(s) 'example_xcom_args', 'example_xcom_args_with_operators' retrieved from /home/dataengineer/.pyenv/versions/3.9.21/lib/python3.9/site-packages/airflow/example_dags/example_xcomargs.py
[2025-03-08T02:33:02.074+0700] {logging_mixin.py:190} INFO - [2025-03-08T02:33:02.074+0700] {dag.py:3239} INFO - Sync 2 DAGs
[2025-03-08T02:33:02.085+0700] {logging_mixin.py:190} INFO - [2025-03-08T02:33:02.084+0700] {dag.py:4180} INFO - Setting next_dagrun for example_xcom_args to None, run_after=None
[2025-03-08T02:33:02.087+0700] {logging_mixin.py:190} INFO - [2025-03-08T02:33:02.087+0700] {dag.py:4180} INFO - Setting next_dagrun for example_xcom_args_with_operators to None, run_after=None
[2025-03-08T02:33:02.103+0700] {processor.py:208} INFO - Processing /home/dataengineer/.pyenv/versions/3.9.21/lib/python3.9/site-packages/airflow/example_dags/example_xcomargs.py took 0.060 seconds
[2025-03-08T02:33:58.858+0700] {processor.py:186} INFO - Started process (PID=69542) to work on /home/dataengineer/.pyenv/versions/3.9.21/lib/python3.9/site-packages/airflow/example_dags/example_xcomargs.py
[2025-03-08T02:33:58.859+0700] {processor.py:914} INFO - Processing file /home/dataengineer/.pyenv/versions/3.9.21/lib/python3.9/site-packages/airflow/example_dags/example_xcomargs.py for tasks to queue
[2025-03-08T02:33:58.860+0700] {logging_mixin.py:190} INFO - [2025-03-08T02:33:58.860+0700] {dagbag.py:588} INFO - Filling up the DagBag from /home/dataengineer/.pyenv/versions/3.9.21/lib/python3.9/site-packages/airflow/example_dags/example_xcomargs.py
[2025-03-08T02:33:58.870+0700] {processor.py:925} INFO - DAG(s) 'example_xcom_args_with_operators', 'example_xcom_args' retrieved from /home/dataengineer/.pyenv/versions/3.9.21/lib/python3.9/site-packages/airflow/example_dags/example_xcomargs.py
[2025-03-08T02:33:58.886+0700] {logging_mixin.py:190} INFO - [2025-03-08T02:33:58.885+0700] {dag.py:3239} INFO - Sync 2 DAGs
[2025-03-08T02:33:58.896+0700] {logging_mixin.py:190} INFO - [2025-03-08T02:33:58.896+0700] {dag.py:4180} INFO - Setting next_dagrun for example_xcom_args to None, run_after=None
[2025-03-08T02:33:58.899+0700] {logging_mixin.py:190} INFO - [2025-03-08T02:33:58.899+0700] {dag.py:4180} INFO - Setting next_dagrun for example_xcom_args_with_operators to None, run_after=None
[2025-03-08T02:33:58.915+0700] {processor.py:208} INFO - Processing /home/dataengineer/.pyenv/versions/3.9.21/lib/python3.9/site-packages/airflow/example_dags/example_xcomargs.py took 0.063 seconds
[2025-03-08T02:34:44.020+0700] {processor.py:186} INFO - Started process (PID=70331) to work on /home/dataengineer/.pyenv/versions/3.9.21/lib/python3.9/site-packages/airflow/example_dags/example_xcomargs.py
[2025-03-08T02:34:44.021+0700] {processor.py:914} INFO - Processing file /home/dataengineer/.pyenv/versions/3.9.21/lib/python3.9/site-packages/airflow/example_dags/example_xcomargs.py for tasks to queue
[2025-03-08T02:34:44.023+0700] {logging_mixin.py:190} INFO - [2025-03-08T02:34:44.023+0700] {dagbag.py:588} INFO - Filling up the DagBag from /home/dataengineer/.pyenv/versions/3.9.21/lib/python3.9/site-packages/airflow/example_dags/example_xcomargs.py
[2025-03-08T02:34:44.032+0700] {processor.py:925} INFO - DAG(s) 'example_xcom_args', 'example_xcom_args_with_operators' retrieved from /home/dataengineer/.pyenv/versions/3.9.21/lib/python3.9/site-packages/airflow/example_dags/example_xcomargs.py
[2025-03-08T02:34:44.049+0700] {logging_mixin.py:190} INFO - [2025-03-08T02:34:44.049+0700] {dag.py:3239} INFO - Sync 2 DAGs
[2025-03-08T02:34:44.060+0700] {logging_mixin.py:190} INFO - [2025-03-08T02:34:44.060+0700] {dag.py:4180} INFO - Setting next_dagrun for example_xcom_args to None, run_after=None
[2025-03-08T02:34:44.063+0700] {logging_mixin.py:190} INFO - [2025-03-08T02:34:44.063+0700] {dag.py:4180} INFO - Setting next_dagrun for example_xcom_args_with_operators to None, run_after=None
[2025-03-08T02:34:44.080+0700] {processor.py:208} INFO - Processing /home/dataengineer/.pyenv/versions/3.9.21/lib/python3.9/site-packages/airflow/example_dags/example_xcomargs.py took 0.066 seconds
[2025-03-08T02:35:43.732+0700] {processor.py:186} INFO - Started process (PID=70772) to work on /home/dataengineer/.pyenv/versions/3.9.21/lib/python3.9/site-packages/airflow/example_dags/example_xcomargs.py
[2025-03-08T02:35:43.734+0700] {processor.py:914} INFO - Processing file /home/dataengineer/.pyenv/versions/3.9.21/lib/python3.9/site-packages/airflow/example_dags/example_xcomargs.py for tasks to queue
[2025-03-08T02:35:43.736+0700] {logging_mixin.py:190} INFO - [2025-03-08T02:35:43.736+0700] {dagbag.py:588} INFO - Filling up the DagBag from /home/dataengineer/.pyenv/versions/3.9.21/lib/python3.9/site-packages/airflow/example_dags/example_xcomargs.py
[2025-03-08T02:35:43.746+0700] {processor.py:925} INFO - DAG(s) 'example_xcom_args', 'example_xcom_args_with_operators' retrieved from /home/dataengineer/.pyenv/versions/3.9.21/lib/python3.9/site-packages/airflow/example_dags/example_xcomargs.py
[2025-03-08T02:35:43.763+0700] {logging_mixin.py:190} INFO - [2025-03-08T02:35:43.762+0700] {dag.py:3239} INFO - Sync 2 DAGs
[2025-03-08T02:35:43.774+0700] {logging_mixin.py:190} INFO - [2025-03-08T02:35:43.774+0700] {dag.py:4180} INFO - Setting next_dagrun for example_xcom_args to None, run_after=None
[2025-03-08T02:35:43.776+0700] {logging_mixin.py:190} INFO - [2025-03-08T02:35:43.776+0700] {dag.py:4180} INFO - Setting next_dagrun for example_xcom_args_with_operators to None, run_after=None
[2025-03-08T02:35:43.794+0700] {processor.py:208} INFO - Processing /home/dataengineer/.pyenv/versions/3.9.21/lib/python3.9/site-packages/airflow/example_dags/example_xcomargs.py took 0.067 seconds
[2025-03-08T02:36:46.071+0700] {processor.py:186} INFO - Started process (PID=71225) to work on /home/dataengineer/.pyenv/versions/3.9.21/lib/python3.9/site-packages/airflow/example_dags/example_xcomargs.py
[2025-03-08T02:36:46.072+0700] {processor.py:914} INFO - Processing file /home/dataengineer/.pyenv/versions/3.9.21/lib/python3.9/site-packages/airflow/example_dags/example_xcomargs.py for tasks to queue
[2025-03-08T02:36:46.075+0700] {logging_mixin.py:190} INFO - [2025-03-08T02:36:46.074+0700] {dagbag.py:588} INFO - Filling up the DagBag from /home/dataengineer/.pyenv/versions/3.9.21/lib/python3.9/site-packages/airflow/example_dags/example_xcomargs.py
[2025-03-08T02:36:46.085+0700] {processor.py:925} INFO - DAG(s) 'example_xcom_args_with_operators', 'example_xcom_args' retrieved from /home/dataengineer/.pyenv/versions/3.9.21/lib/python3.9/site-packages/airflow/example_dags/example_xcomargs.py
[2025-03-08T02:36:46.103+0700] {logging_mixin.py:190} INFO - [2025-03-08T02:36:46.102+0700] {dag.py:3239} INFO - Sync 2 DAGs
[2025-03-08T02:36:46.114+0700] {logging_mixin.py:190} INFO - [2025-03-08T02:36:46.114+0700] {dag.py:4180} INFO - Setting next_dagrun for example_xcom_args to None, run_after=None
[2025-03-08T02:36:46.117+0700] {logging_mixin.py:190} INFO - [2025-03-08T02:36:46.117+0700] {dag.py:4180} INFO - Setting next_dagrun for example_xcom_args_with_operators to None, run_after=None
[2025-03-08T02:36:46.136+0700] {processor.py:208} INFO - Processing /home/dataengineer/.pyenv/versions/3.9.21/lib/python3.9/site-packages/airflow/example_dags/example_xcomargs.py took 0.071 seconds
[2025-03-08T02:37:44.269+0700] {processor.py:186} INFO - Started process (PID=71462) to work on /home/dataengineer/.pyenv/versions/3.9.21/lib/python3.9/site-packages/airflow/example_dags/example_xcomargs.py
[2025-03-08T02:37:44.270+0700] {processor.py:914} INFO - Processing file /home/dataengineer/.pyenv/versions/3.9.21/lib/python3.9/site-packages/airflow/example_dags/example_xcomargs.py for tasks to queue
[2025-03-08T02:37:44.273+0700] {logging_mixin.py:190} INFO - [2025-03-08T02:37:44.272+0700] {dagbag.py:588} INFO - Filling up the DagBag from /home/dataengineer/.pyenv/versions/3.9.21/lib/python3.9/site-packages/airflow/example_dags/example_xcomargs.py
[2025-03-08T02:37:44.283+0700] {processor.py:925} INFO - DAG(s) 'example_xcom_args_with_operators', 'example_xcom_args' retrieved from /home/dataengineer/.pyenv/versions/3.9.21/lib/python3.9/site-packages/airflow/example_dags/example_xcomargs.py
[2025-03-08T02:37:44.301+0700] {logging_mixin.py:190} INFO - [2025-03-08T02:37:44.300+0700] {dag.py:3239} INFO - Sync 2 DAGs
[2025-03-08T02:37:44.313+0700] {logging_mixin.py:190} INFO - [2025-03-08T02:37:44.312+0700] {dag.py:4180} INFO - Setting next_dagrun for example_xcom_args to None, run_after=None
[2025-03-08T02:37:44.316+0700] {logging_mixin.py:190} INFO - [2025-03-08T02:37:44.315+0700] {dag.py:4180} INFO - Setting next_dagrun for example_xcom_args_with_operators to None, run_after=None
[2025-03-08T02:37:44.337+0700] {processor.py:208} INFO - Processing /home/dataengineer/.pyenv/versions/3.9.21/lib/python3.9/site-packages/airflow/example_dags/example_xcomargs.py took 0.073 seconds
[2025-03-08T02:38:49.478+0700] {processor.py:186} INFO - Started process (PID=72404) to work on /home/dataengineer/.pyenv/versions/3.9.21/lib/python3.9/site-packages/airflow/example_dags/example_xcomargs.py
[2025-03-08T02:38:49.480+0700] {processor.py:914} INFO - Processing file /home/dataengineer/.pyenv/versions/3.9.21/lib/python3.9/site-packages/airflow/example_dags/example_xcomargs.py for tasks to queue
[2025-03-08T02:38:49.482+0700] {logging_mixin.py:190} INFO - [2025-03-08T02:38:49.481+0700] {dagbag.py:588} INFO - Filling up the DagBag from /home/dataengineer/.pyenv/versions/3.9.21/lib/python3.9/site-packages/airflow/example_dags/example_xcomargs.py
[2025-03-08T02:38:49.492+0700] {processor.py:925} INFO - DAG(s) 'example_xcom_args_with_operators', 'example_xcom_args' retrieved from /home/dataengineer/.pyenv/versions/3.9.21/lib/python3.9/site-packages/airflow/example_dags/example_xcomargs.py
[2025-03-08T02:38:49.511+0700] {logging_mixin.py:190} INFO - [2025-03-08T02:38:49.511+0700] {dag.py:3239} INFO - Sync 2 DAGs
[2025-03-08T02:38:49.525+0700] {logging_mixin.py:190} INFO - [2025-03-08T02:38:49.525+0700] {dag.py:4180} INFO - Setting next_dagrun for example_xcom_args to None, run_after=None
[2025-03-08T02:38:49.529+0700] {logging_mixin.py:190} INFO - [2025-03-08T02:38:49.529+0700] {dag.py:4180} INFO - Setting next_dagrun for example_xcom_args_with_operators to None, run_after=None
[2025-03-08T02:38:49.548+0700] {processor.py:208} INFO - Processing /home/dataengineer/.pyenv/versions/3.9.21/lib/python3.9/site-packages/airflow/example_dags/example_xcomargs.py took 0.076 seconds
