[2025-03-08T00:56:59.318+0700] {processor.py:186} INFO - Started process (PID=36440) to work on /home/dataengineer/.pyenv/versions/3.9.21/lib/python3.9/site-packages/airflow/example_dags/example_branch_operator_decorator.py
[2025-03-08T00:56:59.318+0700] {processor.py:914} INFO - Processing file /home/dataengineer/.pyenv/versions/3.9.21/lib/python3.9/site-packages/airflow/example_dags/example_branch_operator_decorator.py for tasks to queue
[2025-03-08T00:56:59.320+0700] {logging_mixin.py:190} INFO - [2025-03-08T00:56:59.320+0700] {dagbag.py:588} INFO - Filling up the DagBag from /home/dataengineer/.pyenv/versions/3.9.21/lib/python3.9/site-packages/airflow/example_dags/example_branch_operator_decorator.py
[2025-03-08T00:56:59.391+0700] {processor.py:927} WARNING - No viable dags retrieved from /home/dataengineer/.pyenv/versions/3.9.21/lib/python3.9/site-packages/airflow/example_dags/example_branch_operator_decorator.py
[2025-03-08T00:56:59.398+0700] {processor.py:208} INFO - Processing /home/dataengineer/.pyenv/versions/3.9.21/lib/python3.9/site-packages/airflow/example_dags/example_branch_operator_decorator.py took 0.086 seconds
[2025-03-08T00:58:02.412+0700] {processor.py:186} INFO - Started process (PID=37091) to work on /home/dataengineer/.pyenv/versions/3.9.21/lib/python3.9/site-packages/airflow/example_dags/example_branch_operator_decorator.py
[2025-03-08T00:58:02.413+0700] {processor.py:914} INFO - Processing file /home/dataengineer/.pyenv/versions/3.9.21/lib/python3.9/site-packages/airflow/example_dags/example_branch_operator_decorator.py for tasks to queue
[2025-03-08T00:58:02.415+0700] {logging_mixin.py:190} INFO - [2025-03-08T00:58:02.415+0700] {dagbag.py:588} INFO - Filling up the DagBag from /home/dataengineer/.pyenv/versions/3.9.21/lib/python3.9/site-packages/airflow/example_dags/example_branch_operator_decorator.py
[2025-03-08T00:58:02.489+0700] {processor.py:927} WARNING - No viable dags retrieved from /home/dataengineer/.pyenv/versions/3.9.21/lib/python3.9/site-packages/airflow/example_dags/example_branch_operator_decorator.py
[2025-03-08T00:58:02.500+0700] {processor.py:208} INFO - Processing /home/dataengineer/.pyenv/versions/3.9.21/lib/python3.9/site-packages/airflow/example_dags/example_branch_operator_decorator.py took 0.094 seconds
[2025-03-08T00:59:04.205+0700] {processor.py:186} INFO - Started process (PID=37520) to work on /home/dataengineer/.pyenv/versions/3.9.21/lib/python3.9/site-packages/airflow/example_dags/example_branch_operator_decorator.py
[2025-03-08T00:59:04.207+0700] {processor.py:914} INFO - Processing file /home/dataengineer/.pyenv/versions/3.9.21/lib/python3.9/site-packages/airflow/example_dags/example_branch_operator_decorator.py for tasks to queue
[2025-03-08T00:59:04.208+0700] {logging_mixin.py:190} INFO - [2025-03-08T00:59:04.208+0700] {dagbag.py:588} INFO - Filling up the DagBag from /home/dataengineer/.pyenv/versions/3.9.21/lib/python3.9/site-packages/airflow/example_dags/example_branch_operator_decorator.py
[2025-03-08T00:59:04.278+0700] {processor.py:927} WARNING - No viable dags retrieved from /home/dataengineer/.pyenv/versions/3.9.21/lib/python3.9/site-packages/airflow/example_dags/example_branch_operator_decorator.py
[2025-03-08T00:59:04.286+0700] {processor.py:208} INFO - Processing /home/dataengineer/.pyenv/versions/3.9.21/lib/python3.9/site-packages/airflow/example_dags/example_branch_operator_decorator.py took 0.086 seconds
[2025-03-08T01:00:05.896+0700] {processor.py:186} INFO - Started process (PID=37947) to work on /home/dataengineer/.pyenv/versions/3.9.21/lib/python3.9/site-packages/airflow/example_dags/example_branch_operator_decorator.py
[2025-03-08T01:00:05.897+0700] {processor.py:914} INFO - Processing file /home/dataengineer/.pyenv/versions/3.9.21/lib/python3.9/site-packages/airflow/example_dags/example_branch_operator_decorator.py for tasks to queue
[2025-03-08T01:00:05.899+0700] {logging_mixin.py:190} INFO - [2025-03-08T01:00:05.899+0700] {dagbag.py:588} INFO - Filling up the DagBag from /home/dataengineer/.pyenv/versions/3.9.21/lib/python3.9/site-packages/airflow/example_dags/example_branch_operator_decorator.py
[2025-03-08T01:00:05.968+0700] {processor.py:927} WARNING - No viable dags retrieved from /home/dataengineer/.pyenv/versions/3.9.21/lib/python3.9/site-packages/airflow/example_dags/example_branch_operator_decorator.py
[2025-03-08T01:00:05.978+0700] {processor.py:208} INFO - Processing /home/dataengineer/.pyenv/versions/3.9.21/lib/python3.9/site-packages/airflow/example_dags/example_branch_operator_decorator.py took 0.088 seconds
[2025-03-08T01:01:07.558+0700] {processor.py:186} INFO - Started process (PID=38379) to work on /home/dataengineer/.pyenv/versions/3.9.21/lib/python3.9/site-packages/airflow/example_dags/example_branch_operator_decorator.py
[2025-03-08T01:01:07.559+0700] {processor.py:914} INFO - Processing file /home/dataengineer/.pyenv/versions/3.9.21/lib/python3.9/site-packages/airflow/example_dags/example_branch_operator_decorator.py for tasks to queue
[2025-03-08T01:01:07.561+0700] {logging_mixin.py:190} INFO - [2025-03-08T01:01:07.561+0700] {dagbag.py:588} INFO - Filling up the DagBag from /home/dataengineer/.pyenv/versions/3.9.21/lib/python3.9/site-packages/airflow/example_dags/example_branch_operator_decorator.py
[2025-03-08T01:01:07.639+0700] {processor.py:927} WARNING - No viable dags retrieved from /home/dataengineer/.pyenv/versions/3.9.21/lib/python3.9/site-packages/airflow/example_dags/example_branch_operator_decorator.py
[2025-03-08T01:01:07.648+0700] {processor.py:208} INFO - Processing /home/dataengineer/.pyenv/versions/3.9.21/lib/python3.9/site-packages/airflow/example_dags/example_branch_operator_decorator.py took 0.097 seconds
[2025-03-08T01:02:09.349+0700] {processor.py:186} INFO - Started process (PID=38885) to work on /home/dataengineer/.pyenv/versions/3.9.21/lib/python3.9/site-packages/airflow/example_dags/example_branch_operator_decorator.py
[2025-03-08T01:02:09.350+0700] {processor.py:914} INFO - Processing file /home/dataengineer/.pyenv/versions/3.9.21/lib/python3.9/site-packages/airflow/example_dags/example_branch_operator_decorator.py for tasks to queue
[2025-03-08T01:02:09.352+0700] {logging_mixin.py:190} INFO - [2025-03-08T01:02:09.352+0700] {dagbag.py:588} INFO - Filling up the DagBag from /home/dataengineer/.pyenv/versions/3.9.21/lib/python3.9/site-packages/airflow/example_dags/example_branch_operator_decorator.py
[2025-03-08T01:02:09.411+0700] {processor.py:927} WARNING - No viable dags retrieved from /home/dataengineer/.pyenv/versions/3.9.21/lib/python3.9/site-packages/airflow/example_dags/example_branch_operator_decorator.py
[2025-03-08T01:02:09.419+0700] {processor.py:208} INFO - Processing /home/dataengineer/.pyenv/versions/3.9.21/lib/python3.9/site-packages/airflow/example_dags/example_branch_operator_decorator.py took 0.077 seconds
[2025-03-08T01:03:09.501+0700] {processor.py:186} INFO - Started process (PID=39431) to work on /home/dataengineer/.pyenv/versions/3.9.21/lib/python3.9/site-packages/airflow/example_dags/example_branch_operator_decorator.py
[2025-03-08T01:03:09.502+0700] {processor.py:914} INFO - Processing file /home/dataengineer/.pyenv/versions/3.9.21/lib/python3.9/site-packages/airflow/example_dags/example_branch_operator_decorator.py for tasks to queue
[2025-03-08T01:03:09.504+0700] {logging_mixin.py:190} INFO - [2025-03-08T01:03:09.504+0700] {dagbag.py:588} INFO - Filling up the DagBag from /home/dataengineer/.pyenv/versions/3.9.21/lib/python3.9/site-packages/airflow/example_dags/example_branch_operator_decorator.py
[2025-03-08T01:03:09.568+0700] {processor.py:927} WARNING - No viable dags retrieved from /home/dataengineer/.pyenv/versions/3.9.21/lib/python3.9/site-packages/airflow/example_dags/example_branch_operator_decorator.py
[2025-03-08T01:03:09.576+0700] {processor.py:208} INFO - Processing /home/dataengineer/.pyenv/versions/3.9.21/lib/python3.9/site-packages/airflow/example_dags/example_branch_operator_decorator.py took 0.080 seconds
[2025-03-08T01:04:11.335+0700] {processor.py:186} INFO - Started process (PID=41083) to work on /home/dataengineer/.pyenv/versions/3.9.21/lib/python3.9/site-packages/airflow/example_dags/example_branch_operator_decorator.py
[2025-03-08T01:04:11.337+0700] {processor.py:914} INFO - Processing file /home/dataengineer/.pyenv/versions/3.9.21/lib/python3.9/site-packages/airflow/example_dags/example_branch_operator_decorator.py for tasks to queue
[2025-03-08T01:04:11.339+0700] {logging_mixin.py:190} INFO - [2025-03-08T01:04:11.338+0700] {dagbag.py:588} INFO - Filling up the DagBag from /home/dataengineer/.pyenv/versions/3.9.21/lib/python3.9/site-packages/airflow/example_dags/example_branch_operator_decorator.py
[2025-03-08T01:04:11.409+0700] {processor.py:927} WARNING - No viable dags retrieved from /home/dataengineer/.pyenv/versions/3.9.21/lib/python3.9/site-packages/airflow/example_dags/example_branch_operator_decorator.py
[2025-03-08T01:04:11.420+0700] {processor.py:208} INFO - Processing /home/dataengineer/.pyenv/versions/3.9.21/lib/python3.9/site-packages/airflow/example_dags/example_branch_operator_decorator.py took 0.090 seconds
[2025-03-08T01:05:10.562+0700] {processor.py:186} INFO - Started process (PID=42599) to work on /home/dataengineer/.pyenv/versions/3.9.21/lib/python3.9/site-packages/airflow/example_dags/example_branch_operator_decorator.py
[2025-03-08T01:05:10.564+0700] {processor.py:914} INFO - Processing file /home/dataengineer/.pyenv/versions/3.9.21/lib/python3.9/site-packages/airflow/example_dags/example_branch_operator_decorator.py for tasks to queue
[2025-03-08T01:05:10.566+0700] {logging_mixin.py:190} INFO - [2025-03-08T01:05:10.566+0700] {dagbag.py:588} INFO - Filling up the DagBag from /home/dataengineer/.pyenv/versions/3.9.21/lib/python3.9/site-packages/airflow/example_dags/example_branch_operator_decorator.py
[2025-03-08T01:05:10.641+0700] {processor.py:927} WARNING - No viable dags retrieved from /home/dataengineer/.pyenv/versions/3.9.21/lib/python3.9/site-packages/airflow/example_dags/example_branch_operator_decorator.py
[2025-03-08T01:05:10.649+0700] {processor.py:208} INFO - Processing /home/dataengineer/.pyenv/versions/3.9.21/lib/python3.9/site-packages/airflow/example_dags/example_branch_operator_decorator.py took 0.093 seconds
[2025-03-08T02:29:30.456+0700] {processor.py:186} INFO - Started process (PID=67561) to work on /home/dataengineer/.pyenv/versions/3.9.21/lib/python3.9/site-packages/airflow/example_dags/example_branch_operator_decorator.py
[2025-03-08T02:29:30.458+0700] {processor.py:914} INFO - Processing file /home/dataengineer/.pyenv/versions/3.9.21/lib/python3.9/site-packages/airflow/example_dags/example_branch_operator_decorator.py for tasks to queue
[2025-03-08T02:29:30.460+0700] {logging_mixin.py:190} INFO - [2025-03-08T02:29:30.459+0700] {dagbag.py:588} INFO - Filling up the DagBag from /home/dataengineer/.pyenv/versions/3.9.21/lib/python3.9/site-packages/airflow/example_dags/example_branch_operator_decorator.py
[2025-03-08T02:29:30.529+0700] {processor.py:927} WARNING - No viable dags retrieved from /home/dataengineer/.pyenv/versions/3.9.21/lib/python3.9/site-packages/airflow/example_dags/example_branch_operator_decorator.py
[2025-03-08T02:29:30.538+0700] {processor.py:208} INFO - Processing /home/dataengineer/.pyenv/versions/3.9.21/lib/python3.9/site-packages/airflow/example_dags/example_branch_operator_decorator.py took 0.087 seconds
[2025-03-08T02:30:28.877+0700] {processor.py:186} INFO - Started process (PID=68033) to work on /home/dataengineer/.pyenv/versions/3.9.21/lib/python3.9/site-packages/airflow/example_dags/example_branch_operator_decorator.py
[2025-03-08T02:30:28.878+0700] {processor.py:914} INFO - Processing file /home/dataengineer/.pyenv/versions/3.9.21/lib/python3.9/site-packages/airflow/example_dags/example_branch_operator_decorator.py for tasks to queue
[2025-03-08T02:30:28.880+0700] {logging_mixin.py:190} INFO - [2025-03-08T02:30:28.879+0700] {dagbag.py:588} INFO - Filling up the DagBag from /home/dataengineer/.pyenv/versions/3.9.21/lib/python3.9/site-packages/airflow/example_dags/example_branch_operator_decorator.py
[2025-03-08T02:30:28.947+0700] {processor.py:927} WARNING - No viable dags retrieved from /home/dataengineer/.pyenv/versions/3.9.21/lib/python3.9/site-packages/airflow/example_dags/example_branch_operator_decorator.py
[2025-03-08T02:30:28.955+0700] {processor.py:208} INFO - Processing /home/dataengineer/.pyenv/versions/3.9.21/lib/python3.9/site-packages/airflow/example_dags/example_branch_operator_decorator.py took 0.083 seconds
[2025-03-08T02:31:25.504+0700] {processor.py:186} INFO - Started process (PID=68497) to work on /home/dataengineer/.pyenv/versions/3.9.21/lib/python3.9/site-packages/airflow/example_dags/example_branch_operator_decorator.py
[2025-03-08T02:31:25.505+0700] {processor.py:914} INFO - Processing file /home/dataengineer/.pyenv/versions/3.9.21/lib/python3.9/site-packages/airflow/example_dags/example_branch_operator_decorator.py for tasks to queue
[2025-03-08T02:31:25.506+0700] {logging_mixin.py:190} INFO - [2025-03-08T02:31:25.506+0700] {dagbag.py:588} INFO - Filling up the DagBag from /home/dataengineer/.pyenv/versions/3.9.21/lib/python3.9/site-packages/airflow/example_dags/example_branch_operator_decorator.py
[2025-03-08T02:31:25.576+0700] {processor.py:927} WARNING - No viable dags retrieved from /home/dataengineer/.pyenv/versions/3.9.21/lib/python3.9/site-packages/airflow/example_dags/example_branch_operator_decorator.py
[2025-03-08T02:31:25.585+0700] {processor.py:208} INFO - Processing /home/dataengineer/.pyenv/versions/3.9.21/lib/python3.9/site-packages/airflow/example_dags/example_branch_operator_decorator.py took 0.087 seconds
[2025-03-08T02:32:21.899+0700] {processor.py:186} INFO - Started process (PID=69051) to work on /home/dataengineer/.pyenv/versions/3.9.21/lib/python3.9/site-packages/airflow/example_dags/example_branch_operator_decorator.py
[2025-03-08T02:32:21.900+0700] {processor.py:914} INFO - Processing file /home/dataengineer/.pyenv/versions/3.9.21/lib/python3.9/site-packages/airflow/example_dags/example_branch_operator_decorator.py for tasks to queue
[2025-03-08T02:32:21.901+0700] {logging_mixin.py:190} INFO - [2025-03-08T02:32:21.901+0700] {dagbag.py:588} INFO - Filling up the DagBag from /home/dataengineer/.pyenv/versions/3.9.21/lib/python3.9/site-packages/airflow/example_dags/example_branch_operator_decorator.py
[2025-03-08T02:32:21.976+0700] {processor.py:927} WARNING - No viable dags retrieved from /home/dataengineer/.pyenv/versions/3.9.21/lib/python3.9/site-packages/airflow/example_dags/example_branch_operator_decorator.py
[2025-03-08T02:32:21.986+0700] {processor.py:208} INFO - Processing /home/dataengineer/.pyenv/versions/3.9.21/lib/python3.9/site-packages/airflow/example_dags/example_branch_operator_decorator.py took 0.094 seconds
[2025-03-08T02:33:20.162+0700] {processor.py:186} INFO - Started process (PID=69311) to work on /home/dataengineer/.pyenv/versions/3.9.21/lib/python3.9/site-packages/airflow/example_dags/example_branch_operator_decorator.py
[2025-03-08T02:33:20.164+0700] {processor.py:914} INFO - Processing file /home/dataengineer/.pyenv/versions/3.9.21/lib/python3.9/site-packages/airflow/example_dags/example_branch_operator_decorator.py for tasks to queue
[2025-03-08T02:33:20.165+0700] {logging_mixin.py:190} INFO - [2025-03-08T02:33:20.164+0700] {dagbag.py:588} INFO - Filling up the DagBag from /home/dataengineer/.pyenv/versions/3.9.21/lib/python3.9/site-packages/airflow/example_dags/example_branch_operator_decorator.py
[2025-03-08T02:33:20.237+0700] {processor.py:927} WARNING - No viable dags retrieved from /home/dataengineer/.pyenv/versions/3.9.21/lib/python3.9/site-packages/airflow/example_dags/example_branch_operator_decorator.py
[2025-03-08T02:33:20.245+0700] {processor.py:208} INFO - Processing /home/dataengineer/.pyenv/versions/3.9.21/lib/python3.9/site-packages/airflow/example_dags/example_branch_operator_decorator.py took 0.089 seconds
[2025-03-08T02:34:55.230+0700] {processor.py:186} INFO - Started process (PID=70393) to work on /home/dataengineer/.pyenv/versions/3.9.21/lib/python3.9/site-packages/airflow/example_dags/example_branch_operator_decorator.py
[2025-03-08T02:34:55.231+0700] {processor.py:914} INFO - Processing file /home/dataengineer/.pyenv/versions/3.9.21/lib/python3.9/site-packages/airflow/example_dags/example_branch_operator_decorator.py for tasks to queue
[2025-03-08T02:34:55.233+0700] {logging_mixin.py:190} INFO - [2025-03-08T02:34:55.233+0700] {dagbag.py:588} INFO - Filling up the DagBag from /home/dataengineer/.pyenv/versions/3.9.21/lib/python3.9/site-packages/airflow/example_dags/example_branch_operator_decorator.py
[2025-03-08T02:34:55.300+0700] {processor.py:927} WARNING - No viable dags retrieved from /home/dataengineer/.pyenv/versions/3.9.21/lib/python3.9/site-packages/airflow/example_dags/example_branch_operator_decorator.py
[2025-03-08T02:34:55.311+0700] {processor.py:208} INFO - Processing /home/dataengineer/.pyenv/versions/3.9.21/lib/python3.9/site-packages/airflow/example_dags/example_branch_operator_decorator.py took 0.087 seconds
[2025-03-08T02:35:56.038+0700] {processor.py:186} INFO - Started process (PID=70822) to work on /home/dataengineer/.pyenv/versions/3.9.21/lib/python3.9/site-packages/airflow/example_dags/example_branch_operator_decorator.py
[2025-03-08T02:35:56.039+0700] {processor.py:914} INFO - Processing file /home/dataengineer/.pyenv/versions/3.9.21/lib/python3.9/site-packages/airflow/example_dags/example_branch_operator_decorator.py for tasks to queue
[2025-03-08T02:35:56.042+0700] {logging_mixin.py:190} INFO - [2025-03-08T02:35:56.041+0700] {dagbag.py:588} INFO - Filling up the DagBag from /home/dataengineer/.pyenv/versions/3.9.21/lib/python3.9/site-packages/airflow/example_dags/example_branch_operator_decorator.py
[2025-03-08T02:35:56.195+0700] {processor.py:927} WARNING - No viable dags retrieved from /home/dataengineer/.pyenv/versions/3.9.21/lib/python3.9/site-packages/airflow/example_dags/example_branch_operator_decorator.py
[2025-03-08T02:35:56.204+0700] {processor.py:208} INFO - Processing /home/dataengineer/.pyenv/versions/3.9.21/lib/python3.9/site-packages/airflow/example_dags/example_branch_operator_decorator.py took 0.172 seconds
[2025-03-08T02:36:58.130+0700] {processor.py:186} INFO - Started process (PID=71274) to work on /home/dataengineer/.pyenv/versions/3.9.21/lib/python3.9/site-packages/airflow/example_dags/example_branch_operator_decorator.py
[2025-03-08T02:36:58.131+0700] {processor.py:914} INFO - Processing file /home/dataengineer/.pyenv/versions/3.9.21/lib/python3.9/site-packages/airflow/example_dags/example_branch_operator_decorator.py for tasks to queue
[2025-03-08T02:36:58.133+0700] {logging_mixin.py:190} INFO - [2025-03-08T02:36:58.132+0700] {dagbag.py:588} INFO - Filling up the DagBag from /home/dataengineer/.pyenv/versions/3.9.21/lib/python3.9/site-packages/airflow/example_dags/example_branch_operator_decorator.py
[2025-03-08T02:36:58.199+0700] {processor.py:927} WARNING - No viable dags retrieved from /home/dataengineer/.pyenv/versions/3.9.21/lib/python3.9/site-packages/airflow/example_dags/example_branch_operator_decorator.py
[2025-03-08T02:36:58.207+0700] {processor.py:208} INFO - Processing /home/dataengineer/.pyenv/versions/3.9.21/lib/python3.9/site-packages/airflow/example_dags/example_branch_operator_decorator.py took 0.082 seconds
[2025-03-08T02:38:01.290+0700] {processor.py:186} INFO - Started process (PID=71709) to work on /home/dataengineer/.pyenv/versions/3.9.21/lib/python3.9/site-packages/airflow/example_dags/example_branch_operator_decorator.py
[2025-03-08T02:38:01.292+0700] {processor.py:914} INFO - Processing file /home/dataengineer/.pyenv/versions/3.9.21/lib/python3.9/site-packages/airflow/example_dags/example_branch_operator_decorator.py for tasks to queue
[2025-03-08T02:38:01.294+0700] {logging_mixin.py:190} INFO - [2025-03-08T02:38:01.294+0700] {dagbag.py:588} INFO - Filling up the DagBag from /home/dataengineer/.pyenv/versions/3.9.21/lib/python3.9/site-packages/airflow/example_dags/example_branch_operator_decorator.py
[2025-03-08T02:38:01.383+0700] {processor.py:927} WARNING - No viable dags retrieved from /home/dataengineer/.pyenv/versions/3.9.21/lib/python3.9/site-packages/airflow/example_dags/example_branch_operator_decorator.py
[2025-03-08T02:38:01.393+0700] {processor.py:208} INFO - Processing /home/dataengineer/.pyenv/versions/3.9.21/lib/python3.9/site-packages/airflow/example_dags/example_branch_operator_decorator.py took 0.108 seconds
[2025-03-08T02:39:00.848+0700] {processor.py:186} INFO - Started process (PID=72446) to work on /home/dataengineer/.pyenv/versions/3.9.21/lib/python3.9/site-packages/airflow/example_dags/example_branch_operator_decorator.py
[2025-03-08T02:39:00.849+0700] {processor.py:914} INFO - Processing file /home/dataengineer/.pyenv/versions/3.9.21/lib/python3.9/site-packages/airflow/example_dags/example_branch_operator_decorator.py for tasks to queue
[2025-03-08T02:39:00.853+0700] {logging_mixin.py:190} INFO - [2025-03-08T02:39:00.853+0700] {dagbag.py:588} INFO - Filling up the DagBag from /home/dataengineer/.pyenv/versions/3.9.21/lib/python3.9/site-packages/airflow/example_dags/example_branch_operator_decorator.py
[2025-03-08T02:39:00.923+0700] {processor.py:927} WARNING - No viable dags retrieved from /home/dataengineer/.pyenv/versions/3.9.21/lib/python3.9/site-packages/airflow/example_dags/example_branch_operator_decorator.py
[2025-03-08T02:39:00.933+0700] {processor.py:208} INFO - Processing /home/dataengineer/.pyenv/versions/3.9.21/lib/python3.9/site-packages/airflow/example_dags/example_branch_operator_decorator.py took 0.090 seconds
