[2025-03-08T00:56:26.363+0700] {processor.py:186} INFO - Started process (PID=36110) to work on /home/dataengineer/.pyenv/versions/3.9.21/lib/python3.9/site-packages/airflow/example_dags/example_workday_timetable.py
[2025-03-08T00:56:26.364+0700] {processor.py:914} INFO - Processing file /home/dataengineer/.pyenv/versions/3.9.21/lib/python3.9/site-packages/airflow/example_dags/example_workday_timetable.py for tasks to queue
[2025-03-08T00:56:26.365+0700] {logging_mixin.py:190} INFO - [2025-03-08T00:56:26.365+0700] {dagbag.py:588} INFO - Filling up the DagBag from /home/dataengineer/.pyenv/versions/3.9.21/lib/python3.9/site-packages/airflow/example_dags/example_workday_timetable.py
[2025-03-08T00:56:26.372+0700] {processor.py:925} INFO - DAG(s) 'example_workday_timetable' retrieved from /home/dataengineer/.pyenv/versions/3.9.21/lib/python3.9/site-packages/airflow/example_dags/example_workday_timetable.py
[2025-03-08T00:56:26.389+0700] {logging_mixin.py:190} INFO - [2025-03-08T00:56:26.389+0700] {dag.py:3239} INFO - Sync 1 DAGs
[2025-03-08T00:56:26.438+0700] {logging_mixin.py:190} INFO - [2025-03-08T00:56:26.438+0700] {dag.py:4180} INFO - Setting next_dagrun for example_workday_timetable to 2021-01-04 00:00:00+00:00, run_after=2021-01-05 00:00:00+00:00
[2025-03-08T00:56:26.456+0700] {processor.py:208} INFO - Processing /home/dataengineer/.pyenv/versions/3.9.21/lib/python3.9/site-packages/airflow/example_dags/example_workday_timetable.py took 0.098 seconds
[2025-03-08T00:57:32.527+0700] {processor.py:186} INFO - Started process (PID=36867) to work on /home/dataengineer/.pyenv/versions/3.9.21/lib/python3.9/site-packages/airflow/example_dags/example_workday_timetable.py
[2025-03-08T00:57:32.528+0700] {processor.py:914} INFO - Processing file /home/dataengineer/.pyenv/versions/3.9.21/lib/python3.9/site-packages/airflow/example_dags/example_workday_timetable.py for tasks to queue
[2025-03-08T00:57:32.530+0700] {logging_mixin.py:190} INFO - [2025-03-08T00:57:32.530+0700] {dagbag.py:588} INFO - Filling up the DagBag from /home/dataengineer/.pyenv/versions/3.9.21/lib/python3.9/site-packages/airflow/example_dags/example_workday_timetable.py
[2025-03-08T00:57:32.535+0700] {processor.py:925} INFO - DAG(s) 'example_workday_timetable' retrieved from /home/dataengineer/.pyenv/versions/3.9.21/lib/python3.9/site-packages/airflow/example_dags/example_workday_timetable.py
[2025-03-08T00:57:32.549+0700] {logging_mixin.py:190} INFO - [2025-03-08T00:57:32.548+0700] {dag.py:3239} INFO - Sync 1 DAGs
[2025-03-08T00:57:32.601+0700] {logging_mixin.py:190} INFO - [2025-03-08T00:57:32.600+0700] {dag.py:4180} INFO - Setting next_dagrun for example_workday_timetable to 2021-01-04 00:00:00+00:00, run_after=2021-01-05 00:00:00+00:00
[2025-03-08T00:57:32.621+0700] {processor.py:208} INFO - Processing /home/dataengineer/.pyenv/versions/3.9.21/lib/python3.9/site-packages/airflow/example_dags/example_workday_timetable.py took 0.100 seconds
[2025-03-08T00:58:34.569+0700] {processor.py:186} INFO - Started process (PID=37377) to work on /home/dataengineer/.pyenv/versions/3.9.21/lib/python3.9/site-packages/airflow/example_dags/example_workday_timetable.py
[2025-03-08T00:58:34.570+0700] {processor.py:914} INFO - Processing file /home/dataengineer/.pyenv/versions/3.9.21/lib/python3.9/site-packages/airflow/example_dags/example_workday_timetable.py for tasks to queue
[2025-03-08T00:58:34.572+0700] {logging_mixin.py:190} INFO - [2025-03-08T00:58:34.572+0700] {dagbag.py:588} INFO - Filling up the DagBag from /home/dataengineer/.pyenv/versions/3.9.21/lib/python3.9/site-packages/airflow/example_dags/example_workday_timetable.py
[2025-03-08T00:58:34.578+0700] {processor.py:925} INFO - DAG(s) 'example_workday_timetable' retrieved from /home/dataengineer/.pyenv/versions/3.9.21/lib/python3.9/site-packages/airflow/example_dags/example_workday_timetable.py
[2025-03-08T00:58:34.590+0700] {logging_mixin.py:190} INFO - [2025-03-08T00:58:34.590+0700] {dag.py:3239} INFO - Sync 1 DAGs
[2025-03-08T00:58:34.641+0700] {logging_mixin.py:190} INFO - [2025-03-08T00:58:34.640+0700] {dag.py:4180} INFO - Setting next_dagrun for example_workday_timetable to 2021-01-04 00:00:00+00:00, run_after=2021-01-05 00:00:00+00:00
[2025-03-08T00:58:34.661+0700] {processor.py:208} INFO - Processing /home/dataengineer/.pyenv/versions/3.9.21/lib/python3.9/site-packages/airflow/example_dags/example_workday_timetable.py took 0.097 seconds
[2025-03-08T00:59:36.239+0700] {processor.py:186} INFO - Started process (PID=37804) to work on /home/dataengineer/.pyenv/versions/3.9.21/lib/python3.9/site-packages/airflow/example_dags/example_workday_timetable.py
[2025-03-08T00:59:36.241+0700] {processor.py:914} INFO - Processing file /home/dataengineer/.pyenv/versions/3.9.21/lib/python3.9/site-packages/airflow/example_dags/example_workday_timetable.py for tasks to queue
[2025-03-08T00:59:36.242+0700] {logging_mixin.py:190} INFO - [2025-03-08T00:59:36.242+0700] {dagbag.py:588} INFO - Filling up the DagBag from /home/dataengineer/.pyenv/versions/3.9.21/lib/python3.9/site-packages/airflow/example_dags/example_workday_timetable.py
[2025-03-08T00:59:36.248+0700] {processor.py:925} INFO - DAG(s) 'example_workday_timetable' retrieved from /home/dataengineer/.pyenv/versions/3.9.21/lib/python3.9/site-packages/airflow/example_dags/example_workday_timetable.py
[2025-03-08T00:59:36.260+0700] {logging_mixin.py:190} INFO - [2025-03-08T00:59:36.259+0700] {dag.py:3239} INFO - Sync 1 DAGs
[2025-03-08T00:59:36.307+0700] {logging_mixin.py:190} INFO - [2025-03-08T00:59:36.307+0700] {dag.py:4180} INFO - Setting next_dagrun for example_workday_timetable to 2021-01-04 00:00:00+00:00, run_after=2021-01-05 00:00:00+00:00
[2025-03-08T00:59:36.325+0700] {processor.py:208} INFO - Processing /home/dataengineer/.pyenv/versions/3.9.21/lib/python3.9/site-packages/airflow/example_dags/example_workday_timetable.py took 0.091 seconds
[2025-03-08T01:00:36.772+0700] {processor.py:186} INFO - Started process (PID=38230) to work on /home/dataengineer/.pyenv/versions/3.9.21/lib/python3.9/site-packages/airflow/example_dags/example_workday_timetable.py
[2025-03-08T01:00:36.773+0700] {processor.py:914} INFO - Processing file /home/dataengineer/.pyenv/versions/3.9.21/lib/python3.9/site-packages/airflow/example_dags/example_workday_timetable.py for tasks to queue
[2025-03-08T01:00:36.775+0700] {logging_mixin.py:190} INFO - [2025-03-08T01:00:36.775+0700] {dagbag.py:588} INFO - Filling up the DagBag from /home/dataengineer/.pyenv/versions/3.9.21/lib/python3.9/site-packages/airflow/example_dags/example_workday_timetable.py
[2025-03-08T01:00:36.781+0700] {processor.py:925} INFO - DAG(s) 'example_workday_timetable' retrieved from /home/dataengineer/.pyenv/versions/3.9.21/lib/python3.9/site-packages/airflow/example_dags/example_workday_timetable.py
[2025-03-08T01:00:36.794+0700] {logging_mixin.py:190} INFO - [2025-03-08T01:00:36.794+0700] {dag.py:3239} INFO - Sync 1 DAGs
[2025-03-08T01:00:36.843+0700] {logging_mixin.py:190} INFO - [2025-03-08T01:00:36.843+0700] {dag.py:4180} INFO - Setting next_dagrun for example_workday_timetable to 2021-01-04 00:00:00+00:00, run_after=2021-01-05 00:00:00+00:00
[2025-03-08T01:00:36.863+0700] {processor.py:208} INFO - Processing /home/dataengineer/.pyenv/versions/3.9.21/lib/python3.9/site-packages/airflow/example_dags/example_workday_timetable.py took 0.097 seconds
[2025-03-08T01:01:39.540+0700] {processor.py:186} INFO - Started process (PID=38691) to work on /home/dataengineer/.pyenv/versions/3.9.21/lib/python3.9/site-packages/airflow/example_dags/example_workday_timetable.py
[2025-03-08T01:01:39.541+0700] {processor.py:914} INFO - Processing file /home/dataengineer/.pyenv/versions/3.9.21/lib/python3.9/site-packages/airflow/example_dags/example_workday_timetable.py for tasks to queue
[2025-03-08T01:01:39.544+0700] {logging_mixin.py:190} INFO - [2025-03-08T01:01:39.543+0700] {dagbag.py:588} INFO - Filling up the DagBag from /home/dataengineer/.pyenv/versions/3.9.21/lib/python3.9/site-packages/airflow/example_dags/example_workday_timetable.py
[2025-03-08T01:01:39.550+0700] {processor.py:925} INFO - DAG(s) 'example_workday_timetable' retrieved from /home/dataengineer/.pyenv/versions/3.9.21/lib/python3.9/site-packages/airflow/example_dags/example_workday_timetable.py
[2025-03-08T01:01:39.564+0700] {logging_mixin.py:190} INFO - [2025-03-08T01:01:39.563+0700] {dag.py:3239} INFO - Sync 1 DAGs
[2025-03-08T01:01:39.617+0700] {logging_mixin.py:190} INFO - [2025-03-08T01:01:39.617+0700] {dag.py:4180} INFO - Setting next_dagrun for example_workday_timetable to 2021-01-04 00:00:00+00:00, run_after=2021-01-05 00:00:00+00:00
[2025-03-08T01:01:39.639+0700] {processor.py:208} INFO - Processing /home/dataengineer/.pyenv/versions/3.9.21/lib/python3.9/site-packages/airflow/example_dags/example_workday_timetable.py took 0.104 seconds
[2025-03-08T01:02:41.185+0700] {processor.py:186} INFO - Started process (PID=39200) to work on /home/dataengineer/.pyenv/versions/3.9.21/lib/python3.9/site-packages/airflow/example_dags/example_workday_timetable.py
[2025-03-08T01:02:41.186+0700] {processor.py:914} INFO - Processing file /home/dataengineer/.pyenv/versions/3.9.21/lib/python3.9/site-packages/airflow/example_dags/example_workday_timetable.py for tasks to queue
[2025-03-08T01:02:41.188+0700] {logging_mixin.py:190} INFO - [2025-03-08T01:02:41.188+0700] {dagbag.py:588} INFO - Filling up the DagBag from /home/dataengineer/.pyenv/versions/3.9.21/lib/python3.9/site-packages/airflow/example_dags/example_workday_timetable.py
[2025-03-08T01:02:41.195+0700] {processor.py:925} INFO - DAG(s) 'example_workday_timetable' retrieved from /home/dataengineer/.pyenv/versions/3.9.21/lib/python3.9/site-packages/airflow/example_dags/example_workday_timetable.py
[2025-03-08T01:02:41.208+0700] {logging_mixin.py:190} INFO - [2025-03-08T01:02:41.208+0700] {dag.py:3239} INFO - Sync 1 DAGs
[2025-03-08T01:02:41.264+0700] {logging_mixin.py:190} INFO - [2025-03-08T01:02:41.264+0700] {dag.py:4180} INFO - Setting next_dagrun for example_workday_timetable to 2021-01-04 00:00:00+00:00, run_after=2021-01-05 00:00:00+00:00
[2025-03-08T01:02:41.283+0700] {processor.py:208} INFO - Processing /home/dataengineer/.pyenv/versions/3.9.21/lib/python3.9/site-packages/airflow/example_dags/example_workday_timetable.py took 0.104 seconds
[2025-03-08T01:03:41.711+0700] {processor.py:186} INFO - Started process (PID=39955) to work on /home/dataengineer/.pyenv/versions/3.9.21/lib/python3.9/site-packages/airflow/example_dags/example_workday_timetable.py
[2025-03-08T01:03:41.712+0700] {processor.py:914} INFO - Processing file /home/dataengineer/.pyenv/versions/3.9.21/lib/python3.9/site-packages/airflow/example_dags/example_workday_timetable.py for tasks to queue
[2025-03-08T01:03:41.714+0700] {logging_mixin.py:190} INFO - [2025-03-08T01:03:41.713+0700] {dagbag.py:588} INFO - Filling up the DagBag from /home/dataengineer/.pyenv/versions/3.9.21/lib/python3.9/site-packages/airflow/example_dags/example_workday_timetable.py
[2025-03-08T01:03:41.719+0700] {processor.py:925} INFO - DAG(s) 'example_workday_timetable' retrieved from /home/dataengineer/.pyenv/versions/3.9.21/lib/python3.9/site-packages/airflow/example_dags/example_workday_timetable.py
[2025-03-08T01:03:41.731+0700] {logging_mixin.py:190} INFO - [2025-03-08T01:03:41.731+0700] {dag.py:3239} INFO - Sync 1 DAGs
[2025-03-08T01:03:41.780+0700] {logging_mixin.py:190} INFO - [2025-03-08T01:03:41.780+0700] {dag.py:4180} INFO - Setting next_dagrun for example_workday_timetable to 2021-01-04 00:00:00+00:00, run_after=2021-01-05 00:00:00+00:00
[2025-03-08T01:03:41.799+0700] {processor.py:208} INFO - Processing /home/dataengineer/.pyenv/versions/3.9.21/lib/python3.9/site-packages/airflow/example_dags/example_workday_timetable.py took 0.093 seconds
[2025-03-08T01:04:42.234+0700] {processor.py:186} INFO - Started process (PID=41945) to work on /home/dataengineer/.pyenv/versions/3.9.21/lib/python3.9/site-packages/airflow/example_dags/example_workday_timetable.py
[2025-03-08T01:04:42.236+0700] {processor.py:914} INFO - Processing file /home/dataengineer/.pyenv/versions/3.9.21/lib/python3.9/site-packages/airflow/example_dags/example_workday_timetable.py for tasks to queue
[2025-03-08T01:04:42.237+0700] {logging_mixin.py:190} INFO - [2025-03-08T01:04:42.237+0700] {dagbag.py:588} INFO - Filling up the DagBag from /home/dataengineer/.pyenv/versions/3.9.21/lib/python3.9/site-packages/airflow/example_dags/example_workday_timetable.py
[2025-03-08T01:04:42.243+0700] {processor.py:925} INFO - DAG(s) 'example_workday_timetable' retrieved from /home/dataengineer/.pyenv/versions/3.9.21/lib/python3.9/site-packages/airflow/example_dags/example_workday_timetable.py
[2025-03-08T01:04:42.255+0700] {logging_mixin.py:190} INFO - [2025-03-08T01:04:42.255+0700] {dag.py:3239} INFO - Sync 1 DAGs
[2025-03-08T01:04:42.310+0700] {logging_mixin.py:190} INFO - [2025-03-08T01:04:42.310+0700] {dag.py:4180} INFO - Setting next_dagrun for example_workday_timetable to 2021-01-04 00:00:00+00:00, run_after=2021-01-05 00:00:00+00:00
[2025-03-08T01:04:42.329+0700] {processor.py:208} INFO - Processing /home/dataengineer/.pyenv/versions/3.9.21/lib/python3.9/site-packages/airflow/example_dags/example_workday_timetable.py took 0.100 seconds
[2025-03-08T02:20:03.023+0700] {processor.py:186} INFO - Started process (PID=63470) to work on /home/dataengineer/.pyenv/versions/3.9.21/lib/python3.9/site-packages/airflow/example_dags/example_workday_timetable.py
[2025-03-08T02:20:03.024+0700] {processor.py:914} INFO - Processing file /home/dataengineer/.pyenv/versions/3.9.21/lib/python3.9/site-packages/airflow/example_dags/example_workday_timetable.py for tasks to queue
[2025-03-08T02:20:03.025+0700] {logging_mixin.py:190} INFO - [2025-03-08T02:20:03.025+0700] {dagbag.py:588} INFO - Filling up the DagBag from /home/dataengineer/.pyenv/versions/3.9.21/lib/python3.9/site-packages/airflow/example_dags/example_workday_timetable.py
[2025-03-08T02:20:03.032+0700] {processor.py:925} INFO - DAG(s) 'example_workday_timetable' retrieved from /home/dataengineer/.pyenv/versions/3.9.21/lib/python3.9/site-packages/airflow/example_dags/example_workday_timetable.py
[2025-03-08T02:20:03.049+0700] {logging_mixin.py:190} INFO - [2025-03-08T02:20:03.049+0700] {dag.py:3239} INFO - Sync 1 DAGs
[2025-03-08T02:20:03.096+0700] {logging_mixin.py:190} INFO - [2025-03-08T02:20:03.096+0700] {dag.py:4180} INFO - Setting next_dagrun for example_workday_timetable to 2021-01-04 00:00:00+00:00, run_after=2021-01-05 00:00:00+00:00
[2025-03-08T02:20:03.114+0700] {processor.py:208} INFO - Processing /home/dataengineer/.pyenv/versions/3.9.21/lib/python3.9/site-packages/airflow/example_dags/example_workday_timetable.py took 0.096 seconds
[2025-03-08T02:20:40.007+0700] {processor.py:186} INFO - Started process (PID=64459) to work on /home/dataengineer/.pyenv/versions/3.9.21/lib/python3.9/site-packages/airflow/example_dags/example_workday_timetable.py
[2025-03-08T02:20:40.009+0700] {processor.py:914} INFO - Processing file /home/dataengineer/.pyenv/versions/3.9.21/lib/python3.9/site-packages/airflow/example_dags/example_workday_timetable.py for tasks to queue
[2025-03-08T02:20:40.011+0700] {logging_mixin.py:190} INFO - [2025-03-08T02:20:40.010+0700] {dagbag.py:588} INFO - Filling up the DagBag from /home/dataengineer/.pyenv/versions/3.9.21/lib/python3.9/site-packages/airflow/example_dags/example_workday_timetable.py
[2025-03-08T02:20:40.018+0700] {processor.py:925} INFO - DAG(s) 'example_workday_timetable' retrieved from /home/dataengineer/.pyenv/versions/3.9.21/lib/python3.9/site-packages/airflow/example_dags/example_workday_timetable.py
[2025-03-08T02:20:40.036+0700] {logging_mixin.py:190} INFO - [2025-03-08T02:20:40.036+0700] {dag.py:3239} INFO - Sync 1 DAGs
[2025-03-08T02:20:40.085+0700] {logging_mixin.py:190} INFO - [2025-03-08T02:20:40.085+0700] {dag.py:4180} INFO - Setting next_dagrun for example_workday_timetable to 2021-01-04 00:00:00+00:00, run_after=2021-01-05 00:00:00+00:00
[2025-03-08T02:20:40.105+0700] {processor.py:208} INFO - Processing /home/dataengineer/.pyenv/versions/3.9.21/lib/python3.9/site-packages/airflow/example_dags/example_workday_timetable.py took 0.104 seconds
[2025-03-08T02:21:20.406+0700] {processor.py:186} INFO - Started process (PID=64749) to work on /home/dataengineer/.pyenv/versions/3.9.21/lib/python3.9/site-packages/airflow/example_dags/example_workday_timetable.py
[2025-03-08T02:21:20.407+0700] {processor.py:914} INFO - Processing file /home/dataengineer/.pyenv/versions/3.9.21/lib/python3.9/site-packages/airflow/example_dags/example_workday_timetable.py for tasks to queue
[2025-03-08T02:21:20.409+0700] {logging_mixin.py:190} INFO - [2025-03-08T02:21:20.409+0700] {dagbag.py:588} INFO - Filling up the DagBag from /home/dataengineer/.pyenv/versions/3.9.21/lib/python3.9/site-packages/airflow/example_dags/example_workday_timetable.py
[2025-03-08T02:21:20.416+0700] {processor.py:925} INFO - DAG(s) 'example_workday_timetable' retrieved from /home/dataengineer/.pyenv/versions/3.9.21/lib/python3.9/site-packages/airflow/example_dags/example_workday_timetable.py
[2025-03-08T02:21:20.434+0700] {logging_mixin.py:190} INFO - [2025-03-08T02:21:20.434+0700] {dag.py:3239} INFO - Sync 1 DAGs
[2025-03-08T02:21:20.488+0700] {logging_mixin.py:190} INFO - [2025-03-08T02:21:20.487+0700] {dag.py:4180} INFO - Setting next_dagrun for example_workday_timetable to 2021-01-04 00:00:00+00:00, run_after=2021-01-05 00:00:00+00:00
[2025-03-08T02:21:20.508+0700] {processor.py:208} INFO - Processing /home/dataengineer/.pyenv/versions/3.9.21/lib/python3.9/site-packages/airflow/example_dags/example_workday_timetable.py took 0.107 seconds
[2025-03-08T02:25:55.156+0700] {processor.py:186} INFO - Started process (PID=65952) to work on /home/dataengineer/.pyenv/versions/3.9.21/lib/python3.9/site-packages/airflow/example_dags/example_workday_timetable.py
[2025-03-08T02:25:55.157+0700] {processor.py:914} INFO - Processing file /home/dataengineer/.pyenv/versions/3.9.21/lib/python3.9/site-packages/airflow/example_dags/example_workday_timetable.py for tasks to queue
[2025-03-08T02:25:55.159+0700] {logging_mixin.py:190} INFO - [2025-03-08T02:25:55.159+0700] {dagbag.py:588} INFO - Filling up the DagBag from /home/dataengineer/.pyenv/versions/3.9.21/lib/python3.9/site-packages/airflow/example_dags/example_workday_timetable.py
[2025-03-08T02:25:55.167+0700] {processor.py:925} INFO - DAG(s) 'example_workday_timetable' retrieved from /home/dataengineer/.pyenv/versions/3.9.21/lib/python3.9/site-packages/airflow/example_dags/example_workday_timetable.py
[2025-03-08T02:25:55.186+0700] {logging_mixin.py:190} INFO - [2025-03-08T02:25:55.186+0700] {dag.py:3239} INFO - Sync 1 DAGs
[2025-03-08T02:25:55.235+0700] {logging_mixin.py:190} INFO - [2025-03-08T02:25:55.235+0700] {dag.py:4180} INFO - Setting next_dagrun for example_workday_timetable to 2021-01-04 00:00:00+00:00, run_after=2021-01-05 00:00:00+00:00
[2025-03-08T02:25:55.254+0700] {processor.py:208} INFO - Processing /home/dataengineer/.pyenv/versions/3.9.21/lib/python3.9/site-packages/airflow/example_dags/example_workday_timetable.py took 0.104 seconds
[2025-03-08T02:26:47.278+0700] {processor.py:186} INFO - Started process (PID=66376) to work on /home/dataengineer/.pyenv/versions/3.9.21/lib/python3.9/site-packages/airflow/example_dags/example_workday_timetable.py
[2025-03-08T02:26:47.279+0700] {processor.py:914} INFO - Processing file /home/dataengineer/.pyenv/versions/3.9.21/lib/python3.9/site-packages/airflow/example_dags/example_workday_timetable.py for tasks to queue
[2025-03-08T02:26:47.281+0700] {logging_mixin.py:190} INFO - [2025-03-08T02:26:47.281+0700] {dagbag.py:588} INFO - Filling up the DagBag from /home/dataengineer/.pyenv/versions/3.9.21/lib/python3.9/site-packages/airflow/example_dags/example_workday_timetable.py
[2025-03-08T02:26:47.289+0700] {processor.py:925} INFO - DAG(s) 'example_workday_timetable' retrieved from /home/dataengineer/.pyenv/versions/3.9.21/lib/python3.9/site-packages/airflow/example_dags/example_workday_timetable.py
[2025-03-08T02:26:47.309+0700] {logging_mixin.py:190} INFO - [2025-03-08T02:26:47.308+0700] {dag.py:3239} INFO - Sync 1 DAGs
[2025-03-08T02:26:47.364+0700] {logging_mixin.py:190} INFO - [2025-03-08T02:26:47.363+0700] {dag.py:4180} INFO - Setting next_dagrun for example_workday_timetable to 2021-01-04 00:00:00+00:00, run_after=2021-01-05 00:00:00+00:00
[2025-03-08T02:26:47.384+0700] {processor.py:208} INFO - Processing /home/dataengineer/.pyenv/versions/3.9.21/lib/python3.9/site-packages/airflow/example_dags/example_workday_timetable.py took 0.112 seconds
[2025-03-08T02:29:01.271+0700] {processor.py:186} INFO - Started process (PID=67215) to work on /home/dataengineer/.pyenv/versions/3.9.21/lib/python3.9/site-packages/airflow/example_dags/example_workday_timetable.py
[2025-03-08T02:29:01.273+0700] {processor.py:914} INFO - Processing file /home/dataengineer/.pyenv/versions/3.9.21/lib/python3.9/site-packages/airflow/example_dags/example_workday_timetable.py for tasks to queue
[2025-03-08T02:29:01.275+0700] {logging_mixin.py:190} INFO - [2025-03-08T02:29:01.274+0700] {dagbag.py:588} INFO - Filling up the DagBag from /home/dataengineer/.pyenv/versions/3.9.21/lib/python3.9/site-packages/airflow/example_dags/example_workday_timetable.py
[2025-03-08T02:29:01.283+0700] {processor.py:925} INFO - DAG(s) 'example_workday_timetable' retrieved from /home/dataengineer/.pyenv/versions/3.9.21/lib/python3.9/site-packages/airflow/example_dags/example_workday_timetable.py
[2025-03-08T02:29:01.303+0700] {logging_mixin.py:190} INFO - [2025-03-08T02:29:01.303+0700] {dag.py:3239} INFO - Sync 1 DAGs
[2025-03-08T02:29:01.354+0700] {logging_mixin.py:190} INFO - [2025-03-08T02:29:01.354+0700] {dag.py:4180} INFO - Setting next_dagrun for example_workday_timetable to 2021-01-04 00:00:00+00:00, run_after=2021-01-05 00:00:00+00:00
[2025-03-08T02:29:01.374+0700] {processor.py:208} INFO - Processing /home/dataengineer/.pyenv/versions/3.9.21/lib/python3.9/site-packages/airflow/example_dags/example_workday_timetable.py took 0.108 seconds
[2025-03-08T02:29:58.499+0700] {processor.py:186} INFO - Started process (PID=67823) to work on /home/dataengineer/.pyenv/versions/3.9.21/lib/python3.9/site-packages/airflow/example_dags/example_workday_timetable.py
[2025-03-08T02:29:58.501+0700] {processor.py:914} INFO - Processing file /home/dataengineer/.pyenv/versions/3.9.21/lib/python3.9/site-packages/airflow/example_dags/example_workday_timetable.py for tasks to queue
[2025-03-08T02:29:58.503+0700] {logging_mixin.py:190} INFO - [2025-03-08T02:29:58.503+0700] {dagbag.py:588} INFO - Filling up the DagBag from /home/dataengineer/.pyenv/versions/3.9.21/lib/python3.9/site-packages/airflow/example_dags/example_workday_timetable.py
[2025-03-08T02:29:58.509+0700] {processor.py:925} INFO - DAG(s) 'example_workday_timetable' retrieved from /home/dataengineer/.pyenv/versions/3.9.21/lib/python3.9/site-packages/airflow/example_dags/example_workday_timetable.py
[2025-03-08T02:29:58.522+0700] {logging_mixin.py:190} INFO - [2025-03-08T02:29:58.522+0700] {dag.py:3239} INFO - Sync 1 DAGs
[2025-03-08T02:29:58.577+0700] {logging_mixin.py:190} INFO - [2025-03-08T02:29:58.577+0700] {dag.py:4180} INFO - Setting next_dagrun for example_workday_timetable to 2021-01-04 00:00:00+00:00, run_after=2021-01-05 00:00:00+00:00
[2025-03-08T02:29:58.598+0700] {processor.py:208} INFO - Processing /home/dataengineer/.pyenv/versions/3.9.21/lib/python3.9/site-packages/airflow/example_dags/example_workday_timetable.py took 0.104 seconds
[2025-03-08T02:30:51.173+0700] {processor.py:186} INFO - Started process (PID=68147) to work on /home/dataengineer/.pyenv/versions/3.9.21/lib/python3.9/site-packages/airflow/example_dags/example_workday_timetable.py
[2025-03-08T02:30:51.175+0700] {processor.py:914} INFO - Processing file /home/dataengineer/.pyenv/versions/3.9.21/lib/python3.9/site-packages/airflow/example_dags/example_workday_timetable.py for tasks to queue
[2025-03-08T02:30:51.176+0700] {logging_mixin.py:190} INFO - [2025-03-08T02:30:51.176+0700] {dagbag.py:588} INFO - Filling up the DagBag from /home/dataengineer/.pyenv/versions/3.9.21/lib/python3.9/site-packages/airflow/example_dags/example_workday_timetable.py
[2025-03-08T02:30:51.185+0700] {processor.py:925} INFO - DAG(s) 'example_workday_timetable' retrieved from /home/dataengineer/.pyenv/versions/3.9.21/lib/python3.9/site-packages/airflow/example_dags/example_workday_timetable.py
[2025-03-08T02:30:51.198+0700] {logging_mixin.py:190} INFO - [2025-03-08T02:30:51.198+0700] {dag.py:3239} INFO - Sync 1 DAGs
[2025-03-08T02:30:51.258+0700] {logging_mixin.py:190} INFO - [2025-03-08T02:30:51.258+0700] {dag.py:4180} INFO - Setting next_dagrun for example_workday_timetable to 2021-01-04 00:00:00+00:00, run_after=2021-01-05 00:00:00+00:00
[2025-03-08T02:30:51.279+0700] {processor.py:208} INFO - Processing /home/dataengineer/.pyenv/versions/3.9.21/lib/python3.9/site-packages/airflow/example_dags/example_workday_timetable.py took 0.112 seconds
[2025-03-08T02:31:46.732+0700] {processor.py:186} INFO - Started process (PID=68884) to work on /home/dataengineer/.pyenv/versions/3.9.21/lib/python3.9/site-packages/airflow/example_dags/example_workday_timetable.py
[2025-03-08T02:31:46.734+0700] {processor.py:914} INFO - Processing file /home/dataengineer/.pyenv/versions/3.9.21/lib/python3.9/site-packages/airflow/example_dags/example_workday_timetable.py for tasks to queue
[2025-03-08T02:31:46.735+0700] {logging_mixin.py:190} INFO - [2025-03-08T02:31:46.734+0700] {dagbag.py:588} INFO - Filling up the DagBag from /home/dataengineer/.pyenv/versions/3.9.21/lib/python3.9/site-packages/airflow/example_dags/example_workday_timetable.py
[2025-03-08T02:31:46.742+0700] {processor.py:925} INFO - DAG(s) 'example_workday_timetable' retrieved from /home/dataengineer/.pyenv/versions/3.9.21/lib/python3.9/site-packages/airflow/example_dags/example_workday_timetable.py
[2025-03-08T02:31:46.756+0700] {logging_mixin.py:190} INFO - [2025-03-08T02:31:46.755+0700] {dag.py:3239} INFO - Sync 1 DAGs
[2025-03-08T02:31:46.813+0700] {logging_mixin.py:190} INFO - [2025-03-08T02:31:46.813+0700] {dag.py:4180} INFO - Setting next_dagrun for example_workday_timetable to 2021-01-04 00:00:00+00:00, run_after=2021-01-05 00:00:00+00:00
[2025-03-08T02:31:46.835+0700] {processor.py:208} INFO - Processing /home/dataengineer/.pyenv/versions/3.9.21/lib/python3.9/site-packages/airflow/example_dags/example_workday_timetable.py took 0.108 seconds
[2025-03-08T02:32:43.179+0700] {processor.py:186} INFO - Started process (PID=69138) to work on /home/dataengineer/.pyenv/versions/3.9.21/lib/python3.9/site-packages/airflow/example_dags/example_workday_timetable.py
[2025-03-08T02:32:43.180+0700] {processor.py:914} INFO - Processing file /home/dataengineer/.pyenv/versions/3.9.21/lib/python3.9/site-packages/airflow/example_dags/example_workday_timetable.py for tasks to queue
[2025-03-08T02:32:43.181+0700] {logging_mixin.py:190} INFO - [2025-03-08T02:32:43.181+0700] {dagbag.py:588} INFO - Filling up the DagBag from /home/dataengineer/.pyenv/versions/3.9.21/lib/python3.9/site-packages/airflow/example_dags/example_workday_timetable.py
[2025-03-08T02:32:43.187+0700] {processor.py:925} INFO - DAG(s) 'example_workday_timetable' retrieved from /home/dataengineer/.pyenv/versions/3.9.21/lib/python3.9/site-packages/airflow/example_dags/example_workday_timetable.py
[2025-03-08T02:32:43.199+0700] {logging_mixin.py:190} INFO - [2025-03-08T02:32:43.199+0700] {dag.py:3239} INFO - Sync 1 DAGs
[2025-03-08T02:32:43.246+0700] {logging_mixin.py:190} INFO - [2025-03-08T02:32:43.246+0700] {dag.py:4180} INFO - Setting next_dagrun for example_workday_timetable to 2021-01-04 00:00:00+00:00, run_after=2021-01-05 00:00:00+00:00
[2025-03-08T02:32:43.265+0700] {processor.py:208} INFO - Processing /home/dataengineer/.pyenv/versions/3.9.21/lib/python3.9/site-packages/airflow/example_dags/example_workday_timetable.py took 0.091 seconds
[2025-03-08T02:33:40.206+0700] {processor.py:186} INFO - Started process (PID=69386) to work on /home/dataengineer/.pyenv/versions/3.9.21/lib/python3.9/site-packages/airflow/example_dags/example_workday_timetable.py
[2025-03-08T02:33:40.208+0700] {processor.py:914} INFO - Processing file /home/dataengineer/.pyenv/versions/3.9.21/lib/python3.9/site-packages/airflow/example_dags/example_workday_timetable.py for tasks to queue
[2025-03-08T02:33:40.211+0700] {logging_mixin.py:190} INFO - [2025-03-08T02:33:40.210+0700] {dagbag.py:588} INFO - Filling up the DagBag from /home/dataengineer/.pyenv/versions/3.9.21/lib/python3.9/site-packages/airflow/example_dags/example_workday_timetable.py
[2025-03-08T02:33:40.218+0700] {processor.py:925} INFO - DAG(s) 'example_workday_timetable' retrieved from /home/dataengineer/.pyenv/versions/3.9.21/lib/python3.9/site-packages/airflow/example_dags/example_workday_timetable.py
[2025-03-08T02:33:40.235+0700] {logging_mixin.py:190} INFO - [2025-03-08T02:33:40.234+0700] {dag.py:3239} INFO - Sync 1 DAGs
[2025-03-08T02:33:40.297+0700] {logging_mixin.py:190} INFO - [2025-03-08T02:33:40.297+0700] {dag.py:4180} INFO - Setting next_dagrun for example_workday_timetable to 2021-01-04 00:00:00+00:00, run_after=2021-01-05 00:00:00+00:00
[2025-03-08T02:33:40.317+0700] {processor.py:208} INFO - Processing /home/dataengineer/.pyenv/versions/3.9.21/lib/python3.9/site-packages/airflow/example_dags/example_workday_timetable.py took 0.118 seconds
[2025-03-08T02:34:23.435+0700] {processor.py:186} INFO - Started process (PID=70110) to work on /home/dataengineer/.pyenv/versions/3.9.21/lib/python3.9/site-packages/airflow/example_dags/example_workday_timetable.py
[2025-03-08T02:34:23.436+0700] {processor.py:914} INFO - Processing file /home/dataengineer/.pyenv/versions/3.9.21/lib/python3.9/site-packages/airflow/example_dags/example_workday_timetable.py for tasks to queue
[2025-03-08T02:34:23.438+0700] {logging_mixin.py:190} INFO - [2025-03-08T02:34:23.438+0700] {dagbag.py:588} INFO - Filling up the DagBag from /home/dataengineer/.pyenv/versions/3.9.21/lib/python3.9/site-packages/airflow/example_dags/example_workday_timetable.py
[2025-03-08T02:34:23.446+0700] {processor.py:925} INFO - DAG(s) 'example_workday_timetable' retrieved from /home/dataengineer/.pyenv/versions/3.9.21/lib/python3.9/site-packages/airflow/example_dags/example_workday_timetable.py
[2025-03-08T02:34:23.466+0700] {logging_mixin.py:190} INFO - [2025-03-08T02:34:23.466+0700] {dag.py:3239} INFO - Sync 1 DAGs
[2025-03-08T02:34:23.521+0700] {logging_mixin.py:190} INFO - [2025-03-08T02:34:23.520+0700] {dag.py:4180} INFO - Setting next_dagrun for example_workday_timetable to 2021-01-04 00:00:00+00:00, run_after=2021-01-05 00:00:00+00:00
[2025-03-08T02:34:23.572+0700] {processor.py:208} INFO - Processing /home/dataengineer/.pyenv/versions/3.9.21/lib/python3.9/site-packages/airflow/example_dags/example_workday_timetable.py took 0.144 seconds
[2025-03-08T02:35:24.214+0700] {processor.py:186} INFO - Started process (PID=70669) to work on /home/dataengineer/.pyenv/versions/3.9.21/lib/python3.9/site-packages/airflow/example_dags/example_workday_timetable.py
[2025-03-08T02:35:24.215+0700] {processor.py:914} INFO - Processing file /home/dataengineer/.pyenv/versions/3.9.21/lib/python3.9/site-packages/airflow/example_dags/example_workday_timetable.py for tasks to queue
[2025-03-08T02:35:24.220+0700] {logging_mixin.py:190} INFO - [2025-03-08T02:35:24.219+0700] {dagbag.py:588} INFO - Filling up the DagBag from /home/dataengineer/.pyenv/versions/3.9.21/lib/python3.9/site-packages/airflow/example_dags/example_workday_timetable.py
[2025-03-08T02:35:24.228+0700] {processor.py:925} INFO - DAG(s) 'example_workday_timetable' retrieved from /home/dataengineer/.pyenv/versions/3.9.21/lib/python3.9/site-packages/airflow/example_dags/example_workday_timetable.py
[2025-03-08T02:35:24.249+0700] {logging_mixin.py:190} INFO - [2025-03-08T02:35:24.248+0700] {dag.py:3239} INFO - Sync 1 DAGs
[2025-03-08T02:35:24.318+0700] {logging_mixin.py:190} INFO - [2025-03-08T02:35:24.317+0700] {dag.py:4180} INFO - Setting next_dagrun for example_workday_timetable to 2021-01-04 00:00:00+00:00, run_after=2021-01-05 00:00:00+00:00
[2025-03-08T02:35:24.345+0700] {processor.py:208} INFO - Processing /home/dataengineer/.pyenv/versions/3.9.21/lib/python3.9/site-packages/airflow/example_dags/example_workday_timetable.py took 0.137 seconds
[2025-03-08T02:36:25.776+0700] {processor.py:186} INFO - Started process (PID=71100) to work on /home/dataengineer/.pyenv/versions/3.9.21/lib/python3.9/site-packages/airflow/example_dags/example_workday_timetable.py
[2025-03-08T02:36:25.778+0700] {processor.py:914} INFO - Processing file /home/dataengineer/.pyenv/versions/3.9.21/lib/python3.9/site-packages/airflow/example_dags/example_workday_timetable.py for tasks to queue
[2025-03-08T02:36:25.780+0700] {logging_mixin.py:190} INFO - [2025-03-08T02:36:25.780+0700] {dagbag.py:588} INFO - Filling up the DagBag from /home/dataengineer/.pyenv/versions/3.9.21/lib/python3.9/site-packages/airflow/example_dags/example_workday_timetable.py
[2025-03-08T02:36:25.795+0700] {processor.py:925} INFO - DAG(s) 'example_workday_timetable' retrieved from /home/dataengineer/.pyenv/versions/3.9.21/lib/python3.9/site-packages/airflow/example_dags/example_workday_timetable.py
[2025-03-08T02:36:25.810+0700] {logging_mixin.py:190} INFO - [2025-03-08T02:36:25.810+0700] {dag.py:3239} INFO - Sync 1 DAGs
[2025-03-08T02:36:25.867+0700] {logging_mixin.py:190} INFO - [2025-03-08T02:36:25.867+0700] {dag.py:4180} INFO - Setting next_dagrun for example_workday_timetable to 2021-01-04 00:00:00+00:00, run_after=2021-01-05 00:00:00+00:00
[2025-03-08T02:36:25.891+0700] {processor.py:208} INFO - Processing /home/dataengineer/.pyenv/versions/3.9.21/lib/python3.9/site-packages/airflow/example_dags/example_workday_timetable.py took 0.120 seconds
[2025-03-08T02:37:23.589+0700] {processor.py:186} INFO - Started process (PID=71378) to work on /home/dataengineer/.pyenv/versions/3.9.21/lib/python3.9/site-packages/airflow/example_dags/example_workday_timetable.py
[2025-03-08T02:37:23.590+0700] {processor.py:914} INFO - Processing file /home/dataengineer/.pyenv/versions/3.9.21/lib/python3.9/site-packages/airflow/example_dags/example_workday_timetable.py for tasks to queue
[2025-03-08T02:37:23.592+0700] {logging_mixin.py:190} INFO - [2025-03-08T02:37:23.592+0700] {dagbag.py:588} INFO - Filling up the DagBag from /home/dataengineer/.pyenv/versions/3.9.21/lib/python3.9/site-packages/airflow/example_dags/example_workday_timetable.py
[2025-03-08T02:37:23.598+0700] {processor.py:925} INFO - DAG(s) 'example_workday_timetable' retrieved from /home/dataengineer/.pyenv/versions/3.9.21/lib/python3.9/site-packages/airflow/example_dags/example_workday_timetable.py
[2025-03-08T02:37:23.612+0700] {logging_mixin.py:190} INFO - [2025-03-08T02:37:23.611+0700] {dag.py:3239} INFO - Sync 1 DAGs
[2025-03-08T02:37:23.668+0700] {logging_mixin.py:190} INFO - [2025-03-08T02:37:23.668+0700] {dag.py:4180} INFO - Setting next_dagrun for example_workday_timetable to 2021-01-04 00:00:00+00:00, run_after=2021-01-05 00:00:00+00:00
[2025-03-08T02:37:23.688+0700] {processor.py:208} INFO - Processing /home/dataengineer/.pyenv/versions/3.9.21/lib/python3.9/site-packages/airflow/example_dags/example_workday_timetable.py took 0.105 seconds
[2025-03-08T02:38:30.077+0700] {processor.py:186} INFO - Started process (PID=72196) to work on /home/dataengineer/.pyenv/versions/3.9.21/lib/python3.9/site-packages/airflow/example_dags/example_workday_timetable.py
[2025-03-08T02:38:30.078+0700] {processor.py:914} INFO - Processing file /home/dataengineer/.pyenv/versions/3.9.21/lib/python3.9/site-packages/airflow/example_dags/example_workday_timetable.py for tasks to queue
[2025-03-08T02:38:30.081+0700] {logging_mixin.py:190} INFO - [2025-03-08T02:38:30.081+0700] {dagbag.py:588} INFO - Filling up the DagBag from /home/dataengineer/.pyenv/versions/3.9.21/lib/python3.9/site-packages/airflow/example_dags/example_workday_timetable.py
[2025-03-08T02:38:30.090+0700] {processor.py:925} INFO - DAG(s) 'example_workday_timetable' retrieved from /home/dataengineer/.pyenv/versions/3.9.21/lib/python3.9/site-packages/airflow/example_dags/example_workday_timetable.py
[2025-03-08T02:38:30.112+0700] {logging_mixin.py:190} INFO - [2025-03-08T02:38:30.111+0700] {dag.py:3239} INFO - Sync 1 DAGs
[2025-03-08T02:38:30.174+0700] {logging_mixin.py:190} INFO - [2025-03-08T02:38:30.174+0700] {dag.py:4180} INFO - Setting next_dagrun for example_workday_timetable to 2021-01-04 00:00:00+00:00, run_after=2021-01-05 00:00:00+00:00
[2025-03-08T02:38:30.196+0700] {processor.py:208} INFO - Processing /home/dataengineer/.pyenv/versions/3.9.21/lib/python3.9/site-packages/airflow/example_dags/example_workday_timetable.py took 0.126 seconds
[2025-03-08T02:39:33.459+0700] {processor.py:186} INFO - Started process (PID=72742) to work on /home/dataengineer/.pyenv/versions/3.9.21/lib/python3.9/site-packages/airflow/example_dags/example_workday_timetable.py
[2025-03-08T02:39:33.462+0700] {processor.py:914} INFO - Processing file /home/dataengineer/.pyenv/versions/3.9.21/lib/python3.9/site-packages/airflow/example_dags/example_workday_timetable.py for tasks to queue
[2025-03-08T02:39:33.466+0700] {logging_mixin.py:190} INFO - [2025-03-08T02:39:33.465+0700] {dagbag.py:588} INFO - Filling up the DagBag from /home/dataengineer/.pyenv/versions/3.9.21/lib/python3.9/site-packages/airflow/example_dags/example_workday_timetable.py
[2025-03-08T02:39:33.473+0700] {processor.py:925} INFO - DAG(s) 'example_workday_timetable' retrieved from /home/dataengineer/.pyenv/versions/3.9.21/lib/python3.9/site-packages/airflow/example_dags/example_workday_timetable.py
[2025-03-08T02:39:33.490+0700] {logging_mixin.py:190} INFO - [2025-03-08T02:39:33.489+0700] {dag.py:3239} INFO - Sync 1 DAGs
[2025-03-08T02:39:33.555+0700] {logging_mixin.py:190} INFO - [2025-03-08T02:39:33.555+0700] {dag.py:4180} INFO - Setting next_dagrun for example_workday_timetable to 2021-01-04 00:00:00+00:00, run_after=2021-01-05 00:00:00+00:00
[2025-03-08T02:39:33.577+0700] {processor.py:208} INFO - Processing /home/dataengineer/.pyenv/versions/3.9.21/lib/python3.9/site-packages/airflow/example_dags/example_workday_timetable.py took 0.127 seconds
