[2025-03-08T00:56:45.195+0700] {processor.py:186} INFO - Started process (PID=36383) to work on /home/dataengineer/.pyenv/versions/3.9.21/lib/python3.9/site-packages/airflow/example_dags/example_subdag_operator.py
[2025-03-08T00:56:45.196+0700] {processor.py:914} INFO - Processing file /home/dataengineer/.pyenv/versions/3.9.21/lib/python3.9/site-packages/airflow/example_dags/example_subdag_operator.py for tasks to queue
[2025-03-08T00:56:45.198+0700] {logging_mixin.py:190} INFO - [2025-03-08T00:56:45.198+0700] {dagbag.py:588} INFO - Filling up the DagBag from /home/dataengineer/.pyenv/versions/3.9.21/lib/python3.9/site-packages/airflow/example_dags/example_subdag_operator.py
[2025-03-08T00:56:45.217+0700] {processor.py:925} INFO - DAG(s) 'example_subdag_operator.section-1', 'example_subdag_operator.section-2', 'example_subdag_operator' retrieved from /home/dataengineer/.pyenv/versions/3.9.21/lib/python3.9/site-packages/airflow/example_dags/example_subdag_operator.py
[2025-03-08T00:56:45.233+0700] {logging_mixin.py:190} INFO - [2025-03-08T00:56:45.233+0700] {dag.py:3239} INFO - Sync 3 DAGs
[2025-03-08T00:56:45.252+0700] {logging_mixin.py:190} INFO - [2025-03-08T00:56:45.252+0700] {dag.py:4180} INFO - Setting next_dagrun for example_subdag_operator to 2022-01-01 00:00:00+00:00, run_after=2022-01-01 00:00:00+00:00
[2025-03-08T00:56:45.256+0700] {logging_mixin.py:190} INFO - [2025-03-08T00:56:45.255+0700] {dag.py:4180} INFO - Setting next_dagrun for example_subdag_operator.section-1 to None, run_after=None
[2025-03-08T00:56:45.256+0700] {logging_mixin.py:190} INFO - [2025-03-08T00:56:45.256+0700] {dag.py:4180} INFO - Setting next_dagrun for example_subdag_operator.section-2 to None, run_after=None
[2025-03-08T00:56:45.262+0700] {logging_mixin.py:190} INFO - [2025-03-08T00:56:45.262+0700] {dag.py:3239} INFO - Sync 2 DAGs
[2025-03-08T00:56:45.266+0700] {logging_mixin.py:190} INFO - [2025-03-08T00:56:45.265+0700] {dag.py:4180} INFO - Setting next_dagrun for example_subdag_operator.section-1 to None, run_after=None
[2025-03-08T00:56:45.266+0700] {logging_mixin.py:190} INFO - [2025-03-08T00:56:45.266+0700] {dag.py:4180} INFO - Setting next_dagrun for example_subdag_operator.section-2 to None, run_after=None
[2025-03-08T00:56:45.280+0700] {processor.py:208} INFO - Processing /home/dataengineer/.pyenv/versions/3.9.21/lib/python3.9/site-packages/airflow/example_dags/example_subdag_operator.py took 0.091 seconds
[2025-03-08T00:57:50.705+0700] {processor.py:186} INFO - Started process (PID=37012) to work on /home/dataengineer/.pyenv/versions/3.9.21/lib/python3.9/site-packages/airflow/example_dags/example_subdag_operator.py
[2025-03-08T00:57:50.706+0700] {processor.py:914} INFO - Processing file /home/dataengineer/.pyenv/versions/3.9.21/lib/python3.9/site-packages/airflow/example_dags/example_subdag_operator.py for tasks to queue
[2025-03-08T00:57:50.709+0700] {logging_mixin.py:190} INFO - [2025-03-08T00:57:50.708+0700] {dagbag.py:588} INFO - Filling up the DagBag from /home/dataengineer/.pyenv/versions/3.9.21/lib/python3.9/site-packages/airflow/example_dags/example_subdag_operator.py
[2025-03-08T00:57:50.732+0700] {processor.py:925} INFO - DAG(s) 'example_subdag_operator.section-1', 'example_subdag_operator.section-2', 'example_subdag_operator' retrieved from /home/dataengineer/.pyenv/versions/3.9.21/lib/python3.9/site-packages/airflow/example_dags/example_subdag_operator.py
[2025-03-08T00:57:50.746+0700] {logging_mixin.py:190} INFO - [2025-03-08T00:57:50.746+0700] {dag.py:3239} INFO - Sync 3 DAGs
[2025-03-08T00:57:50.766+0700] {logging_mixin.py:190} INFO - [2025-03-08T00:57:50.766+0700] {dag.py:4180} INFO - Setting next_dagrun for example_subdag_operator to 2022-01-01 00:00:00+00:00, run_after=2022-01-01 00:00:00+00:00
[2025-03-08T00:57:50.770+0700] {logging_mixin.py:190} INFO - [2025-03-08T00:57:50.770+0700] {dag.py:4180} INFO - Setting next_dagrun for example_subdag_operator.section-1 to None, run_after=None
[2025-03-08T00:57:50.771+0700] {logging_mixin.py:190} INFO - [2025-03-08T00:57:50.771+0700] {dag.py:4180} INFO - Setting next_dagrun for example_subdag_operator.section-2 to None, run_after=None
[2025-03-08T00:57:50.776+0700] {logging_mixin.py:190} INFO - [2025-03-08T00:57:50.776+0700] {dag.py:3239} INFO - Sync 2 DAGs
[2025-03-08T00:57:50.780+0700] {logging_mixin.py:190} INFO - [2025-03-08T00:57:50.780+0700] {dag.py:4180} INFO - Setting next_dagrun for example_subdag_operator.section-1 to None, run_after=None
[2025-03-08T00:57:50.780+0700] {logging_mixin.py:190} INFO - [2025-03-08T00:57:50.780+0700] {dag.py:4180} INFO - Setting next_dagrun for example_subdag_operator.section-2 to None, run_after=None
[2025-03-08T00:57:50.795+0700] {processor.py:208} INFO - Processing /home/dataengineer/.pyenv/versions/3.9.21/lib/python3.9/site-packages/airflow/example_dags/example_subdag_operator.py took 0.095 seconds
[2025-03-08T00:58:52.179+0700] {processor.py:186} INFO - Started process (PID=37471) to work on /home/dataengineer/.pyenv/versions/3.9.21/lib/python3.9/site-packages/airflow/example_dags/example_subdag_operator.py
[2025-03-08T00:58:52.180+0700] {processor.py:914} INFO - Processing file /home/dataengineer/.pyenv/versions/3.9.21/lib/python3.9/site-packages/airflow/example_dags/example_subdag_operator.py for tasks to queue
[2025-03-08T00:58:52.182+0700] {logging_mixin.py:190} INFO - [2025-03-08T00:58:52.182+0700] {dagbag.py:588} INFO - Filling up the DagBag from /home/dataengineer/.pyenv/versions/3.9.21/lib/python3.9/site-packages/airflow/example_dags/example_subdag_operator.py
[2025-03-08T00:58:52.203+0700] {processor.py:925} INFO - DAG(s) 'example_subdag_operator.section-1', 'example_subdag_operator.section-2', 'example_subdag_operator' retrieved from /home/dataengineer/.pyenv/versions/3.9.21/lib/python3.9/site-packages/airflow/example_dags/example_subdag_operator.py
[2025-03-08T00:58:52.218+0700] {logging_mixin.py:190} INFO - [2025-03-08T00:58:52.218+0700] {dag.py:3239} INFO - Sync 3 DAGs
[2025-03-08T00:58:52.237+0700] {logging_mixin.py:190} INFO - [2025-03-08T00:58:52.237+0700] {dag.py:4180} INFO - Setting next_dagrun for example_subdag_operator to 2022-01-01 00:00:00+00:00, run_after=2022-01-01 00:00:00+00:00
[2025-03-08T00:58:52.241+0700] {logging_mixin.py:190} INFO - [2025-03-08T00:58:52.240+0700] {dag.py:4180} INFO - Setting next_dagrun for example_subdag_operator.section-1 to None, run_after=None
[2025-03-08T00:58:52.242+0700] {logging_mixin.py:190} INFO - [2025-03-08T00:58:52.241+0700] {dag.py:4180} INFO - Setting next_dagrun for example_subdag_operator.section-2 to None, run_after=None
[2025-03-08T00:58:52.247+0700] {logging_mixin.py:190} INFO - [2025-03-08T00:58:52.247+0700] {dag.py:3239} INFO - Sync 2 DAGs
[2025-03-08T00:58:52.250+0700] {logging_mixin.py:190} INFO - [2025-03-08T00:58:52.250+0700] {dag.py:4180} INFO - Setting next_dagrun for example_subdag_operator.section-1 to None, run_after=None
[2025-03-08T00:58:52.251+0700] {logging_mixin.py:190} INFO - [2025-03-08T00:58:52.251+0700] {dag.py:4180} INFO - Setting next_dagrun for example_subdag_operator.section-2 to None, run_after=None
[2025-03-08T00:58:52.265+0700] {processor.py:208} INFO - Processing /home/dataengineer/.pyenv/versions/3.9.21/lib/python3.9/site-packages/airflow/example_dags/example_subdag_operator.py took 0.092 seconds
[2025-03-08T00:59:53.867+0700] {processor.py:186} INFO - Started process (PID=37898) to work on /home/dataengineer/.pyenv/versions/3.9.21/lib/python3.9/site-packages/airflow/example_dags/example_subdag_operator.py
[2025-03-08T00:59:53.868+0700] {processor.py:914} INFO - Processing file /home/dataengineer/.pyenv/versions/3.9.21/lib/python3.9/site-packages/airflow/example_dags/example_subdag_operator.py for tasks to queue
[2025-03-08T00:59:53.870+0700] {logging_mixin.py:190} INFO - [2025-03-08T00:59:53.870+0700] {dagbag.py:588} INFO - Filling up the DagBag from /home/dataengineer/.pyenv/versions/3.9.21/lib/python3.9/site-packages/airflow/example_dags/example_subdag_operator.py
[2025-03-08T00:59:53.894+0700] {processor.py:925} INFO - DAG(s) 'example_subdag_operator.section-1', 'example_subdag_operator.section-2', 'example_subdag_operator' retrieved from /home/dataengineer/.pyenv/versions/3.9.21/lib/python3.9/site-packages/airflow/example_dags/example_subdag_operator.py
[2025-03-08T00:59:53.909+0700] {logging_mixin.py:190} INFO - [2025-03-08T00:59:53.909+0700] {dag.py:3239} INFO - Sync 3 DAGs
[2025-03-08T00:59:53.927+0700] {logging_mixin.py:190} INFO - [2025-03-08T00:59:53.927+0700] {dag.py:4180} INFO - Setting next_dagrun for example_subdag_operator to 2022-01-01 00:00:00+00:00, run_after=2022-01-01 00:00:00+00:00
[2025-03-08T00:59:53.930+0700] {logging_mixin.py:190} INFO - [2025-03-08T00:59:53.930+0700] {dag.py:4180} INFO - Setting next_dagrun for example_subdag_operator.section-1 to None, run_after=None
[2025-03-08T00:59:53.931+0700] {logging_mixin.py:190} INFO - [2025-03-08T00:59:53.931+0700] {dag.py:4180} INFO - Setting next_dagrun for example_subdag_operator.section-2 to None, run_after=None
[2025-03-08T00:59:53.937+0700] {logging_mixin.py:190} INFO - [2025-03-08T00:59:53.937+0700] {dag.py:3239} INFO - Sync 2 DAGs
[2025-03-08T00:59:53.942+0700] {logging_mixin.py:190} INFO - [2025-03-08T00:59:53.941+0700] {dag.py:4180} INFO - Setting next_dagrun for example_subdag_operator.section-1 to None, run_after=None
[2025-03-08T00:59:53.942+0700] {logging_mixin.py:190} INFO - [2025-03-08T00:59:53.942+0700] {dag.py:4180} INFO - Setting next_dagrun for example_subdag_operator.section-2 to None, run_after=None
[2025-03-08T00:59:53.955+0700] {processor.py:208} INFO - Processing /home/dataengineer/.pyenv/versions/3.9.21/lib/python3.9/site-packages/airflow/example_dags/example_subdag_operator.py took 0.096 seconds
[2025-03-08T01:00:55.524+0700] {processor.py:186} INFO - Started process (PID=38330) to work on /home/dataengineer/.pyenv/versions/3.9.21/lib/python3.9/site-packages/airflow/example_dags/example_subdag_operator.py
[2025-03-08T01:00:55.525+0700] {processor.py:914} INFO - Processing file /home/dataengineer/.pyenv/versions/3.9.21/lib/python3.9/site-packages/airflow/example_dags/example_subdag_operator.py for tasks to queue
[2025-03-08T01:00:55.527+0700] {logging_mixin.py:190} INFO - [2025-03-08T01:00:55.527+0700] {dagbag.py:588} INFO - Filling up the DagBag from /home/dataengineer/.pyenv/versions/3.9.21/lib/python3.9/site-packages/airflow/example_dags/example_subdag_operator.py
[2025-03-08T01:00:55.547+0700] {processor.py:925} INFO - DAG(s) 'example_subdag_operator.section-1', 'example_subdag_operator.section-2', 'example_subdag_operator' retrieved from /home/dataengineer/.pyenv/versions/3.9.21/lib/python3.9/site-packages/airflow/example_dags/example_subdag_operator.py
[2025-03-08T01:00:55.562+0700] {logging_mixin.py:190} INFO - [2025-03-08T01:00:55.561+0700] {dag.py:3239} INFO - Sync 3 DAGs
[2025-03-08T01:00:55.580+0700] {logging_mixin.py:190} INFO - [2025-03-08T01:00:55.580+0700] {dag.py:4180} INFO - Setting next_dagrun for example_subdag_operator to 2022-01-01 00:00:00+00:00, run_after=2022-01-01 00:00:00+00:00
[2025-03-08T01:00:55.583+0700] {logging_mixin.py:190} INFO - [2025-03-08T01:00:55.583+0700] {dag.py:4180} INFO - Setting next_dagrun for example_subdag_operator.section-1 to None, run_after=None
[2025-03-08T01:00:55.584+0700] {logging_mixin.py:190} INFO - [2025-03-08T01:00:55.584+0700] {dag.py:4180} INFO - Setting next_dagrun for example_subdag_operator.section-2 to None, run_after=None
[2025-03-08T01:00:55.590+0700] {logging_mixin.py:190} INFO - [2025-03-08T01:00:55.589+0700] {dag.py:3239} INFO - Sync 2 DAGs
[2025-03-08T01:00:55.594+0700] {logging_mixin.py:190} INFO - [2025-03-08T01:00:55.594+0700] {dag.py:4180} INFO - Setting next_dagrun for example_subdag_operator.section-1 to None, run_after=None
[2025-03-08T01:00:55.594+0700] {logging_mixin.py:190} INFO - [2025-03-08T01:00:55.594+0700] {dag.py:4180} INFO - Setting next_dagrun for example_subdag_operator.section-2 to None, run_after=None
[2025-03-08T01:00:55.608+0700] {processor.py:208} INFO - Processing /home/dataengineer/.pyenv/versions/3.9.21/lib/python3.9/site-packages/airflow/example_dags/example_subdag_operator.py took 0.090 seconds
[2025-03-08T01:01:57.247+0700] {processor.py:186} INFO - Started process (PID=38794) to work on /home/dataengineer/.pyenv/versions/3.9.21/lib/python3.9/site-packages/airflow/example_dags/example_subdag_operator.py
[2025-03-08T01:01:57.248+0700] {processor.py:914} INFO - Processing file /home/dataengineer/.pyenv/versions/3.9.21/lib/python3.9/site-packages/airflow/example_dags/example_subdag_operator.py for tasks to queue
[2025-03-08T01:01:57.250+0700] {logging_mixin.py:190} INFO - [2025-03-08T01:01:57.249+0700] {dagbag.py:588} INFO - Filling up the DagBag from /home/dataengineer/.pyenv/versions/3.9.21/lib/python3.9/site-packages/airflow/example_dags/example_subdag_operator.py
[2025-03-08T01:01:57.268+0700] {processor.py:925} INFO - DAG(s) 'example_subdag_operator.section-1', 'example_subdag_operator.section-2', 'example_subdag_operator' retrieved from /home/dataengineer/.pyenv/versions/3.9.21/lib/python3.9/site-packages/airflow/example_dags/example_subdag_operator.py
[2025-03-08T01:01:57.281+0700] {logging_mixin.py:190} INFO - [2025-03-08T01:01:57.281+0700] {dag.py:3239} INFO - Sync 3 DAGs
[2025-03-08T01:01:57.297+0700] {logging_mixin.py:190} INFO - [2025-03-08T01:01:57.297+0700] {dag.py:4180} INFO - Setting next_dagrun for example_subdag_operator to 2022-01-01 00:00:00+00:00, run_after=2022-01-01 00:00:00+00:00
[2025-03-08T01:01:57.300+0700] {logging_mixin.py:190} INFO - [2025-03-08T01:01:57.300+0700] {dag.py:4180} INFO - Setting next_dagrun for example_subdag_operator.section-1 to None, run_after=None
[2025-03-08T01:01:57.301+0700] {logging_mixin.py:190} INFO - [2025-03-08T01:01:57.301+0700] {dag.py:4180} INFO - Setting next_dagrun for example_subdag_operator.section-2 to None, run_after=None
[2025-03-08T01:01:57.306+0700] {logging_mixin.py:190} INFO - [2025-03-08T01:01:57.306+0700] {dag.py:3239} INFO - Sync 2 DAGs
[2025-03-08T01:01:57.310+0700] {logging_mixin.py:190} INFO - [2025-03-08T01:01:57.310+0700] {dag.py:4180} INFO - Setting next_dagrun for example_subdag_operator.section-1 to None, run_after=None
[2025-03-08T01:01:57.310+0700] {logging_mixin.py:190} INFO - [2025-03-08T01:01:57.310+0700] {dag.py:4180} INFO - Setting next_dagrun for example_subdag_operator.section-2 to None, run_after=None
[2025-03-08T01:01:57.322+0700] {processor.py:208} INFO - Processing /home/dataengineer/.pyenv/versions/3.9.21/lib/python3.9/site-packages/airflow/example_dags/example_subdag_operator.py took 0.081 seconds
[2025-03-08T01:02:59.087+0700] {processor.py:186} INFO - Started process (PID=39309) to work on /home/dataengineer/.pyenv/versions/3.9.21/lib/python3.9/site-packages/airflow/example_dags/example_subdag_operator.py
[2025-03-08T01:02:59.089+0700] {processor.py:914} INFO - Processing file /home/dataengineer/.pyenv/versions/3.9.21/lib/python3.9/site-packages/airflow/example_dags/example_subdag_operator.py for tasks to queue
[2025-03-08T01:02:59.092+0700] {logging_mixin.py:190} INFO - [2025-03-08T01:02:59.091+0700] {dagbag.py:588} INFO - Filling up the DagBag from /home/dataengineer/.pyenv/versions/3.9.21/lib/python3.9/site-packages/airflow/example_dags/example_subdag_operator.py
[2025-03-08T01:02:59.112+0700] {processor.py:925} INFO - DAG(s) 'example_subdag_operator.section-1', 'example_subdag_operator.section-2', 'example_subdag_operator' retrieved from /home/dataengineer/.pyenv/versions/3.9.21/lib/python3.9/site-packages/airflow/example_dags/example_subdag_operator.py
[2025-03-08T01:02:59.124+0700] {logging_mixin.py:190} INFO - [2025-03-08T01:02:59.124+0700] {dag.py:3239} INFO - Sync 3 DAGs
[2025-03-08T01:02:59.140+0700] {logging_mixin.py:190} INFO - [2025-03-08T01:02:59.140+0700] {dag.py:4180} INFO - Setting next_dagrun for example_subdag_operator to 2022-01-01 00:00:00+00:00, run_after=2022-01-01 00:00:00+00:00
[2025-03-08T01:02:59.143+0700] {logging_mixin.py:190} INFO - [2025-03-08T01:02:59.143+0700] {dag.py:4180} INFO - Setting next_dagrun for example_subdag_operator.section-1 to None, run_after=None
[2025-03-08T01:02:59.144+0700] {logging_mixin.py:190} INFO - [2025-03-08T01:02:59.143+0700] {dag.py:4180} INFO - Setting next_dagrun for example_subdag_operator.section-2 to None, run_after=None
[2025-03-08T01:02:59.148+0700] {logging_mixin.py:190} INFO - [2025-03-08T01:02:59.148+0700] {dag.py:3239} INFO - Sync 2 DAGs
[2025-03-08T01:02:59.151+0700] {logging_mixin.py:190} INFO - [2025-03-08T01:02:59.151+0700] {dag.py:4180} INFO - Setting next_dagrun for example_subdag_operator.section-1 to None, run_after=None
[2025-03-08T01:02:59.151+0700] {logging_mixin.py:190} INFO - [2025-03-08T01:02:59.151+0700] {dag.py:4180} INFO - Setting next_dagrun for example_subdag_operator.section-2 to None, run_after=None
[2025-03-08T01:02:59.163+0700] {processor.py:208} INFO - Processing /home/dataengineer/.pyenv/versions/3.9.21/lib/python3.9/site-packages/airflow/example_dags/example_subdag_operator.py took 0.081 seconds
[2025-03-08T01:03:59.304+0700] {processor.py:186} INFO - Started process (PID=40135) to work on /home/dataengineer/.pyenv/versions/3.9.21/lib/python3.9/site-packages/airflow/example_dags/example_subdag_operator.py
[2025-03-08T01:03:59.306+0700] {processor.py:914} INFO - Processing file /home/dataengineer/.pyenv/versions/3.9.21/lib/python3.9/site-packages/airflow/example_dags/example_subdag_operator.py for tasks to queue
[2025-03-08T01:03:59.307+0700] {logging_mixin.py:190} INFO - [2025-03-08T01:03:59.307+0700] {dagbag.py:588} INFO - Filling up the DagBag from /home/dataengineer/.pyenv/versions/3.9.21/lib/python3.9/site-packages/airflow/example_dags/example_subdag_operator.py
[2025-03-08T01:03:59.327+0700] {processor.py:925} INFO - DAG(s) 'example_subdag_operator.section-1', 'example_subdag_operator.section-2', 'example_subdag_operator' retrieved from /home/dataengineer/.pyenv/versions/3.9.21/lib/python3.9/site-packages/airflow/example_dags/example_subdag_operator.py
[2025-03-08T01:03:59.341+0700] {logging_mixin.py:190} INFO - [2025-03-08T01:03:59.341+0700] {dag.py:3239} INFO - Sync 3 DAGs
[2025-03-08T01:03:59.360+0700] {logging_mixin.py:190} INFO - [2025-03-08T01:03:59.360+0700] {dag.py:4180} INFO - Setting next_dagrun for example_subdag_operator to 2022-01-01 00:00:00+00:00, run_after=2022-01-01 00:00:00+00:00
[2025-03-08T01:03:59.363+0700] {logging_mixin.py:190} INFO - [2025-03-08T01:03:59.363+0700] {dag.py:4180} INFO - Setting next_dagrun for example_subdag_operator.section-1 to None, run_after=None
[2025-03-08T01:03:59.365+0700] {logging_mixin.py:190} INFO - [2025-03-08T01:03:59.364+0700] {dag.py:4180} INFO - Setting next_dagrun for example_subdag_operator.section-2 to None, run_after=None
[2025-03-08T01:03:59.371+0700] {logging_mixin.py:190} INFO - [2025-03-08T01:03:59.371+0700] {dag.py:3239} INFO - Sync 2 DAGs
[2025-03-08T01:03:59.376+0700] {logging_mixin.py:190} INFO - [2025-03-08T01:03:59.376+0700] {dag.py:4180} INFO - Setting next_dagrun for example_subdag_operator.section-1 to None, run_after=None
[2025-03-08T01:03:59.377+0700] {logging_mixin.py:190} INFO - [2025-03-08T01:03:59.376+0700] {dag.py:4180} INFO - Setting next_dagrun for example_subdag_operator.section-2 to None, run_after=None
[2025-03-08T01:03:59.391+0700] {processor.py:208} INFO - Processing /home/dataengineer/.pyenv/versions/3.9.21/lib/python3.9/site-packages/airflow/example_dags/example_subdag_operator.py took 0.092 seconds
[2025-03-08T01:05:00.144+0700] {processor.py:186} INFO - Started process (PID=42080) to work on /home/dataengineer/.pyenv/versions/3.9.21/lib/python3.9/site-packages/airflow/example_dags/example_subdag_operator.py
[2025-03-08T01:05:00.145+0700] {processor.py:914} INFO - Processing file /home/dataengineer/.pyenv/versions/3.9.21/lib/python3.9/site-packages/airflow/example_dags/example_subdag_operator.py for tasks to queue
[2025-03-08T01:05:00.147+0700] {logging_mixin.py:190} INFO - [2025-03-08T01:05:00.147+0700] {dagbag.py:588} INFO - Filling up the DagBag from /home/dataengineer/.pyenv/versions/3.9.21/lib/python3.9/site-packages/airflow/example_dags/example_subdag_operator.py
[2025-03-08T01:05:00.165+0700] {processor.py:925} INFO - DAG(s) 'example_subdag_operator.section-1', 'example_subdag_operator.section-2', 'example_subdag_operator' retrieved from /home/dataengineer/.pyenv/versions/3.9.21/lib/python3.9/site-packages/airflow/example_dags/example_subdag_operator.py
[2025-03-08T01:05:00.180+0700] {logging_mixin.py:190} INFO - [2025-03-08T01:05:00.180+0700] {dag.py:3239} INFO - Sync 3 DAGs
[2025-03-08T01:05:00.198+0700] {logging_mixin.py:190} INFO - [2025-03-08T01:05:00.198+0700] {dag.py:4180} INFO - Setting next_dagrun for example_subdag_operator to 2022-01-01 00:00:00+00:00, run_after=2022-01-01 00:00:00+00:00
[2025-03-08T01:05:00.201+0700] {logging_mixin.py:190} INFO - [2025-03-08T01:05:00.201+0700] {dag.py:4180} INFO - Setting next_dagrun for example_subdag_operator.section-1 to None, run_after=None
[2025-03-08T01:05:00.202+0700] {logging_mixin.py:190} INFO - [2025-03-08T01:05:00.202+0700] {dag.py:4180} INFO - Setting next_dagrun for example_subdag_operator.section-2 to None, run_after=None
[2025-03-08T01:05:00.207+0700] {logging_mixin.py:190} INFO - [2025-03-08T01:05:00.206+0700] {dag.py:3239} INFO - Sync 2 DAGs
[2025-03-08T01:05:00.211+0700] {logging_mixin.py:190} INFO - [2025-03-08T01:05:00.210+0700] {dag.py:4180} INFO - Setting next_dagrun for example_subdag_operator.section-1 to None, run_after=None
[2025-03-08T01:05:00.211+0700] {logging_mixin.py:190} INFO - [2025-03-08T01:05:00.211+0700] {dag.py:4180} INFO - Setting next_dagrun for example_subdag_operator.section-2 to None, run_after=None
[2025-03-08T01:05:00.223+0700] {processor.py:208} INFO - Processing /home/dataengineer/.pyenv/versions/3.9.21/lib/python3.9/site-packages/airflow/example_dags/example_subdag_operator.py took 0.084 seconds
[2025-03-08T02:20:20.822+0700] {processor.py:186} INFO - Started process (PID=63581) to work on /home/dataengineer/.pyenv/versions/3.9.21/lib/python3.9/site-packages/airflow/example_dags/example_subdag_operator.py
[2025-03-08T02:20:20.824+0700] {processor.py:914} INFO - Processing file /home/dataengineer/.pyenv/versions/3.9.21/lib/python3.9/site-packages/airflow/example_dags/example_subdag_operator.py for tasks to queue
[2025-03-08T02:20:20.826+0700] {logging_mixin.py:190} INFO - [2025-03-08T02:20:20.825+0700] {dagbag.py:588} INFO - Filling up the DagBag from /home/dataengineer/.pyenv/versions/3.9.21/lib/python3.9/site-packages/airflow/example_dags/example_subdag_operator.py
[2025-03-08T02:20:20.844+0700] {processor.py:925} INFO - DAG(s) 'example_subdag_operator.section-1', 'example_subdag_operator.section-2', 'example_subdag_operator' retrieved from /home/dataengineer/.pyenv/versions/3.9.21/lib/python3.9/site-packages/airflow/example_dags/example_subdag_operator.py
[2025-03-08T02:20:20.859+0700] {logging_mixin.py:190} INFO - [2025-03-08T02:20:20.859+0700] {dag.py:3239} INFO - Sync 3 DAGs
[2025-03-08T02:20:20.877+0700] {logging_mixin.py:190} INFO - [2025-03-08T02:20:20.877+0700] {dag.py:4180} INFO - Setting next_dagrun for example_subdag_operator to 2022-01-01 00:00:00+00:00, run_after=2022-01-01 00:00:00+00:00
[2025-03-08T02:20:20.880+0700] {logging_mixin.py:190} INFO - [2025-03-08T02:20:20.879+0700] {dag.py:4180} INFO - Setting next_dagrun for example_subdag_operator.section-1 to None, run_after=None
[2025-03-08T02:20:20.880+0700] {logging_mixin.py:190} INFO - [2025-03-08T02:20:20.880+0700] {dag.py:4180} INFO - Setting next_dagrun for example_subdag_operator.section-2 to None, run_after=None
[2025-03-08T02:20:20.885+0700] {logging_mixin.py:190} INFO - [2025-03-08T02:20:20.885+0700] {dag.py:3239} INFO - Sync 2 DAGs
[2025-03-08T02:20:20.888+0700] {logging_mixin.py:190} INFO - [2025-03-08T02:20:20.888+0700] {dag.py:4180} INFO - Setting next_dagrun for example_subdag_operator.section-1 to None, run_after=None
[2025-03-08T02:20:20.889+0700] {logging_mixin.py:190} INFO - [2025-03-08T02:20:20.888+0700] {dag.py:4180} INFO - Setting next_dagrun for example_subdag_operator.section-2 to None, run_after=None
[2025-03-08T02:20:20.901+0700] {processor.py:208} INFO - Processing /home/dataengineer/.pyenv/versions/3.9.21/lib/python3.9/site-packages/airflow/example_dags/example_subdag_operator.py took 0.084 seconds
[2025-03-08T02:27:05.046+0700] {processor.py:186} INFO - Started process (PID=66494) to work on /home/dataengineer/.pyenv/versions/3.9.21/lib/python3.9/site-packages/airflow/example_dags/example_subdag_operator.py
[2025-03-08T02:27:05.047+0700] {processor.py:914} INFO - Processing file /home/dataengineer/.pyenv/versions/3.9.21/lib/python3.9/site-packages/airflow/example_dags/example_subdag_operator.py for tasks to queue
[2025-03-08T02:27:05.049+0700] {logging_mixin.py:190} INFO - [2025-03-08T02:27:05.049+0700] {dagbag.py:588} INFO - Filling up the DagBag from /home/dataengineer/.pyenv/versions/3.9.21/lib/python3.9/site-packages/airflow/example_dags/example_subdag_operator.py
[2025-03-08T02:27:05.070+0700] {processor.py:925} INFO - DAG(s) 'example_subdag_operator.section-1', 'example_subdag_operator.section-2', 'example_subdag_operator' retrieved from /home/dataengineer/.pyenv/versions/3.9.21/lib/python3.9/site-packages/airflow/example_dags/example_subdag_operator.py
[2025-03-08T02:27:05.087+0700] {logging_mixin.py:190} INFO - [2025-03-08T02:27:05.087+0700] {dag.py:3239} INFO - Sync 3 DAGs
[2025-03-08T02:27:05.107+0700] {logging_mixin.py:190} INFO - [2025-03-08T02:27:05.107+0700] {dag.py:4180} INFO - Setting next_dagrun for example_subdag_operator to 2022-01-01 00:00:00+00:00, run_after=2022-01-01 00:00:00+00:00
[2025-03-08T02:27:05.110+0700] {logging_mixin.py:190} INFO - [2025-03-08T02:27:05.110+0700] {dag.py:4180} INFO - Setting next_dagrun for example_subdag_operator.section-1 to None, run_after=None
[2025-03-08T02:27:05.111+0700] {logging_mixin.py:190} INFO - [2025-03-08T02:27:05.111+0700] {dag.py:4180} INFO - Setting next_dagrun for example_subdag_operator.section-2 to None, run_after=None
[2025-03-08T02:27:05.116+0700] {logging_mixin.py:190} INFO - [2025-03-08T02:27:05.116+0700] {dag.py:3239} INFO - Sync 2 DAGs
[2025-03-08T02:27:05.120+0700] {logging_mixin.py:190} INFO - [2025-03-08T02:27:05.120+0700] {dag.py:4180} INFO - Setting next_dagrun for example_subdag_operator.section-1 to None, run_after=None
[2025-03-08T02:27:05.121+0700] {logging_mixin.py:190} INFO - [2025-03-08T02:27:05.121+0700] {dag.py:4180} INFO - Setting next_dagrun for example_subdag_operator.section-2 to None, run_after=None
[2025-03-08T02:27:05.134+0700] {processor.py:208} INFO - Processing /home/dataengineer/.pyenv/versions/3.9.21/lib/python3.9/site-packages/airflow/example_dags/example_subdag_operator.py took 0.094 seconds
[2025-03-08T02:29:19.149+0700] {processor.py:186} INFO - Started process (PID=67468) to work on /home/dataengineer/.pyenv/versions/3.9.21/lib/python3.9/site-packages/airflow/example_dags/example_subdag_operator.py
[2025-03-08T02:29:19.151+0700] {processor.py:914} INFO - Processing file /home/dataengineer/.pyenv/versions/3.9.21/lib/python3.9/site-packages/airflow/example_dags/example_subdag_operator.py for tasks to queue
[2025-03-08T02:29:19.153+0700] {logging_mixin.py:190} INFO - [2025-03-08T02:29:19.153+0700] {dagbag.py:588} INFO - Filling up the DagBag from /home/dataengineer/.pyenv/versions/3.9.21/lib/python3.9/site-packages/airflow/example_dags/example_subdag_operator.py
[2025-03-08T02:29:19.174+0700] {processor.py:925} INFO - DAG(s) 'example_subdag_operator.section-1', 'example_subdag_operator.section-2', 'example_subdag_operator' retrieved from /home/dataengineer/.pyenv/versions/3.9.21/lib/python3.9/site-packages/airflow/example_dags/example_subdag_operator.py
[2025-03-08T02:29:19.190+0700] {logging_mixin.py:190} INFO - [2025-03-08T02:29:19.190+0700] {dag.py:3239} INFO - Sync 3 DAGs
[2025-03-08T02:29:19.211+0700] {logging_mixin.py:190} INFO - [2025-03-08T02:29:19.210+0700] {dag.py:4180} INFO - Setting next_dagrun for example_subdag_operator to 2022-01-01 00:00:00+00:00, run_after=2022-01-01 00:00:00+00:00
[2025-03-08T02:29:19.214+0700] {logging_mixin.py:190} INFO - [2025-03-08T02:29:19.213+0700] {dag.py:4180} INFO - Setting next_dagrun for example_subdag_operator.section-1 to None, run_after=None
[2025-03-08T02:29:19.215+0700] {logging_mixin.py:190} INFO - [2025-03-08T02:29:19.214+0700] {dag.py:4180} INFO - Setting next_dagrun for example_subdag_operator.section-2 to None, run_after=None
[2025-03-08T02:29:19.220+0700] {logging_mixin.py:190} INFO - [2025-03-08T02:29:19.220+0700] {dag.py:3239} INFO - Sync 2 DAGs
[2025-03-08T02:29:19.224+0700] {logging_mixin.py:190} INFO - [2025-03-08T02:29:19.224+0700] {dag.py:4180} INFO - Setting next_dagrun for example_subdag_operator.section-1 to None, run_after=None
[2025-03-08T02:29:19.225+0700] {logging_mixin.py:190} INFO - [2025-03-08T02:29:19.224+0700] {dag.py:4180} INFO - Setting next_dagrun for example_subdag_operator.section-2 to None, run_after=None
[2025-03-08T02:29:19.240+0700] {processor.py:208} INFO - Processing /home/dataengineer/.pyenv/versions/3.9.21/lib/python3.9/site-packages/airflow/example_dags/example_subdag_operator.py took 0.097 seconds
[2025-03-08T02:30:15.178+0700] {processor.py:186} INFO - Started process (PID=67951) to work on /home/dataengineer/.pyenv/versions/3.9.21/lib/python3.9/site-packages/airflow/example_dags/example_subdag_operator.py
[2025-03-08T02:30:15.179+0700] {processor.py:914} INFO - Processing file /home/dataengineer/.pyenv/versions/3.9.21/lib/python3.9/site-packages/airflow/example_dags/example_subdag_operator.py for tasks to queue
[2025-03-08T02:30:15.180+0700] {logging_mixin.py:190} INFO - [2025-03-08T02:30:15.180+0700] {dagbag.py:588} INFO - Filling up the DagBag from /home/dataengineer/.pyenv/versions/3.9.21/lib/python3.9/site-packages/airflow/example_dags/example_subdag_operator.py
[2025-03-08T02:30:15.201+0700] {processor.py:925} INFO - DAG(s) 'example_subdag_operator.section-1', 'example_subdag_operator.section-2', 'example_subdag_operator' retrieved from /home/dataengineer/.pyenv/versions/3.9.21/lib/python3.9/site-packages/airflow/example_dags/example_subdag_operator.py
[2025-03-08T02:30:15.216+0700] {logging_mixin.py:190} INFO - [2025-03-08T02:30:15.216+0700] {dag.py:3239} INFO - Sync 3 DAGs
[2025-03-08T02:30:15.235+0700] {logging_mixin.py:190} INFO - [2025-03-08T02:30:15.235+0700] {dag.py:4180} INFO - Setting next_dagrun for example_subdag_operator to 2022-01-01 00:00:00+00:00, run_after=2022-01-01 00:00:00+00:00
[2025-03-08T02:30:15.238+0700] {logging_mixin.py:190} INFO - [2025-03-08T02:30:15.238+0700] {dag.py:4180} INFO - Setting next_dagrun for example_subdag_operator.section-1 to None, run_after=None
[2025-03-08T02:30:15.239+0700] {logging_mixin.py:190} INFO - [2025-03-08T02:30:15.239+0700] {dag.py:4180} INFO - Setting next_dagrun for example_subdag_operator.section-2 to None, run_after=None
[2025-03-08T02:30:15.244+0700] {logging_mixin.py:190} INFO - [2025-03-08T02:30:15.244+0700] {dag.py:3239} INFO - Sync 2 DAGs
[2025-03-08T02:30:15.247+0700] {logging_mixin.py:190} INFO - [2025-03-08T02:30:15.247+0700] {dag.py:4180} INFO - Setting next_dagrun for example_subdag_operator.section-1 to None, run_after=None
[2025-03-08T02:30:15.247+0700] {logging_mixin.py:190} INFO - [2025-03-08T02:30:15.247+0700] {dag.py:4180} INFO - Setting next_dagrun for example_subdag_operator.section-2 to None, run_after=None
[2025-03-08T02:30:15.261+0700] {processor.py:208} INFO - Processing /home/dataengineer/.pyenv/versions/3.9.21/lib/python3.9/site-packages/airflow/example_dags/example_subdag_operator.py took 0.089 seconds
[2025-03-08T02:31:09.812+0700] {processor.py:186} INFO - Started process (PID=68298) to work on /home/dataengineer/.pyenv/versions/3.9.21/lib/python3.9/site-packages/airflow/example_dags/example_subdag_operator.py
[2025-03-08T02:31:09.813+0700] {processor.py:914} INFO - Processing file /home/dataengineer/.pyenv/versions/3.9.21/lib/python3.9/site-packages/airflow/example_dags/example_subdag_operator.py for tasks to queue
[2025-03-08T02:31:09.815+0700] {logging_mixin.py:190} INFO - [2025-03-08T02:31:09.815+0700] {dagbag.py:588} INFO - Filling up the DagBag from /home/dataengineer/.pyenv/versions/3.9.21/lib/python3.9/site-packages/airflow/example_dags/example_subdag_operator.py
[2025-03-08T02:31:09.835+0700] {processor.py:925} INFO - DAG(s) 'example_subdag_operator.section-1', 'example_subdag_operator.section-2', 'example_subdag_operator' retrieved from /home/dataengineer/.pyenv/versions/3.9.21/lib/python3.9/site-packages/airflow/example_dags/example_subdag_operator.py
[2025-03-08T02:31:09.849+0700] {logging_mixin.py:190} INFO - [2025-03-08T02:31:09.849+0700] {dag.py:3239} INFO - Sync 3 DAGs
[2025-03-08T02:31:09.867+0700] {logging_mixin.py:190} INFO - [2025-03-08T02:31:09.867+0700] {dag.py:4180} INFO - Setting next_dagrun for example_subdag_operator to 2022-01-01 00:00:00+00:00, run_after=2022-01-01 00:00:00+00:00
[2025-03-08T02:31:09.870+0700] {logging_mixin.py:190} INFO - [2025-03-08T02:31:09.870+0700] {dag.py:4180} INFO - Setting next_dagrun for example_subdag_operator.section-1 to None, run_after=None
[2025-03-08T02:31:09.871+0700] {logging_mixin.py:190} INFO - [2025-03-08T02:31:09.871+0700] {dag.py:4180} INFO - Setting next_dagrun for example_subdag_operator.section-2 to None, run_after=None
[2025-03-08T02:31:09.876+0700] {logging_mixin.py:190} INFO - [2025-03-08T02:31:09.876+0700] {dag.py:3239} INFO - Sync 2 DAGs
[2025-03-08T02:31:09.879+0700] {logging_mixin.py:190} INFO - [2025-03-08T02:31:09.879+0700] {dag.py:4180} INFO - Setting next_dagrun for example_subdag_operator.section-1 to None, run_after=None
[2025-03-08T02:31:09.880+0700] {logging_mixin.py:190} INFO - [2025-03-08T02:31:09.879+0700] {dag.py:4180} INFO - Setting next_dagrun for example_subdag_operator.section-2 to None, run_after=None
[2025-03-08T02:31:09.893+0700] {processor.py:208} INFO - Processing /home/dataengineer/.pyenv/versions/3.9.21/lib/python3.9/site-packages/airflow/example_dags/example_subdag_operator.py took 0.086 seconds
[2025-03-08T02:32:03.274+0700] {processor.py:186} INFO - Started process (PID=68951) to work on /home/dataengineer/.pyenv/versions/3.9.21/lib/python3.9/site-packages/airflow/example_dags/example_subdag_operator.py
[2025-03-08T02:32:03.276+0700] {processor.py:914} INFO - Processing file /home/dataengineer/.pyenv/versions/3.9.21/lib/python3.9/site-packages/airflow/example_dags/example_subdag_operator.py for tasks to queue
[2025-03-08T02:32:03.278+0700] {logging_mixin.py:190} INFO - [2025-03-08T02:32:03.277+0700] {dagbag.py:588} INFO - Filling up the DagBag from /home/dataengineer/.pyenv/versions/3.9.21/lib/python3.9/site-packages/airflow/example_dags/example_subdag_operator.py
[2025-03-08T02:32:03.299+0700] {processor.py:925} INFO - DAG(s) 'example_subdag_operator.section-1', 'example_subdag_operator.section-2', 'example_subdag_operator' retrieved from /home/dataengineer/.pyenv/versions/3.9.21/lib/python3.9/site-packages/airflow/example_dags/example_subdag_operator.py
[2025-03-08T02:32:03.315+0700] {logging_mixin.py:190} INFO - [2025-03-08T02:32:03.314+0700] {dag.py:3239} INFO - Sync 3 DAGs
[2025-03-08T02:32:03.335+0700] {logging_mixin.py:190} INFO - [2025-03-08T02:32:03.335+0700] {dag.py:4180} INFO - Setting next_dagrun for example_subdag_operator to 2022-01-01 00:00:00+00:00, run_after=2022-01-01 00:00:00+00:00
[2025-03-08T02:32:03.339+0700] {logging_mixin.py:190} INFO - [2025-03-08T02:32:03.339+0700] {dag.py:4180} INFO - Setting next_dagrun for example_subdag_operator.section-1 to None, run_after=None
[2025-03-08T02:32:03.340+0700] {logging_mixin.py:190} INFO - [2025-03-08T02:32:03.340+0700] {dag.py:4180} INFO - Setting next_dagrun for example_subdag_operator.section-2 to None, run_after=None
[2025-03-08T02:32:03.346+0700] {logging_mixin.py:190} INFO - [2025-03-08T02:32:03.345+0700] {dag.py:3239} INFO - Sync 2 DAGs
[2025-03-08T02:32:03.350+0700] {logging_mixin.py:190} INFO - [2025-03-08T02:32:03.350+0700] {dag.py:4180} INFO - Setting next_dagrun for example_subdag_operator.section-1 to None, run_after=None
[2025-03-08T02:32:03.351+0700] {logging_mixin.py:190} INFO - [2025-03-08T02:32:03.351+0700] {dag.py:4180} INFO - Setting next_dagrun for example_subdag_operator.section-2 to None, run_after=None
[2025-03-08T02:32:03.365+0700] {processor.py:208} INFO - Processing /home/dataengineer/.pyenv/versions/3.9.21/lib/python3.9/site-packages/airflow/example_dags/example_subdag_operator.py took 0.096 seconds
[2025-03-08T02:33:00.910+0700] {processor.py:186} INFO - Started process (PID=69205) to work on /home/dataengineer/.pyenv/versions/3.9.21/lib/python3.9/site-packages/airflow/example_dags/example_subdag_operator.py
[2025-03-08T02:33:00.912+0700] {processor.py:914} INFO - Processing file /home/dataengineer/.pyenv/versions/3.9.21/lib/python3.9/site-packages/airflow/example_dags/example_subdag_operator.py for tasks to queue
[2025-03-08T02:33:00.913+0700] {logging_mixin.py:190} INFO - [2025-03-08T02:33:00.912+0700] {dagbag.py:588} INFO - Filling up the DagBag from /home/dataengineer/.pyenv/versions/3.9.21/lib/python3.9/site-packages/airflow/example_dags/example_subdag_operator.py
[2025-03-08T02:33:00.933+0700] {processor.py:925} INFO - DAG(s) 'example_subdag_operator.section-1', 'example_subdag_operator.section-2', 'example_subdag_operator' retrieved from /home/dataengineer/.pyenv/versions/3.9.21/lib/python3.9/site-packages/airflow/example_dags/example_subdag_operator.py
[2025-03-08T02:33:00.947+0700] {logging_mixin.py:190} INFO - [2025-03-08T02:33:00.947+0700] {dag.py:3239} INFO - Sync 3 DAGs
[2025-03-08T02:33:00.966+0700] {logging_mixin.py:190} INFO - [2025-03-08T02:33:00.966+0700] {dag.py:4180} INFO - Setting next_dagrun for example_subdag_operator to 2022-01-01 00:00:00+00:00, run_after=2022-01-01 00:00:00+00:00
[2025-03-08T02:33:00.969+0700] {logging_mixin.py:190} INFO - [2025-03-08T02:33:00.969+0700] {dag.py:4180} INFO - Setting next_dagrun for example_subdag_operator.section-1 to None, run_after=None
[2025-03-08T02:33:00.970+0700] {logging_mixin.py:190} INFO - [2025-03-08T02:33:00.970+0700] {dag.py:4180} INFO - Setting next_dagrun for example_subdag_operator.section-2 to None, run_after=None
[2025-03-08T02:33:00.975+0700] {logging_mixin.py:190} INFO - [2025-03-08T02:33:00.975+0700] {dag.py:3239} INFO - Sync 2 DAGs
[2025-03-08T02:33:00.979+0700] {logging_mixin.py:190} INFO - [2025-03-08T02:33:00.979+0700] {dag.py:4180} INFO - Setting next_dagrun for example_subdag_operator.section-1 to None, run_after=None
[2025-03-08T02:33:00.979+0700] {logging_mixin.py:190} INFO - [2025-03-08T02:33:00.979+0700] {dag.py:4180} INFO - Setting next_dagrun for example_subdag_operator.section-2 to None, run_after=None
[2025-03-08T02:33:00.994+0700] {processor.py:208} INFO - Processing /home/dataengineer/.pyenv/versions/3.9.21/lib/python3.9/site-packages/airflow/example_dags/example_subdag_operator.py took 0.090 seconds
[2025-03-08T02:33:57.720+0700] {processor.py:186} INFO - Started process (PID=69521) to work on /home/dataengineer/.pyenv/versions/3.9.21/lib/python3.9/site-packages/airflow/example_dags/example_subdag_operator.py
[2025-03-08T02:33:57.721+0700] {processor.py:914} INFO - Processing file /home/dataengineer/.pyenv/versions/3.9.21/lib/python3.9/site-packages/airflow/example_dags/example_subdag_operator.py for tasks to queue
[2025-03-08T02:33:57.722+0700] {logging_mixin.py:190} INFO - [2025-03-08T02:33:57.722+0700] {dagbag.py:588} INFO - Filling up the DagBag from /home/dataengineer/.pyenv/versions/3.9.21/lib/python3.9/site-packages/airflow/example_dags/example_subdag_operator.py
[2025-03-08T02:33:57.740+0700] {processor.py:925} INFO - DAG(s) 'example_subdag_operator.section-1', 'example_subdag_operator.section-2', 'example_subdag_operator' retrieved from /home/dataengineer/.pyenv/versions/3.9.21/lib/python3.9/site-packages/airflow/example_dags/example_subdag_operator.py
[2025-03-08T02:33:57.753+0700] {logging_mixin.py:190} INFO - [2025-03-08T02:33:57.753+0700] {dag.py:3239} INFO - Sync 3 DAGs
[2025-03-08T02:33:57.771+0700] {logging_mixin.py:190} INFO - [2025-03-08T02:33:57.770+0700] {dag.py:4180} INFO - Setting next_dagrun for example_subdag_operator to 2022-01-01 00:00:00+00:00, run_after=2022-01-01 00:00:00+00:00
[2025-03-08T02:33:57.774+0700] {logging_mixin.py:190} INFO - [2025-03-08T02:33:57.774+0700] {dag.py:4180} INFO - Setting next_dagrun for example_subdag_operator.section-1 to None, run_after=None
[2025-03-08T02:33:57.775+0700] {logging_mixin.py:190} INFO - [2025-03-08T02:33:57.775+0700] {dag.py:4180} INFO - Setting next_dagrun for example_subdag_operator.section-2 to None, run_after=None
[2025-03-08T02:33:57.780+0700] {logging_mixin.py:190} INFO - [2025-03-08T02:33:57.779+0700] {dag.py:3239} INFO - Sync 2 DAGs
[2025-03-08T02:33:57.783+0700] {logging_mixin.py:190} INFO - [2025-03-08T02:33:57.783+0700] {dag.py:4180} INFO - Setting next_dagrun for example_subdag_operator.section-1 to None, run_after=None
[2025-03-08T02:33:57.783+0700] {logging_mixin.py:190} INFO - [2025-03-08T02:33:57.783+0700] {dag.py:4180} INFO - Setting next_dagrun for example_subdag_operator.section-2 to None, run_after=None
[2025-03-08T02:33:57.797+0700] {processor.py:208} INFO - Processing /home/dataengineer/.pyenv/versions/3.9.21/lib/python3.9/site-packages/airflow/example_dags/example_subdag_operator.py took 0.082 seconds
[2025-03-08T02:34:42.785+0700] {processor.py:186} INFO - Started process (PID=70330) to work on /home/dataengineer/.pyenv/versions/3.9.21/lib/python3.9/site-packages/airflow/example_dags/example_subdag_operator.py
[2025-03-08T02:34:42.786+0700] {processor.py:914} INFO - Processing file /home/dataengineer/.pyenv/versions/3.9.21/lib/python3.9/site-packages/airflow/example_dags/example_subdag_operator.py for tasks to queue
[2025-03-08T02:34:42.789+0700] {logging_mixin.py:190} INFO - [2025-03-08T02:34:42.789+0700] {dagbag.py:588} INFO - Filling up the DagBag from /home/dataengineer/.pyenv/versions/3.9.21/lib/python3.9/site-packages/airflow/example_dags/example_subdag_operator.py
[2025-03-08T02:34:42.811+0700] {processor.py:925} INFO - DAG(s) 'example_subdag_operator.section-1', 'example_subdag_operator.section-2', 'example_subdag_operator' retrieved from /home/dataengineer/.pyenv/versions/3.9.21/lib/python3.9/site-packages/airflow/example_dags/example_subdag_operator.py
[2025-03-08T02:34:42.827+0700] {logging_mixin.py:190} INFO - [2025-03-08T02:34:42.827+0700] {dag.py:3239} INFO - Sync 3 DAGs
[2025-03-08T02:34:42.847+0700] {logging_mixin.py:190} INFO - [2025-03-08T02:34:42.847+0700] {dag.py:4180} INFO - Setting next_dagrun for example_subdag_operator to 2022-01-01 00:00:00+00:00, run_after=2022-01-01 00:00:00+00:00
[2025-03-08T02:34:42.850+0700] {logging_mixin.py:190} INFO - [2025-03-08T02:34:42.850+0700] {dag.py:4180} INFO - Setting next_dagrun for example_subdag_operator.section-1 to None, run_after=None
[2025-03-08T02:34:42.851+0700] {logging_mixin.py:190} INFO - [2025-03-08T02:34:42.851+0700] {dag.py:4180} INFO - Setting next_dagrun for example_subdag_operator.section-2 to None, run_after=None
[2025-03-08T02:34:42.857+0700] {logging_mixin.py:190} INFO - [2025-03-08T02:34:42.857+0700] {dag.py:3239} INFO - Sync 2 DAGs
[2025-03-08T02:34:42.862+0700] {logging_mixin.py:190} INFO - [2025-03-08T02:34:42.862+0700] {dag.py:4180} INFO - Setting next_dagrun for example_subdag_operator.section-1 to None, run_after=None
[2025-03-08T02:34:42.863+0700] {logging_mixin.py:190} INFO - [2025-03-08T02:34:42.863+0700] {dag.py:4180} INFO - Setting next_dagrun for example_subdag_operator.section-2 to None, run_after=None
[2025-03-08T02:34:42.878+0700] {processor.py:208} INFO - Processing /home/dataengineer/.pyenv/versions/3.9.21/lib/python3.9/site-packages/airflow/example_dags/example_subdag_operator.py took 0.099 seconds
[2025-03-08T02:35:42.483+0700] {processor.py:186} INFO - Started process (PID=70769) to work on /home/dataengineer/.pyenv/versions/3.9.21/lib/python3.9/site-packages/airflow/example_dags/example_subdag_operator.py
[2025-03-08T02:35:42.484+0700] {processor.py:914} INFO - Processing file /home/dataengineer/.pyenv/versions/3.9.21/lib/python3.9/site-packages/airflow/example_dags/example_subdag_operator.py for tasks to queue
[2025-03-08T02:35:42.487+0700] {logging_mixin.py:190} INFO - [2025-03-08T02:35:42.487+0700] {dagbag.py:588} INFO - Filling up the DagBag from /home/dataengineer/.pyenv/versions/3.9.21/lib/python3.9/site-packages/airflow/example_dags/example_subdag_operator.py
[2025-03-08T02:35:42.509+0700] {processor.py:925} INFO - DAG(s) 'example_subdag_operator.section-1', 'example_subdag_operator.section-2', 'example_subdag_operator' retrieved from /home/dataengineer/.pyenv/versions/3.9.21/lib/python3.9/site-packages/airflow/example_dags/example_subdag_operator.py
[2025-03-08T02:35:42.525+0700] {logging_mixin.py:190} INFO - [2025-03-08T02:35:42.525+0700] {dag.py:3239} INFO - Sync 3 DAGs
[2025-03-08T02:35:42.571+0700] {logging_mixin.py:190} INFO - [2025-03-08T02:35:42.571+0700] {dag.py:4180} INFO - Setting next_dagrun for example_subdag_operator to 2022-01-01 00:00:00+00:00, run_after=2022-01-01 00:00:00+00:00
[2025-03-08T02:35:42.576+0700] {logging_mixin.py:190} INFO - [2025-03-08T02:35:42.575+0700] {dag.py:4180} INFO - Setting next_dagrun for example_subdag_operator.section-1 to None, run_after=None
[2025-03-08T02:35:42.577+0700] {logging_mixin.py:190} INFO - [2025-03-08T02:35:42.577+0700] {dag.py:4180} INFO - Setting next_dagrun for example_subdag_operator.section-2 to None, run_after=None
[2025-03-08T02:35:42.586+0700] {logging_mixin.py:190} INFO - [2025-03-08T02:35:42.585+0700] {dag.py:3239} INFO - Sync 2 DAGs
[2025-03-08T02:35:42.592+0700] {logging_mixin.py:190} INFO - [2025-03-08T02:35:42.591+0700] {dag.py:4180} INFO - Setting next_dagrun for example_subdag_operator.section-1 to None, run_after=None
[2025-03-08T02:35:42.592+0700] {logging_mixin.py:190} INFO - [2025-03-08T02:35:42.592+0700] {dag.py:4180} INFO - Setting next_dagrun for example_subdag_operator.section-2 to None, run_after=None
[2025-03-08T02:35:42.613+0700] {processor.py:208} INFO - Processing /home/dataengineer/.pyenv/versions/3.9.21/lib/python3.9/site-packages/airflow/example_dags/example_subdag_operator.py took 0.136 seconds
[2025-03-08T02:36:45.238+0700] {processor.py:186} INFO - Started process (PID=71218) to work on /home/dataengineer/.pyenv/versions/3.9.21/lib/python3.9/site-packages/airflow/example_dags/example_subdag_operator.py
[2025-03-08T02:36:45.239+0700] {processor.py:914} INFO - Processing file /home/dataengineer/.pyenv/versions/3.9.21/lib/python3.9/site-packages/airflow/example_dags/example_subdag_operator.py for tasks to queue
[2025-03-08T02:36:45.241+0700] {logging_mixin.py:190} INFO - [2025-03-08T02:36:45.241+0700] {dagbag.py:588} INFO - Filling up the DagBag from /home/dataengineer/.pyenv/versions/3.9.21/lib/python3.9/site-packages/airflow/example_dags/example_subdag_operator.py
[2025-03-08T02:36:45.259+0700] {processor.py:925} INFO - DAG(s) 'example_subdag_operator.section-1', 'example_subdag_operator.section-2', 'example_subdag_operator' retrieved from /home/dataengineer/.pyenv/versions/3.9.21/lib/python3.9/site-packages/airflow/example_dags/example_subdag_operator.py
[2025-03-08T02:36:45.273+0700] {logging_mixin.py:190} INFO - [2025-03-08T02:36:45.272+0700] {dag.py:3239} INFO - Sync 3 DAGs
[2025-03-08T02:36:45.290+0700] {logging_mixin.py:190} INFO - [2025-03-08T02:36:45.289+0700] {dag.py:4180} INFO - Setting next_dagrun for example_subdag_operator to 2022-01-01 00:00:00+00:00, run_after=2022-01-01 00:00:00+00:00
[2025-03-08T02:36:45.293+0700] {logging_mixin.py:190} INFO - [2025-03-08T02:36:45.293+0700] {dag.py:4180} INFO - Setting next_dagrun for example_subdag_operator.section-1 to None, run_after=None
[2025-03-08T02:36:45.294+0700] {logging_mixin.py:190} INFO - [2025-03-08T02:36:45.294+0700] {dag.py:4180} INFO - Setting next_dagrun for example_subdag_operator.section-2 to None, run_after=None
[2025-03-08T02:36:45.298+0700] {logging_mixin.py:190} INFO - [2025-03-08T02:36:45.298+0700] {dag.py:3239} INFO - Sync 2 DAGs
[2025-03-08T02:36:45.302+0700] {logging_mixin.py:190} INFO - [2025-03-08T02:36:45.301+0700] {dag.py:4180} INFO - Setting next_dagrun for example_subdag_operator.section-1 to None, run_after=None
[2025-03-08T02:36:45.302+0700] {logging_mixin.py:190} INFO - [2025-03-08T02:36:45.302+0700] {dag.py:4180} INFO - Setting next_dagrun for example_subdag_operator.section-2 to None, run_after=None
[2025-03-08T02:36:45.316+0700] {processor.py:208} INFO - Processing /home/dataengineer/.pyenv/versions/3.9.21/lib/python3.9/site-packages/airflow/example_dags/example_subdag_operator.py took 0.083 seconds
[2025-03-08T02:37:43.030+0700] {processor.py:186} INFO - Started process (PID=71455) to work on /home/dataengineer/.pyenv/versions/3.9.21/lib/python3.9/site-packages/airflow/example_dags/example_subdag_operator.py
[2025-03-08T02:37:43.032+0700] {processor.py:914} INFO - Processing file /home/dataengineer/.pyenv/versions/3.9.21/lib/python3.9/site-packages/airflow/example_dags/example_subdag_operator.py for tasks to queue
[2025-03-08T02:37:43.034+0700] {logging_mixin.py:190} INFO - [2025-03-08T02:37:43.033+0700] {dagbag.py:588} INFO - Filling up the DagBag from /home/dataengineer/.pyenv/versions/3.9.21/lib/python3.9/site-packages/airflow/example_dags/example_subdag_operator.py
[2025-03-08T02:37:43.055+0700] {processor.py:925} INFO - DAG(s) 'example_subdag_operator.section-1', 'example_subdag_operator.section-2', 'example_subdag_operator' retrieved from /home/dataengineer/.pyenv/versions/3.9.21/lib/python3.9/site-packages/airflow/example_dags/example_subdag_operator.py
[2025-03-08T02:37:43.071+0700] {logging_mixin.py:190} INFO - [2025-03-08T02:37:43.071+0700] {dag.py:3239} INFO - Sync 3 DAGs
[2025-03-08T02:37:43.091+0700] {logging_mixin.py:190} INFO - [2025-03-08T02:37:43.091+0700] {dag.py:4180} INFO - Setting next_dagrun for example_subdag_operator to 2022-01-01 00:00:00+00:00, run_after=2022-01-01 00:00:00+00:00
[2025-03-08T02:37:43.095+0700] {logging_mixin.py:190} INFO - [2025-03-08T02:37:43.095+0700] {dag.py:4180} INFO - Setting next_dagrun for example_subdag_operator.section-1 to None, run_after=None
[2025-03-08T02:37:43.096+0700] {logging_mixin.py:190} INFO - [2025-03-08T02:37:43.096+0700] {dag.py:4180} INFO - Setting next_dagrun for example_subdag_operator.section-2 to None, run_after=None
[2025-03-08T02:37:43.104+0700] {logging_mixin.py:190} INFO - [2025-03-08T02:37:43.104+0700] {dag.py:3239} INFO - Sync 2 DAGs
[2025-03-08T02:37:43.108+0700] {logging_mixin.py:190} INFO - [2025-03-08T02:37:43.108+0700] {dag.py:4180} INFO - Setting next_dagrun for example_subdag_operator.section-1 to None, run_after=None
[2025-03-08T02:37:43.109+0700] {logging_mixin.py:190} INFO - [2025-03-08T02:37:43.108+0700] {dag.py:4180} INFO - Setting next_dagrun for example_subdag_operator.section-2 to None, run_after=None
[2025-03-08T02:37:43.123+0700] {processor.py:208} INFO - Processing /home/dataengineer/.pyenv/versions/3.9.21/lib/python3.9/site-packages/airflow/example_dags/example_subdag_operator.py took 0.098 seconds
[2025-03-08T02:38:49.242+0700] {processor.py:186} INFO - Started process (PID=72397) to work on /home/dataengineer/.pyenv/versions/3.9.21/lib/python3.9/site-packages/airflow/example_dags/example_subdag_operator.py
[2025-03-08T02:38:49.243+0700] {processor.py:914} INFO - Processing file /home/dataengineer/.pyenv/versions/3.9.21/lib/python3.9/site-packages/airflow/example_dags/example_subdag_operator.py for tasks to queue
[2025-03-08T02:38:49.245+0700] {logging_mixin.py:190} INFO - [2025-03-08T02:38:49.245+0700] {dagbag.py:588} INFO - Filling up the DagBag from /home/dataengineer/.pyenv/versions/3.9.21/lib/python3.9/site-packages/airflow/example_dags/example_subdag_operator.py
[2025-03-08T02:38:49.265+0700] {processor.py:925} INFO - DAG(s) 'example_subdag_operator.section-1', 'example_subdag_operator.section-2', 'example_subdag_operator' retrieved from /home/dataengineer/.pyenv/versions/3.9.21/lib/python3.9/site-packages/airflow/example_dags/example_subdag_operator.py
[2025-03-08T02:38:49.280+0700] {logging_mixin.py:190} INFO - [2025-03-08T02:38:49.280+0700] {dag.py:3239} INFO - Sync 3 DAGs
[2025-03-08T02:38:49.300+0700] {logging_mixin.py:190} INFO - [2025-03-08T02:38:49.300+0700] {dag.py:4180} INFO - Setting next_dagrun for example_subdag_operator to 2022-01-01 00:00:00+00:00, run_after=2022-01-01 00:00:00+00:00
[2025-03-08T02:38:49.304+0700] {logging_mixin.py:190} INFO - [2025-03-08T02:38:49.303+0700] {dag.py:4180} INFO - Setting next_dagrun for example_subdag_operator.section-1 to None, run_after=None
[2025-03-08T02:38:49.305+0700] {logging_mixin.py:190} INFO - [2025-03-08T02:38:49.304+0700] {dag.py:4180} INFO - Setting next_dagrun for example_subdag_operator.section-2 to None, run_after=None
[2025-03-08T02:38:49.310+0700] {logging_mixin.py:190} INFO - [2025-03-08T02:38:49.310+0700] {dag.py:3239} INFO - Sync 2 DAGs
[2025-03-08T02:38:49.314+0700] {logging_mixin.py:190} INFO - [2025-03-08T02:38:49.313+0700] {dag.py:4180} INFO - Setting next_dagrun for example_subdag_operator.section-1 to None, run_after=None
[2025-03-08T02:38:49.314+0700] {logging_mixin.py:190} INFO - [2025-03-08T02:38:49.314+0700] {dag.py:4180} INFO - Setting next_dagrun for example_subdag_operator.section-2 to None, run_after=None
[2025-03-08T02:38:49.327+0700] {processor.py:208} INFO - Processing /home/dataengineer/.pyenv/versions/3.9.21/lib/python3.9/site-packages/airflow/example_dags/example_subdag_operator.py took 0.091 seconds
