[2025-03-08T00:57:09.314+0700] {processor.py:186} INFO - Started process (PID=36525) to work on /home/dataengineer/.pyenv/versions/3.9.21/lib/python3.9/site-packages/airflow/example_dags/example_params_trigger_ui.py
[2025-03-08T00:57:09.315+0700] {processor.py:914} INFO - Processing file /home/dataengineer/.pyenv/versions/3.9.21/lib/python3.9/site-packages/airflow/example_dags/example_params_trigger_ui.py for tasks to queue
[2025-03-08T00:57:09.316+0700] {logging_mixin.py:190} INFO - [2025-03-08T00:57:09.316+0700] {dagbag.py:588} INFO - Filling up the DagBag from /home/dataengineer/.pyenv/versions/3.9.21/lib/python3.9/site-packages/airflow/example_dags/example_params_trigger_ui.py
[2025-03-08T00:57:09.326+0700] {processor.py:925} INFO - DAG(s) 'example_params_trigger_ui' retrieved from /home/dataengineer/.pyenv/versions/3.9.21/lib/python3.9/site-packages/airflow/example_dags/example_params_trigger_ui.py
[2025-03-08T00:57:09.365+0700] {logging_mixin.py:190} INFO - [2025-03-08T00:57:09.365+0700] {dag.py:3239} INFO - Sync 1 DAGs
[2025-03-08T00:57:09.376+0700] {logging_mixin.py:190} INFO - [2025-03-08T00:57:09.376+0700] {dag.py:4180} INFO - Setting next_dagrun for example_params_trigger_ui to None, run_after=None
[2025-03-08T00:57:09.394+0700] {processor.py:208} INFO - Processing /home/dataengineer/.pyenv/versions/3.9.21/lib/python3.9/site-packages/airflow/example_dags/example_params_trigger_ui.py took 0.086 seconds
[2025-03-08T00:58:12.703+0700] {processor.py:186} INFO - Started process (PID=37131) to work on /home/dataengineer/.pyenv/versions/3.9.21/lib/python3.9/site-packages/airflow/example_dags/example_params_trigger_ui.py
[2025-03-08T00:58:12.704+0700] {processor.py:914} INFO - Processing file /home/dataengineer/.pyenv/versions/3.9.21/lib/python3.9/site-packages/airflow/example_dags/example_params_trigger_ui.py for tasks to queue
[2025-03-08T00:58:12.706+0700] {logging_mixin.py:190} INFO - [2025-03-08T00:58:12.706+0700] {dagbag.py:588} INFO - Filling up the DagBag from /home/dataengineer/.pyenv/versions/3.9.21/lib/python3.9/site-packages/airflow/example_dags/example_params_trigger_ui.py
[2025-03-08T00:58:12.716+0700] {processor.py:925} INFO - DAG(s) 'example_params_trigger_ui' retrieved from /home/dataengineer/.pyenv/versions/3.9.21/lib/python3.9/site-packages/airflow/example_dags/example_params_trigger_ui.py
[2025-03-08T00:58:12.756+0700] {logging_mixin.py:190} INFO - [2025-03-08T00:58:12.756+0700] {dag.py:3239} INFO - Sync 1 DAGs
[2025-03-08T00:58:12.768+0700] {logging_mixin.py:190} INFO - [2025-03-08T00:58:12.767+0700] {dag.py:4180} INFO - Setting next_dagrun for example_params_trigger_ui to None, run_after=None
[2025-03-08T00:58:12.786+0700] {processor.py:208} INFO - Processing /home/dataengineer/.pyenv/versions/3.9.21/lib/python3.9/site-packages/airflow/example_dags/example_params_trigger_ui.py took 0.089 seconds
[2025-03-08T00:59:14.491+0700] {processor.py:186} INFO - Started process (PID=37560) to work on /home/dataengineer/.pyenv/versions/3.9.21/lib/python3.9/site-packages/airflow/example_dags/example_params_trigger_ui.py
[2025-03-08T00:59:14.492+0700] {processor.py:914} INFO - Processing file /home/dataengineer/.pyenv/versions/3.9.21/lib/python3.9/site-packages/airflow/example_dags/example_params_trigger_ui.py for tasks to queue
[2025-03-08T00:59:14.493+0700] {logging_mixin.py:190} INFO - [2025-03-08T00:59:14.493+0700] {dagbag.py:588} INFO - Filling up the DagBag from /home/dataengineer/.pyenv/versions/3.9.21/lib/python3.9/site-packages/airflow/example_dags/example_params_trigger_ui.py
[2025-03-08T00:59:14.503+0700] {processor.py:925} INFO - DAG(s) 'example_params_trigger_ui' retrieved from /home/dataengineer/.pyenv/versions/3.9.21/lib/python3.9/site-packages/airflow/example_dags/example_params_trigger_ui.py
[2025-03-08T00:59:14.543+0700] {logging_mixin.py:190} INFO - [2025-03-08T00:59:14.543+0700] {dag.py:3239} INFO - Sync 1 DAGs
[2025-03-08T00:59:14.554+0700] {logging_mixin.py:190} INFO - [2025-03-08T00:59:14.554+0700] {dag.py:4180} INFO - Setting next_dagrun for example_params_trigger_ui to None, run_after=None
[2025-03-08T00:59:14.577+0700] {processor.py:208} INFO - Processing /home/dataengineer/.pyenv/versions/3.9.21/lib/python3.9/site-packages/airflow/example_dags/example_params_trigger_ui.py took 0.092 seconds
[2025-03-08T01:00:16.189+0700] {processor.py:186} INFO - Started process (PID=37989) to work on /home/dataengineer/.pyenv/versions/3.9.21/lib/python3.9/site-packages/airflow/example_dags/example_params_trigger_ui.py
[2025-03-08T01:00:16.190+0700] {processor.py:914} INFO - Processing file /home/dataengineer/.pyenv/versions/3.9.21/lib/python3.9/site-packages/airflow/example_dags/example_params_trigger_ui.py for tasks to queue
[2025-03-08T01:00:16.192+0700] {logging_mixin.py:190} INFO - [2025-03-08T01:00:16.191+0700] {dagbag.py:588} INFO - Filling up the DagBag from /home/dataengineer/.pyenv/versions/3.9.21/lib/python3.9/site-packages/airflow/example_dags/example_params_trigger_ui.py
[2025-03-08T01:00:16.202+0700] {processor.py:925} INFO - DAG(s) 'example_params_trigger_ui' retrieved from /home/dataengineer/.pyenv/versions/3.9.21/lib/python3.9/site-packages/airflow/example_dags/example_params_trigger_ui.py
[2025-03-08T01:00:16.244+0700] {logging_mixin.py:190} INFO - [2025-03-08T01:00:16.244+0700] {dag.py:3239} INFO - Sync 1 DAGs
[2025-03-08T01:00:16.257+0700] {logging_mixin.py:190} INFO - [2025-03-08T01:00:16.257+0700] {dag.py:4180} INFO - Setting next_dagrun for example_params_trigger_ui to None, run_after=None
[2025-03-08T01:00:16.276+0700] {processor.py:208} INFO - Processing /home/dataengineer/.pyenv/versions/3.9.21/lib/python3.9/site-packages/airflow/example_dags/example_params_trigger_ui.py took 0.092 seconds
[2025-03-08T01:01:17.741+0700] {processor.py:186} INFO - Started process (PID=38421) to work on /home/dataengineer/.pyenv/versions/3.9.21/lib/python3.9/site-packages/airflow/example_dags/example_params_trigger_ui.py
[2025-03-08T01:01:17.742+0700] {processor.py:914} INFO - Processing file /home/dataengineer/.pyenv/versions/3.9.21/lib/python3.9/site-packages/airflow/example_dags/example_params_trigger_ui.py for tasks to queue
[2025-03-08T01:01:17.744+0700] {logging_mixin.py:190} INFO - [2025-03-08T01:01:17.744+0700] {dagbag.py:588} INFO - Filling up the DagBag from /home/dataengineer/.pyenv/versions/3.9.21/lib/python3.9/site-packages/airflow/example_dags/example_params_trigger_ui.py
[2025-03-08T01:01:17.754+0700] {processor.py:925} INFO - DAG(s) 'example_params_trigger_ui' retrieved from /home/dataengineer/.pyenv/versions/3.9.21/lib/python3.9/site-packages/airflow/example_dags/example_params_trigger_ui.py
[2025-03-08T01:01:17.794+0700] {logging_mixin.py:190} INFO - [2025-03-08T01:01:17.793+0700] {dag.py:3239} INFO - Sync 1 DAGs
[2025-03-08T01:01:17.805+0700] {logging_mixin.py:190} INFO - [2025-03-08T01:01:17.804+0700] {dag.py:4180} INFO - Setting next_dagrun for example_params_trigger_ui to None, run_after=None
[2025-03-08T01:01:17.823+0700] {processor.py:208} INFO - Processing /home/dataengineer/.pyenv/versions/3.9.21/lib/python3.9/site-packages/airflow/example_dags/example_params_trigger_ui.py took 0.088 seconds
[2025-03-08T01:02:19.547+0700] {processor.py:186} INFO - Started process (PID=38941) to work on /home/dataengineer/.pyenv/versions/3.9.21/lib/python3.9/site-packages/airflow/example_dags/example_params_trigger_ui.py
[2025-03-08T01:02:19.550+0700] {processor.py:914} INFO - Processing file /home/dataengineer/.pyenv/versions/3.9.21/lib/python3.9/site-packages/airflow/example_dags/example_params_trigger_ui.py for tasks to queue
[2025-03-08T01:02:19.552+0700] {logging_mixin.py:190} INFO - [2025-03-08T01:02:19.552+0700] {dagbag.py:588} INFO - Filling up the DagBag from /home/dataengineer/.pyenv/versions/3.9.21/lib/python3.9/site-packages/airflow/example_dags/example_params_trigger_ui.py
[2025-03-08T01:02:19.569+0700] {processor.py:925} INFO - DAG(s) 'example_params_trigger_ui' retrieved from /home/dataengineer/.pyenv/versions/3.9.21/lib/python3.9/site-packages/airflow/example_dags/example_params_trigger_ui.py
[2025-03-08T01:02:19.623+0700] {logging_mixin.py:190} INFO - [2025-03-08T01:02:19.622+0700] {dag.py:3239} INFO - Sync 1 DAGs
[2025-03-08T01:02:19.637+0700] {logging_mixin.py:190} INFO - [2025-03-08T01:02:19.637+0700] {dag.py:4180} INFO - Setting next_dagrun for example_params_trigger_ui to None, run_after=None
[2025-03-08T01:02:19.666+0700] {processor.py:208} INFO - Processing /home/dataengineer/.pyenv/versions/3.9.21/lib/python3.9/site-packages/airflow/example_dags/example_params_trigger_ui.py took 0.130 seconds
[2025-03-08T01:03:19.786+0700] {processor.py:186} INFO - Started process (PID=39561) to work on /home/dataengineer/.pyenv/versions/3.9.21/lib/python3.9/site-packages/airflow/example_dags/example_params_trigger_ui.py
[2025-03-08T01:03:19.787+0700] {processor.py:914} INFO - Processing file /home/dataengineer/.pyenv/versions/3.9.21/lib/python3.9/site-packages/airflow/example_dags/example_params_trigger_ui.py for tasks to queue
[2025-03-08T01:03:19.788+0700] {logging_mixin.py:190} INFO - [2025-03-08T01:03:19.788+0700] {dagbag.py:588} INFO - Filling up the DagBag from /home/dataengineer/.pyenv/versions/3.9.21/lib/python3.9/site-packages/airflow/example_dags/example_params_trigger_ui.py
[2025-03-08T01:03:19.799+0700] {processor.py:925} INFO - DAG(s) 'example_params_trigger_ui' retrieved from /home/dataengineer/.pyenv/versions/3.9.21/lib/python3.9/site-packages/airflow/example_dags/example_params_trigger_ui.py
[2025-03-08T01:03:19.843+0700] {logging_mixin.py:190} INFO - [2025-03-08T01:03:19.843+0700] {dag.py:3239} INFO - Sync 1 DAGs
[2025-03-08T01:03:19.858+0700] {logging_mixin.py:190} INFO - [2025-03-08T01:03:19.857+0700] {dag.py:4180} INFO - Setting next_dagrun for example_params_trigger_ui to None, run_after=None
[2025-03-08T01:03:19.880+0700] {processor.py:208} INFO - Processing /home/dataengineer/.pyenv/versions/3.9.21/lib/python3.9/site-packages/airflow/example_dags/example_params_trigger_ui.py took 0.100 seconds
[2025-03-08T01:04:21.535+0700] {processor.py:186} INFO - Started process (PID=41251) to work on /home/dataengineer/.pyenv/versions/3.9.21/lib/python3.9/site-packages/airflow/example_dags/example_params_trigger_ui.py
[2025-03-08T01:04:21.536+0700] {processor.py:914} INFO - Processing file /home/dataengineer/.pyenv/versions/3.9.21/lib/python3.9/site-packages/airflow/example_dags/example_params_trigger_ui.py for tasks to queue
[2025-03-08T01:04:21.538+0700] {logging_mixin.py:190} INFO - [2025-03-08T01:04:21.538+0700] {dagbag.py:588} INFO - Filling up the DagBag from /home/dataengineer/.pyenv/versions/3.9.21/lib/python3.9/site-packages/airflow/example_dags/example_params_trigger_ui.py
[2025-03-08T01:04:21.548+0700] {processor.py:925} INFO - DAG(s) 'example_params_trigger_ui' retrieved from /home/dataengineer/.pyenv/versions/3.9.21/lib/python3.9/site-packages/airflow/example_dags/example_params_trigger_ui.py
[2025-03-08T01:04:21.586+0700] {logging_mixin.py:190} INFO - [2025-03-08T01:04:21.585+0700] {dag.py:3239} INFO - Sync 1 DAGs
[2025-03-08T01:04:21.596+0700] {logging_mixin.py:190} INFO - [2025-03-08T01:04:21.596+0700] {dag.py:4180} INFO - Setting next_dagrun for example_params_trigger_ui to None, run_after=None
[2025-03-08T01:04:21.614+0700] {processor.py:208} INFO - Processing /home/dataengineer/.pyenv/versions/3.9.21/lib/python3.9/site-packages/airflow/example_dags/example_params_trigger_ui.py took 0.084 seconds
[2025-03-08T02:29:40.850+0700] {processor.py:186} INFO - Started process (PID=67689) to work on /home/dataengineer/.pyenv/versions/3.9.21/lib/python3.9/site-packages/airflow/example_dags/example_params_trigger_ui.py
[2025-03-08T02:29:40.852+0700] {processor.py:914} INFO - Processing file /home/dataengineer/.pyenv/versions/3.9.21/lib/python3.9/site-packages/airflow/example_dags/example_params_trigger_ui.py for tasks to queue
[2025-03-08T02:29:40.854+0700] {logging_mixin.py:190} INFO - [2025-03-08T02:29:40.854+0700] {dagbag.py:588} INFO - Filling up the DagBag from /home/dataengineer/.pyenv/versions/3.9.21/lib/python3.9/site-packages/airflow/example_dags/example_params_trigger_ui.py
[2025-03-08T02:29:40.864+0700] {processor.py:925} INFO - DAG(s) 'example_params_trigger_ui' retrieved from /home/dataengineer/.pyenv/versions/3.9.21/lib/python3.9/site-packages/airflow/example_dags/example_params_trigger_ui.py
[2025-03-08T02:29:40.908+0700] {logging_mixin.py:190} INFO - [2025-03-08T02:29:40.908+0700] {dag.py:3239} INFO - Sync 1 DAGs
[2025-03-08T02:29:40.921+0700] {logging_mixin.py:190} INFO - [2025-03-08T02:29:40.921+0700] {dag.py:4180} INFO - Setting next_dagrun for example_params_trigger_ui to None, run_after=None
[2025-03-08T02:29:40.941+0700] {processor.py:208} INFO - Processing /home/dataengineer/.pyenv/versions/3.9.21/lib/python3.9/site-packages/airflow/example_dags/example_params_trigger_ui.py took 0.096 seconds
[2025-03-08T02:30:39.180+0700] {processor.py:186} INFO - Started process (PID=68097) to work on /home/dataengineer/.pyenv/versions/3.9.21/lib/python3.9/site-packages/airflow/example_dags/example_params_trigger_ui.py
[2025-03-08T02:30:39.182+0700] {processor.py:914} INFO - Processing file /home/dataengineer/.pyenv/versions/3.9.21/lib/python3.9/site-packages/airflow/example_dags/example_params_trigger_ui.py for tasks to queue
[2025-03-08T02:30:39.183+0700] {logging_mixin.py:190} INFO - [2025-03-08T02:30:39.183+0700] {dagbag.py:588} INFO - Filling up the DagBag from /home/dataengineer/.pyenv/versions/3.9.21/lib/python3.9/site-packages/airflow/example_dags/example_params_trigger_ui.py
[2025-03-08T02:30:39.197+0700] {processor.py:925} INFO - DAG(s) 'example_params_trigger_ui' retrieved from /home/dataengineer/.pyenv/versions/3.9.21/lib/python3.9/site-packages/airflow/example_dags/example_params_trigger_ui.py
[2025-03-08T02:30:39.242+0700] {logging_mixin.py:190} INFO - [2025-03-08T02:30:39.241+0700] {dag.py:3239} INFO - Sync 1 DAGs
[2025-03-08T02:30:39.255+0700] {logging_mixin.py:190} INFO - [2025-03-08T02:30:39.255+0700] {dag.py:4180} INFO - Setting next_dagrun for example_params_trigger_ui to None, run_after=None
[2025-03-08T02:30:39.276+0700] {processor.py:208} INFO - Processing /home/dataengineer/.pyenv/versions/3.9.21/lib/python3.9/site-packages/airflow/example_dags/example_params_trigger_ui.py took 0.101 seconds
[2025-03-08T02:31:36.082+0700] {processor.py:186} INFO - Started process (PID=68839) to work on /home/dataengineer/.pyenv/versions/3.9.21/lib/python3.9/site-packages/airflow/example_dags/example_params_trigger_ui.py
[2025-03-08T02:31:36.083+0700] {processor.py:914} INFO - Processing file /home/dataengineer/.pyenv/versions/3.9.21/lib/python3.9/site-packages/airflow/example_dags/example_params_trigger_ui.py for tasks to queue
[2025-03-08T02:31:36.085+0700] {logging_mixin.py:190} INFO - [2025-03-08T02:31:36.084+0700] {dagbag.py:588} INFO - Filling up the DagBag from /home/dataengineer/.pyenv/versions/3.9.21/lib/python3.9/site-packages/airflow/example_dags/example_params_trigger_ui.py
[2025-03-08T02:31:36.098+0700] {processor.py:925} INFO - DAG(s) 'example_params_trigger_ui' retrieved from /home/dataengineer/.pyenv/versions/3.9.21/lib/python3.9/site-packages/airflow/example_dags/example_params_trigger_ui.py
[2025-03-08T02:31:36.146+0700] {logging_mixin.py:190} INFO - [2025-03-08T02:31:36.146+0700] {dag.py:3239} INFO - Sync 1 DAGs
[2025-03-08T02:31:36.160+0700] {logging_mixin.py:190} INFO - [2025-03-08T02:31:36.160+0700] {dag.py:4180} INFO - Setting next_dagrun for example_params_trigger_ui to None, run_after=None
[2025-03-08T02:31:36.181+0700] {processor.py:208} INFO - Processing /home/dataengineer/.pyenv/versions/3.9.21/lib/python3.9/site-packages/airflow/example_dags/example_params_trigger_ui.py took 0.105 seconds
[2025-03-08T02:32:31.908+0700] {processor.py:186} INFO - Started process (PID=69091) to work on /home/dataengineer/.pyenv/versions/3.9.21/lib/python3.9/site-packages/airflow/example_dags/example_params_trigger_ui.py
[2025-03-08T02:32:31.909+0700] {processor.py:914} INFO - Processing file /home/dataengineer/.pyenv/versions/3.9.21/lib/python3.9/site-packages/airflow/example_dags/example_params_trigger_ui.py for tasks to queue
[2025-03-08T02:32:31.910+0700] {logging_mixin.py:190} INFO - [2025-03-08T02:32:31.910+0700] {dagbag.py:588} INFO - Filling up the DagBag from /home/dataengineer/.pyenv/versions/3.9.21/lib/python3.9/site-packages/airflow/example_dags/example_params_trigger_ui.py
[2025-03-08T02:32:31.923+0700] {processor.py:925} INFO - DAG(s) 'example_params_trigger_ui' retrieved from /home/dataengineer/.pyenv/versions/3.9.21/lib/python3.9/site-packages/airflow/example_dags/example_params_trigger_ui.py
[2025-03-08T02:32:31.963+0700] {logging_mixin.py:190} INFO - [2025-03-08T02:32:31.963+0700] {dag.py:3239} INFO - Sync 1 DAGs
[2025-03-08T02:32:31.974+0700] {logging_mixin.py:190} INFO - [2025-03-08T02:32:31.974+0700] {dag.py:4180} INFO - Setting next_dagrun for example_params_trigger_ui to None, run_after=None
[2025-03-08T02:32:31.992+0700] {processor.py:208} INFO - Processing /home/dataengineer/.pyenv/versions/3.9.21/lib/python3.9/site-packages/airflow/example_dags/example_params_trigger_ui.py took 0.090 seconds
[2025-03-08T02:33:30.016+0700] {processor.py:186} INFO - Started process (PID=69349) to work on /home/dataengineer/.pyenv/versions/3.9.21/lib/python3.9/site-packages/airflow/example_dags/example_params_trigger_ui.py
[2025-03-08T02:33:30.019+0700] {processor.py:914} INFO - Processing file /home/dataengineer/.pyenv/versions/3.9.21/lib/python3.9/site-packages/airflow/example_dags/example_params_trigger_ui.py for tasks to queue
[2025-03-08T02:33:30.020+0700] {logging_mixin.py:190} INFO - [2025-03-08T02:33:30.020+0700] {dagbag.py:588} INFO - Filling up the DagBag from /home/dataengineer/.pyenv/versions/3.9.21/lib/python3.9/site-packages/airflow/example_dags/example_params_trigger_ui.py
[2025-03-08T02:33:30.035+0700] {processor.py:925} INFO - DAG(s) 'example_params_trigger_ui' retrieved from /home/dataengineer/.pyenv/versions/3.9.21/lib/python3.9/site-packages/airflow/example_dags/example_params_trigger_ui.py
[2025-03-08T02:33:30.084+0700] {logging_mixin.py:190} INFO - [2025-03-08T02:33:30.083+0700] {dag.py:3239} INFO - Sync 1 DAGs
[2025-03-08T02:33:30.095+0700] {logging_mixin.py:190} INFO - [2025-03-08T02:33:30.095+0700] {dag.py:4180} INFO - Setting next_dagrun for example_params_trigger_ui to None, run_after=None
[2025-03-08T02:33:30.113+0700] {processor.py:208} INFO - Processing /home/dataengineer/.pyenv/versions/3.9.21/lib/python3.9/site-packages/airflow/example_dags/example_params_trigger_ui.py took 0.104 seconds
[2025-03-08T02:35:05.587+0700] {processor.py:186} INFO - Started process (PID=70437) to work on /home/dataengineer/.pyenv/versions/3.9.21/lib/python3.9/site-packages/airflow/example_dags/example_params_trigger_ui.py
[2025-03-08T02:35:05.588+0700] {processor.py:914} INFO - Processing file /home/dataengineer/.pyenv/versions/3.9.21/lib/python3.9/site-packages/airflow/example_dags/example_params_trigger_ui.py for tasks to queue
[2025-03-08T02:35:05.590+0700] {logging_mixin.py:190} INFO - [2025-03-08T02:35:05.589+0700] {dagbag.py:588} INFO - Filling up the DagBag from /home/dataengineer/.pyenv/versions/3.9.21/lib/python3.9/site-packages/airflow/example_dags/example_params_trigger_ui.py
[2025-03-08T02:35:05.600+0700] {processor.py:925} INFO - DAG(s) 'example_params_trigger_ui' retrieved from /home/dataengineer/.pyenv/versions/3.9.21/lib/python3.9/site-packages/airflow/example_dags/example_params_trigger_ui.py
[2025-03-08T02:35:05.640+0700] {logging_mixin.py:190} INFO - [2025-03-08T02:35:05.640+0700] {dag.py:3239} INFO - Sync 1 DAGs
[2025-03-08T02:35:05.651+0700] {logging_mixin.py:190} INFO - [2025-03-08T02:35:05.651+0700] {dag.py:4180} INFO - Setting next_dagrun for example_params_trigger_ui to None, run_after=None
[2025-03-08T02:35:05.672+0700] {processor.py:208} INFO - Processing /home/dataengineer/.pyenv/versions/3.9.21/lib/python3.9/site-packages/airflow/example_dags/example_params_trigger_ui.py took 0.091 seconds
[2025-03-08T02:36:06.267+0700] {processor.py:186} INFO - Started process (PID=70863) to work on /home/dataengineer/.pyenv/versions/3.9.21/lib/python3.9/site-packages/airflow/example_dags/example_params_trigger_ui.py
[2025-03-08T02:36:06.268+0700] {processor.py:914} INFO - Processing file /home/dataengineer/.pyenv/versions/3.9.21/lib/python3.9/site-packages/airflow/example_dags/example_params_trigger_ui.py for tasks to queue
[2025-03-08T02:36:06.270+0700] {logging_mixin.py:190} INFO - [2025-03-08T02:36:06.270+0700] {dagbag.py:588} INFO - Filling up the DagBag from /home/dataengineer/.pyenv/versions/3.9.21/lib/python3.9/site-packages/airflow/example_dags/example_params_trigger_ui.py
[2025-03-08T02:36:06.282+0700] {processor.py:925} INFO - DAG(s) 'example_params_trigger_ui' retrieved from /home/dataengineer/.pyenv/versions/3.9.21/lib/python3.9/site-packages/airflow/example_dags/example_params_trigger_ui.py
[2025-03-08T02:36:06.330+0700] {logging_mixin.py:190} INFO - [2025-03-08T02:36:06.330+0700] {dag.py:3239} INFO - Sync 1 DAGs
[2025-03-08T02:36:06.344+0700] {logging_mixin.py:190} INFO - [2025-03-08T02:36:06.344+0700] {dag.py:4180} INFO - Setting next_dagrun for example_params_trigger_ui to None, run_after=None
[2025-03-08T02:36:06.367+0700] {processor.py:208} INFO - Processing /home/dataengineer/.pyenv/versions/3.9.21/lib/python3.9/site-packages/airflow/example_dags/example_params_trigger_ui.py took 0.106 seconds
[2025-03-08T02:37:06.991+0700] {processor.py:186} INFO - Started process (PID=71310) to work on /home/dataengineer/.pyenv/versions/3.9.21/lib/python3.9/site-packages/airflow/example_dags/example_params_trigger_ui.py
[2025-03-08T02:37:06.993+0700] {processor.py:914} INFO - Processing file /home/dataengineer/.pyenv/versions/3.9.21/lib/python3.9/site-packages/airflow/example_dags/example_params_trigger_ui.py for tasks to queue
[2025-03-08T02:37:06.995+0700] {logging_mixin.py:190} INFO - [2025-03-08T02:37:06.994+0700] {dagbag.py:588} INFO - Filling up the DagBag from /home/dataengineer/.pyenv/versions/3.9.21/lib/python3.9/site-packages/airflow/example_dags/example_params_trigger_ui.py
[2025-03-08T02:37:07.006+0700] {processor.py:925} INFO - DAG(s) 'example_params_trigger_ui' retrieved from /home/dataengineer/.pyenv/versions/3.9.21/lib/python3.9/site-packages/airflow/example_dags/example_params_trigger_ui.py
[2025-03-08T02:37:07.048+0700] {logging_mixin.py:190} INFO - [2025-03-08T02:37:07.047+0700] {dag.py:3239} INFO - Sync 1 DAGs
[2025-03-08T02:37:07.061+0700] {logging_mixin.py:190} INFO - [2025-03-08T02:37:07.061+0700] {dag.py:4180} INFO - Setting next_dagrun for example_params_trigger_ui to None, run_after=None
[2025-03-08T02:37:07.084+0700] {processor.py:208} INFO - Processing /home/dataengineer/.pyenv/versions/3.9.21/lib/python3.9/site-packages/airflow/example_dags/example_params_trigger_ui.py took 0.098 seconds
[2025-03-08T02:38:12.036+0700] {processor.py:186} INFO - Started process (PID=71749) to work on /home/dataengineer/.pyenv/versions/3.9.21/lib/python3.9/site-packages/airflow/example_dags/example_params_trigger_ui.py
[2025-03-08T02:38:12.037+0700] {processor.py:914} INFO - Processing file /home/dataengineer/.pyenv/versions/3.9.21/lib/python3.9/site-packages/airflow/example_dags/example_params_trigger_ui.py for tasks to queue
[2025-03-08T02:38:12.039+0700] {logging_mixin.py:190} INFO - [2025-03-08T02:38:12.039+0700] {dagbag.py:588} INFO - Filling up the DagBag from /home/dataengineer/.pyenv/versions/3.9.21/lib/python3.9/site-packages/airflow/example_dags/example_params_trigger_ui.py
[2025-03-08T02:38:12.051+0700] {processor.py:925} INFO - DAG(s) 'example_params_trigger_ui' retrieved from /home/dataengineer/.pyenv/versions/3.9.21/lib/python3.9/site-packages/airflow/example_dags/example_params_trigger_ui.py
[2025-03-08T02:38:12.101+0700] {logging_mixin.py:190} INFO - [2025-03-08T02:38:12.101+0700] {dag.py:3239} INFO - Sync 1 DAGs
[2025-03-08T02:38:12.115+0700] {logging_mixin.py:190} INFO - [2025-03-08T02:38:12.115+0700] {dag.py:4180} INFO - Setting next_dagrun for example_params_trigger_ui to None, run_after=None
[2025-03-08T02:38:12.136+0700] {processor.py:208} INFO - Processing /home/dataengineer/.pyenv/versions/3.9.21/lib/python3.9/site-packages/airflow/example_dags/example_params_trigger_ui.py took 0.107 seconds
[2025-03-08T02:39:11.247+0700] {processor.py:186} INFO - Started process (PID=72488) to work on /home/dataengineer/.pyenv/versions/3.9.21/lib/python3.9/site-packages/airflow/example_dags/example_params_trigger_ui.py
[2025-03-08T02:39:11.248+0700] {processor.py:914} INFO - Processing file /home/dataengineer/.pyenv/versions/3.9.21/lib/python3.9/site-packages/airflow/example_dags/example_params_trigger_ui.py for tasks to queue
[2025-03-08T02:39:11.250+0700] {logging_mixin.py:190} INFO - [2025-03-08T02:39:11.250+0700] {dagbag.py:588} INFO - Filling up the DagBag from /home/dataengineer/.pyenv/versions/3.9.21/lib/python3.9/site-packages/airflow/example_dags/example_params_trigger_ui.py
[2025-03-08T02:39:11.262+0700] {processor.py:925} INFO - DAG(s) 'example_params_trigger_ui' retrieved from /home/dataengineer/.pyenv/versions/3.9.21/lib/python3.9/site-packages/airflow/example_dags/example_params_trigger_ui.py
[2025-03-08T02:39:11.307+0700] {logging_mixin.py:190} INFO - [2025-03-08T02:39:11.306+0700] {dag.py:3239} INFO - Sync 1 DAGs
[2025-03-08T02:39:11.320+0700] {logging_mixin.py:190} INFO - [2025-03-08T02:39:11.320+0700] {dag.py:4180} INFO - Setting next_dagrun for example_params_trigger_ui to None, run_after=None
[2025-03-08T02:39:11.341+0700] {processor.py:208} INFO - Processing /home/dataengineer/.pyenv/versions/3.9.21/lib/python3.9/site-packages/airflow/example_dags/example_params_trigger_ui.py took 0.100 seconds
