[2025-03-08T00:56:38.889+0700] {processor.py:186} INFO - Started process (PID=36312) to work on /home/dataengineer/.pyenv/versions/3.9.21/lib/python3.9/site-packages/airflow/example_dags/example_short_circuit_decorator.py
[2025-03-08T00:56:38.890+0700] {processor.py:914} INFO - Processing file /home/dataengineer/.pyenv/versions/3.9.21/lib/python3.9/site-packages/airflow/example_dags/example_short_circuit_decorator.py for tasks to queue
[2025-03-08T00:56:38.892+0700] {logging_mixin.py:190} INFO - [2025-03-08T00:56:38.891+0700] {dagbag.py:588} INFO - Filling up the DagBag from /home/dataengineer/.pyenv/versions/3.9.21/lib/python3.9/site-packages/airflow/example_dags/example_short_circuit_decorator.py
[2025-03-08T00:56:38.901+0700] {processor.py:925} INFO - DAG(s) 'example_short_circuit_decorator' retrieved from /home/dataengineer/.pyenv/versions/3.9.21/lib/python3.9/site-packages/airflow/example_dags/example_short_circuit_decorator.py
[2025-03-08T00:56:38.922+0700] {logging_mixin.py:190} INFO - [2025-03-08T00:56:38.922+0700] {dag.py:3239} INFO - Sync 1 DAGs
[2025-03-08T00:56:38.934+0700] {logging_mixin.py:190} INFO - [2025-03-08T00:56:38.934+0700] {dag.py:4180} INFO - Setting next_dagrun for example_short_circuit_decorator to None, run_after=None
[2025-03-08T00:56:38.954+0700] {processor.py:208} INFO - Processing /home/dataengineer/.pyenv/versions/3.9.21/lib/python3.9/site-packages/airflow/example_dags/example_short_circuit_decorator.py took 0.071 seconds
[2025-03-08T00:57:45.222+0700] {processor.py:186} INFO - Started process (PID=36961) to work on /home/dataengineer/.pyenv/versions/3.9.21/lib/python3.9/site-packages/airflow/example_dags/example_short_circuit_decorator.py
[2025-03-08T00:57:45.223+0700] {processor.py:914} INFO - Processing file /home/dataengineer/.pyenv/versions/3.9.21/lib/python3.9/site-packages/airflow/example_dags/example_short_circuit_decorator.py for tasks to queue
[2025-03-08T00:57:45.226+0700] {logging_mixin.py:190} INFO - [2025-03-08T00:57:45.225+0700] {dagbag.py:588} INFO - Filling up the DagBag from /home/dataengineer/.pyenv/versions/3.9.21/lib/python3.9/site-packages/airflow/example_dags/example_short_circuit_decorator.py
[2025-03-08T00:57:45.241+0700] {processor.py:925} INFO - DAG(s) 'example_short_circuit_decorator' retrieved from /home/dataengineer/.pyenv/versions/3.9.21/lib/python3.9/site-packages/airflow/example_dags/example_short_circuit_decorator.py
[2025-03-08T00:57:45.263+0700] {logging_mixin.py:190} INFO - [2025-03-08T00:57:45.263+0700] {dag.py:3239} INFO - Sync 1 DAGs
[2025-03-08T00:57:45.277+0700] {logging_mixin.py:190} INFO - [2025-03-08T00:57:45.276+0700] {dag.py:4180} INFO - Setting next_dagrun for example_short_circuit_decorator to None, run_after=None
[2025-03-08T00:57:45.299+0700] {processor.py:208} INFO - Processing /home/dataengineer/.pyenv/versions/3.9.21/lib/python3.9/site-packages/airflow/example_dags/example_short_circuit_decorator.py took 0.083 seconds
[2025-03-08T00:58:45.995+0700] {processor.py:186} INFO - Started process (PID=37446) to work on /home/dataengineer/.pyenv/versions/3.9.21/lib/python3.9/site-packages/airflow/example_dags/example_short_circuit_decorator.py
[2025-03-08T00:58:45.996+0700] {processor.py:914} INFO - Processing file /home/dataengineer/.pyenv/versions/3.9.21/lib/python3.9/site-packages/airflow/example_dags/example_short_circuit_decorator.py for tasks to queue
[2025-03-08T00:58:45.998+0700] {logging_mixin.py:190} INFO - [2025-03-08T00:58:45.998+0700] {dagbag.py:588} INFO - Filling up the DagBag from /home/dataengineer/.pyenv/versions/3.9.21/lib/python3.9/site-packages/airflow/example_dags/example_short_circuit_decorator.py
[2025-03-08T00:58:46.008+0700] {processor.py:925} INFO - DAG(s) 'example_short_circuit_decorator' retrieved from /home/dataengineer/.pyenv/versions/3.9.21/lib/python3.9/site-packages/airflow/example_dags/example_short_circuit_decorator.py
[2025-03-08T00:58:46.027+0700] {logging_mixin.py:190} INFO - [2025-03-08T00:58:46.027+0700] {dag.py:3239} INFO - Sync 1 DAGs
[2025-03-08T00:58:46.038+0700] {logging_mixin.py:190} INFO - [2025-03-08T00:58:46.038+0700] {dag.py:4180} INFO - Setting next_dagrun for example_short_circuit_decorator to None, run_after=None
[2025-03-08T00:58:46.056+0700] {processor.py:208} INFO - Processing /home/dataengineer/.pyenv/versions/3.9.21/lib/python3.9/site-packages/airflow/example_dags/example_short_circuit_decorator.py took 0.067 seconds
[2025-03-08T00:59:47.678+0700] {processor.py:186} INFO - Started process (PID=37873) to work on /home/dataengineer/.pyenv/versions/3.9.21/lib/python3.9/site-packages/airflow/example_dags/example_short_circuit_decorator.py
[2025-03-08T00:59:47.679+0700] {processor.py:914} INFO - Processing file /home/dataengineer/.pyenv/versions/3.9.21/lib/python3.9/site-packages/airflow/example_dags/example_short_circuit_decorator.py for tasks to queue
[2025-03-08T00:59:47.682+0700] {logging_mixin.py:190} INFO - [2025-03-08T00:59:47.681+0700] {dagbag.py:588} INFO - Filling up the DagBag from /home/dataengineer/.pyenv/versions/3.9.21/lib/python3.9/site-packages/airflow/example_dags/example_short_circuit_decorator.py
[2025-03-08T00:59:47.695+0700] {processor.py:925} INFO - DAG(s) 'example_short_circuit_decorator' retrieved from /home/dataengineer/.pyenv/versions/3.9.21/lib/python3.9/site-packages/airflow/example_dags/example_short_circuit_decorator.py
[2025-03-08T00:59:47.714+0700] {logging_mixin.py:190} INFO - [2025-03-08T00:59:47.714+0700] {dag.py:3239} INFO - Sync 1 DAGs
[2025-03-08T00:59:47.727+0700] {logging_mixin.py:190} INFO - [2025-03-08T00:59:47.727+0700] {dag.py:4180} INFO - Setting next_dagrun for example_short_circuit_decorator to None, run_after=None
[2025-03-08T00:59:47.748+0700] {processor.py:208} INFO - Processing /home/dataengineer/.pyenv/versions/3.9.21/lib/python3.9/site-packages/airflow/example_dags/example_short_circuit_decorator.py took 0.077 seconds
[2025-03-08T01:00:48.104+0700] {processor.py:186} INFO - Started process (PID=38305) to work on /home/dataengineer/.pyenv/versions/3.9.21/lib/python3.9/site-packages/airflow/example_dags/example_short_circuit_decorator.py
[2025-03-08T01:00:48.105+0700] {processor.py:914} INFO - Processing file /home/dataengineer/.pyenv/versions/3.9.21/lib/python3.9/site-packages/airflow/example_dags/example_short_circuit_decorator.py for tasks to queue
[2025-03-08T01:00:48.109+0700] {logging_mixin.py:190} INFO - [2025-03-08T01:00:48.108+0700] {dagbag.py:588} INFO - Filling up the DagBag from /home/dataengineer/.pyenv/versions/3.9.21/lib/python3.9/site-packages/airflow/example_dags/example_short_circuit_decorator.py
[2025-03-08T01:00:48.118+0700] {processor.py:925} INFO - DAG(s) 'example_short_circuit_decorator' retrieved from /home/dataengineer/.pyenv/versions/3.9.21/lib/python3.9/site-packages/airflow/example_dags/example_short_circuit_decorator.py
[2025-03-08T01:00:48.136+0700] {logging_mixin.py:190} INFO - [2025-03-08T01:00:48.136+0700] {dag.py:3239} INFO - Sync 1 DAGs
[2025-03-08T01:00:48.148+0700] {logging_mixin.py:190} INFO - [2025-03-08T01:00:48.148+0700] {dag.py:4180} INFO - Setting next_dagrun for example_short_circuit_decorator to None, run_after=None
[2025-03-08T01:00:48.167+0700] {processor.py:208} INFO - Processing /home/dataengineer/.pyenv/versions/3.9.21/lib/python3.9/site-packages/airflow/example_dags/example_short_circuit_decorator.py took 0.069 seconds
[2025-03-08T01:01:50.975+0700] {processor.py:186} INFO - Started process (PID=38760) to work on /home/dataengineer/.pyenv/versions/3.9.21/lib/python3.9/site-packages/airflow/example_dags/example_short_circuit_decorator.py
[2025-03-08T01:01:50.976+0700] {processor.py:914} INFO - Processing file /home/dataengineer/.pyenv/versions/3.9.21/lib/python3.9/site-packages/airflow/example_dags/example_short_circuit_decorator.py for tasks to queue
[2025-03-08T01:01:50.978+0700] {logging_mixin.py:190} INFO - [2025-03-08T01:01:50.978+0700] {dagbag.py:588} INFO - Filling up the DagBag from /home/dataengineer/.pyenv/versions/3.9.21/lib/python3.9/site-packages/airflow/example_dags/example_short_circuit_decorator.py
[2025-03-08T01:01:50.987+0700] {processor.py:925} INFO - DAG(s) 'example_short_circuit_decorator' retrieved from /home/dataengineer/.pyenv/versions/3.9.21/lib/python3.9/site-packages/airflow/example_dags/example_short_circuit_decorator.py
[2025-03-08T01:01:51.003+0700] {logging_mixin.py:190} INFO - [2025-03-08T01:01:51.003+0700] {dag.py:3239} INFO - Sync 1 DAGs
[2025-03-08T01:01:51.014+0700] {logging_mixin.py:190} INFO - [2025-03-08T01:01:51.013+0700] {dag.py:4180} INFO - Setting next_dagrun for example_short_circuit_decorator to None, run_after=None
[2025-03-08T01:01:51.032+0700] {processor.py:208} INFO - Processing /home/dataengineer/.pyenv/versions/3.9.21/lib/python3.9/site-packages/airflow/example_dags/example_short_circuit_decorator.py took 0.063 seconds
[2025-03-08T01:02:53.510+0700] {processor.py:186} INFO - Started process (PID=39290) to work on /home/dataengineer/.pyenv/versions/3.9.21/lib/python3.9/site-packages/airflow/example_dags/example_short_circuit_decorator.py
[2025-03-08T01:02:53.511+0700] {processor.py:914} INFO - Processing file /home/dataengineer/.pyenv/versions/3.9.21/lib/python3.9/site-packages/airflow/example_dags/example_short_circuit_decorator.py for tasks to queue
[2025-03-08T01:02:53.514+0700] {logging_mixin.py:190} INFO - [2025-03-08T01:02:53.513+0700] {dagbag.py:588} INFO - Filling up the DagBag from /home/dataengineer/.pyenv/versions/3.9.21/lib/python3.9/site-packages/airflow/example_dags/example_short_circuit_decorator.py
[2025-03-08T01:02:53.522+0700] {processor.py:925} INFO - DAG(s) 'example_short_circuit_decorator' retrieved from /home/dataengineer/.pyenv/versions/3.9.21/lib/python3.9/site-packages/airflow/example_dags/example_short_circuit_decorator.py
[2025-03-08T01:02:53.538+0700] {logging_mixin.py:190} INFO - [2025-03-08T01:02:53.537+0700] {dag.py:3239} INFO - Sync 1 DAGs
[2025-03-08T01:02:53.548+0700] {logging_mixin.py:190} INFO - [2025-03-08T01:02:53.548+0700] {dag.py:4180} INFO - Setting next_dagrun for example_short_circuit_decorator to None, run_after=None
[2025-03-08T01:02:53.566+0700] {processor.py:208} INFO - Processing /home/dataengineer/.pyenv/versions/3.9.21/lib/python3.9/site-packages/airflow/example_dags/example_short_circuit_decorator.py took 0.061 seconds
[2025-03-08T01:03:53.023+0700] {processor.py:186} INFO - Started process (PID=40079) to work on /home/dataengineer/.pyenv/versions/3.9.21/lib/python3.9/site-packages/airflow/example_dags/example_short_circuit_decorator.py
[2025-03-08T01:03:53.024+0700] {processor.py:914} INFO - Processing file /home/dataengineer/.pyenv/versions/3.9.21/lib/python3.9/site-packages/airflow/example_dags/example_short_circuit_decorator.py for tasks to queue
[2025-03-08T01:03:53.027+0700] {logging_mixin.py:190} INFO - [2025-03-08T01:03:53.027+0700] {dagbag.py:588} INFO - Filling up the DagBag from /home/dataengineer/.pyenv/versions/3.9.21/lib/python3.9/site-packages/airflow/example_dags/example_short_circuit_decorator.py
[2025-03-08T01:03:53.040+0700] {processor.py:925} INFO - DAG(s) 'example_short_circuit_decorator' retrieved from /home/dataengineer/.pyenv/versions/3.9.21/lib/python3.9/site-packages/airflow/example_dags/example_short_circuit_decorator.py
[2025-03-08T01:03:53.059+0700] {logging_mixin.py:190} INFO - [2025-03-08T01:03:53.059+0700] {dag.py:3239} INFO - Sync 1 DAGs
[2025-03-08T01:03:53.071+0700] {logging_mixin.py:190} INFO - [2025-03-08T01:03:53.071+0700] {dag.py:4180} INFO - Setting next_dagrun for example_short_circuit_decorator to None, run_after=None
[2025-03-08T01:03:53.090+0700] {processor.py:208} INFO - Processing /home/dataengineer/.pyenv/versions/3.9.21/lib/python3.9/site-packages/airflow/example_dags/example_short_circuit_decorator.py took 0.073 seconds
[2025-03-08T01:04:54.554+0700] {processor.py:186} INFO - Started process (PID=42038) to work on /home/dataengineer/.pyenv/versions/3.9.21/lib/python3.9/site-packages/airflow/example_dags/example_short_circuit_decorator.py
[2025-03-08T01:04:54.556+0700] {processor.py:914} INFO - Processing file /home/dataengineer/.pyenv/versions/3.9.21/lib/python3.9/site-packages/airflow/example_dags/example_short_circuit_decorator.py for tasks to queue
[2025-03-08T01:04:54.558+0700] {logging_mixin.py:190} INFO - [2025-03-08T01:04:54.558+0700] {dagbag.py:588} INFO - Filling up the DagBag from /home/dataengineer/.pyenv/versions/3.9.21/lib/python3.9/site-packages/airflow/example_dags/example_short_circuit_decorator.py
[2025-03-08T01:04:54.568+0700] {processor.py:925} INFO - DAG(s) 'example_short_circuit_decorator' retrieved from /home/dataengineer/.pyenv/versions/3.9.21/lib/python3.9/site-packages/airflow/example_dags/example_short_circuit_decorator.py
[2025-03-08T01:04:54.585+0700] {logging_mixin.py:190} INFO - [2025-03-08T01:04:54.585+0700] {dag.py:3239} INFO - Sync 1 DAGs
[2025-03-08T01:04:54.597+0700] {logging_mixin.py:190} INFO - [2025-03-08T01:04:54.597+0700] {dag.py:4180} INFO - Setting next_dagrun for example_short_circuit_decorator to None, run_after=None
[2025-03-08T01:04:54.618+0700] {processor.py:208} INFO - Processing /home/dataengineer/.pyenv/versions/3.9.21/lib/python3.9/site-packages/airflow/example_dags/example_short_circuit_decorator.py took 0.069 seconds
[2025-03-08T02:20:15.334+0700] {processor.py:186} INFO - Started process (PID=63561) to work on /home/dataengineer/.pyenv/versions/3.9.21/lib/python3.9/site-packages/airflow/example_dags/example_short_circuit_decorator.py
[2025-03-08T02:20:15.335+0700] {processor.py:914} INFO - Processing file /home/dataengineer/.pyenv/versions/3.9.21/lib/python3.9/site-packages/airflow/example_dags/example_short_circuit_decorator.py for tasks to queue
[2025-03-08T02:20:15.337+0700] {logging_mixin.py:190} INFO - [2025-03-08T02:20:15.337+0700] {dagbag.py:588} INFO - Filling up the DagBag from /home/dataengineer/.pyenv/versions/3.9.21/lib/python3.9/site-packages/airflow/example_dags/example_short_circuit_decorator.py
[2025-03-08T02:20:15.348+0700] {processor.py:925} INFO - DAG(s) 'example_short_circuit_decorator' retrieved from /home/dataengineer/.pyenv/versions/3.9.21/lib/python3.9/site-packages/airflow/example_dags/example_short_circuit_decorator.py
[2025-03-08T02:20:15.374+0700] {logging_mixin.py:190} INFO - [2025-03-08T02:20:15.374+0700] {dag.py:3239} INFO - Sync 1 DAGs
[2025-03-08T02:20:15.387+0700] {logging_mixin.py:190} INFO - [2025-03-08T02:20:15.387+0700] {dag.py:4180} INFO - Setting next_dagrun for example_short_circuit_decorator to None, run_after=None
[2025-03-08T02:20:15.407+0700] {processor.py:208} INFO - Processing /home/dataengineer/.pyenv/versions/3.9.21/lib/python3.9/site-packages/airflow/example_dags/example_short_circuit_decorator.py took 0.080 seconds
[2025-03-08T02:26:59.460+0700] {processor.py:186} INFO - Started process (PID=66469) to work on /home/dataengineer/.pyenv/versions/3.9.21/lib/python3.9/site-packages/airflow/example_dags/example_short_circuit_decorator.py
[2025-03-08T02:26:59.461+0700] {processor.py:914} INFO - Processing file /home/dataengineer/.pyenv/versions/3.9.21/lib/python3.9/site-packages/airflow/example_dags/example_short_circuit_decorator.py for tasks to queue
[2025-03-08T02:26:59.462+0700] {logging_mixin.py:190} INFO - [2025-03-08T02:26:59.462+0700] {dagbag.py:588} INFO - Filling up the DagBag from /home/dataengineer/.pyenv/versions/3.9.21/lib/python3.9/site-packages/airflow/example_dags/example_short_circuit_decorator.py
[2025-03-08T02:26:59.472+0700] {processor.py:925} INFO - DAG(s) 'example_short_circuit_decorator' retrieved from /home/dataengineer/.pyenv/versions/3.9.21/lib/python3.9/site-packages/airflow/example_dags/example_short_circuit_decorator.py
[2025-03-08T02:26:59.496+0700] {logging_mixin.py:190} INFO - [2025-03-08T02:26:59.495+0700] {dag.py:3239} INFO - Sync 1 DAGs
[2025-03-08T02:26:59.510+0700] {logging_mixin.py:190} INFO - [2025-03-08T02:26:59.509+0700] {dag.py:4180} INFO - Setting next_dagrun for example_short_circuit_decorator to None, run_after=None
[2025-03-08T02:26:59.530+0700] {processor.py:208} INFO - Processing /home/dataengineer/.pyenv/versions/3.9.21/lib/python3.9/site-packages/airflow/example_dags/example_short_circuit_decorator.py took 0.076 seconds
[2025-03-08T02:29:13.575+0700] {processor.py:186} INFO - Started process (PID=67334) to work on /home/dataengineer/.pyenv/versions/3.9.21/lib/python3.9/site-packages/airflow/example_dags/example_short_circuit_decorator.py
[2025-03-08T02:29:13.576+0700] {processor.py:914} INFO - Processing file /home/dataengineer/.pyenv/versions/3.9.21/lib/python3.9/site-packages/airflow/example_dags/example_short_circuit_decorator.py for tasks to queue
[2025-03-08T02:29:13.578+0700] {logging_mixin.py:190} INFO - [2025-03-08T02:29:13.578+0700] {dagbag.py:588} INFO - Filling up the DagBag from /home/dataengineer/.pyenv/versions/3.9.21/lib/python3.9/site-packages/airflow/example_dags/example_short_circuit_decorator.py
[2025-03-08T02:29:13.587+0700] {processor.py:925} INFO - DAG(s) 'example_short_circuit_decorator' retrieved from /home/dataengineer/.pyenv/versions/3.9.21/lib/python3.9/site-packages/airflow/example_dags/example_short_circuit_decorator.py
[2025-03-08T02:29:13.608+0700] {logging_mixin.py:190} INFO - [2025-03-08T02:29:13.608+0700] {dag.py:3239} INFO - Sync 1 DAGs
[2025-03-08T02:29:13.619+0700] {logging_mixin.py:190} INFO - [2025-03-08T02:29:13.619+0700] {dag.py:4180} INFO - Setting next_dagrun for example_short_circuit_decorator to None, run_after=None
[2025-03-08T02:29:13.639+0700] {processor.py:208} INFO - Processing /home/dataengineer/.pyenv/versions/3.9.21/lib/python3.9/site-packages/airflow/example_dags/example_short_circuit_decorator.py took 0.070 seconds
[2025-03-08T02:30:09.567+0700] {processor.py:186} INFO - Started process (PID=67926) to work on /home/dataengineer/.pyenv/versions/3.9.21/lib/python3.9/site-packages/airflow/example_dags/example_short_circuit_decorator.py
[2025-03-08T02:30:09.569+0700] {processor.py:914} INFO - Processing file /home/dataengineer/.pyenv/versions/3.9.21/lib/python3.9/site-packages/airflow/example_dags/example_short_circuit_decorator.py for tasks to queue
[2025-03-08T02:30:09.570+0700] {logging_mixin.py:190} INFO - [2025-03-08T02:30:09.570+0700] {dagbag.py:588} INFO - Filling up the DagBag from /home/dataengineer/.pyenv/versions/3.9.21/lib/python3.9/site-packages/airflow/example_dags/example_short_circuit_decorator.py
[2025-03-08T02:30:09.579+0700] {processor.py:925} INFO - DAG(s) 'example_short_circuit_decorator' retrieved from /home/dataengineer/.pyenv/versions/3.9.21/lib/python3.9/site-packages/airflow/example_dags/example_short_circuit_decorator.py
[2025-03-08T02:30:09.595+0700] {logging_mixin.py:190} INFO - [2025-03-08T02:30:09.595+0700] {dag.py:3239} INFO - Sync 1 DAGs
[2025-03-08T02:30:09.607+0700] {logging_mixin.py:190} INFO - [2025-03-08T02:30:09.607+0700] {dag.py:4180} INFO - Setting next_dagrun for example_short_circuit_decorator to None, run_after=None
[2025-03-08T02:30:09.626+0700] {processor.py:208} INFO - Processing /home/dataengineer/.pyenv/versions/3.9.21/lib/python3.9/site-packages/airflow/example_dags/example_short_circuit_decorator.py took 0.064 seconds
[2025-03-08T02:31:02.553+0700] {processor.py:186} INFO - Started process (PID=68245) to work on /home/dataengineer/.pyenv/versions/3.9.21/lib/python3.9/site-packages/airflow/example_dags/example_short_circuit_decorator.py
[2025-03-08T02:31:02.554+0700] {processor.py:914} INFO - Processing file /home/dataengineer/.pyenv/versions/3.9.21/lib/python3.9/site-packages/airflow/example_dags/example_short_circuit_decorator.py for tasks to queue
[2025-03-08T02:31:02.556+0700] {logging_mixin.py:190} INFO - [2025-03-08T02:31:02.556+0700] {dagbag.py:588} INFO - Filling up the DagBag from /home/dataengineer/.pyenv/versions/3.9.21/lib/python3.9/site-packages/airflow/example_dags/example_short_circuit_decorator.py
[2025-03-08T02:31:02.567+0700] {processor.py:925} INFO - DAG(s) 'example_short_circuit_decorator' retrieved from /home/dataengineer/.pyenv/versions/3.9.21/lib/python3.9/site-packages/airflow/example_dags/example_short_circuit_decorator.py
[2025-03-08T02:31:02.588+0700] {logging_mixin.py:190} INFO - [2025-03-08T02:31:02.588+0700] {dag.py:3239} INFO - Sync 1 DAGs
[2025-03-08T02:31:02.602+0700] {logging_mixin.py:190} INFO - [2025-03-08T02:31:02.602+0700] {dag.py:4180} INFO - Setting next_dagrun for example_short_circuit_decorator to None, run_after=None
[2025-03-08T02:31:02.620+0700] {processor.py:208} INFO - Processing /home/dataengineer/.pyenv/versions/3.9.21/lib/python3.9/site-packages/airflow/example_dags/example_short_circuit_decorator.py took 0.073 seconds
[2025-03-08T02:31:57.905+0700] {processor.py:186} INFO - Started process (PID=68932) to work on /home/dataengineer/.pyenv/versions/3.9.21/lib/python3.9/site-packages/airflow/example_dags/example_short_circuit_decorator.py
[2025-03-08T02:31:57.906+0700] {processor.py:914} INFO - Processing file /home/dataengineer/.pyenv/versions/3.9.21/lib/python3.9/site-packages/airflow/example_dags/example_short_circuit_decorator.py for tasks to queue
[2025-03-08T02:31:57.907+0700] {logging_mixin.py:190} INFO - [2025-03-08T02:31:57.907+0700] {dagbag.py:588} INFO - Filling up the DagBag from /home/dataengineer/.pyenv/versions/3.9.21/lib/python3.9/site-packages/airflow/example_dags/example_short_circuit_decorator.py
[2025-03-08T02:31:57.916+0700] {processor.py:925} INFO - DAG(s) 'example_short_circuit_decorator' retrieved from /home/dataengineer/.pyenv/versions/3.9.21/lib/python3.9/site-packages/airflow/example_dags/example_short_circuit_decorator.py
[2025-03-08T02:31:57.931+0700] {logging_mixin.py:190} INFO - [2025-03-08T02:31:57.931+0700] {dag.py:3239} INFO - Sync 1 DAGs
[2025-03-08T02:31:57.942+0700] {logging_mixin.py:190} INFO - [2025-03-08T02:31:57.942+0700] {dag.py:4180} INFO - Setting next_dagrun for example_short_circuit_decorator to None, run_after=None
[2025-03-08T02:31:57.960+0700] {processor.py:208} INFO - Processing /home/dataengineer/.pyenv/versions/3.9.21/lib/python3.9/site-packages/airflow/example_dags/example_short_circuit_decorator.py took 0.061 seconds
[2025-03-08T02:32:55.471+0700] {processor.py:186} INFO - Started process (PID=69186) to work on /home/dataengineer/.pyenv/versions/3.9.21/lib/python3.9/site-packages/airflow/example_dags/example_short_circuit_decorator.py
[2025-03-08T02:32:55.472+0700] {processor.py:914} INFO - Processing file /home/dataengineer/.pyenv/versions/3.9.21/lib/python3.9/site-packages/airflow/example_dags/example_short_circuit_decorator.py for tasks to queue
[2025-03-08T02:32:55.473+0700] {logging_mixin.py:190} INFO - [2025-03-08T02:32:55.473+0700] {dagbag.py:588} INFO - Filling up the DagBag from /home/dataengineer/.pyenv/versions/3.9.21/lib/python3.9/site-packages/airflow/example_dags/example_short_circuit_decorator.py
[2025-03-08T02:32:55.483+0700] {processor.py:925} INFO - DAG(s) 'example_short_circuit_decorator' retrieved from /home/dataengineer/.pyenv/versions/3.9.21/lib/python3.9/site-packages/airflow/example_dags/example_short_circuit_decorator.py
[2025-03-08T02:32:55.500+0700] {logging_mixin.py:190} INFO - [2025-03-08T02:32:55.500+0700] {dag.py:3239} INFO - Sync 1 DAGs
[2025-03-08T02:32:55.513+0700] {logging_mixin.py:190} INFO - [2025-03-08T02:32:55.512+0700] {dag.py:4180} INFO - Setting next_dagrun for example_short_circuit_decorator to None, run_after=None
[2025-03-08T02:32:55.536+0700] {processor.py:208} INFO - Processing /home/dataengineer/.pyenv/versions/3.9.21/lib/python3.9/site-packages/airflow/example_dags/example_short_circuit_decorator.py took 0.071 seconds
[2025-03-08T02:33:50.997+0700] {processor.py:186} INFO - Started process (PID=69436) to work on /home/dataengineer/.pyenv/versions/3.9.21/lib/python3.9/site-packages/airflow/example_dags/example_short_circuit_decorator.py
[2025-03-08T02:33:50.998+0700] {processor.py:914} INFO - Processing file /home/dataengineer/.pyenv/versions/3.9.21/lib/python3.9/site-packages/airflow/example_dags/example_short_circuit_decorator.py for tasks to queue
[2025-03-08T02:33:50.999+0700] {logging_mixin.py:190} INFO - [2025-03-08T02:33:50.999+0700] {dagbag.py:588} INFO - Filling up the DagBag from /home/dataengineer/.pyenv/versions/3.9.21/lib/python3.9/site-packages/airflow/example_dags/example_short_circuit_decorator.py
[2025-03-08T02:33:51.011+0700] {processor.py:925} INFO - DAG(s) 'example_short_circuit_decorator' retrieved from /home/dataengineer/.pyenv/versions/3.9.21/lib/python3.9/site-packages/airflow/example_dags/example_short_circuit_decorator.py
[2025-03-08T02:33:51.031+0700] {logging_mixin.py:190} INFO - [2025-03-08T02:33:51.030+0700] {dag.py:3239} INFO - Sync 1 DAGs
[2025-03-08T02:33:51.045+0700] {logging_mixin.py:190} INFO - [2025-03-08T02:33:51.045+0700] {dag.py:4180} INFO - Setting next_dagrun for example_short_circuit_decorator to None, run_after=None
[2025-03-08T02:33:51.066+0700] {processor.py:208} INFO - Processing /home/dataengineer/.pyenv/versions/3.9.21/lib/python3.9/site-packages/airflow/example_dags/example_short_circuit_decorator.py took 0.076 seconds
[2025-03-08T02:34:35.606+0700] {processor.py:186} INFO - Started process (PID=70257) to work on /home/dataengineer/.pyenv/versions/3.9.21/lib/python3.9/site-packages/airflow/example_dags/example_short_circuit_decorator.py
[2025-03-08T02:34:35.608+0700] {processor.py:914} INFO - Processing file /home/dataengineer/.pyenv/versions/3.9.21/lib/python3.9/site-packages/airflow/example_dags/example_short_circuit_decorator.py for tasks to queue
[2025-03-08T02:34:35.610+0700] {logging_mixin.py:190} INFO - [2025-03-08T02:34:35.610+0700] {dagbag.py:588} INFO - Filling up the DagBag from /home/dataengineer/.pyenv/versions/3.9.21/lib/python3.9/site-packages/airflow/example_dags/example_short_circuit_decorator.py
[2025-03-08T02:34:35.621+0700] {processor.py:925} INFO - DAG(s) 'example_short_circuit_decorator' retrieved from /home/dataengineer/.pyenv/versions/3.9.21/lib/python3.9/site-packages/airflow/example_dags/example_short_circuit_decorator.py
[2025-03-08T02:34:35.646+0700] {logging_mixin.py:190} INFO - [2025-03-08T02:34:35.645+0700] {dag.py:3239} INFO - Sync 1 DAGs
[2025-03-08T02:34:35.662+0700] {logging_mixin.py:190} INFO - [2025-03-08T02:34:35.661+0700] {dag.py:4180} INFO - Setting next_dagrun for example_short_circuit_decorator to None, run_after=None
[2025-03-08T02:34:35.684+0700] {processor.py:208} INFO - Processing /home/dataengineer/.pyenv/versions/3.9.21/lib/python3.9/site-packages/airflow/example_dags/example_short_circuit_decorator.py took 0.084 seconds
[2025-03-08T02:35:35.610+0700] {processor.py:186} INFO - Started process (PID=70741) to work on /home/dataengineer/.pyenv/versions/3.9.21/lib/python3.9/site-packages/airflow/example_dags/example_short_circuit_decorator.py
[2025-03-08T02:35:35.612+0700] {processor.py:914} INFO - Processing file /home/dataengineer/.pyenv/versions/3.9.21/lib/python3.9/site-packages/airflow/example_dags/example_short_circuit_decorator.py for tasks to queue
[2025-03-08T02:35:35.613+0700] {logging_mixin.py:190} INFO - [2025-03-08T02:35:35.613+0700] {dagbag.py:588} INFO - Filling up the DagBag from /home/dataengineer/.pyenv/versions/3.9.21/lib/python3.9/site-packages/airflow/example_dags/example_short_circuit_decorator.py
[2025-03-08T02:35:35.624+0700] {processor.py:925} INFO - DAG(s) 'example_short_circuit_decorator' retrieved from /home/dataengineer/.pyenv/versions/3.9.21/lib/python3.9/site-packages/airflow/example_dags/example_short_circuit_decorator.py
[2025-03-08T02:35:35.643+0700] {logging_mixin.py:190} INFO - [2025-03-08T02:35:35.643+0700] {dag.py:3239} INFO - Sync 1 DAGs
[2025-03-08T02:35:35.656+0700] {logging_mixin.py:190} INFO - [2025-03-08T02:35:35.656+0700] {dag.py:4180} INFO - Setting next_dagrun for example_short_circuit_decorator to None, run_after=None
[2025-03-08T02:35:35.679+0700] {processor.py:208} INFO - Processing /home/dataengineer/.pyenv/versions/3.9.21/lib/python3.9/site-packages/airflow/example_dags/example_short_circuit_decorator.py took 0.074 seconds
[2025-03-08T02:36:38.024+0700] {processor.py:186} INFO - Started process (PID=71192) to work on /home/dataengineer/.pyenv/versions/3.9.21/lib/python3.9/site-packages/airflow/example_dags/example_short_circuit_decorator.py
[2025-03-08T02:36:38.025+0700] {processor.py:914} INFO - Processing file /home/dataengineer/.pyenv/versions/3.9.21/lib/python3.9/site-packages/airflow/example_dags/example_short_circuit_decorator.py for tasks to queue
[2025-03-08T02:36:38.028+0700] {logging_mixin.py:190} INFO - [2025-03-08T02:36:38.027+0700] {dagbag.py:588} INFO - Filling up the DagBag from /home/dataengineer/.pyenv/versions/3.9.21/lib/python3.9/site-packages/airflow/example_dags/example_short_circuit_decorator.py
[2025-03-08T02:36:38.039+0700] {processor.py:925} INFO - DAG(s) 'example_short_circuit_decorator' retrieved from /home/dataengineer/.pyenv/versions/3.9.21/lib/python3.9/site-packages/airflow/example_dags/example_short_circuit_decorator.py
[2025-03-08T02:36:38.058+0700] {logging_mixin.py:190} INFO - [2025-03-08T02:36:38.057+0700] {dag.py:3239} INFO - Sync 1 DAGs
[2025-03-08T02:36:38.077+0700] {logging_mixin.py:190} INFO - [2025-03-08T02:36:38.077+0700] {dag.py:4180} INFO - Setting next_dagrun for example_short_circuit_decorator to None, run_after=None
[2025-03-08T02:36:38.109+0700] {processor.py:208} INFO - Processing /home/dataengineer/.pyenv/versions/3.9.21/lib/python3.9/site-packages/airflow/example_dags/example_short_circuit_decorator.py took 0.091 seconds
[2025-03-08T02:37:35.571+0700] {processor.py:186} INFO - Started process (PID=71430) to work on /home/dataengineer/.pyenv/versions/3.9.21/lib/python3.9/site-packages/airflow/example_dags/example_short_circuit_decorator.py
[2025-03-08T02:37:35.572+0700] {processor.py:914} INFO - Processing file /home/dataengineer/.pyenv/versions/3.9.21/lib/python3.9/site-packages/airflow/example_dags/example_short_circuit_decorator.py for tasks to queue
[2025-03-08T02:37:35.575+0700] {logging_mixin.py:190} INFO - [2025-03-08T02:37:35.574+0700] {dagbag.py:588} INFO - Filling up the DagBag from /home/dataengineer/.pyenv/versions/3.9.21/lib/python3.9/site-packages/airflow/example_dags/example_short_circuit_decorator.py
[2025-03-08T02:37:35.585+0700] {processor.py:925} INFO - DAG(s) 'example_short_circuit_decorator' retrieved from /home/dataengineer/.pyenv/versions/3.9.21/lib/python3.9/site-packages/airflow/example_dags/example_short_circuit_decorator.py
[2025-03-08T02:37:35.601+0700] {logging_mixin.py:190} INFO - [2025-03-08T02:37:35.601+0700] {dag.py:3239} INFO - Sync 1 DAGs
[2025-03-08T02:37:35.614+0700] {logging_mixin.py:190} INFO - [2025-03-08T02:37:35.613+0700] {dag.py:4180} INFO - Setting next_dagrun for example_short_circuit_decorator to None, run_after=None
[2025-03-08T02:37:35.634+0700] {processor.py:208} INFO - Processing /home/dataengineer/.pyenv/versions/3.9.21/lib/python3.9/site-packages/airflow/example_dags/example_short_circuit_decorator.py took 0.069 seconds
[2025-03-08T02:38:42.605+0700] {processor.py:186} INFO - Started process (PID=72340) to work on /home/dataengineer/.pyenv/versions/3.9.21/lib/python3.9/site-packages/airflow/example_dags/example_short_circuit_decorator.py
[2025-03-08T02:38:42.607+0700] {processor.py:914} INFO - Processing file /home/dataengineer/.pyenv/versions/3.9.21/lib/python3.9/site-packages/airflow/example_dags/example_short_circuit_decorator.py for tasks to queue
[2025-03-08T02:38:42.608+0700] {logging_mixin.py:190} INFO - [2025-03-08T02:38:42.608+0700] {dagbag.py:588} INFO - Filling up the DagBag from /home/dataengineer/.pyenv/versions/3.9.21/lib/python3.9/site-packages/airflow/example_dags/example_short_circuit_decorator.py
[2025-03-08T02:38:42.618+0700] {processor.py:925} INFO - DAG(s) 'example_short_circuit_decorator' retrieved from /home/dataengineer/.pyenv/versions/3.9.21/lib/python3.9/site-packages/airflow/example_dags/example_short_circuit_decorator.py
[2025-03-08T02:38:42.639+0700] {logging_mixin.py:190} INFO - [2025-03-08T02:38:42.639+0700] {dag.py:3239} INFO - Sync 1 DAGs
[2025-03-08T02:38:42.651+0700] {logging_mixin.py:190} INFO - [2025-03-08T02:38:42.651+0700] {dag.py:4180} INFO - Setting next_dagrun for example_short_circuit_decorator to None, run_after=None
[2025-03-08T02:38:42.671+0700] {processor.py:208} INFO - Processing /home/dataengineer/.pyenv/versions/3.9.21/lib/python3.9/site-packages/airflow/example_dags/example_short_circuit_decorator.py took 0.071 seconds
