[2025-03-08T00:56:33.891+0700] {processor.py:186} INFO - Started process (PID=36263) to work on /home/dataengineer/.pyenv/versions/3.9.21/lib/python3.9/site-packages/airflow/example_dags/example_setup_teardown_taskflow.py
[2025-03-08T00:56:33.891+0700] {processor.py:914} INFO - Processing file /home/dataengineer/.pyenv/versions/3.9.21/lib/python3.9/site-packages/airflow/example_dags/example_setup_teardown_taskflow.py for tasks to queue
[2025-03-08T00:56:33.893+0700] {logging_mixin.py:190} INFO - [2025-03-08T00:56:33.893+0700] {dagbag.py:588} INFO - Filling up the DagBag from /home/dataengineer/.pyenv/versions/3.9.21/lib/python3.9/site-packages/airflow/example_dags/example_setup_teardown_taskflow.py
[2025-03-08T00:56:33.904+0700] {processor.py:925} INFO - DAG(s) 'example_setup_teardown_taskflow' retrieved from /home/dataengineer/.pyenv/versions/3.9.21/lib/python3.9/site-packages/airflow/example_dags/example_setup_teardown_taskflow.py
[2025-03-08T00:56:33.925+0700] {logging_mixin.py:190} INFO - [2025-03-08T00:56:33.925+0700] {dag.py:3239} INFO - Sync 1 DAGs
[2025-03-08T00:56:33.938+0700] {logging_mixin.py:190} INFO - [2025-03-08T00:56:33.938+0700] {dag.py:4180} INFO - Setting next_dagrun for example_setup_teardown_taskflow to None, run_after=None
[2025-03-08T00:56:33.969+0700] {processor.py:208} INFO - Processing /home/dataengineer/.pyenv/versions/3.9.21/lib/python3.9/site-packages/airflow/example_dags/example_setup_teardown_taskflow.py took 0.085 seconds
[2025-03-08T00:57:40.082+0700] {processor.py:186} INFO - Started process (PID=36905) to work on /home/dataengineer/.pyenv/versions/3.9.21/lib/python3.9/site-packages/airflow/example_dags/example_setup_teardown_taskflow.py
[2025-03-08T00:57:40.083+0700] {processor.py:914} INFO - Processing file /home/dataengineer/.pyenv/versions/3.9.21/lib/python3.9/site-packages/airflow/example_dags/example_setup_teardown_taskflow.py for tasks to queue
[2025-03-08T00:57:40.086+0700] {logging_mixin.py:190} INFO - [2025-03-08T00:57:40.085+0700] {dagbag.py:588} INFO - Filling up the DagBag from /home/dataengineer/.pyenv/versions/3.9.21/lib/python3.9/site-packages/airflow/example_dags/example_setup_teardown_taskflow.py
[2025-03-08T00:57:40.097+0700] {processor.py:925} INFO - DAG(s) 'example_setup_teardown_taskflow' retrieved from /home/dataengineer/.pyenv/versions/3.9.21/lib/python3.9/site-packages/airflow/example_dags/example_setup_teardown_taskflow.py
[2025-03-08T00:57:40.116+0700] {logging_mixin.py:190} INFO - [2025-03-08T00:57:40.115+0700] {dag.py:3239} INFO - Sync 1 DAGs
[2025-03-08T00:57:40.132+0700] {logging_mixin.py:190} INFO - [2025-03-08T00:57:40.132+0700] {dag.py:4180} INFO - Setting next_dagrun for example_setup_teardown_taskflow to None, run_after=None
[2025-03-08T00:57:40.159+0700] {processor.py:208} INFO - Processing /home/dataengineer/.pyenv/versions/3.9.21/lib/python3.9/site-packages/airflow/example_dags/example_setup_teardown_taskflow.py took 0.084 seconds
[2025-03-08T00:58:41.992+0700] {processor.py:186} INFO - Started process (PID=37429) to work on /home/dataengineer/.pyenv/versions/3.9.21/lib/python3.9/site-packages/airflow/example_dags/example_setup_teardown_taskflow.py
[2025-03-08T00:58:41.994+0700] {processor.py:914} INFO - Processing file /home/dataengineer/.pyenv/versions/3.9.21/lib/python3.9/site-packages/airflow/example_dags/example_setup_teardown_taskflow.py for tasks to queue
[2025-03-08T00:58:41.995+0700] {logging_mixin.py:190} INFO - [2025-03-08T00:58:41.995+0700] {dagbag.py:588} INFO - Filling up the DagBag from /home/dataengineer/.pyenv/versions/3.9.21/lib/python3.9/site-packages/airflow/example_dags/example_setup_teardown_taskflow.py
[2025-03-08T00:58:42.007+0700] {processor.py:925} INFO - DAG(s) 'example_setup_teardown_taskflow' retrieved from /home/dataengineer/.pyenv/versions/3.9.21/lib/python3.9/site-packages/airflow/example_dags/example_setup_teardown_taskflow.py
[2025-03-08T00:58:42.025+0700] {logging_mixin.py:190} INFO - [2025-03-08T00:58:42.024+0700] {dag.py:3239} INFO - Sync 1 DAGs
[2025-03-08T00:58:42.037+0700] {logging_mixin.py:190} INFO - [2025-03-08T00:58:42.037+0700] {dag.py:4180} INFO - Setting next_dagrun for example_setup_teardown_taskflow to None, run_after=None
[2025-03-08T00:58:42.056+0700] {processor.py:208} INFO - Processing /home/dataengineer/.pyenv/versions/3.9.21/lib/python3.9/site-packages/airflow/example_dags/example_setup_teardown_taskflow.py took 0.069 seconds
[2025-03-08T00:59:43.660+0700] {processor.py:186} INFO - Started process (PID=37856) to work on /home/dataengineer/.pyenv/versions/3.9.21/lib/python3.9/site-packages/airflow/example_dags/example_setup_teardown_taskflow.py
[2025-03-08T00:59:43.661+0700] {processor.py:914} INFO - Processing file /home/dataengineer/.pyenv/versions/3.9.21/lib/python3.9/site-packages/airflow/example_dags/example_setup_teardown_taskflow.py for tasks to queue
[2025-03-08T00:59:43.664+0700] {logging_mixin.py:190} INFO - [2025-03-08T00:59:43.663+0700] {dagbag.py:588} INFO - Filling up the DagBag from /home/dataengineer/.pyenv/versions/3.9.21/lib/python3.9/site-packages/airflow/example_dags/example_setup_teardown_taskflow.py
[2025-03-08T00:59:43.675+0700] {processor.py:925} INFO - DAG(s) 'example_setup_teardown_taskflow' retrieved from /home/dataengineer/.pyenv/versions/3.9.21/lib/python3.9/site-packages/airflow/example_dags/example_setup_teardown_taskflow.py
[2025-03-08T00:59:43.692+0700] {logging_mixin.py:190} INFO - [2025-03-08T00:59:43.691+0700] {dag.py:3239} INFO - Sync 1 DAGs
[2025-03-08T00:59:43.704+0700] {logging_mixin.py:190} INFO - [2025-03-08T00:59:43.704+0700] {dag.py:4180} INFO - Setting next_dagrun for example_setup_teardown_taskflow to None, run_after=None
[2025-03-08T00:59:43.725+0700] {processor.py:208} INFO - Processing /home/dataengineer/.pyenv/versions/3.9.21/lib/python3.9/site-packages/airflow/example_dags/example_setup_teardown_taskflow.py took 0.071 seconds
[2025-03-08T01:00:44.184+0700] {processor.py:186} INFO - Started process (PID=38288) to work on /home/dataengineer/.pyenv/versions/3.9.21/lib/python3.9/site-packages/airflow/example_dags/example_setup_teardown_taskflow.py
[2025-03-08T01:00:44.186+0700] {processor.py:914} INFO - Processing file /home/dataengineer/.pyenv/versions/3.9.21/lib/python3.9/site-packages/airflow/example_dags/example_setup_teardown_taskflow.py for tasks to queue
[2025-03-08T01:00:44.187+0700] {logging_mixin.py:190} INFO - [2025-03-08T01:00:44.187+0700] {dagbag.py:588} INFO - Filling up the DagBag from /home/dataengineer/.pyenv/versions/3.9.21/lib/python3.9/site-packages/airflow/example_dags/example_setup_teardown_taskflow.py
[2025-03-08T01:00:44.197+0700] {processor.py:925} INFO - DAG(s) 'example_setup_teardown_taskflow' retrieved from /home/dataengineer/.pyenv/versions/3.9.21/lib/python3.9/site-packages/airflow/example_dags/example_setup_teardown_taskflow.py
[2025-03-08T01:00:44.212+0700] {logging_mixin.py:190} INFO - [2025-03-08T01:00:44.212+0700] {dag.py:3239} INFO - Sync 1 DAGs
[2025-03-08T01:00:44.223+0700] {logging_mixin.py:190} INFO - [2025-03-08T01:00:44.223+0700] {dag.py:4180} INFO - Setting next_dagrun for example_setup_teardown_taskflow to None, run_after=None
[2025-03-08T01:00:44.241+0700] {processor.py:208} INFO - Processing /home/dataengineer/.pyenv/versions/3.9.21/lib/python3.9/site-packages/airflow/example_dags/example_setup_teardown_taskflow.py took 0.062 seconds
[2025-03-08T01:01:47.061+0700] {processor.py:186} INFO - Started process (PID=38743) to work on /home/dataengineer/.pyenv/versions/3.9.21/lib/python3.9/site-packages/airflow/example_dags/example_setup_teardown_taskflow.py
[2025-03-08T01:01:47.062+0700] {processor.py:914} INFO - Processing file /home/dataengineer/.pyenv/versions/3.9.21/lib/python3.9/site-packages/airflow/example_dags/example_setup_teardown_taskflow.py for tasks to queue
[2025-03-08T01:01:47.065+0700] {logging_mixin.py:190} INFO - [2025-03-08T01:01:47.064+0700] {dagbag.py:588} INFO - Filling up the DagBag from /home/dataengineer/.pyenv/versions/3.9.21/lib/python3.9/site-packages/airflow/example_dags/example_setup_teardown_taskflow.py
[2025-03-08T01:01:47.076+0700] {processor.py:925} INFO - DAG(s) 'example_setup_teardown_taskflow' retrieved from /home/dataengineer/.pyenv/versions/3.9.21/lib/python3.9/site-packages/airflow/example_dags/example_setup_teardown_taskflow.py
[2025-03-08T01:01:47.093+0700] {logging_mixin.py:190} INFO - [2025-03-08T01:01:47.093+0700] {dag.py:3239} INFO - Sync 1 DAGs
[2025-03-08T01:01:47.105+0700] {logging_mixin.py:190} INFO - [2025-03-08T01:01:47.105+0700] {dag.py:4180} INFO - Setting next_dagrun for example_setup_teardown_taskflow to None, run_after=None
[2025-03-08T01:01:47.126+0700] {processor.py:208} INFO - Processing /home/dataengineer/.pyenv/versions/3.9.21/lib/python3.9/site-packages/airflow/example_dags/example_setup_teardown_taskflow.py took 0.072 seconds
[2025-03-08T01:02:48.488+0700] {processor.py:186} INFO - Started process (PID=39252) to work on /home/dataengineer/.pyenv/versions/3.9.21/lib/python3.9/site-packages/airflow/example_dags/example_setup_teardown_taskflow.py
[2025-03-08T01:02:48.489+0700] {processor.py:914} INFO - Processing file /home/dataengineer/.pyenv/versions/3.9.21/lib/python3.9/site-packages/airflow/example_dags/example_setup_teardown_taskflow.py for tasks to queue
[2025-03-08T01:02:48.491+0700] {logging_mixin.py:190} INFO - [2025-03-08T01:02:48.490+0700] {dagbag.py:588} INFO - Filling up the DagBag from /home/dataengineer/.pyenv/versions/3.9.21/lib/python3.9/site-packages/airflow/example_dags/example_setup_teardown_taskflow.py
[2025-03-08T01:02:48.501+0700] {processor.py:925} INFO - DAG(s) 'example_setup_teardown_taskflow' retrieved from /home/dataengineer/.pyenv/versions/3.9.21/lib/python3.9/site-packages/airflow/example_dags/example_setup_teardown_taskflow.py
[2025-03-08T01:02:48.516+0700] {logging_mixin.py:190} INFO - [2025-03-08T01:02:48.516+0700] {dag.py:3239} INFO - Sync 1 DAGs
[2025-03-08T01:02:48.527+0700] {logging_mixin.py:190} INFO - [2025-03-08T01:02:48.526+0700] {dag.py:4180} INFO - Setting next_dagrun for example_setup_teardown_taskflow to None, run_after=None
[2025-03-08T01:02:48.546+0700] {processor.py:208} INFO - Processing /home/dataengineer/.pyenv/versions/3.9.21/lib/python3.9/site-packages/airflow/example_dags/example_setup_teardown_taskflow.py took 0.064 seconds
[2025-03-08T01:03:49.019+0700] {processor.py:186} INFO - Started process (PID=40041) to work on /home/dataengineer/.pyenv/versions/3.9.21/lib/python3.9/site-packages/airflow/example_dags/example_setup_teardown_taskflow.py
[2025-03-08T01:03:49.020+0700] {processor.py:914} INFO - Processing file /home/dataengineer/.pyenv/versions/3.9.21/lib/python3.9/site-packages/airflow/example_dags/example_setup_teardown_taskflow.py for tasks to queue
[2025-03-08T01:03:49.022+0700] {logging_mixin.py:190} INFO - [2025-03-08T01:03:49.022+0700] {dagbag.py:588} INFO - Filling up the DagBag from /home/dataengineer/.pyenv/versions/3.9.21/lib/python3.9/site-packages/airflow/example_dags/example_setup_teardown_taskflow.py
[2025-03-08T01:03:49.032+0700] {processor.py:925} INFO - DAG(s) 'example_setup_teardown_taskflow' retrieved from /home/dataengineer/.pyenv/versions/3.9.21/lib/python3.9/site-packages/airflow/example_dags/example_setup_teardown_taskflow.py
[2025-03-08T01:03:49.046+0700] {logging_mixin.py:190} INFO - [2025-03-08T01:03:49.046+0700] {dag.py:3239} INFO - Sync 1 DAGs
[2025-03-08T01:03:49.057+0700] {logging_mixin.py:190} INFO - [2025-03-08T01:03:49.057+0700] {dag.py:4180} INFO - Setting next_dagrun for example_setup_teardown_taskflow to None, run_after=None
[2025-03-08T01:03:49.074+0700] {processor.py:208} INFO - Processing /home/dataengineer/.pyenv/versions/3.9.21/lib/python3.9/site-packages/airflow/example_dags/example_setup_teardown_taskflow.py took 0.060 seconds
[2025-03-08T01:04:49.550+0700] {processor.py:186} INFO - Started process (PID=42021) to work on /home/dataengineer/.pyenv/versions/3.9.21/lib/python3.9/site-packages/airflow/example_dags/example_setup_teardown_taskflow.py
[2025-03-08T01:04:49.551+0700] {processor.py:914} INFO - Processing file /home/dataengineer/.pyenv/versions/3.9.21/lib/python3.9/site-packages/airflow/example_dags/example_setup_teardown_taskflow.py for tasks to queue
[2025-03-08T01:04:49.553+0700] {logging_mixin.py:190} INFO - [2025-03-08T01:04:49.553+0700] {dagbag.py:588} INFO - Filling up the DagBag from /home/dataengineer/.pyenv/versions/3.9.21/lib/python3.9/site-packages/airflow/example_dags/example_setup_teardown_taskflow.py
[2025-03-08T01:04:49.562+0700] {processor.py:925} INFO - DAG(s) 'example_setup_teardown_taskflow' retrieved from /home/dataengineer/.pyenv/versions/3.9.21/lib/python3.9/site-packages/airflow/example_dags/example_setup_teardown_taskflow.py
[2025-03-08T01:04:49.577+0700] {logging_mixin.py:190} INFO - [2025-03-08T01:04:49.577+0700] {dag.py:3239} INFO - Sync 1 DAGs
[2025-03-08T01:04:49.588+0700] {logging_mixin.py:190} INFO - [2025-03-08T01:04:49.587+0700] {dag.py:4180} INFO - Setting next_dagrun for example_setup_teardown_taskflow to None, run_after=None
[2025-03-08T01:04:49.605+0700] {processor.py:208} INFO - Processing /home/dataengineer/.pyenv/versions/3.9.21/lib/python3.9/site-packages/airflow/example_dags/example_setup_teardown_taskflow.py took 0.061 seconds
[2025-03-08T02:20:10.226+0700] {processor.py:186} INFO - Started process (PID=63538) to work on /home/dataengineer/.pyenv/versions/3.9.21/lib/python3.9/site-packages/airflow/example_dags/example_setup_teardown_taskflow.py
[2025-03-08T02:20:10.227+0700] {processor.py:914} INFO - Processing file /home/dataengineer/.pyenv/versions/3.9.21/lib/python3.9/site-packages/airflow/example_dags/example_setup_teardown_taskflow.py for tasks to queue
[2025-03-08T02:20:10.229+0700] {logging_mixin.py:190} INFO - [2025-03-08T02:20:10.229+0700] {dagbag.py:588} INFO - Filling up the DagBag from /home/dataengineer/.pyenv/versions/3.9.21/lib/python3.9/site-packages/airflow/example_dags/example_setup_teardown_taskflow.py
[2025-03-08T02:20:10.241+0700] {processor.py:925} INFO - DAG(s) 'example_setup_teardown_taskflow' retrieved from /home/dataengineer/.pyenv/versions/3.9.21/lib/python3.9/site-packages/airflow/example_dags/example_setup_teardown_taskflow.py
[2025-03-08T02:20:10.264+0700] {logging_mixin.py:190} INFO - [2025-03-08T02:20:10.263+0700] {dag.py:3239} INFO - Sync 1 DAGs
[2025-03-08T02:20:10.275+0700] {logging_mixin.py:190} INFO - [2025-03-08T02:20:10.275+0700] {dag.py:4180} INFO - Setting next_dagrun for example_setup_teardown_taskflow to None, run_after=None
[2025-03-08T02:20:10.296+0700] {processor.py:208} INFO - Processing /home/dataengineer/.pyenv/versions/3.9.21/lib/python3.9/site-packages/airflow/example_dags/example_setup_teardown_taskflow.py took 0.075 seconds
[2025-03-08T02:26:54.474+0700] {processor.py:186} INFO - Started process (PID=66425) to work on /home/dataengineer/.pyenv/versions/3.9.21/lib/python3.9/site-packages/airflow/example_dags/example_setup_teardown_taskflow.py
[2025-03-08T02:26:54.475+0700] {processor.py:914} INFO - Processing file /home/dataengineer/.pyenv/versions/3.9.21/lib/python3.9/site-packages/airflow/example_dags/example_setup_teardown_taskflow.py for tasks to queue
[2025-03-08T02:26:54.477+0700] {logging_mixin.py:190} INFO - [2025-03-08T02:26:54.476+0700] {dagbag.py:588} INFO - Filling up the DagBag from /home/dataengineer/.pyenv/versions/3.9.21/lib/python3.9/site-packages/airflow/example_dags/example_setup_teardown_taskflow.py
[2025-03-08T02:26:54.487+0700] {processor.py:925} INFO - DAG(s) 'example_setup_teardown_taskflow' retrieved from /home/dataengineer/.pyenv/versions/3.9.21/lib/python3.9/site-packages/airflow/example_dags/example_setup_teardown_taskflow.py
[2025-03-08T02:26:54.509+0700] {logging_mixin.py:190} INFO - [2025-03-08T02:26:54.509+0700] {dag.py:3239} INFO - Sync 1 DAGs
[2025-03-08T02:26:54.522+0700] {logging_mixin.py:190} INFO - [2025-03-08T02:26:54.521+0700] {dag.py:4180} INFO - Setting next_dagrun for example_setup_teardown_taskflow to None, run_after=None
[2025-03-08T02:26:54.542+0700] {processor.py:208} INFO - Processing /home/dataengineer/.pyenv/versions/3.9.21/lib/python3.9/site-packages/airflow/example_dags/example_setup_teardown_taskflow.py took 0.075 seconds
[2025-03-08T02:29:08.688+0700] {processor.py:186} INFO - Started process (PID=67275) to work on /home/dataengineer/.pyenv/versions/3.9.21/lib/python3.9/site-packages/airflow/example_dags/example_setup_teardown_taskflow.py
[2025-03-08T02:29:08.690+0700] {processor.py:914} INFO - Processing file /home/dataengineer/.pyenv/versions/3.9.21/lib/python3.9/site-packages/airflow/example_dags/example_setup_teardown_taskflow.py for tasks to queue
[2025-03-08T02:29:08.692+0700] {logging_mixin.py:190} INFO - [2025-03-08T02:29:08.692+0700] {dagbag.py:588} INFO - Filling up the DagBag from /home/dataengineer/.pyenv/versions/3.9.21/lib/python3.9/site-packages/airflow/example_dags/example_setup_teardown_taskflow.py
[2025-03-08T02:29:08.706+0700] {processor.py:925} INFO - DAG(s) 'example_setup_teardown_taskflow' retrieved from /home/dataengineer/.pyenv/versions/3.9.21/lib/python3.9/site-packages/airflow/example_dags/example_setup_teardown_taskflow.py
[2025-03-08T02:29:08.732+0700] {logging_mixin.py:190} INFO - [2025-03-08T02:29:08.732+0700] {dag.py:3239} INFO - Sync 1 DAGs
[2025-03-08T02:29:08.751+0700] {logging_mixin.py:190} INFO - [2025-03-08T02:29:08.751+0700] {dag.py:4180} INFO - Setting next_dagrun for example_setup_teardown_taskflow to None, run_after=None
[2025-03-08T02:29:08.774+0700] {processor.py:208} INFO - Processing /home/dataengineer/.pyenv/versions/3.9.21/lib/python3.9/site-packages/airflow/example_dags/example_setup_teardown_taskflow.py took 0.092 seconds
[2025-03-08T02:30:04.892+0700] {processor.py:186} INFO - Started process (PID=67875) to work on /home/dataengineer/.pyenv/versions/3.9.21/lib/python3.9/site-packages/airflow/example_dags/example_setup_teardown_taskflow.py
[2025-03-08T02:30:04.893+0700] {processor.py:914} INFO - Processing file /home/dataengineer/.pyenv/versions/3.9.21/lib/python3.9/site-packages/airflow/example_dags/example_setup_teardown_taskflow.py for tasks to queue
[2025-03-08T02:30:04.894+0700] {logging_mixin.py:190} INFO - [2025-03-08T02:30:04.894+0700] {dagbag.py:588} INFO - Filling up the DagBag from /home/dataengineer/.pyenv/versions/3.9.21/lib/python3.9/site-packages/airflow/example_dags/example_setup_teardown_taskflow.py
[2025-03-08T02:30:04.904+0700] {processor.py:925} INFO - DAG(s) 'example_setup_teardown_taskflow' retrieved from /home/dataengineer/.pyenv/versions/3.9.21/lib/python3.9/site-packages/airflow/example_dags/example_setup_teardown_taskflow.py
[2025-03-08T02:30:04.919+0700] {logging_mixin.py:190} INFO - [2025-03-08T02:30:04.919+0700] {dag.py:3239} INFO - Sync 1 DAGs
[2025-03-08T02:30:04.931+0700] {logging_mixin.py:190} INFO - [2025-03-08T02:30:04.931+0700] {dag.py:4180} INFO - Setting next_dagrun for example_setup_teardown_taskflow to None, run_after=None
[2025-03-08T02:30:04.952+0700] {processor.py:208} INFO - Processing /home/dataengineer/.pyenv/versions/3.9.21/lib/python3.9/site-packages/airflow/example_dags/example_setup_teardown_taskflow.py took 0.065 seconds
[2025-03-08T02:30:58.020+0700] {processor.py:186} INFO - Started process (PID=68213) to work on /home/dataengineer/.pyenv/versions/3.9.21/lib/python3.9/site-packages/airflow/example_dags/example_setup_teardown_taskflow.py
[2025-03-08T02:30:58.022+0700] {processor.py:914} INFO - Processing file /home/dataengineer/.pyenv/versions/3.9.21/lib/python3.9/site-packages/airflow/example_dags/example_setup_teardown_taskflow.py for tasks to queue
[2025-03-08T02:30:58.023+0700] {logging_mixin.py:190} INFO - [2025-03-08T02:30:58.022+0700] {dagbag.py:588} INFO - Filling up the DagBag from /home/dataengineer/.pyenv/versions/3.9.21/lib/python3.9/site-packages/airflow/example_dags/example_setup_teardown_taskflow.py
[2025-03-08T02:30:58.032+0700] {processor.py:925} INFO - DAG(s) 'example_setup_teardown_taskflow' retrieved from /home/dataengineer/.pyenv/versions/3.9.21/lib/python3.9/site-packages/airflow/example_dags/example_setup_teardown_taskflow.py
[2025-03-08T02:30:58.046+0700] {logging_mixin.py:190} INFO - [2025-03-08T02:30:58.046+0700] {dag.py:3239} INFO - Sync 1 DAGs
[2025-03-08T02:30:58.057+0700] {logging_mixin.py:190} INFO - [2025-03-08T02:30:58.057+0700] {dag.py:4180} INFO - Setting next_dagrun for example_setup_teardown_taskflow to None, run_after=None
[2025-03-08T02:30:58.075+0700] {processor.py:208} INFO - Processing /home/dataengineer/.pyenv/versions/3.9.21/lib/python3.9/site-packages/airflow/example_dags/example_setup_teardown_taskflow.py took 0.060 seconds
[2025-03-08T02:31:53.133+0700] {processor.py:186} INFO - Started process (PID=68909) to work on /home/dataengineer/.pyenv/versions/3.9.21/lib/python3.9/site-packages/airflow/example_dags/example_setup_teardown_taskflow.py
[2025-03-08T02:31:53.134+0700] {processor.py:914} INFO - Processing file /home/dataengineer/.pyenv/versions/3.9.21/lib/python3.9/site-packages/airflow/example_dags/example_setup_teardown_taskflow.py for tasks to queue
[2025-03-08T02:31:53.135+0700] {logging_mixin.py:190} INFO - [2025-03-08T02:31:53.135+0700] {dagbag.py:588} INFO - Filling up the DagBag from /home/dataengineer/.pyenv/versions/3.9.21/lib/python3.9/site-packages/airflow/example_dags/example_setup_teardown_taskflow.py
[2025-03-08T02:31:53.145+0700] {processor.py:925} INFO - DAG(s) 'example_setup_teardown_taskflow' retrieved from /home/dataengineer/.pyenv/versions/3.9.21/lib/python3.9/site-packages/airflow/example_dags/example_setup_teardown_taskflow.py
[2025-03-08T02:31:53.159+0700] {logging_mixin.py:190} INFO - [2025-03-08T02:31:53.159+0700] {dag.py:3239} INFO - Sync 1 DAGs
[2025-03-08T02:31:53.171+0700] {logging_mixin.py:190} INFO - [2025-03-08T02:31:53.171+0700] {dag.py:4180} INFO - Setting next_dagrun for example_setup_teardown_taskflow to None, run_after=None
[2025-03-08T02:31:53.189+0700] {processor.py:208} INFO - Processing /home/dataengineer/.pyenv/versions/3.9.21/lib/python3.9/site-packages/airflow/example_dags/example_setup_teardown_taskflow.py took 0.061 seconds
[2025-03-08T02:32:50.477+0700] {processor.py:186} INFO - Started process (PID=69163) to work on /home/dataengineer/.pyenv/versions/3.9.21/lib/python3.9/site-packages/airflow/example_dags/example_setup_teardown_taskflow.py
[2025-03-08T02:32:50.478+0700] {processor.py:914} INFO - Processing file /home/dataengineer/.pyenv/versions/3.9.21/lib/python3.9/site-packages/airflow/example_dags/example_setup_teardown_taskflow.py for tasks to queue
[2025-03-08T02:32:50.479+0700] {logging_mixin.py:190} INFO - [2025-03-08T02:32:50.479+0700] {dagbag.py:588} INFO - Filling up the DagBag from /home/dataengineer/.pyenv/versions/3.9.21/lib/python3.9/site-packages/airflow/example_dags/example_setup_teardown_taskflow.py
[2025-03-08T02:32:50.490+0700] {processor.py:925} INFO - DAG(s) 'example_setup_teardown_taskflow' retrieved from /home/dataengineer/.pyenv/versions/3.9.21/lib/python3.9/site-packages/airflow/example_dags/example_setup_teardown_taskflow.py
[2025-03-08T02:32:50.506+0700] {logging_mixin.py:190} INFO - [2025-03-08T02:32:50.506+0700] {dag.py:3239} INFO - Sync 1 DAGs
[2025-03-08T02:32:50.518+0700] {logging_mixin.py:190} INFO - [2025-03-08T02:32:50.518+0700] {dag.py:4180} INFO - Setting next_dagrun for example_setup_teardown_taskflow to None, run_after=None
[2025-03-08T02:32:50.539+0700] {processor.py:208} INFO - Processing /home/dataengineer/.pyenv/versions/3.9.21/lib/python3.9/site-packages/airflow/example_dags/example_setup_teardown_taskflow.py took 0.068 seconds
[2025-03-08T02:33:45.847+0700] {processor.py:186} INFO - Started process (PID=69411) to work on /home/dataengineer/.pyenv/versions/3.9.21/lib/python3.9/site-packages/airflow/example_dags/example_setup_teardown_taskflow.py
[2025-03-08T02:33:45.848+0700] {processor.py:914} INFO - Processing file /home/dataengineer/.pyenv/versions/3.9.21/lib/python3.9/site-packages/airflow/example_dags/example_setup_teardown_taskflow.py for tasks to queue
[2025-03-08T02:33:45.851+0700] {logging_mixin.py:190} INFO - [2025-03-08T02:33:45.850+0700] {dagbag.py:588} INFO - Filling up the DagBag from /home/dataengineer/.pyenv/versions/3.9.21/lib/python3.9/site-packages/airflow/example_dags/example_setup_teardown_taskflow.py
[2025-03-08T02:33:45.868+0700] {processor.py:925} INFO - DAG(s) 'example_setup_teardown_taskflow' retrieved from /home/dataengineer/.pyenv/versions/3.9.21/lib/python3.9/site-packages/airflow/example_dags/example_setup_teardown_taskflow.py
[2025-03-08T02:33:45.885+0700] {logging_mixin.py:190} INFO - [2025-03-08T02:33:45.885+0700] {dag.py:3239} INFO - Sync 1 DAGs
[2025-03-08T02:33:45.898+0700] {logging_mixin.py:190} INFO - [2025-03-08T02:33:45.898+0700] {dag.py:4180} INFO - Setting next_dagrun for example_setup_teardown_taskflow to None, run_after=None
[2025-03-08T02:33:45.918+0700] {processor.py:208} INFO - Processing /home/dataengineer/.pyenv/versions/3.9.21/lib/python3.9/site-packages/airflow/example_dags/example_setup_teardown_taskflow.py took 0.078 seconds
[2025-03-08T02:34:30.238+0700] {processor.py:186} INFO - Started process (PID=70210) to work on /home/dataengineer/.pyenv/versions/3.9.21/lib/python3.9/site-packages/airflow/example_dags/example_setup_teardown_taskflow.py
[2025-03-08T02:34:30.239+0700] {processor.py:914} INFO - Processing file /home/dataengineer/.pyenv/versions/3.9.21/lib/python3.9/site-packages/airflow/example_dags/example_setup_teardown_taskflow.py for tasks to queue
[2025-03-08T02:34:30.243+0700] {logging_mixin.py:190} INFO - [2025-03-08T02:34:30.242+0700] {dagbag.py:588} INFO - Filling up the DagBag from /home/dataengineer/.pyenv/versions/3.9.21/lib/python3.9/site-packages/airflow/example_dags/example_setup_teardown_taskflow.py
[2025-03-08T02:34:30.258+0700] {processor.py:925} INFO - DAG(s) 'example_setup_teardown_taskflow' retrieved from /home/dataengineer/.pyenv/versions/3.9.21/lib/python3.9/site-packages/airflow/example_dags/example_setup_teardown_taskflow.py
[2025-03-08T02:34:30.285+0700] {logging_mixin.py:190} INFO - [2025-03-08T02:34:30.285+0700] {dag.py:3239} INFO - Sync 1 DAGs
[2025-03-08T02:34:30.299+0700] {logging_mixin.py:190} INFO - [2025-03-08T02:34:30.298+0700] {dag.py:4180} INFO - Setting next_dagrun for example_setup_teardown_taskflow to None, run_after=None
[2025-03-08T02:34:30.323+0700] {processor.py:208} INFO - Processing /home/dataengineer/.pyenv/versions/3.9.21/lib/python3.9/site-packages/airflow/example_dags/example_setup_teardown_taskflow.py took 0.091 seconds
[2025-03-08T02:35:30.635+0700] {processor.py:186} INFO - Started process (PID=70721) to work on /home/dataengineer/.pyenv/versions/3.9.21/lib/python3.9/site-packages/airflow/example_dags/example_setup_teardown_taskflow.py
[2025-03-08T02:35:30.636+0700] {processor.py:914} INFO - Processing file /home/dataengineer/.pyenv/versions/3.9.21/lib/python3.9/site-packages/airflow/example_dags/example_setup_teardown_taskflow.py for tasks to queue
[2025-03-08T02:35:30.638+0700] {logging_mixin.py:190} INFO - [2025-03-08T02:35:30.638+0700] {dagbag.py:588} INFO - Filling up the DagBag from /home/dataengineer/.pyenv/versions/3.9.21/lib/python3.9/site-packages/airflow/example_dags/example_setup_teardown_taskflow.py
[2025-03-08T02:35:30.649+0700] {processor.py:925} INFO - DAG(s) 'example_setup_teardown_taskflow' retrieved from /home/dataengineer/.pyenv/versions/3.9.21/lib/python3.9/site-packages/airflow/example_dags/example_setup_teardown_taskflow.py
[2025-03-08T02:35:30.666+0700] {logging_mixin.py:190} INFO - [2025-03-08T02:35:30.666+0700] {dag.py:3239} INFO - Sync 1 DAGs
[2025-03-08T02:35:30.679+0700] {logging_mixin.py:190} INFO - [2025-03-08T02:35:30.679+0700] {dag.py:4180} INFO - Setting next_dagrun for example_setup_teardown_taskflow to None, run_after=None
[2025-03-08T02:35:30.700+0700] {processor.py:208} INFO - Processing /home/dataengineer/.pyenv/versions/3.9.21/lib/python3.9/site-packages/airflow/example_dags/example_setup_teardown_taskflow.py took 0.071 seconds
[2025-03-08T02:36:33.210+0700] {processor.py:186} INFO - Started process (PID=71169) to work on /home/dataengineer/.pyenv/versions/3.9.21/lib/python3.9/site-packages/airflow/example_dags/example_setup_teardown_taskflow.py
[2025-03-08T02:36:33.211+0700] {processor.py:914} INFO - Processing file /home/dataengineer/.pyenv/versions/3.9.21/lib/python3.9/site-packages/airflow/example_dags/example_setup_teardown_taskflow.py for tasks to queue
[2025-03-08T02:36:33.213+0700] {logging_mixin.py:190} INFO - [2025-03-08T02:36:33.213+0700] {dagbag.py:588} INFO - Filling up the DagBag from /home/dataengineer/.pyenv/versions/3.9.21/lib/python3.9/site-packages/airflow/example_dags/example_setup_teardown_taskflow.py
[2025-03-08T02:36:33.223+0700] {processor.py:925} INFO - DAG(s) 'example_setup_teardown_taskflow' retrieved from /home/dataengineer/.pyenv/versions/3.9.21/lib/python3.9/site-packages/airflow/example_dags/example_setup_teardown_taskflow.py
[2025-03-08T02:36:33.238+0700] {logging_mixin.py:190} INFO - [2025-03-08T02:36:33.238+0700] {dag.py:3239} INFO - Sync 1 DAGs
[2025-03-08T02:36:33.249+0700] {logging_mixin.py:190} INFO - [2025-03-08T02:36:33.249+0700] {dag.py:4180} INFO - Setting next_dagrun for example_setup_teardown_taskflow to None, run_after=None
[2025-03-08T02:36:33.267+0700] {processor.py:208} INFO - Processing /home/dataengineer/.pyenv/versions/3.9.21/lib/python3.9/site-packages/airflow/example_dags/example_setup_teardown_taskflow.py took 0.062 seconds
[2025-03-08T02:37:30.424+0700] {processor.py:186} INFO - Started process (PID=71404) to work on /home/dataengineer/.pyenv/versions/3.9.21/lib/python3.9/site-packages/airflow/example_dags/example_setup_teardown_taskflow.py
[2025-03-08T02:37:30.425+0700] {processor.py:914} INFO - Processing file /home/dataengineer/.pyenv/versions/3.9.21/lib/python3.9/site-packages/airflow/example_dags/example_setup_teardown_taskflow.py for tasks to queue
[2025-03-08T02:37:30.427+0700] {logging_mixin.py:190} INFO - [2025-03-08T02:37:30.427+0700] {dagbag.py:588} INFO - Filling up the DagBag from /home/dataengineer/.pyenv/versions/3.9.21/lib/python3.9/site-packages/airflow/example_dags/example_setup_teardown_taskflow.py
[2025-03-08T02:37:30.441+0700] {processor.py:925} INFO - DAG(s) 'example_setup_teardown_taskflow' retrieved from /home/dataengineer/.pyenv/versions/3.9.21/lib/python3.9/site-packages/airflow/example_dags/example_setup_teardown_taskflow.py
[2025-03-08T02:37:30.460+0700] {logging_mixin.py:190} INFO - [2025-03-08T02:37:30.460+0700] {dag.py:3239} INFO - Sync 1 DAGs
[2025-03-08T02:37:30.474+0700] {logging_mixin.py:190} INFO - [2025-03-08T02:37:30.474+0700] {dag.py:4180} INFO - Setting next_dagrun for example_setup_teardown_taskflow to None, run_after=None
[2025-03-08T02:37:30.494+0700] {processor.py:208} INFO - Processing /home/dataengineer/.pyenv/versions/3.9.21/lib/python3.9/site-packages/airflow/example_dags/example_setup_teardown_taskflow.py took 0.076 seconds
[2025-03-08T02:38:37.581+0700] {processor.py:186} INFO - Started process (PID=72293) to work on /home/dataengineer/.pyenv/versions/3.9.21/lib/python3.9/site-packages/airflow/example_dags/example_setup_teardown_taskflow.py
[2025-03-08T02:38:37.589+0700] {processor.py:914} INFO - Processing file /home/dataengineer/.pyenv/versions/3.9.21/lib/python3.9/site-packages/airflow/example_dags/example_setup_teardown_taskflow.py for tasks to queue
[2025-03-08T02:38:37.594+0700] {logging_mixin.py:190} INFO - [2025-03-08T02:38:37.594+0700] {dagbag.py:588} INFO - Filling up the DagBag from /home/dataengineer/.pyenv/versions/3.9.21/lib/python3.9/site-packages/airflow/example_dags/example_setup_teardown_taskflow.py
[2025-03-08T02:38:37.608+0700] {processor.py:925} INFO - DAG(s) 'example_setup_teardown_taskflow' retrieved from /home/dataengineer/.pyenv/versions/3.9.21/lib/python3.9/site-packages/airflow/example_dags/example_setup_teardown_taskflow.py
[2025-03-08T02:38:37.644+0700] {logging_mixin.py:190} INFO - [2025-03-08T02:38:37.644+0700] {dag.py:3239} INFO - Sync 1 DAGs
[2025-03-08T02:38:37.677+0700] {logging_mixin.py:190} INFO - [2025-03-08T02:38:37.676+0700] {dag.py:4180} INFO - Setting next_dagrun for example_setup_teardown_taskflow to None, run_after=None
[2025-03-08T02:38:37.702+0700] {processor.py:208} INFO - Processing /home/dataengineer/.pyenv/versions/3.9.21/lib/python3.9/site-packages/airflow/example_dags/example_setup_teardown_taskflow.py took 0.128 seconds
