[2025-03-08T00:57:03.977+0700] {processor.py:186} INFO - Started process (PID=36480) to work on /home/dataengineer/.pyenv/versions/3.9.21/lib/python3.9/site-packages/airflow/example_dags/example_bash_decorator.py
[2025-03-08T00:57:03.978+0700] {processor.py:914} INFO - Processing file /home/dataengineer/.pyenv/versions/3.9.21/lib/python3.9/site-packages/airflow/example_dags/example_bash_decorator.py for tasks to queue
[2025-03-08T00:57:03.979+0700] {logging_mixin.py:190} INFO - [2025-03-08T00:57:03.979+0700] {dagbag.py:588} INFO - Filling up the DagBag from /home/dataengineer/.pyenv/versions/3.9.21/lib/python3.9/site-packages/airflow/example_dags/example_bash_decorator.py
[2025-03-08T00:57:03.993+0700] {processor.py:925} INFO - DAG(s) 'example_bash_decorator' retrieved from /home/dataengineer/.pyenv/versions/3.9.21/lib/python3.9/site-packages/airflow/example_dags/example_bash_decorator.py
[2025-03-08T00:57:04.084+0700] {logging_mixin.py:190} INFO - [2025-03-08T00:57:04.083+0700] {dag.py:3239} INFO - Sync 1 DAGs
[2025-03-08T00:57:04.093+0700] {logging_mixin.py:190} INFO - [2025-03-08T00:57:04.093+0700] {dag.py:4180} INFO - Setting next_dagrun for example_bash_decorator to None, run_after=None
[2025-03-08T00:57:04.110+0700] {processor.py:208} INFO - Processing /home/dataengineer/.pyenv/versions/3.9.21/lib/python3.9/site-packages/airflow/example_dags/example_bash_decorator.py took 0.138 seconds
[2025-03-08T00:58:06.411+0700] {processor.py:186} INFO - Started process (PID=37107) to work on /home/dataengineer/.pyenv/versions/3.9.21/lib/python3.9/site-packages/airflow/example_dags/example_bash_decorator.py
[2025-03-08T00:58:06.413+0700] {processor.py:914} INFO - Processing file /home/dataengineer/.pyenv/versions/3.9.21/lib/python3.9/site-packages/airflow/example_dags/example_bash_decorator.py for tasks to queue
[2025-03-08T00:58:06.415+0700] {logging_mixin.py:190} INFO - [2025-03-08T00:58:06.415+0700] {dagbag.py:588} INFO - Filling up the DagBag from /home/dataengineer/.pyenv/versions/3.9.21/lib/python3.9/site-packages/airflow/example_dags/example_bash_decorator.py
[2025-03-08T00:58:06.431+0700] {processor.py:925} INFO - DAG(s) 'example_bash_decorator' retrieved from /home/dataengineer/.pyenv/versions/3.9.21/lib/python3.9/site-packages/airflow/example_dags/example_bash_decorator.py
[2025-03-08T00:58:06.451+0700] {logging_mixin.py:190} INFO - [2025-03-08T00:58:06.451+0700] {dag.py:3239} INFO - Sync 1 DAGs
[2025-03-08T00:58:06.463+0700] {logging_mixin.py:190} INFO - [2025-03-08T00:58:06.462+0700] {dag.py:4180} INFO - Setting next_dagrun for example_bash_decorator to None, run_after=None
[2025-03-08T00:58:06.482+0700] {processor.py:208} INFO - Processing /home/dataengineer/.pyenv/versions/3.9.21/lib/python3.9/site-packages/airflow/example_dags/example_bash_decorator.py took 0.076 seconds
[2025-03-08T00:59:08.201+0700] {processor.py:186} INFO - Started process (PID=37536) to work on /home/dataengineer/.pyenv/versions/3.9.21/lib/python3.9/site-packages/airflow/example_dags/example_bash_decorator.py
[2025-03-08T00:59:08.202+0700] {processor.py:914} INFO - Processing file /home/dataengineer/.pyenv/versions/3.9.21/lib/python3.9/site-packages/airflow/example_dags/example_bash_decorator.py for tasks to queue
[2025-03-08T00:59:08.204+0700] {logging_mixin.py:190} INFO - [2025-03-08T00:59:08.204+0700] {dagbag.py:588} INFO - Filling up the DagBag from /home/dataengineer/.pyenv/versions/3.9.21/lib/python3.9/site-packages/airflow/example_dags/example_bash_decorator.py
[2025-03-08T00:59:08.217+0700] {processor.py:925} INFO - DAG(s) 'example_bash_decorator' retrieved from /home/dataengineer/.pyenv/versions/3.9.21/lib/python3.9/site-packages/airflow/example_dags/example_bash_decorator.py
[2025-03-08T00:59:08.234+0700] {logging_mixin.py:190} INFO - [2025-03-08T00:59:08.234+0700] {dag.py:3239} INFO - Sync 1 DAGs
[2025-03-08T00:59:08.245+0700] {logging_mixin.py:190} INFO - [2025-03-08T00:59:08.244+0700] {dag.py:4180} INFO - Setting next_dagrun for example_bash_decorator to None, run_after=None
[2025-03-08T00:59:08.262+0700] {processor.py:208} INFO - Processing /home/dataengineer/.pyenv/versions/3.9.21/lib/python3.9/site-packages/airflow/example_dags/example_bash_decorator.py took 0.066 seconds
[2025-03-08T01:00:09.894+0700] {processor.py:186} INFO - Started process (PID=37964) to work on /home/dataengineer/.pyenv/versions/3.9.21/lib/python3.9/site-packages/airflow/example_dags/example_bash_decorator.py
[2025-03-08T01:00:09.895+0700] {processor.py:914} INFO - Processing file /home/dataengineer/.pyenv/versions/3.9.21/lib/python3.9/site-packages/airflow/example_dags/example_bash_decorator.py for tasks to queue
[2025-03-08T01:00:09.897+0700] {logging_mixin.py:190} INFO - [2025-03-08T01:00:09.897+0700] {dagbag.py:588} INFO - Filling up the DagBag from /home/dataengineer/.pyenv/versions/3.9.21/lib/python3.9/site-packages/airflow/example_dags/example_bash_decorator.py
[2025-03-08T01:00:09.911+0700] {processor.py:925} INFO - DAG(s) 'example_bash_decorator' retrieved from /home/dataengineer/.pyenv/versions/3.9.21/lib/python3.9/site-packages/airflow/example_dags/example_bash_decorator.py
[2025-03-08T01:00:09.928+0700] {logging_mixin.py:190} INFO - [2025-03-08T01:00:09.928+0700] {dag.py:3239} INFO - Sync 1 DAGs
[2025-03-08T01:00:09.939+0700] {logging_mixin.py:190} INFO - [2025-03-08T01:00:09.939+0700] {dag.py:4180} INFO - Setting next_dagrun for example_bash_decorator to None, run_after=None
[2025-03-08T01:00:09.957+0700] {processor.py:208} INFO - Processing /home/dataengineer/.pyenv/versions/3.9.21/lib/python3.9/site-packages/airflow/example_dags/example_bash_decorator.py took 0.068 seconds
[2025-03-08T01:01:11.556+0700] {processor.py:186} INFO - Started process (PID=38395) to work on /home/dataengineer/.pyenv/versions/3.9.21/lib/python3.9/site-packages/airflow/example_dags/example_bash_decorator.py
[2025-03-08T01:01:11.557+0700] {processor.py:914} INFO - Processing file /home/dataengineer/.pyenv/versions/3.9.21/lib/python3.9/site-packages/airflow/example_dags/example_bash_decorator.py for tasks to queue
[2025-03-08T01:01:11.564+0700] {logging_mixin.py:190} INFO - [2025-03-08T01:01:11.563+0700] {dagbag.py:588} INFO - Filling up the DagBag from /home/dataengineer/.pyenv/versions/3.9.21/lib/python3.9/site-packages/airflow/example_dags/example_bash_decorator.py
[2025-03-08T01:01:11.578+0700] {processor.py:925} INFO - DAG(s) 'example_bash_decorator' retrieved from /home/dataengineer/.pyenv/versions/3.9.21/lib/python3.9/site-packages/airflow/example_dags/example_bash_decorator.py
[2025-03-08T01:01:11.598+0700] {logging_mixin.py:190} INFO - [2025-03-08T01:01:11.597+0700] {dag.py:3239} INFO - Sync 1 DAGs
[2025-03-08T01:01:11.612+0700] {logging_mixin.py:190} INFO - [2025-03-08T01:01:11.612+0700] {dag.py:4180} INFO - Setting next_dagrun for example_bash_decorator to None, run_after=None
[2025-03-08T01:01:11.634+0700] {processor.py:208} INFO - Processing /home/dataengineer/.pyenv/versions/3.9.21/lib/python3.9/site-packages/airflow/example_dags/example_bash_decorator.py took 0.085 seconds
[2025-03-08T01:02:13.343+0700] {processor.py:186} INFO - Started process (PID=38916) to work on /home/dataengineer/.pyenv/versions/3.9.21/lib/python3.9/site-packages/airflow/example_dags/example_bash_decorator.py
[2025-03-08T01:02:13.344+0700] {processor.py:914} INFO - Processing file /home/dataengineer/.pyenv/versions/3.9.21/lib/python3.9/site-packages/airflow/example_dags/example_bash_decorator.py for tasks to queue
[2025-03-08T01:02:13.346+0700] {logging_mixin.py:190} INFO - [2025-03-08T01:02:13.346+0700] {dagbag.py:588} INFO - Filling up the DagBag from /home/dataengineer/.pyenv/versions/3.9.21/lib/python3.9/site-packages/airflow/example_dags/example_bash_decorator.py
[2025-03-08T01:02:13.360+0700] {processor.py:925} INFO - DAG(s) 'example_bash_decorator' retrieved from /home/dataengineer/.pyenv/versions/3.9.21/lib/python3.9/site-packages/airflow/example_dags/example_bash_decorator.py
[2025-03-08T01:02:13.378+0700] {logging_mixin.py:190} INFO - [2025-03-08T01:02:13.378+0700] {dag.py:3239} INFO - Sync 1 DAGs
[2025-03-08T01:02:13.390+0700] {logging_mixin.py:190} INFO - [2025-03-08T01:02:13.390+0700] {dag.py:4180} INFO - Setting next_dagrun for example_bash_decorator to None, run_after=None
[2025-03-08T01:02:13.410+0700] {processor.py:208} INFO - Processing /home/dataengineer/.pyenv/versions/3.9.21/lib/python3.9/site-packages/airflow/example_dags/example_bash_decorator.py took 0.072 seconds
[2025-03-08T01:03:14.151+0700] {processor.py:186} INFO - Started process (PID=39467) to work on /home/dataengineer/.pyenv/versions/3.9.21/lib/python3.9/site-packages/airflow/example_dags/example_bash_decorator.py
[2025-03-08T01:03:14.152+0700] {processor.py:914} INFO - Processing file /home/dataengineer/.pyenv/versions/3.9.21/lib/python3.9/site-packages/airflow/example_dags/example_bash_decorator.py for tasks to queue
[2025-03-08T01:03:14.154+0700] {logging_mixin.py:190} INFO - [2025-03-08T01:03:14.154+0700] {dagbag.py:588} INFO - Filling up the DagBag from /home/dataengineer/.pyenv/versions/3.9.21/lib/python3.9/site-packages/airflow/example_dags/example_bash_decorator.py
[2025-03-08T01:03:14.168+0700] {processor.py:925} INFO - DAG(s) 'example_bash_decorator' retrieved from /home/dataengineer/.pyenv/versions/3.9.21/lib/python3.9/site-packages/airflow/example_dags/example_bash_decorator.py
[2025-03-08T01:03:14.184+0700] {logging_mixin.py:190} INFO - [2025-03-08T01:03:14.184+0700] {dag.py:3239} INFO - Sync 1 DAGs
[2025-03-08T01:03:14.195+0700] {logging_mixin.py:190} INFO - [2025-03-08T01:03:14.194+0700] {dag.py:4180} INFO - Setting next_dagrun for example_bash_decorator to None, run_after=None
[2025-03-08T01:03:14.213+0700] {processor.py:208} INFO - Processing /home/dataengineer/.pyenv/versions/3.9.21/lib/python3.9/site-packages/airflow/example_dags/example_bash_decorator.py took 0.068 seconds
[2025-03-08T01:04:15.334+0700] {processor.py:186} INFO - Started process (PID=41194) to work on /home/dataengineer/.pyenv/versions/3.9.21/lib/python3.9/site-packages/airflow/example_dags/example_bash_decorator.py
[2025-03-08T01:04:15.335+0700] {processor.py:914} INFO - Processing file /home/dataengineer/.pyenv/versions/3.9.21/lib/python3.9/site-packages/airflow/example_dags/example_bash_decorator.py for tasks to queue
[2025-03-08T01:04:15.337+0700] {logging_mixin.py:190} INFO - [2025-03-08T01:04:15.337+0700] {dagbag.py:588} INFO - Filling up the DagBag from /home/dataengineer/.pyenv/versions/3.9.21/lib/python3.9/site-packages/airflow/example_dags/example_bash_decorator.py
[2025-03-08T01:04:15.351+0700] {processor.py:925} INFO - DAG(s) 'example_bash_decorator' retrieved from /home/dataengineer/.pyenv/versions/3.9.21/lib/python3.9/site-packages/airflow/example_dags/example_bash_decorator.py
[2025-03-08T01:04:15.369+0700] {logging_mixin.py:190} INFO - [2025-03-08T01:04:15.368+0700] {dag.py:3239} INFO - Sync 1 DAGs
[2025-03-08T01:04:15.380+0700] {logging_mixin.py:190} INFO - [2025-03-08T01:04:15.380+0700] {dag.py:4180} INFO - Setting next_dagrun for example_bash_decorator to None, run_after=None
[2025-03-08T01:04:15.400+0700] {processor.py:208} INFO - Processing /home/dataengineer/.pyenv/versions/3.9.21/lib/python3.9/site-packages/airflow/example_dags/example_bash_decorator.py took 0.072 seconds
[2025-03-08T01:05:15.220+0700] {processor.py:186} INFO - Started process (PID=42615) to work on /home/dataengineer/.pyenv/versions/3.9.21/lib/python3.9/site-packages/airflow/example_dags/example_bash_decorator.py
[2025-03-08T01:05:15.221+0700] {processor.py:914} INFO - Processing file /home/dataengineer/.pyenv/versions/3.9.21/lib/python3.9/site-packages/airflow/example_dags/example_bash_decorator.py for tasks to queue
[2025-03-08T01:05:15.223+0700] {logging_mixin.py:190} INFO - [2025-03-08T01:05:15.223+0700] {dagbag.py:588} INFO - Filling up the DagBag from /home/dataengineer/.pyenv/versions/3.9.21/lib/python3.9/site-packages/airflow/example_dags/example_bash_decorator.py
[2025-03-08T01:05:15.237+0700] {processor.py:925} INFO - DAG(s) 'example_bash_decorator' retrieved from /home/dataengineer/.pyenv/versions/3.9.21/lib/python3.9/site-packages/airflow/example_dags/example_bash_decorator.py
[2025-03-08T01:05:15.253+0700] {logging_mixin.py:190} INFO - [2025-03-08T01:05:15.253+0700] {dag.py:3239} INFO - Sync 1 DAGs
[2025-03-08T01:05:15.264+0700] {logging_mixin.py:190} INFO - [2025-03-08T01:05:15.264+0700] {dag.py:4180} INFO - Setting next_dagrun for example_bash_decorator to None, run_after=None
[2025-03-08T01:05:15.282+0700] {processor.py:208} INFO - Processing /home/dataengineer/.pyenv/versions/3.9.21/lib/python3.9/site-packages/airflow/example_dags/example_bash_decorator.py took 0.067 seconds
[2025-03-08T02:29:34.458+0700] {processor.py:186} INFO - Started process (PID=67591) to work on /home/dataengineer/.pyenv/versions/3.9.21/lib/python3.9/site-packages/airflow/example_dags/example_bash_decorator.py
[2025-03-08T02:29:34.459+0700] {processor.py:914} INFO - Processing file /home/dataengineer/.pyenv/versions/3.9.21/lib/python3.9/site-packages/airflow/example_dags/example_bash_decorator.py for tasks to queue
[2025-03-08T02:29:34.461+0700] {logging_mixin.py:190} INFO - [2025-03-08T02:29:34.460+0700] {dagbag.py:588} INFO - Filling up the DagBag from /home/dataengineer/.pyenv/versions/3.9.21/lib/python3.9/site-packages/airflow/example_dags/example_bash_decorator.py
[2025-03-08T02:29:34.474+0700] {processor.py:925} INFO - DAG(s) 'example_bash_decorator' retrieved from /home/dataengineer/.pyenv/versions/3.9.21/lib/python3.9/site-packages/airflow/example_dags/example_bash_decorator.py
[2025-03-08T02:29:34.567+0700] {logging_mixin.py:190} INFO - [2025-03-08T02:29:34.567+0700] {dag.py:3239} INFO - Sync 1 DAGs
[2025-03-08T02:29:34.577+0700] {logging_mixin.py:190} INFO - [2025-03-08T02:29:34.576+0700] {dag.py:4180} INFO - Setting next_dagrun for example_bash_decorator to None, run_after=None
[2025-03-08T02:29:34.596+0700] {processor.py:208} INFO - Processing /home/dataengineer/.pyenv/versions/3.9.21/lib/python3.9/site-packages/airflow/example_dags/example_bash_decorator.py took 0.144 seconds
[2025-03-08T02:30:32.904+0700] {processor.py:186} INFO - Started process (PID=68049) to work on /home/dataengineer/.pyenv/versions/3.9.21/lib/python3.9/site-packages/airflow/example_dags/example_bash_decorator.py
[2025-03-08T02:30:32.905+0700] {processor.py:914} INFO - Processing file /home/dataengineer/.pyenv/versions/3.9.21/lib/python3.9/site-packages/airflow/example_dags/example_bash_decorator.py for tasks to queue
[2025-03-08T02:30:32.906+0700] {logging_mixin.py:190} INFO - [2025-03-08T02:30:32.906+0700] {dagbag.py:588} INFO - Filling up the DagBag from /home/dataengineer/.pyenv/versions/3.9.21/lib/python3.9/site-packages/airflow/example_dags/example_bash_decorator.py
[2025-03-08T02:30:32.920+0700] {processor.py:925} INFO - DAG(s) 'example_bash_decorator' retrieved from /home/dataengineer/.pyenv/versions/3.9.21/lib/python3.9/site-packages/airflow/example_dags/example_bash_decorator.py
[2025-03-08T02:30:32.937+0700] {logging_mixin.py:190} INFO - [2025-03-08T02:30:32.936+0700] {dag.py:3239} INFO - Sync 1 DAGs
[2025-03-08T02:30:32.947+0700] {logging_mixin.py:190} INFO - [2025-03-08T02:30:32.947+0700] {dag.py:4180} INFO - Setting next_dagrun for example_bash_decorator to None, run_after=None
[2025-03-08T02:30:32.965+0700] {processor.py:208} INFO - Processing /home/dataengineer/.pyenv/versions/3.9.21/lib/python3.9/site-packages/airflow/example_dags/example_bash_decorator.py took 0.066 seconds
[2025-03-08T02:31:29.197+0700] {processor.py:186} INFO - Started process (PID=68655) to work on /home/dataengineer/.pyenv/versions/3.9.21/lib/python3.9/site-packages/airflow/example_dags/example_bash_decorator.py
[2025-03-08T02:31:29.200+0700] {processor.py:914} INFO - Processing file /home/dataengineer/.pyenv/versions/3.9.21/lib/python3.9/site-packages/airflow/example_dags/example_bash_decorator.py for tasks to queue
[2025-03-08T02:31:29.202+0700] {logging_mixin.py:190} INFO - [2025-03-08T02:31:29.201+0700] {dagbag.py:588} INFO - Filling up the DagBag from /home/dataengineer/.pyenv/versions/3.9.21/lib/python3.9/site-packages/airflow/example_dags/example_bash_decorator.py
[2025-03-08T02:31:29.228+0700] {processor.py:925} INFO - DAG(s) 'example_bash_decorator' retrieved from /home/dataengineer/.pyenv/versions/3.9.21/lib/python3.9/site-packages/airflow/example_dags/example_bash_decorator.py
[2025-03-08T02:31:29.255+0700] {logging_mixin.py:190} INFO - [2025-03-08T02:31:29.254+0700] {dag.py:3239} INFO - Sync 1 DAGs
[2025-03-08T02:31:29.276+0700] {logging_mixin.py:190} INFO - [2025-03-08T02:31:29.275+0700] {dag.py:4180} INFO - Setting next_dagrun for example_bash_decorator to None, run_after=None
[2025-03-08T02:31:29.314+0700] {processor.py:208} INFO - Processing /home/dataengineer/.pyenv/versions/3.9.21/lib/python3.9/site-packages/airflow/example_dags/example_bash_decorator.py took 0.127 seconds
[2025-03-08T02:32:26.153+0700] {processor.py:186} INFO - Started process (PID=69068) to work on /home/dataengineer/.pyenv/versions/3.9.21/lib/python3.9/site-packages/airflow/example_dags/example_bash_decorator.py
[2025-03-08T02:32:26.154+0700] {processor.py:914} INFO - Processing file /home/dataengineer/.pyenv/versions/3.9.21/lib/python3.9/site-packages/airflow/example_dags/example_bash_decorator.py for tasks to queue
[2025-03-08T02:32:26.156+0700] {logging_mixin.py:190} INFO - [2025-03-08T02:32:26.155+0700] {dagbag.py:588} INFO - Filling up the DagBag from /home/dataengineer/.pyenv/versions/3.9.21/lib/python3.9/site-packages/airflow/example_dags/example_bash_decorator.py
[2025-03-08T02:32:26.173+0700] {processor.py:925} INFO - DAG(s) 'example_bash_decorator' retrieved from /home/dataengineer/.pyenv/versions/3.9.21/lib/python3.9/site-packages/airflow/example_dags/example_bash_decorator.py
[2025-03-08T02:32:26.193+0700] {logging_mixin.py:190} INFO - [2025-03-08T02:32:26.193+0700] {dag.py:3239} INFO - Sync 1 DAGs
[2025-03-08T02:32:26.211+0700] {logging_mixin.py:190} INFO - [2025-03-08T02:32:26.211+0700] {dag.py:4180} INFO - Setting next_dagrun for example_bash_decorator to None, run_after=None
[2025-03-08T02:32:26.241+0700] {processor.py:208} INFO - Processing /home/dataengineer/.pyenv/versions/3.9.21/lib/python3.9/site-packages/airflow/example_dags/example_bash_decorator.py took 0.094 seconds
[2025-03-08T02:33:24.722+0700] {processor.py:186} INFO - Started process (PID=69328) to work on /home/dataengineer/.pyenv/versions/3.9.21/lib/python3.9/site-packages/airflow/example_dags/example_bash_decorator.py
[2025-03-08T02:33:24.723+0700] {processor.py:914} INFO - Processing file /home/dataengineer/.pyenv/versions/3.9.21/lib/python3.9/site-packages/airflow/example_dags/example_bash_decorator.py for tasks to queue
[2025-03-08T02:33:24.724+0700] {logging_mixin.py:190} INFO - [2025-03-08T02:33:24.724+0700] {dagbag.py:588} INFO - Filling up the DagBag from /home/dataengineer/.pyenv/versions/3.9.21/lib/python3.9/site-packages/airflow/example_dags/example_bash_decorator.py
[2025-03-08T02:33:24.738+0700] {processor.py:925} INFO - DAG(s) 'example_bash_decorator' retrieved from /home/dataengineer/.pyenv/versions/3.9.21/lib/python3.9/site-packages/airflow/example_dags/example_bash_decorator.py
[2025-03-08T02:33:24.755+0700] {logging_mixin.py:190} INFO - [2025-03-08T02:33:24.755+0700] {dag.py:3239} INFO - Sync 1 DAGs
[2025-03-08T02:33:24.767+0700] {logging_mixin.py:190} INFO - [2025-03-08T02:33:24.767+0700] {dag.py:4180} INFO - Setting next_dagrun for example_bash_decorator to None, run_after=None
[2025-03-08T02:33:24.786+0700] {processor.py:208} INFO - Processing /home/dataengineer/.pyenv/versions/3.9.21/lib/python3.9/site-packages/airflow/example_dags/example_bash_decorator.py took 0.070 seconds
[2025-03-08T02:34:59.293+0700] {processor.py:186} INFO - Started process (PID=70409) to work on /home/dataengineer/.pyenv/versions/3.9.21/lib/python3.9/site-packages/airflow/example_dags/example_bash_decorator.py
[2025-03-08T02:34:59.294+0700] {processor.py:914} INFO - Processing file /home/dataengineer/.pyenv/versions/3.9.21/lib/python3.9/site-packages/airflow/example_dags/example_bash_decorator.py for tasks to queue
[2025-03-08T02:34:59.295+0700] {logging_mixin.py:190} INFO - [2025-03-08T02:34:59.295+0700] {dagbag.py:588} INFO - Filling up the DagBag from /home/dataengineer/.pyenv/versions/3.9.21/lib/python3.9/site-packages/airflow/example_dags/example_bash_decorator.py
[2025-03-08T02:34:59.308+0700] {processor.py:925} INFO - DAG(s) 'example_bash_decorator' retrieved from /home/dataengineer/.pyenv/versions/3.9.21/lib/python3.9/site-packages/airflow/example_dags/example_bash_decorator.py
[2025-03-08T02:34:59.418+0700] {logging_mixin.py:190} INFO - [2025-03-08T02:34:59.417+0700] {dag.py:3239} INFO - Sync 1 DAGs
[2025-03-08T02:34:59.427+0700] {logging_mixin.py:190} INFO - [2025-03-08T02:34:59.427+0700] {dag.py:4180} INFO - Setting next_dagrun for example_bash_decorator to None, run_after=None
[2025-03-08T02:34:59.444+0700] {processor.py:208} INFO - Processing /home/dataengineer/.pyenv/versions/3.9.21/lib/python3.9/site-packages/airflow/example_dags/example_bash_decorator.py took 0.157 seconds
[2025-03-08T02:35:59.985+0700] {processor.py:186} INFO - Started process (PID=70839) to work on /home/dataengineer/.pyenv/versions/3.9.21/lib/python3.9/site-packages/airflow/example_dags/example_bash_decorator.py
[2025-03-08T02:35:59.987+0700] {processor.py:914} INFO - Processing file /home/dataengineer/.pyenv/versions/3.9.21/lib/python3.9/site-packages/airflow/example_dags/example_bash_decorator.py for tasks to queue
[2025-03-08T02:35:59.988+0700] {logging_mixin.py:190} INFO - [2025-03-08T02:35:59.988+0700] {dagbag.py:588} INFO - Filling up the DagBag from /home/dataengineer/.pyenv/versions/3.9.21/lib/python3.9/site-packages/airflow/example_dags/example_bash_decorator.py
[2025-03-08T02:36:00.005+0700] {processor.py:925} INFO - DAG(s) 'example_bash_decorator' retrieved from /home/dataengineer/.pyenv/versions/3.9.21/lib/python3.9/site-packages/airflow/example_dags/example_bash_decorator.py
[2025-03-08T02:36:00.023+0700] {logging_mixin.py:190} INFO - [2025-03-08T02:36:00.022+0700] {dag.py:3239} INFO - Sync 1 DAGs
[2025-03-08T02:36:00.035+0700] {logging_mixin.py:190} INFO - [2025-03-08T02:36:00.034+0700] {dag.py:4180} INFO - Setting next_dagrun for example_bash_decorator to None, run_after=None
[2025-03-08T02:36:00.054+0700] {processor.py:208} INFO - Processing /home/dataengineer/.pyenv/versions/3.9.21/lib/python3.9/site-packages/airflow/example_dags/example_bash_decorator.py took 0.074 seconds
[2025-03-08T02:37:01.036+0700] {processor.py:186} INFO - Started process (PID=71284) to work on /home/dataengineer/.pyenv/versions/3.9.21/lib/python3.9/site-packages/airflow/example_dags/example_bash_decorator.py
[2025-03-08T02:37:01.038+0700] {processor.py:914} INFO - Processing file /home/dataengineer/.pyenv/versions/3.9.21/lib/python3.9/site-packages/airflow/example_dags/example_bash_decorator.py for tasks to queue
[2025-03-08T02:37:01.039+0700] {logging_mixin.py:190} INFO - [2025-03-08T02:37:01.039+0700] {dagbag.py:588} INFO - Filling up the DagBag from /home/dataengineer/.pyenv/versions/3.9.21/lib/python3.9/site-packages/airflow/example_dags/example_bash_decorator.py
[2025-03-08T02:37:01.054+0700] {processor.py:925} INFO - DAG(s) 'example_bash_decorator' retrieved from /home/dataengineer/.pyenv/versions/3.9.21/lib/python3.9/site-packages/airflow/example_dags/example_bash_decorator.py
[2025-03-08T02:37:01.071+0700] {logging_mixin.py:190} INFO - [2025-03-08T02:37:01.070+0700] {dag.py:3239} INFO - Sync 1 DAGs
[2025-03-08T02:37:01.083+0700] {logging_mixin.py:190} INFO - [2025-03-08T02:37:01.082+0700] {dag.py:4180} INFO - Setting next_dagrun for example_bash_decorator to None, run_after=None
[2025-03-08T02:37:01.101+0700] {processor.py:208} INFO - Processing /home/dataengineer/.pyenv/versions/3.9.21/lib/python3.9/site-packages/airflow/example_dags/example_bash_decorator.py took 0.071 seconds
[2025-03-08T02:38:05.739+0700] {processor.py:186} INFO - Started process (PID=71725) to work on /home/dataengineer/.pyenv/versions/3.9.21/lib/python3.9/site-packages/airflow/example_dags/example_bash_decorator.py
[2025-03-08T02:38:05.740+0700] {processor.py:914} INFO - Processing file /home/dataengineer/.pyenv/versions/3.9.21/lib/python3.9/site-packages/airflow/example_dags/example_bash_decorator.py for tasks to queue
[2025-03-08T02:38:05.742+0700] {logging_mixin.py:190} INFO - [2025-03-08T02:38:05.742+0700] {dagbag.py:588} INFO - Filling up the DagBag from /home/dataengineer/.pyenv/versions/3.9.21/lib/python3.9/site-packages/airflow/example_dags/example_bash_decorator.py
[2025-03-08T02:38:05.756+0700] {processor.py:925} INFO - DAG(s) 'example_bash_decorator' retrieved from /home/dataengineer/.pyenv/versions/3.9.21/lib/python3.9/site-packages/airflow/example_dags/example_bash_decorator.py
[2025-03-08T02:38:05.773+0700] {logging_mixin.py:190} INFO - [2025-03-08T02:38:05.773+0700] {dag.py:3239} INFO - Sync 1 DAGs
[2025-03-08T02:38:05.786+0700] {logging_mixin.py:190} INFO - [2025-03-08T02:38:05.786+0700] {dag.py:4180} INFO - Setting next_dagrun for example_bash_decorator to None, run_after=None
[2025-03-08T02:38:05.806+0700] {processor.py:208} INFO - Processing /home/dataengineer/.pyenv/versions/3.9.21/lib/python3.9/site-packages/airflow/example_dags/example_bash_decorator.py took 0.073 seconds
[2025-03-08T02:39:04.857+0700] {processor.py:186} INFO - Started process (PID=72462) to work on /home/dataengineer/.pyenv/versions/3.9.21/lib/python3.9/site-packages/airflow/example_dags/example_bash_decorator.py
[2025-03-08T02:39:04.858+0700] {processor.py:914} INFO - Processing file /home/dataengineer/.pyenv/versions/3.9.21/lib/python3.9/site-packages/airflow/example_dags/example_bash_decorator.py for tasks to queue
[2025-03-08T02:39:04.861+0700] {logging_mixin.py:190} INFO - [2025-03-08T02:39:04.860+0700] {dagbag.py:588} INFO - Filling up the DagBag from /home/dataengineer/.pyenv/versions/3.9.21/lib/python3.9/site-packages/airflow/example_dags/example_bash_decorator.py
[2025-03-08T02:39:04.877+0700] {processor.py:925} INFO - DAG(s) 'example_bash_decorator' retrieved from /home/dataengineer/.pyenv/versions/3.9.21/lib/python3.9/site-packages/airflow/example_dags/example_bash_decorator.py
[2025-03-08T02:39:04.988+0700] {logging_mixin.py:190} INFO - [2025-03-08T02:39:04.988+0700] {dag.py:3239} INFO - Sync 1 DAGs
[2025-03-08T02:39:04.999+0700] {logging_mixin.py:190} INFO - [2025-03-08T02:39:04.999+0700] {dag.py:4180} INFO - Setting next_dagrun for example_bash_decorator to None, run_after=None
[2025-03-08T02:39:05.027+0700] {processor.py:208} INFO - Processing /home/dataengineer/.pyenv/versions/3.9.21/lib/python3.9/site-packages/airflow/example_dags/example_bash_decorator.py took 0.178 seconds
