[2025-03-08T00:57:08.975+0700] {processor.py:186} INFO - Started process (PID=36524) to work on /home/dataengineer/.pyenv/versions/3.9.21/lib/python3.9/site-packages/airflow/example_dags/example_sensors.py
[2025-03-08T00:57:08.976+0700] {processor.py:914} INFO - Processing file /home/dataengineer/.pyenv/versions/3.9.21/lib/python3.9/site-packages/airflow/example_dags/example_sensors.py for tasks to queue
[2025-03-08T00:57:08.978+0700] {logging_mixin.py:190} INFO - [2025-03-08T00:57:08.977+0700] {dagbag.py:588} INFO - Filling up the DagBag from /home/dataengineer/.pyenv/versions/3.9.21/lib/python3.9/site-packages/airflow/example_dags/example_sensors.py
[2025-03-08T00:57:08.988+0700] {processor.py:925} INFO - DAG(s) 'example_sensors' retrieved from /home/dataengineer/.pyenv/versions/3.9.21/lib/python3.9/site-packages/airflow/example_dags/example_sensors.py
[2025-03-08T00:57:09.009+0700] {logging_mixin.py:190} INFO - [2025-03-08T00:57:09.009+0700] {dag.py:3239} INFO - Sync 1 DAGs
[2025-03-08T00:57:09.020+0700] {logging_mixin.py:190} INFO - [2025-03-08T00:57:09.020+0700] {dag.py:4180} INFO - Setting next_dagrun for example_sensors to None, run_after=None
[2025-03-08T00:57:09.038+0700] {processor.py:208} INFO - Processing /home/dataengineer/.pyenv/versions/3.9.21/lib/python3.9/site-packages/airflow/example_dags/example_sensors.py took 0.068 seconds
[2025-03-08T00:58:11.557+0700] {processor.py:186} INFO - Started process (PID=37130) to work on /home/dataengineer/.pyenv/versions/3.9.21/lib/python3.9/site-packages/airflow/example_dags/example_sensors.py
[2025-03-08T00:58:11.559+0700] {processor.py:914} INFO - Processing file /home/dataengineer/.pyenv/versions/3.9.21/lib/python3.9/site-packages/airflow/example_dags/example_sensors.py for tasks to queue
[2025-03-08T00:58:11.560+0700] {logging_mixin.py:190} INFO - [2025-03-08T00:58:11.560+0700] {dagbag.py:588} INFO - Filling up the DagBag from /home/dataengineer/.pyenv/versions/3.9.21/lib/python3.9/site-packages/airflow/example_dags/example_sensors.py
[2025-03-08T00:58:11.570+0700] {processor.py:925} INFO - DAG(s) 'example_sensors' retrieved from /home/dataengineer/.pyenv/versions/3.9.21/lib/python3.9/site-packages/airflow/example_dags/example_sensors.py
[2025-03-08T00:58:11.589+0700] {logging_mixin.py:190} INFO - [2025-03-08T00:58:11.588+0700] {dag.py:3239} INFO - Sync 1 DAGs
[2025-03-08T00:58:11.599+0700] {logging_mixin.py:190} INFO - [2025-03-08T00:58:11.599+0700] {dag.py:4180} INFO - Setting next_dagrun for example_sensors to None, run_after=None
[2025-03-08T00:58:11.617+0700] {processor.py:208} INFO - Processing /home/dataengineer/.pyenv/versions/3.9.21/lib/python3.9/site-packages/airflow/example_dags/example_sensors.py took 0.065 seconds
[2025-03-08T00:59:13.346+0700] {processor.py:186} INFO - Started process (PID=37559) to work on /home/dataengineer/.pyenv/versions/3.9.21/lib/python3.9/site-packages/airflow/example_dags/example_sensors.py
[2025-03-08T00:59:13.348+0700] {processor.py:914} INFO - Processing file /home/dataengineer/.pyenv/versions/3.9.21/lib/python3.9/site-packages/airflow/example_dags/example_sensors.py for tasks to queue
[2025-03-08T00:59:13.349+0700] {logging_mixin.py:190} INFO - [2025-03-08T00:59:13.349+0700] {dagbag.py:588} INFO - Filling up the DagBag from /home/dataengineer/.pyenv/versions/3.9.21/lib/python3.9/site-packages/airflow/example_dags/example_sensors.py
[2025-03-08T00:59:13.360+0700] {processor.py:925} INFO - DAG(s) 'example_sensors' retrieved from /home/dataengineer/.pyenv/versions/3.9.21/lib/python3.9/site-packages/airflow/example_dags/example_sensors.py
[2025-03-08T00:59:13.378+0700] {logging_mixin.py:190} INFO - [2025-03-08T00:59:13.378+0700] {dag.py:3239} INFO - Sync 1 DAGs
[2025-03-08T00:59:13.389+0700] {logging_mixin.py:190} INFO - [2025-03-08T00:59:13.388+0700] {dag.py:4180} INFO - Setting next_dagrun for example_sensors to None, run_after=None
[2025-03-08T00:59:13.407+0700] {processor.py:208} INFO - Processing /home/dataengineer/.pyenv/versions/3.9.21/lib/python3.9/site-packages/airflow/example_dags/example_sensors.py took 0.066 seconds
[2025-03-08T01:00:15.043+0700] {processor.py:186} INFO - Started process (PID=37987) to work on /home/dataengineer/.pyenv/versions/3.9.21/lib/python3.9/site-packages/airflow/example_dags/example_sensors.py
[2025-03-08T01:00:15.044+0700] {processor.py:914} INFO - Processing file /home/dataengineer/.pyenv/versions/3.9.21/lib/python3.9/site-packages/airflow/example_dags/example_sensors.py for tasks to queue
[2025-03-08T01:00:15.045+0700] {logging_mixin.py:190} INFO - [2025-03-08T01:00:15.045+0700] {dagbag.py:588} INFO - Filling up the DagBag from /home/dataengineer/.pyenv/versions/3.9.21/lib/python3.9/site-packages/airflow/example_dags/example_sensors.py
[2025-03-08T01:00:15.056+0700] {processor.py:925} INFO - DAG(s) 'example_sensors' retrieved from /home/dataengineer/.pyenv/versions/3.9.21/lib/python3.9/site-packages/airflow/example_dags/example_sensors.py
[2025-03-08T01:00:15.074+0700] {logging_mixin.py:190} INFO - [2025-03-08T01:00:15.074+0700] {dag.py:3239} INFO - Sync 1 DAGs
[2025-03-08T01:00:15.085+0700] {logging_mixin.py:190} INFO - [2025-03-08T01:00:15.085+0700] {dag.py:4180} INFO - Setting next_dagrun for example_sensors to None, run_after=None
[2025-03-08T01:00:15.104+0700] {processor.py:208} INFO - Processing /home/dataengineer/.pyenv/versions/3.9.21/lib/python3.9/site-packages/airflow/example_dags/example_sensors.py took 0.067 seconds
[2025-03-08T01:01:16.704+0700] {processor.py:186} INFO - Started process (PID=38419) to work on /home/dataengineer/.pyenv/versions/3.9.21/lib/python3.9/site-packages/airflow/example_dags/example_sensors.py
[2025-03-08T01:01:16.705+0700] {processor.py:914} INFO - Processing file /home/dataengineer/.pyenv/versions/3.9.21/lib/python3.9/site-packages/airflow/example_dags/example_sensors.py for tasks to queue
[2025-03-08T01:01:16.707+0700] {logging_mixin.py:190} INFO - [2025-03-08T01:01:16.706+0700] {dagbag.py:588} INFO - Filling up the DagBag from /home/dataengineer/.pyenv/versions/3.9.21/lib/python3.9/site-packages/airflow/example_dags/example_sensors.py
[2025-03-08T01:01:16.717+0700] {processor.py:925} INFO - DAG(s) 'example_sensors' retrieved from /home/dataengineer/.pyenv/versions/3.9.21/lib/python3.9/site-packages/airflow/example_dags/example_sensors.py
[2025-03-08T01:01:16.736+0700] {logging_mixin.py:190} INFO - [2025-03-08T01:01:16.736+0700] {dag.py:3239} INFO - Sync 1 DAGs
[2025-03-08T01:01:16.747+0700] {logging_mixin.py:190} INFO - [2025-03-08T01:01:16.747+0700] {dag.py:4180} INFO - Setting next_dagrun for example_sensors to None, run_after=None
[2025-03-08T01:01:16.766+0700] {processor.py:208} INFO - Processing /home/dataengineer/.pyenv/versions/3.9.21/lib/python3.9/site-packages/airflow/example_dags/example_sensors.py took 0.067 seconds
[2025-03-08T01:02:18.388+0700] {processor.py:186} INFO - Started process (PID=38940) to work on /home/dataengineer/.pyenv/versions/3.9.21/lib/python3.9/site-packages/airflow/example_dags/example_sensors.py
[2025-03-08T01:02:18.389+0700] {processor.py:914} INFO - Processing file /home/dataengineer/.pyenv/versions/3.9.21/lib/python3.9/site-packages/airflow/example_dags/example_sensors.py for tasks to queue
[2025-03-08T01:02:18.391+0700] {logging_mixin.py:190} INFO - [2025-03-08T01:02:18.391+0700] {dagbag.py:588} INFO - Filling up the DagBag from /home/dataengineer/.pyenv/versions/3.9.21/lib/python3.9/site-packages/airflow/example_dags/example_sensors.py
[2025-03-08T01:02:18.402+0700] {processor.py:925} INFO - DAG(s) 'example_sensors' retrieved from /home/dataengineer/.pyenv/versions/3.9.21/lib/python3.9/site-packages/airflow/example_dags/example_sensors.py
[2025-03-08T01:02:18.421+0700] {logging_mixin.py:190} INFO - [2025-03-08T01:02:18.420+0700] {dag.py:3239} INFO - Sync 1 DAGs
[2025-03-08T01:02:18.432+0700] {logging_mixin.py:190} INFO - [2025-03-08T01:02:18.432+0700] {dag.py:4180} INFO - Setting next_dagrun for example_sensors to None, run_after=None
[2025-03-08T01:02:18.451+0700] {processor.py:208} INFO - Processing /home/dataengineer/.pyenv/versions/3.9.21/lib/python3.9/site-packages/airflow/example_dags/example_sensors.py took 0.068 seconds
[2025-03-08T01:03:19.200+0700] {processor.py:186} INFO - Started process (PID=39555) to work on /home/dataengineer/.pyenv/versions/3.9.21/lib/python3.9/site-packages/airflow/example_dags/example_sensors.py
[2025-03-08T01:03:19.201+0700] {processor.py:914} INFO - Processing file /home/dataengineer/.pyenv/versions/3.9.21/lib/python3.9/site-packages/airflow/example_dags/example_sensors.py for tasks to queue
[2025-03-08T01:03:19.203+0700] {logging_mixin.py:190} INFO - [2025-03-08T01:03:19.203+0700] {dagbag.py:588} INFO - Filling up the DagBag from /home/dataengineer/.pyenv/versions/3.9.21/lib/python3.9/site-packages/airflow/example_dags/example_sensors.py
[2025-03-08T01:03:19.214+0700] {processor.py:925} INFO - DAG(s) 'example_sensors' retrieved from /home/dataengineer/.pyenv/versions/3.9.21/lib/python3.9/site-packages/airflow/example_dags/example_sensors.py
[2025-03-08T01:03:19.233+0700] {logging_mixin.py:190} INFO - [2025-03-08T01:03:19.233+0700] {dag.py:3239} INFO - Sync 1 DAGs
[2025-03-08T01:03:19.245+0700] {logging_mixin.py:190} INFO - [2025-03-08T01:03:19.245+0700] {dag.py:4180} INFO - Setting next_dagrun for example_sensors to None, run_after=None
[2025-03-08T01:03:19.262+0700] {processor.py:208} INFO - Processing /home/dataengineer/.pyenv/versions/3.9.21/lib/python3.9/site-packages/airflow/example_dags/example_sensors.py took 0.068 seconds
[2025-03-08T01:04:20.386+0700] {processor.py:186} INFO - Started process (PID=41250) to work on /home/dataengineer/.pyenv/versions/3.9.21/lib/python3.9/site-packages/airflow/example_dags/example_sensors.py
[2025-03-08T01:04:20.387+0700] {processor.py:914} INFO - Processing file /home/dataengineer/.pyenv/versions/3.9.21/lib/python3.9/site-packages/airflow/example_dags/example_sensors.py for tasks to queue
[2025-03-08T01:04:20.389+0700] {logging_mixin.py:190} INFO - [2025-03-08T01:04:20.389+0700] {dagbag.py:588} INFO - Filling up the DagBag from /home/dataengineer/.pyenv/versions/3.9.21/lib/python3.9/site-packages/airflow/example_dags/example_sensors.py
[2025-03-08T01:04:20.400+0700] {processor.py:925} INFO - DAG(s) 'example_sensors' retrieved from /home/dataengineer/.pyenv/versions/3.9.21/lib/python3.9/site-packages/airflow/example_dags/example_sensors.py
[2025-03-08T01:04:20.419+0700] {logging_mixin.py:190} INFO - [2025-03-08T01:04:20.418+0700] {dag.py:3239} INFO - Sync 1 DAGs
[2025-03-08T01:04:20.430+0700] {logging_mixin.py:190} INFO - [2025-03-08T01:04:20.430+0700] {dag.py:4180} INFO - Setting next_dagrun for example_sensors to None, run_after=None
[2025-03-08T01:04:20.449+0700] {processor.py:208} INFO - Processing /home/dataengineer/.pyenv/versions/3.9.21/lib/python3.9/site-packages/airflow/example_dags/example_sensors.py took 0.069 seconds
[2025-03-08T02:29:39.704+0700] {processor.py:186} INFO - Started process (PID=67673) to work on /home/dataengineer/.pyenv/versions/3.9.21/lib/python3.9/site-packages/airflow/example_dags/example_sensors.py
[2025-03-08T02:29:39.705+0700] {processor.py:914} INFO - Processing file /home/dataengineer/.pyenv/versions/3.9.21/lib/python3.9/site-packages/airflow/example_dags/example_sensors.py for tasks to queue
[2025-03-08T02:29:39.707+0700] {logging_mixin.py:190} INFO - [2025-03-08T02:29:39.707+0700] {dagbag.py:588} INFO - Filling up the DagBag from /home/dataengineer/.pyenv/versions/3.9.21/lib/python3.9/site-packages/airflow/example_dags/example_sensors.py
[2025-03-08T02:29:39.717+0700] {processor.py:925} INFO - DAG(s) 'example_sensors' retrieved from /home/dataengineer/.pyenv/versions/3.9.21/lib/python3.9/site-packages/airflow/example_dags/example_sensors.py
[2025-03-08T02:29:39.738+0700] {logging_mixin.py:190} INFO - [2025-03-08T02:29:39.737+0700] {dag.py:3239} INFO - Sync 1 DAGs
[2025-03-08T02:29:39.749+0700] {logging_mixin.py:190} INFO - [2025-03-08T02:29:39.748+0700] {dag.py:4180} INFO - Setting next_dagrun for example_sensors to None, run_after=None
[2025-03-08T02:29:39.767+0700] {processor.py:208} INFO - Processing /home/dataengineer/.pyenv/versions/3.9.21/lib/python3.9/site-packages/airflow/example_dags/example_sensors.py took 0.069 seconds
[2025-03-08T02:30:38.040+0700] {processor.py:186} INFO - Started process (PID=68093) to work on /home/dataengineer/.pyenv/versions/3.9.21/lib/python3.9/site-packages/airflow/example_dags/example_sensors.py
[2025-03-08T02:30:38.042+0700] {processor.py:914} INFO - Processing file /home/dataengineer/.pyenv/versions/3.9.21/lib/python3.9/site-packages/airflow/example_dags/example_sensors.py for tasks to queue
[2025-03-08T02:30:38.043+0700] {logging_mixin.py:190} INFO - [2025-03-08T02:30:38.043+0700] {dagbag.py:588} INFO - Filling up the DagBag from /home/dataengineer/.pyenv/versions/3.9.21/lib/python3.9/site-packages/airflow/example_dags/example_sensors.py
[2025-03-08T02:30:38.055+0700] {processor.py:925} INFO - DAG(s) 'example_sensors' retrieved from /home/dataengineer/.pyenv/versions/3.9.21/lib/python3.9/site-packages/airflow/example_dags/example_sensors.py
[2025-03-08T02:30:38.074+0700] {logging_mixin.py:190} INFO - [2025-03-08T02:30:38.074+0700] {dag.py:3239} INFO - Sync 1 DAGs
[2025-03-08T02:30:38.085+0700] {logging_mixin.py:190} INFO - [2025-03-08T02:30:38.085+0700] {dag.py:4180} INFO - Setting next_dagrun for example_sensors to None, run_after=None
[2025-03-08T02:30:38.105+0700] {processor.py:208} INFO - Processing /home/dataengineer/.pyenv/versions/3.9.21/lib/python3.9/site-packages/airflow/example_dags/example_sensors.py took 0.070 seconds
[2025-03-08T02:31:34.842+0700] {processor.py:186} INFO - Started process (PID=68828) to work on /home/dataengineer/.pyenv/versions/3.9.21/lib/python3.9/site-packages/airflow/example_dags/example_sensors.py
[2025-03-08T02:31:34.844+0700] {processor.py:914} INFO - Processing file /home/dataengineer/.pyenv/versions/3.9.21/lib/python3.9/site-packages/airflow/example_dags/example_sensors.py for tasks to queue
[2025-03-08T02:31:34.847+0700] {logging_mixin.py:190} INFO - [2025-03-08T02:31:34.846+0700] {dagbag.py:588} INFO - Filling up the DagBag from /home/dataengineer/.pyenv/versions/3.9.21/lib/python3.9/site-packages/airflow/example_dags/example_sensors.py
[2025-03-08T02:31:34.863+0700] {processor.py:925} INFO - DAG(s) 'example_sensors' retrieved from /home/dataengineer/.pyenv/versions/3.9.21/lib/python3.9/site-packages/airflow/example_dags/example_sensors.py
[2025-03-08T02:31:34.892+0700] {logging_mixin.py:190} INFO - [2025-03-08T02:31:34.892+0700] {dag.py:3239} INFO - Sync 1 DAGs
[2025-03-08T02:31:34.907+0700] {logging_mixin.py:190} INFO - [2025-03-08T02:31:34.906+0700] {dag.py:4180} INFO - Setting next_dagrun for example_sensors to None, run_after=None
[2025-03-08T02:31:34.935+0700] {processor.py:208} INFO - Processing /home/dataengineer/.pyenv/versions/3.9.21/lib/python3.9/site-packages/airflow/example_dags/example_sensors.py took 0.100 seconds
[2025-03-08T02:32:30.770+0700] {processor.py:186} INFO - Started process (PID=69090) to work on /home/dataengineer/.pyenv/versions/3.9.21/lib/python3.9/site-packages/airflow/example_dags/example_sensors.py
[2025-03-08T02:32:30.771+0700] {processor.py:914} INFO - Processing file /home/dataengineer/.pyenv/versions/3.9.21/lib/python3.9/site-packages/airflow/example_dags/example_sensors.py for tasks to queue
[2025-03-08T02:32:30.772+0700] {logging_mixin.py:190} INFO - [2025-03-08T02:32:30.772+0700] {dagbag.py:588} INFO - Filling up the DagBag from /home/dataengineer/.pyenv/versions/3.9.21/lib/python3.9/site-packages/airflow/example_dags/example_sensors.py
[2025-03-08T02:32:30.784+0700] {processor.py:925} INFO - DAG(s) 'example_sensors' retrieved from /home/dataengineer/.pyenv/versions/3.9.21/lib/python3.9/site-packages/airflow/example_dags/example_sensors.py
[2025-03-08T02:32:30.806+0700] {logging_mixin.py:190} INFO - [2025-03-08T02:32:30.806+0700] {dag.py:3239} INFO - Sync 1 DAGs
[2025-03-08T02:32:30.819+0700] {logging_mixin.py:190} INFO - [2025-03-08T02:32:30.819+0700] {dag.py:4180} INFO - Setting next_dagrun for example_sensors to None, run_after=None
[2025-03-08T02:32:30.838+0700] {processor.py:208} INFO - Processing /home/dataengineer/.pyenv/versions/3.9.21/lib/python3.9/site-packages/airflow/example_dags/example_sensors.py took 0.075 seconds
[2025-03-08T02:33:29.823+0700] {processor.py:186} INFO - Started process (PID=69345) to work on /home/dataengineer/.pyenv/versions/3.9.21/lib/python3.9/site-packages/airflow/example_dags/example_sensors.py
[2025-03-08T02:33:29.824+0700] {processor.py:914} INFO - Processing file /home/dataengineer/.pyenv/versions/3.9.21/lib/python3.9/site-packages/airflow/example_dags/example_sensors.py for tasks to queue
[2025-03-08T02:33:29.825+0700] {logging_mixin.py:190} INFO - [2025-03-08T02:33:29.825+0700] {dagbag.py:588} INFO - Filling up the DagBag from /home/dataengineer/.pyenv/versions/3.9.21/lib/python3.9/site-packages/airflow/example_dags/example_sensors.py
[2025-03-08T02:33:29.836+0700] {processor.py:925} INFO - DAG(s) 'example_sensors' retrieved from /home/dataengineer/.pyenv/versions/3.9.21/lib/python3.9/site-packages/airflow/example_dags/example_sensors.py
[2025-03-08T02:33:29.854+0700] {logging_mixin.py:190} INFO - [2025-03-08T02:33:29.854+0700] {dag.py:3239} INFO - Sync 1 DAGs
[2025-03-08T02:33:29.865+0700] {logging_mixin.py:190} INFO - [2025-03-08T02:33:29.865+0700] {dag.py:4180} INFO - Setting next_dagrun for example_sensors to None, run_after=None
[2025-03-08T02:33:29.883+0700] {processor.py:208} INFO - Processing /home/dataengineer/.pyenv/versions/3.9.21/lib/python3.9/site-packages/airflow/example_dags/example_sensors.py took 0.066 seconds
[2025-03-08T02:35:04.449+0700] {processor.py:186} INFO - Started process (PID=70430) to work on /home/dataengineer/.pyenv/versions/3.9.21/lib/python3.9/site-packages/airflow/example_dags/example_sensors.py
[2025-03-08T02:35:04.450+0700] {processor.py:914} INFO - Processing file /home/dataengineer/.pyenv/versions/3.9.21/lib/python3.9/site-packages/airflow/example_dags/example_sensors.py for tasks to queue
[2025-03-08T02:35:04.452+0700] {logging_mixin.py:190} INFO - [2025-03-08T02:35:04.451+0700] {dagbag.py:588} INFO - Filling up the DagBag from /home/dataengineer/.pyenv/versions/3.9.21/lib/python3.9/site-packages/airflow/example_dags/example_sensors.py
[2025-03-08T02:35:04.464+0700] {processor.py:925} INFO - DAG(s) 'example_sensors' retrieved from /home/dataengineer/.pyenv/versions/3.9.21/lib/python3.9/site-packages/airflow/example_dags/example_sensors.py
[2025-03-08T02:35:04.486+0700] {logging_mixin.py:190} INFO - [2025-03-08T02:35:04.486+0700] {dag.py:3239} INFO - Sync 1 DAGs
[2025-03-08T02:35:04.498+0700] {logging_mixin.py:190} INFO - [2025-03-08T02:35:04.498+0700] {dag.py:4180} INFO - Setting next_dagrun for example_sensors to None, run_after=None
[2025-03-08T02:35:04.520+0700] {processor.py:208} INFO - Processing /home/dataengineer/.pyenv/versions/3.9.21/lib/python3.9/site-packages/airflow/example_dags/example_sensors.py took 0.077 seconds
[2025-03-08T02:36:05.128+0700] {processor.py:186} INFO - Started process (PID=70862) to work on /home/dataengineer/.pyenv/versions/3.9.21/lib/python3.9/site-packages/airflow/example_dags/example_sensors.py
[2025-03-08T02:36:05.130+0700] {processor.py:914} INFO - Processing file /home/dataengineer/.pyenv/versions/3.9.21/lib/python3.9/site-packages/airflow/example_dags/example_sensors.py for tasks to queue
[2025-03-08T02:36:05.131+0700] {logging_mixin.py:190} INFO - [2025-03-08T02:36:05.131+0700] {dagbag.py:588} INFO - Filling up the DagBag from /home/dataengineer/.pyenv/versions/3.9.21/lib/python3.9/site-packages/airflow/example_dags/example_sensors.py
[2025-03-08T02:36:05.142+0700] {processor.py:925} INFO - DAG(s) 'example_sensors' retrieved from /home/dataengineer/.pyenv/versions/3.9.21/lib/python3.9/site-packages/airflow/example_dags/example_sensors.py
[2025-03-08T02:36:05.160+0700] {logging_mixin.py:190} INFO - [2025-03-08T02:36:05.160+0700] {dag.py:3239} INFO - Sync 1 DAGs
[2025-03-08T02:36:05.171+0700] {logging_mixin.py:190} INFO - [2025-03-08T02:36:05.171+0700] {dag.py:4180} INFO - Setting next_dagrun for example_sensors to None, run_after=None
[2025-03-08T02:36:05.191+0700] {processor.py:208} INFO - Processing /home/dataengineer/.pyenv/versions/3.9.21/lib/python3.9/site-packages/airflow/example_dags/example_sensors.py took 0.068 seconds
[2025-03-08T02:37:05.855+0700] {processor.py:186} INFO - Started process (PID=71303) to work on /home/dataengineer/.pyenv/versions/3.9.21/lib/python3.9/site-packages/airflow/example_dags/example_sensors.py
[2025-03-08T02:37:05.856+0700] {processor.py:914} INFO - Processing file /home/dataengineer/.pyenv/versions/3.9.21/lib/python3.9/site-packages/airflow/example_dags/example_sensors.py for tasks to queue
[2025-03-08T02:37:05.858+0700] {logging_mixin.py:190} INFO - [2025-03-08T02:37:05.857+0700] {dagbag.py:588} INFO - Filling up the DagBag from /home/dataengineer/.pyenv/versions/3.9.21/lib/python3.9/site-packages/airflow/example_dags/example_sensors.py
[2025-03-08T02:37:05.868+0700] {processor.py:925} INFO - DAG(s) 'example_sensors' retrieved from /home/dataengineer/.pyenv/versions/3.9.21/lib/python3.9/site-packages/airflow/example_dags/example_sensors.py
[2025-03-08T02:37:05.888+0700] {logging_mixin.py:190} INFO - [2025-03-08T02:37:05.888+0700] {dag.py:3239} INFO - Sync 1 DAGs
[2025-03-08T02:37:05.900+0700] {logging_mixin.py:190} INFO - [2025-03-08T02:37:05.899+0700] {dag.py:4180} INFO - Setting next_dagrun for example_sensors to None, run_after=None
[2025-03-08T02:37:05.918+0700] {processor.py:208} INFO - Processing /home/dataengineer/.pyenv/versions/3.9.21/lib/python3.9/site-packages/airflow/example_dags/example_sensors.py took 0.069 seconds
[2025-03-08T02:38:10.892+0700] {processor.py:186} INFO - Started process (PID=71748) to work on /home/dataengineer/.pyenv/versions/3.9.21/lib/python3.9/site-packages/airflow/example_dags/example_sensors.py
[2025-03-08T02:38:10.893+0700] {processor.py:914} INFO - Processing file /home/dataengineer/.pyenv/versions/3.9.21/lib/python3.9/site-packages/airflow/example_dags/example_sensors.py for tasks to queue
[2025-03-08T02:38:10.895+0700] {logging_mixin.py:190} INFO - [2025-03-08T02:38:10.895+0700] {dagbag.py:588} INFO - Filling up the DagBag from /home/dataengineer/.pyenv/versions/3.9.21/lib/python3.9/site-packages/airflow/example_dags/example_sensors.py
[2025-03-08T02:38:10.907+0700] {processor.py:925} INFO - DAG(s) 'example_sensors' retrieved from /home/dataengineer/.pyenv/versions/3.9.21/lib/python3.9/site-packages/airflow/example_dags/example_sensors.py
[2025-03-08T02:38:10.929+0700] {logging_mixin.py:190} INFO - [2025-03-08T02:38:10.929+0700] {dag.py:3239} INFO - Sync 1 DAGs
[2025-03-08T02:38:10.944+0700] {logging_mixin.py:190} INFO - [2025-03-08T02:38:10.944+0700] {dag.py:4180} INFO - Setting next_dagrun for example_sensors to None, run_after=None
[2025-03-08T02:38:10.967+0700] {processor.py:208} INFO - Processing /home/dataengineer/.pyenv/versions/3.9.21/lib/python3.9/site-packages/airflow/example_dags/example_sensors.py took 0.081 seconds
[2025-03-08T02:39:10.103+0700] {processor.py:186} INFO - Started process (PID=72487) to work on /home/dataengineer/.pyenv/versions/3.9.21/lib/python3.9/site-packages/airflow/example_dags/example_sensors.py
[2025-03-08T02:39:10.104+0700] {processor.py:914} INFO - Processing file /home/dataengineer/.pyenv/versions/3.9.21/lib/python3.9/site-packages/airflow/example_dags/example_sensors.py for tasks to queue
[2025-03-08T02:39:10.107+0700] {logging_mixin.py:190} INFO - [2025-03-08T02:39:10.106+0700] {dagbag.py:588} INFO - Filling up the DagBag from /home/dataengineer/.pyenv/versions/3.9.21/lib/python3.9/site-packages/airflow/example_dags/example_sensors.py
[2025-03-08T02:39:10.119+0700] {processor.py:925} INFO - DAG(s) 'example_sensors' retrieved from /home/dataengineer/.pyenv/versions/3.9.21/lib/python3.9/site-packages/airflow/example_dags/example_sensors.py
[2025-03-08T02:39:10.142+0700] {logging_mixin.py:190} INFO - [2025-03-08T02:39:10.142+0700] {dag.py:3239} INFO - Sync 1 DAGs
[2025-03-08T02:39:10.156+0700] {logging_mixin.py:190} INFO - [2025-03-08T02:39:10.156+0700] {dag.py:4180} INFO - Setting next_dagrun for example_sensors to None, run_after=None
[2025-03-08T02:39:10.179+0700] {processor.py:208} INFO - Processing /home/dataengineer/.pyenv/versions/3.9.21/lib/python3.9/site-packages/airflow/example_dags/example_sensors.py took 0.082 seconds
