[2025-03-08T00:56:44.043+0700] {processor.py:186} INFO - Started process (PID=36361) to work on /home/dataengineer/.pyenv/versions/3.9.21/lib/python3.9/site-packages/airflow/example_dags/example_trigger_target_dag.py
[2025-03-08T00:56:44.044+0700] {processor.py:914} INFO - Processing file /home/dataengineer/.pyenv/versions/3.9.21/lib/python3.9/site-packages/airflow/example_dags/example_trigger_target_dag.py for tasks to queue
[2025-03-08T00:56:44.046+0700] {logging_mixin.py:190} INFO - [2025-03-08T00:56:44.046+0700] {dagbag.py:588} INFO - Filling up the DagBag from /home/dataengineer/.pyenv/versions/3.9.21/lib/python3.9/site-packages/airflow/example_dags/example_trigger_target_dag.py
[2025-03-08T00:56:44.055+0700] {processor.py:925} INFO - DAG(s) 'example_trigger_target_dag' retrieved from /home/dataengineer/.pyenv/versions/3.9.21/lib/python3.9/site-packages/airflow/example_dags/example_trigger_target_dag.py
[2025-03-08T00:56:44.071+0700] {logging_mixin.py:190} INFO - [2025-03-08T00:56:44.071+0700] {dag.py:3239} INFO - Sync 1 DAGs
[2025-03-08T00:56:44.085+0700] {logging_mixin.py:190} INFO - [2025-03-08T00:56:44.085+0700] {dag.py:4180} INFO - Setting next_dagrun for example_trigger_target_dag to None, run_after=None
[2025-03-08T00:56:44.107+0700] {processor.py:208} INFO - Processing /home/dataengineer/.pyenv/versions/3.9.21/lib/python3.9/site-packages/airflow/example_dags/example_trigger_target_dag.py took 0.070 seconds
[2025-03-08T00:57:50.274+0700] {processor.py:186} INFO - Started process (PID=37011) to work on /home/dataengineer/.pyenv/versions/3.9.21/lib/python3.9/site-packages/airflow/example_dags/example_trigger_target_dag.py
[2025-03-08T00:57:50.275+0700] {processor.py:914} INFO - Processing file /home/dataengineer/.pyenv/versions/3.9.21/lib/python3.9/site-packages/airflow/example_dags/example_trigger_target_dag.py for tasks to queue
[2025-03-08T00:57:50.277+0700] {logging_mixin.py:190} INFO - [2025-03-08T00:57:50.277+0700] {dagbag.py:588} INFO - Filling up the DagBag from /home/dataengineer/.pyenv/versions/3.9.21/lib/python3.9/site-packages/airflow/example_dags/example_trigger_target_dag.py
[2025-03-08T00:57:50.284+0700] {processor.py:925} INFO - DAG(s) 'example_trigger_target_dag' retrieved from /home/dataengineer/.pyenv/versions/3.9.21/lib/python3.9/site-packages/airflow/example_dags/example_trigger_target_dag.py
[2025-03-08T00:57:50.295+0700] {logging_mixin.py:190} INFO - [2025-03-08T00:57:50.295+0700] {dag.py:3239} INFO - Sync 1 DAGs
[2025-03-08T00:57:50.306+0700] {logging_mixin.py:190} INFO - [2025-03-08T00:57:50.306+0700] {dag.py:4180} INFO - Setting next_dagrun for example_trigger_target_dag to None, run_after=None
[2025-03-08T00:57:50.325+0700] {processor.py:208} INFO - Processing /home/dataengineer/.pyenv/versions/3.9.21/lib/python3.9/site-packages/airflow/example_dags/example_trigger_target_dag.py took 0.056 seconds
[2025-03-08T00:58:51.044+0700] {processor.py:186} INFO - Started process (PID=37470) to work on /home/dataengineer/.pyenv/versions/3.9.21/lib/python3.9/site-packages/airflow/example_dags/example_trigger_target_dag.py
[2025-03-08T00:58:51.045+0700] {processor.py:914} INFO - Processing file /home/dataengineer/.pyenv/versions/3.9.21/lib/python3.9/site-packages/airflow/example_dags/example_trigger_target_dag.py for tasks to queue
[2025-03-08T00:58:51.046+0700] {logging_mixin.py:190} INFO - [2025-03-08T00:58:51.046+0700] {dagbag.py:588} INFO - Filling up the DagBag from /home/dataengineer/.pyenv/versions/3.9.21/lib/python3.9/site-packages/airflow/example_dags/example_trigger_target_dag.py
[2025-03-08T00:58:51.053+0700] {processor.py:925} INFO - DAG(s) 'example_trigger_target_dag' retrieved from /home/dataengineer/.pyenv/versions/3.9.21/lib/python3.9/site-packages/airflow/example_dags/example_trigger_target_dag.py
[2025-03-08T00:58:51.065+0700] {logging_mixin.py:190} INFO - [2025-03-08T00:58:51.065+0700] {dag.py:3239} INFO - Sync 1 DAGs
[2025-03-08T00:58:51.076+0700] {logging_mixin.py:190} INFO - [2025-03-08T00:58:51.076+0700] {dag.py:4180} INFO - Setting next_dagrun for example_trigger_target_dag to None, run_after=None
[2025-03-08T00:58:51.094+0700] {processor.py:208} INFO - Processing /home/dataengineer/.pyenv/versions/3.9.21/lib/python3.9/site-packages/airflow/example_dags/example_trigger_target_dag.py took 0.056 seconds
[2025-03-08T00:59:52.727+0700] {processor.py:186} INFO - Started process (PID=37897) to work on /home/dataengineer/.pyenv/versions/3.9.21/lib/python3.9/site-packages/airflow/example_dags/example_trigger_target_dag.py
[2025-03-08T00:59:52.728+0700] {processor.py:914} INFO - Processing file /home/dataengineer/.pyenv/versions/3.9.21/lib/python3.9/site-packages/airflow/example_dags/example_trigger_target_dag.py for tasks to queue
[2025-03-08T00:59:52.730+0700] {logging_mixin.py:190} INFO - [2025-03-08T00:59:52.730+0700] {dagbag.py:588} INFO - Filling up the DagBag from /home/dataengineer/.pyenv/versions/3.9.21/lib/python3.9/site-packages/airflow/example_dags/example_trigger_target_dag.py
[2025-03-08T00:59:52.737+0700] {processor.py:925} INFO - DAG(s) 'example_trigger_target_dag' retrieved from /home/dataengineer/.pyenv/versions/3.9.21/lib/python3.9/site-packages/airflow/example_dags/example_trigger_target_dag.py
[2025-03-08T00:59:52.751+0700] {logging_mixin.py:190} INFO - [2025-03-08T00:59:52.750+0700] {dag.py:3239} INFO - Sync 1 DAGs
[2025-03-08T00:59:52.769+0700] {logging_mixin.py:190} INFO - [2025-03-08T00:59:52.769+0700] {dag.py:4180} INFO - Setting next_dagrun for example_trigger_target_dag to None, run_after=None
[2025-03-08T00:59:52.790+0700] {processor.py:208} INFO - Processing /home/dataengineer/.pyenv/versions/3.9.21/lib/python3.9/site-packages/airflow/example_dags/example_trigger_target_dag.py took 0.069 seconds
[2025-03-08T01:00:54.390+0700] {processor.py:186} INFO - Started process (PID=38329) to work on /home/dataengineer/.pyenv/versions/3.9.21/lib/python3.9/site-packages/airflow/example_dags/example_trigger_target_dag.py
[2025-03-08T01:00:54.391+0700] {processor.py:914} INFO - Processing file /home/dataengineer/.pyenv/versions/3.9.21/lib/python3.9/site-packages/airflow/example_dags/example_trigger_target_dag.py for tasks to queue
[2025-03-08T01:00:54.393+0700] {logging_mixin.py:190} INFO - [2025-03-08T01:00:54.392+0700] {dagbag.py:588} INFO - Filling up the DagBag from /home/dataengineer/.pyenv/versions/3.9.21/lib/python3.9/site-packages/airflow/example_dags/example_trigger_target_dag.py
[2025-03-08T01:00:54.400+0700] {processor.py:925} INFO - DAG(s) 'example_trigger_target_dag' retrieved from /home/dataengineer/.pyenv/versions/3.9.21/lib/python3.9/site-packages/airflow/example_dags/example_trigger_target_dag.py
[2025-03-08T01:00:54.412+0700] {logging_mixin.py:190} INFO - [2025-03-08T01:00:54.411+0700] {dag.py:3239} INFO - Sync 1 DAGs
[2025-03-08T01:00:54.423+0700] {logging_mixin.py:190} INFO - [2025-03-08T01:00:54.422+0700] {dag.py:4180} INFO - Setting next_dagrun for example_trigger_target_dag to None, run_after=None
[2025-03-08T01:00:54.440+0700] {processor.py:208} INFO - Processing /home/dataengineer/.pyenv/versions/3.9.21/lib/python3.9/site-packages/airflow/example_dags/example_trigger_target_dag.py took 0.057 seconds
[2025-03-08T01:01:56.112+0700] {processor.py:186} INFO - Started process (PID=38784) to work on /home/dataengineer/.pyenv/versions/3.9.21/lib/python3.9/site-packages/airflow/example_dags/example_trigger_target_dag.py
[2025-03-08T01:01:56.113+0700] {processor.py:914} INFO - Processing file /home/dataengineer/.pyenv/versions/3.9.21/lib/python3.9/site-packages/airflow/example_dags/example_trigger_target_dag.py for tasks to queue
[2025-03-08T01:01:56.115+0700] {logging_mixin.py:190} INFO - [2025-03-08T01:01:56.115+0700] {dagbag.py:588} INFO - Filling up the DagBag from /home/dataengineer/.pyenv/versions/3.9.21/lib/python3.9/site-packages/airflow/example_dags/example_trigger_target_dag.py
[2025-03-08T01:01:56.122+0700] {processor.py:925} INFO - DAG(s) 'example_trigger_target_dag' retrieved from /home/dataengineer/.pyenv/versions/3.9.21/lib/python3.9/site-packages/airflow/example_dags/example_trigger_target_dag.py
[2025-03-08T01:01:56.134+0700] {logging_mixin.py:190} INFO - [2025-03-08T01:01:56.134+0700] {dag.py:3239} INFO - Sync 1 DAGs
[2025-03-08T01:01:56.146+0700] {logging_mixin.py:190} INFO - [2025-03-08T01:01:56.146+0700] {dag.py:4180} INFO - Setting next_dagrun for example_trigger_target_dag to None, run_after=None
[2025-03-08T01:01:56.165+0700] {processor.py:208} INFO - Processing /home/dataengineer/.pyenv/versions/3.9.21/lib/python3.9/site-packages/airflow/example_dags/example_trigger_target_dag.py took 0.059 seconds
[2025-03-08T01:02:58.640+0700] {processor.py:186} INFO - Started process (PID=39308) to work on /home/dataengineer/.pyenv/versions/3.9.21/lib/python3.9/site-packages/airflow/example_dags/example_trigger_target_dag.py
[2025-03-08T01:02:58.641+0700] {processor.py:914} INFO - Processing file /home/dataengineer/.pyenv/versions/3.9.21/lib/python3.9/site-packages/airflow/example_dags/example_trigger_target_dag.py for tasks to queue
[2025-03-08T01:02:58.643+0700] {logging_mixin.py:190} INFO - [2025-03-08T01:02:58.643+0700] {dagbag.py:588} INFO - Filling up the DagBag from /home/dataengineer/.pyenv/versions/3.9.21/lib/python3.9/site-packages/airflow/example_dags/example_trigger_target_dag.py
[2025-03-08T01:02:58.649+0700] {processor.py:925} INFO - DAG(s) 'example_trigger_target_dag' retrieved from /home/dataengineer/.pyenv/versions/3.9.21/lib/python3.9/site-packages/airflow/example_dags/example_trigger_target_dag.py
[2025-03-08T01:02:58.660+0700] {logging_mixin.py:190} INFO - [2025-03-08T01:02:58.660+0700] {dag.py:3239} INFO - Sync 1 DAGs
[2025-03-08T01:02:58.671+0700] {logging_mixin.py:190} INFO - [2025-03-08T01:02:58.671+0700] {dag.py:4180} INFO - Setting next_dagrun for example_trigger_target_dag to None, run_after=None
[2025-03-08T01:02:58.689+0700] {processor.py:208} INFO - Processing /home/dataengineer/.pyenv/versions/3.9.21/lib/python3.9/site-packages/airflow/example_dags/example_trigger_target_dag.py took 0.054 seconds
[2025-03-08T01:03:58.168+0700] {processor.py:186} INFO - Started process (PID=40125) to work on /home/dataengineer/.pyenv/versions/3.9.21/lib/python3.9/site-packages/airflow/example_dags/example_trigger_target_dag.py
[2025-03-08T01:03:58.169+0700] {processor.py:914} INFO - Processing file /home/dataengineer/.pyenv/versions/3.9.21/lib/python3.9/site-packages/airflow/example_dags/example_trigger_target_dag.py for tasks to queue
[2025-03-08T01:03:58.172+0700] {logging_mixin.py:190} INFO - [2025-03-08T01:03:58.172+0700] {dagbag.py:588} INFO - Filling up the DagBag from /home/dataengineer/.pyenv/versions/3.9.21/lib/python3.9/site-packages/airflow/example_dags/example_trigger_target_dag.py
[2025-03-08T01:03:58.184+0700] {processor.py:925} INFO - DAG(s) 'example_trigger_target_dag' retrieved from /home/dataengineer/.pyenv/versions/3.9.21/lib/python3.9/site-packages/airflow/example_dags/example_trigger_target_dag.py
[2025-03-08T01:03:58.198+0700] {logging_mixin.py:190} INFO - [2025-03-08T01:03:58.197+0700] {dag.py:3239} INFO - Sync 1 DAGs
[2025-03-08T01:03:58.212+0700] {logging_mixin.py:190} INFO - [2025-03-08T01:03:58.211+0700] {dag.py:4180} INFO - Setting next_dagrun for example_trigger_target_dag to None, run_after=None
[2025-03-08T01:03:58.232+0700] {processor.py:208} INFO - Processing /home/dataengineer/.pyenv/versions/3.9.21/lib/python3.9/site-packages/airflow/example_dags/example_trigger_target_dag.py took 0.070 seconds
[2025-03-08T01:04:59.704+0700] {processor.py:186} INFO - Started process (PID=42079) to work on /home/dataengineer/.pyenv/versions/3.9.21/lib/python3.9/site-packages/airflow/example_dags/example_trigger_target_dag.py
[2025-03-08T01:04:59.705+0700] {processor.py:914} INFO - Processing file /home/dataengineer/.pyenv/versions/3.9.21/lib/python3.9/site-packages/airflow/example_dags/example_trigger_target_dag.py for tasks to queue
[2025-03-08T01:04:59.707+0700] {logging_mixin.py:190} INFO - [2025-03-08T01:04:59.707+0700] {dagbag.py:588} INFO - Filling up the DagBag from /home/dataengineer/.pyenv/versions/3.9.21/lib/python3.9/site-packages/airflow/example_dags/example_trigger_target_dag.py
[2025-03-08T01:04:59.714+0700] {processor.py:925} INFO - DAG(s) 'example_trigger_target_dag' retrieved from /home/dataengineer/.pyenv/versions/3.9.21/lib/python3.9/site-packages/airflow/example_dags/example_trigger_target_dag.py
[2025-03-08T01:04:59.727+0700] {logging_mixin.py:190} INFO - [2025-03-08T01:04:59.726+0700] {dag.py:3239} INFO - Sync 1 DAGs
[2025-03-08T01:04:59.737+0700] {logging_mixin.py:190} INFO - [2025-03-08T01:04:59.737+0700] {dag.py:4180} INFO - Setting next_dagrun for example_trigger_target_dag to None, run_after=None
[2025-03-08T01:04:59.755+0700] {processor.py:208} INFO - Processing /home/dataengineer/.pyenv/versions/3.9.21/lib/python3.9/site-packages/airflow/example_dags/example_trigger_target_dag.py took 0.057 seconds
[2025-03-08T02:20:20.390+0700] {processor.py:186} INFO - Started process (PID=63580) to work on /home/dataengineer/.pyenv/versions/3.9.21/lib/python3.9/site-packages/airflow/example_dags/example_trigger_target_dag.py
[2025-03-08T02:20:20.391+0700] {processor.py:914} INFO - Processing file /home/dataengineer/.pyenv/versions/3.9.21/lib/python3.9/site-packages/airflow/example_dags/example_trigger_target_dag.py for tasks to queue
[2025-03-08T02:20:20.393+0700] {logging_mixin.py:190} INFO - [2025-03-08T02:20:20.393+0700] {dagbag.py:588} INFO - Filling up the DagBag from /home/dataengineer/.pyenv/versions/3.9.21/lib/python3.9/site-packages/airflow/example_dags/example_trigger_target_dag.py
[2025-03-08T02:20:20.400+0700] {processor.py:925} INFO - DAG(s) 'example_trigger_target_dag' retrieved from /home/dataengineer/.pyenv/versions/3.9.21/lib/python3.9/site-packages/airflow/example_dags/example_trigger_target_dag.py
[2025-03-08T02:20:20.415+0700] {logging_mixin.py:190} INFO - [2025-03-08T02:20:20.415+0700] {dag.py:3239} INFO - Sync 1 DAGs
[2025-03-08T02:20:20.428+0700] {logging_mixin.py:190} INFO - [2025-03-08T02:20:20.428+0700] {dag.py:4180} INFO - Setting next_dagrun for example_trigger_target_dag to None, run_after=None
[2025-03-08T02:20:20.452+0700] {processor.py:208} INFO - Processing /home/dataengineer/.pyenv/versions/3.9.21/lib/python3.9/site-packages/airflow/example_dags/example_trigger_target_dag.py took 0.067 seconds
[2025-03-08T02:27:04.615+0700] {processor.py:186} INFO - Started process (PID=66487) to work on /home/dataengineer/.pyenv/versions/3.9.21/lib/python3.9/site-packages/airflow/example_dags/example_trigger_target_dag.py
[2025-03-08T02:27:04.616+0700] {processor.py:914} INFO - Processing file /home/dataengineer/.pyenv/versions/3.9.21/lib/python3.9/site-packages/airflow/example_dags/example_trigger_target_dag.py for tasks to queue
[2025-03-08T02:27:04.618+0700] {logging_mixin.py:190} INFO - [2025-03-08T02:27:04.617+0700] {dagbag.py:588} INFO - Filling up the DagBag from /home/dataengineer/.pyenv/versions/3.9.21/lib/python3.9/site-packages/airflow/example_dags/example_trigger_target_dag.py
[2025-03-08T02:27:04.626+0700] {processor.py:925} INFO - DAG(s) 'example_trigger_target_dag' retrieved from /home/dataengineer/.pyenv/versions/3.9.21/lib/python3.9/site-packages/airflow/example_dags/example_trigger_target_dag.py
[2025-03-08T02:27:04.641+0700] {logging_mixin.py:190} INFO - [2025-03-08T02:27:04.641+0700] {dag.py:3239} INFO - Sync 1 DAGs
[2025-03-08T02:27:04.655+0700] {logging_mixin.py:190} INFO - [2025-03-08T02:27:04.655+0700] {dag.py:4180} INFO - Setting next_dagrun for example_trigger_target_dag to None, run_after=None
[2025-03-08T02:27:04.676+0700] {processor.py:208} INFO - Processing /home/dataengineer/.pyenv/versions/3.9.21/lib/python3.9/site-packages/airflow/example_dags/example_trigger_target_dag.py took 0.067 seconds
[2025-03-08T02:29:18.703+0700] {processor.py:186} INFO - Started process (PID=67467) to work on /home/dataengineer/.pyenv/versions/3.9.21/lib/python3.9/site-packages/airflow/example_dags/example_trigger_target_dag.py
[2025-03-08T02:29:18.705+0700] {processor.py:914} INFO - Processing file /home/dataengineer/.pyenv/versions/3.9.21/lib/python3.9/site-packages/airflow/example_dags/example_trigger_target_dag.py for tasks to queue
[2025-03-08T02:29:18.707+0700] {logging_mixin.py:190} INFO - [2025-03-08T02:29:18.707+0700] {dagbag.py:588} INFO - Filling up the DagBag from /home/dataengineer/.pyenv/versions/3.9.21/lib/python3.9/site-packages/airflow/example_dags/example_trigger_target_dag.py
[2025-03-08T02:29:18.717+0700] {processor.py:925} INFO - DAG(s) 'example_trigger_target_dag' retrieved from /home/dataengineer/.pyenv/versions/3.9.21/lib/python3.9/site-packages/airflow/example_dags/example_trigger_target_dag.py
[2025-03-08T02:29:18.735+0700] {logging_mixin.py:190} INFO - [2025-03-08T02:29:18.734+0700] {dag.py:3239} INFO - Sync 1 DAGs
[2025-03-08T02:29:18.749+0700] {logging_mixin.py:190} INFO - [2025-03-08T02:29:18.749+0700] {dag.py:4180} INFO - Setting next_dagrun for example_trigger_target_dag to None, run_after=None
[2025-03-08T02:29:18.772+0700] {processor.py:208} INFO - Processing /home/dataengineer/.pyenv/versions/3.9.21/lib/python3.9/site-packages/airflow/example_dags/example_trigger_target_dag.py took 0.075 seconds
[2025-03-08T02:30:14.746+0700] {processor.py:186} INFO - Started process (PID=67950) to work on /home/dataengineer/.pyenv/versions/3.9.21/lib/python3.9/site-packages/airflow/example_dags/example_trigger_target_dag.py
[2025-03-08T02:30:14.747+0700] {processor.py:914} INFO - Processing file /home/dataengineer/.pyenv/versions/3.9.21/lib/python3.9/site-packages/airflow/example_dags/example_trigger_target_dag.py for tasks to queue
[2025-03-08T02:30:14.748+0700] {logging_mixin.py:190} INFO - [2025-03-08T02:30:14.748+0700] {dagbag.py:588} INFO - Filling up the DagBag from /home/dataengineer/.pyenv/versions/3.9.21/lib/python3.9/site-packages/airflow/example_dags/example_trigger_target_dag.py
[2025-03-08T02:30:14.756+0700] {processor.py:925} INFO - DAG(s) 'example_trigger_target_dag' retrieved from /home/dataengineer/.pyenv/versions/3.9.21/lib/python3.9/site-packages/airflow/example_dags/example_trigger_target_dag.py
[2025-03-08T02:30:14.770+0700] {logging_mixin.py:190} INFO - [2025-03-08T02:30:14.770+0700] {dag.py:3239} INFO - Sync 1 DAGs
[2025-03-08T02:30:14.783+0700] {logging_mixin.py:190} INFO - [2025-03-08T02:30:14.782+0700] {dag.py:4180} INFO - Setting next_dagrun for example_trigger_target_dag to None, run_after=None
[2025-03-08T02:30:14.802+0700] {processor.py:208} INFO - Processing /home/dataengineer/.pyenv/versions/3.9.21/lib/python3.9/site-packages/airflow/example_dags/example_trigger_target_dag.py took 0.063 seconds
[2025-03-08T02:31:08.822+0700] {processor.py:186} INFO - Started process (PID=68288) to work on /home/dataengineer/.pyenv/versions/3.9.21/lib/python3.9/site-packages/airflow/example_dags/example_trigger_target_dag.py
[2025-03-08T02:31:08.823+0700] {processor.py:914} INFO - Processing file /home/dataengineer/.pyenv/versions/3.9.21/lib/python3.9/site-packages/airflow/example_dags/example_trigger_target_dag.py for tasks to queue
[2025-03-08T02:31:08.825+0700] {logging_mixin.py:190} INFO - [2025-03-08T02:31:08.824+0700] {dagbag.py:588} INFO - Filling up the DagBag from /home/dataengineer/.pyenv/versions/3.9.21/lib/python3.9/site-packages/airflow/example_dags/example_trigger_target_dag.py
[2025-03-08T02:31:08.832+0700] {processor.py:925} INFO - DAG(s) 'example_trigger_target_dag' retrieved from /home/dataengineer/.pyenv/versions/3.9.21/lib/python3.9/site-packages/airflow/example_dags/example_trigger_target_dag.py
[2025-03-08T02:31:08.844+0700] {logging_mixin.py:190} INFO - [2025-03-08T02:31:08.844+0700] {dag.py:3239} INFO - Sync 1 DAGs
[2025-03-08T02:31:08.856+0700] {logging_mixin.py:190} INFO - [2025-03-08T02:31:08.855+0700] {dag.py:4180} INFO - Setting next_dagrun for example_trigger_target_dag to None, run_after=None
[2025-03-08T02:31:08.874+0700] {processor.py:208} INFO - Processing /home/dataengineer/.pyenv/versions/3.9.21/lib/python3.9/site-packages/airflow/example_dags/example_trigger_target_dag.py took 0.057 seconds
[2025-03-08T02:32:02.756+0700] {processor.py:186} INFO - Started process (PID=68950) to work on /home/dataengineer/.pyenv/versions/3.9.21/lib/python3.9/site-packages/airflow/example_dags/example_trigger_target_dag.py
[2025-03-08T02:32:02.758+0700] {processor.py:914} INFO - Processing file /home/dataengineer/.pyenv/versions/3.9.21/lib/python3.9/site-packages/airflow/example_dags/example_trigger_target_dag.py for tasks to queue
[2025-03-08T02:32:02.759+0700] {logging_mixin.py:190} INFO - [2025-03-08T02:32:02.759+0700] {dagbag.py:588} INFO - Filling up the DagBag from /home/dataengineer/.pyenv/versions/3.9.21/lib/python3.9/site-packages/airflow/example_dags/example_trigger_target_dag.py
[2025-03-08T02:32:02.770+0700] {processor.py:925} INFO - DAG(s) 'example_trigger_target_dag' retrieved from /home/dataengineer/.pyenv/versions/3.9.21/lib/python3.9/site-packages/airflow/example_dags/example_trigger_target_dag.py
[2025-03-08T02:32:02.796+0700] {logging_mixin.py:190} INFO - [2025-03-08T02:32:02.795+0700] {dag.py:3239} INFO - Sync 1 DAGs
[2025-03-08T02:32:02.828+0700] {logging_mixin.py:190} INFO - [2025-03-08T02:32:02.828+0700] {dag.py:4180} INFO - Setting next_dagrun for example_trigger_target_dag to None, run_after=None
[2025-03-08T02:32:02.850+0700] {processor.py:208} INFO - Processing /home/dataengineer/.pyenv/versions/3.9.21/lib/python3.9/site-packages/airflow/example_dags/example_trigger_target_dag.py took 0.101 seconds
[2025-03-08T02:32:59.768+0700] {processor.py:186} INFO - Started process (PID=69204) to work on /home/dataengineer/.pyenv/versions/3.9.21/lib/python3.9/site-packages/airflow/example_dags/example_trigger_target_dag.py
[2025-03-08T02:32:59.769+0700] {processor.py:914} INFO - Processing file /home/dataengineer/.pyenv/versions/3.9.21/lib/python3.9/site-packages/airflow/example_dags/example_trigger_target_dag.py for tasks to queue
[2025-03-08T02:32:59.770+0700] {logging_mixin.py:190} INFO - [2025-03-08T02:32:59.769+0700] {dagbag.py:588} INFO - Filling up the DagBag from /home/dataengineer/.pyenv/versions/3.9.21/lib/python3.9/site-packages/airflow/example_dags/example_trigger_target_dag.py
[2025-03-08T02:32:59.777+0700] {processor.py:925} INFO - DAG(s) 'example_trigger_target_dag' retrieved from /home/dataengineer/.pyenv/versions/3.9.21/lib/python3.9/site-packages/airflow/example_dags/example_trigger_target_dag.py
[2025-03-08T02:32:59.790+0700] {logging_mixin.py:190} INFO - [2025-03-08T02:32:59.790+0700] {dag.py:3239} INFO - Sync 1 DAGs
[2025-03-08T02:32:59.804+0700] {logging_mixin.py:190} INFO - [2025-03-08T02:32:59.803+0700] {dag.py:4180} INFO - Setting next_dagrun for example_trigger_target_dag to None, run_after=None
[2025-03-08T02:32:59.823+0700] {processor.py:208} INFO - Processing /home/dataengineer/.pyenv/versions/3.9.21/lib/python3.9/site-packages/airflow/example_dags/example_trigger_target_dag.py took 0.061 seconds
[2025-03-08T02:33:57.126+0700] {processor.py:186} INFO - Started process (PID=69505) to work on /home/dataengineer/.pyenv/versions/3.9.21/lib/python3.9/site-packages/airflow/example_dags/example_trigger_target_dag.py
[2025-03-08T02:33:57.127+0700] {processor.py:914} INFO - Processing file /home/dataengineer/.pyenv/versions/3.9.21/lib/python3.9/site-packages/airflow/example_dags/example_trigger_target_dag.py for tasks to queue
[2025-03-08T02:33:57.128+0700] {logging_mixin.py:190} INFO - [2025-03-08T02:33:57.128+0700] {dagbag.py:588} INFO - Filling up the DagBag from /home/dataengineer/.pyenv/versions/3.9.21/lib/python3.9/site-packages/airflow/example_dags/example_trigger_target_dag.py
[2025-03-08T02:33:57.136+0700] {processor.py:925} INFO - DAG(s) 'example_trigger_target_dag' retrieved from /home/dataengineer/.pyenv/versions/3.9.21/lib/python3.9/site-packages/airflow/example_dags/example_trigger_target_dag.py
[2025-03-08T02:33:57.148+0700] {logging_mixin.py:190} INFO - [2025-03-08T02:33:57.148+0700] {dag.py:3239} INFO - Sync 1 DAGs
[2025-03-08T02:33:57.161+0700] {logging_mixin.py:190} INFO - [2025-03-08T02:33:57.161+0700] {dag.py:4180} INFO - Setting next_dagrun for example_trigger_target_dag to None, run_after=None
[2025-03-08T02:33:57.181+0700] {processor.py:208} INFO - Processing /home/dataengineer/.pyenv/versions/3.9.21/lib/python3.9/site-packages/airflow/example_dags/example_trigger_target_dag.py took 0.061 seconds
[2025-03-08T02:34:41.635+0700] {processor.py:186} INFO - Started process (PID=70320) to work on /home/dataengineer/.pyenv/versions/3.9.21/lib/python3.9/site-packages/airflow/example_dags/example_trigger_target_dag.py
[2025-03-08T02:34:41.637+0700] {processor.py:914} INFO - Processing file /home/dataengineer/.pyenv/versions/3.9.21/lib/python3.9/site-packages/airflow/example_dags/example_trigger_target_dag.py for tasks to queue
[2025-03-08T02:34:41.639+0700] {logging_mixin.py:190} INFO - [2025-03-08T02:34:41.638+0700] {dagbag.py:588} INFO - Filling up the DagBag from /home/dataengineer/.pyenv/versions/3.9.21/lib/python3.9/site-packages/airflow/example_dags/example_trigger_target_dag.py
[2025-03-08T02:34:41.646+0700] {processor.py:925} INFO - DAG(s) 'example_trigger_target_dag' retrieved from /home/dataengineer/.pyenv/versions/3.9.21/lib/python3.9/site-packages/airflow/example_dags/example_trigger_target_dag.py
[2025-03-08T02:34:41.660+0700] {logging_mixin.py:190} INFO - [2025-03-08T02:34:41.660+0700] {dag.py:3239} INFO - Sync 1 DAGs
[2025-03-08T02:34:41.674+0700] {logging_mixin.py:190} INFO - [2025-03-08T02:34:41.674+0700] {dag.py:4180} INFO - Setting next_dagrun for example_trigger_target_dag to None, run_after=None
[2025-03-08T02:34:41.698+0700] {processor.py:208} INFO - Processing /home/dataengineer/.pyenv/versions/3.9.21/lib/python3.9/site-packages/airflow/example_dags/example_trigger_target_dag.py took 0.068 seconds
[2025-03-08T02:35:41.903+0700] {processor.py:186} INFO - Started process (PID=70768) to work on /home/dataengineer/.pyenv/versions/3.9.21/lib/python3.9/site-packages/airflow/example_dags/example_trigger_target_dag.py
[2025-03-08T02:35:41.904+0700] {processor.py:914} INFO - Processing file /home/dataengineer/.pyenv/versions/3.9.21/lib/python3.9/site-packages/airflow/example_dags/example_trigger_target_dag.py for tasks to queue
[2025-03-08T02:35:41.907+0700] {logging_mixin.py:190} INFO - [2025-03-08T02:35:41.906+0700] {dagbag.py:588} INFO - Filling up the DagBag from /home/dataengineer/.pyenv/versions/3.9.21/lib/python3.9/site-packages/airflow/example_dags/example_trigger_target_dag.py
[2025-03-08T02:35:41.915+0700] {processor.py:925} INFO - DAG(s) 'example_trigger_target_dag' retrieved from /home/dataengineer/.pyenv/versions/3.9.21/lib/python3.9/site-packages/airflow/example_dags/example_trigger_target_dag.py
[2025-03-08T02:35:41.928+0700] {logging_mixin.py:190} INFO - [2025-03-08T02:35:41.928+0700] {dag.py:3239} INFO - Sync 1 DAGs
[2025-03-08T02:35:41.941+0700] {logging_mixin.py:190} INFO - [2025-03-08T02:35:41.940+0700] {dag.py:4180} INFO - Setting next_dagrun for example_trigger_target_dag to None, run_after=None
[2025-03-08T02:35:41.962+0700] {processor.py:208} INFO - Processing /home/dataengineer/.pyenv/versions/3.9.21/lib/python3.9/site-packages/airflow/example_dags/example_trigger_target_dag.py took 0.065 seconds
[2025-03-08T02:36:44.093+0700] {processor.py:186} INFO - Started process (PID=71217) to work on /home/dataengineer/.pyenv/versions/3.9.21/lib/python3.9/site-packages/airflow/example_dags/example_trigger_target_dag.py
[2025-03-08T02:36:44.095+0700] {processor.py:914} INFO - Processing file /home/dataengineer/.pyenv/versions/3.9.21/lib/python3.9/site-packages/airflow/example_dags/example_trigger_target_dag.py for tasks to queue
[2025-03-08T02:36:44.097+0700] {logging_mixin.py:190} INFO - [2025-03-08T02:36:44.096+0700] {dagbag.py:588} INFO - Filling up the DagBag from /home/dataengineer/.pyenv/versions/3.9.21/lib/python3.9/site-packages/airflow/example_dags/example_trigger_target_dag.py
[2025-03-08T02:36:44.104+0700] {processor.py:925} INFO - DAG(s) 'example_trigger_target_dag' retrieved from /home/dataengineer/.pyenv/versions/3.9.21/lib/python3.9/site-packages/airflow/example_dags/example_trigger_target_dag.py
[2025-03-08T02:36:44.117+0700] {logging_mixin.py:190} INFO - [2025-03-08T02:36:44.117+0700] {dag.py:3239} INFO - Sync 1 DAGs
[2025-03-08T02:36:44.130+0700] {logging_mixin.py:190} INFO - [2025-03-08T02:36:44.130+0700] {dag.py:4180} INFO - Setting next_dagrun for example_trigger_target_dag to None, run_after=None
[2025-03-08T02:36:44.149+0700] {processor.py:208} INFO - Processing /home/dataengineer/.pyenv/versions/3.9.21/lib/python3.9/site-packages/airflow/example_dags/example_trigger_target_dag.py took 0.063 seconds
[2025-03-08T02:37:41.889+0700] {processor.py:186} INFO - Started process (PID=71454) to work on /home/dataengineer/.pyenv/versions/3.9.21/lib/python3.9/site-packages/airflow/example_dags/example_trigger_target_dag.py
[2025-03-08T02:37:41.890+0700] {processor.py:914} INFO - Processing file /home/dataengineer/.pyenv/versions/3.9.21/lib/python3.9/site-packages/airflow/example_dags/example_trigger_target_dag.py for tasks to queue
[2025-03-08T02:37:41.892+0700] {logging_mixin.py:190} INFO - [2025-03-08T02:37:41.892+0700] {dagbag.py:588} INFO - Filling up the DagBag from /home/dataengineer/.pyenv/versions/3.9.21/lib/python3.9/site-packages/airflow/example_dags/example_trigger_target_dag.py
[2025-03-08T02:37:41.899+0700] {processor.py:925} INFO - DAG(s) 'example_trigger_target_dag' retrieved from /home/dataengineer/.pyenv/versions/3.9.21/lib/python3.9/site-packages/airflow/example_dags/example_trigger_target_dag.py
[2025-03-08T02:37:41.911+0700] {logging_mixin.py:190} INFO - [2025-03-08T02:37:41.911+0700] {dag.py:3239} INFO - Sync 1 DAGs
[2025-03-08T02:37:41.925+0700] {logging_mixin.py:190} INFO - [2025-03-08T02:37:41.925+0700] {dag.py:4180} INFO - Setting next_dagrun for example_trigger_target_dag to None, run_after=None
[2025-03-08T02:37:41.947+0700] {processor.py:208} INFO - Processing /home/dataengineer/.pyenv/versions/3.9.21/lib/python3.9/site-packages/airflow/example_dags/example_trigger_target_dag.py took 0.063 seconds
[2025-03-08T02:38:48.100+0700] {processor.py:186} INFO - Started process (PID=72396) to work on /home/dataengineer/.pyenv/versions/3.9.21/lib/python3.9/site-packages/airflow/example_dags/example_trigger_target_dag.py
[2025-03-08T02:38:48.101+0700] {processor.py:914} INFO - Processing file /home/dataengineer/.pyenv/versions/3.9.21/lib/python3.9/site-packages/airflow/example_dags/example_trigger_target_dag.py for tasks to queue
[2025-03-08T02:38:48.105+0700] {logging_mixin.py:190} INFO - [2025-03-08T02:38:48.105+0700] {dagbag.py:588} INFO - Filling up the DagBag from /home/dataengineer/.pyenv/versions/3.9.21/lib/python3.9/site-packages/airflow/example_dags/example_trigger_target_dag.py
[2025-03-08T02:38:48.114+0700] {processor.py:925} INFO - DAG(s) 'example_trigger_target_dag' retrieved from /home/dataengineer/.pyenv/versions/3.9.21/lib/python3.9/site-packages/airflow/example_dags/example_trigger_target_dag.py
[2025-03-08T02:38:48.130+0700] {logging_mixin.py:190} INFO - [2025-03-08T02:38:48.130+0700] {dag.py:3239} INFO - Sync 1 DAGs
[2025-03-08T02:38:48.144+0700] {logging_mixin.py:190} INFO - [2025-03-08T02:38:48.143+0700] {dag.py:4180} INFO - Setting next_dagrun for example_trigger_target_dag to None, run_after=None
[2025-03-08T02:38:48.165+0700] {processor.py:208} INFO - Processing /home/dataengineer/.pyenv/versions/3.9.21/lib/python3.9/site-packages/airflow/example_dags/example_trigger_target_dag.py took 0.071 seconds
