[2025-03-08T00:57:14.561+0700] {processor.py:186} INFO - Started process (PID=36560) to work on /home/dataengineer/.pyenv/versions/3.9.21/lib/python3.9/site-packages/airflow/example_dags/example_nested_branch_dag.py
[2025-03-08T00:57:14.562+0700] {processor.py:914} INFO - Processing file /home/dataengineer/.pyenv/versions/3.9.21/lib/python3.9/site-packages/airflow/example_dags/example_nested_branch_dag.py for tasks to queue
[2025-03-08T00:57:14.564+0700] {logging_mixin.py:190} INFO - [2025-03-08T00:57:14.564+0700] {dagbag.py:588} INFO - Filling up the DagBag from /home/dataengineer/.pyenv/versions/3.9.21/lib/python3.9/site-packages/airflow/example_dags/example_nested_branch_dag.py
[2025-03-08T00:57:14.574+0700] {processor.py:925} INFO - DAG(s) 'example_nested_branch_dag' retrieved from /home/dataengineer/.pyenv/versions/3.9.21/lib/python3.9/site-packages/airflow/example_dags/example_nested_branch_dag.py
[2025-03-08T00:57:14.590+0700] {logging_mixin.py:190} INFO - [2025-03-08T00:57:14.590+0700] {dag.py:3239} INFO - Sync 1 DAGs
[2025-03-08T00:57:14.607+0700] {logging_mixin.py:190} INFO - [2025-03-08T00:57:14.607+0700] {dag.py:4180} INFO - Setting next_dagrun for example_nested_branch_dag to 2025-03-06 00:00:00+00:00, run_after=2025-03-07 00:00:00+00:00
[2025-03-08T00:57:14.628+0700] {processor.py:208} INFO - Processing /home/dataengineer/.pyenv/versions/3.9.21/lib/python3.9/site-packages/airflow/example_dags/example_nested_branch_dag.py took 0.072 seconds
[2025-03-08T00:58:18.990+0700] {processor.py:186} INFO - Started process (PID=37156) to work on /home/dataengineer/.pyenv/versions/3.9.21/lib/python3.9/site-packages/airflow/example_dags/example_nested_branch_dag.py
[2025-03-08T00:58:18.991+0700] {processor.py:914} INFO - Processing file /home/dataengineer/.pyenv/versions/3.9.21/lib/python3.9/site-packages/airflow/example_dags/example_nested_branch_dag.py for tasks to queue
[2025-03-08T00:58:18.993+0700] {logging_mixin.py:190} INFO - [2025-03-08T00:58:18.993+0700] {dagbag.py:588} INFO - Filling up the DagBag from /home/dataengineer/.pyenv/versions/3.9.21/lib/python3.9/site-packages/airflow/example_dags/example_nested_branch_dag.py
[2025-03-08T00:58:19.005+0700] {processor.py:925} INFO - DAG(s) 'example_nested_branch_dag' retrieved from /home/dataengineer/.pyenv/versions/3.9.21/lib/python3.9/site-packages/airflow/example_dags/example_nested_branch_dag.py
[2025-03-08T00:58:19.019+0700] {logging_mixin.py:190} INFO - [2025-03-08T00:58:19.019+0700] {dag.py:3239} INFO - Sync 1 DAGs
[2025-03-08T00:58:19.037+0700] {logging_mixin.py:190} INFO - [2025-03-08T00:58:19.037+0700] {dag.py:4180} INFO - Setting next_dagrun for example_nested_branch_dag to 2025-03-06 00:00:00+00:00, run_after=2025-03-07 00:00:00+00:00
[2025-03-08T00:58:19.055+0700] {processor.py:208} INFO - Processing /home/dataengineer/.pyenv/versions/3.9.21/lib/python3.9/site-packages/airflow/example_dags/example_nested_branch_dag.py took 0.070 seconds
[2025-03-08T00:59:20.781+0700] {processor.py:186} INFO - Started process (PID=37585) to work on /home/dataengineer/.pyenv/versions/3.9.21/lib/python3.9/site-packages/airflow/example_dags/example_nested_branch_dag.py
[2025-03-08T00:59:20.782+0700] {processor.py:914} INFO - Processing file /home/dataengineer/.pyenv/versions/3.9.21/lib/python3.9/site-packages/airflow/example_dags/example_nested_branch_dag.py for tasks to queue
[2025-03-08T00:59:20.784+0700] {logging_mixin.py:190} INFO - [2025-03-08T00:59:20.784+0700] {dagbag.py:588} INFO - Filling up the DagBag from /home/dataengineer/.pyenv/versions/3.9.21/lib/python3.9/site-packages/airflow/example_dags/example_nested_branch_dag.py
[2025-03-08T00:59:20.794+0700] {processor.py:925} INFO - DAG(s) 'example_nested_branch_dag' retrieved from /home/dataengineer/.pyenv/versions/3.9.21/lib/python3.9/site-packages/airflow/example_dags/example_nested_branch_dag.py
[2025-03-08T00:59:20.808+0700] {logging_mixin.py:190} INFO - [2025-03-08T00:59:20.808+0700] {dag.py:3239} INFO - Sync 1 DAGs
[2025-03-08T00:59:20.825+0700] {logging_mixin.py:190} INFO - [2025-03-08T00:59:20.825+0700] {dag.py:4180} INFO - Setting next_dagrun for example_nested_branch_dag to 2025-03-06 00:00:00+00:00, run_after=2025-03-07 00:00:00+00:00
[2025-03-08T00:59:20.843+0700] {processor.py:208} INFO - Processing /home/dataengineer/.pyenv/versions/3.9.21/lib/python3.9/site-packages/airflow/example_dags/example_nested_branch_dag.py took 0.067 seconds
[2025-03-08T01:00:22.569+0700] {processor.py:186} INFO - Started process (PID=38013) to work on /home/dataengineer/.pyenv/versions/3.9.21/lib/python3.9/site-packages/airflow/example_dags/example_nested_branch_dag.py
[2025-03-08T01:00:22.570+0700] {processor.py:914} INFO - Processing file /home/dataengineer/.pyenv/versions/3.9.21/lib/python3.9/site-packages/airflow/example_dags/example_nested_branch_dag.py for tasks to queue
[2025-03-08T01:00:22.572+0700] {logging_mixin.py:190} INFO - [2025-03-08T01:00:22.571+0700] {dagbag.py:588} INFO - Filling up the DagBag from /home/dataengineer/.pyenv/versions/3.9.21/lib/python3.9/site-packages/airflow/example_dags/example_nested_branch_dag.py
[2025-03-08T01:00:22.582+0700] {processor.py:925} INFO - DAG(s) 'example_nested_branch_dag' retrieved from /home/dataengineer/.pyenv/versions/3.9.21/lib/python3.9/site-packages/airflow/example_dags/example_nested_branch_dag.py
[2025-03-08T01:00:22.596+0700] {logging_mixin.py:190} INFO - [2025-03-08T01:00:22.596+0700] {dag.py:3239} INFO - Sync 1 DAGs
[2025-03-08T01:00:22.614+0700] {logging_mixin.py:190} INFO - [2025-03-08T01:00:22.613+0700] {dag.py:4180} INFO - Setting next_dagrun for example_nested_branch_dag to 2025-03-06 00:00:00+00:00, run_after=2025-03-07 00:00:00+00:00
[2025-03-08T01:00:22.631+0700] {processor.py:208} INFO - Processing /home/dataengineer/.pyenv/versions/3.9.21/lib/python3.9/site-packages/airflow/example_dags/example_nested_branch_dag.py took 0.068 seconds
[2025-03-08T01:01:24.094+0700] {processor.py:186} INFO - Started process (PID=38459) to work on /home/dataengineer/.pyenv/versions/3.9.21/lib/python3.9/site-packages/airflow/example_dags/example_nested_branch_dag.py
[2025-03-08T01:01:24.095+0700] {processor.py:914} INFO - Processing file /home/dataengineer/.pyenv/versions/3.9.21/lib/python3.9/site-packages/airflow/example_dags/example_nested_branch_dag.py for tasks to queue
[2025-03-08T01:01:24.097+0700] {logging_mixin.py:190} INFO - [2025-03-08T01:01:24.097+0700] {dagbag.py:588} INFO - Filling up the DagBag from /home/dataengineer/.pyenv/versions/3.9.21/lib/python3.9/site-packages/airflow/example_dags/example_nested_branch_dag.py
[2025-03-08T01:01:24.108+0700] {processor.py:925} INFO - DAG(s) 'example_nested_branch_dag' retrieved from /home/dataengineer/.pyenv/versions/3.9.21/lib/python3.9/site-packages/airflow/example_dags/example_nested_branch_dag.py
[2025-03-08T01:01:24.124+0700] {logging_mixin.py:190} INFO - [2025-03-08T01:01:24.124+0700] {dag.py:3239} INFO - Sync 1 DAGs
[2025-03-08T01:01:24.145+0700] {logging_mixin.py:190} INFO - [2025-03-08T01:01:24.144+0700] {dag.py:4180} INFO - Setting next_dagrun for example_nested_branch_dag to 2025-03-06 00:00:00+00:00, run_after=2025-03-07 00:00:00+00:00
[2025-03-08T01:01:24.167+0700] {processor.py:208} INFO - Processing /home/dataengineer/.pyenv/versions/3.9.21/lib/python3.9/site-packages/airflow/example_dags/example_nested_branch_dag.py took 0.078 seconds
[2025-03-08T01:02:24.689+0700] {processor.py:186} INFO - Started process (PID=38977) to work on /home/dataengineer/.pyenv/versions/3.9.21/lib/python3.9/site-packages/airflow/example_dags/example_nested_branch_dag.py
[2025-03-08T01:02:24.690+0700] {processor.py:914} INFO - Processing file /home/dataengineer/.pyenv/versions/3.9.21/lib/python3.9/site-packages/airflow/example_dags/example_nested_branch_dag.py for tasks to queue
[2025-03-08T01:02:24.692+0700] {logging_mixin.py:190} INFO - [2025-03-08T01:02:24.692+0700] {dagbag.py:588} INFO - Filling up the DagBag from /home/dataengineer/.pyenv/versions/3.9.21/lib/python3.9/site-packages/airflow/example_dags/example_nested_branch_dag.py
[2025-03-08T01:02:24.703+0700] {processor.py:925} INFO - DAG(s) 'example_nested_branch_dag' retrieved from /home/dataengineer/.pyenv/versions/3.9.21/lib/python3.9/site-packages/airflow/example_dags/example_nested_branch_dag.py
[2025-03-08T01:02:24.718+0700] {logging_mixin.py:190} INFO - [2025-03-08T01:02:24.717+0700] {dag.py:3239} INFO - Sync 1 DAGs
[2025-03-08T01:02:24.736+0700] {logging_mixin.py:190} INFO - [2025-03-08T01:02:24.736+0700] {dag.py:4180} INFO - Setting next_dagrun for example_nested_branch_dag to 2025-03-06 00:00:00+00:00, run_after=2025-03-07 00:00:00+00:00
[2025-03-08T01:02:24.755+0700] {processor.py:208} INFO - Processing /home/dataengineer/.pyenv/versions/3.9.21/lib/python3.9/site-packages/airflow/example_dags/example_nested_branch_dag.py took 0.071 seconds
[2025-03-08T01:03:26.164+0700] {processor.py:186} INFO - Started process (PID=39616) to work on /home/dataengineer/.pyenv/versions/3.9.21/lib/python3.9/site-packages/airflow/example_dags/example_nested_branch_dag.py
[2025-03-08T01:03:26.165+0700] {processor.py:914} INFO - Processing file /home/dataengineer/.pyenv/versions/3.9.21/lib/python3.9/site-packages/airflow/example_dags/example_nested_branch_dag.py for tasks to queue
[2025-03-08T01:03:26.167+0700] {logging_mixin.py:190} INFO - [2025-03-08T01:03:26.166+0700] {dagbag.py:588} INFO - Filling up the DagBag from /home/dataengineer/.pyenv/versions/3.9.21/lib/python3.9/site-packages/airflow/example_dags/example_nested_branch_dag.py
[2025-03-08T01:03:26.178+0700] {processor.py:925} INFO - DAG(s) 'example_nested_branch_dag' retrieved from /home/dataengineer/.pyenv/versions/3.9.21/lib/python3.9/site-packages/airflow/example_dags/example_nested_branch_dag.py
[2025-03-08T01:03:26.193+0700] {logging_mixin.py:190} INFO - [2025-03-08T01:03:26.192+0700] {dag.py:3239} INFO - Sync 1 DAGs
[2025-03-08T01:03:26.212+0700] {logging_mixin.py:190} INFO - [2025-03-08T01:03:26.211+0700] {dag.py:4180} INFO - Setting next_dagrun for example_nested_branch_dag to 2025-03-06 00:00:00+00:00, run_after=2025-03-07 00:00:00+00:00
[2025-03-08T01:03:26.230+0700] {processor.py:208} INFO - Processing /home/dataengineer/.pyenv/versions/3.9.21/lib/python3.9/site-packages/airflow/example_dags/example_nested_branch_dag.py took 0.072 seconds
[2025-03-08T01:04:26.678+0700] {processor.py:186} INFO - Started process (PID=41277) to work on /home/dataengineer/.pyenv/versions/3.9.21/lib/python3.9/site-packages/airflow/example_dags/example_nested_branch_dag.py
[2025-03-08T01:04:26.679+0700] {processor.py:914} INFO - Processing file /home/dataengineer/.pyenv/versions/3.9.21/lib/python3.9/site-packages/airflow/example_dags/example_nested_branch_dag.py for tasks to queue
[2025-03-08T01:04:26.681+0700] {logging_mixin.py:190} INFO - [2025-03-08T01:04:26.681+0700] {dagbag.py:588} INFO - Filling up the DagBag from /home/dataengineer/.pyenv/versions/3.9.21/lib/python3.9/site-packages/airflow/example_dags/example_nested_branch_dag.py
[2025-03-08T01:04:26.692+0700] {processor.py:925} INFO - DAG(s) 'example_nested_branch_dag' retrieved from /home/dataengineer/.pyenv/versions/3.9.21/lib/python3.9/site-packages/airflow/example_dags/example_nested_branch_dag.py
[2025-03-08T01:04:26.707+0700] {logging_mixin.py:190} INFO - [2025-03-08T01:04:26.707+0700] {dag.py:3239} INFO - Sync 1 DAGs
[2025-03-08T01:04:26.727+0700] {logging_mixin.py:190} INFO - [2025-03-08T01:04:26.726+0700] {dag.py:4180} INFO - Setting next_dagrun for example_nested_branch_dag to 2025-03-06 00:00:00+00:00, run_after=2025-03-07 00:00:00+00:00
[2025-03-08T01:04:26.745+0700] {processor.py:208} INFO - Processing /home/dataengineer/.pyenv/versions/3.9.21/lib/python3.9/site-packages/airflow/example_dags/example_nested_branch_dag.py took 0.072 seconds
[2025-03-08T02:29:47.232+0700] {processor.py:186} INFO - Started process (PID=67757) to work on /home/dataengineer/.pyenv/versions/3.9.21/lib/python3.9/site-packages/airflow/example_dags/example_nested_branch_dag.py
[2025-03-08T02:29:47.233+0700] {processor.py:914} INFO - Processing file /home/dataengineer/.pyenv/versions/3.9.21/lib/python3.9/site-packages/airflow/example_dags/example_nested_branch_dag.py for tasks to queue
[2025-03-08T02:29:47.235+0700] {logging_mixin.py:190} INFO - [2025-03-08T02:29:47.234+0700] {dagbag.py:588} INFO - Filling up the DagBag from /home/dataengineer/.pyenv/versions/3.9.21/lib/python3.9/site-packages/airflow/example_dags/example_nested_branch_dag.py
[2025-03-08T02:29:47.245+0700] {processor.py:925} INFO - DAG(s) 'example_nested_branch_dag' retrieved from /home/dataengineer/.pyenv/versions/3.9.21/lib/python3.9/site-packages/airflow/example_dags/example_nested_branch_dag.py
[2025-03-08T02:29:47.261+0700] {logging_mixin.py:190} INFO - [2025-03-08T02:29:47.260+0700] {dag.py:3239} INFO - Sync 1 DAGs
[2025-03-08T02:29:47.279+0700] {logging_mixin.py:190} INFO - [2025-03-08T02:29:47.279+0700] {dag.py:4180} INFO - Setting next_dagrun for example_nested_branch_dag to 2025-03-06 00:00:00+00:00, run_after=2025-03-07 00:00:00+00:00
[2025-03-08T02:29:47.298+0700] {processor.py:208} INFO - Processing /home/dataengineer/.pyenv/versions/3.9.21/lib/python3.9/site-packages/airflow/example_dags/example_nested_branch_dag.py took 0.072 seconds
[2025-03-08T02:30:44.021+0700] {processor.py:186} INFO - Started process (PID=68121) to work on /home/dataengineer/.pyenv/versions/3.9.21/lib/python3.9/site-packages/airflow/example_dags/example_nested_branch_dag.py
[2025-03-08T02:30:44.022+0700] {processor.py:914} INFO - Processing file /home/dataengineer/.pyenv/versions/3.9.21/lib/python3.9/site-packages/airflow/example_dags/example_nested_branch_dag.py for tasks to queue
[2025-03-08T02:30:44.023+0700] {logging_mixin.py:190} INFO - [2025-03-08T02:30:44.023+0700] {dagbag.py:588} INFO - Filling up the DagBag from /home/dataengineer/.pyenv/versions/3.9.21/lib/python3.9/site-packages/airflow/example_dags/example_nested_branch_dag.py
[2025-03-08T02:30:44.036+0700] {processor.py:925} INFO - DAG(s) 'example_nested_branch_dag' retrieved from /home/dataengineer/.pyenv/versions/3.9.21/lib/python3.9/site-packages/airflow/example_dags/example_nested_branch_dag.py
[2025-03-08T02:30:44.052+0700] {logging_mixin.py:190} INFO - [2025-03-08T02:30:44.051+0700] {dag.py:3239} INFO - Sync 1 DAGs
[2025-03-08T02:30:44.073+0700] {logging_mixin.py:190} INFO - [2025-03-08T02:30:44.072+0700] {dag.py:4180} INFO - Setting next_dagrun for example_nested_branch_dag to 2025-03-06 00:00:00+00:00, run_after=2025-03-07 00:00:00+00:00
[2025-03-08T02:30:44.092+0700] {processor.py:208} INFO - Processing /home/dataengineer/.pyenv/versions/3.9.21/lib/python3.9/site-packages/airflow/example_dags/example_nested_branch_dag.py took 0.078 seconds
[2025-03-08T02:31:41.477+0700] {processor.py:186} INFO - Started process (PID=68867) to work on /home/dataengineer/.pyenv/versions/3.9.21/lib/python3.9/site-packages/airflow/example_dags/example_nested_branch_dag.py
[2025-03-08T02:31:41.478+0700] {processor.py:914} INFO - Processing file /home/dataengineer/.pyenv/versions/3.9.21/lib/python3.9/site-packages/airflow/example_dags/example_nested_branch_dag.py for tasks to queue
[2025-03-08T02:31:41.480+0700] {logging_mixin.py:190} INFO - [2025-03-08T02:31:41.479+0700] {dagbag.py:588} INFO - Filling up the DagBag from /home/dataengineer/.pyenv/versions/3.9.21/lib/python3.9/site-packages/airflow/example_dags/example_nested_branch_dag.py
[2025-03-08T02:31:41.497+0700] {processor.py:925} INFO - DAG(s) 'example_nested_branch_dag' retrieved from /home/dataengineer/.pyenv/versions/3.9.21/lib/python3.9/site-packages/airflow/example_dags/example_nested_branch_dag.py
[2025-03-08T02:31:41.518+0700] {logging_mixin.py:190} INFO - [2025-03-08T02:31:41.518+0700] {dag.py:3239} INFO - Sync 1 DAGs
[2025-03-08T02:31:41.540+0700] {logging_mixin.py:190} INFO - [2025-03-08T02:31:41.540+0700] {dag.py:4180} INFO - Setting next_dagrun for example_nested_branch_dag to 2025-03-06 00:00:00+00:00, run_after=2025-03-07 00:00:00+00:00
[2025-03-08T02:31:41.560+0700] {processor.py:208} INFO - Processing /home/dataengineer/.pyenv/versions/3.9.21/lib/python3.9/site-packages/airflow/example_dags/example_nested_branch_dag.py took 0.091 seconds
[2025-03-08T02:32:38.912+0700] {processor.py:186} INFO - Started process (PID=69121) to work on /home/dataengineer/.pyenv/versions/3.9.21/lib/python3.9/site-packages/airflow/example_dags/example_nested_branch_dag.py
[2025-03-08T02:32:38.913+0700] {processor.py:914} INFO - Processing file /home/dataengineer/.pyenv/versions/3.9.21/lib/python3.9/site-packages/airflow/example_dags/example_nested_branch_dag.py for tasks to queue
[2025-03-08T02:32:38.914+0700] {logging_mixin.py:190} INFO - [2025-03-08T02:32:38.914+0700] {dagbag.py:588} INFO - Filling up the DagBag from /home/dataengineer/.pyenv/versions/3.9.21/lib/python3.9/site-packages/airflow/example_dags/example_nested_branch_dag.py
[2025-03-08T02:32:38.926+0700] {processor.py:925} INFO - DAG(s) 'example_nested_branch_dag' retrieved from /home/dataengineer/.pyenv/versions/3.9.21/lib/python3.9/site-packages/airflow/example_dags/example_nested_branch_dag.py
[2025-03-08T02:32:38.943+0700] {logging_mixin.py:190} INFO - [2025-03-08T02:32:38.942+0700] {dag.py:3239} INFO - Sync 1 DAGs
[2025-03-08T02:32:38.965+0700] {logging_mixin.py:190} INFO - [2025-03-08T02:32:38.964+0700] {dag.py:4180} INFO - Setting next_dagrun for example_nested_branch_dag to 2025-03-06 00:00:00+00:00, run_after=2025-03-07 00:00:00+00:00
[2025-03-08T02:32:38.989+0700] {processor.py:208} INFO - Processing /home/dataengineer/.pyenv/versions/3.9.21/lib/python3.9/site-packages/airflow/example_dags/example_nested_branch_dag.py took 0.083 seconds
[2025-03-08T02:33:35.550+0700] {processor.py:186} INFO - Started process (PID=69370) to work on /home/dataengineer/.pyenv/versions/3.9.21/lib/python3.9/site-packages/airflow/example_dags/example_nested_branch_dag.py
[2025-03-08T02:33:35.551+0700] {processor.py:914} INFO - Processing file /home/dataengineer/.pyenv/versions/3.9.21/lib/python3.9/site-packages/airflow/example_dags/example_nested_branch_dag.py for tasks to queue
[2025-03-08T02:33:35.552+0700] {logging_mixin.py:190} INFO - [2025-03-08T02:33:35.552+0700] {dagbag.py:588} INFO - Filling up the DagBag from /home/dataengineer/.pyenv/versions/3.9.21/lib/python3.9/site-packages/airflow/example_dags/example_nested_branch_dag.py
[2025-03-08T02:33:35.564+0700] {processor.py:925} INFO - DAG(s) 'example_nested_branch_dag' retrieved from /home/dataengineer/.pyenv/versions/3.9.21/lib/python3.9/site-packages/airflow/example_dags/example_nested_branch_dag.py
[2025-03-08T02:33:35.578+0700] {logging_mixin.py:190} INFO - [2025-03-08T02:33:35.578+0700] {dag.py:3239} INFO - Sync 1 DAGs
[2025-03-08T02:33:35.598+0700] {logging_mixin.py:190} INFO - [2025-03-08T02:33:35.598+0700] {dag.py:4180} INFO - Setting next_dagrun for example_nested_branch_dag to 2025-03-06 00:00:00+00:00, run_after=2025-03-07 00:00:00+00:00
[2025-03-08T02:33:35.619+0700] {processor.py:208} INFO - Processing /home/dataengineer/.pyenv/versions/3.9.21/lib/python3.9/site-packages/airflow/example_dags/example_nested_branch_dag.py took 0.074 seconds
[2025-03-08T02:35:10.835+0700] {processor.py:186} INFO - Started process (PID=70456) to work on /home/dataengineer/.pyenv/versions/3.9.21/lib/python3.9/site-packages/airflow/example_dags/example_nested_branch_dag.py
[2025-03-08T02:35:10.837+0700] {processor.py:914} INFO - Processing file /home/dataengineer/.pyenv/versions/3.9.21/lib/python3.9/site-packages/airflow/example_dags/example_nested_branch_dag.py for tasks to queue
[2025-03-08T02:35:10.838+0700] {logging_mixin.py:190} INFO - [2025-03-08T02:35:10.838+0700] {dagbag.py:588} INFO - Filling up the DagBag from /home/dataengineer/.pyenv/versions/3.9.21/lib/python3.9/site-packages/airflow/example_dags/example_nested_branch_dag.py
[2025-03-08T02:35:10.851+0700] {processor.py:925} INFO - DAG(s) 'example_nested_branch_dag' retrieved from /home/dataengineer/.pyenv/versions/3.9.21/lib/python3.9/site-packages/airflow/example_dags/example_nested_branch_dag.py
[2025-03-08T02:35:10.868+0700] {logging_mixin.py:190} INFO - [2025-03-08T02:35:10.868+0700] {dag.py:3239} INFO - Sync 1 DAGs
[2025-03-08T02:35:10.889+0700] {logging_mixin.py:190} INFO - [2025-03-08T02:35:10.888+0700] {dag.py:4180} INFO - Setting next_dagrun for example_nested_branch_dag to 2025-03-06 00:00:00+00:00, run_after=2025-03-07 00:00:00+00:00
[2025-03-08T02:35:10.910+0700] {processor.py:208} INFO - Processing /home/dataengineer/.pyenv/versions/3.9.21/lib/python3.9/site-packages/airflow/example_dags/example_nested_branch_dag.py took 0.080 seconds
[2025-03-08T02:36:11.518+0700] {processor.py:186} INFO - Started process (PID=70887) to work on /home/dataengineer/.pyenv/versions/3.9.21/lib/python3.9/site-packages/airflow/example_dags/example_nested_branch_dag.py
[2025-03-08T02:36:11.520+0700] {processor.py:914} INFO - Processing file /home/dataengineer/.pyenv/versions/3.9.21/lib/python3.9/site-packages/airflow/example_dags/example_nested_branch_dag.py for tasks to queue
[2025-03-08T02:36:11.522+0700] {logging_mixin.py:190} INFO - [2025-03-08T02:36:11.521+0700] {dagbag.py:588} INFO - Filling up the DagBag from /home/dataengineer/.pyenv/versions/3.9.21/lib/python3.9/site-packages/airflow/example_dags/example_nested_branch_dag.py
[2025-03-08T02:36:11.536+0700] {processor.py:925} INFO - DAG(s) 'example_nested_branch_dag' retrieved from /home/dataengineer/.pyenv/versions/3.9.21/lib/python3.9/site-packages/airflow/example_dags/example_nested_branch_dag.py
[2025-03-08T02:36:11.555+0700] {logging_mixin.py:190} INFO - [2025-03-08T02:36:11.554+0700] {dag.py:3239} INFO - Sync 1 DAGs
[2025-03-08T02:36:11.580+0700] {logging_mixin.py:190} INFO - [2025-03-08T02:36:11.579+0700] {dag.py:4180} INFO - Setting next_dagrun for example_nested_branch_dag to 2025-03-06 00:00:00+00:00, run_after=2025-03-07 00:00:00+00:00
[2025-03-08T02:36:11.605+0700] {processor.py:208} INFO - Processing /home/dataengineer/.pyenv/versions/3.9.21/lib/python3.9/site-packages/airflow/example_dags/example_nested_branch_dag.py took 0.093 seconds
[2025-03-08T02:37:13.395+0700] {processor.py:186} INFO - Started process (PID=71335) to work on /home/dataengineer/.pyenv/versions/3.9.21/lib/python3.9/site-packages/airflow/example_dags/example_nested_branch_dag.py
[2025-03-08T02:37:13.396+0700] {processor.py:914} INFO - Processing file /home/dataengineer/.pyenv/versions/3.9.21/lib/python3.9/site-packages/airflow/example_dags/example_nested_branch_dag.py for tasks to queue
[2025-03-08T02:37:13.398+0700] {logging_mixin.py:190} INFO - [2025-03-08T02:37:13.398+0700] {dagbag.py:588} INFO - Filling up the DagBag from /home/dataengineer/.pyenv/versions/3.9.21/lib/python3.9/site-packages/airflow/example_dags/example_nested_branch_dag.py
[2025-03-08T02:37:13.409+0700] {processor.py:925} INFO - DAG(s) 'example_nested_branch_dag' retrieved from /home/dataengineer/.pyenv/versions/3.9.21/lib/python3.9/site-packages/airflow/example_dags/example_nested_branch_dag.py
[2025-03-08T02:37:13.424+0700] {logging_mixin.py:190} INFO - [2025-03-08T02:37:13.424+0700] {dag.py:3239} INFO - Sync 1 DAGs
[2025-03-08T02:37:13.443+0700] {logging_mixin.py:190} INFO - [2025-03-08T02:37:13.443+0700] {dag.py:4180} INFO - Setting next_dagrun for example_nested_branch_dag to 2025-03-06 00:00:00+00:00, run_after=2025-03-07 00:00:00+00:00
[2025-03-08T02:37:13.461+0700] {processor.py:208} INFO - Processing /home/dataengineer/.pyenv/versions/3.9.21/lib/python3.9/site-packages/airflow/example_dags/example_nested_branch_dag.py took 0.071 seconds
[2025-03-08T02:39:17.854+0700] {processor.py:186} INFO - Started process (PID=72516) to work on /home/dataengineer/.pyenv/versions/3.9.21/lib/python3.9/site-packages/airflow/example_dags/example_nested_branch_dag.py
[2025-03-08T02:39:17.856+0700] {processor.py:914} INFO - Processing file /home/dataengineer/.pyenv/versions/3.9.21/lib/python3.9/site-packages/airflow/example_dags/example_nested_branch_dag.py for tasks to queue
[2025-03-08T02:39:17.858+0700] {logging_mixin.py:190} INFO - [2025-03-08T02:39:17.858+0700] {dagbag.py:588} INFO - Filling up the DagBag from /home/dataengineer/.pyenv/versions/3.9.21/lib/python3.9/site-packages/airflow/example_dags/example_nested_branch_dag.py
[2025-03-08T02:39:17.872+0700] {processor.py:925} INFO - DAG(s) 'example_nested_branch_dag' retrieved from /home/dataengineer/.pyenv/versions/3.9.21/lib/python3.9/site-packages/airflow/example_dags/example_nested_branch_dag.py
[2025-03-08T02:39:17.893+0700] {logging_mixin.py:190} INFO - [2025-03-08T02:39:17.893+0700] {dag.py:3239} INFO - Sync 1 DAGs
[2025-03-08T02:39:17.919+0700] {logging_mixin.py:190} INFO - [2025-03-08T02:39:17.918+0700] {dag.py:4180} INFO - Setting next_dagrun for example_nested_branch_dag to 2025-03-06 00:00:00+00:00, run_after=2025-03-07 00:00:00+00:00
[2025-03-08T02:39:17.942+0700] {processor.py:208} INFO - Processing /home/dataengineer/.pyenv/versions/3.9.21/lib/python3.9/site-packages/airflow/example_dags/example_nested_branch_dag.py took 0.095 seconds
