[2025-03-08T00:57:10.714+0700] {processor.py:186} INFO - Started process (PID=36533) to work on /home/dataengineer/.pyenv/versions/3.9.21/lib/python3.9/site-packages/airflow/example_dags/example_branch_day_of_week_operator.py
[2025-03-08T00:57:10.714+0700] {processor.py:914} INFO - Processing file /home/dataengineer/.pyenv/versions/3.9.21/lib/python3.9/site-packages/airflow/example_dags/example_branch_day_of_week_operator.py for tasks to queue
[2025-03-08T00:57:10.716+0700] {logging_mixin.py:190} INFO - [2025-03-08T00:57:10.716+0700] {dagbag.py:588} INFO - Filling up the DagBag from /home/dataengineer/.pyenv/versions/3.9.21/lib/python3.9/site-packages/airflow/example_dags/example_branch_day_of_week_operator.py
[2025-03-08T00:57:10.725+0700] {processor.py:925} INFO - DAG(s) 'example_weekday_branch_operator' retrieved from /home/dataengineer/.pyenv/versions/3.9.21/lib/python3.9/site-packages/airflow/example_dags/example_branch_day_of_week_operator.py
[2025-03-08T00:57:10.741+0700] {logging_mixin.py:190} INFO - [2025-03-08T00:57:10.741+0700] {dag.py:3239} INFO - Sync 1 DAGs
[2025-03-08T00:57:10.765+0700] {logging_mixin.py:190} INFO - [2025-03-08T00:57:10.765+0700] {dag.py:4180} INFO - Setting next_dagrun for example_weekday_branch_operator to 2025-03-06 00:00:00+00:00, run_after=2025-03-07 00:00:00+00:00
[2025-03-08T00:57:10.785+0700] {processor.py:208} INFO - Processing /home/dataengineer/.pyenv/versions/3.9.21/lib/python3.9/site-packages/airflow/example_dags/example_branch_day_of_week_operator.py took 0.077 seconds
[2025-03-08T00:58:14.982+0700] {processor.py:186} INFO - Started process (PID=37139) to work on /home/dataengineer/.pyenv/versions/3.9.21/lib/python3.9/site-packages/airflow/example_dags/example_branch_day_of_week_operator.py
[2025-03-08T00:58:14.993+0700] {processor.py:914} INFO - Processing file /home/dataengineer/.pyenv/versions/3.9.21/lib/python3.9/site-packages/airflow/example_dags/example_branch_day_of_week_operator.py for tasks to queue
[2025-03-08T00:58:14.995+0700] {logging_mixin.py:190} INFO - [2025-03-08T00:58:14.995+0700] {dagbag.py:588} INFO - Filling up the DagBag from /home/dataengineer/.pyenv/versions/3.9.21/lib/python3.9/site-packages/airflow/example_dags/example_branch_day_of_week_operator.py
[2025-03-08T00:58:15.007+0700] {processor.py:925} INFO - DAG(s) 'example_weekday_branch_operator' retrieved from /home/dataengineer/.pyenv/versions/3.9.21/lib/python3.9/site-packages/airflow/example_dags/example_branch_day_of_week_operator.py
[2025-03-08T00:58:15.023+0700] {logging_mixin.py:190} INFO - [2025-03-08T00:58:15.023+0700] {dag.py:3239} INFO - Sync 1 DAGs
[2025-03-08T00:58:15.045+0700] {logging_mixin.py:190} INFO - [2025-03-08T00:58:15.045+0700] {dag.py:4180} INFO - Setting next_dagrun for example_weekday_branch_operator to 2025-03-06 00:00:00+00:00, run_after=2025-03-07 00:00:00+00:00
[2025-03-08T00:58:15.068+0700] {processor.py:208} INFO - Processing /home/dataengineer/.pyenv/versions/3.9.21/lib/python3.9/site-packages/airflow/example_dags/example_branch_day_of_week_operator.py took 0.093 seconds
[2025-03-08T00:59:16.761+0700] {processor.py:186} INFO - Started process (PID=37569) to work on /home/dataengineer/.pyenv/versions/3.9.21/lib/python3.9/site-packages/airflow/example_dags/example_branch_day_of_week_operator.py
[2025-03-08T00:59:16.762+0700] {processor.py:914} INFO - Processing file /home/dataengineer/.pyenv/versions/3.9.21/lib/python3.9/site-packages/airflow/example_dags/example_branch_day_of_week_operator.py for tasks to queue
[2025-03-08T00:59:16.764+0700] {logging_mixin.py:190} INFO - [2025-03-08T00:59:16.763+0700] {dagbag.py:588} INFO - Filling up the DagBag from /home/dataengineer/.pyenv/versions/3.9.21/lib/python3.9/site-packages/airflow/example_dags/example_branch_day_of_week_operator.py
[2025-03-08T00:59:16.772+0700] {processor.py:925} INFO - DAG(s) 'example_weekday_branch_operator' retrieved from /home/dataengineer/.pyenv/versions/3.9.21/lib/python3.9/site-packages/airflow/example_dags/example_branch_day_of_week_operator.py
[2025-03-08T00:59:16.786+0700] {logging_mixin.py:190} INFO - [2025-03-08T00:59:16.786+0700] {dag.py:3239} INFO - Sync 1 DAGs
[2025-03-08T00:59:16.804+0700] {logging_mixin.py:190} INFO - [2025-03-08T00:59:16.804+0700] {dag.py:4180} INFO - Setting next_dagrun for example_weekday_branch_operator to 2025-03-06 00:00:00+00:00, run_after=2025-03-07 00:00:00+00:00
[2025-03-08T00:59:16.823+0700] {processor.py:208} INFO - Processing /home/dataengineer/.pyenv/versions/3.9.21/lib/python3.9/site-packages/airflow/example_dags/example_branch_day_of_week_operator.py took 0.068 seconds
[2025-03-08T01:00:18.366+0700] {processor.py:186} INFO - Started process (PID=37997) to work on /home/dataengineer/.pyenv/versions/3.9.21/lib/python3.9/site-packages/airflow/example_dags/example_branch_day_of_week_operator.py
[2025-03-08T01:00:18.367+0700] {processor.py:914} INFO - Processing file /home/dataengineer/.pyenv/versions/3.9.21/lib/python3.9/site-packages/airflow/example_dags/example_branch_day_of_week_operator.py for tasks to queue
[2025-03-08T01:00:18.368+0700] {logging_mixin.py:190} INFO - [2025-03-08T01:00:18.368+0700] {dagbag.py:588} INFO - Filling up the DagBag from /home/dataengineer/.pyenv/versions/3.9.21/lib/python3.9/site-packages/airflow/example_dags/example_branch_day_of_week_operator.py
[2025-03-08T01:00:18.377+0700] {processor.py:925} INFO - DAG(s) 'example_weekday_branch_operator' retrieved from /home/dataengineer/.pyenv/versions/3.9.21/lib/python3.9/site-packages/airflow/example_dags/example_branch_day_of_week_operator.py
[2025-03-08T01:00:18.394+0700] {logging_mixin.py:190} INFO - [2025-03-08T01:00:18.394+0700] {dag.py:3239} INFO - Sync 1 DAGs
[2025-03-08T01:00:18.414+0700] {logging_mixin.py:190} INFO - [2025-03-08T01:00:18.414+0700] {dag.py:4180} INFO - Setting next_dagrun for example_weekday_branch_operator to 2025-03-06 00:00:00+00:00, run_after=2025-03-07 00:00:00+00:00
[2025-03-08T01:00:18.432+0700] {processor.py:208} INFO - Processing /home/dataengineer/.pyenv/versions/3.9.21/lib/python3.9/site-packages/airflow/example_dags/example_branch_day_of_week_operator.py took 0.072 seconds
[2025-03-08T01:01:20.010+0700] {processor.py:186} INFO - Started process (PID=38429) to work on /home/dataengineer/.pyenv/versions/3.9.21/lib/python3.9/site-packages/airflow/example_dags/example_branch_day_of_week_operator.py
[2025-03-08T01:01:20.011+0700] {processor.py:914} INFO - Processing file /home/dataengineer/.pyenv/versions/3.9.21/lib/python3.9/site-packages/airflow/example_dags/example_branch_day_of_week_operator.py for tasks to queue
[2025-03-08T01:01:20.013+0700] {logging_mixin.py:190} INFO - [2025-03-08T01:01:20.012+0700] {dagbag.py:588} INFO - Filling up the DagBag from /home/dataengineer/.pyenv/versions/3.9.21/lib/python3.9/site-packages/airflow/example_dags/example_branch_day_of_week_operator.py
[2025-03-08T01:01:20.023+0700] {processor.py:925} INFO - DAG(s) 'example_weekday_branch_operator' retrieved from /home/dataengineer/.pyenv/versions/3.9.21/lib/python3.9/site-packages/airflow/example_dags/example_branch_day_of_week_operator.py
[2025-03-08T01:01:20.039+0700] {logging_mixin.py:190} INFO - [2025-03-08T01:01:20.038+0700] {dag.py:3239} INFO - Sync 1 DAGs
[2025-03-08T01:01:20.057+0700] {logging_mixin.py:190} INFO - [2025-03-08T01:01:20.057+0700] {dag.py:4180} INFO - Setting next_dagrun for example_weekday_branch_operator to 2025-03-06 00:00:00+00:00, run_after=2025-03-07 00:00:00+00:00
[2025-03-08T01:01:20.075+0700] {processor.py:208} INFO - Processing /home/dataengineer/.pyenv/versions/3.9.21/lib/python3.9/site-packages/airflow/example_dags/example_branch_day_of_week_operator.py took 0.071 seconds
[2025-03-08T01:02:21.922+0700] {processor.py:186} INFO - Started process (PID=38961) to work on /home/dataengineer/.pyenv/versions/3.9.21/lib/python3.9/site-packages/airflow/example_dags/example_branch_day_of_week_operator.py
[2025-03-08T01:02:21.923+0700] {processor.py:914} INFO - Processing file /home/dataengineer/.pyenv/versions/3.9.21/lib/python3.9/site-packages/airflow/example_dags/example_branch_day_of_week_operator.py for tasks to queue
[2025-03-08T01:02:21.925+0700] {logging_mixin.py:190} INFO - [2025-03-08T01:02:21.924+0700] {dagbag.py:588} INFO - Filling up the DagBag from /home/dataengineer/.pyenv/versions/3.9.21/lib/python3.9/site-packages/airflow/example_dags/example_branch_day_of_week_operator.py
[2025-03-08T01:02:21.934+0700] {processor.py:925} INFO - DAG(s) 'example_weekday_branch_operator' retrieved from /home/dataengineer/.pyenv/versions/3.9.21/lib/python3.9/site-packages/airflow/example_dags/example_branch_day_of_week_operator.py
[2025-03-08T01:02:21.949+0700] {logging_mixin.py:190} INFO - [2025-03-08T01:02:21.948+0700] {dag.py:3239} INFO - Sync 1 DAGs
[2025-03-08T01:02:21.969+0700] {logging_mixin.py:190} INFO - [2025-03-08T01:02:21.969+0700] {dag.py:4180} INFO - Setting next_dagrun for example_weekday_branch_operator to 2025-03-06 00:00:00+00:00, run_after=2025-03-07 00:00:00+00:00
[2025-03-08T01:02:21.988+0700] {processor.py:208} INFO - Processing /home/dataengineer/.pyenv/versions/3.9.21/lib/python3.9/site-packages/airflow/example_dags/example_branch_day_of_week_operator.py took 0.072 seconds
[2025-03-08T01:03:22.276+0700] {processor.py:186} INFO - Started process (PID=39599) to work on /home/dataengineer/.pyenv/versions/3.9.21/lib/python3.9/site-packages/airflow/example_dags/example_branch_day_of_week_operator.py
[2025-03-08T01:03:22.277+0700] {processor.py:914} INFO - Processing file /home/dataengineer/.pyenv/versions/3.9.21/lib/python3.9/site-packages/airflow/example_dags/example_branch_day_of_week_operator.py for tasks to queue
[2025-03-08T01:03:22.279+0700] {logging_mixin.py:190} INFO - [2025-03-08T01:03:22.279+0700] {dagbag.py:588} INFO - Filling up the DagBag from /home/dataengineer/.pyenv/versions/3.9.21/lib/python3.9/site-packages/airflow/example_dags/example_branch_day_of_week_operator.py
[2025-03-08T01:03:22.291+0700] {processor.py:925} INFO - DAG(s) 'example_weekday_branch_operator' retrieved from /home/dataengineer/.pyenv/versions/3.9.21/lib/python3.9/site-packages/airflow/example_dags/example_branch_day_of_week_operator.py
[2025-03-08T01:03:22.306+0700] {logging_mixin.py:190} INFO - [2025-03-08T01:03:22.306+0700] {dag.py:3239} INFO - Sync 1 DAGs
[2025-03-08T01:03:22.328+0700] {logging_mixin.py:190} INFO - [2025-03-08T01:03:22.328+0700] {dag.py:4180} INFO - Setting next_dagrun for example_weekday_branch_operator to 2025-03-06 00:00:00+00:00, run_after=2025-03-07 00:00:00+00:00
[2025-03-08T01:03:22.348+0700] {processor.py:208} INFO - Processing /home/dataengineer/.pyenv/versions/3.9.21/lib/python3.9/site-packages/airflow/example_dags/example_branch_day_of_week_operator.py took 0.078 seconds
[2025-03-08T01:04:22.911+0700] {processor.py:186} INFO - Started process (PID=41259) to work on /home/dataengineer/.pyenv/versions/3.9.21/lib/python3.9/site-packages/airflow/example_dags/example_branch_day_of_week_operator.py
[2025-03-08T01:04:22.913+0700] {processor.py:914} INFO - Processing file /home/dataengineer/.pyenv/versions/3.9.21/lib/python3.9/site-packages/airflow/example_dags/example_branch_day_of_week_operator.py for tasks to queue
[2025-03-08T01:04:22.914+0700] {logging_mixin.py:190} INFO - [2025-03-08T01:04:22.914+0700] {dagbag.py:588} INFO - Filling up the DagBag from /home/dataengineer/.pyenv/versions/3.9.21/lib/python3.9/site-packages/airflow/example_dags/example_branch_day_of_week_operator.py
[2025-03-08T01:04:22.923+0700] {processor.py:925} INFO - DAG(s) 'example_weekday_branch_operator' retrieved from /home/dataengineer/.pyenv/versions/3.9.21/lib/python3.9/site-packages/airflow/example_dags/example_branch_day_of_week_operator.py
[2025-03-08T01:04:22.936+0700] {logging_mixin.py:190} INFO - [2025-03-08T01:04:22.936+0700] {dag.py:3239} INFO - Sync 1 DAGs
[2025-03-08T01:04:22.954+0700] {logging_mixin.py:190} INFO - [2025-03-08T01:04:22.954+0700] {dag.py:4180} INFO - Setting next_dagrun for example_weekday_branch_operator to 2025-03-06 00:00:00+00:00, run_after=2025-03-07 00:00:00+00:00
[2025-03-08T01:04:22.972+0700] {processor.py:208} INFO - Processing /home/dataengineer/.pyenv/versions/3.9.21/lib/python3.9/site-packages/airflow/example_dags/example_branch_day_of_week_operator.py took 0.066 seconds
[2025-03-08T02:29:43.124+0700] {processor.py:186} INFO - Started process (PID=67723) to work on /home/dataengineer/.pyenv/versions/3.9.21/lib/python3.9/site-packages/airflow/example_dags/example_branch_day_of_week_operator.py
[2025-03-08T02:29:43.126+0700] {processor.py:914} INFO - Processing file /home/dataengineer/.pyenv/versions/3.9.21/lib/python3.9/site-packages/airflow/example_dags/example_branch_day_of_week_operator.py for tasks to queue
[2025-03-08T02:29:43.128+0700] {logging_mixin.py:190} INFO - [2025-03-08T02:29:43.128+0700] {dagbag.py:588} INFO - Filling up the DagBag from /home/dataengineer/.pyenv/versions/3.9.21/lib/python3.9/site-packages/airflow/example_dags/example_branch_day_of_week_operator.py
[2025-03-08T02:29:43.137+0700] {processor.py:925} INFO - DAG(s) 'example_weekday_branch_operator' retrieved from /home/dataengineer/.pyenv/versions/3.9.21/lib/python3.9/site-packages/airflow/example_dags/example_branch_day_of_week_operator.py
[2025-03-08T02:29:43.154+0700] {logging_mixin.py:190} INFO - [2025-03-08T02:29:43.154+0700] {dag.py:3239} INFO - Sync 1 DAGs
[2025-03-08T02:29:43.174+0700] {logging_mixin.py:190} INFO - [2025-03-08T02:29:43.173+0700] {dag.py:4180} INFO - Setting next_dagrun for example_weekday_branch_operator to 2025-03-06 00:00:00+00:00, run_after=2025-03-07 00:00:00+00:00
[2025-03-08T02:29:43.192+0700] {processor.py:208} INFO - Processing /home/dataengineer/.pyenv/versions/3.9.21/lib/python3.9/site-packages/airflow/example_dags/example_branch_day_of_week_operator.py took 0.074 seconds
[2025-03-08T02:30:40.665+0700] {processor.py:186} INFO - Started process (PID=68105) to work on /home/dataengineer/.pyenv/versions/3.9.21/lib/python3.9/site-packages/airflow/example_dags/example_branch_day_of_week_operator.py
[2025-03-08T02:30:40.666+0700] {processor.py:914} INFO - Processing file /home/dataengineer/.pyenv/versions/3.9.21/lib/python3.9/site-packages/airflow/example_dags/example_branch_day_of_week_operator.py for tasks to queue
[2025-03-08T02:30:40.667+0700] {logging_mixin.py:190} INFO - [2025-03-08T02:30:40.667+0700] {dagbag.py:588} INFO - Filling up the DagBag from /home/dataengineer/.pyenv/versions/3.9.21/lib/python3.9/site-packages/airflow/example_dags/example_branch_day_of_week_operator.py
[2025-03-08T02:30:40.677+0700] {processor.py:925} INFO - DAG(s) 'example_weekday_branch_operator' retrieved from /home/dataengineer/.pyenv/versions/3.9.21/lib/python3.9/site-packages/airflow/example_dags/example_branch_day_of_week_operator.py
[2025-03-08T02:30:40.690+0700] {logging_mixin.py:190} INFO - [2025-03-08T02:30:40.690+0700] {dag.py:3239} INFO - Sync 1 DAGs
[2025-03-08T02:30:40.710+0700] {logging_mixin.py:190} INFO - [2025-03-08T02:30:40.709+0700] {dag.py:4180} INFO - Setting next_dagrun for example_weekday_branch_operator to 2025-03-06 00:00:00+00:00, run_after=2025-03-07 00:00:00+00:00
[2025-03-08T02:30:40.728+0700] {processor.py:208} INFO - Processing /home/dataengineer/.pyenv/versions/3.9.21/lib/python3.9/site-packages/airflow/example_dags/example_branch_day_of_week_operator.py took 0.069 seconds
[2025-03-08T02:31:37.584+0700] {processor.py:186} INFO - Started process (PID=68850) to work on /home/dataengineer/.pyenv/versions/3.9.21/lib/python3.9/site-packages/airflow/example_dags/example_branch_day_of_week_operator.py
[2025-03-08T02:31:37.585+0700] {processor.py:914} INFO - Processing file /home/dataengineer/.pyenv/versions/3.9.21/lib/python3.9/site-packages/airflow/example_dags/example_branch_day_of_week_operator.py for tasks to queue
[2025-03-08T02:31:37.587+0700] {logging_mixin.py:190} INFO - [2025-03-08T02:31:37.587+0700] {dagbag.py:588} INFO - Filling up the DagBag from /home/dataengineer/.pyenv/versions/3.9.21/lib/python3.9/site-packages/airflow/example_dags/example_branch_day_of_week_operator.py
[2025-03-08T02:31:37.600+0700] {processor.py:925} INFO - DAG(s) 'example_weekday_branch_operator' retrieved from /home/dataengineer/.pyenv/versions/3.9.21/lib/python3.9/site-packages/airflow/example_dags/example_branch_day_of_week_operator.py
[2025-03-08T02:31:37.617+0700] {logging_mixin.py:190} INFO - [2025-03-08T02:31:37.616+0700] {dag.py:3239} INFO - Sync 1 DAGs
[2025-03-08T02:31:37.639+0700] {logging_mixin.py:190} INFO - [2025-03-08T02:31:37.639+0700] {dag.py:4180} INFO - Setting next_dagrun for example_weekday_branch_operator to 2025-03-06 00:00:00+00:00, run_after=2025-03-07 00:00:00+00:00
[2025-03-08T02:31:37.659+0700] {processor.py:208} INFO - Processing /home/dataengineer/.pyenv/versions/3.9.21/lib/python3.9/site-packages/airflow/example_dags/example_branch_day_of_week_operator.py took 0.082 seconds
[2025-03-08T02:32:34.143+0700] {processor.py:186} INFO - Started process (PID=69099) to work on /home/dataengineer/.pyenv/versions/3.9.21/lib/python3.9/site-packages/airflow/example_dags/example_branch_day_of_week_operator.py
[2025-03-08T02:32:34.144+0700] {processor.py:914} INFO - Processing file /home/dataengineer/.pyenv/versions/3.9.21/lib/python3.9/site-packages/airflow/example_dags/example_branch_day_of_week_operator.py for tasks to queue
[2025-03-08T02:32:34.145+0700] {logging_mixin.py:190} INFO - [2025-03-08T02:32:34.145+0700] {dagbag.py:588} INFO - Filling up the DagBag from /home/dataengineer/.pyenv/versions/3.9.21/lib/python3.9/site-packages/airflow/example_dags/example_branch_day_of_week_operator.py
[2025-03-08T02:32:34.154+0700] {processor.py:925} INFO - DAG(s) 'example_weekday_branch_operator' retrieved from /home/dataengineer/.pyenv/versions/3.9.21/lib/python3.9/site-packages/airflow/example_dags/example_branch_day_of_week_operator.py
[2025-03-08T02:32:34.166+0700] {logging_mixin.py:190} INFO - [2025-03-08T02:32:34.166+0700] {dag.py:3239} INFO - Sync 1 DAGs
[2025-03-08T02:32:34.185+0700] {logging_mixin.py:190} INFO - [2025-03-08T02:32:34.184+0700] {dag.py:4180} INFO - Setting next_dagrun for example_weekday_branch_operator to 2025-03-06 00:00:00+00:00, run_after=2025-03-07 00:00:00+00:00
[2025-03-08T02:32:34.202+0700] {processor.py:208} INFO - Processing /home/dataengineer/.pyenv/versions/3.9.21/lib/python3.9/site-packages/airflow/example_dags/example_branch_day_of_week_operator.py took 0.065 seconds
[2025-03-08T02:33:31.191+0700] {processor.py:186} INFO - Started process (PID=69354) to work on /home/dataengineer/.pyenv/versions/3.9.21/lib/python3.9/site-packages/airflow/example_dags/example_branch_day_of_week_operator.py
[2025-03-08T02:33:31.192+0700] {processor.py:914} INFO - Processing file /home/dataengineer/.pyenv/versions/3.9.21/lib/python3.9/site-packages/airflow/example_dags/example_branch_day_of_week_operator.py for tasks to queue
[2025-03-08T02:33:31.193+0700] {logging_mixin.py:190} INFO - [2025-03-08T02:33:31.193+0700] {dagbag.py:588} INFO - Filling up the DagBag from /home/dataengineer/.pyenv/versions/3.9.21/lib/python3.9/site-packages/airflow/example_dags/example_branch_day_of_week_operator.py
[2025-03-08T02:33:31.204+0700] {processor.py:925} INFO - DAG(s) 'example_weekday_branch_operator' retrieved from /home/dataengineer/.pyenv/versions/3.9.21/lib/python3.9/site-packages/airflow/example_dags/example_branch_day_of_week_operator.py
[2025-03-08T02:33:31.219+0700] {logging_mixin.py:190} INFO - [2025-03-08T02:33:31.218+0700] {dag.py:3239} INFO - Sync 1 DAGs
[2025-03-08T02:33:31.241+0700] {logging_mixin.py:190} INFO - [2025-03-08T02:33:31.240+0700] {dag.py:4180} INFO - Setting next_dagrun for example_weekday_branch_operator to 2025-03-06 00:00:00+00:00, run_after=2025-03-07 00:00:00+00:00
[2025-03-08T02:33:31.261+0700] {processor.py:208} INFO - Processing /home/dataengineer/.pyenv/versions/3.9.21/lib/python3.9/site-packages/airflow/example_dags/example_branch_day_of_week_operator.py took 0.076 seconds
[2025-03-08T02:35:07.062+0700] {processor.py:186} INFO - Started process (PID=70446) to work on /home/dataengineer/.pyenv/versions/3.9.21/lib/python3.9/site-packages/airflow/example_dags/example_branch_day_of_week_operator.py
[2025-03-08T02:35:07.063+0700] {processor.py:914} INFO - Processing file /home/dataengineer/.pyenv/versions/3.9.21/lib/python3.9/site-packages/airflow/example_dags/example_branch_day_of_week_operator.py for tasks to queue
[2025-03-08T02:35:07.066+0700] {logging_mixin.py:190} INFO - [2025-03-08T02:35:07.065+0700] {dagbag.py:588} INFO - Filling up the DagBag from /home/dataengineer/.pyenv/versions/3.9.21/lib/python3.9/site-packages/airflow/example_dags/example_branch_day_of_week_operator.py
[2025-03-08T02:35:07.075+0700] {processor.py:925} INFO - DAG(s) 'example_weekday_branch_operator' retrieved from /home/dataengineer/.pyenv/versions/3.9.21/lib/python3.9/site-packages/airflow/example_dags/example_branch_day_of_week_operator.py
[2025-03-08T02:35:07.092+0700] {logging_mixin.py:190} INFO - [2025-03-08T02:35:07.091+0700] {dag.py:3239} INFO - Sync 1 DAGs
[2025-03-08T02:35:07.112+0700] {logging_mixin.py:190} INFO - [2025-03-08T02:35:07.112+0700] {dag.py:4180} INFO - Setting next_dagrun for example_weekday_branch_operator to 2025-03-06 00:00:00+00:00, run_after=2025-03-07 00:00:00+00:00
[2025-03-08T02:35:07.133+0700] {processor.py:208} INFO - Processing /home/dataengineer/.pyenv/versions/3.9.21/lib/python3.9/site-packages/airflow/example_dags/example_branch_day_of_week_operator.py took 0.077 seconds
[2025-03-08T02:36:07.739+0700] {processor.py:186} INFO - Started process (PID=70871) to work on /home/dataengineer/.pyenv/versions/3.9.21/lib/python3.9/site-packages/airflow/example_dags/example_branch_day_of_week_operator.py
[2025-03-08T02:36:07.740+0700] {processor.py:914} INFO - Processing file /home/dataengineer/.pyenv/versions/3.9.21/lib/python3.9/site-packages/airflow/example_dags/example_branch_day_of_week_operator.py for tasks to queue
[2025-03-08T02:36:07.742+0700] {logging_mixin.py:190} INFO - [2025-03-08T02:36:07.741+0700] {dagbag.py:588} INFO - Filling up the DagBag from /home/dataengineer/.pyenv/versions/3.9.21/lib/python3.9/site-packages/airflow/example_dags/example_branch_day_of_week_operator.py
[2025-03-08T02:36:07.751+0700] {processor.py:925} INFO - DAG(s) 'example_weekday_branch_operator' retrieved from /home/dataengineer/.pyenv/versions/3.9.21/lib/python3.9/site-packages/airflow/example_dags/example_branch_day_of_week_operator.py
[2025-03-08T02:36:07.765+0700] {logging_mixin.py:190} INFO - [2025-03-08T02:36:07.764+0700] {dag.py:3239} INFO - Sync 1 DAGs
[2025-03-08T02:36:07.783+0700] {logging_mixin.py:190} INFO - [2025-03-08T02:36:07.783+0700] {dag.py:4180} INFO - Setting next_dagrun for example_weekday_branch_operator to 2025-03-06 00:00:00+00:00, run_after=2025-03-07 00:00:00+00:00
[2025-03-08T02:36:07.804+0700] {processor.py:208} INFO - Processing /home/dataengineer/.pyenv/versions/3.9.21/lib/python3.9/site-packages/airflow/example_dags/example_branch_day_of_week_operator.py took 0.071 seconds
[2025-03-08T02:37:09.370+0700] {processor.py:186} INFO - Started process (PID=71318) to work on /home/dataengineer/.pyenv/versions/3.9.21/lib/python3.9/site-packages/airflow/example_dags/example_branch_day_of_week_operator.py
[2025-03-08T02:37:09.371+0700] {processor.py:914} INFO - Processing file /home/dataengineer/.pyenv/versions/3.9.21/lib/python3.9/site-packages/airflow/example_dags/example_branch_day_of_week_operator.py for tasks to queue
[2025-03-08T02:37:09.374+0700] {logging_mixin.py:190} INFO - [2025-03-08T02:37:09.373+0700] {dagbag.py:588} INFO - Filling up the DagBag from /home/dataengineer/.pyenv/versions/3.9.21/lib/python3.9/site-packages/airflow/example_dags/example_branch_day_of_week_operator.py
[2025-03-08T02:37:09.384+0700] {processor.py:925} INFO - DAG(s) 'example_weekday_branch_operator' retrieved from /home/dataengineer/.pyenv/versions/3.9.21/lib/python3.9/site-packages/airflow/example_dags/example_branch_day_of_week_operator.py
[2025-03-08T02:37:09.399+0700] {logging_mixin.py:190} INFO - [2025-03-08T02:37:09.398+0700] {dag.py:3239} INFO - Sync 1 DAGs
[2025-03-08T02:37:09.419+0700] {logging_mixin.py:190} INFO - [2025-03-08T02:37:09.419+0700] {dag.py:4180} INFO - Setting next_dagrun for example_weekday_branch_operator to 2025-03-06 00:00:00+00:00, run_after=2025-03-07 00:00:00+00:00
[2025-03-08T02:37:09.440+0700] {processor.py:208} INFO - Processing /home/dataengineer/.pyenv/versions/3.9.21/lib/python3.9/site-packages/airflow/example_dags/example_branch_day_of_week_operator.py took 0.077 seconds
[2025-03-08T02:39:13.757+0700] {processor.py:186} INFO - Started process (PID=72498) to work on /home/dataengineer/.pyenv/versions/3.9.21/lib/python3.9/site-packages/airflow/example_dags/example_branch_day_of_week_operator.py
[2025-03-08T02:39:13.758+0700] {processor.py:914} INFO - Processing file /home/dataengineer/.pyenv/versions/3.9.21/lib/python3.9/site-packages/airflow/example_dags/example_branch_day_of_week_operator.py for tasks to queue
[2025-03-08T02:39:13.761+0700] {logging_mixin.py:190} INFO - [2025-03-08T02:39:13.761+0700] {dagbag.py:588} INFO - Filling up the DagBag from /home/dataengineer/.pyenv/versions/3.9.21/lib/python3.9/site-packages/airflow/example_dags/example_branch_day_of_week_operator.py
[2025-03-08T02:39:13.773+0700] {processor.py:925} INFO - DAG(s) 'example_weekday_branch_operator' retrieved from /home/dataengineer/.pyenv/versions/3.9.21/lib/python3.9/site-packages/airflow/example_dags/example_branch_day_of_week_operator.py
[2025-03-08T02:39:13.794+0700] {logging_mixin.py:190} INFO - [2025-03-08T02:39:13.794+0700] {dag.py:3239} INFO - Sync 1 DAGs
[2025-03-08T02:39:13.818+0700] {logging_mixin.py:190} INFO - [2025-03-08T02:39:13.818+0700] {dag.py:4180} INFO - Setting next_dagrun for example_weekday_branch_operator to 2025-03-06 00:00:00+00:00, run_after=2025-03-07 00:00:00+00:00
[2025-03-08T02:39:13.839+0700] {processor.py:208} INFO - Processing /home/dataengineer/.pyenv/versions/3.9.21/lib/python3.9/site-packages/airflow/example_dags/example_branch_day_of_week_operator.py took 0.089 seconds
