[2025-03-08T00:56:35.044+0700] {processor.py:186} INFO - Started process (PID=36279) to work on /home/dataengineer/.pyenv/versions/3.9.21/lib/python3.9/site-packages/airflow/example_dags/tutorial_taskflow_templates.py
[2025-03-08T00:56:35.044+0700] {processor.py:914} INFO - Processing file /home/dataengineer/.pyenv/versions/3.9.21/lib/python3.9/site-packages/airflow/example_dags/tutorial_taskflow_templates.py for tasks to queue
[2025-03-08T00:56:35.047+0700] {logging_mixin.py:190} INFO - [2025-03-08T00:56:35.046+0700] {dagbag.py:588} INFO - Filling up the DagBag from /home/dataengineer/.pyenv/versions/3.9.21/lib/python3.9/site-packages/airflow/example_dags/tutorial_taskflow_templates.py
[2025-03-08T00:56:35.059+0700] {processor.py:925} INFO - DAG(s) 'tutorial_taskflow_templates' retrieved from /home/dataengineer/.pyenv/versions/3.9.21/lib/python3.9/site-packages/airflow/example_dags/tutorial_taskflow_templates.py
[2025-03-08T00:56:35.081+0700] {logging_mixin.py:190} INFO - [2025-03-08T00:56:35.080+0700] {dag.py:3239} INFO - Sync 1 DAGs
[2025-03-08T00:56:35.101+0700] {logging_mixin.py:190} INFO - [2025-03-08T00:56:35.101+0700] {dag.py:4180} INFO - Setting next_dagrun for tutorial_taskflow_templates to 2025-03-06 00:00:00+00:00, run_after=2025-03-07 00:00:00+00:00
[2025-03-08T00:56:35.122+0700] {processor.py:208} INFO - Processing /home/dataengineer/.pyenv/versions/3.9.21/lib/python3.9/site-packages/airflow/example_dags/tutorial_taskflow_templates.py took 0.084 seconds
[2025-03-08T00:57:40.393+0700] {processor.py:186} INFO - Started process (PID=36906) to work on /home/dataengineer/.pyenv/versions/3.9.21/lib/python3.9/site-packages/airflow/example_dags/tutorial_taskflow_templates.py
[2025-03-08T00:57:40.410+0700] {processor.py:914} INFO - Processing file /home/dataengineer/.pyenv/versions/3.9.21/lib/python3.9/site-packages/airflow/example_dags/tutorial_taskflow_templates.py for tasks to queue
[2025-03-08T00:57:40.413+0700] {logging_mixin.py:190} INFO - [2025-03-08T00:57:40.413+0700] {dagbag.py:588} INFO - Filling up the DagBag from /home/dataengineer/.pyenv/versions/3.9.21/lib/python3.9/site-packages/airflow/example_dags/tutorial_taskflow_templates.py
[2025-03-08T00:57:40.461+0700] {processor.py:925} INFO - DAG(s) 'tutorial_taskflow_templates' retrieved from /home/dataengineer/.pyenv/versions/3.9.21/lib/python3.9/site-packages/airflow/example_dags/tutorial_taskflow_templates.py
[2025-03-08T00:57:40.524+0700] {logging_mixin.py:190} INFO - [2025-03-08T00:57:40.518+0700] {dag.py:3239} INFO - Sync 1 DAGs
[2025-03-08T00:57:40.590+0700] {logging_mixin.py:190} INFO - [2025-03-08T00:57:40.589+0700] {dag.py:4180} INFO - Setting next_dagrun for tutorial_taskflow_templates to 2025-03-06 00:00:00+00:00, run_after=2025-03-07 00:00:00+00:00
[2025-03-08T00:57:40.661+0700] {processor.py:208} INFO - Processing /home/dataengineer/.pyenv/versions/3.9.21/lib/python3.9/site-packages/airflow/example_dags/tutorial_taskflow_templates.py took 0.274 seconds
[2025-03-08T00:58:42.428+0700] {processor.py:186} INFO - Started process (PID=37436) to work on /home/dataengineer/.pyenv/versions/3.9.21/lib/python3.9/site-packages/airflow/example_dags/tutorial_taskflow_templates.py
[2025-03-08T00:58:42.429+0700] {processor.py:914} INFO - Processing file /home/dataengineer/.pyenv/versions/3.9.21/lib/python3.9/site-packages/airflow/example_dags/tutorial_taskflow_templates.py for tasks to queue
[2025-03-08T00:58:42.431+0700] {logging_mixin.py:190} INFO - [2025-03-08T00:58:42.431+0700] {dagbag.py:588} INFO - Filling up the DagBag from /home/dataengineer/.pyenv/versions/3.9.21/lib/python3.9/site-packages/airflow/example_dags/tutorial_taskflow_templates.py
[2025-03-08T00:58:42.443+0700] {processor.py:925} INFO - DAG(s) 'tutorial_taskflow_templates' retrieved from /home/dataengineer/.pyenv/versions/3.9.21/lib/python3.9/site-packages/airflow/example_dags/tutorial_taskflow_templates.py
[2025-03-08T00:58:42.457+0700] {logging_mixin.py:190} INFO - [2025-03-08T00:58:42.457+0700] {dag.py:3239} INFO - Sync 1 DAGs
[2025-03-08T00:58:42.475+0700] {logging_mixin.py:190} INFO - [2025-03-08T00:58:42.475+0700] {dag.py:4180} INFO - Setting next_dagrun for tutorial_taskflow_templates to 2025-03-06 00:00:00+00:00, run_after=2025-03-07 00:00:00+00:00
[2025-03-08T00:58:42.493+0700] {processor.py:208} INFO - Processing /home/dataengineer/.pyenv/versions/3.9.21/lib/python3.9/site-packages/airflow/example_dags/tutorial_taskflow_templates.py took 0.070 seconds
[2025-03-08T00:59:44.102+0700] {processor.py:186} INFO - Started process (PID=37863) to work on /home/dataengineer/.pyenv/versions/3.9.21/lib/python3.9/site-packages/airflow/example_dags/tutorial_taskflow_templates.py
[2025-03-08T00:59:44.103+0700] {processor.py:914} INFO - Processing file /home/dataengineer/.pyenv/versions/3.9.21/lib/python3.9/site-packages/airflow/example_dags/tutorial_taskflow_templates.py for tasks to queue
[2025-03-08T00:59:44.106+0700] {logging_mixin.py:190} INFO - [2025-03-08T00:59:44.105+0700] {dagbag.py:588} INFO - Filling up the DagBag from /home/dataengineer/.pyenv/versions/3.9.21/lib/python3.9/site-packages/airflow/example_dags/tutorial_taskflow_templates.py
[2025-03-08T00:59:44.120+0700] {processor.py:925} INFO - DAG(s) 'tutorial_taskflow_templates' retrieved from /home/dataengineer/.pyenv/versions/3.9.21/lib/python3.9/site-packages/airflow/example_dags/tutorial_taskflow_templates.py
[2025-03-08T00:59:44.136+0700] {logging_mixin.py:190} INFO - [2025-03-08T00:59:44.136+0700] {dag.py:3239} INFO - Sync 1 DAGs
[2025-03-08T00:59:44.157+0700] {logging_mixin.py:190} INFO - [2025-03-08T00:59:44.157+0700] {dag.py:4180} INFO - Setting next_dagrun for tutorial_taskflow_templates to 2025-03-06 00:00:00+00:00, run_after=2025-03-07 00:00:00+00:00
[2025-03-08T00:59:44.178+0700] {processor.py:208} INFO - Processing /home/dataengineer/.pyenv/versions/3.9.21/lib/python3.9/site-packages/airflow/example_dags/tutorial_taskflow_templates.py took 0.082 seconds
[2025-03-08T01:00:45.319+0700] {processor.py:186} INFO - Started process (PID=38289) to work on /home/dataengineer/.pyenv/versions/3.9.21/lib/python3.9/site-packages/airflow/example_dags/tutorial_taskflow_templates.py
[2025-03-08T01:00:45.321+0700] {processor.py:914} INFO - Processing file /home/dataengineer/.pyenv/versions/3.9.21/lib/python3.9/site-packages/airflow/example_dags/tutorial_taskflow_templates.py for tasks to queue
[2025-03-08T01:00:45.322+0700] {logging_mixin.py:190} INFO - [2025-03-08T01:00:45.322+0700] {dagbag.py:588} INFO - Filling up the DagBag from /home/dataengineer/.pyenv/versions/3.9.21/lib/python3.9/site-packages/airflow/example_dags/tutorial_taskflow_templates.py
[2025-03-08T01:00:45.335+0700] {processor.py:925} INFO - DAG(s) 'tutorial_taskflow_templates' retrieved from /home/dataengineer/.pyenv/versions/3.9.21/lib/python3.9/site-packages/airflow/example_dags/tutorial_taskflow_templates.py
[2025-03-08T01:00:45.348+0700] {logging_mixin.py:190} INFO - [2025-03-08T01:00:45.348+0700] {dag.py:3239} INFO - Sync 1 DAGs
[2025-03-08T01:00:45.366+0700] {logging_mixin.py:190} INFO - [2025-03-08T01:00:45.366+0700] {dag.py:4180} INFO - Setting next_dagrun for tutorial_taskflow_templates to 2025-03-06 00:00:00+00:00, run_after=2025-03-07 00:00:00+00:00
[2025-03-08T01:00:45.384+0700] {processor.py:208} INFO - Processing /home/dataengineer/.pyenv/versions/3.9.21/lib/python3.9/site-packages/airflow/example_dags/tutorial_taskflow_templates.py took 0.070 seconds
[2025-03-08T01:01:47.395+0700] {processor.py:186} INFO - Started process (PID=38744) to work on /home/dataengineer/.pyenv/versions/3.9.21/lib/python3.9/site-packages/airflow/example_dags/tutorial_taskflow_templates.py
[2025-03-08T01:01:47.397+0700] {processor.py:914} INFO - Processing file /home/dataengineer/.pyenv/versions/3.9.21/lib/python3.9/site-packages/airflow/example_dags/tutorial_taskflow_templates.py for tasks to queue
[2025-03-08T01:01:47.399+0700] {logging_mixin.py:190} INFO - [2025-03-08T01:01:47.399+0700] {dagbag.py:588} INFO - Filling up the DagBag from /home/dataengineer/.pyenv/versions/3.9.21/lib/python3.9/site-packages/airflow/example_dags/tutorial_taskflow_templates.py
[2025-03-08T01:01:47.415+0700] {processor.py:925} INFO - DAG(s) 'tutorial_taskflow_templates' retrieved from /home/dataengineer/.pyenv/versions/3.9.21/lib/python3.9/site-packages/airflow/example_dags/tutorial_taskflow_templates.py
[2025-03-08T01:01:47.432+0700] {logging_mixin.py:190} INFO - [2025-03-08T01:01:47.432+0700] {dag.py:3239} INFO - Sync 1 DAGs
[2025-03-08T01:01:47.452+0700] {logging_mixin.py:190} INFO - [2025-03-08T01:01:47.452+0700] {dag.py:4180} INFO - Setting next_dagrun for tutorial_taskflow_templates to 2025-03-06 00:00:00+00:00, run_after=2025-03-07 00:00:00+00:00
[2025-03-08T01:01:47.474+0700] {processor.py:208} INFO - Processing /home/dataengineer/.pyenv/versions/3.9.21/lib/python3.9/site-packages/airflow/example_dags/tutorial_taskflow_templates.py took 0.085 seconds
[2025-03-08T01:02:48.950+0700] {processor.py:186} INFO - Started process (PID=39253) to work on /home/dataengineer/.pyenv/versions/3.9.21/lib/python3.9/site-packages/airflow/example_dags/tutorial_taskflow_templates.py
[2025-03-08T01:02:48.951+0700] {processor.py:914} INFO - Processing file /home/dataengineer/.pyenv/versions/3.9.21/lib/python3.9/site-packages/airflow/example_dags/tutorial_taskflow_templates.py for tasks to queue
[2025-03-08T01:02:48.953+0700] {logging_mixin.py:190} INFO - [2025-03-08T01:02:48.952+0700] {dagbag.py:588} INFO - Filling up the DagBag from /home/dataengineer/.pyenv/versions/3.9.21/lib/python3.9/site-packages/airflow/example_dags/tutorial_taskflow_templates.py
[2025-03-08T01:02:48.968+0700] {processor.py:925} INFO - DAG(s) 'tutorial_taskflow_templates' retrieved from /home/dataengineer/.pyenv/versions/3.9.21/lib/python3.9/site-packages/airflow/example_dags/tutorial_taskflow_templates.py
[2025-03-08T01:02:48.983+0700] {logging_mixin.py:190} INFO - [2025-03-08T01:02:48.983+0700] {dag.py:3239} INFO - Sync 1 DAGs
[2025-03-08T01:02:49.007+0700] {logging_mixin.py:190} INFO - [2025-03-08T01:02:49.007+0700] {dag.py:4180} INFO - Setting next_dagrun for tutorial_taskflow_templates to 2025-03-06 00:00:00+00:00, run_after=2025-03-07 00:00:00+00:00
[2025-03-08T01:02:49.027+0700] {processor.py:208} INFO - Processing /home/dataengineer/.pyenv/versions/3.9.21/lib/python3.9/site-packages/airflow/example_dags/tutorial_taskflow_templates.py took 0.084 seconds
[2025-03-08T01:03:49.473+0700] {processor.py:186} INFO - Started process (PID=40042) to work on /home/dataengineer/.pyenv/versions/3.9.21/lib/python3.9/site-packages/airflow/example_dags/tutorial_taskflow_templates.py
[2025-03-08T01:03:49.474+0700] {processor.py:914} INFO - Processing file /home/dataengineer/.pyenv/versions/3.9.21/lib/python3.9/site-packages/airflow/example_dags/tutorial_taskflow_templates.py for tasks to queue
[2025-03-08T01:03:49.476+0700] {logging_mixin.py:190} INFO - [2025-03-08T01:03:49.476+0700] {dagbag.py:588} INFO - Filling up the DagBag from /home/dataengineer/.pyenv/versions/3.9.21/lib/python3.9/site-packages/airflow/example_dags/tutorial_taskflow_templates.py
[2025-03-08T01:03:49.489+0700] {processor.py:925} INFO - DAG(s) 'tutorial_taskflow_templates' retrieved from /home/dataengineer/.pyenv/versions/3.9.21/lib/python3.9/site-packages/airflow/example_dags/tutorial_taskflow_templates.py
[2025-03-08T01:03:49.502+0700] {logging_mixin.py:190} INFO - [2025-03-08T01:03:49.502+0700] {dag.py:3239} INFO - Sync 1 DAGs
[2025-03-08T01:03:49.523+0700] {logging_mixin.py:190} INFO - [2025-03-08T01:03:49.522+0700] {dag.py:4180} INFO - Setting next_dagrun for tutorial_taskflow_templates to 2025-03-06 00:00:00+00:00, run_after=2025-03-07 00:00:00+00:00
[2025-03-08T01:03:49.540+0700] {processor.py:208} INFO - Processing /home/dataengineer/.pyenv/versions/3.9.21/lib/python3.9/site-packages/airflow/example_dags/tutorial_taskflow_templates.py took 0.073 seconds
[2025-03-08T01:04:50.004+0700] {processor.py:186} INFO - Started process (PID=42022) to work on /home/dataengineer/.pyenv/versions/3.9.21/lib/python3.9/site-packages/airflow/example_dags/tutorial_taskflow_templates.py
[2025-03-08T01:04:50.005+0700] {processor.py:914} INFO - Processing file /home/dataengineer/.pyenv/versions/3.9.21/lib/python3.9/site-packages/airflow/example_dags/tutorial_taskflow_templates.py for tasks to queue
[2025-03-08T01:04:50.007+0700] {logging_mixin.py:190} INFO - [2025-03-08T01:04:50.007+0700] {dagbag.py:588} INFO - Filling up the DagBag from /home/dataengineer/.pyenv/versions/3.9.21/lib/python3.9/site-packages/airflow/example_dags/tutorial_taskflow_templates.py
[2025-03-08T01:04:50.019+0700] {processor.py:925} INFO - DAG(s) 'tutorial_taskflow_templates' retrieved from /home/dataengineer/.pyenv/versions/3.9.21/lib/python3.9/site-packages/airflow/example_dags/tutorial_taskflow_templates.py
[2025-03-08T01:04:50.034+0700] {logging_mixin.py:190} INFO - [2025-03-08T01:04:50.034+0700] {dag.py:3239} INFO - Sync 1 DAGs
[2025-03-08T01:04:50.054+0700] {logging_mixin.py:190} INFO - [2025-03-08T01:04:50.054+0700] {dag.py:4180} INFO - Setting next_dagrun for tutorial_taskflow_templates to 2025-03-06 00:00:00+00:00, run_after=2025-03-07 00:00:00+00:00
[2025-03-08T01:04:50.076+0700] {processor.py:208} INFO - Processing /home/dataengineer/.pyenv/versions/3.9.21/lib/python3.9/site-packages/airflow/example_dags/tutorial_taskflow_templates.py took 0.077 seconds
[2025-03-08T02:20:10.676+0700] {processor.py:186} INFO - Started process (PID=63545) to work on /home/dataengineer/.pyenv/versions/3.9.21/lib/python3.9/site-packages/airflow/example_dags/tutorial_taskflow_templates.py
[2025-03-08T02:20:10.678+0700] {processor.py:914} INFO - Processing file /home/dataengineer/.pyenv/versions/3.9.21/lib/python3.9/site-packages/airflow/example_dags/tutorial_taskflow_templates.py for tasks to queue
[2025-03-08T02:20:10.680+0700] {logging_mixin.py:190} INFO - [2025-03-08T02:20:10.679+0700] {dagbag.py:588} INFO - Filling up the DagBag from /home/dataengineer/.pyenv/versions/3.9.21/lib/python3.9/site-packages/airflow/example_dags/tutorial_taskflow_templates.py
[2025-03-08T02:20:10.692+0700] {processor.py:925} INFO - DAG(s) 'tutorial_taskflow_templates' retrieved from /home/dataengineer/.pyenv/versions/3.9.21/lib/python3.9/site-packages/airflow/example_dags/tutorial_taskflow_templates.py
[2025-03-08T02:20:10.712+0700] {logging_mixin.py:190} INFO - [2025-03-08T02:20:10.711+0700] {dag.py:3239} INFO - Sync 1 DAGs
[2025-03-08T02:20:10.730+0700] {logging_mixin.py:190} INFO - [2025-03-08T02:20:10.730+0700] {dag.py:4180} INFO - Setting next_dagrun for tutorial_taskflow_templates to 2025-03-06 00:00:00+00:00, run_after=2025-03-07 00:00:00+00:00
[2025-03-08T02:20:10.749+0700] {processor.py:208} INFO - Processing /home/dataengineer/.pyenv/versions/3.9.21/lib/python3.9/site-packages/airflow/example_dags/tutorial_taskflow_templates.py took 0.078 seconds
[2025-03-08T02:26:54.926+0700] {processor.py:186} INFO - Started process (PID=66432) to work on /home/dataengineer/.pyenv/versions/3.9.21/lib/python3.9/site-packages/airflow/example_dags/tutorial_taskflow_templates.py
[2025-03-08T02:26:54.927+0700] {processor.py:914} INFO - Processing file /home/dataengineer/.pyenv/versions/3.9.21/lib/python3.9/site-packages/airflow/example_dags/tutorial_taskflow_templates.py for tasks to queue
[2025-03-08T02:26:54.929+0700] {logging_mixin.py:190} INFO - [2025-03-08T02:26:54.929+0700] {dagbag.py:588} INFO - Filling up the DagBag from /home/dataengineer/.pyenv/versions/3.9.21/lib/python3.9/site-packages/airflow/example_dags/tutorial_taskflow_templates.py
[2025-03-08T02:26:54.946+0700] {processor.py:925} INFO - DAG(s) 'tutorial_taskflow_templates' retrieved from /home/dataengineer/.pyenv/versions/3.9.21/lib/python3.9/site-packages/airflow/example_dags/tutorial_taskflow_templates.py
[2025-03-08T02:26:54.971+0700] {logging_mixin.py:190} INFO - [2025-03-08T02:26:54.970+0700] {dag.py:3239} INFO - Sync 1 DAGs
[2025-03-08T02:26:54.995+0700] {logging_mixin.py:190} INFO - [2025-03-08T02:26:54.995+0700] {dag.py:4180} INFO - Setting next_dagrun for tutorial_taskflow_templates to 2025-03-06 00:00:00+00:00, run_after=2025-03-07 00:00:00+00:00
[2025-03-08T02:26:55.018+0700] {processor.py:208} INFO - Processing /home/dataengineer/.pyenv/versions/3.9.21/lib/python3.9/site-packages/airflow/example_dags/tutorial_taskflow_templates.py took 0.098 seconds
[2025-03-08T02:29:08.905+0700] {processor.py:186} INFO - Started process (PID=67276) to work on /home/dataengineer/.pyenv/versions/3.9.21/lib/python3.9/site-packages/airflow/example_dags/tutorial_taskflow_templates.py
[2025-03-08T02:29:08.906+0700] {processor.py:914} INFO - Processing file /home/dataengineer/.pyenv/versions/3.9.21/lib/python3.9/site-packages/airflow/example_dags/tutorial_taskflow_templates.py for tasks to queue
[2025-03-08T02:29:08.909+0700] {logging_mixin.py:190} INFO - [2025-03-08T02:29:08.908+0700] {dagbag.py:588} INFO - Filling up the DagBag from /home/dataengineer/.pyenv/versions/3.9.21/lib/python3.9/site-packages/airflow/example_dags/tutorial_taskflow_templates.py
[2025-03-08T02:29:08.924+0700] {processor.py:925} INFO - DAG(s) 'tutorial_taskflow_templates' retrieved from /home/dataengineer/.pyenv/versions/3.9.21/lib/python3.9/site-packages/airflow/example_dags/tutorial_taskflow_templates.py
[2025-03-08T02:29:08.951+0700] {logging_mixin.py:190} INFO - [2025-03-08T02:29:08.950+0700] {dag.py:3239} INFO - Sync 1 DAGs
[2025-03-08T02:29:08.973+0700] {logging_mixin.py:190} INFO - [2025-03-08T02:29:08.973+0700] {dag.py:4180} INFO - Setting next_dagrun for tutorial_taskflow_templates to 2025-03-06 00:00:00+00:00, run_after=2025-03-07 00:00:00+00:00
[2025-03-08T02:29:08.998+0700] {processor.py:208} INFO - Processing /home/dataengineer/.pyenv/versions/3.9.21/lib/python3.9/site-packages/airflow/example_dags/tutorial_taskflow_templates.py took 0.100 seconds
[2025-03-08T02:30:05.476+0700] {processor.py:186} INFO - Started process (PID=67896) to work on /home/dataengineer/.pyenv/versions/3.9.21/lib/python3.9/site-packages/airflow/example_dags/tutorial_taskflow_templates.py
[2025-03-08T02:30:05.478+0700] {processor.py:914} INFO - Processing file /home/dataengineer/.pyenv/versions/3.9.21/lib/python3.9/site-packages/airflow/example_dags/tutorial_taskflow_templates.py for tasks to queue
[2025-03-08T02:30:05.479+0700] {logging_mixin.py:190} INFO - [2025-03-08T02:30:05.479+0700] {dagbag.py:588} INFO - Filling up the DagBag from /home/dataengineer/.pyenv/versions/3.9.21/lib/python3.9/site-packages/airflow/example_dags/tutorial_taskflow_templates.py
[2025-03-08T02:30:05.493+0700] {processor.py:925} INFO - DAG(s) 'tutorial_taskflow_templates' retrieved from /home/dataengineer/.pyenv/versions/3.9.21/lib/python3.9/site-packages/airflow/example_dags/tutorial_taskflow_templates.py
[2025-03-08T02:30:05.511+0700] {logging_mixin.py:190} INFO - [2025-03-08T02:30:05.510+0700] {dag.py:3239} INFO - Sync 1 DAGs
[2025-03-08T02:30:05.534+0700] {logging_mixin.py:190} INFO - [2025-03-08T02:30:05.534+0700] {dag.py:4180} INFO - Setting next_dagrun for tutorial_taskflow_templates to 2025-03-06 00:00:00+00:00, run_after=2025-03-07 00:00:00+00:00
[2025-03-08T02:30:05.554+0700] {processor.py:208} INFO - Processing /home/dataengineer/.pyenv/versions/3.9.21/lib/python3.9/site-packages/airflow/example_dags/tutorial_taskflow_templates.py took 0.084 seconds
[2025-03-08T02:30:59.028+0700] {processor.py:186} INFO - Started process (PID=68217) to work on /home/dataengineer/.pyenv/versions/3.9.21/lib/python3.9/site-packages/airflow/example_dags/tutorial_taskflow_templates.py
[2025-03-08T02:30:59.029+0700] {processor.py:914} INFO - Processing file /home/dataengineer/.pyenv/versions/3.9.21/lib/python3.9/site-packages/airflow/example_dags/tutorial_taskflow_templates.py for tasks to queue
[2025-03-08T02:30:59.031+0700] {logging_mixin.py:190} INFO - [2025-03-08T02:30:59.030+0700] {dagbag.py:588} INFO - Filling up the DagBag from /home/dataengineer/.pyenv/versions/3.9.21/lib/python3.9/site-packages/airflow/example_dags/tutorial_taskflow_templates.py
[2025-03-08T02:30:59.045+0700] {processor.py:925} INFO - DAG(s) 'tutorial_taskflow_templates' retrieved from /home/dataengineer/.pyenv/versions/3.9.21/lib/python3.9/site-packages/airflow/example_dags/tutorial_taskflow_templates.py
[2025-03-08T02:30:59.060+0700] {logging_mixin.py:190} INFO - [2025-03-08T02:30:59.060+0700] {dag.py:3239} INFO - Sync 1 DAGs
[2025-03-08T02:30:59.082+0700] {logging_mixin.py:190} INFO - [2025-03-08T02:30:59.081+0700] {dag.py:4180} INFO - Setting next_dagrun for tutorial_taskflow_templates to 2025-03-06 00:00:00+00:00, run_after=2025-03-07 00:00:00+00:00
[2025-03-08T02:30:59.100+0700] {processor.py:208} INFO - Processing /home/dataengineer/.pyenv/versions/3.9.21/lib/python3.9/site-packages/airflow/example_dags/tutorial_taskflow_templates.py took 0.077 seconds
[2025-03-08T02:31:54.269+0700] {processor.py:186} INFO - Started process (PID=68916) to work on /home/dataengineer/.pyenv/versions/3.9.21/lib/python3.9/site-packages/airflow/example_dags/tutorial_taskflow_templates.py
[2025-03-08T02:31:54.270+0700] {processor.py:914} INFO - Processing file /home/dataengineer/.pyenv/versions/3.9.21/lib/python3.9/site-packages/airflow/example_dags/tutorial_taskflow_templates.py for tasks to queue
[2025-03-08T02:31:54.271+0700] {logging_mixin.py:190} INFO - [2025-03-08T02:31:54.271+0700] {dagbag.py:588} INFO - Filling up the DagBag from /home/dataengineer/.pyenv/versions/3.9.21/lib/python3.9/site-packages/airflow/example_dags/tutorial_taskflow_templates.py
[2025-03-08T02:31:54.283+0700] {processor.py:925} INFO - DAG(s) 'tutorial_taskflow_templates' retrieved from /home/dataengineer/.pyenv/versions/3.9.21/lib/python3.9/site-packages/airflow/example_dags/tutorial_taskflow_templates.py
[2025-03-08T02:31:54.297+0700] {logging_mixin.py:190} INFO - [2025-03-08T02:31:54.296+0700] {dag.py:3239} INFO - Sync 1 DAGs
[2025-03-08T02:31:54.315+0700] {logging_mixin.py:190} INFO - [2025-03-08T02:31:54.314+0700] {dag.py:4180} INFO - Setting next_dagrun for tutorial_taskflow_templates to 2025-03-06 00:00:00+00:00, run_after=2025-03-07 00:00:00+00:00
[2025-03-08T02:31:54.332+0700] {processor.py:208} INFO - Processing /home/dataengineer/.pyenv/versions/3.9.21/lib/python3.9/site-packages/airflow/example_dags/tutorial_taskflow_templates.py took 0.069 seconds
[2025-03-08T02:32:51.043+0700] {processor.py:186} INFO - Started process (PID=69170) to work on /home/dataengineer/.pyenv/versions/3.9.21/lib/python3.9/site-packages/airflow/example_dags/tutorial_taskflow_templates.py
[2025-03-08T02:32:51.045+0700] {processor.py:914} INFO - Processing file /home/dataengineer/.pyenv/versions/3.9.21/lib/python3.9/site-packages/airflow/example_dags/tutorial_taskflow_templates.py for tasks to queue
[2025-03-08T02:32:51.046+0700] {logging_mixin.py:190} INFO - [2025-03-08T02:32:51.046+0700] {dagbag.py:588} INFO - Filling up the DagBag from /home/dataengineer/.pyenv/versions/3.9.21/lib/python3.9/site-packages/airflow/example_dags/tutorial_taskflow_templates.py
[2025-03-08T02:32:51.059+0700] {processor.py:925} INFO - DAG(s) 'tutorial_taskflow_templates' retrieved from /home/dataengineer/.pyenv/versions/3.9.21/lib/python3.9/site-packages/airflow/example_dags/tutorial_taskflow_templates.py
[2025-03-08T02:32:51.073+0700] {logging_mixin.py:190} INFO - [2025-03-08T02:32:51.073+0700] {dag.py:3239} INFO - Sync 1 DAGs
[2025-03-08T02:32:51.092+0700] {logging_mixin.py:190} INFO - [2025-03-08T02:32:51.091+0700] {dag.py:4180} INFO - Setting next_dagrun for tutorial_taskflow_templates to 2025-03-06 00:00:00+00:00, run_after=2025-03-07 00:00:00+00:00
[2025-03-08T02:32:51.110+0700] {processor.py:208} INFO - Processing /home/dataengineer/.pyenv/versions/3.9.21/lib/python3.9/site-packages/airflow/example_dags/tutorial_taskflow_templates.py took 0.072 seconds
[2025-03-08T02:33:46.995+0700] {processor.py:186} INFO - Started process (PID=69418) to work on /home/dataengineer/.pyenv/versions/3.9.21/lib/python3.9/site-packages/airflow/example_dags/tutorial_taskflow_templates.py
[2025-03-08T02:33:46.996+0700] {processor.py:914} INFO - Processing file /home/dataengineer/.pyenv/versions/3.9.21/lib/python3.9/site-packages/airflow/example_dags/tutorial_taskflow_templates.py for tasks to queue
[2025-03-08T02:33:46.998+0700] {logging_mixin.py:190} INFO - [2025-03-08T02:33:46.997+0700] {dagbag.py:588} INFO - Filling up the DagBag from /home/dataengineer/.pyenv/versions/3.9.21/lib/python3.9/site-packages/airflow/example_dags/tutorial_taskflow_templates.py
[2025-03-08T02:33:47.010+0700] {processor.py:925} INFO - DAG(s) 'tutorial_taskflow_templates' retrieved from /home/dataengineer/.pyenv/versions/3.9.21/lib/python3.9/site-packages/airflow/example_dags/tutorial_taskflow_templates.py
[2025-03-08T02:33:47.025+0700] {logging_mixin.py:190} INFO - [2025-03-08T02:33:47.025+0700] {dag.py:3239} INFO - Sync 1 DAGs
[2025-03-08T02:33:47.046+0700] {logging_mixin.py:190} INFO - [2025-03-08T02:33:47.046+0700] {dag.py:4180} INFO - Setting next_dagrun for tutorial_taskflow_templates to 2025-03-06 00:00:00+00:00, run_after=2025-03-07 00:00:00+00:00
[2025-03-08T02:33:47.066+0700] {processor.py:208} INFO - Processing /home/dataengineer/.pyenv/versions/3.9.21/lib/python3.9/site-packages/airflow/example_dags/tutorial_taskflow_templates.py took 0.077 seconds
[2025-03-08T02:34:31.223+0700] {processor.py:186} INFO - Started process (PID=70226) to work on /home/dataengineer/.pyenv/versions/3.9.21/lib/python3.9/site-packages/airflow/example_dags/tutorial_taskflow_templates.py
[2025-03-08T02:34:31.232+0700] {processor.py:914} INFO - Processing file /home/dataengineer/.pyenv/versions/3.9.21/lib/python3.9/site-packages/airflow/example_dags/tutorial_taskflow_templates.py for tasks to queue
[2025-03-08T02:34:31.235+0700] {logging_mixin.py:190} INFO - [2025-03-08T02:34:31.234+0700] {dagbag.py:588} INFO - Filling up the DagBag from /home/dataengineer/.pyenv/versions/3.9.21/lib/python3.9/site-packages/airflow/example_dags/tutorial_taskflow_templates.py
[2025-03-08T02:34:31.260+0700] {processor.py:925} INFO - DAG(s) 'tutorial_taskflow_templates' retrieved from /home/dataengineer/.pyenv/versions/3.9.21/lib/python3.9/site-packages/airflow/example_dags/tutorial_taskflow_templates.py
[2025-03-08T02:34:31.323+0700] {logging_mixin.py:190} INFO - [2025-03-08T02:34:31.323+0700] {dag.py:3239} INFO - Sync 1 DAGs
[2025-03-08T02:34:31.350+0700] {logging_mixin.py:190} INFO - [2025-03-08T02:34:31.350+0700] {dag.py:4180} INFO - Setting next_dagrun for tutorial_taskflow_templates to 2025-03-06 00:00:00+00:00, run_after=2025-03-07 00:00:00+00:00
[2025-03-08T02:34:31.380+0700] {processor.py:208} INFO - Processing /home/dataengineer/.pyenv/versions/3.9.21/lib/python3.9/site-packages/airflow/example_dags/tutorial_taskflow_templates.py took 0.165 seconds
[2025-03-08T02:35:31.775+0700] {processor.py:186} INFO - Started process (PID=70728) to work on /home/dataengineer/.pyenv/versions/3.9.21/lib/python3.9/site-packages/airflow/example_dags/tutorial_taskflow_templates.py
[2025-03-08T02:35:31.777+0700] {processor.py:914} INFO - Processing file /home/dataengineer/.pyenv/versions/3.9.21/lib/python3.9/site-packages/airflow/example_dags/tutorial_taskflow_templates.py for tasks to queue
[2025-03-08T02:35:31.780+0700] {logging_mixin.py:190} INFO - [2025-03-08T02:35:31.779+0700] {dagbag.py:588} INFO - Filling up the DagBag from /home/dataengineer/.pyenv/versions/3.9.21/lib/python3.9/site-packages/airflow/example_dags/tutorial_taskflow_templates.py
[2025-03-08T02:35:31.793+0700] {processor.py:925} INFO - DAG(s) 'tutorial_taskflow_templates' retrieved from /home/dataengineer/.pyenv/versions/3.9.21/lib/python3.9/site-packages/airflow/example_dags/tutorial_taskflow_templates.py
[2025-03-08T02:35:31.808+0700] {logging_mixin.py:190} INFO - [2025-03-08T02:35:31.808+0700] {dag.py:3239} INFO - Sync 1 DAGs
[2025-03-08T02:35:31.829+0700] {logging_mixin.py:190} INFO - [2025-03-08T02:35:31.829+0700] {dag.py:4180} INFO - Setting next_dagrun for tutorial_taskflow_templates to 2025-03-06 00:00:00+00:00, run_after=2025-03-07 00:00:00+00:00
[2025-03-08T02:35:31.851+0700] {processor.py:208} INFO - Processing /home/dataengineer/.pyenv/versions/3.9.21/lib/python3.9/site-packages/airflow/example_dags/tutorial_taskflow_templates.py took 0.082 seconds
[2025-03-08T02:36:33.793+0700] {processor.py:186} INFO - Started process (PID=71176) to work on /home/dataengineer/.pyenv/versions/3.9.21/lib/python3.9/site-packages/airflow/example_dags/tutorial_taskflow_templates.py
[2025-03-08T02:36:33.794+0700] {processor.py:914} INFO - Processing file /home/dataengineer/.pyenv/versions/3.9.21/lib/python3.9/site-packages/airflow/example_dags/tutorial_taskflow_templates.py for tasks to queue
[2025-03-08T02:36:33.797+0700] {logging_mixin.py:190} INFO - [2025-03-08T02:36:33.796+0700] {dagbag.py:588} INFO - Filling up the DagBag from /home/dataengineer/.pyenv/versions/3.9.21/lib/python3.9/site-packages/airflow/example_dags/tutorial_taskflow_templates.py
[2025-03-08T02:36:33.811+0700] {processor.py:925} INFO - DAG(s) 'tutorial_taskflow_templates' retrieved from /home/dataengineer/.pyenv/versions/3.9.21/lib/python3.9/site-packages/airflow/example_dags/tutorial_taskflow_templates.py
[2025-03-08T02:36:33.828+0700] {logging_mixin.py:190} INFO - [2025-03-08T02:36:33.828+0700] {dag.py:3239} INFO - Sync 1 DAGs
[2025-03-08T02:36:33.850+0700] {logging_mixin.py:190} INFO - [2025-03-08T02:36:33.850+0700] {dag.py:4180} INFO - Setting next_dagrun for tutorial_taskflow_templates to 2025-03-06 00:00:00+00:00, run_after=2025-03-07 00:00:00+00:00
[2025-03-08T02:36:33.872+0700] {processor.py:208} INFO - Processing /home/dataengineer/.pyenv/versions/3.9.21/lib/python3.9/site-packages/airflow/example_dags/tutorial_taskflow_templates.py took 0.085 seconds
[2025-03-08T02:37:31.151+0700] {processor.py:186} INFO - Started process (PID=71411) to work on /home/dataengineer/.pyenv/versions/3.9.21/lib/python3.9/site-packages/airflow/example_dags/tutorial_taskflow_templates.py
[2025-03-08T02:37:31.153+0700] {processor.py:914} INFO - Processing file /home/dataengineer/.pyenv/versions/3.9.21/lib/python3.9/site-packages/airflow/example_dags/tutorial_taskflow_templates.py for tasks to queue
[2025-03-08T02:37:31.154+0700] {logging_mixin.py:190} INFO - [2025-03-08T02:37:31.154+0700] {dagbag.py:588} INFO - Filling up the DagBag from /home/dataengineer/.pyenv/versions/3.9.21/lib/python3.9/site-packages/airflow/example_dags/tutorial_taskflow_templates.py
[2025-03-08T02:37:31.168+0700] {processor.py:925} INFO - DAG(s) 'tutorial_taskflow_templates' retrieved from /home/dataengineer/.pyenv/versions/3.9.21/lib/python3.9/site-packages/airflow/example_dags/tutorial_taskflow_templates.py
[2025-03-08T02:37:31.183+0700] {logging_mixin.py:190} INFO - [2025-03-08T02:37:31.183+0700] {dag.py:3239} INFO - Sync 1 DAGs
[2025-03-08T02:37:31.203+0700] {logging_mixin.py:190} INFO - [2025-03-08T02:37:31.203+0700] {dag.py:4180} INFO - Setting next_dagrun for tutorial_taskflow_templates to 2025-03-06 00:00:00+00:00, run_after=2025-03-07 00:00:00+00:00
[2025-03-08T02:37:31.224+0700] {processor.py:208} INFO - Processing /home/dataengineer/.pyenv/versions/3.9.21/lib/python3.9/site-packages/airflow/example_dags/tutorial_taskflow_templates.py took 0.079 seconds
[2025-03-08T02:38:38.816+0700] {processor.py:186} INFO - Started process (PID=72294) to work on /home/dataengineer/.pyenv/versions/3.9.21/lib/python3.9/site-packages/airflow/example_dags/tutorial_taskflow_templates.py
[2025-03-08T02:38:38.818+0700] {processor.py:914} INFO - Processing file /home/dataengineer/.pyenv/versions/3.9.21/lib/python3.9/site-packages/airflow/example_dags/tutorial_taskflow_templates.py for tasks to queue
[2025-03-08T02:38:38.820+0700] {logging_mixin.py:190} INFO - [2025-03-08T02:38:38.820+0700] {dagbag.py:588} INFO - Filling up the DagBag from /home/dataengineer/.pyenv/versions/3.9.21/lib/python3.9/site-packages/airflow/example_dags/tutorial_taskflow_templates.py
[2025-03-08T02:38:38.834+0700] {processor.py:925} INFO - DAG(s) 'tutorial_taskflow_templates' retrieved from /home/dataengineer/.pyenv/versions/3.9.21/lib/python3.9/site-packages/airflow/example_dags/tutorial_taskflow_templates.py
[2025-03-08T02:38:38.855+0700] {logging_mixin.py:190} INFO - [2025-03-08T02:38:38.855+0700] {dag.py:3239} INFO - Sync 1 DAGs
[2025-03-08T02:38:38.877+0700] {logging_mixin.py:190} INFO - [2025-03-08T02:38:38.877+0700] {dag.py:4180} INFO - Setting next_dagrun for tutorial_taskflow_templates to 2025-03-06 00:00:00+00:00, run_after=2025-03-07 00:00:00+00:00
[2025-03-08T02:38:38.897+0700] {processor.py:208} INFO - Processing /home/dataengineer/.pyenv/versions/3.9.21/lib/python3.9/site-packages/airflow/example_dags/tutorial_taskflow_templates.py took 0.086 seconds
