[2025-03-08T00:56:39.042+0700] {processor.py:186} INFO - Started process (PID=36313) to work on /home/dataengineer/.pyenv/versions/3.9.21/lib/python3.9/site-packages/airflow/example_dags/tutorial_taskflow_api.py
[2025-03-08T00:56:39.043+0700] {processor.py:914} INFO - Processing file /home/dataengineer/.pyenv/versions/3.9.21/lib/python3.9/site-packages/airflow/example_dags/tutorial_taskflow_api.py for tasks to queue
[2025-03-08T00:56:39.045+0700] {logging_mixin.py:190} INFO - [2025-03-08T00:56:39.044+0700] {dagbag.py:588} INFO - Filling up the DagBag from /home/dataengineer/.pyenv/versions/3.9.21/lib/python3.9/site-packages/airflow/example_dags/tutorial_taskflow_api.py
[2025-03-08T00:56:39.052+0700] {processor.py:925} INFO - DAG(s) 'tutorial_taskflow_api' retrieved from /home/dataengineer/.pyenv/versions/3.9.21/lib/python3.9/site-packages/airflow/example_dags/tutorial_taskflow_api.py
[2025-03-08T00:56:39.071+0700] {logging_mixin.py:190} INFO - [2025-03-08T00:56:39.071+0700] {dag.py:3239} INFO - Sync 1 DAGs
[2025-03-08T00:56:39.082+0700] {logging_mixin.py:190} INFO - [2025-03-08T00:56:39.082+0700] {dag.py:4180} INFO - Setting next_dagrun for tutorial_taskflow_api to None, run_after=None
[2025-03-08T00:56:39.100+0700] {processor.py:208} INFO - Processing /home/dataengineer/.pyenv/versions/3.9.21/lib/python3.9/site-packages/airflow/example_dags/tutorial_taskflow_api.py took 0.063 seconds
[2025-03-08T00:57:45.380+0700] {processor.py:186} INFO - Started process (PID=36962) to work on /home/dataengineer/.pyenv/versions/3.9.21/lib/python3.9/site-packages/airflow/example_dags/tutorial_taskflow_api.py
[2025-03-08T00:57:45.381+0700] {processor.py:914} INFO - Processing file /home/dataengineer/.pyenv/versions/3.9.21/lib/python3.9/site-packages/airflow/example_dags/tutorial_taskflow_api.py for tasks to queue
[2025-03-08T00:57:45.383+0700] {logging_mixin.py:190} INFO - [2025-03-08T00:57:45.383+0700] {dagbag.py:588} INFO - Filling up the DagBag from /home/dataengineer/.pyenv/versions/3.9.21/lib/python3.9/site-packages/airflow/example_dags/tutorial_taskflow_api.py
[2025-03-08T00:57:45.392+0700] {processor.py:925} INFO - DAG(s) 'tutorial_taskflow_api' retrieved from /home/dataengineer/.pyenv/versions/3.9.21/lib/python3.9/site-packages/airflow/example_dags/tutorial_taskflow_api.py
[2025-03-08T00:57:45.405+0700] {logging_mixin.py:190} INFO - [2025-03-08T00:57:45.405+0700] {dag.py:3239} INFO - Sync 1 DAGs
[2025-03-08T00:57:45.418+0700] {logging_mixin.py:190} INFO - [2025-03-08T00:57:45.418+0700] {dag.py:4180} INFO - Setting next_dagrun for tutorial_taskflow_api to None, run_after=None
[2025-03-08T00:57:45.440+0700] {processor.py:208} INFO - Processing /home/dataengineer/.pyenv/versions/3.9.21/lib/python3.9/site-packages/airflow/example_dags/tutorial_taskflow_api.py took 0.066 seconds
[2025-03-08T00:58:47.129+0700] {processor.py:186} INFO - Started process (PID=37453) to work on /home/dataengineer/.pyenv/versions/3.9.21/lib/python3.9/site-packages/airflow/example_dags/tutorial_taskflow_api.py
[2025-03-08T00:58:47.130+0700] {processor.py:914} INFO - Processing file /home/dataengineer/.pyenv/versions/3.9.21/lib/python3.9/site-packages/airflow/example_dags/tutorial_taskflow_api.py for tasks to queue
[2025-03-08T00:58:47.132+0700] {logging_mixin.py:190} INFO - [2025-03-08T00:58:47.132+0700] {dagbag.py:588} INFO - Filling up the DagBag from /home/dataengineer/.pyenv/versions/3.9.21/lib/python3.9/site-packages/airflow/example_dags/tutorial_taskflow_api.py
[2025-03-08T00:58:47.140+0700] {processor.py:925} INFO - DAG(s) 'tutorial_taskflow_api' retrieved from /home/dataengineer/.pyenv/versions/3.9.21/lib/python3.9/site-packages/airflow/example_dags/tutorial_taskflow_api.py
[2025-03-08T00:58:47.152+0700] {logging_mixin.py:190} INFO - [2025-03-08T00:58:47.152+0700] {dag.py:3239} INFO - Sync 1 DAGs
[2025-03-08T00:58:47.163+0700] {logging_mixin.py:190} INFO - [2025-03-08T00:58:47.163+0700] {dag.py:4180} INFO - Setting next_dagrun for tutorial_taskflow_api to None, run_after=None
[2025-03-08T00:58:47.181+0700] {processor.py:208} INFO - Processing /home/dataengineer/.pyenv/versions/3.9.21/lib/python3.9/site-packages/airflow/example_dags/tutorial_taskflow_api.py took 0.057 seconds
[2025-03-08T00:59:48.729+0700] {processor.py:186} INFO - Started process (PID=37880) to work on /home/dataengineer/.pyenv/versions/3.9.21/lib/python3.9/site-packages/airflow/example_dags/tutorial_taskflow_api.py
[2025-03-08T00:59:48.730+0700] {processor.py:914} INFO - Processing file /home/dataengineer/.pyenv/versions/3.9.21/lib/python3.9/site-packages/airflow/example_dags/tutorial_taskflow_api.py for tasks to queue
[2025-03-08T00:59:48.734+0700] {logging_mixin.py:190} INFO - [2025-03-08T00:59:48.733+0700] {dagbag.py:588} INFO - Filling up the DagBag from /home/dataengineer/.pyenv/versions/3.9.21/lib/python3.9/site-packages/airflow/example_dags/tutorial_taskflow_api.py
[2025-03-08T00:59:48.743+0700] {processor.py:925} INFO - DAG(s) 'tutorial_taskflow_api' retrieved from /home/dataengineer/.pyenv/versions/3.9.21/lib/python3.9/site-packages/airflow/example_dags/tutorial_taskflow_api.py
[2025-03-08T00:59:48.760+0700] {logging_mixin.py:190} INFO - [2025-03-08T00:59:48.760+0700] {dag.py:3239} INFO - Sync 1 DAGs
[2025-03-08T00:59:48.776+0700] {logging_mixin.py:190} INFO - [2025-03-08T00:59:48.775+0700] {dag.py:4180} INFO - Setting next_dagrun for tutorial_taskflow_api to None, run_after=None
[2025-03-08T00:59:48.798+0700] {processor.py:208} INFO - Processing /home/dataengineer/.pyenv/versions/3.9.21/lib/python3.9/site-packages/airflow/example_dags/tutorial_taskflow_api.py took 0.076 seconds
[2025-03-08T01:00:49.239+0700] {processor.py:186} INFO - Started process (PID=38306) to work on /home/dataengineer/.pyenv/versions/3.9.21/lib/python3.9/site-packages/airflow/example_dags/tutorial_taskflow_api.py
[2025-03-08T01:00:49.240+0700] {processor.py:914} INFO - Processing file /home/dataengineer/.pyenv/versions/3.9.21/lib/python3.9/site-packages/airflow/example_dags/tutorial_taskflow_api.py for tasks to queue
[2025-03-08T01:00:49.242+0700] {logging_mixin.py:190} INFO - [2025-03-08T01:00:49.242+0700] {dagbag.py:588} INFO - Filling up the DagBag from /home/dataengineer/.pyenv/versions/3.9.21/lib/python3.9/site-packages/airflow/example_dags/tutorial_taskflow_api.py
[2025-03-08T01:00:49.249+0700] {processor.py:925} INFO - DAG(s) 'tutorial_taskflow_api' retrieved from /home/dataengineer/.pyenv/versions/3.9.21/lib/python3.9/site-packages/airflow/example_dags/tutorial_taskflow_api.py
[2025-03-08T01:00:49.261+0700] {logging_mixin.py:190} INFO - [2025-03-08T01:00:49.261+0700] {dag.py:3239} INFO - Sync 1 DAGs
[2025-03-08T01:00:49.272+0700] {logging_mixin.py:190} INFO - [2025-03-08T01:00:49.272+0700] {dag.py:4180} INFO - Setting next_dagrun for tutorial_taskflow_api to None, run_after=None
[2025-03-08T01:00:49.290+0700] {processor.py:208} INFO - Processing /home/dataengineer/.pyenv/versions/3.9.21/lib/python3.9/site-packages/airflow/example_dags/tutorial_taskflow_api.py took 0.056 seconds
[2025-03-08T01:01:52.109+0700] {processor.py:186} INFO - Started process (PID=38767) to work on /home/dataengineer/.pyenv/versions/3.9.21/lib/python3.9/site-packages/airflow/example_dags/tutorial_taskflow_api.py
[2025-03-08T01:01:52.110+0700] {processor.py:914} INFO - Processing file /home/dataengineer/.pyenv/versions/3.9.21/lib/python3.9/site-packages/airflow/example_dags/tutorial_taskflow_api.py for tasks to queue
[2025-03-08T01:01:52.112+0700] {logging_mixin.py:190} INFO - [2025-03-08T01:01:52.112+0700] {dagbag.py:588} INFO - Filling up the DagBag from /home/dataengineer/.pyenv/versions/3.9.21/lib/python3.9/site-packages/airflow/example_dags/tutorial_taskflow_api.py
[2025-03-08T01:01:52.120+0700] {processor.py:925} INFO - DAG(s) 'tutorial_taskflow_api' retrieved from /home/dataengineer/.pyenv/versions/3.9.21/lib/python3.9/site-packages/airflow/example_dags/tutorial_taskflow_api.py
[2025-03-08T01:01:52.132+0700] {logging_mixin.py:190} INFO - [2025-03-08T01:01:52.132+0700] {dag.py:3239} INFO - Sync 1 DAGs
[2025-03-08T01:01:52.145+0700] {logging_mixin.py:190} INFO - [2025-03-08T01:01:52.145+0700] {dag.py:4180} INFO - Setting next_dagrun for tutorial_taskflow_api to None, run_after=None
[2025-03-08T01:01:52.169+0700] {processor.py:208} INFO - Processing /home/dataengineer/.pyenv/versions/3.9.21/lib/python3.9/site-packages/airflow/example_dags/tutorial_taskflow_api.py took 0.065 seconds
[2025-03-08T01:02:53.944+0700] {processor.py:186} INFO - Started process (PID=39291) to work on /home/dataengineer/.pyenv/versions/3.9.21/lib/python3.9/site-packages/airflow/example_dags/tutorial_taskflow_api.py
[2025-03-08T01:02:53.945+0700] {processor.py:914} INFO - Processing file /home/dataengineer/.pyenv/versions/3.9.21/lib/python3.9/site-packages/airflow/example_dags/tutorial_taskflow_api.py for tasks to queue
[2025-03-08T01:02:53.947+0700] {logging_mixin.py:190} INFO - [2025-03-08T01:02:53.947+0700] {dagbag.py:588} INFO - Filling up the DagBag from /home/dataengineer/.pyenv/versions/3.9.21/lib/python3.9/site-packages/airflow/example_dags/tutorial_taskflow_api.py
[2025-03-08T01:02:53.954+0700] {processor.py:925} INFO - DAG(s) 'tutorial_taskflow_api' retrieved from /home/dataengineer/.pyenv/versions/3.9.21/lib/python3.9/site-packages/airflow/example_dags/tutorial_taskflow_api.py
[2025-03-08T01:02:53.965+0700] {logging_mixin.py:190} INFO - [2025-03-08T01:02:53.965+0700] {dag.py:3239} INFO - Sync 1 DAGs
[2025-03-08T01:02:53.976+0700] {logging_mixin.py:190} INFO - [2025-03-08T01:02:53.975+0700] {dag.py:4180} INFO - Setting next_dagrun for tutorial_taskflow_api to None, run_after=None
[2025-03-08T01:02:53.993+0700] {processor.py:208} INFO - Processing /home/dataengineer/.pyenv/versions/3.9.21/lib/python3.9/site-packages/airflow/example_dags/tutorial_taskflow_api.py took 0.054 seconds
[2025-03-08T01:03:54.159+0700] {processor.py:186} INFO - Started process (PID=40085) to work on /home/dataengineer/.pyenv/versions/3.9.21/lib/python3.9/site-packages/airflow/example_dags/tutorial_taskflow_api.py
[2025-03-08T01:03:54.160+0700] {processor.py:914} INFO - Processing file /home/dataengineer/.pyenv/versions/3.9.21/lib/python3.9/site-packages/airflow/example_dags/tutorial_taskflow_api.py for tasks to queue
[2025-03-08T01:03:54.162+0700] {logging_mixin.py:190} INFO - [2025-03-08T01:03:54.162+0700] {dagbag.py:588} INFO - Filling up the DagBag from /home/dataengineer/.pyenv/versions/3.9.21/lib/python3.9/site-packages/airflow/example_dags/tutorial_taskflow_api.py
[2025-03-08T01:03:54.171+0700] {processor.py:925} INFO - DAG(s) 'tutorial_taskflow_api' retrieved from /home/dataengineer/.pyenv/versions/3.9.21/lib/python3.9/site-packages/airflow/example_dags/tutorial_taskflow_api.py
[2025-03-08T01:03:54.185+0700] {logging_mixin.py:190} INFO - [2025-03-08T01:03:54.185+0700] {dag.py:3239} INFO - Sync 1 DAGs
[2025-03-08T01:03:54.197+0700] {logging_mixin.py:190} INFO - [2025-03-08T01:03:54.197+0700] {dag.py:4180} INFO - Setting next_dagrun for tutorial_taskflow_api to None, run_after=None
[2025-03-08T01:03:54.218+0700] {processor.py:208} INFO - Processing /home/dataengineer/.pyenv/versions/3.9.21/lib/python3.9/site-packages/airflow/example_dags/tutorial_taskflow_api.py took 0.065 seconds
[2025-03-08T01:04:55.003+0700] {processor.py:186} INFO - Started process (PID=42045) to work on /home/dataengineer/.pyenv/versions/3.9.21/lib/python3.9/site-packages/airflow/example_dags/tutorial_taskflow_api.py
[2025-03-08T01:04:55.005+0700] {processor.py:914} INFO - Processing file /home/dataengineer/.pyenv/versions/3.9.21/lib/python3.9/site-packages/airflow/example_dags/tutorial_taskflow_api.py for tasks to queue
[2025-03-08T01:04:55.007+0700] {logging_mixin.py:190} INFO - [2025-03-08T01:04:55.006+0700] {dagbag.py:588} INFO - Filling up the DagBag from /home/dataengineer/.pyenv/versions/3.9.21/lib/python3.9/site-packages/airflow/example_dags/tutorial_taskflow_api.py
[2025-03-08T01:04:55.014+0700] {processor.py:925} INFO - DAG(s) 'tutorial_taskflow_api' retrieved from /home/dataengineer/.pyenv/versions/3.9.21/lib/python3.9/site-packages/airflow/example_dags/tutorial_taskflow_api.py
[2025-03-08T01:04:55.026+0700] {logging_mixin.py:190} INFO - [2025-03-08T01:04:55.026+0700] {dag.py:3239} INFO - Sync 1 DAGs
[2025-03-08T01:04:55.037+0700] {logging_mixin.py:190} INFO - [2025-03-08T01:04:55.037+0700] {dag.py:4180} INFO - Setting next_dagrun for tutorial_taskflow_api to None, run_after=None
[2025-03-08T01:04:55.054+0700] {processor.py:208} INFO - Processing /home/dataengineer/.pyenv/versions/3.9.21/lib/python3.9/site-packages/airflow/example_dags/tutorial_taskflow_api.py took 0.056 seconds
[2025-03-08T02:20:15.677+0700] {processor.py:186} INFO - Started process (PID=63562) to work on /home/dataengineer/.pyenv/versions/3.9.21/lib/python3.9/site-packages/airflow/example_dags/tutorial_taskflow_api.py
[2025-03-08T02:20:15.678+0700] {processor.py:914} INFO - Processing file /home/dataengineer/.pyenv/versions/3.9.21/lib/python3.9/site-packages/airflow/example_dags/tutorial_taskflow_api.py for tasks to queue
[2025-03-08T02:20:15.680+0700] {logging_mixin.py:190} INFO - [2025-03-08T02:20:15.679+0700] {dagbag.py:588} INFO - Filling up the DagBag from /home/dataengineer/.pyenv/versions/3.9.21/lib/python3.9/site-packages/airflow/example_dags/tutorial_taskflow_api.py
[2025-03-08T02:20:15.687+0700] {processor.py:925} INFO - DAG(s) 'tutorial_taskflow_api' retrieved from /home/dataengineer/.pyenv/versions/3.9.21/lib/python3.9/site-packages/airflow/example_dags/tutorial_taskflow_api.py
[2025-03-08T02:20:15.706+0700] {logging_mixin.py:190} INFO - [2025-03-08T02:20:15.706+0700] {dag.py:3239} INFO - Sync 1 DAGs
[2025-03-08T02:20:15.717+0700] {logging_mixin.py:190} INFO - [2025-03-08T02:20:15.717+0700] {dag.py:4180} INFO - Setting next_dagrun for tutorial_taskflow_api to None, run_after=None
[2025-03-08T02:20:15.736+0700] {processor.py:208} INFO - Processing /home/dataengineer/.pyenv/versions/3.9.21/lib/python3.9/site-packages/airflow/example_dags/tutorial_taskflow_api.py took 0.065 seconds
[2025-03-08T02:26:59.794+0700] {processor.py:186} INFO - Started process (PID=66470) to work on /home/dataengineer/.pyenv/versions/3.9.21/lib/python3.9/site-packages/airflow/example_dags/tutorial_taskflow_api.py
[2025-03-08T02:26:59.796+0700] {processor.py:914} INFO - Processing file /home/dataengineer/.pyenv/versions/3.9.21/lib/python3.9/site-packages/airflow/example_dags/tutorial_taskflow_api.py for tasks to queue
[2025-03-08T02:26:59.799+0700] {logging_mixin.py:190} INFO - [2025-03-08T02:26:59.798+0700] {dagbag.py:588} INFO - Filling up the DagBag from /home/dataengineer/.pyenv/versions/3.9.21/lib/python3.9/site-packages/airflow/example_dags/tutorial_taskflow_api.py
[2025-03-08T02:26:59.812+0700] {processor.py:925} INFO - DAG(s) 'tutorial_taskflow_api' retrieved from /home/dataengineer/.pyenv/versions/3.9.21/lib/python3.9/site-packages/airflow/example_dags/tutorial_taskflow_api.py
[2025-03-08T02:26:59.837+0700] {logging_mixin.py:190} INFO - [2025-03-08T02:26:59.837+0700] {dag.py:3239} INFO - Sync 1 DAGs
[2025-03-08T02:26:59.849+0700] {logging_mixin.py:190} INFO - [2025-03-08T02:26:59.849+0700] {dag.py:4180} INFO - Setting next_dagrun for tutorial_taskflow_api to None, run_after=None
[2025-03-08T02:26:59.870+0700] {processor.py:208} INFO - Processing /home/dataengineer/.pyenv/versions/3.9.21/lib/python3.9/site-packages/airflow/example_dags/tutorial_taskflow_api.py took 0.083 seconds
[2025-03-08T02:29:13.901+0700] {processor.py:186} INFO - Started process (PID=67341) to work on /home/dataengineer/.pyenv/versions/3.9.21/lib/python3.9/site-packages/airflow/example_dags/tutorial_taskflow_api.py
[2025-03-08T02:29:13.902+0700] {processor.py:914} INFO - Processing file /home/dataengineer/.pyenv/versions/3.9.21/lib/python3.9/site-packages/airflow/example_dags/tutorial_taskflow_api.py for tasks to queue
[2025-03-08T02:29:13.904+0700] {logging_mixin.py:190} INFO - [2025-03-08T02:29:13.903+0700] {dagbag.py:588} INFO - Filling up the DagBag from /home/dataengineer/.pyenv/versions/3.9.21/lib/python3.9/site-packages/airflow/example_dags/tutorial_taskflow_api.py
[2025-03-08T02:29:13.911+0700] {processor.py:925} INFO - DAG(s) 'tutorial_taskflow_api' retrieved from /home/dataengineer/.pyenv/versions/3.9.21/lib/python3.9/site-packages/airflow/example_dags/tutorial_taskflow_api.py
[2025-03-08T02:29:13.929+0700] {logging_mixin.py:190} INFO - [2025-03-08T02:29:13.928+0700] {dag.py:3239} INFO - Sync 1 DAGs
[2025-03-08T02:29:13.939+0700] {logging_mixin.py:190} INFO - [2025-03-08T02:29:13.939+0700] {dag.py:4180} INFO - Setting next_dagrun for tutorial_taskflow_api to None, run_after=None
[2025-03-08T02:29:13.959+0700] {processor.py:208} INFO - Processing /home/dataengineer/.pyenv/versions/3.9.21/lib/python3.9/site-packages/airflow/example_dags/tutorial_taskflow_api.py took 0.064 seconds
[2025-03-08T02:30:10.624+0700] {processor.py:186} INFO - Started process (PID=67927) to work on /home/dataengineer/.pyenv/versions/3.9.21/lib/python3.9/site-packages/airflow/example_dags/tutorial_taskflow_api.py
[2025-03-08T02:30:10.625+0700] {processor.py:914} INFO - Processing file /home/dataengineer/.pyenv/versions/3.9.21/lib/python3.9/site-packages/airflow/example_dags/tutorial_taskflow_api.py for tasks to queue
[2025-03-08T02:30:10.627+0700] {logging_mixin.py:190} INFO - [2025-03-08T02:30:10.626+0700] {dagbag.py:588} INFO - Filling up the DagBag from /home/dataengineer/.pyenv/versions/3.9.21/lib/python3.9/site-packages/airflow/example_dags/tutorial_taskflow_api.py
[2025-03-08T02:30:10.635+0700] {processor.py:925} INFO - DAG(s) 'tutorial_taskflow_api' retrieved from /home/dataengineer/.pyenv/versions/3.9.21/lib/python3.9/site-packages/airflow/example_dags/tutorial_taskflow_api.py
[2025-03-08T02:30:10.649+0700] {logging_mixin.py:190} INFO - [2025-03-08T02:30:10.649+0700] {dag.py:3239} INFO - Sync 1 DAGs
[2025-03-08T02:30:10.662+0700] {logging_mixin.py:190} INFO - [2025-03-08T02:30:10.662+0700] {dag.py:4180} INFO - Setting next_dagrun for tutorial_taskflow_api to None, run_after=None
[2025-03-08T02:30:10.684+0700] {processor.py:208} INFO - Processing /home/dataengineer/.pyenv/versions/3.9.21/lib/python3.9/site-packages/airflow/example_dags/tutorial_taskflow_api.py took 0.067 seconds
[2025-03-08T02:31:03.689+0700] {processor.py:186} INFO - Started process (PID=68246) to work on /home/dataengineer/.pyenv/versions/3.9.21/lib/python3.9/site-packages/airflow/example_dags/tutorial_taskflow_api.py
[2025-03-08T02:31:03.690+0700] {processor.py:914} INFO - Processing file /home/dataengineer/.pyenv/versions/3.9.21/lib/python3.9/site-packages/airflow/example_dags/tutorial_taskflow_api.py for tasks to queue
[2025-03-08T02:31:03.691+0700] {logging_mixin.py:190} INFO - [2025-03-08T02:31:03.691+0700] {dagbag.py:588} INFO - Filling up the DagBag from /home/dataengineer/.pyenv/versions/3.9.21/lib/python3.9/site-packages/airflow/example_dags/tutorial_taskflow_api.py
[2025-03-08T02:31:03.699+0700] {processor.py:925} INFO - DAG(s) 'tutorial_taskflow_api' retrieved from /home/dataengineer/.pyenv/versions/3.9.21/lib/python3.9/site-packages/airflow/example_dags/tutorial_taskflow_api.py
[2025-03-08T02:31:03.714+0700] {logging_mixin.py:190} INFO - [2025-03-08T02:31:03.714+0700] {dag.py:3239} INFO - Sync 1 DAGs
[2025-03-08T02:31:03.727+0700] {logging_mixin.py:190} INFO - [2025-03-08T02:31:03.726+0700] {dag.py:4180} INFO - Setting next_dagrun for tutorial_taskflow_api to None, run_after=None
[2025-03-08T02:31:03.748+0700] {processor.py:208} INFO - Processing /home/dataengineer/.pyenv/versions/3.9.21/lib/python3.9/site-packages/airflow/example_dags/tutorial_taskflow_api.py took 0.065 seconds
[2025-03-08T02:31:58.135+0700] {processor.py:186} INFO - Started process (PID=68933) to work on /home/dataengineer/.pyenv/versions/3.9.21/lib/python3.9/site-packages/airflow/example_dags/tutorial_taskflow_api.py
[2025-03-08T02:31:58.136+0700] {processor.py:914} INFO - Processing file /home/dataengineer/.pyenv/versions/3.9.21/lib/python3.9/site-packages/airflow/example_dags/tutorial_taskflow_api.py for tasks to queue
[2025-03-08T02:31:58.137+0700] {logging_mixin.py:190} INFO - [2025-03-08T02:31:58.137+0700] {dagbag.py:588} INFO - Filling up the DagBag from /home/dataengineer/.pyenv/versions/3.9.21/lib/python3.9/site-packages/airflow/example_dags/tutorial_taskflow_api.py
[2025-03-08T02:31:58.144+0700] {processor.py:925} INFO - DAG(s) 'tutorial_taskflow_api' retrieved from /home/dataengineer/.pyenv/versions/3.9.21/lib/python3.9/site-packages/airflow/example_dags/tutorial_taskflow_api.py
[2025-03-08T02:31:58.156+0700] {logging_mixin.py:190} INFO - [2025-03-08T02:31:58.156+0700] {dag.py:3239} INFO - Sync 1 DAGs
[2025-03-08T02:31:58.168+0700] {logging_mixin.py:190} INFO - [2025-03-08T02:31:58.168+0700] {dag.py:4180} INFO - Setting next_dagrun for tutorial_taskflow_api to None, run_after=None
[2025-03-08T02:31:58.187+0700] {processor.py:208} INFO - Processing /home/dataengineer/.pyenv/versions/3.9.21/lib/python3.9/site-packages/airflow/example_dags/tutorial_taskflow_api.py took 0.058 seconds
[2025-03-08T02:32:56.604+0700] {processor.py:186} INFO - Started process (PID=69187) to work on /home/dataengineer/.pyenv/versions/3.9.21/lib/python3.9/site-packages/airflow/example_dags/tutorial_taskflow_api.py
[2025-03-08T02:32:56.605+0700] {processor.py:914} INFO - Processing file /home/dataengineer/.pyenv/versions/3.9.21/lib/python3.9/site-packages/airflow/example_dags/tutorial_taskflow_api.py for tasks to queue
[2025-03-08T02:32:56.606+0700] {logging_mixin.py:190} INFO - [2025-03-08T02:32:56.606+0700] {dagbag.py:588} INFO - Filling up the DagBag from /home/dataengineer/.pyenv/versions/3.9.21/lib/python3.9/site-packages/airflow/example_dags/tutorial_taskflow_api.py
[2025-03-08T02:32:56.613+0700] {processor.py:925} INFO - DAG(s) 'tutorial_taskflow_api' retrieved from /home/dataengineer/.pyenv/versions/3.9.21/lib/python3.9/site-packages/airflow/example_dags/tutorial_taskflow_api.py
[2025-03-08T02:32:56.625+0700] {logging_mixin.py:190} INFO - [2025-03-08T02:32:56.625+0700] {dag.py:3239} INFO - Sync 1 DAGs
[2025-03-08T02:32:56.636+0700] {logging_mixin.py:190} INFO - [2025-03-08T02:32:56.635+0700] {dag.py:4180} INFO - Setting next_dagrun for tutorial_taskflow_api to None, run_after=None
[2025-03-08T02:32:56.653+0700] {processor.py:208} INFO - Processing /home/dataengineer/.pyenv/versions/3.9.21/lib/python3.9/site-packages/airflow/example_dags/tutorial_taskflow_api.py took 0.054 seconds
[2025-03-08T02:33:51.473+0700] {processor.py:186} INFO - Started process (PID=69452) to work on /home/dataengineer/.pyenv/versions/3.9.21/lib/python3.9/site-packages/airflow/example_dags/tutorial_taskflow_api.py
[2025-03-08T02:33:51.475+0700] {processor.py:914} INFO - Processing file /home/dataengineer/.pyenv/versions/3.9.21/lib/python3.9/site-packages/airflow/example_dags/tutorial_taskflow_api.py for tasks to queue
[2025-03-08T02:33:51.477+0700] {logging_mixin.py:190} INFO - [2025-03-08T02:33:51.476+0700] {dagbag.py:588} INFO - Filling up the DagBag from /home/dataengineer/.pyenv/versions/3.9.21/lib/python3.9/site-packages/airflow/example_dags/tutorial_taskflow_api.py
[2025-03-08T02:33:51.488+0700] {processor.py:925} INFO - DAG(s) 'tutorial_taskflow_api' retrieved from /home/dataengineer/.pyenv/versions/3.9.21/lib/python3.9/site-packages/airflow/example_dags/tutorial_taskflow_api.py
[2025-03-08T02:33:51.505+0700] {logging_mixin.py:190} INFO - [2025-03-08T02:33:51.505+0700] {dag.py:3239} INFO - Sync 1 DAGs
[2025-03-08T02:33:51.521+0700] {logging_mixin.py:190} INFO - [2025-03-08T02:33:51.521+0700] {dag.py:4180} INFO - Setting next_dagrun for tutorial_taskflow_api to None, run_after=None
[2025-03-08T02:33:51.546+0700] {processor.py:208} INFO - Processing /home/dataengineer/.pyenv/versions/3.9.21/lib/python3.9/site-packages/airflow/example_dags/tutorial_taskflow_api.py took 0.081 seconds
[2025-03-08T02:34:36.485+0700] {processor.py:186} INFO - Started process (PID=70279) to work on /home/dataengineer/.pyenv/versions/3.9.21/lib/python3.9/site-packages/airflow/example_dags/tutorial_taskflow_api.py
[2025-03-08T02:34:36.486+0700] {processor.py:914} INFO - Processing file /home/dataengineer/.pyenv/versions/3.9.21/lib/python3.9/site-packages/airflow/example_dags/tutorial_taskflow_api.py for tasks to queue
[2025-03-08T02:34:36.488+0700] {logging_mixin.py:190} INFO - [2025-03-08T02:34:36.487+0700] {dagbag.py:588} INFO - Filling up the DagBag from /home/dataengineer/.pyenv/versions/3.9.21/lib/python3.9/site-packages/airflow/example_dags/tutorial_taskflow_api.py
[2025-03-08T02:34:36.496+0700] {processor.py:925} INFO - DAG(s) 'tutorial_taskflow_api' retrieved from /home/dataengineer/.pyenv/versions/3.9.21/lib/python3.9/site-packages/airflow/example_dags/tutorial_taskflow_api.py
[2025-03-08T02:34:36.515+0700] {logging_mixin.py:190} INFO - [2025-03-08T02:34:36.514+0700] {dag.py:3239} INFO - Sync 1 DAGs
[2025-03-08T02:34:36.526+0700] {logging_mixin.py:190} INFO - [2025-03-08T02:34:36.526+0700] {dag.py:4180} INFO - Setting next_dagrun for tutorial_taskflow_api to None, run_after=None
[2025-03-08T02:34:36.546+0700] {processor.py:208} INFO - Processing /home/dataengineer/.pyenv/versions/3.9.21/lib/python3.9/site-packages/airflow/example_dags/tutorial_taskflow_api.py took 0.068 seconds
[2025-03-08T02:35:36.307+0700] {processor.py:186} INFO - Started process (PID=70745) to work on /home/dataengineer/.pyenv/versions/3.9.21/lib/python3.9/site-packages/airflow/example_dags/tutorial_taskflow_api.py
[2025-03-08T02:35:36.309+0700] {processor.py:914} INFO - Processing file /home/dataengineer/.pyenv/versions/3.9.21/lib/python3.9/site-packages/airflow/example_dags/tutorial_taskflow_api.py for tasks to queue
[2025-03-08T02:35:36.310+0700] {logging_mixin.py:190} INFO - [2025-03-08T02:35:36.310+0700] {dagbag.py:588} INFO - Filling up the DagBag from /home/dataengineer/.pyenv/versions/3.9.21/lib/python3.9/site-packages/airflow/example_dags/tutorial_taskflow_api.py
[2025-03-08T02:35:36.320+0700] {processor.py:925} INFO - DAG(s) 'tutorial_taskflow_api' retrieved from /home/dataengineer/.pyenv/versions/3.9.21/lib/python3.9/site-packages/airflow/example_dags/tutorial_taskflow_api.py
[2025-03-08T02:35:36.338+0700] {logging_mixin.py:190} INFO - [2025-03-08T02:35:36.338+0700] {dag.py:3239} INFO - Sync 1 DAGs
[2025-03-08T02:35:36.351+0700] {logging_mixin.py:190} INFO - [2025-03-08T02:35:36.351+0700] {dag.py:4180} INFO - Setting next_dagrun for tutorial_taskflow_api to None, run_after=None
[2025-03-08T02:35:36.370+0700] {processor.py:208} INFO - Processing /home/dataengineer/.pyenv/versions/3.9.21/lib/python3.9/site-packages/airflow/example_dags/tutorial_taskflow_api.py took 0.068 seconds
[2025-03-08T02:36:38.940+0700] {processor.py:186} INFO - Started process (PID=71194) to work on /home/dataengineer/.pyenv/versions/3.9.21/lib/python3.9/site-packages/airflow/example_dags/tutorial_taskflow_api.py
[2025-03-08T02:36:38.941+0700] {processor.py:914} INFO - Processing file /home/dataengineer/.pyenv/versions/3.9.21/lib/python3.9/site-packages/airflow/example_dags/tutorial_taskflow_api.py for tasks to queue
[2025-03-08T02:36:38.944+0700] {logging_mixin.py:190} INFO - [2025-03-08T02:36:38.943+0700] {dagbag.py:588} INFO - Filling up the DagBag from /home/dataengineer/.pyenv/versions/3.9.21/lib/python3.9/site-packages/airflow/example_dags/tutorial_taskflow_api.py
[2025-03-08T02:36:38.951+0700] {processor.py:925} INFO - DAG(s) 'tutorial_taskflow_api' retrieved from /home/dataengineer/.pyenv/versions/3.9.21/lib/python3.9/site-packages/airflow/example_dags/tutorial_taskflow_api.py
[2025-03-08T02:36:38.965+0700] {logging_mixin.py:190} INFO - [2025-03-08T02:36:38.965+0700] {dag.py:3239} INFO - Sync 1 DAGs
[2025-03-08T02:36:38.977+0700] {logging_mixin.py:190} INFO - [2025-03-08T02:36:38.977+0700] {dag.py:4180} INFO - Setting next_dagrun for tutorial_taskflow_api to None, run_after=None
[2025-03-08T02:36:38.998+0700] {processor.py:208} INFO - Processing /home/dataengineer/.pyenv/versions/3.9.21/lib/python3.9/site-packages/airflow/example_dags/tutorial_taskflow_api.py took 0.064 seconds
[2025-03-08T02:37:36.734+0700] {processor.py:186} INFO - Started process (PID=71431) to work on /home/dataengineer/.pyenv/versions/3.9.21/lib/python3.9/site-packages/airflow/example_dags/tutorial_taskflow_api.py
[2025-03-08T02:37:36.736+0700] {processor.py:914} INFO - Processing file /home/dataengineer/.pyenv/versions/3.9.21/lib/python3.9/site-packages/airflow/example_dags/tutorial_taskflow_api.py for tasks to queue
[2025-03-08T02:37:36.738+0700] {logging_mixin.py:190} INFO - [2025-03-08T02:37:36.738+0700] {dagbag.py:588} INFO - Filling up the DagBag from /home/dataengineer/.pyenv/versions/3.9.21/lib/python3.9/site-packages/airflow/example_dags/tutorial_taskflow_api.py
[2025-03-08T02:37:36.746+0700] {processor.py:925} INFO - DAG(s) 'tutorial_taskflow_api' retrieved from /home/dataengineer/.pyenv/versions/3.9.21/lib/python3.9/site-packages/airflow/example_dags/tutorial_taskflow_api.py
[2025-03-08T02:37:36.760+0700] {logging_mixin.py:190} INFO - [2025-03-08T02:37:36.760+0700] {dag.py:3239} INFO - Sync 1 DAGs
[2025-03-08T02:37:36.772+0700] {logging_mixin.py:190} INFO - [2025-03-08T02:37:36.772+0700] {dag.py:4180} INFO - Setting next_dagrun for tutorial_taskflow_api to None, run_after=None
[2025-03-08T02:37:36.793+0700] {processor.py:208} INFO - Processing /home/dataengineer/.pyenv/versions/3.9.21/lib/python3.9/site-packages/airflow/example_dags/tutorial_taskflow_api.py took 0.064 seconds
[2025-03-08T02:38:43.743+0700] {processor.py:186} INFO - Started process (PID=72347) to work on /home/dataengineer/.pyenv/versions/3.9.21/lib/python3.9/site-packages/airflow/example_dags/tutorial_taskflow_api.py
[2025-03-08T02:38:43.744+0700] {processor.py:914} INFO - Processing file /home/dataengineer/.pyenv/versions/3.9.21/lib/python3.9/site-packages/airflow/example_dags/tutorial_taskflow_api.py for tasks to queue
[2025-03-08T02:38:43.746+0700] {logging_mixin.py:190} INFO - [2025-03-08T02:38:43.746+0700] {dagbag.py:588} INFO - Filling up the DagBag from /home/dataengineer/.pyenv/versions/3.9.21/lib/python3.9/site-packages/airflow/example_dags/tutorial_taskflow_api.py
[2025-03-08T02:38:43.754+0700] {processor.py:925} INFO - DAG(s) 'tutorial_taskflow_api' retrieved from /home/dataengineer/.pyenv/versions/3.9.21/lib/python3.9/site-packages/airflow/example_dags/tutorial_taskflow_api.py
[2025-03-08T02:38:43.773+0700] {logging_mixin.py:190} INFO - [2025-03-08T02:38:43.772+0700] {dag.py:3239} INFO - Sync 1 DAGs
[2025-03-08T02:38:43.785+0700] {logging_mixin.py:190} INFO - [2025-03-08T02:38:43.785+0700] {dag.py:4180} INFO - Setting next_dagrun for tutorial_taskflow_api to None, run_after=None
[2025-03-08T02:38:43.805+0700] {processor.py:208} INFO - Processing /home/dataengineer/.pyenv/versions/3.9.21/lib/python3.9/site-packages/airflow/example_dags/tutorial_taskflow_api.py took 0.068 seconds
