[2025-03-08T00:56:31.043+0700] {processor.py:186} INFO - Started process (PID=36230) to work on /home/dataengineer/.pyenv/versions/3.9.21/lib/python3.9/site-packages/airflow/example_dags/tutorial_objectstorage.py
[2025-03-08T00:56:31.045+0700] {processor.py:914} INFO - Processing file /home/dataengineer/.pyenv/versions/3.9.21/lib/python3.9/site-packages/airflow/example_dags/tutorial_objectstorage.py for tasks to queue
[2025-03-08T00:56:31.046+0700] {logging_mixin.py:190} INFO - [2025-03-08T00:56:31.046+0700] {dagbag.py:588} INFO - Filling up the DagBag from /home/dataengineer/.pyenv/versions/3.9.21/lib/python3.9/site-packages/airflow/example_dags/tutorial_objectstorage.py
[2025-03-08T00:56:31.057+0700] {processor.py:925} INFO - DAG(s) 'tutorial_objectstorage' retrieved from /home/dataengineer/.pyenv/versions/3.9.21/lib/python3.9/site-packages/airflow/example_dags/tutorial_objectstorage.py
[2025-03-08T00:56:31.078+0700] {logging_mixin.py:190} INFO - [2025-03-08T00:56:31.078+0700] {dag.py:3239} INFO - Sync 1 DAGs
[2025-03-08T00:56:31.092+0700] {logging_mixin.py:190} INFO - [2025-03-08T00:56:31.092+0700] {dag.py:4180} INFO - Setting next_dagrun for tutorial_objectstorage to None, run_after=None
[2025-03-08T00:56:31.118+0700] {processor.py:208} INFO - Processing /home/dataengineer/.pyenv/versions/3.9.21/lib/python3.9/site-packages/airflow/example_dags/tutorial_objectstorage.py took 0.081 seconds
[2025-03-08T00:57:36.543+0700] {processor.py:186} INFO - Started process (PID=36896) to work on /home/dataengineer/.pyenv/versions/3.9.21/lib/python3.9/site-packages/airflow/example_dags/tutorial_objectstorage.py
[2025-03-08T00:57:36.546+0700] {processor.py:914} INFO - Processing file /home/dataengineer/.pyenv/versions/3.9.21/lib/python3.9/site-packages/airflow/example_dags/tutorial_objectstorage.py for tasks to queue
[2025-03-08T00:57:36.549+0700] {logging_mixin.py:190} INFO - [2025-03-08T00:57:36.548+0700] {dagbag.py:588} INFO - Filling up the DagBag from /home/dataengineer/.pyenv/versions/3.9.21/lib/python3.9/site-packages/airflow/example_dags/tutorial_objectstorage.py
[2025-03-08T00:57:36.559+0700] {processor.py:925} INFO - DAG(s) 'tutorial_objectstorage' retrieved from /home/dataengineer/.pyenv/versions/3.9.21/lib/python3.9/site-packages/airflow/example_dags/tutorial_objectstorage.py
[2025-03-08T00:57:36.577+0700] {logging_mixin.py:190} INFO - [2025-03-08T00:57:36.576+0700] {dag.py:3239} INFO - Sync 1 DAGs
[2025-03-08T00:57:36.595+0700] {logging_mixin.py:190} INFO - [2025-03-08T00:57:36.594+0700] {dag.py:4180} INFO - Setting next_dagrun for tutorial_objectstorage to None, run_after=None
[2025-03-08T00:57:36.619+0700] {processor.py:208} INFO - Processing /home/dataengineer/.pyenv/versions/3.9.21/lib/python3.9/site-packages/airflow/example_dags/tutorial_objectstorage.py took 0.083 seconds
[2025-03-08T00:58:38.581+0700] {processor.py:186} INFO - Started process (PID=37420) to work on /home/dataengineer/.pyenv/versions/3.9.21/lib/python3.9/site-packages/airflow/example_dags/tutorial_objectstorage.py
[2025-03-08T00:58:38.582+0700] {processor.py:914} INFO - Processing file /home/dataengineer/.pyenv/versions/3.9.21/lib/python3.9/site-packages/airflow/example_dags/tutorial_objectstorage.py for tasks to queue
[2025-03-08T00:58:38.584+0700] {logging_mixin.py:190} INFO - [2025-03-08T00:58:38.584+0700] {dagbag.py:588} INFO - Filling up the DagBag from /home/dataengineer/.pyenv/versions/3.9.21/lib/python3.9/site-packages/airflow/example_dags/tutorial_objectstorage.py
[2025-03-08T00:58:38.593+0700] {processor.py:925} INFO - DAG(s) 'tutorial_objectstorage' retrieved from /home/dataengineer/.pyenv/versions/3.9.21/lib/python3.9/site-packages/airflow/example_dags/tutorial_objectstorage.py
[2025-03-08T00:58:38.606+0700] {logging_mixin.py:190} INFO - [2025-03-08T00:58:38.605+0700] {dag.py:3239} INFO - Sync 1 DAGs
[2025-03-08T00:58:38.618+0700] {logging_mixin.py:190} INFO - [2025-03-08T00:58:38.618+0700] {dag.py:4180} INFO - Setting next_dagrun for tutorial_objectstorage to None, run_after=None
[2025-03-08T00:58:38.637+0700] {processor.py:208} INFO - Processing /home/dataengineer/.pyenv/versions/3.9.21/lib/python3.9/site-packages/airflow/example_dags/tutorial_objectstorage.py took 0.062 seconds
[2025-03-08T00:59:40.253+0700] {processor.py:186} INFO - Started process (PID=37847) to work on /home/dataengineer/.pyenv/versions/3.9.21/lib/python3.9/site-packages/airflow/example_dags/tutorial_objectstorage.py
[2025-03-08T00:59:40.255+0700] {processor.py:914} INFO - Processing file /home/dataengineer/.pyenv/versions/3.9.21/lib/python3.9/site-packages/airflow/example_dags/tutorial_objectstorage.py for tasks to queue
[2025-03-08T00:59:40.256+0700] {logging_mixin.py:190} INFO - [2025-03-08T00:59:40.256+0700] {dagbag.py:588} INFO - Filling up the DagBag from /home/dataengineer/.pyenv/versions/3.9.21/lib/python3.9/site-packages/airflow/example_dags/tutorial_objectstorage.py
[2025-03-08T00:59:40.264+0700] {processor.py:925} INFO - DAG(s) 'tutorial_objectstorage' retrieved from /home/dataengineer/.pyenv/versions/3.9.21/lib/python3.9/site-packages/airflow/example_dags/tutorial_objectstorage.py
[2025-03-08T00:59:40.276+0700] {logging_mixin.py:190} INFO - [2025-03-08T00:59:40.276+0700] {dag.py:3239} INFO - Sync 1 DAGs
[2025-03-08T00:59:40.287+0700] {logging_mixin.py:190} INFO - [2025-03-08T00:59:40.287+0700] {dag.py:4180} INFO - Setting next_dagrun for tutorial_objectstorage to None, run_after=None
[2025-03-08T00:59:40.305+0700] {processor.py:208} INFO - Processing /home/dataengineer/.pyenv/versions/3.9.21/lib/python3.9/site-packages/airflow/example_dags/tutorial_objectstorage.py took 0.056 seconds
[2025-03-08T01:00:40.770+0700] {processor.py:186} INFO - Started process (PID=38273) to work on /home/dataengineer/.pyenv/versions/3.9.21/lib/python3.9/site-packages/airflow/example_dags/tutorial_objectstorage.py
[2025-03-08T01:00:40.771+0700] {processor.py:914} INFO - Processing file /home/dataengineer/.pyenv/versions/3.9.21/lib/python3.9/site-packages/airflow/example_dags/tutorial_objectstorage.py for tasks to queue
[2025-03-08T01:00:40.772+0700] {logging_mixin.py:190} INFO - [2025-03-08T01:00:40.772+0700] {dagbag.py:588} INFO - Filling up the DagBag from /home/dataengineer/.pyenv/versions/3.9.21/lib/python3.9/site-packages/airflow/example_dags/tutorial_objectstorage.py
[2025-03-08T01:00:40.781+0700] {processor.py:925} INFO - DAG(s) 'tutorial_objectstorage' retrieved from /home/dataengineer/.pyenv/versions/3.9.21/lib/python3.9/site-packages/airflow/example_dags/tutorial_objectstorage.py
[2025-03-08T01:00:40.793+0700] {logging_mixin.py:190} INFO - [2025-03-08T01:00:40.792+0700] {dag.py:3239} INFO - Sync 1 DAGs
[2025-03-08T01:00:40.804+0700] {logging_mixin.py:190} INFO - [2025-03-08T01:00:40.803+0700] {dag.py:4180} INFO - Setting next_dagrun for tutorial_objectstorage to None, run_after=None
[2025-03-08T01:00:40.823+0700] {processor.py:208} INFO - Processing /home/dataengineer/.pyenv/versions/3.9.21/lib/python3.9/site-packages/airflow/example_dags/tutorial_objectstorage.py took 0.059 seconds
[2025-03-08T01:01:43.644+0700] {processor.py:186} INFO - Started process (PID=38734) to work on /home/dataengineer/.pyenv/versions/3.9.21/lib/python3.9/site-packages/airflow/example_dags/tutorial_objectstorage.py
[2025-03-08T01:01:43.645+0700] {processor.py:914} INFO - Processing file /home/dataengineer/.pyenv/versions/3.9.21/lib/python3.9/site-packages/airflow/example_dags/tutorial_objectstorage.py for tasks to queue
[2025-03-08T01:01:43.647+0700] {logging_mixin.py:190} INFO - [2025-03-08T01:01:43.646+0700] {dagbag.py:588} INFO - Filling up the DagBag from /home/dataengineer/.pyenv/versions/3.9.21/lib/python3.9/site-packages/airflow/example_dags/tutorial_objectstorage.py
[2025-03-08T01:01:43.656+0700] {processor.py:925} INFO - DAG(s) 'tutorial_objectstorage' retrieved from /home/dataengineer/.pyenv/versions/3.9.21/lib/python3.9/site-packages/airflow/example_dags/tutorial_objectstorage.py
[2025-03-08T01:01:43.668+0700] {logging_mixin.py:190} INFO - [2025-03-08T01:01:43.668+0700] {dag.py:3239} INFO - Sync 1 DAGs
[2025-03-08T01:01:43.680+0700] {logging_mixin.py:190} INFO - [2025-03-08T01:01:43.680+0700] {dag.py:4180} INFO - Setting next_dagrun for tutorial_objectstorage to None, run_after=None
[2025-03-08T01:01:43.701+0700] {processor.py:208} INFO - Processing /home/dataengineer/.pyenv/versions/3.9.21/lib/python3.9/site-packages/airflow/example_dags/tutorial_objectstorage.py took 0.064 seconds
[2025-03-08T01:02:45.169+0700] {processor.py:186} INFO - Started process (PID=39243) to work on /home/dataengineer/.pyenv/versions/3.9.21/lib/python3.9/site-packages/airflow/example_dags/tutorial_objectstorage.py
[2025-03-08T01:02:45.170+0700] {processor.py:914} INFO - Processing file /home/dataengineer/.pyenv/versions/3.9.21/lib/python3.9/site-packages/airflow/example_dags/tutorial_objectstorage.py for tasks to queue
[2025-03-08T01:02:45.172+0700] {logging_mixin.py:190} INFO - [2025-03-08T01:02:45.172+0700] {dagbag.py:588} INFO - Filling up the DagBag from /home/dataengineer/.pyenv/versions/3.9.21/lib/python3.9/site-packages/airflow/example_dags/tutorial_objectstorage.py
[2025-03-08T01:02:45.181+0700] {processor.py:925} INFO - DAG(s) 'tutorial_objectstorage' retrieved from /home/dataengineer/.pyenv/versions/3.9.21/lib/python3.9/site-packages/airflow/example_dags/tutorial_objectstorage.py
[2025-03-08T01:02:45.193+0700] {logging_mixin.py:190} INFO - [2025-03-08T01:02:45.193+0700] {dag.py:3239} INFO - Sync 1 DAGs
[2025-03-08T01:02:45.206+0700] {logging_mixin.py:190} INFO - [2025-03-08T01:02:45.206+0700] {dag.py:4180} INFO - Setting next_dagrun for tutorial_objectstorage to None, run_after=None
[2025-03-08T01:02:45.225+0700] {processor.py:208} INFO - Processing /home/dataengineer/.pyenv/versions/3.9.21/lib/python3.9/site-packages/airflow/example_dags/tutorial_objectstorage.py took 0.061 seconds
[2025-03-08T01:03:45.713+0700] {processor.py:186} INFO - Started process (PID=40012) to work on /home/dataengineer/.pyenv/versions/3.9.21/lib/python3.9/site-packages/airflow/example_dags/tutorial_objectstorage.py
[2025-03-08T01:03:45.714+0700] {processor.py:914} INFO - Processing file /home/dataengineer/.pyenv/versions/3.9.21/lib/python3.9/site-packages/airflow/example_dags/tutorial_objectstorage.py for tasks to queue
[2025-03-08T01:03:45.716+0700] {logging_mixin.py:190} INFO - [2025-03-08T01:03:45.715+0700] {dagbag.py:588} INFO - Filling up the DagBag from /home/dataengineer/.pyenv/versions/3.9.21/lib/python3.9/site-packages/airflow/example_dags/tutorial_objectstorage.py
[2025-03-08T01:03:45.724+0700] {processor.py:925} INFO - DAG(s) 'tutorial_objectstorage' retrieved from /home/dataengineer/.pyenv/versions/3.9.21/lib/python3.9/site-packages/airflow/example_dags/tutorial_objectstorage.py
[2025-03-08T01:03:45.736+0700] {logging_mixin.py:190} INFO - [2025-03-08T01:03:45.735+0700] {dag.py:3239} INFO - Sync 1 DAGs
[2025-03-08T01:03:45.747+0700] {logging_mixin.py:190} INFO - [2025-03-08T01:03:45.746+0700] {dag.py:4180} INFO - Setting next_dagrun for tutorial_objectstorage to None, run_after=None
[2025-03-08T01:03:45.765+0700] {processor.py:208} INFO - Processing /home/dataengineer/.pyenv/versions/3.9.21/lib/python3.9/site-packages/airflow/example_dags/tutorial_objectstorage.py took 0.057 seconds
[2025-03-08T01:04:46.235+0700] {processor.py:186} INFO - Started process (PID=42006) to work on /home/dataengineer/.pyenv/versions/3.9.21/lib/python3.9/site-packages/airflow/example_dags/tutorial_objectstorage.py
[2025-03-08T01:04:46.237+0700] {processor.py:914} INFO - Processing file /home/dataengineer/.pyenv/versions/3.9.21/lib/python3.9/site-packages/airflow/example_dags/tutorial_objectstorage.py for tasks to queue
[2025-03-08T01:04:46.239+0700] {logging_mixin.py:190} INFO - [2025-03-08T01:04:46.238+0700] {dagbag.py:588} INFO - Filling up the DagBag from /home/dataengineer/.pyenv/versions/3.9.21/lib/python3.9/site-packages/airflow/example_dags/tutorial_objectstorage.py
[2025-03-08T01:04:46.247+0700] {processor.py:925} INFO - DAG(s) 'tutorial_objectstorage' retrieved from /home/dataengineer/.pyenv/versions/3.9.21/lib/python3.9/site-packages/airflow/example_dags/tutorial_objectstorage.py
[2025-03-08T01:04:46.260+0700] {logging_mixin.py:190} INFO - [2025-03-08T01:04:46.260+0700] {dag.py:3239} INFO - Sync 1 DAGs
[2025-03-08T01:04:46.271+0700] {logging_mixin.py:190} INFO - [2025-03-08T01:04:46.271+0700] {dag.py:4180} INFO - Setting next_dagrun for tutorial_objectstorage to None, run_after=None
[2025-03-08T01:04:46.290+0700] {processor.py:208} INFO - Processing /home/dataengineer/.pyenv/versions/3.9.21/lib/python3.9/site-packages/airflow/example_dags/tutorial_objectstorage.py took 0.060 seconds
[2025-03-08T02:20:06.813+0700] {processor.py:186} INFO - Started process (PID=63508) to work on /home/dataengineer/.pyenv/versions/3.9.21/lib/python3.9/site-packages/airflow/example_dags/tutorial_objectstorage.py
[2025-03-08T02:20:06.814+0700] {processor.py:914} INFO - Processing file /home/dataengineer/.pyenv/versions/3.9.21/lib/python3.9/site-packages/airflow/example_dags/tutorial_objectstorage.py for tasks to queue
[2025-03-08T02:20:06.816+0700] {logging_mixin.py:190} INFO - [2025-03-08T02:20:06.815+0700] {dagbag.py:588} INFO - Filling up the DagBag from /home/dataengineer/.pyenv/versions/3.9.21/lib/python3.9/site-packages/airflow/example_dags/tutorial_objectstorage.py
[2025-03-08T02:20:06.824+0700] {processor.py:925} INFO - DAG(s) 'tutorial_objectstorage' retrieved from /home/dataengineer/.pyenv/versions/3.9.21/lib/python3.9/site-packages/airflow/example_dags/tutorial_objectstorage.py
[2025-03-08T02:20:06.841+0700] {logging_mixin.py:190} INFO - [2025-03-08T02:20:06.841+0700] {dag.py:3239} INFO - Sync 1 DAGs
[2025-03-08T02:20:06.852+0700] {logging_mixin.py:190} INFO - [2025-03-08T02:20:06.852+0700] {dag.py:4180} INFO - Setting next_dagrun for tutorial_objectstorage to None, run_after=None
[2025-03-08T02:20:06.871+0700] {processor.py:208} INFO - Processing /home/dataengineer/.pyenv/versions/3.9.21/lib/python3.9/site-packages/airflow/example_dags/tutorial_objectstorage.py took 0.064 seconds
[2025-03-08T02:21:24.196+0700] {processor.py:186} INFO - Started process (PID=64786) to work on /home/dataengineer/.pyenv/versions/3.9.21/lib/python3.9/site-packages/airflow/example_dags/tutorial_objectstorage.py
[2025-03-08T02:21:24.198+0700] {processor.py:914} INFO - Processing file /home/dataengineer/.pyenv/versions/3.9.21/lib/python3.9/site-packages/airflow/example_dags/tutorial_objectstorage.py for tasks to queue
[2025-03-08T02:21:24.200+0700] {logging_mixin.py:190} INFO - [2025-03-08T02:21:24.200+0700] {dagbag.py:588} INFO - Filling up the DagBag from /home/dataengineer/.pyenv/versions/3.9.21/lib/python3.9/site-packages/airflow/example_dags/tutorial_objectstorage.py
[2025-03-08T02:21:24.210+0700] {processor.py:925} INFO - DAG(s) 'tutorial_objectstorage' retrieved from /home/dataengineer/.pyenv/versions/3.9.21/lib/python3.9/site-packages/airflow/example_dags/tutorial_objectstorage.py
[2025-03-08T02:21:24.230+0700] {logging_mixin.py:190} INFO - [2025-03-08T02:21:24.230+0700] {dag.py:3239} INFO - Sync 1 DAGs
[2025-03-08T02:21:24.243+0700] {logging_mixin.py:190} INFO - [2025-03-08T02:21:24.243+0700] {dag.py:4180} INFO - Setting next_dagrun for tutorial_objectstorage to None, run_after=None
[2025-03-08T02:21:24.269+0700] {processor.py:208} INFO - Processing /home/dataengineer/.pyenv/versions/3.9.21/lib/python3.9/site-packages/airflow/example_dags/tutorial_objectstorage.py took 0.079 seconds
[2025-03-08T02:26:51.069+0700] {processor.py:186} INFO - Started process (PID=66407) to work on /home/dataengineer/.pyenv/versions/3.9.21/lib/python3.9/site-packages/airflow/example_dags/tutorial_objectstorage.py
[2025-03-08T02:26:51.070+0700] {processor.py:914} INFO - Processing file /home/dataengineer/.pyenv/versions/3.9.21/lib/python3.9/site-packages/airflow/example_dags/tutorial_objectstorage.py for tasks to queue
[2025-03-08T02:26:51.072+0700] {logging_mixin.py:190} INFO - [2025-03-08T02:26:51.072+0700] {dagbag.py:588} INFO - Filling up the DagBag from /home/dataengineer/.pyenv/versions/3.9.21/lib/python3.9/site-packages/airflow/example_dags/tutorial_objectstorage.py
[2025-03-08T02:26:51.082+0700] {processor.py:925} INFO - DAG(s) 'tutorial_objectstorage' retrieved from /home/dataengineer/.pyenv/versions/3.9.21/lib/python3.9/site-packages/airflow/example_dags/tutorial_objectstorage.py
[2025-03-08T02:26:51.101+0700] {logging_mixin.py:190} INFO - [2025-03-08T02:26:51.101+0700] {dag.py:3239} INFO - Sync 1 DAGs
[2025-03-08T02:26:51.114+0700] {logging_mixin.py:190} INFO - [2025-03-08T02:26:51.113+0700] {dag.py:4180} INFO - Setting next_dagrun for tutorial_objectstorage to None, run_after=None
[2025-03-08T02:26:51.133+0700] {processor.py:208} INFO - Processing /home/dataengineer/.pyenv/versions/3.9.21/lib/python3.9/site-packages/airflow/example_dags/tutorial_objectstorage.py took 0.070 seconds
[2025-03-08T02:29:05.041+0700] {processor.py:186} INFO - Started process (PID=67247) to work on /home/dataengineer/.pyenv/versions/3.9.21/lib/python3.9/site-packages/airflow/example_dags/tutorial_objectstorage.py
[2025-03-08T02:29:05.042+0700] {processor.py:914} INFO - Processing file /home/dataengineer/.pyenv/versions/3.9.21/lib/python3.9/site-packages/airflow/example_dags/tutorial_objectstorage.py for tasks to queue
[2025-03-08T02:29:05.044+0700] {logging_mixin.py:190} INFO - [2025-03-08T02:29:05.043+0700] {dagbag.py:588} INFO - Filling up the DagBag from /home/dataengineer/.pyenv/versions/3.9.21/lib/python3.9/site-packages/airflow/example_dags/tutorial_objectstorage.py
[2025-03-08T02:29:05.052+0700] {processor.py:925} INFO - DAG(s) 'tutorial_objectstorage' retrieved from /home/dataengineer/.pyenv/versions/3.9.21/lib/python3.9/site-packages/airflow/example_dags/tutorial_objectstorage.py
[2025-03-08T02:29:05.069+0700] {logging_mixin.py:190} INFO - [2025-03-08T02:29:05.068+0700] {dag.py:3239} INFO - Sync 1 DAGs
[2025-03-08T02:29:05.079+0700] {logging_mixin.py:190} INFO - [2025-03-08T02:29:05.079+0700] {dag.py:4180} INFO - Setting next_dagrun for tutorial_objectstorage to None, run_after=None
[2025-03-08T02:29:05.097+0700] {processor.py:208} INFO - Processing /home/dataengineer/.pyenv/versions/3.9.21/lib/python3.9/site-packages/airflow/example_dags/tutorial_objectstorage.py took 0.062 seconds
[2025-03-08T02:30:01.478+0700] {processor.py:186} INFO - Started process (PID=67866) to work on /home/dataengineer/.pyenv/versions/3.9.21/lib/python3.9/site-packages/airflow/example_dags/tutorial_objectstorage.py
[2025-03-08T02:30:01.479+0700] {processor.py:914} INFO - Processing file /home/dataengineer/.pyenv/versions/3.9.21/lib/python3.9/site-packages/airflow/example_dags/tutorial_objectstorage.py for tasks to queue
[2025-03-08T02:30:01.481+0700] {logging_mixin.py:190} INFO - [2025-03-08T02:30:01.480+0700] {dagbag.py:588} INFO - Filling up the DagBag from /home/dataengineer/.pyenv/versions/3.9.21/lib/python3.9/site-packages/airflow/example_dags/tutorial_objectstorage.py
[2025-03-08T02:30:01.491+0700] {processor.py:925} INFO - DAG(s) 'tutorial_objectstorage' retrieved from /home/dataengineer/.pyenv/versions/3.9.21/lib/python3.9/site-packages/airflow/example_dags/tutorial_objectstorage.py
[2025-03-08T02:30:01.505+0700] {logging_mixin.py:190} INFO - [2025-03-08T02:30:01.504+0700] {dag.py:3239} INFO - Sync 1 DAGs
[2025-03-08T02:30:01.516+0700] {logging_mixin.py:190} INFO - [2025-03-08T02:30:01.516+0700] {dag.py:4180} INFO - Setting next_dagrun for tutorial_objectstorage to None, run_after=None
[2025-03-08T02:30:01.536+0700] {processor.py:208} INFO - Processing /home/dataengineer/.pyenv/versions/3.9.21/lib/python3.9/site-packages/airflow/example_dags/tutorial_objectstorage.py took 0.065 seconds
[2025-03-08T02:30:55.829+0700] {processor.py:186} INFO - Started process (PID=68187) to work on /home/dataengineer/.pyenv/versions/3.9.21/lib/python3.9/site-packages/airflow/example_dags/tutorial_objectstorage.py
[2025-03-08T02:30:55.831+0700] {processor.py:914} INFO - Processing file /home/dataengineer/.pyenv/versions/3.9.21/lib/python3.9/site-packages/airflow/example_dags/tutorial_objectstorage.py for tasks to queue
[2025-03-08T02:30:55.832+0700] {logging_mixin.py:190} INFO - [2025-03-08T02:30:55.831+0700] {dagbag.py:588} INFO - Filling up the DagBag from /home/dataengineer/.pyenv/versions/3.9.21/lib/python3.9/site-packages/airflow/example_dags/tutorial_objectstorage.py
[2025-03-08T02:30:55.842+0700] {processor.py:925} INFO - DAG(s) 'tutorial_objectstorage' retrieved from /home/dataengineer/.pyenv/versions/3.9.21/lib/python3.9/site-packages/airflow/example_dags/tutorial_objectstorage.py
[2025-03-08T02:30:55.855+0700] {logging_mixin.py:190} INFO - [2025-03-08T02:30:55.855+0700] {dag.py:3239} INFO - Sync 1 DAGs
[2025-03-08T02:30:55.866+0700] {logging_mixin.py:190} INFO - [2025-03-08T02:30:55.866+0700] {dag.py:4180} INFO - Setting next_dagrun for tutorial_objectstorage to None, run_after=None
[2025-03-08T02:30:55.886+0700] {processor.py:208} INFO - Processing /home/dataengineer/.pyenv/versions/3.9.21/lib/python3.9/site-packages/airflow/example_dags/tutorial_objectstorage.py took 0.062 seconds
[2025-03-08T02:31:50.470+0700] {processor.py:186} INFO - Started process (PID=68900) to work on /home/dataengineer/.pyenv/versions/3.9.21/lib/python3.9/site-packages/airflow/example_dags/tutorial_objectstorage.py
[2025-03-08T02:31:50.471+0700] {processor.py:914} INFO - Processing file /home/dataengineer/.pyenv/versions/3.9.21/lib/python3.9/site-packages/airflow/example_dags/tutorial_objectstorage.py for tasks to queue
[2025-03-08T02:31:50.473+0700] {logging_mixin.py:190} INFO - [2025-03-08T02:31:50.472+0700] {dagbag.py:588} INFO - Filling up the DagBag from /home/dataengineer/.pyenv/versions/3.9.21/lib/python3.9/site-packages/airflow/example_dags/tutorial_objectstorage.py
[2025-03-08T02:31:50.485+0700] {processor.py:925} INFO - DAG(s) 'tutorial_objectstorage' retrieved from /home/dataengineer/.pyenv/versions/3.9.21/lib/python3.9/site-packages/airflow/example_dags/tutorial_objectstorage.py
[2025-03-08T02:31:50.499+0700] {logging_mixin.py:190} INFO - [2025-03-08T02:31:50.499+0700] {dag.py:3239} INFO - Sync 1 DAGs
[2025-03-08T02:31:50.512+0700] {logging_mixin.py:190} INFO - [2025-03-08T02:31:50.511+0700] {dag.py:4180} INFO - Setting next_dagrun for tutorial_objectstorage to None, run_after=None
[2025-03-08T02:31:50.532+0700] {processor.py:208} INFO - Processing /home/dataengineer/.pyenv/versions/3.9.21/lib/python3.9/site-packages/airflow/example_dags/tutorial_objectstorage.py took 0.068 seconds
[2025-03-08T02:32:47.043+0700] {processor.py:186} INFO - Started process (PID=69154) to work on /home/dataengineer/.pyenv/versions/3.9.21/lib/python3.9/site-packages/airflow/example_dags/tutorial_objectstorage.py
[2025-03-08T02:32:47.044+0700] {processor.py:914} INFO - Processing file /home/dataengineer/.pyenv/versions/3.9.21/lib/python3.9/site-packages/airflow/example_dags/tutorial_objectstorage.py for tasks to queue
[2025-03-08T02:32:47.045+0700] {logging_mixin.py:190} INFO - [2025-03-08T02:32:47.045+0700] {dagbag.py:588} INFO - Filling up the DagBag from /home/dataengineer/.pyenv/versions/3.9.21/lib/python3.9/site-packages/airflow/example_dags/tutorial_objectstorage.py
[2025-03-08T02:32:47.054+0700] {processor.py:925} INFO - DAG(s) 'tutorial_objectstorage' retrieved from /home/dataengineer/.pyenv/versions/3.9.21/lib/python3.9/site-packages/airflow/example_dags/tutorial_objectstorage.py
[2025-03-08T02:32:47.066+0700] {logging_mixin.py:190} INFO - [2025-03-08T02:32:47.066+0700] {dag.py:3239} INFO - Sync 1 DAGs
[2025-03-08T02:32:47.078+0700] {logging_mixin.py:190} INFO - [2025-03-08T02:32:47.078+0700] {dag.py:4180} INFO - Setting next_dagrun for tutorial_objectstorage to None, run_after=None
[2025-03-08T02:32:47.096+0700] {processor.py:208} INFO - Processing /home/dataengineer/.pyenv/versions/3.9.21/lib/python3.9/site-packages/airflow/example_dags/tutorial_objectstorage.py took 0.059 seconds
[2025-03-08T02:33:43.609+0700] {processor.py:186} INFO - Started process (PID=69402) to work on /home/dataengineer/.pyenv/versions/3.9.21/lib/python3.9/site-packages/airflow/example_dags/tutorial_objectstorage.py
[2025-03-08T02:33:43.611+0700] {processor.py:914} INFO - Processing file /home/dataengineer/.pyenv/versions/3.9.21/lib/python3.9/site-packages/airflow/example_dags/tutorial_objectstorage.py for tasks to queue
[2025-03-08T02:33:43.612+0700] {logging_mixin.py:190} INFO - [2025-03-08T02:33:43.612+0700] {dagbag.py:588} INFO - Filling up the DagBag from /home/dataengineer/.pyenv/versions/3.9.21/lib/python3.9/site-packages/airflow/example_dags/tutorial_objectstorage.py
[2025-03-08T02:33:43.624+0700] {processor.py:925} INFO - DAG(s) 'tutorial_objectstorage' retrieved from /home/dataengineer/.pyenv/versions/3.9.21/lib/python3.9/site-packages/airflow/example_dags/tutorial_objectstorage.py
[2025-03-08T02:33:43.643+0700] {logging_mixin.py:190} INFO - [2025-03-08T02:33:43.643+0700] {dag.py:3239} INFO - Sync 1 DAGs
[2025-03-08T02:33:43.663+0700] {logging_mixin.py:190} INFO - [2025-03-08T02:33:43.663+0700] {dag.py:4180} INFO - Setting next_dagrun for tutorial_objectstorage to None, run_after=None
[2025-03-08T02:33:43.686+0700] {processor.py:208} INFO - Processing /home/dataengineer/.pyenv/versions/3.9.21/lib/python3.9/site-packages/airflow/example_dags/tutorial_objectstorage.py took 0.084 seconds
[2025-03-08T02:34:27.213+0700] {processor.py:186} INFO - Started process (PID=70180) to work on /home/dataengineer/.pyenv/versions/3.9.21/lib/python3.9/site-packages/airflow/example_dags/tutorial_objectstorage.py
[2025-03-08T02:34:27.214+0700] {processor.py:914} INFO - Processing file /home/dataengineer/.pyenv/versions/3.9.21/lib/python3.9/site-packages/airflow/example_dags/tutorial_objectstorage.py for tasks to queue
[2025-03-08T02:34:27.217+0700] {logging_mixin.py:190} INFO - [2025-03-08T02:34:27.216+0700] {dagbag.py:588} INFO - Filling up the DagBag from /home/dataengineer/.pyenv/versions/3.9.21/lib/python3.9/site-packages/airflow/example_dags/tutorial_objectstorage.py
[2025-03-08T02:34:27.226+0700] {processor.py:925} INFO - DAG(s) 'tutorial_objectstorage' retrieved from /home/dataengineer/.pyenv/versions/3.9.21/lib/python3.9/site-packages/airflow/example_dags/tutorial_objectstorage.py
[2025-03-08T02:34:27.251+0700] {logging_mixin.py:190} INFO - [2025-03-08T02:34:27.251+0700] {dag.py:3239} INFO - Sync 1 DAGs
[2025-03-08T02:34:27.265+0700] {logging_mixin.py:190} INFO - [2025-03-08T02:34:27.265+0700] {dag.py:4180} INFO - Setting next_dagrun for tutorial_objectstorage to None, run_after=None
[2025-03-08T02:34:27.287+0700] {processor.py:208} INFO - Processing /home/dataengineer/.pyenv/versions/3.9.21/lib/python3.9/site-packages/airflow/example_dags/tutorial_objectstorage.py took 0.081 seconds
[2025-03-08T02:35:28.086+0700] {processor.py:186} INFO - Started process (PID=70712) to work on /home/dataengineer/.pyenv/versions/3.9.21/lib/python3.9/site-packages/airflow/example_dags/tutorial_objectstorage.py
[2025-03-08T02:35:28.088+0700] {processor.py:914} INFO - Processing file /home/dataengineer/.pyenv/versions/3.9.21/lib/python3.9/site-packages/airflow/example_dags/tutorial_objectstorage.py for tasks to queue
[2025-03-08T02:35:28.090+0700] {logging_mixin.py:190} INFO - [2025-03-08T02:35:28.089+0700] {dagbag.py:588} INFO - Filling up the DagBag from /home/dataengineer/.pyenv/versions/3.9.21/lib/python3.9/site-packages/airflow/example_dags/tutorial_objectstorage.py
[2025-03-08T02:35:28.099+0700] {processor.py:925} INFO - DAG(s) 'tutorial_objectstorage' retrieved from /home/dataengineer/.pyenv/versions/3.9.21/lib/python3.9/site-packages/airflow/example_dags/tutorial_objectstorage.py
[2025-03-08T02:35:28.112+0700] {logging_mixin.py:190} INFO - [2025-03-08T02:35:28.112+0700] {dag.py:3239} INFO - Sync 1 DAGs
[2025-03-08T02:35:28.125+0700] {logging_mixin.py:190} INFO - [2025-03-08T02:35:28.124+0700] {dag.py:4180} INFO - Setting next_dagrun for tutorial_objectstorage to None, run_after=None
[2025-03-08T02:35:28.147+0700] {processor.py:208} INFO - Processing /home/dataengineer/.pyenv/versions/3.9.21/lib/python3.9/site-packages/airflow/example_dags/tutorial_objectstorage.py took 0.067 seconds
[2025-03-08T02:36:29.793+0700] {processor.py:186} INFO - Started process (PID=71159) to work on /home/dataengineer/.pyenv/versions/3.9.21/lib/python3.9/site-packages/airflow/example_dags/tutorial_objectstorage.py
[2025-03-08T02:36:29.794+0700] {processor.py:914} INFO - Processing file /home/dataengineer/.pyenv/versions/3.9.21/lib/python3.9/site-packages/airflow/example_dags/tutorial_objectstorage.py for tasks to queue
[2025-03-08T02:36:29.796+0700] {logging_mixin.py:190} INFO - [2025-03-08T02:36:29.796+0700] {dagbag.py:588} INFO - Filling up the DagBag from /home/dataengineer/.pyenv/versions/3.9.21/lib/python3.9/site-packages/airflow/example_dags/tutorial_objectstorage.py
[2025-03-08T02:36:29.805+0700] {processor.py:925} INFO - DAG(s) 'tutorial_objectstorage' retrieved from /home/dataengineer/.pyenv/versions/3.9.21/lib/python3.9/site-packages/airflow/example_dags/tutorial_objectstorage.py
[2025-03-08T02:36:29.818+0700] {logging_mixin.py:190} INFO - [2025-03-08T02:36:29.818+0700] {dag.py:3239} INFO - Sync 1 DAGs
[2025-03-08T02:36:29.831+0700] {logging_mixin.py:190} INFO - [2025-03-08T02:36:29.831+0700] {dag.py:4180} INFO - Setting next_dagrun for tutorial_objectstorage to None, run_after=None
[2025-03-08T02:36:29.850+0700] {processor.py:208} INFO - Processing /home/dataengineer/.pyenv/versions/3.9.21/lib/python3.9/site-packages/airflow/example_dags/tutorial_objectstorage.py took 0.063 seconds
[2025-03-08T02:37:27.225+0700] {processor.py:186} INFO - Started process (PID=71394) to work on /home/dataengineer/.pyenv/versions/3.9.21/lib/python3.9/site-packages/airflow/example_dags/tutorial_objectstorage.py
[2025-03-08T02:37:27.226+0700] {processor.py:914} INFO - Processing file /home/dataengineer/.pyenv/versions/3.9.21/lib/python3.9/site-packages/airflow/example_dags/tutorial_objectstorage.py for tasks to queue
[2025-03-08T02:37:27.228+0700] {logging_mixin.py:190} INFO - [2025-03-08T02:37:27.227+0700] {dagbag.py:588} INFO - Filling up the DagBag from /home/dataengineer/.pyenv/versions/3.9.21/lib/python3.9/site-packages/airflow/example_dags/tutorial_objectstorage.py
[2025-03-08T02:37:27.235+0700] {processor.py:925} INFO - DAG(s) 'tutorial_objectstorage' retrieved from /home/dataengineer/.pyenv/versions/3.9.21/lib/python3.9/site-packages/airflow/example_dags/tutorial_objectstorage.py
[2025-03-08T02:37:27.247+0700] {logging_mixin.py:190} INFO - [2025-03-08T02:37:27.246+0700] {dag.py:3239} INFO - Sync 1 DAGs
[2025-03-08T02:37:27.258+0700] {logging_mixin.py:190} INFO - [2025-03-08T02:37:27.257+0700] {dag.py:4180} INFO - Setting next_dagrun for tutorial_objectstorage to None, run_after=None
[2025-03-08T02:37:27.275+0700] {processor.py:208} INFO - Processing /home/dataengineer/.pyenv/versions/3.9.21/lib/python3.9/site-packages/airflow/example_dags/tutorial_objectstorage.py took 0.056 seconds
[2025-03-08T02:38:33.923+0700] {processor.py:186} INFO - Started process (PID=72246) to work on /home/dataengineer/.pyenv/versions/3.9.21/lib/python3.9/site-packages/airflow/example_dags/tutorial_objectstorage.py
[2025-03-08T02:38:33.936+0700] {processor.py:914} INFO - Processing file /home/dataengineer/.pyenv/versions/3.9.21/lib/python3.9/site-packages/airflow/example_dags/tutorial_objectstorage.py for tasks to queue
[2025-03-08T02:38:33.938+0700] {logging_mixin.py:190} INFO - [2025-03-08T02:38:33.938+0700] {dagbag.py:588} INFO - Filling up the DagBag from /home/dataengineer/.pyenv/versions/3.9.21/lib/python3.9/site-packages/airflow/example_dags/tutorial_objectstorage.py
[2025-03-08T02:38:33.955+0700] {processor.py:925} INFO - DAG(s) 'tutorial_objectstorage' retrieved from /home/dataengineer/.pyenv/versions/3.9.21/lib/python3.9/site-packages/airflow/example_dags/tutorial_objectstorage.py
[2025-03-08T02:38:33.977+0700] {logging_mixin.py:190} INFO - [2025-03-08T02:38:33.976+0700] {dag.py:3239} INFO - Sync 1 DAGs
[2025-03-08T02:38:33.992+0700] {logging_mixin.py:190} INFO - [2025-03-08T02:38:33.992+0700] {dag.py:4180} INFO - Setting next_dagrun for tutorial_objectstorage to None, run_after=None
[2025-03-08T02:38:34.017+0700] {processor.py:208} INFO - Processing /home/dataengineer/.pyenv/versions/3.9.21/lib/python3.9/site-packages/airflow/example_dags/tutorial_objectstorage.py took 0.101 seconds
