[2025-02-16T15:57:57.267+0700] {processor.py:186} INFO - Started process (PID=25530) to work on /home/dataengineer/.pyenv/versions/3.9.21/lib/python3.9/site-packages/airflow/example_dags/example_params_trigger_ui.py
[2025-02-16T15:57:57.268+0700] {processor.py:914} INFO - Processing file /home/dataengineer/.pyenv/versions/3.9.21/lib/python3.9/site-packages/airflow/example_dags/example_params_trigger_ui.py for tasks to queue
[2025-02-16T15:57:57.270+0700] {logging_mixin.py:190} INFO - [2025-02-16T15:57:57.269+0700] {dagbag.py:588} INFO - Filling up the DagBag from /home/dataengineer/.pyenv/versions/3.9.21/lib/python3.9/site-packages/airflow/example_dags/example_params_trigger_ui.py
[2025-02-16T15:57:57.281+0700] {processor.py:925} INFO - DAG(s) 'example_params_trigger_ui' retrieved from /home/dataengineer/.pyenv/versions/3.9.21/lib/python3.9/site-packages/airflow/example_dags/example_params_trigger_ui.py
[2025-02-16T15:57:57.329+0700] {logging_mixin.py:190} INFO - [2025-02-16T15:57:57.329+0700] {dag.py:3239} INFO - Sync 1 DAGs
[2025-02-16T15:57:57.343+0700] {logging_mixin.py:190} INFO - [2025-02-16T15:57:57.342+0700] {dag.py:4180} INFO - Setting next_dagrun for example_params_trigger_ui to None, run_after=None
[2025-02-16T15:57:57.364+0700] {processor.py:208} INFO - Processing /home/dataengineer/.pyenv/versions/3.9.21/lib/python3.9/site-packages/airflow/example_dags/example_params_trigger_ui.py took 0.103 seconds
[2025-02-16T15:58:53.231+0700] {processor.py:186} INFO - Started process (PID=25767) to work on /home/dataengineer/.pyenv/versions/3.9.21/lib/python3.9/site-packages/airflow/example_dags/example_params_trigger_ui.py
[2025-02-16T15:58:53.232+0700] {processor.py:914} INFO - Processing file /home/dataengineer/.pyenv/versions/3.9.21/lib/python3.9/site-packages/airflow/example_dags/example_params_trigger_ui.py for tasks to queue
[2025-02-16T15:58:53.234+0700] {logging_mixin.py:190} INFO - [2025-02-16T15:58:53.233+0700] {dagbag.py:588} INFO - Filling up the DagBag from /home/dataengineer/.pyenv/versions/3.9.21/lib/python3.9/site-packages/airflow/example_dags/example_params_trigger_ui.py
[2025-02-16T15:58:53.247+0700] {processor.py:925} INFO - DAG(s) 'example_params_trigger_ui' retrieved from /home/dataengineer/.pyenv/versions/3.9.21/lib/python3.9/site-packages/airflow/example_dags/example_params_trigger_ui.py
[2025-02-16T15:58:53.294+0700] {logging_mixin.py:190} INFO - [2025-02-16T15:58:53.294+0700] {dag.py:3239} INFO - Sync 1 DAGs
[2025-02-16T15:58:53.317+0700] {logging_mixin.py:190} INFO - [2025-02-16T15:58:53.317+0700] {dag.py:4180} INFO - Setting next_dagrun for example_params_trigger_ui to None, run_after=None
[2025-02-16T15:58:53.340+0700] {processor.py:208} INFO - Processing /home/dataengineer/.pyenv/versions/3.9.21/lib/python3.9/site-packages/airflow/example_dags/example_params_trigger_ui.py took 0.115 seconds
[2025-02-16T15:59:48.235+0700] {processor.py:186} INFO - Started process (PID=26076) to work on /home/dataengineer/.pyenv/versions/3.9.21/lib/python3.9/site-packages/airflow/example_dags/example_params_trigger_ui.py
[2025-02-16T15:59:48.236+0700] {processor.py:914} INFO - Processing file /home/dataengineer/.pyenv/versions/3.9.21/lib/python3.9/site-packages/airflow/example_dags/example_params_trigger_ui.py for tasks to queue
[2025-02-16T15:59:48.238+0700] {logging_mixin.py:190} INFO - [2025-02-16T15:59:48.238+0700] {dagbag.py:588} INFO - Filling up the DagBag from /home/dataengineer/.pyenv/versions/3.9.21/lib/python3.9/site-packages/airflow/example_dags/example_params_trigger_ui.py
[2025-02-16T15:59:48.250+0700] {processor.py:925} INFO - DAG(s) 'example_params_trigger_ui' retrieved from /home/dataengineer/.pyenv/versions/3.9.21/lib/python3.9/site-packages/airflow/example_dags/example_params_trigger_ui.py
[2025-02-16T15:59:48.294+0700] {logging_mixin.py:190} INFO - [2025-02-16T15:59:48.293+0700] {dag.py:3239} INFO - Sync 1 DAGs
[2025-02-16T15:59:48.307+0700] {logging_mixin.py:190} INFO - [2025-02-16T15:59:48.306+0700] {dag.py:4180} INFO - Setting next_dagrun for example_params_trigger_ui to None, run_after=None
[2025-02-16T15:59:48.328+0700] {processor.py:208} INFO - Processing /home/dataengineer/.pyenv/versions/3.9.21/lib/python3.9/site-packages/airflow/example_dags/example_params_trigger_ui.py took 0.099 seconds
[2025-02-16T16:01:00.214+0700] {processor.py:186} INFO - Started process (PID=26377) to work on /home/dataengineer/.pyenv/versions/3.9.21/lib/python3.9/site-packages/airflow/example_dags/example_params_trigger_ui.py
[2025-02-16T16:01:00.215+0700] {processor.py:914} INFO - Processing file /home/dataengineer/.pyenv/versions/3.9.21/lib/python3.9/site-packages/airflow/example_dags/example_params_trigger_ui.py for tasks to queue
[2025-02-16T16:01:00.216+0700] {logging_mixin.py:190} INFO - [2025-02-16T16:01:00.216+0700] {dagbag.py:588} INFO - Filling up the DagBag from /home/dataengineer/.pyenv/versions/3.9.21/lib/python3.9/site-packages/airflow/example_dags/example_params_trigger_ui.py
[2025-02-16T16:01:00.228+0700] {processor.py:925} INFO - DAG(s) 'example_params_trigger_ui' retrieved from /home/dataengineer/.pyenv/versions/3.9.21/lib/python3.9/site-packages/airflow/example_dags/example_params_trigger_ui.py
[2025-02-16T16:01:00.272+0700] {logging_mixin.py:190} INFO - [2025-02-16T16:01:00.272+0700] {dag.py:3239} INFO - Sync 1 DAGs
[2025-02-16T16:01:00.285+0700] {logging_mixin.py:190} INFO - [2025-02-16T16:01:00.284+0700] {dag.py:4180} INFO - Setting next_dagrun for example_params_trigger_ui to None, run_after=None
[2025-02-16T16:01:00.304+0700] {processor.py:208} INFO - Processing /home/dataengineer/.pyenv/versions/3.9.21/lib/python3.9/site-packages/airflow/example_dags/example_params_trigger_ui.py took 0.096 seconds
[2025-02-16T16:01:54.396+0700] {processor.py:186} INFO - Started process (PID=26809) to work on /home/dataengineer/.pyenv/versions/3.9.21/lib/python3.9/site-packages/airflow/example_dags/example_params_trigger_ui.py
[2025-02-16T16:01:54.398+0700] {processor.py:914} INFO - Processing file /home/dataengineer/.pyenv/versions/3.9.21/lib/python3.9/site-packages/airflow/example_dags/example_params_trigger_ui.py for tasks to queue
[2025-02-16T16:01:54.399+0700] {logging_mixin.py:190} INFO - [2025-02-16T16:01:54.399+0700] {dagbag.py:588} INFO - Filling up the DagBag from /home/dataengineer/.pyenv/versions/3.9.21/lib/python3.9/site-packages/airflow/example_dags/example_params_trigger_ui.py
[2025-02-16T16:01:54.412+0700] {processor.py:925} INFO - DAG(s) 'example_params_trigger_ui' retrieved from /home/dataengineer/.pyenv/versions/3.9.21/lib/python3.9/site-packages/airflow/example_dags/example_params_trigger_ui.py
[2025-02-16T16:01:54.456+0700] {logging_mixin.py:190} INFO - [2025-02-16T16:01:54.456+0700] {dag.py:3239} INFO - Sync 1 DAGs
[2025-02-16T16:01:54.468+0700] {logging_mixin.py:190} INFO - [2025-02-16T16:01:54.468+0700] {dag.py:4180} INFO - Setting next_dagrun for example_params_trigger_ui to None, run_after=None
[2025-02-16T16:01:54.491+0700] {processor.py:208} INFO - Processing /home/dataengineer/.pyenv/versions/3.9.21/lib/python3.9/site-packages/airflow/example_dags/example_params_trigger_ui.py took 0.101 seconds
[2025-02-16T16:02:53.556+0700] {processor.py:186} INFO - Started process (PID=27202) to work on /home/dataengineer/.pyenv/versions/3.9.21/lib/python3.9/site-packages/airflow/example_dags/example_params_trigger_ui.py
[2025-02-16T16:02:53.558+0700] {processor.py:914} INFO - Processing file /home/dataengineer/.pyenv/versions/3.9.21/lib/python3.9/site-packages/airflow/example_dags/example_params_trigger_ui.py for tasks to queue
[2025-02-16T16:02:53.559+0700] {logging_mixin.py:190} INFO - [2025-02-16T16:02:53.558+0700] {dagbag.py:588} INFO - Filling up the DagBag from /home/dataengineer/.pyenv/versions/3.9.21/lib/python3.9/site-packages/airflow/example_dags/example_params_trigger_ui.py
[2025-02-16T16:02:53.570+0700] {processor.py:925} INFO - DAG(s) 'example_params_trigger_ui' retrieved from /home/dataengineer/.pyenv/versions/3.9.21/lib/python3.9/site-packages/airflow/example_dags/example_params_trigger_ui.py
[2025-02-16T16:02:53.611+0700] {logging_mixin.py:190} INFO - [2025-02-16T16:02:53.610+0700] {dag.py:3239} INFO - Sync 1 DAGs
[2025-02-16T16:02:53.622+0700] {logging_mixin.py:190} INFO - [2025-02-16T16:02:53.622+0700] {dag.py:4180} INFO - Setting next_dagrun for example_params_trigger_ui to None, run_after=None
[2025-02-16T16:02:53.641+0700] {processor.py:208} INFO - Processing /home/dataengineer/.pyenv/versions/3.9.21/lib/python3.9/site-packages/airflow/example_dags/example_params_trigger_ui.py took 0.090 seconds
[2025-02-16T16:03:42.323+0700] {processor.py:186} INFO - Started process (PID=27401) to work on /home/dataengineer/.pyenv/versions/3.9.21/lib/python3.9/site-packages/airflow/example_dags/example_params_trigger_ui.py
[2025-02-16T16:03:42.325+0700] {processor.py:914} INFO - Processing file /home/dataengineer/.pyenv/versions/3.9.21/lib/python3.9/site-packages/airflow/example_dags/example_params_trigger_ui.py for tasks to queue
[2025-02-16T16:03:42.326+0700] {logging_mixin.py:190} INFO - [2025-02-16T16:03:42.326+0700] {dagbag.py:588} INFO - Filling up the DagBag from /home/dataengineer/.pyenv/versions/3.9.21/lib/python3.9/site-packages/airflow/example_dags/example_params_trigger_ui.py
[2025-02-16T16:03:42.338+0700] {processor.py:925} INFO - DAG(s) 'example_params_trigger_ui' retrieved from /home/dataengineer/.pyenv/versions/3.9.21/lib/python3.9/site-packages/airflow/example_dags/example_params_trigger_ui.py
[2025-02-16T16:03:42.381+0700] {logging_mixin.py:190} INFO - [2025-02-16T16:03:42.381+0700] {dag.py:3239} INFO - Sync 1 DAGs
[2025-02-16T16:03:42.393+0700] {logging_mixin.py:190} INFO - [2025-02-16T16:03:42.393+0700] {dag.py:4180} INFO - Setting next_dagrun for example_params_trigger_ui to None, run_after=None
[2025-02-16T16:03:42.413+0700] {processor.py:208} INFO - Processing /home/dataengineer/.pyenv/versions/3.9.21/lib/python3.9/site-packages/airflow/example_dags/example_params_trigger_ui.py took 0.095 seconds
[2025-02-16T16:04:52.615+0700] {processor.py:186} INFO - Started process (PID=27699) to work on /home/dataengineer/.pyenv/versions/3.9.21/lib/python3.9/site-packages/airflow/example_dags/example_params_trigger_ui.py
[2025-02-16T16:04:52.616+0700] {processor.py:914} INFO - Processing file /home/dataengineer/.pyenv/versions/3.9.21/lib/python3.9/site-packages/airflow/example_dags/example_params_trigger_ui.py for tasks to queue
[2025-02-16T16:04:52.618+0700] {logging_mixin.py:190} INFO - [2025-02-16T16:04:52.617+0700] {dagbag.py:588} INFO - Filling up the DagBag from /home/dataengineer/.pyenv/versions/3.9.21/lib/python3.9/site-packages/airflow/example_dags/example_params_trigger_ui.py
[2025-02-16T16:04:52.629+0700] {processor.py:925} INFO - DAG(s) 'example_params_trigger_ui' retrieved from /home/dataengineer/.pyenv/versions/3.9.21/lib/python3.9/site-packages/airflow/example_dags/example_params_trigger_ui.py
[2025-02-16T16:04:52.672+0700] {logging_mixin.py:190} INFO - [2025-02-16T16:04:52.671+0700] {dag.py:3239} INFO - Sync 1 DAGs
[2025-02-16T16:04:52.683+0700] {logging_mixin.py:190} INFO - [2025-02-16T16:04:52.683+0700] {dag.py:4180} INFO - Setting next_dagrun for example_params_trigger_ui to None, run_after=None
[2025-02-16T16:04:52.703+0700] {processor.py:208} INFO - Processing /home/dataengineer/.pyenv/versions/3.9.21/lib/python3.9/site-packages/airflow/example_dags/example_params_trigger_ui.py took 0.094 seconds
[2025-02-16T16:05:49.357+0700] {processor.py:186} INFO - Started process (PID=27937) to work on /home/dataengineer/.pyenv/versions/3.9.21/lib/python3.9/site-packages/airflow/example_dags/example_params_trigger_ui.py
[2025-02-16T16:05:49.358+0700] {processor.py:914} INFO - Processing file /home/dataengineer/.pyenv/versions/3.9.21/lib/python3.9/site-packages/airflow/example_dags/example_params_trigger_ui.py for tasks to queue
[2025-02-16T16:05:49.361+0700] {logging_mixin.py:190} INFO - [2025-02-16T16:05:49.360+0700] {dagbag.py:588} INFO - Filling up the DagBag from /home/dataengineer/.pyenv/versions/3.9.21/lib/python3.9/site-packages/airflow/example_dags/example_params_trigger_ui.py
[2025-02-16T16:05:49.374+0700] {processor.py:925} INFO - DAG(s) 'example_params_trigger_ui' retrieved from /home/dataengineer/.pyenv/versions/3.9.21/lib/python3.9/site-packages/airflow/example_dags/example_params_trigger_ui.py
[2025-02-16T16:05:49.417+0700] {logging_mixin.py:190} INFO - [2025-02-16T16:05:49.417+0700] {dag.py:3239} INFO - Sync 1 DAGs
[2025-02-16T16:05:49.430+0700] {logging_mixin.py:190} INFO - [2025-02-16T16:05:49.429+0700] {dag.py:4180} INFO - Setting next_dagrun for example_params_trigger_ui to None, run_after=None
[2025-02-16T16:05:49.451+0700] {processor.py:208} INFO - Processing /home/dataengineer/.pyenv/versions/3.9.21/lib/python3.9/site-packages/airflow/example_dags/example_params_trigger_ui.py took 0.099 seconds
[2025-02-16T16:06:40.802+0700] {processor.py:186} INFO - Started process (PID=28189) to work on /home/dataengineer/.pyenv/versions/3.9.21/lib/python3.9/site-packages/airflow/example_dags/example_params_trigger_ui.py
[2025-02-16T16:06:40.803+0700] {processor.py:914} INFO - Processing file /home/dataengineer/.pyenv/versions/3.9.21/lib/python3.9/site-packages/airflow/example_dags/example_params_trigger_ui.py for tasks to queue
[2025-02-16T16:06:40.804+0700] {logging_mixin.py:190} INFO - [2025-02-16T16:06:40.804+0700] {dagbag.py:588} INFO - Filling up the DagBag from /home/dataengineer/.pyenv/versions/3.9.21/lib/python3.9/site-packages/airflow/example_dags/example_params_trigger_ui.py
[2025-02-16T16:06:40.816+0700] {processor.py:925} INFO - DAG(s) 'example_params_trigger_ui' retrieved from /home/dataengineer/.pyenv/versions/3.9.21/lib/python3.9/site-packages/airflow/example_dags/example_params_trigger_ui.py
[2025-02-16T16:06:40.857+0700] {logging_mixin.py:190} INFO - [2025-02-16T16:06:40.857+0700] {dag.py:3239} INFO - Sync 1 DAGs
[2025-02-16T16:06:40.869+0700] {logging_mixin.py:190} INFO - [2025-02-16T16:06:40.868+0700] {dag.py:4180} INFO - Setting next_dagrun for example_params_trigger_ui to None, run_after=None
[2025-02-16T16:06:40.887+0700] {processor.py:208} INFO - Processing /home/dataengineer/.pyenv/versions/3.9.21/lib/python3.9/site-packages/airflow/example_dags/example_params_trigger_ui.py took 0.091 seconds
[2025-02-16T16:07:52.125+0700] {processor.py:186} INFO - Started process (PID=28617) to work on /home/dataengineer/.pyenv/versions/3.9.21/lib/python3.9/site-packages/airflow/example_dags/example_params_trigger_ui.py
[2025-02-16T16:07:52.127+0700] {processor.py:914} INFO - Processing file /home/dataengineer/.pyenv/versions/3.9.21/lib/python3.9/site-packages/airflow/example_dags/example_params_trigger_ui.py for tasks to queue
[2025-02-16T16:07:52.128+0700] {logging_mixin.py:190} INFO - [2025-02-16T16:07:52.127+0700] {dagbag.py:588} INFO - Filling up the DagBag from /home/dataengineer/.pyenv/versions/3.9.21/lib/python3.9/site-packages/airflow/example_dags/example_params_trigger_ui.py
[2025-02-16T16:07:52.139+0700] {processor.py:925} INFO - DAG(s) 'example_params_trigger_ui' retrieved from /home/dataengineer/.pyenv/versions/3.9.21/lib/python3.9/site-packages/airflow/example_dags/example_params_trigger_ui.py
[2025-02-16T16:07:52.180+0700] {logging_mixin.py:190} INFO - [2025-02-16T16:07:52.180+0700] {dag.py:3239} INFO - Sync 1 DAGs
[2025-02-16T16:07:52.191+0700] {logging_mixin.py:190} INFO - [2025-02-16T16:07:52.191+0700] {dag.py:4180} INFO - Setting next_dagrun for example_params_trigger_ui to None, run_after=None
[2025-02-16T16:07:52.209+0700] {processor.py:208} INFO - Processing /home/dataengineer/.pyenv/versions/3.9.21/lib/python3.9/site-packages/airflow/example_dags/example_params_trigger_ui.py took 0.090 seconds
[2025-02-16T16:09:02.164+0700] {processor.py:186} INFO - Started process (PID=28957) to work on /home/dataengineer/.pyenv/versions/3.9.21/lib/python3.9/site-packages/airflow/example_dags/example_params_trigger_ui.py
[2025-02-16T16:09:02.165+0700] {processor.py:914} INFO - Processing file /home/dataengineer/.pyenv/versions/3.9.21/lib/python3.9/site-packages/airflow/example_dags/example_params_trigger_ui.py for tasks to queue
[2025-02-16T16:09:02.166+0700] {logging_mixin.py:190} INFO - [2025-02-16T16:09:02.166+0700] {dagbag.py:588} INFO - Filling up the DagBag from /home/dataengineer/.pyenv/versions/3.9.21/lib/python3.9/site-packages/airflow/example_dags/example_params_trigger_ui.py
[2025-02-16T16:09:02.178+0700] {processor.py:925} INFO - DAG(s) 'example_params_trigger_ui' retrieved from /home/dataengineer/.pyenv/versions/3.9.21/lib/python3.9/site-packages/airflow/example_dags/example_params_trigger_ui.py
[2025-02-16T16:09:02.222+0700] {logging_mixin.py:190} INFO - [2025-02-16T16:09:02.221+0700] {dag.py:3239} INFO - Sync 1 DAGs
[2025-02-16T16:09:02.234+0700] {logging_mixin.py:190} INFO - [2025-02-16T16:09:02.234+0700] {dag.py:4180} INFO - Setting next_dagrun for example_params_trigger_ui to None, run_after=None
[2025-02-16T16:09:02.254+0700] {processor.py:208} INFO - Processing /home/dataengineer/.pyenv/versions/3.9.21/lib/python3.9/site-packages/airflow/example_dags/example_params_trigger_ui.py took 0.096 seconds
[2025-02-16T16:10:15.025+0700] {processor.py:186} INFO - Started process (PID=29344) to work on /home/dataengineer/.pyenv/versions/3.9.21/lib/python3.9/site-packages/airflow/example_dags/example_params_trigger_ui.py
[2025-02-16T16:10:15.026+0700] {processor.py:914} INFO - Processing file /home/dataengineer/.pyenv/versions/3.9.21/lib/python3.9/site-packages/airflow/example_dags/example_params_trigger_ui.py for tasks to queue
[2025-02-16T16:10:15.028+0700] {logging_mixin.py:190} INFO - [2025-02-16T16:10:15.027+0700] {dagbag.py:588} INFO - Filling up the DagBag from /home/dataengineer/.pyenv/versions/3.9.21/lib/python3.9/site-packages/airflow/example_dags/example_params_trigger_ui.py
[2025-02-16T16:10:15.040+0700] {processor.py:925} INFO - DAG(s) 'example_params_trigger_ui' retrieved from /home/dataengineer/.pyenv/versions/3.9.21/lib/python3.9/site-packages/airflow/example_dags/example_params_trigger_ui.py
[2025-02-16T16:10:15.084+0700] {logging_mixin.py:190} INFO - [2025-02-16T16:10:15.083+0700] {dag.py:3239} INFO - Sync 1 DAGs
[2025-02-16T16:10:15.097+0700] {logging_mixin.py:190} INFO - [2025-02-16T16:10:15.096+0700] {dag.py:4180} INFO - Setting next_dagrun for example_params_trigger_ui to None, run_after=None
[2025-02-16T16:10:15.118+0700] {processor.py:208} INFO - Processing /home/dataengineer/.pyenv/versions/3.9.21/lib/python3.9/site-packages/airflow/example_dags/example_params_trigger_ui.py took 0.099 seconds
[2025-02-16T16:11:04.431+0700] {processor.py:186} INFO - Started process (PID=29564) to work on /home/dataengineer/.pyenv/versions/3.9.21/lib/python3.9/site-packages/airflow/example_dags/example_params_trigger_ui.py
[2025-02-16T16:11:04.432+0700] {processor.py:914} INFO - Processing file /home/dataengineer/.pyenv/versions/3.9.21/lib/python3.9/site-packages/airflow/example_dags/example_params_trigger_ui.py for tasks to queue
[2025-02-16T16:11:04.433+0700] {logging_mixin.py:190} INFO - [2025-02-16T16:11:04.433+0700] {dagbag.py:588} INFO - Filling up the DagBag from /home/dataengineer/.pyenv/versions/3.9.21/lib/python3.9/site-packages/airflow/example_dags/example_params_trigger_ui.py
[2025-02-16T16:11:04.445+0700] {processor.py:925} INFO - DAG(s) 'example_params_trigger_ui' retrieved from /home/dataengineer/.pyenv/versions/3.9.21/lib/python3.9/site-packages/airflow/example_dags/example_params_trigger_ui.py
[2025-02-16T16:11:04.488+0700] {logging_mixin.py:190} INFO - [2025-02-16T16:11:04.488+0700] {dag.py:3239} INFO - Sync 1 DAGs
[2025-02-16T16:11:04.500+0700] {logging_mixin.py:190} INFO - [2025-02-16T16:11:04.500+0700] {dag.py:4180} INFO - Setting next_dagrun for example_params_trigger_ui to None, run_after=None
[2025-02-16T16:11:04.520+0700] {processor.py:208} INFO - Processing /home/dataengineer/.pyenv/versions/3.9.21/lib/python3.9/site-packages/airflow/example_dags/example_params_trigger_ui.py took 0.095 seconds
[2025-02-16T16:12:14.536+0700] {processor.py:186} INFO - Started process (PID=29853) to work on /home/dataengineer/.pyenv/versions/3.9.21/lib/python3.9/site-packages/airflow/example_dags/example_params_trigger_ui.py
[2025-02-16T16:12:14.538+0700] {processor.py:914} INFO - Processing file /home/dataengineer/.pyenv/versions/3.9.21/lib/python3.9/site-packages/airflow/example_dags/example_params_trigger_ui.py for tasks to queue
[2025-02-16T16:12:14.539+0700] {logging_mixin.py:190} INFO - [2025-02-16T16:12:14.538+0700] {dagbag.py:588} INFO - Filling up the DagBag from /home/dataengineer/.pyenv/versions/3.9.21/lib/python3.9/site-packages/airflow/example_dags/example_params_trigger_ui.py
[2025-02-16T16:12:14.551+0700] {processor.py:925} INFO - DAG(s) 'example_params_trigger_ui' retrieved from /home/dataengineer/.pyenv/versions/3.9.21/lib/python3.9/site-packages/airflow/example_dags/example_params_trigger_ui.py
[2025-02-16T16:12:14.594+0700] {logging_mixin.py:190} INFO - [2025-02-16T16:12:14.594+0700] {dag.py:3239} INFO - Sync 1 DAGs
[2025-02-16T16:12:14.607+0700] {logging_mixin.py:190} INFO - [2025-02-16T16:12:14.606+0700] {dag.py:4180} INFO - Setting next_dagrun for example_params_trigger_ui to None, run_after=None
[2025-02-16T16:12:14.627+0700] {processor.py:208} INFO - Processing /home/dataengineer/.pyenv/versions/3.9.21/lib/python3.9/site-packages/airflow/example_dags/example_params_trigger_ui.py took 0.097 seconds
[2025-02-16T16:13:06.030+0700] {processor.py:186} INFO - Started process (PID=30064) to work on /home/dataengineer/.pyenv/versions/3.9.21/lib/python3.9/site-packages/airflow/example_dags/example_params_trigger_ui.py
[2025-02-16T16:13:06.031+0700] {processor.py:914} INFO - Processing file /home/dataengineer/.pyenv/versions/3.9.21/lib/python3.9/site-packages/airflow/example_dags/example_params_trigger_ui.py for tasks to queue
[2025-02-16T16:13:06.032+0700] {logging_mixin.py:190} INFO - [2025-02-16T16:13:06.032+0700] {dagbag.py:588} INFO - Filling up the DagBag from /home/dataengineer/.pyenv/versions/3.9.21/lib/python3.9/site-packages/airflow/example_dags/example_params_trigger_ui.py
[2025-02-16T16:13:06.044+0700] {processor.py:925} INFO - DAG(s) 'example_params_trigger_ui' retrieved from /home/dataengineer/.pyenv/versions/3.9.21/lib/python3.9/site-packages/airflow/example_dags/example_params_trigger_ui.py
[2025-02-16T16:13:06.088+0700] {logging_mixin.py:190} INFO - [2025-02-16T16:13:06.088+0700] {dag.py:3239} INFO - Sync 1 DAGs
[2025-02-16T16:13:06.100+0700] {logging_mixin.py:190} INFO - [2025-02-16T16:13:06.100+0700] {dag.py:4180} INFO - Setting next_dagrun for example_params_trigger_ui to None, run_after=None
[2025-02-16T16:13:06.121+0700] {processor.py:208} INFO - Processing /home/dataengineer/.pyenv/versions/3.9.21/lib/python3.9/site-packages/airflow/example_dags/example_params_trigger_ui.py took 0.097 seconds
[2025-02-16T16:13:56.722+0700] {processor.py:186} INFO - Started process (PID=30277) to work on /home/dataengineer/.pyenv/versions/3.9.21/lib/python3.9/site-packages/airflow/example_dags/example_params_trigger_ui.py
[2025-02-16T16:13:56.724+0700] {processor.py:914} INFO - Processing file /home/dataengineer/.pyenv/versions/3.9.21/lib/python3.9/site-packages/airflow/example_dags/example_params_trigger_ui.py for tasks to queue
[2025-02-16T16:13:56.725+0700] {logging_mixin.py:190} INFO - [2025-02-16T16:13:56.724+0700] {dagbag.py:588} INFO - Filling up the DagBag from /home/dataengineer/.pyenv/versions/3.9.21/lib/python3.9/site-packages/airflow/example_dags/example_params_trigger_ui.py
[2025-02-16T16:13:56.737+0700] {processor.py:925} INFO - DAG(s) 'example_params_trigger_ui' retrieved from /home/dataengineer/.pyenv/versions/3.9.21/lib/python3.9/site-packages/airflow/example_dags/example_params_trigger_ui.py
[2025-02-16T16:13:56.780+0700] {logging_mixin.py:190} INFO - [2025-02-16T16:13:56.779+0700] {dag.py:3239} INFO - Sync 1 DAGs
[2025-02-16T16:13:56.792+0700] {logging_mixin.py:190} INFO - [2025-02-16T16:13:56.791+0700] {dag.py:4180} INFO - Setting next_dagrun for example_params_trigger_ui to None, run_after=None
[2025-02-16T16:13:56.811+0700] {processor.py:208} INFO - Processing /home/dataengineer/.pyenv/versions/3.9.21/lib/python3.9/site-packages/airflow/example_dags/example_params_trigger_ui.py took 0.094 seconds
[2025-02-16T16:15:10.278+0700] {processor.py:186} INFO - Started process (PID=30585) to work on /home/dataengineer/.pyenv/versions/3.9.21/lib/python3.9/site-packages/airflow/example_dags/example_params_trigger_ui.py
[2025-02-16T16:15:10.279+0700] {processor.py:914} INFO - Processing file /home/dataengineer/.pyenv/versions/3.9.21/lib/python3.9/site-packages/airflow/example_dags/example_params_trigger_ui.py for tasks to queue
[2025-02-16T16:15:10.281+0700] {logging_mixin.py:190} INFO - [2025-02-16T16:15:10.280+0700] {dagbag.py:588} INFO - Filling up the DagBag from /home/dataengineer/.pyenv/versions/3.9.21/lib/python3.9/site-packages/airflow/example_dags/example_params_trigger_ui.py
[2025-02-16T16:15:10.293+0700] {processor.py:925} INFO - DAG(s) 'example_params_trigger_ui' retrieved from /home/dataengineer/.pyenv/versions/3.9.21/lib/python3.9/site-packages/airflow/example_dags/example_params_trigger_ui.py
[2025-02-16T16:15:10.338+0700] {logging_mixin.py:190} INFO - [2025-02-16T16:15:10.338+0700] {dag.py:3239} INFO - Sync 1 DAGs
[2025-02-16T16:15:10.351+0700] {logging_mixin.py:190} INFO - [2025-02-16T16:15:10.351+0700] {dag.py:4180} INFO - Setting next_dagrun for example_params_trigger_ui to None, run_after=None
[2025-02-16T16:15:10.372+0700] {processor.py:208} INFO - Processing /home/dataengineer/.pyenv/versions/3.9.21/lib/python3.9/site-packages/airflow/example_dags/example_params_trigger_ui.py took 0.100 seconds
[2025-02-16T16:16:23.869+0700] {processor.py:186} INFO - Started process (PID=30889) to work on /home/dataengineer/.pyenv/versions/3.9.21/lib/python3.9/site-packages/airflow/example_dags/example_params_trigger_ui.py
[2025-02-16T16:16:23.870+0700] {processor.py:914} INFO - Processing file /home/dataengineer/.pyenv/versions/3.9.21/lib/python3.9/site-packages/airflow/example_dags/example_params_trigger_ui.py for tasks to queue
[2025-02-16T16:16:23.871+0700] {logging_mixin.py:190} INFO - [2025-02-16T16:16:23.871+0700] {dagbag.py:588} INFO - Filling up the DagBag from /home/dataengineer/.pyenv/versions/3.9.21/lib/python3.9/site-packages/airflow/example_dags/example_params_trigger_ui.py
[2025-02-16T16:16:23.884+0700] {processor.py:925} INFO - DAG(s) 'example_params_trigger_ui' retrieved from /home/dataengineer/.pyenv/versions/3.9.21/lib/python3.9/site-packages/airflow/example_dags/example_params_trigger_ui.py
[2025-02-16T16:16:23.930+0700] {logging_mixin.py:190} INFO - [2025-02-16T16:16:23.929+0700] {dag.py:3239} INFO - Sync 1 DAGs
[2025-02-16T16:16:23.942+0700] {logging_mixin.py:190} INFO - [2025-02-16T16:16:23.942+0700] {dag.py:4180} INFO - Setting next_dagrun for example_params_trigger_ui to None, run_after=None
[2025-02-16T16:16:23.963+0700] {processor.py:208} INFO - Processing /home/dataengineer/.pyenv/versions/3.9.21/lib/python3.9/site-packages/airflow/example_dags/example_params_trigger_ui.py took 0.100 seconds
[2025-02-16T16:17:38.247+0700] {processor.py:186} INFO - Started process (PID=31209) to work on /home/dataengineer/.pyenv/versions/3.9.21/lib/python3.9/site-packages/airflow/example_dags/example_params_trigger_ui.py
[2025-02-16T16:17:38.249+0700] {processor.py:914} INFO - Processing file /home/dataengineer/.pyenv/versions/3.9.21/lib/python3.9/site-packages/airflow/example_dags/example_params_trigger_ui.py for tasks to queue
[2025-02-16T16:17:38.250+0700] {logging_mixin.py:190} INFO - [2025-02-16T16:17:38.250+0700] {dagbag.py:588} INFO - Filling up the DagBag from /home/dataengineer/.pyenv/versions/3.9.21/lib/python3.9/site-packages/airflow/example_dags/example_params_trigger_ui.py
[2025-02-16T16:17:38.263+0700] {processor.py:925} INFO - DAG(s) 'example_params_trigger_ui' retrieved from /home/dataengineer/.pyenv/versions/3.9.21/lib/python3.9/site-packages/airflow/example_dags/example_params_trigger_ui.py
[2025-02-16T16:17:38.309+0700] {logging_mixin.py:190} INFO - [2025-02-16T16:17:38.308+0700] {dag.py:3239} INFO - Sync 1 DAGs
[2025-02-16T16:17:38.322+0700] {logging_mixin.py:190} INFO - [2025-02-16T16:17:38.322+0700] {dag.py:4180} INFO - Setting next_dagrun for example_params_trigger_ui to None, run_after=None
[2025-02-16T16:17:38.343+0700] {processor.py:208} INFO - Processing /home/dataengineer/.pyenv/versions/3.9.21/lib/python3.9/site-packages/airflow/example_dags/example_params_trigger_ui.py took 0.102 seconds
[2025-02-16T16:18:31.484+0700] {processor.py:186} INFO - Started process (PID=31422) to work on /home/dataengineer/.pyenv/versions/3.9.21/lib/python3.9/site-packages/airflow/example_dags/example_params_trigger_ui.py
[2025-02-16T16:18:31.485+0700] {processor.py:914} INFO - Processing file /home/dataengineer/.pyenv/versions/3.9.21/lib/python3.9/site-packages/airflow/example_dags/example_params_trigger_ui.py for tasks to queue
[2025-02-16T16:18:31.486+0700] {logging_mixin.py:190} INFO - [2025-02-16T16:18:31.486+0700] {dagbag.py:588} INFO - Filling up the DagBag from /home/dataengineer/.pyenv/versions/3.9.21/lib/python3.9/site-packages/airflow/example_dags/example_params_trigger_ui.py
[2025-02-16T16:18:31.498+0700] {processor.py:925} INFO - DAG(s) 'example_params_trigger_ui' retrieved from /home/dataengineer/.pyenv/versions/3.9.21/lib/python3.9/site-packages/airflow/example_dags/example_params_trigger_ui.py
[2025-02-16T16:18:31.540+0700] {logging_mixin.py:190} INFO - [2025-02-16T16:18:31.539+0700] {dag.py:3239} INFO - Sync 1 DAGs
[2025-02-16T16:18:31.552+0700] {logging_mixin.py:190} INFO - [2025-02-16T16:18:31.552+0700] {dag.py:4180} INFO - Setting next_dagrun for example_params_trigger_ui to None, run_after=None
[2025-02-16T16:18:31.571+0700] {processor.py:208} INFO - Processing /home/dataengineer/.pyenv/versions/3.9.21/lib/python3.9/site-packages/airflow/example_dags/example_params_trigger_ui.py took 0.093 seconds
[2025-02-16T16:19:22.036+0700] {processor.py:186} INFO - Started process (PID=31635) to work on /home/dataengineer/.pyenv/versions/3.9.21/lib/python3.9/site-packages/airflow/example_dags/example_params_trigger_ui.py
[2025-02-16T16:19:22.038+0700] {processor.py:914} INFO - Processing file /home/dataengineer/.pyenv/versions/3.9.21/lib/python3.9/site-packages/airflow/example_dags/example_params_trigger_ui.py for tasks to queue
[2025-02-16T16:19:22.039+0700] {logging_mixin.py:190} INFO - [2025-02-16T16:19:22.038+0700] {dagbag.py:588} INFO - Filling up the DagBag from /home/dataengineer/.pyenv/versions/3.9.21/lib/python3.9/site-packages/airflow/example_dags/example_params_trigger_ui.py
[2025-02-16T16:19:22.051+0700] {processor.py:925} INFO - DAG(s) 'example_params_trigger_ui' retrieved from /home/dataengineer/.pyenv/versions/3.9.21/lib/python3.9/site-packages/airflow/example_dags/example_params_trigger_ui.py
[2025-02-16T16:19:22.095+0700] {logging_mixin.py:190} INFO - [2025-02-16T16:19:22.094+0700] {dag.py:3239} INFO - Sync 1 DAGs
[2025-02-16T16:19:22.107+0700] {logging_mixin.py:190} INFO - [2025-02-16T16:19:22.106+0700] {dag.py:4180} INFO - Setting next_dagrun for example_params_trigger_ui to None, run_after=None
[2025-02-16T16:19:22.127+0700] {processor.py:208} INFO - Processing /home/dataengineer/.pyenv/versions/3.9.21/lib/python3.9/site-packages/airflow/example_dags/example_params_trigger_ui.py took 0.097 seconds
[2025-02-16T16:20:35.441+0700] {processor.py:186} INFO - Started process (PID=31942) to work on /home/dataengineer/.pyenv/versions/3.9.21/lib/python3.9/site-packages/airflow/example_dags/example_params_trigger_ui.py
[2025-02-16T16:20:35.443+0700] {processor.py:914} INFO - Processing file /home/dataengineer/.pyenv/versions/3.9.21/lib/python3.9/site-packages/airflow/example_dags/example_params_trigger_ui.py for tasks to queue
[2025-02-16T16:20:35.444+0700] {logging_mixin.py:190} INFO - [2025-02-16T16:20:35.444+0700] {dagbag.py:588} INFO - Filling up the DagBag from /home/dataengineer/.pyenv/versions/3.9.21/lib/python3.9/site-packages/airflow/example_dags/example_params_trigger_ui.py
[2025-02-16T16:20:35.456+0700] {processor.py:925} INFO - DAG(s) 'example_params_trigger_ui' retrieved from /home/dataengineer/.pyenv/versions/3.9.21/lib/python3.9/site-packages/airflow/example_dags/example_params_trigger_ui.py
[2025-02-16T16:20:35.499+0700] {logging_mixin.py:190} INFO - [2025-02-16T16:20:35.499+0700] {dag.py:3239} INFO - Sync 1 DAGs
[2025-02-16T16:20:35.511+0700] {logging_mixin.py:190} INFO - [2025-02-16T16:20:35.511+0700] {dag.py:4180} INFO - Setting next_dagrun for example_params_trigger_ui to None, run_after=None
[2025-02-16T16:20:35.531+0700] {processor.py:208} INFO - Processing /home/dataengineer/.pyenv/versions/3.9.21/lib/python3.9/site-packages/airflow/example_dags/example_params_trigger_ui.py took 0.096 seconds
[2025-02-16T16:21:49.283+0700] {processor.py:186} INFO - Started process (PID=32252) to work on /home/dataengineer/.pyenv/versions/3.9.21/lib/python3.9/site-packages/airflow/example_dags/example_params_trigger_ui.py
[2025-02-16T16:21:49.284+0700] {processor.py:914} INFO - Processing file /home/dataengineer/.pyenv/versions/3.9.21/lib/python3.9/site-packages/airflow/example_dags/example_params_trigger_ui.py for tasks to queue
[2025-02-16T16:21:49.286+0700] {logging_mixin.py:190} INFO - [2025-02-16T16:21:49.285+0700] {dagbag.py:588} INFO - Filling up the DagBag from /home/dataengineer/.pyenv/versions/3.9.21/lib/python3.9/site-packages/airflow/example_dags/example_params_trigger_ui.py
[2025-02-16T16:21:49.298+0700] {processor.py:925} INFO - DAG(s) 'example_params_trigger_ui' retrieved from /home/dataengineer/.pyenv/versions/3.9.21/lib/python3.9/site-packages/airflow/example_dags/example_params_trigger_ui.py
[2025-02-16T16:21:49.344+0700] {logging_mixin.py:190} INFO - [2025-02-16T16:21:49.343+0700] {dag.py:3239} INFO - Sync 1 DAGs
[2025-02-16T16:21:49.356+0700] {logging_mixin.py:190} INFO - [2025-02-16T16:21:49.356+0700] {dag.py:4180} INFO - Setting next_dagrun for example_params_trigger_ui to None, run_after=None
[2025-02-16T16:21:49.377+0700] {processor.py:208} INFO - Processing /home/dataengineer/.pyenv/versions/3.9.21/lib/python3.9/site-packages/airflow/example_dags/example_params_trigger_ui.py took 0.100 seconds
[2025-02-16T16:23:01.464+0700] {processor.py:186} INFO - Started process (PID=32556) to work on /home/dataengineer/.pyenv/versions/3.9.21/lib/python3.9/site-packages/airflow/example_dags/example_params_trigger_ui.py
[2025-02-16T16:23:01.468+0700] {processor.py:914} INFO - Processing file /home/dataengineer/.pyenv/versions/3.9.21/lib/python3.9/site-packages/airflow/example_dags/example_params_trigger_ui.py for tasks to queue
[2025-02-16T16:23:01.469+0700] {logging_mixin.py:190} INFO - [2025-02-16T16:23:01.469+0700] {dagbag.py:588} INFO - Filling up the DagBag from /home/dataengineer/.pyenv/versions/3.9.21/lib/python3.9/site-packages/airflow/example_dags/example_params_trigger_ui.py
[2025-02-16T16:23:01.481+0700] {processor.py:925} INFO - DAG(s) 'example_params_trigger_ui' retrieved from /home/dataengineer/.pyenv/versions/3.9.21/lib/python3.9/site-packages/airflow/example_dags/example_params_trigger_ui.py
[2025-02-16T16:23:01.524+0700] {logging_mixin.py:190} INFO - [2025-02-16T16:23:01.523+0700] {dag.py:3239} INFO - Sync 1 DAGs
[2025-02-16T16:23:01.536+0700] {logging_mixin.py:190} INFO - [2025-02-16T16:23:01.535+0700] {dag.py:4180} INFO - Setting next_dagrun for example_params_trigger_ui to None, run_after=None
[2025-02-16T16:23:01.557+0700] {processor.py:208} INFO - Processing /home/dataengineer/.pyenv/versions/3.9.21/lib/python3.9/site-packages/airflow/example_dags/example_params_trigger_ui.py took 0.098 seconds
[2025-02-16T16:24:12.558+0700] {processor.py:186} INFO - Started process (PID=32854) to work on /home/dataengineer/.pyenv/versions/3.9.21/lib/python3.9/site-packages/airflow/example_dags/example_params_trigger_ui.py
[2025-02-16T16:24:12.559+0700] {processor.py:914} INFO - Processing file /home/dataengineer/.pyenv/versions/3.9.21/lib/python3.9/site-packages/airflow/example_dags/example_params_trigger_ui.py for tasks to queue
[2025-02-16T16:24:12.560+0700] {logging_mixin.py:190} INFO - [2025-02-16T16:24:12.560+0700] {dagbag.py:588} INFO - Filling up the DagBag from /home/dataengineer/.pyenv/versions/3.9.21/lib/python3.9/site-packages/airflow/example_dags/example_params_trigger_ui.py
[2025-02-16T16:24:12.573+0700] {processor.py:925} INFO - DAG(s) 'example_params_trigger_ui' retrieved from /home/dataengineer/.pyenv/versions/3.9.21/lib/python3.9/site-packages/airflow/example_dags/example_params_trigger_ui.py
[2025-02-16T16:24:12.625+0700] {logging_mixin.py:190} INFO - [2025-02-16T16:24:12.625+0700] {dag.py:3239} INFO - Sync 1 DAGs
[2025-02-16T16:24:12.639+0700] {logging_mixin.py:190} INFO - [2025-02-16T16:24:12.638+0700] {dag.py:4180} INFO - Setting next_dagrun for example_params_trigger_ui to None, run_after=None
[2025-02-16T16:24:12.659+0700] {processor.py:208} INFO - Processing /home/dataengineer/.pyenv/versions/3.9.21/lib/python3.9/site-packages/airflow/example_dags/example_params_trigger_ui.py took 0.108 seconds
[2025-02-16T16:25:25.108+0700] {processor.py:186} INFO - Started process (PID=33160) to work on /home/dataengineer/.pyenv/versions/3.9.21/lib/python3.9/site-packages/airflow/example_dags/example_params_trigger_ui.py
[2025-02-16T16:25:25.110+0700] {processor.py:914} INFO - Processing file /home/dataengineer/.pyenv/versions/3.9.21/lib/python3.9/site-packages/airflow/example_dags/example_params_trigger_ui.py for tasks to queue
[2025-02-16T16:25:25.111+0700] {logging_mixin.py:190} INFO - [2025-02-16T16:25:25.111+0700] {dagbag.py:588} INFO - Filling up the DagBag from /home/dataengineer/.pyenv/versions/3.9.21/lib/python3.9/site-packages/airflow/example_dags/example_params_trigger_ui.py
[2025-02-16T16:25:25.123+0700] {processor.py:925} INFO - DAG(s) 'example_params_trigger_ui' retrieved from /home/dataengineer/.pyenv/versions/3.9.21/lib/python3.9/site-packages/airflow/example_dags/example_params_trigger_ui.py
[2025-02-16T16:25:25.179+0700] {logging_mixin.py:190} INFO - [2025-02-16T16:25:25.179+0700] {dag.py:3239} INFO - Sync 1 DAGs
[2025-02-16T16:25:25.192+0700] {logging_mixin.py:190} INFO - [2025-02-16T16:25:25.192+0700] {dag.py:4180} INFO - Setting next_dagrun for example_params_trigger_ui to None, run_after=None
[2025-02-16T16:25:25.213+0700] {processor.py:208} INFO - Processing /home/dataengineer/.pyenv/versions/3.9.21/lib/python3.9/site-packages/airflow/example_dags/example_params_trigger_ui.py took 0.111 seconds
[2025-02-16T16:26:15.507+0700] {processor.py:186} INFO - Started process (PID=33373) to work on /home/dataengineer/.pyenv/versions/3.9.21/lib/python3.9/site-packages/airflow/example_dags/example_params_trigger_ui.py
[2025-02-16T16:26:15.508+0700] {processor.py:914} INFO - Processing file /home/dataengineer/.pyenv/versions/3.9.21/lib/python3.9/site-packages/airflow/example_dags/example_params_trigger_ui.py for tasks to queue
[2025-02-16T16:26:15.509+0700] {logging_mixin.py:190} INFO - [2025-02-16T16:26:15.509+0700] {dagbag.py:588} INFO - Filling up the DagBag from /home/dataengineer/.pyenv/versions/3.9.21/lib/python3.9/site-packages/airflow/example_dags/example_params_trigger_ui.py
[2025-02-16T16:26:15.521+0700] {processor.py:925} INFO - DAG(s) 'example_params_trigger_ui' retrieved from /home/dataengineer/.pyenv/versions/3.9.21/lib/python3.9/site-packages/airflow/example_dags/example_params_trigger_ui.py
[2025-02-16T16:26:15.565+0700] {logging_mixin.py:190} INFO - [2025-02-16T16:26:15.564+0700] {dag.py:3239} INFO - Sync 1 DAGs
[2025-02-16T16:26:15.577+0700] {logging_mixin.py:190} INFO - [2025-02-16T16:26:15.577+0700] {dag.py:4180} INFO - Setting next_dagrun for example_params_trigger_ui to None, run_after=None
[2025-02-16T16:26:15.598+0700] {processor.py:208} INFO - Processing /home/dataengineer/.pyenv/versions/3.9.21/lib/python3.9/site-packages/airflow/example_dags/example_params_trigger_ui.py took 0.097 seconds
[2025-02-16T16:27:28.601+0700] {processor.py:186} INFO - Started process (PID=33677) to work on /home/dataengineer/.pyenv/versions/3.9.21/lib/python3.9/site-packages/airflow/example_dags/example_params_trigger_ui.py
[2025-02-16T16:27:28.603+0700] {processor.py:914} INFO - Processing file /home/dataengineer/.pyenv/versions/3.9.21/lib/python3.9/site-packages/airflow/example_dags/example_params_trigger_ui.py for tasks to queue
[2025-02-16T16:27:28.604+0700] {logging_mixin.py:190} INFO - [2025-02-16T16:27:28.604+0700] {dagbag.py:588} INFO - Filling up the DagBag from /home/dataengineer/.pyenv/versions/3.9.21/lib/python3.9/site-packages/airflow/example_dags/example_params_trigger_ui.py
[2025-02-16T16:27:28.619+0700] {processor.py:925} INFO - DAG(s) 'example_params_trigger_ui' retrieved from /home/dataengineer/.pyenv/versions/3.9.21/lib/python3.9/site-packages/airflow/example_dags/example_params_trigger_ui.py
[2025-02-16T16:27:28.668+0700] {logging_mixin.py:190} INFO - [2025-02-16T16:27:28.668+0700] {dag.py:3239} INFO - Sync 1 DAGs
[2025-02-16T16:27:28.682+0700] {logging_mixin.py:190} INFO - [2025-02-16T16:27:28.682+0700] {dag.py:4180} INFO - Setting next_dagrun for example_params_trigger_ui to None, run_after=None
[2025-02-16T16:27:28.703+0700] {processor.py:208} INFO - Processing /home/dataengineer/.pyenv/versions/3.9.21/lib/python3.9/site-packages/airflow/example_dags/example_params_trigger_ui.py took 0.109 seconds
[2025-02-16T16:28:41.983+0700] {processor.py:186} INFO - Started process (PID=33985) to work on /home/dataengineer/.pyenv/versions/3.9.21/lib/python3.9/site-packages/airflow/example_dags/example_params_trigger_ui.py
[2025-02-16T16:28:41.984+0700] {processor.py:914} INFO - Processing file /home/dataengineer/.pyenv/versions/3.9.21/lib/python3.9/site-packages/airflow/example_dags/example_params_trigger_ui.py for tasks to queue
[2025-02-16T16:28:41.986+0700] {logging_mixin.py:190} INFO - [2025-02-16T16:28:41.985+0700] {dagbag.py:588} INFO - Filling up the DagBag from /home/dataengineer/.pyenv/versions/3.9.21/lib/python3.9/site-packages/airflow/example_dags/example_params_trigger_ui.py
[2025-02-16T16:28:41.998+0700] {processor.py:925} INFO - DAG(s) 'example_params_trigger_ui' retrieved from /home/dataengineer/.pyenv/versions/3.9.21/lib/python3.9/site-packages/airflow/example_dags/example_params_trigger_ui.py
[2025-02-16T16:28:42.042+0700] {logging_mixin.py:190} INFO - [2025-02-16T16:28:42.042+0700] {dag.py:3239} INFO - Sync 1 DAGs
[2025-02-16T16:28:42.055+0700] {logging_mixin.py:190} INFO - [2025-02-16T16:28:42.055+0700] {dag.py:4180} INFO - Setting next_dagrun for example_params_trigger_ui to None, run_after=None
[2025-02-16T16:28:42.075+0700] {processor.py:208} INFO - Processing /home/dataengineer/.pyenv/versions/3.9.21/lib/python3.9/site-packages/airflow/example_dags/example_params_trigger_ui.py took 0.099 seconds
[2025-02-16T16:29:32.333+0700] {processor.py:186} INFO - Started process (PID=34195) to work on /home/dataengineer/.pyenv/versions/3.9.21/lib/python3.9/site-packages/airflow/example_dags/example_params_trigger_ui.py
[2025-02-16T16:29:32.334+0700] {processor.py:914} INFO - Processing file /home/dataengineer/.pyenv/versions/3.9.21/lib/python3.9/site-packages/airflow/example_dags/example_params_trigger_ui.py for tasks to queue
[2025-02-16T16:29:32.336+0700] {logging_mixin.py:190} INFO - [2025-02-16T16:29:32.336+0700] {dagbag.py:588} INFO - Filling up the DagBag from /home/dataengineer/.pyenv/versions/3.9.21/lib/python3.9/site-packages/airflow/example_dags/example_params_trigger_ui.py
[2025-02-16T16:29:32.349+0700] {processor.py:925} INFO - DAG(s) 'example_params_trigger_ui' retrieved from /home/dataengineer/.pyenv/versions/3.9.21/lib/python3.9/site-packages/airflow/example_dags/example_params_trigger_ui.py
[2025-02-16T16:29:32.394+0700] {logging_mixin.py:190} INFO - [2025-02-16T16:29:32.394+0700] {dag.py:3239} INFO - Sync 1 DAGs
[2025-02-16T16:29:32.406+0700] {logging_mixin.py:190} INFO - [2025-02-16T16:29:32.406+0700] {dag.py:4180} INFO - Setting next_dagrun for example_params_trigger_ui to None, run_after=None
[2025-02-16T16:29:32.429+0700] {processor.py:208} INFO - Processing /home/dataengineer/.pyenv/versions/3.9.21/lib/python3.9/site-packages/airflow/example_dags/example_params_trigger_ui.py took 0.101 seconds
[2025-02-16T16:30:22.487+0700] {processor.py:186} INFO - Started process (PID=34404) to work on /home/dataengineer/.pyenv/versions/3.9.21/lib/python3.9/site-packages/airflow/example_dags/example_params_trigger_ui.py
[2025-02-16T16:30:22.489+0700] {processor.py:914} INFO - Processing file /home/dataengineer/.pyenv/versions/3.9.21/lib/python3.9/site-packages/airflow/example_dags/example_params_trigger_ui.py for tasks to queue
[2025-02-16T16:30:22.490+0700] {logging_mixin.py:190} INFO - [2025-02-16T16:30:22.490+0700] {dagbag.py:588} INFO - Filling up the DagBag from /home/dataengineer/.pyenv/versions/3.9.21/lib/python3.9/site-packages/airflow/example_dags/example_params_trigger_ui.py
[2025-02-16T16:30:22.504+0700] {processor.py:925} INFO - DAG(s) 'example_params_trigger_ui' retrieved from /home/dataengineer/.pyenv/versions/3.9.21/lib/python3.9/site-packages/airflow/example_dags/example_params_trigger_ui.py
[2025-02-16T16:30:22.552+0700] {logging_mixin.py:190} INFO - [2025-02-16T16:30:22.552+0700] {dag.py:3239} INFO - Sync 1 DAGs
[2025-02-16T16:30:22.566+0700] {logging_mixin.py:190} INFO - [2025-02-16T16:30:22.565+0700] {dag.py:4180} INFO - Setting next_dagrun for example_params_trigger_ui to None, run_after=None
[2025-02-16T16:30:22.588+0700] {processor.py:208} INFO - Processing /home/dataengineer/.pyenv/versions/3.9.21/lib/python3.9/site-packages/airflow/example_dags/example_params_trigger_ui.py took 0.107 seconds
[2025-02-16T16:31:36.186+0700] {processor.py:186} INFO - Started process (PID=34713) to work on /home/dataengineer/.pyenv/versions/3.9.21/lib/python3.9/site-packages/airflow/example_dags/example_params_trigger_ui.py
[2025-02-16T16:31:36.188+0700] {processor.py:914} INFO - Processing file /home/dataengineer/.pyenv/versions/3.9.21/lib/python3.9/site-packages/airflow/example_dags/example_params_trigger_ui.py for tasks to queue
[2025-02-16T16:31:36.189+0700] {logging_mixin.py:190} INFO - [2025-02-16T16:31:36.189+0700] {dagbag.py:588} INFO - Filling up the DagBag from /home/dataengineer/.pyenv/versions/3.9.21/lib/python3.9/site-packages/airflow/example_dags/example_params_trigger_ui.py
[2025-02-16T16:31:36.200+0700] {processor.py:925} INFO - DAG(s) 'example_params_trigger_ui' retrieved from /home/dataengineer/.pyenv/versions/3.9.21/lib/python3.9/site-packages/airflow/example_dags/example_params_trigger_ui.py
[2025-02-16T16:31:36.243+0700] {logging_mixin.py:190} INFO - [2025-02-16T16:31:36.243+0700] {dag.py:3239} INFO - Sync 1 DAGs
[2025-02-16T16:31:36.258+0700] {logging_mixin.py:190} INFO - [2025-02-16T16:31:36.258+0700] {dag.py:4180} INFO - Setting next_dagrun for example_params_trigger_ui to None, run_after=None
[2025-02-16T16:31:36.283+0700] {processor.py:208} INFO - Processing /home/dataengineer/.pyenv/versions/3.9.21/lib/python3.9/site-packages/airflow/example_dags/example_params_trigger_ui.py took 0.102 seconds
[2025-02-16T16:32:46.418+0700] {processor.py:186} INFO - Started process (PID=35011) to work on /home/dataengineer/.pyenv/versions/3.9.21/lib/python3.9/site-packages/airflow/example_dags/example_params_trigger_ui.py
[2025-02-16T16:32:46.419+0700] {processor.py:914} INFO - Processing file /home/dataengineer/.pyenv/versions/3.9.21/lib/python3.9/site-packages/airflow/example_dags/example_params_trigger_ui.py for tasks to queue
[2025-02-16T16:32:46.420+0700] {logging_mixin.py:190} INFO - [2025-02-16T16:32:46.420+0700] {dagbag.py:588} INFO - Filling up the DagBag from /home/dataengineer/.pyenv/versions/3.9.21/lib/python3.9/site-packages/airflow/example_dags/example_params_trigger_ui.py
[2025-02-16T16:32:46.431+0700] {processor.py:925} INFO - DAG(s) 'example_params_trigger_ui' retrieved from /home/dataengineer/.pyenv/versions/3.9.21/lib/python3.9/site-packages/airflow/example_dags/example_params_trigger_ui.py
[2025-02-16T16:32:46.472+0700] {logging_mixin.py:190} INFO - [2025-02-16T16:32:46.472+0700] {dag.py:3239} INFO - Sync 1 DAGs
[2025-02-16T16:32:46.484+0700] {logging_mixin.py:190} INFO - [2025-02-16T16:32:46.484+0700] {dag.py:4180} INFO - Setting next_dagrun for example_params_trigger_ui to None, run_after=None
[2025-02-16T16:32:46.503+0700] {processor.py:208} INFO - Processing /home/dataengineer/.pyenv/versions/3.9.21/lib/python3.9/site-packages/airflow/example_dags/example_params_trigger_ui.py took 0.090 seconds
[2025-02-16T16:33:37.219+0700] {processor.py:186} INFO - Started process (PID=35221) to work on /home/dataengineer/.pyenv/versions/3.9.21/lib/python3.9/site-packages/airflow/example_dags/example_params_trigger_ui.py
[2025-02-16T16:33:37.220+0700] {processor.py:914} INFO - Processing file /home/dataengineer/.pyenv/versions/3.9.21/lib/python3.9/site-packages/airflow/example_dags/example_params_trigger_ui.py for tasks to queue
[2025-02-16T16:33:37.221+0700] {logging_mixin.py:190} INFO - [2025-02-16T16:33:37.221+0700] {dagbag.py:588} INFO - Filling up the DagBag from /home/dataengineer/.pyenv/versions/3.9.21/lib/python3.9/site-packages/airflow/example_dags/example_params_trigger_ui.py
[2025-02-16T16:33:37.234+0700] {processor.py:925} INFO - DAG(s) 'example_params_trigger_ui' retrieved from /home/dataengineer/.pyenv/versions/3.9.21/lib/python3.9/site-packages/airflow/example_dags/example_params_trigger_ui.py
[2025-02-16T16:33:37.280+0700] {logging_mixin.py:190} INFO - [2025-02-16T16:33:37.279+0700] {dag.py:3239} INFO - Sync 1 DAGs
[2025-02-16T16:33:37.293+0700] {logging_mixin.py:190} INFO - [2025-02-16T16:33:37.293+0700] {dag.py:4180} INFO - Setting next_dagrun for example_params_trigger_ui to None, run_after=None
[2025-02-16T16:33:37.313+0700] {processor.py:208} INFO - Processing /home/dataengineer/.pyenv/versions/3.9.21/lib/python3.9/site-packages/airflow/example_dags/example_params_trigger_ui.py took 0.100 seconds
[2025-02-16T16:34:28.026+0700] {processor.py:186} INFO - Started process (PID=35439) to work on /home/dataengineer/.pyenv/versions/3.9.21/lib/python3.9/site-packages/airflow/example_dags/example_params_trigger_ui.py
[2025-02-16T16:34:28.028+0700] {processor.py:914} INFO - Processing file /home/dataengineer/.pyenv/versions/3.9.21/lib/python3.9/site-packages/airflow/example_dags/example_params_trigger_ui.py for tasks to queue
[2025-02-16T16:34:28.029+0700] {logging_mixin.py:190} INFO - [2025-02-16T16:34:28.028+0700] {dagbag.py:588} INFO - Filling up the DagBag from /home/dataengineer/.pyenv/versions/3.9.21/lib/python3.9/site-packages/airflow/example_dags/example_params_trigger_ui.py
[2025-02-16T16:34:28.041+0700] {processor.py:925} INFO - DAG(s) 'example_params_trigger_ui' retrieved from /home/dataengineer/.pyenv/versions/3.9.21/lib/python3.9/site-packages/airflow/example_dags/example_params_trigger_ui.py
[2025-02-16T16:34:28.084+0700] {logging_mixin.py:190} INFO - [2025-02-16T16:34:28.084+0700] {dag.py:3239} INFO - Sync 1 DAGs
[2025-02-16T16:34:28.096+0700] {logging_mixin.py:190} INFO - [2025-02-16T16:34:28.096+0700] {dag.py:4180} INFO - Setting next_dagrun for example_params_trigger_ui to None, run_after=None
[2025-02-16T16:34:28.117+0700] {processor.py:208} INFO - Processing /home/dataengineer/.pyenv/versions/3.9.21/lib/python3.9/site-packages/airflow/example_dags/example_params_trigger_ui.py took 0.096 seconds
[2025-02-16T16:35:21.310+0700] {processor.py:186} INFO - Started process (PID=35659) to work on /home/dataengineer/.pyenv/versions/3.9.21/lib/python3.9/site-packages/airflow/example_dags/example_params_trigger_ui.py
[2025-02-16T16:35:21.311+0700] {processor.py:914} INFO - Processing file /home/dataengineer/.pyenv/versions/3.9.21/lib/python3.9/site-packages/airflow/example_dags/example_params_trigger_ui.py for tasks to queue
[2025-02-16T16:35:21.312+0700] {logging_mixin.py:190} INFO - [2025-02-16T16:35:21.312+0700] {dagbag.py:588} INFO - Filling up the DagBag from /home/dataengineer/.pyenv/versions/3.9.21/lib/python3.9/site-packages/airflow/example_dags/example_params_trigger_ui.py
[2025-02-16T16:35:21.325+0700] {processor.py:925} INFO - DAG(s) 'example_params_trigger_ui' retrieved from /home/dataengineer/.pyenv/versions/3.9.21/lib/python3.9/site-packages/airflow/example_dags/example_params_trigger_ui.py
[2025-02-16T16:35:21.369+0700] {logging_mixin.py:190} INFO - [2025-02-16T16:35:21.369+0700] {dag.py:3239} INFO - Sync 1 DAGs
[2025-02-16T16:35:21.382+0700] {logging_mixin.py:190} INFO - [2025-02-16T16:35:21.381+0700] {dag.py:4180} INFO - Setting next_dagrun for example_params_trigger_ui to None, run_after=None
[2025-02-16T16:35:21.402+0700] {processor.py:208} INFO - Processing /home/dataengineer/.pyenv/versions/3.9.21/lib/python3.9/site-packages/airflow/example_dags/example_params_trigger_ui.py took 0.097 seconds
[2025-02-16T16:36:29.482+0700] {processor.py:186} INFO - Started process (PID=35994) to work on /home/dataengineer/.pyenv/versions/3.9.21/lib/python3.9/site-packages/airflow/example_dags/example_params_trigger_ui.py
[2025-02-16T16:36:29.484+0700] {processor.py:914} INFO - Processing file /home/dataengineer/.pyenv/versions/3.9.21/lib/python3.9/site-packages/airflow/example_dags/example_params_trigger_ui.py for tasks to queue
[2025-02-16T16:36:29.485+0700] {logging_mixin.py:190} INFO - [2025-02-16T16:36:29.485+0700] {dagbag.py:588} INFO - Filling up the DagBag from /home/dataengineer/.pyenv/versions/3.9.21/lib/python3.9/site-packages/airflow/example_dags/example_params_trigger_ui.py
[2025-02-16T16:36:29.499+0700] {processor.py:925} INFO - DAG(s) 'example_params_trigger_ui' retrieved from /home/dataengineer/.pyenv/versions/3.9.21/lib/python3.9/site-packages/airflow/example_dags/example_params_trigger_ui.py
[2025-02-16T16:36:29.543+0700] {logging_mixin.py:190} INFO - [2025-02-16T16:36:29.542+0700] {dag.py:3239} INFO - Sync 1 DAGs
[2025-02-16T16:36:29.556+0700] {logging_mixin.py:190} INFO - [2025-02-16T16:36:29.555+0700] {dag.py:4180} INFO - Setting next_dagrun for example_params_trigger_ui to None, run_after=None
[2025-02-16T16:36:29.577+0700] {processor.py:208} INFO - Processing /home/dataengineer/.pyenv/versions/3.9.21/lib/python3.9/site-packages/airflow/example_dags/example_params_trigger_ui.py took 0.101 seconds
[2025-02-16T16:37:36.289+0700] {processor.py:186} INFO - Started process (PID=36656) to work on /home/dataengineer/.pyenv/versions/3.9.21/lib/python3.9/site-packages/airflow/example_dags/example_params_trigger_ui.py
[2025-02-16T16:37:36.290+0700] {processor.py:914} INFO - Processing file /home/dataengineer/.pyenv/versions/3.9.21/lib/python3.9/site-packages/airflow/example_dags/example_params_trigger_ui.py for tasks to queue
[2025-02-16T16:37:36.291+0700] {logging_mixin.py:190} INFO - [2025-02-16T16:37:36.291+0700] {dagbag.py:588} INFO - Filling up the DagBag from /home/dataengineer/.pyenv/versions/3.9.21/lib/python3.9/site-packages/airflow/example_dags/example_params_trigger_ui.py
[2025-02-16T16:37:36.304+0700] {processor.py:925} INFO - DAG(s) 'example_params_trigger_ui' retrieved from /home/dataengineer/.pyenv/versions/3.9.21/lib/python3.9/site-packages/airflow/example_dags/example_params_trigger_ui.py
[2025-02-16T16:37:36.347+0700] {logging_mixin.py:190} INFO - [2025-02-16T16:37:36.347+0700] {dag.py:3239} INFO - Sync 1 DAGs
[2025-02-16T16:37:36.359+0700] {logging_mixin.py:190} INFO - [2025-02-16T16:37:36.359+0700] {dag.py:4180} INFO - Setting next_dagrun for example_params_trigger_ui to None, run_after=None
[2025-02-16T16:37:36.380+0700] {processor.py:208} INFO - Processing /home/dataengineer/.pyenv/versions/3.9.21/lib/python3.9/site-packages/airflow/example_dags/example_params_trigger_ui.py took 0.097 seconds
[2025-02-16T16:38:25.715+0700] {processor.py:186} INFO - Started process (PID=36860) to work on /home/dataengineer/.pyenv/versions/3.9.21/lib/python3.9/site-packages/airflow/example_dags/example_params_trigger_ui.py
[2025-02-16T16:38:25.716+0700] {processor.py:914} INFO - Processing file /home/dataengineer/.pyenv/versions/3.9.21/lib/python3.9/site-packages/airflow/example_dags/example_params_trigger_ui.py for tasks to queue
[2025-02-16T16:38:25.718+0700] {logging_mixin.py:190} INFO - [2025-02-16T16:38:25.717+0700] {dagbag.py:588} INFO - Filling up the DagBag from /home/dataengineer/.pyenv/versions/3.9.21/lib/python3.9/site-packages/airflow/example_dags/example_params_trigger_ui.py
[2025-02-16T16:38:25.731+0700] {processor.py:925} INFO - DAG(s) 'example_params_trigger_ui' retrieved from /home/dataengineer/.pyenv/versions/3.9.21/lib/python3.9/site-packages/airflow/example_dags/example_params_trigger_ui.py
[2025-02-16T16:38:25.777+0700] {logging_mixin.py:190} INFO - [2025-02-16T16:38:25.777+0700] {dag.py:3239} INFO - Sync 1 DAGs
[2025-02-16T16:38:25.790+0700] {logging_mixin.py:190} INFO - [2025-02-16T16:38:25.790+0700] {dag.py:4180} INFO - Setting next_dagrun for example_params_trigger_ui to None, run_after=None
[2025-02-16T16:38:25.812+0700] {processor.py:208} INFO - Processing /home/dataengineer/.pyenv/versions/3.9.21/lib/python3.9/site-packages/airflow/example_dags/example_params_trigger_ui.py took 0.103 seconds
[2025-02-16T16:39:16.840+0700] {processor.py:186} INFO - Started process (PID=37073) to work on /home/dataengineer/.pyenv/versions/3.9.21/lib/python3.9/site-packages/airflow/example_dags/example_params_trigger_ui.py
[2025-02-16T16:39:16.841+0700] {processor.py:914} INFO - Processing file /home/dataengineer/.pyenv/versions/3.9.21/lib/python3.9/site-packages/airflow/example_dags/example_params_trigger_ui.py for tasks to queue
[2025-02-16T16:39:16.842+0700] {logging_mixin.py:190} INFO - [2025-02-16T16:39:16.842+0700] {dagbag.py:588} INFO - Filling up the DagBag from /home/dataengineer/.pyenv/versions/3.9.21/lib/python3.9/site-packages/airflow/example_dags/example_params_trigger_ui.py
[2025-02-16T16:39:16.854+0700] {processor.py:925} INFO - DAG(s) 'example_params_trigger_ui' retrieved from /home/dataengineer/.pyenv/versions/3.9.21/lib/python3.9/site-packages/airflow/example_dags/example_params_trigger_ui.py
[2025-02-16T16:39:16.898+0700] {logging_mixin.py:190} INFO - [2025-02-16T16:39:16.898+0700] {dag.py:3239} INFO - Sync 1 DAGs
[2025-02-16T16:39:16.911+0700] {logging_mixin.py:190} INFO - [2025-02-16T16:39:16.911+0700] {dag.py:4180} INFO - Setting next_dagrun for example_params_trigger_ui to None, run_after=None
[2025-02-16T16:39:16.933+0700] {processor.py:208} INFO - Processing /home/dataengineer/.pyenv/versions/3.9.21/lib/python3.9/site-packages/airflow/example_dags/example_params_trigger_ui.py took 0.099 seconds
[2025-02-16T16:40:30.250+0700] {processor.py:186} INFO - Started process (PID=37592) to work on /home/dataengineer/.pyenv/versions/3.9.21/lib/python3.9/site-packages/airflow/example_dags/example_params_trigger_ui.py
[2025-02-16T16:40:30.251+0700] {processor.py:914} INFO - Processing file /home/dataengineer/.pyenv/versions/3.9.21/lib/python3.9/site-packages/airflow/example_dags/example_params_trigger_ui.py for tasks to queue
[2025-02-16T16:40:30.252+0700] {logging_mixin.py:190} INFO - [2025-02-16T16:40:30.252+0700] {dagbag.py:588} INFO - Filling up the DagBag from /home/dataengineer/.pyenv/versions/3.9.21/lib/python3.9/site-packages/airflow/example_dags/example_params_trigger_ui.py
[2025-02-16T16:40:30.264+0700] {processor.py:925} INFO - DAG(s) 'example_params_trigger_ui' retrieved from /home/dataengineer/.pyenv/versions/3.9.21/lib/python3.9/site-packages/airflow/example_dags/example_params_trigger_ui.py
[2025-02-16T16:40:30.310+0700] {logging_mixin.py:190} INFO - [2025-02-16T16:40:30.309+0700] {dag.py:3239} INFO - Sync 1 DAGs
[2025-02-16T16:40:30.323+0700] {logging_mixin.py:190} INFO - [2025-02-16T16:40:30.322+0700] {dag.py:4180} INFO - Setting next_dagrun for example_params_trigger_ui to None, run_after=None
[2025-02-16T16:40:30.345+0700] {processor.py:208} INFO - Processing /home/dataengineer/.pyenv/versions/3.9.21/lib/python3.9/site-packages/airflow/example_dags/example_params_trigger_ui.py took 0.102 seconds
[2025-02-16T16:41:43.477+0700] {processor.py:186} INFO - Started process (PID=37954) to work on /home/dataengineer/.pyenv/versions/3.9.21/lib/python3.9/site-packages/airflow/example_dags/example_params_trigger_ui.py
[2025-02-16T16:41:43.478+0700] {processor.py:914} INFO - Processing file /home/dataengineer/.pyenv/versions/3.9.21/lib/python3.9/site-packages/airflow/example_dags/example_params_trigger_ui.py for tasks to queue
[2025-02-16T16:41:43.479+0700] {logging_mixin.py:190} INFO - [2025-02-16T16:41:43.479+0700] {dagbag.py:588} INFO - Filling up the DagBag from /home/dataengineer/.pyenv/versions/3.9.21/lib/python3.9/site-packages/airflow/example_dags/example_params_trigger_ui.py
[2025-02-16T16:41:43.490+0700] {processor.py:925} INFO - DAG(s) 'example_params_trigger_ui' retrieved from /home/dataengineer/.pyenv/versions/3.9.21/lib/python3.9/site-packages/airflow/example_dags/example_params_trigger_ui.py
[2025-02-16T16:41:43.532+0700] {logging_mixin.py:190} INFO - [2025-02-16T16:41:43.532+0700] {dag.py:3239} INFO - Sync 1 DAGs
[2025-02-16T16:41:43.544+0700] {logging_mixin.py:190} INFO - [2025-02-16T16:41:43.543+0700] {dag.py:4180} INFO - Setting next_dagrun for example_params_trigger_ui to None, run_after=None
[2025-02-16T16:41:43.562+0700] {processor.py:208} INFO - Processing /home/dataengineer/.pyenv/versions/3.9.21/lib/python3.9/site-packages/airflow/example_dags/example_params_trigger_ui.py took 0.091 seconds
[2025-02-16T16:42:34.667+0700] {processor.py:186} INFO - Started process (PID=38162) to work on /home/dataengineer/.pyenv/versions/3.9.21/lib/python3.9/site-packages/airflow/example_dags/example_params_trigger_ui.py
[2025-02-16T16:42:34.669+0700] {processor.py:914} INFO - Processing file /home/dataengineer/.pyenv/versions/3.9.21/lib/python3.9/site-packages/airflow/example_dags/example_params_trigger_ui.py for tasks to queue
[2025-02-16T16:42:34.670+0700] {logging_mixin.py:190} INFO - [2025-02-16T16:42:34.670+0700] {dagbag.py:588} INFO - Filling up the DagBag from /home/dataengineer/.pyenv/versions/3.9.21/lib/python3.9/site-packages/airflow/example_dags/example_params_trigger_ui.py
[2025-02-16T16:42:34.682+0700] {processor.py:925} INFO - DAG(s) 'example_params_trigger_ui' retrieved from /home/dataengineer/.pyenv/versions/3.9.21/lib/python3.9/site-packages/airflow/example_dags/example_params_trigger_ui.py
[2025-02-16T16:42:34.730+0700] {logging_mixin.py:190} INFO - [2025-02-16T16:42:34.730+0700] {dag.py:3239} INFO - Sync 1 DAGs
[2025-02-16T16:42:34.744+0700] {logging_mixin.py:190} INFO - [2025-02-16T16:42:34.743+0700] {dag.py:4180} INFO - Setting next_dagrun for example_params_trigger_ui to None, run_after=None
[2025-02-16T16:42:34.765+0700] {processor.py:208} INFO - Processing /home/dataengineer/.pyenv/versions/3.9.21/lib/python3.9/site-packages/airflow/example_dags/example_params_trigger_ui.py took 0.104 seconds
[2025-02-16T16:43:44.921+0700] {processor.py:186} INFO - Started process (PID=38470) to work on /home/dataengineer/.pyenv/versions/3.9.21/lib/python3.9/site-packages/airflow/example_dags/example_params_trigger_ui.py
[2025-02-16T16:43:44.922+0700] {processor.py:914} INFO - Processing file /home/dataengineer/.pyenv/versions/3.9.21/lib/python3.9/site-packages/airflow/example_dags/example_params_trigger_ui.py for tasks to queue
[2025-02-16T16:43:44.923+0700] {logging_mixin.py:190} INFO - [2025-02-16T16:43:44.923+0700] {dagbag.py:588} INFO - Filling up the DagBag from /home/dataengineer/.pyenv/versions/3.9.21/lib/python3.9/site-packages/airflow/example_dags/example_params_trigger_ui.py
[2025-02-16T16:43:44.939+0700] {processor.py:925} INFO - DAG(s) 'example_params_trigger_ui' retrieved from /home/dataengineer/.pyenv/versions/3.9.21/lib/python3.9/site-packages/airflow/example_dags/example_params_trigger_ui.py
[2025-02-16T16:43:44.981+0700] {logging_mixin.py:190} INFO - [2025-02-16T16:43:44.981+0700] {dag.py:3239} INFO - Sync 1 DAGs
[2025-02-16T16:43:44.993+0700] {logging_mixin.py:190} INFO - [2025-02-16T16:43:44.993+0700] {dag.py:4180} INFO - Setting next_dagrun for example_params_trigger_ui to None, run_after=None
[2025-02-16T16:43:45.015+0700] {processor.py:208} INFO - Processing /home/dataengineer/.pyenv/versions/3.9.21/lib/python3.9/site-packages/airflow/example_dags/example_params_trigger_ui.py took 0.101 seconds
[2025-02-16T16:44:56.032+0700] {processor.py:186} INFO - Started process (PID=38776) to work on /home/dataengineer/.pyenv/versions/3.9.21/lib/python3.9/site-packages/airflow/example_dags/example_params_trigger_ui.py
[2025-02-16T16:44:56.033+0700] {processor.py:914} INFO - Processing file /home/dataengineer/.pyenv/versions/3.9.21/lib/python3.9/site-packages/airflow/example_dags/example_params_trigger_ui.py for tasks to queue
[2025-02-16T16:44:56.034+0700] {logging_mixin.py:190} INFO - [2025-02-16T16:44:56.034+0700] {dagbag.py:588} INFO - Filling up the DagBag from /home/dataengineer/.pyenv/versions/3.9.21/lib/python3.9/site-packages/airflow/example_dags/example_params_trigger_ui.py
[2025-02-16T16:44:56.047+0700] {processor.py:925} INFO - DAG(s) 'example_params_trigger_ui' retrieved from /home/dataengineer/.pyenv/versions/3.9.21/lib/python3.9/site-packages/airflow/example_dags/example_params_trigger_ui.py
[2025-02-16T16:44:56.092+0700] {logging_mixin.py:190} INFO - [2025-02-16T16:44:56.091+0700] {dag.py:3239} INFO - Sync 1 DAGs
[2025-02-16T16:44:56.104+0700] {logging_mixin.py:190} INFO - [2025-02-16T16:44:56.104+0700] {dag.py:4180} INFO - Setting next_dagrun for example_params_trigger_ui to None, run_after=None
[2025-02-16T16:44:56.124+0700] {processor.py:208} INFO - Processing /home/dataengineer/.pyenv/versions/3.9.21/lib/python3.9/site-packages/airflow/example_dags/example_params_trigger_ui.py took 0.099 seconds
[2025-02-16T16:46:03.780+0700] {processor.py:186} INFO - Started process (PID=39091) to work on /home/dataengineer/.pyenv/versions/3.9.21/lib/python3.9/site-packages/airflow/example_dags/example_params_trigger_ui.py
[2025-02-16T16:46:03.782+0700] {processor.py:914} INFO - Processing file /home/dataengineer/.pyenv/versions/3.9.21/lib/python3.9/site-packages/airflow/example_dags/example_params_trigger_ui.py for tasks to queue
[2025-02-16T16:46:03.783+0700] {logging_mixin.py:190} INFO - [2025-02-16T16:46:03.783+0700] {dagbag.py:588} INFO - Filling up the DagBag from /home/dataengineer/.pyenv/versions/3.9.21/lib/python3.9/site-packages/airflow/example_dags/example_params_trigger_ui.py
[2025-02-16T16:46:03.795+0700] {processor.py:925} INFO - DAG(s) 'example_params_trigger_ui' retrieved from /home/dataengineer/.pyenv/versions/3.9.21/lib/python3.9/site-packages/airflow/example_dags/example_params_trigger_ui.py
[2025-02-16T16:46:03.836+0700] {logging_mixin.py:190} INFO - [2025-02-16T16:46:03.836+0700] {dag.py:3239} INFO - Sync 1 DAGs
[2025-02-16T16:46:03.849+0700] {logging_mixin.py:190} INFO - [2025-02-16T16:46:03.848+0700] {dag.py:4180} INFO - Setting next_dagrun for example_params_trigger_ui to None, run_after=None
[2025-02-16T16:46:03.868+0700] {processor.py:208} INFO - Processing /home/dataengineer/.pyenv/versions/3.9.21/lib/python3.9/site-packages/airflow/example_dags/example_params_trigger_ui.py took 0.093 seconds
[2025-02-16T16:47:13.614+0700] {processor.py:186} INFO - Started process (PID=39388) to work on /home/dataengineer/.pyenv/versions/3.9.21/lib/python3.9/site-packages/airflow/example_dags/example_params_trigger_ui.py
[2025-02-16T16:47:13.615+0700] {processor.py:914} INFO - Processing file /home/dataengineer/.pyenv/versions/3.9.21/lib/python3.9/site-packages/airflow/example_dags/example_params_trigger_ui.py for tasks to queue
[2025-02-16T16:47:13.616+0700] {logging_mixin.py:190} INFO - [2025-02-16T16:47:13.616+0700] {dagbag.py:588} INFO - Filling up the DagBag from /home/dataengineer/.pyenv/versions/3.9.21/lib/python3.9/site-packages/airflow/example_dags/example_params_trigger_ui.py
[2025-02-16T16:47:13.628+0700] {processor.py:925} INFO - DAG(s) 'example_params_trigger_ui' retrieved from /home/dataengineer/.pyenv/versions/3.9.21/lib/python3.9/site-packages/airflow/example_dags/example_params_trigger_ui.py
[2025-02-16T16:47:13.670+0700] {logging_mixin.py:190} INFO - [2025-02-16T16:47:13.670+0700] {dag.py:3239} INFO - Sync 1 DAGs
[2025-02-16T16:47:13.682+0700] {logging_mixin.py:190} INFO - [2025-02-16T16:47:13.681+0700] {dag.py:4180} INFO - Setting next_dagrun for example_params_trigger_ui to None, run_after=None
[2025-02-16T16:47:13.701+0700] {processor.py:208} INFO - Processing /home/dataengineer/.pyenv/versions/3.9.21/lib/python3.9/site-packages/airflow/example_dags/example_params_trigger_ui.py took 0.093 seconds
[2025-02-16T16:48:24.560+0700] {processor.py:186} INFO - Started process (PID=39718) to work on /home/dataengineer/.pyenv/versions/3.9.21/lib/python3.9/site-packages/airflow/example_dags/example_params_trigger_ui.py
[2025-02-16T16:48:24.562+0700] {processor.py:914} INFO - Processing file /home/dataengineer/.pyenv/versions/3.9.21/lib/python3.9/site-packages/airflow/example_dags/example_params_trigger_ui.py for tasks to queue
[2025-02-16T16:48:24.564+0700] {logging_mixin.py:190} INFO - [2025-02-16T16:48:24.563+0700] {dagbag.py:588} INFO - Filling up the DagBag from /home/dataengineer/.pyenv/versions/3.9.21/lib/python3.9/site-packages/airflow/example_dags/example_params_trigger_ui.py
[2025-02-16T16:48:24.575+0700] {processor.py:925} INFO - DAG(s) 'example_params_trigger_ui' retrieved from /home/dataengineer/.pyenv/versions/3.9.21/lib/python3.9/site-packages/airflow/example_dags/example_params_trigger_ui.py
[2025-02-16T16:48:24.616+0700] {logging_mixin.py:190} INFO - [2025-02-16T16:48:24.616+0700] {dag.py:3239} INFO - Sync 1 DAGs
[2025-02-16T16:48:24.627+0700] {logging_mixin.py:190} INFO - [2025-02-16T16:48:24.627+0700] {dag.py:4180} INFO - Setting next_dagrun for example_params_trigger_ui to None, run_after=None
[2025-02-16T16:48:24.647+0700] {processor.py:208} INFO - Processing /home/dataengineer/.pyenv/versions/3.9.21/lib/python3.9/site-packages/airflow/example_dags/example_params_trigger_ui.py took 0.092 seconds
[2025-02-16T16:49:39.665+0700] {processor.py:186} INFO - Started process (PID=40115) to work on /home/dataengineer/.pyenv/versions/3.9.21/lib/python3.9/site-packages/airflow/example_dags/example_params_trigger_ui.py
[2025-02-16T16:49:39.667+0700] {processor.py:914} INFO - Processing file /home/dataengineer/.pyenv/versions/3.9.21/lib/python3.9/site-packages/airflow/example_dags/example_params_trigger_ui.py for tasks to queue
[2025-02-16T16:49:39.669+0700] {logging_mixin.py:190} INFO - [2025-02-16T16:49:39.668+0700] {dagbag.py:588} INFO - Filling up the DagBag from /home/dataengineer/.pyenv/versions/3.9.21/lib/python3.9/site-packages/airflow/example_dags/example_params_trigger_ui.py
[2025-02-16T16:49:39.683+0700] {processor.py:925} INFO - DAG(s) 'example_params_trigger_ui' retrieved from /home/dataengineer/.pyenv/versions/3.9.21/lib/python3.9/site-packages/airflow/example_dags/example_params_trigger_ui.py
[2025-02-16T16:49:39.729+0700] {logging_mixin.py:190} INFO - [2025-02-16T16:49:39.729+0700] {dag.py:3239} INFO - Sync 1 DAGs
[2025-02-16T16:49:39.746+0700] {logging_mixin.py:190} INFO - [2025-02-16T16:49:39.746+0700] {dag.py:4180} INFO - Setting next_dagrun for example_params_trigger_ui to None, run_after=None
[2025-02-16T16:49:39.770+0700] {processor.py:208} INFO - Processing /home/dataengineer/.pyenv/versions/3.9.21/lib/python3.9/site-packages/airflow/example_dags/example_params_trigger_ui.py took 0.111 seconds
[2025-02-16T16:50:51.845+0700] {processor.py:186} INFO - Started process (PID=40450) to work on /home/dataengineer/.pyenv/versions/3.9.21/lib/python3.9/site-packages/airflow/example_dags/example_params_trigger_ui.py
[2025-02-16T16:50:51.846+0700] {processor.py:914} INFO - Processing file /home/dataengineer/.pyenv/versions/3.9.21/lib/python3.9/site-packages/airflow/example_dags/example_params_trigger_ui.py for tasks to queue
[2025-02-16T16:50:51.848+0700] {logging_mixin.py:190} INFO - [2025-02-16T16:50:51.847+0700] {dagbag.py:588} INFO - Filling up the DagBag from /home/dataengineer/.pyenv/versions/3.9.21/lib/python3.9/site-packages/airflow/example_dags/example_params_trigger_ui.py
[2025-02-16T16:50:51.860+0700] {processor.py:925} INFO - DAG(s) 'example_params_trigger_ui' retrieved from /home/dataengineer/.pyenv/versions/3.9.21/lib/python3.9/site-packages/airflow/example_dags/example_params_trigger_ui.py
[2025-02-16T16:50:51.903+0700] {logging_mixin.py:190} INFO - [2025-02-16T16:50:51.903+0700] {dag.py:3239} INFO - Sync 1 DAGs
[2025-02-16T16:50:51.916+0700] {logging_mixin.py:190} INFO - [2025-02-16T16:50:51.915+0700] {dag.py:4180} INFO - Setting next_dagrun for example_params_trigger_ui to None, run_after=None
[2025-02-16T16:50:51.936+0700] {processor.py:208} INFO - Processing /home/dataengineer/.pyenv/versions/3.9.21/lib/python3.9/site-packages/airflow/example_dags/example_params_trigger_ui.py took 0.096 seconds
[2025-02-16T16:51:42.829+0700] {processor.py:186} INFO - Started process (PID=40662) to work on /home/dataengineer/.pyenv/versions/3.9.21/lib/python3.9/site-packages/airflow/example_dags/example_params_trigger_ui.py
[2025-02-16T16:51:42.831+0700] {processor.py:914} INFO - Processing file /home/dataengineer/.pyenv/versions/3.9.21/lib/python3.9/site-packages/airflow/example_dags/example_params_trigger_ui.py for tasks to queue
[2025-02-16T16:51:42.832+0700] {logging_mixin.py:190} INFO - [2025-02-16T16:51:42.832+0700] {dagbag.py:588} INFO - Filling up the DagBag from /home/dataengineer/.pyenv/versions/3.9.21/lib/python3.9/site-packages/airflow/example_dags/example_params_trigger_ui.py
[2025-02-16T16:51:42.844+0700] {processor.py:925} INFO - DAG(s) 'example_params_trigger_ui' retrieved from /home/dataengineer/.pyenv/versions/3.9.21/lib/python3.9/site-packages/airflow/example_dags/example_params_trigger_ui.py
[2025-02-16T16:51:42.888+0700] {logging_mixin.py:190} INFO - [2025-02-16T16:51:42.888+0700] {dag.py:3239} INFO - Sync 1 DAGs
[2025-02-16T16:51:42.900+0700] {logging_mixin.py:190} INFO - [2025-02-16T16:51:42.900+0700] {dag.py:4180} INFO - Setting next_dagrun for example_params_trigger_ui to None, run_after=None
[2025-02-16T16:51:42.921+0700] {processor.py:208} INFO - Processing /home/dataengineer/.pyenv/versions/3.9.21/lib/python3.9/site-packages/airflow/example_dags/example_params_trigger_ui.py took 0.097 seconds
[2025-02-16T16:52:50.854+0700] {processor.py:186} INFO - Started process (PID=40952) to work on /home/dataengineer/.pyenv/versions/3.9.21/lib/python3.9/site-packages/airflow/example_dags/example_params_trigger_ui.py
[2025-02-16T16:52:50.855+0700] {processor.py:914} INFO - Processing file /home/dataengineer/.pyenv/versions/3.9.21/lib/python3.9/site-packages/airflow/example_dags/example_params_trigger_ui.py for tasks to queue
[2025-02-16T16:52:50.856+0700] {logging_mixin.py:190} INFO - [2025-02-16T16:52:50.856+0700] {dagbag.py:588} INFO - Filling up the DagBag from /home/dataengineer/.pyenv/versions/3.9.21/lib/python3.9/site-packages/airflow/example_dags/example_params_trigger_ui.py
[2025-02-16T16:52:50.868+0700] {processor.py:925} INFO - DAG(s) 'example_params_trigger_ui' retrieved from /home/dataengineer/.pyenv/versions/3.9.21/lib/python3.9/site-packages/airflow/example_dags/example_params_trigger_ui.py
[2025-02-16T16:52:50.909+0700] {logging_mixin.py:190} INFO - [2025-02-16T16:52:50.908+0700] {dag.py:3239} INFO - Sync 1 DAGs
[2025-02-16T16:52:50.920+0700] {logging_mixin.py:190} INFO - [2025-02-16T16:52:50.920+0700] {dag.py:4180} INFO - Setting next_dagrun for example_params_trigger_ui to None, run_after=None
[2025-02-16T16:52:50.940+0700] {processor.py:208} INFO - Processing /home/dataengineer/.pyenv/versions/3.9.21/lib/python3.9/site-packages/airflow/example_dags/example_params_trigger_ui.py took 0.092 seconds
[2025-02-16T16:53:42.503+0700] {processor.py:186} INFO - Started process (PID=41192) to work on /home/dataengineer/.pyenv/versions/3.9.21/lib/python3.9/site-packages/airflow/example_dags/example_params_trigger_ui.py
[2025-02-16T16:53:42.504+0700] {processor.py:914} INFO - Processing file /home/dataengineer/.pyenv/versions/3.9.21/lib/python3.9/site-packages/airflow/example_dags/example_params_trigger_ui.py for tasks to queue
[2025-02-16T16:53:42.506+0700] {logging_mixin.py:190} INFO - [2025-02-16T16:53:42.505+0700] {dagbag.py:588} INFO - Filling up the DagBag from /home/dataengineer/.pyenv/versions/3.9.21/lib/python3.9/site-packages/airflow/example_dags/example_params_trigger_ui.py
[2025-02-16T16:53:42.520+0700] {processor.py:925} INFO - DAG(s) 'example_params_trigger_ui' retrieved from /home/dataengineer/.pyenv/versions/3.9.21/lib/python3.9/site-packages/airflow/example_dags/example_params_trigger_ui.py
[2025-02-16T16:53:42.570+0700] {logging_mixin.py:190} INFO - [2025-02-16T16:53:42.569+0700] {dag.py:3239} INFO - Sync 1 DAGs
[2025-02-16T16:53:42.583+0700] {logging_mixin.py:190} INFO - [2025-02-16T16:53:42.583+0700] {dag.py:4180} INFO - Setting next_dagrun for example_params_trigger_ui to None, run_after=None
[2025-02-16T16:53:42.607+0700] {processor.py:208} INFO - Processing /home/dataengineer/.pyenv/versions/3.9.21/lib/python3.9/site-packages/airflow/example_dags/example_params_trigger_ui.py took 0.112 seconds
[2025-02-16T16:54:33.430+0700] {processor.py:186} INFO - Started process (PID=41408) to work on /home/dataengineer/.pyenv/versions/3.9.21/lib/python3.9/site-packages/airflow/example_dags/example_params_trigger_ui.py
[2025-02-16T16:54:33.431+0700] {processor.py:914} INFO - Processing file /home/dataengineer/.pyenv/versions/3.9.21/lib/python3.9/site-packages/airflow/example_dags/example_params_trigger_ui.py for tasks to queue
[2025-02-16T16:54:33.432+0700] {logging_mixin.py:190} INFO - [2025-02-16T16:54:33.432+0700] {dagbag.py:588} INFO - Filling up the DagBag from /home/dataengineer/.pyenv/versions/3.9.21/lib/python3.9/site-packages/airflow/example_dags/example_params_trigger_ui.py
[2025-02-16T16:54:33.445+0700] {processor.py:925} INFO - DAG(s) 'example_params_trigger_ui' retrieved from /home/dataengineer/.pyenv/versions/3.9.21/lib/python3.9/site-packages/airflow/example_dags/example_params_trigger_ui.py
[2025-02-16T16:54:33.492+0700] {logging_mixin.py:190} INFO - [2025-02-16T16:54:33.492+0700] {dag.py:3239} INFO - Sync 1 DAGs
[2025-02-16T16:54:33.506+0700] {logging_mixin.py:190} INFO - [2025-02-16T16:54:33.505+0700] {dag.py:4180} INFO - Setting next_dagrun for example_params_trigger_ui to None, run_after=None
[2025-02-16T16:54:33.529+0700] {processor.py:208} INFO - Processing /home/dataengineer/.pyenv/versions/3.9.21/lib/python3.9/site-packages/airflow/example_dags/example_params_trigger_ui.py took 0.105 seconds
[2025-02-16T16:55:47.694+0700] {processor.py:186} INFO - Started process (PID=41749) to work on /home/dataengineer/.pyenv/versions/3.9.21/lib/python3.9/site-packages/airflow/example_dags/example_params_trigger_ui.py
[2025-02-16T16:55:47.696+0700] {processor.py:914} INFO - Processing file /home/dataengineer/.pyenv/versions/3.9.21/lib/python3.9/site-packages/airflow/example_dags/example_params_trigger_ui.py for tasks to queue
[2025-02-16T16:55:47.697+0700] {logging_mixin.py:190} INFO - [2025-02-16T16:55:47.697+0700] {dagbag.py:588} INFO - Filling up the DagBag from /home/dataengineer/.pyenv/versions/3.9.21/lib/python3.9/site-packages/airflow/example_dags/example_params_trigger_ui.py
[2025-02-16T16:55:47.709+0700] {processor.py:925} INFO - DAG(s) 'example_params_trigger_ui' retrieved from /home/dataengineer/.pyenv/versions/3.9.21/lib/python3.9/site-packages/airflow/example_dags/example_params_trigger_ui.py
[2025-02-16T16:55:47.753+0700] {logging_mixin.py:190} INFO - [2025-02-16T16:55:47.752+0700] {dag.py:3239} INFO - Sync 1 DAGs
[2025-02-16T16:55:47.765+0700] {logging_mixin.py:190} INFO - [2025-02-16T16:55:47.765+0700] {dag.py:4180} INFO - Setting next_dagrun for example_params_trigger_ui to None, run_after=None
[2025-02-16T16:55:47.786+0700] {processor.py:208} INFO - Processing /home/dataengineer/.pyenv/versions/3.9.21/lib/python3.9/site-packages/airflow/example_dags/example_params_trigger_ui.py took 0.098 seconds
[2025-02-16T16:56:56.731+0700] {processor.py:186} INFO - Started process (PID=42238) to work on /home/dataengineer/.pyenv/versions/3.9.21/lib/python3.9/site-packages/airflow/example_dags/example_params_trigger_ui.py
[2025-02-16T16:56:56.732+0700] {processor.py:914} INFO - Processing file /home/dataengineer/.pyenv/versions/3.9.21/lib/python3.9/site-packages/airflow/example_dags/example_params_trigger_ui.py for tasks to queue
[2025-02-16T16:56:56.734+0700] {logging_mixin.py:190} INFO - [2025-02-16T16:56:56.733+0700] {dagbag.py:588} INFO - Filling up the DagBag from /home/dataengineer/.pyenv/versions/3.9.21/lib/python3.9/site-packages/airflow/example_dags/example_params_trigger_ui.py
[2025-02-16T16:56:56.747+0700] {processor.py:925} INFO - DAG(s) 'example_params_trigger_ui' retrieved from /home/dataengineer/.pyenv/versions/3.9.21/lib/python3.9/site-packages/airflow/example_dags/example_params_trigger_ui.py
[2025-02-16T16:56:56.797+0700] {logging_mixin.py:190} INFO - [2025-02-16T16:56:56.797+0700] {dag.py:3239} INFO - Sync 1 DAGs
[2025-02-16T16:56:56.812+0700] {logging_mixin.py:190} INFO - [2025-02-16T16:56:56.812+0700] {dag.py:4180} INFO - Setting next_dagrun for example_params_trigger_ui to None, run_after=None
[2025-02-16T16:56:56.836+0700] {processor.py:208} INFO - Processing /home/dataengineer/.pyenv/versions/3.9.21/lib/python3.9/site-packages/airflow/example_dags/example_params_trigger_ui.py took 0.111 seconds
[2025-02-16T16:58:10.104+0700] {processor.py:186} INFO - Started process (PID=42852) to work on /home/dataengineer/.pyenv/versions/3.9.21/lib/python3.9/site-packages/airflow/example_dags/example_params_trigger_ui.py
[2025-02-16T16:58:10.105+0700] {processor.py:914} INFO - Processing file /home/dataengineer/.pyenv/versions/3.9.21/lib/python3.9/site-packages/airflow/example_dags/example_params_trigger_ui.py for tasks to queue
[2025-02-16T16:58:10.107+0700] {logging_mixin.py:190} INFO - [2025-02-16T16:58:10.106+0700] {dagbag.py:588} INFO - Filling up the DagBag from /home/dataengineer/.pyenv/versions/3.9.21/lib/python3.9/site-packages/airflow/example_dags/example_params_trigger_ui.py
[2025-02-16T16:58:10.120+0700] {processor.py:925} INFO - DAG(s) 'example_params_trigger_ui' retrieved from /home/dataengineer/.pyenv/versions/3.9.21/lib/python3.9/site-packages/airflow/example_dags/example_params_trigger_ui.py
[2025-02-16T16:58:10.163+0700] {logging_mixin.py:190} INFO - [2025-02-16T16:58:10.163+0700] {dag.py:3239} INFO - Sync 1 DAGs
[2025-02-16T16:58:10.175+0700] {logging_mixin.py:190} INFO - [2025-02-16T16:58:10.175+0700] {dag.py:4180} INFO - Setting next_dagrun for example_params_trigger_ui to None, run_after=None
[2025-02-16T16:58:10.196+0700] {processor.py:208} INFO - Processing /home/dataengineer/.pyenv/versions/3.9.21/lib/python3.9/site-packages/airflow/example_dags/example_params_trigger_ui.py took 0.098 seconds
[2025-02-16T16:59:01.883+0700] {processor.py:186} INFO - Started process (PID=43236) to work on /home/dataengineer/.pyenv/versions/3.9.21/lib/python3.9/site-packages/airflow/example_dags/example_params_trigger_ui.py
[2025-02-16T16:59:01.884+0700] {processor.py:914} INFO - Processing file /home/dataengineer/.pyenv/versions/3.9.21/lib/python3.9/site-packages/airflow/example_dags/example_params_trigger_ui.py for tasks to queue
[2025-02-16T16:59:01.885+0700] {logging_mixin.py:190} INFO - [2025-02-16T16:59:01.885+0700] {dagbag.py:588} INFO - Filling up the DagBag from /home/dataengineer/.pyenv/versions/3.9.21/lib/python3.9/site-packages/airflow/example_dags/example_params_trigger_ui.py
[2025-02-16T16:59:01.899+0700] {processor.py:925} INFO - DAG(s) 'example_params_trigger_ui' retrieved from /home/dataengineer/.pyenv/versions/3.9.21/lib/python3.9/site-packages/airflow/example_dags/example_params_trigger_ui.py
[2025-02-16T16:59:01.945+0700] {logging_mixin.py:190} INFO - [2025-02-16T16:59:01.945+0700] {dag.py:3239} INFO - Sync 1 DAGs
[2025-02-16T16:59:01.958+0700] {logging_mixin.py:190} INFO - [2025-02-16T16:59:01.958+0700] {dag.py:4180} INFO - Setting next_dagrun for example_params_trigger_ui to None, run_after=None
[2025-02-16T16:59:01.980+0700] {processor.py:208} INFO - Processing /home/dataengineer/.pyenv/versions/3.9.21/lib/python3.9/site-packages/airflow/example_dags/example_params_trigger_ui.py took 0.104 seconds
[2025-02-16T17:00:13.817+0700] {processor.py:186} INFO - Started process (PID=43610) to work on /home/dataengineer/.pyenv/versions/3.9.21/lib/python3.9/site-packages/airflow/example_dags/example_params_trigger_ui.py
[2025-02-16T17:00:13.818+0700] {processor.py:914} INFO - Processing file /home/dataengineer/.pyenv/versions/3.9.21/lib/python3.9/site-packages/airflow/example_dags/example_params_trigger_ui.py for tasks to queue
[2025-02-16T17:00:13.819+0700] {logging_mixin.py:190} INFO - [2025-02-16T17:00:13.819+0700] {dagbag.py:588} INFO - Filling up the DagBag from /home/dataengineer/.pyenv/versions/3.9.21/lib/python3.9/site-packages/airflow/example_dags/example_params_trigger_ui.py
[2025-02-16T17:00:13.831+0700] {processor.py:925} INFO - DAG(s) 'example_params_trigger_ui' retrieved from /home/dataengineer/.pyenv/versions/3.9.21/lib/python3.9/site-packages/airflow/example_dags/example_params_trigger_ui.py
[2025-02-16T17:00:13.871+0700] {logging_mixin.py:190} INFO - [2025-02-16T17:00:13.871+0700] {dag.py:3239} INFO - Sync 1 DAGs
[2025-02-16T17:00:13.882+0700] {logging_mixin.py:190} INFO - [2025-02-16T17:00:13.882+0700] {dag.py:4180} INFO - Setting next_dagrun for example_params_trigger_ui to None, run_after=None
[2025-02-16T17:00:13.901+0700] {processor.py:208} INFO - Processing /home/dataengineer/.pyenv/versions/3.9.21/lib/python3.9/site-packages/airflow/example_dags/example_params_trigger_ui.py took 0.089 seconds
