[2025-02-16T15:57:56.859+0700] {processor.py:186} INFO - Started process (PID=25529) to work on /home/dataengineer/.pyenv/versions/3.9.21/lib/python3.9/site-packages/airflow/example_dags/example_sensors.py
[2025-02-16T15:57:56.860+0700] {processor.py:914} INFO - Processing file /home/dataengineer/.pyenv/versions/3.9.21/lib/python3.9/site-packages/airflow/example_dags/example_sensors.py for tasks to queue
[2025-02-16T15:57:56.861+0700] {logging_mixin.py:190} INFO - [2025-02-16T15:57:56.861+0700] {dagbag.py:588} INFO - Filling up the DagBag from /home/dataengineer/.pyenv/versions/3.9.21/lib/python3.9/site-packages/airflow/example_dags/example_sensors.py
[2025-02-16T15:57:56.874+0700] {processor.py:925} INFO - DAG(s) 'example_sensors' retrieved from /home/dataengineer/.pyenv/versions/3.9.21/lib/python3.9/site-packages/airflow/example_dags/example_sensors.py
[2025-02-16T15:57:56.897+0700] {logging_mixin.py:190} INFO - [2025-02-16T15:57:56.897+0700] {dag.py:3239} INFO - Sync 1 DAGs
[2025-02-16T15:57:56.912+0700] {logging_mixin.py:190} INFO - [2025-02-16T15:57:56.911+0700] {dag.py:4180} INFO - Setting next_dagrun for example_sensors to None, run_after=None
[2025-02-16T15:57:56.934+0700] {processor.py:208} INFO - Processing /home/dataengineer/.pyenv/versions/3.9.21/lib/python3.9/site-packages/airflow/example_dags/example_sensors.py took 0.081 seconds
[2025-02-16T15:58:52.085+0700] {processor.py:186} INFO - Started process (PID=25760) to work on /home/dataengineer/.pyenv/versions/3.9.21/lib/python3.9/site-packages/airflow/example_dags/example_sensors.py
[2025-02-16T15:58:52.086+0700] {processor.py:914} INFO - Processing file /home/dataengineer/.pyenv/versions/3.9.21/lib/python3.9/site-packages/airflow/example_dags/example_sensors.py for tasks to queue
[2025-02-16T15:58:52.087+0700] {logging_mixin.py:190} INFO - [2025-02-16T15:58:52.087+0700] {dagbag.py:588} INFO - Filling up the DagBag from /home/dataengineer/.pyenv/versions/3.9.21/lib/python3.9/site-packages/airflow/example_dags/example_sensors.py
[2025-02-16T15:58:52.100+0700] {processor.py:925} INFO - DAG(s) 'example_sensors' retrieved from /home/dataengineer/.pyenv/versions/3.9.21/lib/python3.9/site-packages/airflow/example_dags/example_sensors.py
[2025-02-16T15:58:52.121+0700] {logging_mixin.py:190} INFO - [2025-02-16T15:58:52.121+0700] {dag.py:3239} INFO - Sync 1 DAGs
[2025-02-16T15:58:52.134+0700] {logging_mixin.py:190} INFO - [2025-02-16T15:58:52.134+0700] {dag.py:4180} INFO - Setting next_dagrun for example_sensors to None, run_after=None
[2025-02-16T15:58:52.155+0700] {processor.py:208} INFO - Processing /home/dataengineer/.pyenv/versions/3.9.21/lib/python3.9/site-packages/airflow/example_dags/example_sensors.py took 0.077 seconds
[2025-02-16T15:59:47.097+0700] {processor.py:186} INFO - Started process (PID=26069) to work on /home/dataengineer/.pyenv/versions/3.9.21/lib/python3.9/site-packages/airflow/example_dags/example_sensors.py
[2025-02-16T15:59:47.099+0700] {processor.py:914} INFO - Processing file /home/dataengineer/.pyenv/versions/3.9.21/lib/python3.9/site-packages/airflow/example_dags/example_sensors.py for tasks to queue
[2025-02-16T15:59:47.102+0700] {logging_mixin.py:190} INFO - [2025-02-16T15:59:47.101+0700] {dagbag.py:588} INFO - Filling up the DagBag from /home/dataengineer/.pyenv/versions/3.9.21/lib/python3.9/site-packages/airflow/example_dags/example_sensors.py
[2025-02-16T15:59:47.122+0700] {processor.py:925} INFO - DAG(s) 'example_sensors' retrieved from /home/dataengineer/.pyenv/versions/3.9.21/lib/python3.9/site-packages/airflow/example_dags/example_sensors.py
[2025-02-16T15:59:47.150+0700] {logging_mixin.py:190} INFO - [2025-02-16T15:59:47.150+0700] {dag.py:3239} INFO - Sync 1 DAGs
[2025-02-16T15:59:47.163+0700] {logging_mixin.py:190} INFO - [2025-02-16T15:59:47.162+0700] {dag.py:4180} INFO - Setting next_dagrun for example_sensors to None, run_after=None
[2025-02-16T15:59:47.184+0700] {processor.py:208} INFO - Processing /home/dataengineer/.pyenv/versions/3.9.21/lib/python3.9/site-packages/airflow/example_dags/example_sensors.py took 0.093 seconds
[2025-02-16T16:01:00.065+0700] {processor.py:186} INFO - Started process (PID=26376) to work on /home/dataengineer/.pyenv/versions/3.9.21/lib/python3.9/site-packages/airflow/example_dags/example_sensors.py
[2025-02-16T16:01:00.066+0700] {processor.py:914} INFO - Processing file /home/dataengineer/.pyenv/versions/3.9.21/lib/python3.9/site-packages/airflow/example_dags/example_sensors.py for tasks to queue
[2025-02-16T16:01:00.068+0700] {logging_mixin.py:190} INFO - [2025-02-16T16:01:00.067+0700] {dagbag.py:588} INFO - Filling up the DagBag from /home/dataengineer/.pyenv/versions/3.9.21/lib/python3.9/site-packages/airflow/example_dags/example_sensors.py
[2025-02-16T16:01:00.080+0700] {processor.py:925} INFO - DAG(s) 'example_sensors' retrieved from /home/dataengineer/.pyenv/versions/3.9.21/lib/python3.9/site-packages/airflow/example_dags/example_sensors.py
[2025-02-16T16:01:00.101+0700] {logging_mixin.py:190} INFO - [2025-02-16T16:01:00.100+0700] {dag.py:3239} INFO - Sync 1 DAGs
[2025-02-16T16:01:00.114+0700] {logging_mixin.py:190} INFO - [2025-02-16T16:01:00.114+0700] {dag.py:4180} INFO - Setting next_dagrun for example_sensors to None, run_after=None
[2025-02-16T16:01:00.135+0700] {processor.py:208} INFO - Processing /home/dataengineer/.pyenv/versions/3.9.21/lib/python3.9/site-packages/airflow/example_dags/example_sensors.py took 0.077 seconds
[2025-02-16T16:01:53.258+0700] {processor.py:186} INFO - Started process (PID=26802) to work on /home/dataengineer/.pyenv/versions/3.9.21/lib/python3.9/site-packages/airflow/example_dags/example_sensors.py
[2025-02-16T16:01:53.259+0700] {processor.py:914} INFO - Processing file /home/dataengineer/.pyenv/versions/3.9.21/lib/python3.9/site-packages/airflow/example_dags/example_sensors.py for tasks to queue
[2025-02-16T16:01:53.260+0700] {logging_mixin.py:190} INFO - [2025-02-16T16:01:53.260+0700] {dagbag.py:588} INFO - Filling up the DagBag from /home/dataengineer/.pyenv/versions/3.9.21/lib/python3.9/site-packages/airflow/example_dags/example_sensors.py
[2025-02-16T16:01:53.273+0700] {processor.py:925} INFO - DAG(s) 'example_sensors' retrieved from /home/dataengineer/.pyenv/versions/3.9.21/lib/python3.9/site-packages/airflow/example_dags/example_sensors.py
[2025-02-16T16:01:53.298+0700] {logging_mixin.py:190} INFO - [2025-02-16T16:01:53.297+0700] {dag.py:3239} INFO - Sync 1 DAGs
[2025-02-16T16:01:53.309+0700] {logging_mixin.py:190} INFO - [2025-02-16T16:01:53.309+0700] {dag.py:4180} INFO - Setting next_dagrun for example_sensors to None, run_after=None
[2025-02-16T16:01:53.328+0700] {processor.py:208} INFO - Processing /home/dataengineer/.pyenv/versions/3.9.21/lib/python3.9/site-packages/airflow/example_dags/example_sensors.py took 0.077 seconds
[2025-02-16T16:02:52.410+0700] {processor.py:186} INFO - Started process (PID=27195) to work on /home/dataengineer/.pyenv/versions/3.9.21/lib/python3.9/site-packages/airflow/example_dags/example_sensors.py
[2025-02-16T16:02:52.411+0700] {processor.py:914} INFO - Processing file /home/dataengineer/.pyenv/versions/3.9.21/lib/python3.9/site-packages/airflow/example_dags/example_sensors.py for tasks to queue
[2025-02-16T16:02:52.413+0700] {logging_mixin.py:190} INFO - [2025-02-16T16:02:52.412+0700] {dagbag.py:588} INFO - Filling up the DagBag from /home/dataengineer/.pyenv/versions/3.9.21/lib/python3.9/site-packages/airflow/example_dags/example_sensors.py
[2025-02-16T16:02:52.424+0700] {processor.py:925} INFO - DAG(s) 'example_sensors' retrieved from /home/dataengineer/.pyenv/versions/3.9.21/lib/python3.9/site-packages/airflow/example_dags/example_sensors.py
[2025-02-16T16:02:52.443+0700] {logging_mixin.py:190} INFO - [2025-02-16T16:02:52.443+0700] {dag.py:3239} INFO - Sync 1 DAGs
[2025-02-16T16:02:52.454+0700] {logging_mixin.py:190} INFO - [2025-02-16T16:02:52.454+0700] {dag.py:4180} INFO - Setting next_dagrun for example_sensors to None, run_after=None
[2025-02-16T16:02:52.473+0700] {processor.py:208} INFO - Processing /home/dataengineer/.pyenv/versions/3.9.21/lib/python3.9/site-packages/airflow/example_dags/example_sensors.py took 0.068 seconds
[2025-02-16T16:03:41.166+0700] {processor.py:186} INFO - Started process (PID=27400) to work on /home/dataengineer/.pyenv/versions/3.9.21/lib/python3.9/site-packages/airflow/example_dags/example_sensors.py
[2025-02-16T16:03:41.167+0700] {processor.py:914} INFO - Processing file /home/dataengineer/.pyenv/versions/3.9.21/lib/python3.9/site-packages/airflow/example_dags/example_sensors.py for tasks to queue
[2025-02-16T16:03:41.168+0700] {logging_mixin.py:190} INFO - [2025-02-16T16:03:41.168+0700] {dagbag.py:588} INFO - Filling up the DagBag from /home/dataengineer/.pyenv/versions/3.9.21/lib/python3.9/site-packages/airflow/example_dags/example_sensors.py
[2025-02-16T16:03:41.180+0700] {processor.py:925} INFO - DAG(s) 'example_sensors' retrieved from /home/dataengineer/.pyenv/versions/3.9.21/lib/python3.9/site-packages/airflow/example_dags/example_sensors.py
[2025-02-16T16:03:41.201+0700] {logging_mixin.py:190} INFO - [2025-02-16T16:03:41.201+0700] {dag.py:3239} INFO - Sync 1 DAGs
[2025-02-16T16:03:41.213+0700] {logging_mixin.py:190} INFO - [2025-02-16T16:03:41.212+0700] {dag.py:4180} INFO - Setting next_dagrun for example_sensors to None, run_after=None
[2025-02-16T16:03:41.233+0700] {processor.py:208} INFO - Processing /home/dataengineer/.pyenv/versions/3.9.21/lib/python3.9/site-packages/airflow/example_dags/example_sensors.py took 0.073 seconds
[2025-02-16T16:04:34.587+0700] {processor.py:186} INFO - Started process (PID=27623) to work on /home/dataengineer/.pyenv/versions/3.9.21/lib/python3.9/site-packages/airflow/example_dags/example_sensors.py
[2025-02-16T16:04:34.588+0700] {processor.py:914} INFO - Processing file /home/dataengineer/.pyenv/versions/3.9.21/lib/python3.9/site-packages/airflow/example_dags/example_sensors.py for tasks to queue
[2025-02-16T16:04:34.590+0700] {logging_mixin.py:190} INFO - [2025-02-16T16:04:34.589+0700] {dagbag.py:588} INFO - Filling up the DagBag from /home/dataengineer/.pyenv/versions/3.9.21/lib/python3.9/site-packages/airflow/example_dags/example_sensors.py
[2025-02-16T16:04:34.602+0700] {processor.py:925} INFO - DAG(s) 'example_sensors' retrieved from /home/dataengineer/.pyenv/versions/3.9.21/lib/python3.9/site-packages/airflow/example_dags/example_sensors.py
[2025-02-16T16:04:34.622+0700] {logging_mixin.py:190} INFO - [2025-02-16T16:04:34.622+0700] {dag.py:3239} INFO - Sync 1 DAGs
[2025-02-16T16:04:34.634+0700] {logging_mixin.py:190} INFO - [2025-02-16T16:04:34.634+0700] {dag.py:4180} INFO - Setting next_dagrun for example_sensors to None, run_after=None
[2025-02-16T16:04:34.654+0700] {processor.py:208} INFO - Processing /home/dataengineer/.pyenv/versions/3.9.21/lib/python3.9/site-packages/airflow/example_dags/example_sensors.py took 0.072 seconds
[2025-02-16T16:05:48.363+0700] {processor.py:186} INFO - Started process (PID=27935) to work on /home/dataengineer/.pyenv/versions/3.9.21/lib/python3.9/site-packages/airflow/example_dags/example_sensors.py
[2025-02-16T16:05:48.365+0700] {processor.py:914} INFO - Processing file /home/dataengineer/.pyenv/versions/3.9.21/lib/python3.9/site-packages/airflow/example_dags/example_sensors.py for tasks to queue
[2025-02-16T16:05:48.368+0700] {logging_mixin.py:190} INFO - [2025-02-16T16:05:48.367+0700] {dagbag.py:588} INFO - Filling up the DagBag from /home/dataengineer/.pyenv/versions/3.9.21/lib/python3.9/site-packages/airflow/example_dags/example_sensors.py
[2025-02-16T16:05:48.382+0700] {processor.py:925} INFO - DAG(s) 'example_sensors' retrieved from /home/dataengineer/.pyenv/versions/3.9.21/lib/python3.9/site-packages/airflow/example_dags/example_sensors.py
[2025-02-16T16:05:48.408+0700] {logging_mixin.py:190} INFO - [2025-02-16T16:05:48.408+0700] {dag.py:3239} INFO - Sync 1 DAGs
[2025-02-16T16:05:48.420+0700] {logging_mixin.py:190} INFO - [2025-02-16T16:05:48.420+0700] {dag.py:4180} INFO - Setting next_dagrun for example_sensors to None, run_after=None
[2025-02-16T16:05:48.445+0700] {processor.py:208} INFO - Processing /home/dataengineer/.pyenv/versions/3.9.21/lib/python3.9/site-packages/airflow/example_dags/example_sensors.py took 0.088 seconds
[2025-02-16T16:06:39.662+0700] {processor.py:186} INFO - Started process (PID=28185) to work on /home/dataengineer/.pyenv/versions/3.9.21/lib/python3.9/site-packages/airflow/example_dags/example_sensors.py
[2025-02-16T16:06:39.663+0700] {processor.py:914} INFO - Processing file /home/dataengineer/.pyenv/versions/3.9.21/lib/python3.9/site-packages/airflow/example_dags/example_sensors.py for tasks to queue
[2025-02-16T16:06:39.664+0700] {logging_mixin.py:190} INFO - [2025-02-16T16:06:39.664+0700] {dagbag.py:588} INFO - Filling up the DagBag from /home/dataengineer/.pyenv/versions/3.9.21/lib/python3.9/site-packages/airflow/example_dags/example_sensors.py
[2025-02-16T16:06:39.679+0700] {processor.py:925} INFO - DAG(s) 'example_sensors' retrieved from /home/dataengineer/.pyenv/versions/3.9.21/lib/python3.9/site-packages/airflow/example_dags/example_sensors.py
[2025-02-16T16:06:39.702+0700] {logging_mixin.py:190} INFO - [2025-02-16T16:06:39.701+0700] {dag.py:3239} INFO - Sync 1 DAGs
[2025-02-16T16:06:39.714+0700] {logging_mixin.py:190} INFO - [2025-02-16T16:06:39.714+0700] {dag.py:4180} INFO - Setting next_dagrun for example_sensors to None, run_after=None
[2025-02-16T16:06:39.735+0700] {processor.py:208} INFO - Processing /home/dataengineer/.pyenv/versions/3.9.21/lib/python3.9/site-packages/airflow/example_dags/example_sensors.py took 0.080 seconds
[2025-02-16T16:07:51.072+0700] {processor.py:186} INFO - Started process (PID=28616) to work on /home/dataengineer/.pyenv/versions/3.9.21/lib/python3.9/site-packages/airflow/example_dags/example_sensors.py
[2025-02-16T16:07:51.073+0700] {processor.py:914} INFO - Processing file /home/dataengineer/.pyenv/versions/3.9.21/lib/python3.9/site-packages/airflow/example_dags/example_sensors.py for tasks to queue
[2025-02-16T16:07:51.074+0700] {logging_mixin.py:190} INFO - [2025-02-16T16:07:51.074+0700] {dagbag.py:588} INFO - Filling up the DagBag from /home/dataengineer/.pyenv/versions/3.9.21/lib/python3.9/site-packages/airflow/example_dags/example_sensors.py
[2025-02-16T16:07:51.085+0700] {processor.py:925} INFO - DAG(s) 'example_sensors' retrieved from /home/dataengineer/.pyenv/versions/3.9.21/lib/python3.9/site-packages/airflow/example_dags/example_sensors.py
[2025-02-16T16:07:51.104+0700] {logging_mixin.py:190} INFO - [2025-02-16T16:07:51.104+0700] {dag.py:3239} INFO - Sync 1 DAGs
[2025-02-16T16:07:51.115+0700] {logging_mixin.py:190} INFO - [2025-02-16T16:07:51.115+0700] {dag.py:4180} INFO - Setting next_dagrun for example_sensors to None, run_after=None
[2025-02-16T16:07:51.134+0700] {processor.py:208} INFO - Processing /home/dataengineer/.pyenv/versions/3.9.21/lib/python3.9/site-packages/airflow/example_dags/example_sensors.py took 0.068 seconds
[2025-02-16T16:08:40.246+0700] {processor.py:186} INFO - Started process (PID=28866) to work on /home/dataengineer/.pyenv/versions/3.9.21/lib/python3.9/site-packages/airflow/example_dags/example_sensors.py
[2025-02-16T16:08:40.247+0700] {processor.py:914} INFO - Processing file /home/dataengineer/.pyenv/versions/3.9.21/lib/python3.9/site-packages/airflow/example_dags/example_sensors.py for tasks to queue
[2025-02-16T16:08:40.249+0700] {logging_mixin.py:190} INFO - [2025-02-16T16:08:40.248+0700] {dagbag.py:588} INFO - Filling up the DagBag from /home/dataengineer/.pyenv/versions/3.9.21/lib/python3.9/site-packages/airflow/example_dags/example_sensors.py
[2025-02-16T16:08:40.263+0700] {processor.py:925} INFO - DAG(s) 'example_sensors' retrieved from /home/dataengineer/.pyenv/versions/3.9.21/lib/python3.9/site-packages/airflow/example_dags/example_sensors.py
[2025-02-16T16:08:40.298+0700] {logging_mixin.py:190} INFO - [2025-02-16T16:08:40.297+0700] {dag.py:3239} INFO - Sync 1 DAGs
[2025-02-16T16:08:40.322+0700] {logging_mixin.py:190} INFO - [2025-02-16T16:08:40.322+0700] {dag.py:4180} INFO - Setting next_dagrun for example_sensors to None, run_after=None
[2025-02-16T16:08:40.400+0700] {processor.py:208} INFO - Processing /home/dataengineer/.pyenv/versions/3.9.21/lib/python3.9/site-packages/airflow/example_dags/example_sensors.py took 0.160 seconds
[2025-02-16T16:09:51.779+0700] {processor.py:186} INFO - Started process (PID=29207) to work on /home/dataengineer/.pyenv/versions/3.9.21/lib/python3.9/site-packages/airflow/example_dags/example_sensors.py
[2025-02-16T16:09:51.780+0700] {processor.py:914} INFO - Processing file /home/dataengineer/.pyenv/versions/3.9.21/lib/python3.9/site-packages/airflow/example_dags/example_sensors.py for tasks to queue
[2025-02-16T16:09:51.781+0700] {logging_mixin.py:190} INFO - [2025-02-16T16:09:51.781+0700] {dagbag.py:588} INFO - Filling up the DagBag from /home/dataengineer/.pyenv/versions/3.9.21/lib/python3.9/site-packages/airflow/example_dags/example_sensors.py
[2025-02-16T16:09:51.793+0700] {processor.py:925} INFO - DAG(s) 'example_sensors' retrieved from /home/dataengineer/.pyenv/versions/3.9.21/lib/python3.9/site-packages/airflow/example_dags/example_sensors.py
[2025-02-16T16:09:51.814+0700] {logging_mixin.py:190} INFO - [2025-02-16T16:09:51.813+0700] {dag.py:3239} INFO - Sync 1 DAGs
[2025-02-16T16:09:51.825+0700] {logging_mixin.py:190} INFO - [2025-02-16T16:09:51.825+0700] {dag.py:4180} INFO - Setting next_dagrun for example_sensors to None, run_after=None
[2025-02-16T16:09:51.844+0700] {processor.py:208} INFO - Processing /home/dataengineer/.pyenv/versions/3.9.21/lib/python3.9/site-packages/airflow/example_dags/example_sensors.py took 0.071 seconds
[2025-02-16T16:10:41.965+0700] {processor.py:186} INFO - Started process (PID=29465) to work on /home/dataengineer/.pyenv/versions/3.9.21/lib/python3.9/site-packages/airflow/example_dags/example_sensors.py
[2025-02-16T16:10:41.966+0700] {processor.py:914} INFO - Processing file /home/dataengineer/.pyenv/versions/3.9.21/lib/python3.9/site-packages/airflow/example_dags/example_sensors.py for tasks to queue
[2025-02-16T16:10:41.968+0700] {logging_mixin.py:190} INFO - [2025-02-16T16:10:41.967+0700] {dagbag.py:588} INFO - Filling up the DagBag from /home/dataengineer/.pyenv/versions/3.9.21/lib/python3.9/site-packages/airflow/example_dags/example_sensors.py
[2025-02-16T16:10:41.980+0700] {processor.py:925} INFO - DAG(s) 'example_sensors' retrieved from /home/dataengineer/.pyenv/versions/3.9.21/lib/python3.9/site-packages/airflow/example_dags/example_sensors.py
[2025-02-16T16:10:42.000+0700] {logging_mixin.py:190} INFO - [2025-02-16T16:10:42.000+0700] {dag.py:3239} INFO - Sync 1 DAGs
[2025-02-16T16:10:42.012+0700] {logging_mixin.py:190} INFO - [2025-02-16T16:10:42.011+0700] {dag.py:4180} INFO - Setting next_dagrun for example_sensors to None, run_after=None
[2025-02-16T16:10:42.031+0700] {processor.py:208} INFO - Processing /home/dataengineer/.pyenv/versions/3.9.21/lib/python3.9/site-packages/airflow/example_dags/example_sensors.py took 0.071 seconds
[2025-02-16T16:11:48.517+0700] {processor.py:186} INFO - Started process (PID=29745) to work on /home/dataengineer/.pyenv/versions/3.9.21/lib/python3.9/site-packages/airflow/example_dags/example_sensors.py
[2025-02-16T16:11:48.518+0700] {processor.py:914} INFO - Processing file /home/dataengineer/.pyenv/versions/3.9.21/lib/python3.9/site-packages/airflow/example_dags/example_sensors.py for tasks to queue
[2025-02-16T16:11:48.519+0700] {logging_mixin.py:190} INFO - [2025-02-16T16:11:48.519+0700] {dagbag.py:588} INFO - Filling up the DagBag from /home/dataengineer/.pyenv/versions/3.9.21/lib/python3.9/site-packages/airflow/example_dags/example_sensors.py
[2025-02-16T16:11:48.532+0700] {processor.py:925} INFO - DAG(s) 'example_sensors' retrieved from /home/dataengineer/.pyenv/versions/3.9.21/lib/python3.9/site-packages/airflow/example_dags/example_sensors.py
[2025-02-16T16:11:48.553+0700] {logging_mixin.py:190} INFO - [2025-02-16T16:11:48.552+0700] {dag.py:3239} INFO - Sync 1 DAGs
[2025-02-16T16:11:48.564+0700] {logging_mixin.py:190} INFO - [2025-02-16T16:11:48.564+0700] {dag.py:4180} INFO - Setting next_dagrun for example_sensors to None, run_after=None
[2025-02-16T16:11:48.584+0700] {processor.py:208} INFO - Processing /home/dataengineer/.pyenv/versions/3.9.21/lib/python3.9/site-packages/airflow/example_dags/example_sensors.py took 0.073 seconds
[2025-02-16T16:12:39.372+0700] {processor.py:186} INFO - Started process (PID=29950) to work on /home/dataengineer/.pyenv/versions/3.9.21/lib/python3.9/site-packages/airflow/example_dags/example_sensors.py
[2025-02-16T16:12:39.374+0700] {processor.py:914} INFO - Processing file /home/dataengineer/.pyenv/versions/3.9.21/lib/python3.9/site-packages/airflow/example_dags/example_sensors.py for tasks to queue
[2025-02-16T16:12:39.375+0700] {logging_mixin.py:190} INFO - [2025-02-16T16:12:39.374+0700] {dagbag.py:588} INFO - Filling up the DagBag from /home/dataengineer/.pyenv/versions/3.9.21/lib/python3.9/site-packages/airflow/example_dags/example_sensors.py
[2025-02-16T16:12:39.386+0700] {processor.py:925} INFO - DAG(s) 'example_sensors' retrieved from /home/dataengineer/.pyenv/versions/3.9.21/lib/python3.9/site-packages/airflow/example_dags/example_sensors.py
[2025-02-16T16:12:39.407+0700] {logging_mixin.py:190} INFO - [2025-02-16T16:12:39.406+0700] {dag.py:3239} INFO - Sync 1 DAGs
[2025-02-16T16:12:39.418+0700] {logging_mixin.py:190} INFO - [2025-02-16T16:12:39.418+0700] {dag.py:4180} INFO - Setting next_dagrun for example_sensors to None, run_after=None
[2025-02-16T16:12:39.438+0700] {processor.py:208} INFO - Processing /home/dataengineer/.pyenv/versions/3.9.21/lib/python3.9/site-packages/airflow/example_dags/example_sensors.py took 0.071 seconds
[2025-02-16T16:13:31.196+0700] {processor.py:186} INFO - Started process (PID=30170) to work on /home/dataengineer/.pyenv/versions/3.9.21/lib/python3.9/site-packages/airflow/example_dags/example_sensors.py
[2025-02-16T16:13:31.199+0700] {processor.py:914} INFO - Processing file /home/dataengineer/.pyenv/versions/3.9.21/lib/python3.9/site-packages/airflow/example_dags/example_sensors.py for tasks to queue
[2025-02-16T16:13:31.201+0700] {logging_mixin.py:190} INFO - [2025-02-16T16:13:31.200+0700] {dagbag.py:588} INFO - Filling up the DagBag from /home/dataengineer/.pyenv/versions/3.9.21/lib/python3.9/site-packages/airflow/example_dags/example_sensors.py
[2025-02-16T16:13:31.213+0700] {processor.py:925} INFO - DAG(s) 'example_sensors' retrieved from /home/dataengineer/.pyenv/versions/3.9.21/lib/python3.9/site-packages/airflow/example_dags/example_sensors.py
[2025-02-16T16:13:31.236+0700] {logging_mixin.py:190} INFO - [2025-02-16T16:13:31.235+0700] {dag.py:3239} INFO - Sync 1 DAGs
[2025-02-16T16:13:31.252+0700] {logging_mixin.py:190} INFO - [2025-02-16T16:13:31.252+0700] {dag.py:4180} INFO - Setting next_dagrun for example_sensors to None, run_after=None
[2025-02-16T16:13:31.275+0700] {processor.py:208} INFO - Processing /home/dataengineer/.pyenv/versions/3.9.21/lib/python3.9/site-packages/airflow/example_dags/example_sensors.py took 0.085 seconds
[2025-02-16T16:14:20.578+0700] {processor.py:186} INFO - Started process (PID=30375) to work on /home/dataengineer/.pyenv/versions/3.9.21/lib/python3.9/site-packages/airflow/example_dags/example_sensors.py
[2025-02-16T16:14:20.579+0700] {processor.py:914} INFO - Processing file /home/dataengineer/.pyenv/versions/3.9.21/lib/python3.9/site-packages/airflow/example_dags/example_sensors.py for tasks to queue
[2025-02-16T16:14:20.580+0700] {logging_mixin.py:190} INFO - [2025-02-16T16:14:20.580+0700] {dagbag.py:588} INFO - Filling up the DagBag from /home/dataengineer/.pyenv/versions/3.9.21/lib/python3.9/site-packages/airflow/example_dags/example_sensors.py
[2025-02-16T16:14:20.592+0700] {processor.py:925} INFO - DAG(s) 'example_sensors' retrieved from /home/dataengineer/.pyenv/versions/3.9.21/lib/python3.9/site-packages/airflow/example_dags/example_sensors.py
[2025-02-16T16:14:20.612+0700] {logging_mixin.py:190} INFO - [2025-02-16T16:14:20.612+0700] {dag.py:3239} INFO - Sync 1 DAGs
[2025-02-16T16:14:20.624+0700] {logging_mixin.py:190} INFO - [2025-02-16T16:14:20.624+0700] {dag.py:4180} INFO - Setting next_dagrun for example_sensors to None, run_after=None
[2025-02-16T16:14:20.644+0700] {processor.py:208} INFO - Processing /home/dataengineer/.pyenv/versions/3.9.21/lib/python3.9/site-packages/airflow/example_dags/example_sensors.py took 0.072 seconds
[2025-02-16T16:15:32.270+0700] {processor.py:186} INFO - Started process (PID=30677) to work on /home/dataengineer/.pyenv/versions/3.9.21/lib/python3.9/site-packages/airflow/example_dags/example_sensors.py
[2025-02-16T16:15:32.272+0700] {processor.py:914} INFO - Processing file /home/dataengineer/.pyenv/versions/3.9.21/lib/python3.9/site-packages/airflow/example_dags/example_sensors.py for tasks to queue
[2025-02-16T16:15:32.273+0700] {logging_mixin.py:190} INFO - [2025-02-16T16:15:32.272+0700] {dagbag.py:588} INFO - Filling up the DagBag from /home/dataengineer/.pyenv/versions/3.9.21/lib/python3.9/site-packages/airflow/example_dags/example_sensors.py
[2025-02-16T16:15:32.289+0700] {processor.py:925} INFO - DAG(s) 'example_sensors' retrieved from /home/dataengineer/.pyenv/versions/3.9.21/lib/python3.9/site-packages/airflow/example_dags/example_sensors.py
[2025-02-16T16:15:32.311+0700] {logging_mixin.py:190} INFO - [2025-02-16T16:15:32.311+0700] {dag.py:3239} INFO - Sync 1 DAGs
[2025-02-16T16:15:32.323+0700] {logging_mixin.py:190} INFO - [2025-02-16T16:15:32.323+0700] {dag.py:4180} INFO - Setting next_dagrun for example_sensors to None, run_after=None
[2025-02-16T16:15:32.347+0700] {processor.py:208} INFO - Processing /home/dataengineer/.pyenv/versions/3.9.21/lib/python3.9/site-packages/airflow/example_dags/example_sensors.py took 0.083 seconds
[2025-02-16T16:16:22.725+0700] {processor.py:186} INFO - Started process (PID=30888) to work on /home/dataengineer/.pyenv/versions/3.9.21/lib/python3.9/site-packages/airflow/example_dags/example_sensors.py
[2025-02-16T16:16:22.726+0700] {processor.py:914} INFO - Processing file /home/dataengineer/.pyenv/versions/3.9.21/lib/python3.9/site-packages/airflow/example_dags/example_sensors.py for tasks to queue
[2025-02-16T16:16:22.727+0700] {logging_mixin.py:190} INFO - [2025-02-16T16:16:22.727+0700] {dagbag.py:588} INFO - Filling up the DagBag from /home/dataengineer/.pyenv/versions/3.9.21/lib/python3.9/site-packages/airflow/example_dags/example_sensors.py
[2025-02-16T16:16:22.740+0700] {processor.py:925} INFO - DAG(s) 'example_sensors' retrieved from /home/dataengineer/.pyenv/versions/3.9.21/lib/python3.9/site-packages/airflow/example_dags/example_sensors.py
[2025-02-16T16:16:22.762+0700] {logging_mixin.py:190} INFO - [2025-02-16T16:16:22.761+0700] {dag.py:3239} INFO - Sync 1 DAGs
[2025-02-16T16:16:22.775+0700] {logging_mixin.py:190} INFO - [2025-02-16T16:16:22.775+0700] {dag.py:4180} INFO - Setting next_dagrun for example_sensors to None, run_after=None
[2025-02-16T16:16:22.797+0700] {processor.py:208} INFO - Processing /home/dataengineer/.pyenv/versions/3.9.21/lib/python3.9/site-packages/airflow/example_dags/example_sensors.py took 0.078 seconds
[2025-02-16T16:17:13.652+0700] {processor.py:186} INFO - Started process (PID=31103) to work on /home/dataengineer/.pyenv/versions/3.9.21/lib/python3.9/site-packages/airflow/example_dags/example_sensors.py
[2025-02-16T16:17:13.654+0700] {processor.py:914} INFO - Processing file /home/dataengineer/.pyenv/versions/3.9.21/lib/python3.9/site-packages/airflow/example_dags/example_sensors.py for tasks to queue
[2025-02-16T16:17:13.655+0700] {logging_mixin.py:190} INFO - [2025-02-16T16:17:13.655+0700] {dagbag.py:588} INFO - Filling up the DagBag from /home/dataengineer/.pyenv/versions/3.9.21/lib/python3.9/site-packages/airflow/example_dags/example_sensors.py
[2025-02-16T16:17:13.671+0700] {processor.py:925} INFO - DAG(s) 'example_sensors' retrieved from /home/dataengineer/.pyenv/versions/3.9.21/lib/python3.9/site-packages/airflow/example_dags/example_sensors.py
[2025-02-16T16:17:13.699+0700] {logging_mixin.py:190} INFO - [2025-02-16T16:17:13.699+0700] {dag.py:3239} INFO - Sync 1 DAGs
[2025-02-16T16:17:13.713+0700] {logging_mixin.py:190} INFO - [2025-02-16T16:17:13.712+0700] {dag.py:4180} INFO - Setting next_dagrun for example_sensors to None, run_after=None
[2025-02-16T16:17:13.738+0700] {processor.py:208} INFO - Processing /home/dataengineer/.pyenv/versions/3.9.21/lib/python3.9/site-packages/airflow/example_dags/example_sensors.py took 0.092 seconds
[2025-02-16T16:18:06.348+0700] {processor.py:186} INFO - Started process (PID=31316) to work on /home/dataengineer/.pyenv/versions/3.9.21/lib/python3.9/site-packages/airflow/example_dags/example_sensors.py
[2025-02-16T16:18:06.350+0700] {processor.py:914} INFO - Processing file /home/dataengineer/.pyenv/versions/3.9.21/lib/python3.9/site-packages/airflow/example_dags/example_sensors.py for tasks to queue
[2025-02-16T16:18:06.351+0700] {logging_mixin.py:190} INFO - [2025-02-16T16:18:06.350+0700] {dagbag.py:588} INFO - Filling up the DagBag from /home/dataengineer/.pyenv/versions/3.9.21/lib/python3.9/site-packages/airflow/example_dags/example_sensors.py
[2025-02-16T16:18:06.363+0700] {processor.py:925} INFO - DAG(s) 'example_sensors' retrieved from /home/dataengineer/.pyenv/versions/3.9.21/lib/python3.9/site-packages/airflow/example_dags/example_sensors.py
[2025-02-16T16:18:06.384+0700] {logging_mixin.py:190} INFO - [2025-02-16T16:18:06.383+0700] {dag.py:3239} INFO - Sync 1 DAGs
[2025-02-16T16:18:06.395+0700] {logging_mixin.py:190} INFO - [2025-02-16T16:18:06.395+0700] {dag.py:4180} INFO - Setting next_dagrun for example_sensors to None, run_after=None
[2025-02-16T16:18:06.415+0700] {processor.py:208} INFO - Processing /home/dataengineer/.pyenv/versions/3.9.21/lib/python3.9/site-packages/airflow/example_dags/example_sensors.py took 0.072 seconds
[2025-02-16T16:18:56.354+0700] {processor.py:186} INFO - Started process (PID=31528) to work on /home/dataengineer/.pyenv/versions/3.9.21/lib/python3.9/site-packages/airflow/example_dags/example_sensors.py
[2025-02-16T16:18:56.356+0700] {processor.py:914} INFO - Processing file /home/dataengineer/.pyenv/versions/3.9.21/lib/python3.9/site-packages/airflow/example_dags/example_sensors.py for tasks to queue
[2025-02-16T16:18:56.357+0700] {logging_mixin.py:190} INFO - [2025-02-16T16:18:56.357+0700] {dagbag.py:588} INFO - Filling up the DagBag from /home/dataengineer/.pyenv/versions/3.9.21/lib/python3.9/site-packages/airflow/example_dags/example_sensors.py
[2025-02-16T16:18:56.369+0700] {processor.py:925} INFO - DAG(s) 'example_sensors' retrieved from /home/dataengineer/.pyenv/versions/3.9.21/lib/python3.9/site-packages/airflow/example_dags/example_sensors.py
[2025-02-16T16:18:56.390+0700] {logging_mixin.py:190} INFO - [2025-02-16T16:18:56.390+0700] {dag.py:3239} INFO - Sync 1 DAGs
[2025-02-16T16:18:56.402+0700] {logging_mixin.py:190} INFO - [2025-02-16T16:18:56.402+0700] {dag.py:4180} INFO - Setting next_dagrun for example_sensors to None, run_after=None
[2025-02-16T16:18:56.423+0700] {processor.py:208} INFO - Processing /home/dataengineer/.pyenv/versions/3.9.21/lib/python3.9/site-packages/airflow/example_dags/example_sensors.py took 0.075 seconds
[2025-02-16T16:19:46.166+0700] {processor.py:186} INFO - Started process (PID=31741) to work on /home/dataengineer/.pyenv/versions/3.9.21/lib/python3.9/site-packages/airflow/example_dags/example_sensors.py
[2025-02-16T16:19:46.167+0700] {processor.py:914} INFO - Processing file /home/dataengineer/.pyenv/versions/3.9.21/lib/python3.9/site-packages/airflow/example_dags/example_sensors.py for tasks to queue
[2025-02-16T16:19:46.169+0700] {logging_mixin.py:190} INFO - [2025-02-16T16:19:46.168+0700] {dagbag.py:588} INFO - Filling up the DagBag from /home/dataengineer/.pyenv/versions/3.9.21/lib/python3.9/site-packages/airflow/example_dags/example_sensors.py
[2025-02-16T16:19:46.181+0700] {processor.py:925} INFO - DAG(s) 'example_sensors' retrieved from /home/dataengineer/.pyenv/versions/3.9.21/lib/python3.9/site-packages/airflow/example_dags/example_sensors.py
[2025-02-16T16:19:46.204+0700] {logging_mixin.py:190} INFO - [2025-02-16T16:19:46.203+0700] {dag.py:3239} INFO - Sync 1 DAGs
[2025-02-16T16:19:46.216+0700] {logging_mixin.py:190} INFO - [2025-02-16T16:19:46.216+0700] {dag.py:4180} INFO - Setting next_dagrun for example_sensors to None, run_after=None
[2025-02-16T16:19:46.238+0700] {processor.py:208} INFO - Processing /home/dataengineer/.pyenv/versions/3.9.21/lib/python3.9/site-packages/airflow/example_dags/example_sensors.py took 0.077 seconds
[2025-02-16T16:20:57.534+0700] {processor.py:186} INFO - Started process (PID=32040) to work on /home/dataengineer/.pyenv/versions/3.9.21/lib/python3.9/site-packages/airflow/example_dags/example_sensors.py
[2025-02-16T16:20:57.535+0700] {processor.py:914} INFO - Processing file /home/dataengineer/.pyenv/versions/3.9.21/lib/python3.9/site-packages/airflow/example_dags/example_sensors.py for tasks to queue
[2025-02-16T16:20:57.536+0700] {logging_mixin.py:190} INFO - [2025-02-16T16:20:57.536+0700] {dagbag.py:588} INFO - Filling up the DagBag from /home/dataengineer/.pyenv/versions/3.9.21/lib/python3.9/site-packages/airflow/example_dags/example_sensors.py
[2025-02-16T16:20:57.548+0700] {processor.py:925} INFO - DAG(s) 'example_sensors' retrieved from /home/dataengineer/.pyenv/versions/3.9.21/lib/python3.9/site-packages/airflow/example_dags/example_sensors.py
[2025-02-16T16:20:57.568+0700] {logging_mixin.py:190} INFO - [2025-02-16T16:20:57.568+0700] {dag.py:3239} INFO - Sync 1 DAGs
[2025-02-16T16:20:57.580+0700] {logging_mixin.py:190} INFO - [2025-02-16T16:20:57.580+0700] {dag.py:4180} INFO - Setting next_dagrun for example_sensors to None, run_after=None
[2025-02-16T16:20:57.601+0700] {processor.py:208} INFO - Processing /home/dataengineer/.pyenv/versions/3.9.21/lib/python3.9/site-packages/airflow/example_dags/example_sensors.py took 0.073 seconds
[2025-02-16T16:21:48.135+0700] {processor.py:186} INFO - Started process (PID=32245) to work on /home/dataengineer/.pyenv/versions/3.9.21/lib/python3.9/site-packages/airflow/example_dags/example_sensors.py
[2025-02-16T16:21:48.137+0700] {processor.py:914} INFO - Processing file /home/dataengineer/.pyenv/versions/3.9.21/lib/python3.9/site-packages/airflow/example_dags/example_sensors.py for tasks to queue
[2025-02-16T16:21:48.139+0700] {logging_mixin.py:190} INFO - [2025-02-16T16:21:48.138+0700] {dagbag.py:588} INFO - Filling up the DagBag from /home/dataengineer/.pyenv/versions/3.9.21/lib/python3.9/site-packages/airflow/example_dags/example_sensors.py
[2025-02-16T16:21:48.151+0700] {processor.py:925} INFO - DAG(s) 'example_sensors' retrieved from /home/dataengineer/.pyenv/versions/3.9.21/lib/python3.9/site-packages/airflow/example_dags/example_sensors.py
[2025-02-16T16:21:48.173+0700] {logging_mixin.py:190} INFO - [2025-02-16T16:21:48.172+0700] {dag.py:3239} INFO - Sync 1 DAGs
[2025-02-16T16:21:48.186+0700] {logging_mixin.py:190} INFO - [2025-02-16T16:21:48.186+0700] {dag.py:4180} INFO - Setting next_dagrun for example_sensors to None, run_after=None
[2025-02-16T16:21:48.209+0700] {processor.py:208} INFO - Processing /home/dataengineer/.pyenv/versions/3.9.21/lib/python3.9/site-packages/airflow/example_dags/example_sensors.py took 0.080 seconds
[2025-02-16T16:23:01.920+0700] {processor.py:186} INFO - Started process (PID=32555) to work on /home/dataengineer/.pyenv/versions/3.9.21/lib/python3.9/site-packages/airflow/example_dags/example_sensors.py
[2025-02-16T16:23:01.921+0700] {processor.py:914} INFO - Processing file /home/dataengineer/.pyenv/versions/3.9.21/lib/python3.9/site-packages/airflow/example_dags/example_sensors.py for tasks to queue
[2025-02-16T16:23:01.923+0700] {logging_mixin.py:190} INFO - [2025-02-16T16:23:01.922+0700] {dagbag.py:588} INFO - Filling up the DagBag from /home/dataengineer/.pyenv/versions/3.9.21/lib/python3.9/site-packages/airflow/example_dags/example_sensors.py
[2025-02-16T16:23:01.934+0700] {processor.py:925} INFO - DAG(s) 'example_sensors' retrieved from /home/dataengineer/.pyenv/versions/3.9.21/lib/python3.9/site-packages/airflow/example_dags/example_sensors.py
[2025-02-16T16:23:01.955+0700] {logging_mixin.py:190} INFO - [2025-02-16T16:23:01.954+0700] {dag.py:3239} INFO - Sync 1 DAGs
[2025-02-16T16:23:01.966+0700] {logging_mixin.py:190} INFO - [2025-02-16T16:23:01.966+0700] {dag.py:4180} INFO - Setting next_dagrun for example_sensors to None, run_after=None
[2025-02-16T16:23:01.987+0700] {processor.py:208} INFO - Processing /home/dataengineer/.pyenv/versions/3.9.21/lib/python3.9/site-packages/airflow/example_dags/example_sensors.py took 0.073 seconds
[2025-02-16T16:24:12.192+0700] {processor.py:186} INFO - Started process (PID=32853) to work on /home/dataengineer/.pyenv/versions/3.9.21/lib/python3.9/site-packages/airflow/example_dags/example_sensors.py
[2025-02-16T16:24:12.194+0700] {processor.py:914} INFO - Processing file /home/dataengineer/.pyenv/versions/3.9.21/lib/python3.9/site-packages/airflow/example_dags/example_sensors.py for tasks to queue
[2025-02-16T16:24:12.195+0700] {logging_mixin.py:190} INFO - [2025-02-16T16:24:12.195+0700] {dagbag.py:588} INFO - Filling up the DagBag from /home/dataengineer/.pyenv/versions/3.9.21/lib/python3.9/site-packages/airflow/example_dags/example_sensors.py
[2025-02-16T16:24:12.208+0700] {processor.py:925} INFO - DAG(s) 'example_sensors' retrieved from /home/dataengineer/.pyenv/versions/3.9.21/lib/python3.9/site-packages/airflow/example_dags/example_sensors.py
[2025-02-16T16:24:12.229+0700] {logging_mixin.py:190} INFO - [2025-02-16T16:24:12.229+0700] {dag.py:3239} INFO - Sync 1 DAGs
[2025-02-16T16:24:12.242+0700] {logging_mixin.py:190} INFO - [2025-02-16T16:24:12.242+0700] {dag.py:4180} INFO - Setting next_dagrun for example_sensors to None, run_after=None
[2025-02-16T16:24:12.271+0700] {processor.py:208} INFO - Processing /home/dataengineer/.pyenv/versions/3.9.21/lib/python3.9/site-packages/airflow/example_dags/example_sensors.py took 0.084 seconds
[2025-02-16T16:25:24.142+0700] {processor.py:186} INFO - Started process (PID=33153) to work on /home/dataengineer/.pyenv/versions/3.9.21/lib/python3.9/site-packages/airflow/example_dags/example_sensors.py
[2025-02-16T16:25:24.152+0700] {processor.py:914} INFO - Processing file /home/dataengineer/.pyenv/versions/3.9.21/lib/python3.9/site-packages/airflow/example_dags/example_sensors.py for tasks to queue
[2025-02-16T16:25:24.154+0700] {logging_mixin.py:190} INFO - [2025-02-16T16:25:24.153+0700] {dagbag.py:588} INFO - Filling up the DagBag from /home/dataengineer/.pyenv/versions/3.9.21/lib/python3.9/site-packages/airflow/example_dags/example_sensors.py
[2025-02-16T16:25:24.186+0700] {processor.py:925} INFO - DAG(s) 'example_sensors' retrieved from /home/dataengineer/.pyenv/versions/3.9.21/lib/python3.9/site-packages/airflow/example_dags/example_sensors.py
[2025-02-16T16:25:24.238+0700] {logging_mixin.py:190} INFO - [2025-02-16T16:25:24.237+0700] {dag.py:3239} INFO - Sync 1 DAGs
[2025-02-16T16:25:24.265+0700] {logging_mixin.py:190} INFO - [2025-02-16T16:25:24.265+0700] {dag.py:4180} INFO - Setting next_dagrun for example_sensors to None, run_after=None
[2025-02-16T16:25:24.322+0700] {processor.py:208} INFO - Processing /home/dataengineer/.pyenv/versions/3.9.21/lib/python3.9/site-packages/airflow/example_dags/example_sensors.py took 0.187 seconds
[2025-02-16T16:26:14.361+0700] {processor.py:186} INFO - Started process (PID=33366) to work on /home/dataengineer/.pyenv/versions/3.9.21/lib/python3.9/site-packages/airflow/example_dags/example_sensors.py
[2025-02-16T16:26:14.362+0700] {processor.py:914} INFO - Processing file /home/dataengineer/.pyenv/versions/3.9.21/lib/python3.9/site-packages/airflow/example_dags/example_sensors.py for tasks to queue
[2025-02-16T16:26:14.363+0700] {logging_mixin.py:190} INFO - [2025-02-16T16:26:14.363+0700] {dagbag.py:588} INFO - Filling up the DagBag from /home/dataengineer/.pyenv/versions/3.9.21/lib/python3.9/site-packages/airflow/example_dags/example_sensors.py
[2025-02-16T16:26:14.376+0700] {processor.py:925} INFO - DAG(s) 'example_sensors' retrieved from /home/dataengineer/.pyenv/versions/3.9.21/lib/python3.9/site-packages/airflow/example_dags/example_sensors.py
[2025-02-16T16:26:14.397+0700] {logging_mixin.py:190} INFO - [2025-02-16T16:26:14.397+0700] {dag.py:3239} INFO - Sync 1 DAGs
[2025-02-16T16:26:14.410+0700] {logging_mixin.py:190} INFO - [2025-02-16T16:26:14.409+0700] {dag.py:4180} INFO - Setting next_dagrun for example_sensors to None, run_after=None
[2025-02-16T16:26:14.429+0700] {processor.py:208} INFO - Processing /home/dataengineer/.pyenv/versions/3.9.21/lib/python3.9/site-packages/airflow/example_dags/example_sensors.py took 0.074 seconds
[2025-02-16T16:27:27.446+0700] {processor.py:186} INFO - Started process (PID=33670) to work on /home/dataengineer/.pyenv/versions/3.9.21/lib/python3.9/site-packages/airflow/example_dags/example_sensors.py
[2025-02-16T16:27:27.454+0700] {processor.py:914} INFO - Processing file /home/dataengineer/.pyenv/versions/3.9.21/lib/python3.9/site-packages/airflow/example_dags/example_sensors.py for tasks to queue
[2025-02-16T16:27:27.456+0700] {logging_mixin.py:190} INFO - [2025-02-16T16:27:27.455+0700] {dagbag.py:588} INFO - Filling up the DagBag from /home/dataengineer/.pyenv/versions/3.9.21/lib/python3.9/site-packages/airflow/example_dags/example_sensors.py
[2025-02-16T16:27:27.470+0700] {processor.py:925} INFO - DAG(s) 'example_sensors' retrieved from /home/dataengineer/.pyenv/versions/3.9.21/lib/python3.9/site-packages/airflow/example_dags/example_sensors.py
[2025-02-16T16:27:27.493+0700] {logging_mixin.py:190} INFO - [2025-02-16T16:27:27.492+0700] {dag.py:3239} INFO - Sync 1 DAGs
[2025-02-16T16:27:27.508+0700] {logging_mixin.py:190} INFO - [2025-02-16T16:27:27.508+0700] {dag.py:4180} INFO - Setting next_dagrun for example_sensors to None, run_after=None
[2025-02-16T16:27:27.531+0700] {processor.py:208} INFO - Processing /home/dataengineer/.pyenv/versions/3.9.21/lib/python3.9/site-packages/airflow/example_dags/example_sensors.py took 0.091 seconds
[2025-02-16T16:28:16.857+0700] {processor.py:186} INFO - Started process (PID=33883) to work on /home/dataengineer/.pyenv/versions/3.9.21/lib/python3.9/site-packages/airflow/example_dags/example_sensors.py
[2025-02-16T16:28:16.858+0700] {processor.py:914} INFO - Processing file /home/dataengineer/.pyenv/versions/3.9.21/lib/python3.9/site-packages/airflow/example_dags/example_sensors.py for tasks to queue
[2025-02-16T16:28:16.859+0700] {logging_mixin.py:190} INFO - [2025-02-16T16:28:16.859+0700] {dagbag.py:588} INFO - Filling up the DagBag from /home/dataengineer/.pyenv/versions/3.9.21/lib/python3.9/site-packages/airflow/example_dags/example_sensors.py
[2025-02-16T16:28:16.870+0700] {processor.py:925} INFO - DAG(s) 'example_sensors' retrieved from /home/dataengineer/.pyenv/versions/3.9.21/lib/python3.9/site-packages/airflow/example_dags/example_sensors.py
[2025-02-16T16:28:16.889+0700] {logging_mixin.py:190} INFO - [2025-02-16T16:28:16.889+0700] {dag.py:3239} INFO - Sync 1 DAGs
[2025-02-16T16:28:16.901+0700] {logging_mixin.py:190} INFO - [2025-02-16T16:28:16.900+0700] {dag.py:4180} INFO - Setting next_dagrun for example_sensors to None, run_after=None
[2025-02-16T16:28:16.919+0700] {processor.py:208} INFO - Processing /home/dataengineer/.pyenv/versions/3.9.21/lib/python3.9/site-packages/airflow/example_dags/example_sensors.py took 0.068 seconds
[2025-02-16T16:29:07.973+0700] {processor.py:186} INFO - Started process (PID=34088) to work on /home/dataengineer/.pyenv/versions/3.9.21/lib/python3.9/site-packages/airflow/example_dags/example_sensors.py
[2025-02-16T16:29:07.974+0700] {processor.py:914} INFO - Processing file /home/dataengineer/.pyenv/versions/3.9.21/lib/python3.9/site-packages/airflow/example_dags/example_sensors.py for tasks to queue
[2025-02-16T16:29:07.975+0700] {logging_mixin.py:190} INFO - [2025-02-16T16:29:07.975+0700] {dagbag.py:588} INFO - Filling up the DagBag from /home/dataengineer/.pyenv/versions/3.9.21/lib/python3.9/site-packages/airflow/example_dags/example_sensors.py
[2025-02-16T16:29:07.988+0700] {processor.py:925} INFO - DAG(s) 'example_sensors' retrieved from /home/dataengineer/.pyenv/versions/3.9.21/lib/python3.9/site-packages/airflow/example_dags/example_sensors.py
[2025-02-16T16:29:08.011+0700] {logging_mixin.py:190} INFO - [2025-02-16T16:29:08.011+0700] {dag.py:3239} INFO - Sync 1 DAGs
[2025-02-16T16:29:08.026+0700] {logging_mixin.py:190} INFO - [2025-02-16T16:29:08.025+0700] {dag.py:4180} INFO - Setting next_dagrun for example_sensors to None, run_after=None
[2025-02-16T16:29:08.052+0700] {processor.py:208} INFO - Processing /home/dataengineer/.pyenv/versions/3.9.21/lib/python3.9/site-packages/airflow/example_dags/example_sensors.py took 0.085 seconds
[2025-02-16T16:29:58.388+0700] {processor.py:186} INFO - Started process (PID=34301) to work on /home/dataengineer/.pyenv/versions/3.9.21/lib/python3.9/site-packages/airflow/example_dags/example_sensors.py
[2025-02-16T16:29:58.389+0700] {processor.py:914} INFO - Processing file /home/dataengineer/.pyenv/versions/3.9.21/lib/python3.9/site-packages/airflow/example_dags/example_sensors.py for tasks to queue
[2025-02-16T16:29:58.391+0700] {logging_mixin.py:190} INFO - [2025-02-16T16:29:58.391+0700] {dagbag.py:588} INFO - Filling up the DagBag from /home/dataengineer/.pyenv/versions/3.9.21/lib/python3.9/site-packages/airflow/example_dags/example_sensors.py
[2025-02-16T16:29:58.406+0700] {processor.py:925} INFO - DAG(s) 'example_sensors' retrieved from /home/dataengineer/.pyenv/versions/3.9.21/lib/python3.9/site-packages/airflow/example_dags/example_sensors.py
[2025-02-16T16:29:58.435+0700] {logging_mixin.py:190} INFO - [2025-02-16T16:29:58.432+0700] {dag.py:3239} INFO - Sync 1 DAGs
[2025-02-16T16:29:58.458+0700] {logging_mixin.py:190} INFO - [2025-02-16T16:29:58.457+0700] {dag.py:4180} INFO - Setting next_dagrun for example_sensors to None, run_after=None
[2025-02-16T16:29:58.486+0700] {processor.py:208} INFO - Processing /home/dataengineer/.pyenv/versions/3.9.21/lib/python3.9/site-packages/airflow/example_dags/example_sensors.py took 0.103 seconds
[2025-02-16T16:31:11.647+0700] {processor.py:186} INFO - Started process (PID=34606) to work on /home/dataengineer/.pyenv/versions/3.9.21/lib/python3.9/site-packages/airflow/example_dags/example_sensors.py
[2025-02-16T16:31:11.648+0700] {processor.py:914} INFO - Processing file /home/dataengineer/.pyenv/versions/3.9.21/lib/python3.9/site-packages/airflow/example_dags/example_sensors.py for tasks to queue
[2025-02-16T16:31:11.649+0700] {logging_mixin.py:190} INFO - [2025-02-16T16:31:11.649+0700] {dagbag.py:588} INFO - Filling up the DagBag from /home/dataengineer/.pyenv/versions/3.9.21/lib/python3.9/site-packages/airflow/example_dags/example_sensors.py
[2025-02-16T16:31:11.661+0700] {processor.py:925} INFO - DAG(s) 'example_sensors' retrieved from /home/dataengineer/.pyenv/versions/3.9.21/lib/python3.9/site-packages/airflow/example_dags/example_sensors.py
[2025-02-16T16:31:11.682+0700] {logging_mixin.py:190} INFO - [2025-02-16T16:31:11.682+0700] {dag.py:3239} INFO - Sync 1 DAGs
[2025-02-16T16:31:11.695+0700] {logging_mixin.py:190} INFO - [2025-02-16T16:31:11.695+0700] {dag.py:4180} INFO - Setting next_dagrun for example_sensors to None, run_after=None
[2025-02-16T16:31:11.716+0700] {processor.py:208} INFO - Processing /home/dataengineer/.pyenv/versions/3.9.21/lib/python3.9/site-packages/airflow/example_dags/example_sensors.py took 0.075 seconds
[2025-02-16T16:32:01.549+0700] {processor.py:186} INFO - Started process (PID=34813) to work on /home/dataengineer/.pyenv/versions/3.9.21/lib/python3.9/site-packages/airflow/example_dags/example_sensors.py
[2025-02-16T16:32:01.551+0700] {processor.py:914} INFO - Processing file /home/dataengineer/.pyenv/versions/3.9.21/lib/python3.9/site-packages/airflow/example_dags/example_sensors.py for tasks to queue
[2025-02-16T16:32:01.552+0700] {logging_mixin.py:190} INFO - [2025-02-16T16:32:01.552+0700] {dagbag.py:588} INFO - Filling up the DagBag from /home/dataengineer/.pyenv/versions/3.9.21/lib/python3.9/site-packages/airflow/example_dags/example_sensors.py
[2025-02-16T16:32:01.564+0700] {processor.py:925} INFO - DAG(s) 'example_sensors' retrieved from /home/dataengineer/.pyenv/versions/3.9.21/lib/python3.9/site-packages/airflow/example_dags/example_sensors.py
[2025-02-16T16:32:01.584+0700] {logging_mixin.py:190} INFO - [2025-02-16T16:32:01.584+0700] {dag.py:3239} INFO - Sync 1 DAGs
[2025-02-16T16:32:01.596+0700] {logging_mixin.py:190} INFO - [2025-02-16T16:32:01.596+0700] {dag.py:4180} INFO - Setting next_dagrun for example_sensors to None, run_after=None
[2025-02-16T16:32:01.617+0700] {processor.py:208} INFO - Processing /home/dataengineer/.pyenv/versions/3.9.21/lib/python3.9/site-packages/airflow/example_dags/example_sensors.py took 0.073 seconds
[2025-02-16T16:33:14.446+0700] {processor.py:186} INFO - Started process (PID=35120) to work on /home/dataengineer/.pyenv/versions/3.9.21/lib/python3.9/site-packages/airflow/example_dags/example_sensors.py
[2025-02-16T16:33:14.447+0700] {processor.py:914} INFO - Processing file /home/dataengineer/.pyenv/versions/3.9.21/lib/python3.9/site-packages/airflow/example_dags/example_sensors.py for tasks to queue
[2025-02-16T16:33:14.448+0700] {logging_mixin.py:190} INFO - [2025-02-16T16:33:14.448+0700] {dagbag.py:588} INFO - Filling up the DagBag from /home/dataengineer/.pyenv/versions/3.9.21/lib/python3.9/site-packages/airflow/example_dags/example_sensors.py
[2025-02-16T16:33:14.460+0700] {processor.py:925} INFO - DAG(s) 'example_sensors' retrieved from /home/dataengineer/.pyenv/versions/3.9.21/lib/python3.9/site-packages/airflow/example_dags/example_sensors.py
[2025-02-16T16:33:14.480+0700] {logging_mixin.py:190} INFO - [2025-02-16T16:33:14.479+0700] {dag.py:3239} INFO - Sync 1 DAGs
[2025-02-16T16:33:14.491+0700] {logging_mixin.py:190} INFO - [2025-02-16T16:33:14.491+0700] {dag.py:4180} INFO - Setting next_dagrun for example_sensors to None, run_after=None
[2025-02-16T16:33:14.510+0700] {processor.py:208} INFO - Processing /home/dataengineer/.pyenv/versions/3.9.21/lib/python3.9/site-packages/airflow/example_dags/example_sensors.py took 0.070 seconds
[2025-02-16T16:34:05.043+0700] {processor.py:186} INFO - Started process (PID=35341) to work on /home/dataengineer/.pyenv/versions/3.9.21/lib/python3.9/site-packages/airflow/example_dags/example_sensors.py
[2025-02-16T16:34:05.044+0700] {processor.py:914} INFO - Processing file /home/dataengineer/.pyenv/versions/3.9.21/lib/python3.9/site-packages/airflow/example_dags/example_sensors.py for tasks to queue
[2025-02-16T16:34:05.045+0700] {logging_mixin.py:190} INFO - [2025-02-16T16:34:05.045+0700] {dagbag.py:588} INFO - Filling up the DagBag from /home/dataengineer/.pyenv/versions/3.9.21/lib/python3.9/site-packages/airflow/example_dags/example_sensors.py
[2025-02-16T16:34:05.058+0700] {processor.py:925} INFO - DAG(s) 'example_sensors' retrieved from /home/dataengineer/.pyenv/versions/3.9.21/lib/python3.9/site-packages/airflow/example_dags/example_sensors.py
[2025-02-16T16:34:05.078+0700] {logging_mixin.py:190} INFO - [2025-02-16T16:34:05.078+0700] {dag.py:3239} INFO - Sync 1 DAGs
[2025-02-16T16:34:05.090+0700] {logging_mixin.py:190} INFO - [2025-02-16T16:34:05.090+0700] {dag.py:4180} INFO - Setting next_dagrun for example_sensors to None, run_after=None
[2025-02-16T16:34:05.110+0700] {processor.py:208} INFO - Processing /home/dataengineer/.pyenv/versions/3.9.21/lib/python3.9/site-packages/airflow/example_dags/example_sensors.py took 0.073 seconds
[2025-02-16T16:35:20.167+0700] {processor.py:186} INFO - Started process (PID=35655) to work on /home/dataengineer/.pyenv/versions/3.9.21/lib/python3.9/site-packages/airflow/example_dags/example_sensors.py
[2025-02-16T16:35:20.168+0700] {processor.py:914} INFO - Processing file /home/dataengineer/.pyenv/versions/3.9.21/lib/python3.9/site-packages/airflow/example_dags/example_sensors.py for tasks to queue
[2025-02-16T16:35:20.170+0700] {logging_mixin.py:190} INFO - [2025-02-16T16:35:20.169+0700] {dagbag.py:588} INFO - Filling up the DagBag from /home/dataengineer/.pyenv/versions/3.9.21/lib/python3.9/site-packages/airflow/example_dags/example_sensors.py
[2025-02-16T16:35:20.183+0700] {processor.py:925} INFO - DAG(s) 'example_sensors' retrieved from /home/dataengineer/.pyenv/versions/3.9.21/lib/python3.9/site-packages/airflow/example_dags/example_sensors.py
[2025-02-16T16:35:20.204+0700] {logging_mixin.py:190} INFO - [2025-02-16T16:35:20.204+0700] {dag.py:3239} INFO - Sync 1 DAGs
[2025-02-16T16:35:20.216+0700] {logging_mixin.py:190} INFO - [2025-02-16T16:35:20.216+0700] {dag.py:4180} INFO - Setting next_dagrun for example_sensors to None, run_after=None
[2025-02-16T16:35:20.236+0700] {processor.py:208} INFO - Processing /home/dataengineer/.pyenv/versions/3.9.21/lib/python3.9/site-packages/airflow/example_dags/example_sensors.py took 0.074 seconds
[2025-02-16T16:36:28.234+0700] {processor.py:186} INFO - Started process (PID=35991) to work on /home/dataengineer/.pyenv/versions/3.9.21/lib/python3.9/site-packages/airflow/example_dags/example_sensors.py
[2025-02-16T16:36:28.235+0700] {processor.py:914} INFO - Processing file /home/dataengineer/.pyenv/versions/3.9.21/lib/python3.9/site-packages/airflow/example_dags/example_sensors.py for tasks to queue
[2025-02-16T16:36:28.236+0700] {logging_mixin.py:190} INFO - [2025-02-16T16:36:28.236+0700] {dagbag.py:588} INFO - Filling up the DagBag from /home/dataengineer/.pyenv/versions/3.9.21/lib/python3.9/site-packages/airflow/example_dags/example_sensors.py
[2025-02-16T16:36:28.252+0700] {processor.py:925} INFO - DAG(s) 'example_sensors' retrieved from /home/dataengineer/.pyenv/versions/3.9.21/lib/python3.9/site-packages/airflow/example_dags/example_sensors.py
[2025-02-16T16:36:28.278+0700] {logging_mixin.py:190} INFO - [2025-02-16T16:36:28.277+0700] {dag.py:3239} INFO - Sync 1 DAGs
[2025-02-16T16:36:28.292+0700] {logging_mixin.py:190} INFO - [2025-02-16T16:36:28.292+0700] {dag.py:4180} INFO - Setting next_dagrun for example_sensors to None, run_after=None
[2025-02-16T16:36:28.338+0700] {processor.py:208} INFO - Processing /home/dataengineer/.pyenv/versions/3.9.21/lib/python3.9/site-packages/airflow/example_dags/example_sensors.py took 0.111 seconds
[2025-02-16T16:37:35.146+0700] {processor.py:186} INFO - Started process (PID=36655) to work on /home/dataengineer/.pyenv/versions/3.9.21/lib/python3.9/site-packages/airflow/example_dags/example_sensors.py
[2025-02-16T16:37:35.147+0700] {processor.py:914} INFO - Processing file /home/dataengineer/.pyenv/versions/3.9.21/lib/python3.9/site-packages/airflow/example_dags/example_sensors.py for tasks to queue
[2025-02-16T16:37:35.148+0700] {logging_mixin.py:190} INFO - [2025-02-16T16:37:35.148+0700] {dagbag.py:588} INFO - Filling up the DagBag from /home/dataengineer/.pyenv/versions/3.9.21/lib/python3.9/site-packages/airflow/example_dags/example_sensors.py
[2025-02-16T16:37:35.160+0700] {processor.py:925} INFO - DAG(s) 'example_sensors' retrieved from /home/dataengineer/.pyenv/versions/3.9.21/lib/python3.9/site-packages/airflow/example_dags/example_sensors.py
[2025-02-16T16:37:35.181+0700] {logging_mixin.py:190} INFO - [2025-02-16T16:37:35.180+0700] {dag.py:3239} INFO - Sync 1 DAGs
[2025-02-16T16:37:35.193+0700] {logging_mixin.py:190} INFO - [2025-02-16T16:37:35.193+0700] {dag.py:4180} INFO - Setting next_dagrun for example_sensors to None, run_after=None
[2025-02-16T16:37:35.215+0700] {processor.py:208} INFO - Processing /home/dataengineer/.pyenv/versions/3.9.21/lib/python3.9/site-packages/airflow/example_dags/example_sensors.py took 0.075 seconds
[2025-02-16T16:38:25.036+0700] {processor.py:186} INFO - Started process (PID=36859) to work on /home/dataengineer/.pyenv/versions/3.9.21/lib/python3.9/site-packages/airflow/example_dags/example_sensors.py
[2025-02-16T16:38:25.037+0700] {processor.py:914} INFO - Processing file /home/dataengineer/.pyenv/versions/3.9.21/lib/python3.9/site-packages/airflow/example_dags/example_sensors.py for tasks to queue
[2025-02-16T16:38:25.038+0700] {logging_mixin.py:190} INFO - [2025-02-16T16:38:25.038+0700] {dagbag.py:588} INFO - Filling up the DagBag from /home/dataengineer/.pyenv/versions/3.9.21/lib/python3.9/site-packages/airflow/example_dags/example_sensors.py
[2025-02-16T16:38:25.051+0700] {processor.py:925} INFO - DAG(s) 'example_sensors' retrieved from /home/dataengineer/.pyenv/versions/3.9.21/lib/python3.9/site-packages/airflow/example_dags/example_sensors.py
[2025-02-16T16:38:25.073+0700] {logging_mixin.py:190} INFO - [2025-02-16T16:38:25.072+0700] {dag.py:3239} INFO - Sync 1 DAGs
[2025-02-16T16:38:25.086+0700] {logging_mixin.py:190} INFO - [2025-02-16T16:38:25.085+0700] {dag.py:4180} INFO - Setting next_dagrun for example_sensors to None, run_after=None
[2025-02-16T16:38:25.109+0700] {processor.py:208} INFO - Processing /home/dataengineer/.pyenv/versions/3.9.21/lib/python3.9/site-packages/airflow/example_dags/example_sensors.py took 0.080 seconds
[2025-02-16T16:39:15.696+0700] {processor.py:186} INFO - Started process (PID=37072) to work on /home/dataengineer/.pyenv/versions/3.9.21/lib/python3.9/site-packages/airflow/example_dags/example_sensors.py
[2025-02-16T16:39:15.697+0700] {processor.py:914} INFO - Processing file /home/dataengineer/.pyenv/versions/3.9.21/lib/python3.9/site-packages/airflow/example_dags/example_sensors.py for tasks to queue
[2025-02-16T16:39:15.699+0700] {logging_mixin.py:190} INFO - [2025-02-16T16:39:15.699+0700] {dagbag.py:588} INFO - Filling up the DagBag from /home/dataengineer/.pyenv/versions/3.9.21/lib/python3.9/site-packages/airflow/example_dags/example_sensors.py
[2025-02-16T16:39:15.712+0700] {processor.py:925} INFO - DAG(s) 'example_sensors' retrieved from /home/dataengineer/.pyenv/versions/3.9.21/lib/python3.9/site-packages/airflow/example_dags/example_sensors.py
[2025-02-16T16:39:15.733+0700] {logging_mixin.py:190} INFO - [2025-02-16T16:39:15.733+0700] {dag.py:3239} INFO - Sync 1 DAGs
[2025-02-16T16:39:15.746+0700] {logging_mixin.py:190} INFO - [2025-02-16T16:39:15.746+0700] {dag.py:4180} INFO - Setting next_dagrun for example_sensors to None, run_after=None
[2025-02-16T16:39:15.767+0700] {processor.py:208} INFO - Processing /home/dataengineer/.pyenv/versions/3.9.21/lib/python3.9/site-packages/airflow/example_dags/example_sensors.py took 0.077 seconds
[2025-02-16T16:40:05.398+0700] {processor.py:186} INFO - Started process (PID=37287) to work on /home/dataengineer/.pyenv/versions/3.9.21/lib/python3.9/site-packages/airflow/example_dags/example_sensors.py
[2025-02-16T16:40:05.400+0700] {processor.py:914} INFO - Processing file /home/dataengineer/.pyenv/versions/3.9.21/lib/python3.9/site-packages/airflow/example_dags/example_sensors.py for tasks to queue
[2025-02-16T16:40:05.401+0700] {logging_mixin.py:190} INFO - [2025-02-16T16:40:05.400+0700] {dagbag.py:588} INFO - Filling up the DagBag from /home/dataengineer/.pyenv/versions/3.9.21/lib/python3.9/site-packages/airflow/example_dags/example_sensors.py
[2025-02-16T16:40:05.414+0700] {processor.py:925} INFO - DAG(s) 'example_sensors' retrieved from /home/dataengineer/.pyenv/versions/3.9.21/lib/python3.9/site-packages/airflow/example_dags/example_sensors.py
[2025-02-16T16:40:05.436+0700] {logging_mixin.py:190} INFO - [2025-02-16T16:40:05.435+0700] {dag.py:3239} INFO - Sync 1 DAGs
[2025-02-16T16:40:05.448+0700] {logging_mixin.py:190} INFO - [2025-02-16T16:40:05.448+0700] {dag.py:4180} INFO - Setting next_dagrun for example_sensors to None, run_after=None
[2025-02-16T16:40:05.469+0700] {processor.py:208} INFO - Processing /home/dataengineer/.pyenv/versions/3.9.21/lib/python3.9/site-packages/airflow/example_dags/example_sensors.py took 0.077 seconds
[2025-02-16T16:41:18.604+0700] {processor.py:186} INFO - Started process (PID=37847) to work on /home/dataengineer/.pyenv/versions/3.9.21/lib/python3.9/site-packages/airflow/example_dags/example_sensors.py
[2025-02-16T16:41:18.606+0700] {processor.py:914} INFO - Processing file /home/dataengineer/.pyenv/versions/3.9.21/lib/python3.9/site-packages/airflow/example_dags/example_sensors.py for tasks to queue
[2025-02-16T16:41:18.607+0700] {logging_mixin.py:190} INFO - [2025-02-16T16:41:18.607+0700] {dagbag.py:588} INFO - Filling up the DagBag from /home/dataengineer/.pyenv/versions/3.9.21/lib/python3.9/site-packages/airflow/example_dags/example_sensors.py
[2025-02-16T16:41:18.621+0700] {processor.py:925} INFO - DAG(s) 'example_sensors' retrieved from /home/dataengineer/.pyenv/versions/3.9.21/lib/python3.9/site-packages/airflow/example_dags/example_sensors.py
[2025-02-16T16:41:18.642+0700] {logging_mixin.py:190} INFO - [2025-02-16T16:41:18.642+0700] {dag.py:3239} INFO - Sync 1 DAGs
[2025-02-16T16:41:18.655+0700] {logging_mixin.py:190} INFO - [2025-02-16T16:41:18.655+0700] {dag.py:4180} INFO - Setting next_dagrun for example_sensors to None, run_after=None
[2025-02-16T16:41:18.679+0700] {processor.py:208} INFO - Processing /home/dataengineer/.pyenv/versions/3.9.21/lib/python3.9/site-packages/airflow/example_dags/example_sensors.py took 0.081 seconds
[2025-02-16T16:42:07.310+0700] {processor.py:186} INFO - Started process (PID=38054) to work on /home/dataengineer/.pyenv/versions/3.9.21/lib/python3.9/site-packages/airflow/example_dags/example_sensors.py
[2025-02-16T16:42:07.311+0700] {processor.py:914} INFO - Processing file /home/dataengineer/.pyenv/versions/3.9.21/lib/python3.9/site-packages/airflow/example_dags/example_sensors.py for tasks to queue
[2025-02-16T16:42:07.312+0700] {logging_mixin.py:190} INFO - [2025-02-16T16:42:07.312+0700] {dagbag.py:588} INFO - Filling up the DagBag from /home/dataengineer/.pyenv/versions/3.9.21/lib/python3.9/site-packages/airflow/example_dags/example_sensors.py
[2025-02-16T16:42:07.324+0700] {processor.py:925} INFO - DAG(s) 'example_sensors' retrieved from /home/dataengineer/.pyenv/versions/3.9.21/lib/python3.9/site-packages/airflow/example_dags/example_sensors.py
[2025-02-16T16:42:07.345+0700] {logging_mixin.py:190} INFO - [2025-02-16T16:42:07.345+0700] {dag.py:3239} INFO - Sync 1 DAGs
[2025-02-16T16:42:07.357+0700] {logging_mixin.py:190} INFO - [2025-02-16T16:42:07.357+0700] {dag.py:4180} INFO - Setting next_dagrun for example_sensors to None, run_after=None
[2025-02-16T16:42:07.377+0700] {processor.py:208} INFO - Processing /home/dataengineer/.pyenv/versions/3.9.21/lib/python3.9/site-packages/airflow/example_dags/example_sensors.py took 0.074 seconds
[2025-02-16T16:43:19.042+0700] {processor.py:186} INFO - Started process (PID=38356) to work on /home/dataengineer/.pyenv/versions/3.9.21/lib/python3.9/site-packages/airflow/example_dags/example_sensors.py
[2025-02-16T16:43:19.043+0700] {processor.py:914} INFO - Processing file /home/dataengineer/.pyenv/versions/3.9.21/lib/python3.9/site-packages/airflow/example_dags/example_sensors.py for tasks to queue
[2025-02-16T16:43:19.045+0700] {logging_mixin.py:190} INFO - [2025-02-16T16:43:19.044+0700] {dagbag.py:588} INFO - Filling up the DagBag from /home/dataengineer/.pyenv/versions/3.9.21/lib/python3.9/site-packages/airflow/example_dags/example_sensors.py
[2025-02-16T16:43:19.057+0700] {processor.py:925} INFO - DAG(s) 'example_sensors' retrieved from /home/dataengineer/.pyenv/versions/3.9.21/lib/python3.9/site-packages/airflow/example_dags/example_sensors.py
[2025-02-16T16:43:19.080+0700] {logging_mixin.py:190} INFO - [2025-02-16T16:43:19.080+0700] {dag.py:3239} INFO - Sync 1 DAGs
[2025-02-16T16:43:19.094+0700] {logging_mixin.py:190} INFO - [2025-02-16T16:43:19.093+0700] {dag.py:4180} INFO - Setting next_dagrun for example_sensors to None, run_after=None
[2025-02-16T16:43:19.115+0700] {processor.py:208} INFO - Processing /home/dataengineer/.pyenv/versions/3.9.21/lib/python3.9/site-packages/airflow/example_dags/example_sensors.py took 0.080 seconds
[2025-02-16T16:44:06.975+0700] {processor.py:186} INFO - Started process (PID=38559) to work on /home/dataengineer/.pyenv/versions/3.9.21/lib/python3.9/site-packages/airflow/example_dags/example_sensors.py
[2025-02-16T16:44:06.976+0700] {processor.py:914} INFO - Processing file /home/dataengineer/.pyenv/versions/3.9.21/lib/python3.9/site-packages/airflow/example_dags/example_sensors.py for tasks to queue
[2025-02-16T16:44:06.977+0700] {logging_mixin.py:190} INFO - [2025-02-16T16:44:06.977+0700] {dagbag.py:588} INFO - Filling up the DagBag from /home/dataengineer/.pyenv/versions/3.9.21/lib/python3.9/site-packages/airflow/example_dags/example_sensors.py
[2025-02-16T16:44:06.989+0700] {processor.py:925} INFO - DAG(s) 'example_sensors' retrieved from /home/dataengineer/.pyenv/versions/3.9.21/lib/python3.9/site-packages/airflow/example_dags/example_sensors.py
[2025-02-16T16:44:07.009+0700] {logging_mixin.py:190} INFO - [2025-02-16T16:44:07.009+0700] {dag.py:3239} INFO - Sync 1 DAGs
[2025-02-16T16:44:07.022+0700] {logging_mixin.py:190} INFO - [2025-02-16T16:44:07.021+0700] {dag.py:4180} INFO - Setting next_dagrun for example_sensors to None, run_after=None
[2025-02-16T16:44:07.042+0700] {processor.py:208} INFO - Processing /home/dataengineer/.pyenv/versions/3.9.21/lib/python3.9/site-packages/airflow/example_dags/example_sensors.py took 0.073 seconds
[2025-02-16T16:45:16.325+0700] {processor.py:186} INFO - Started process (PID=38865) to work on /home/dataengineer/.pyenv/versions/3.9.21/lib/python3.9/site-packages/airflow/example_dags/example_sensors.py
[2025-02-16T16:45:16.327+0700] {processor.py:914} INFO - Processing file /home/dataengineer/.pyenv/versions/3.9.21/lib/python3.9/site-packages/airflow/example_dags/example_sensors.py for tasks to queue
[2025-02-16T16:45:16.328+0700] {logging_mixin.py:190} INFO - [2025-02-16T16:45:16.328+0700] {dagbag.py:588} INFO - Filling up the DagBag from /home/dataengineer/.pyenv/versions/3.9.21/lib/python3.9/site-packages/airflow/example_dags/example_sensors.py
[2025-02-16T16:45:16.341+0700] {processor.py:925} INFO - DAG(s) 'example_sensors' retrieved from /home/dataengineer/.pyenv/versions/3.9.21/lib/python3.9/site-packages/airflow/example_dags/example_sensors.py
[2025-02-16T16:45:16.362+0700] {logging_mixin.py:190} INFO - [2025-02-16T16:45:16.361+0700] {dag.py:3239} INFO - Sync 1 DAGs
[2025-02-16T16:45:16.374+0700] {logging_mixin.py:190} INFO - [2025-02-16T16:45:16.374+0700] {dag.py:4180} INFO - Setting next_dagrun for example_sensors to None, run_after=None
[2025-02-16T16:45:16.395+0700] {processor.py:208} INFO - Processing /home/dataengineer/.pyenv/versions/3.9.21/lib/python3.9/site-packages/airflow/example_dags/example_sensors.py took 0.075 seconds
[2025-02-16T16:46:26.349+0700] {processor.py:186} INFO - Started process (PID=39188) to work on /home/dataengineer/.pyenv/versions/3.9.21/lib/python3.9/site-packages/airflow/example_dags/example_sensors.py
[2025-02-16T16:46:26.350+0700] {processor.py:914} INFO - Processing file /home/dataengineer/.pyenv/versions/3.9.21/lib/python3.9/site-packages/airflow/example_dags/example_sensors.py for tasks to queue
[2025-02-16T16:46:26.351+0700] {logging_mixin.py:190} INFO - [2025-02-16T16:46:26.351+0700] {dagbag.py:588} INFO - Filling up the DagBag from /home/dataengineer/.pyenv/versions/3.9.21/lib/python3.9/site-packages/airflow/example_dags/example_sensors.py
[2025-02-16T16:46:26.364+0700] {processor.py:925} INFO - DAG(s) 'example_sensors' retrieved from /home/dataengineer/.pyenv/versions/3.9.21/lib/python3.9/site-packages/airflow/example_dags/example_sensors.py
[2025-02-16T16:46:26.383+0700] {logging_mixin.py:190} INFO - [2025-02-16T16:46:26.383+0700] {dag.py:3239} INFO - Sync 1 DAGs
[2025-02-16T16:46:26.395+0700] {logging_mixin.py:190} INFO - [2025-02-16T16:46:26.395+0700] {dag.py:4180} INFO - Setting next_dagrun for example_sensors to None, run_after=None
[2025-02-16T16:46:26.416+0700] {processor.py:208} INFO - Processing /home/dataengineer/.pyenv/versions/3.9.21/lib/python3.9/site-packages/airflow/example_dags/example_sensors.py took 0.072 seconds
[2025-02-16T16:47:35.991+0700] {processor.py:186} INFO - Started process (PID=39482) to work on /home/dataengineer/.pyenv/versions/3.9.21/lib/python3.9/site-packages/airflow/example_dags/example_sensors.py
[2025-02-16T16:47:35.993+0700] {processor.py:914} INFO - Processing file /home/dataengineer/.pyenv/versions/3.9.21/lib/python3.9/site-packages/airflow/example_dags/example_sensors.py for tasks to queue
[2025-02-16T16:47:35.994+0700] {logging_mixin.py:190} INFO - [2025-02-16T16:47:35.994+0700] {dagbag.py:588} INFO - Filling up the DagBag from /home/dataengineer/.pyenv/versions/3.9.21/lib/python3.9/site-packages/airflow/example_dags/example_sensors.py
[2025-02-16T16:47:36.008+0700] {processor.py:925} INFO - DAG(s) 'example_sensors' retrieved from /home/dataengineer/.pyenv/versions/3.9.21/lib/python3.9/site-packages/airflow/example_dags/example_sensors.py
[2025-02-16T16:47:36.032+0700] {logging_mixin.py:190} INFO - [2025-02-16T16:47:36.031+0700] {dag.py:3239} INFO - Sync 1 DAGs
[2025-02-16T16:47:36.045+0700] {logging_mixin.py:190} INFO - [2025-02-16T16:47:36.045+0700] {dag.py:4180} INFO - Setting next_dagrun for example_sensors to None, run_after=None
[2025-02-16T16:47:36.066+0700] {processor.py:208} INFO - Processing /home/dataengineer/.pyenv/versions/3.9.21/lib/python3.9/site-packages/airflow/example_dags/example_sensors.py took 0.080 seconds
[2025-02-16T16:48:45.861+0700] {processor.py:186} INFO - Started process (PID=39867) to work on /home/dataengineer/.pyenv/versions/3.9.21/lib/python3.9/site-packages/airflow/example_dags/example_sensors.py
[2025-02-16T16:48:45.863+0700] {processor.py:914} INFO - Processing file /home/dataengineer/.pyenv/versions/3.9.21/lib/python3.9/site-packages/airflow/example_dags/example_sensors.py for tasks to queue
[2025-02-16T16:48:45.865+0700] {logging_mixin.py:190} INFO - [2025-02-16T16:48:45.865+0700] {dagbag.py:588} INFO - Filling up the DagBag from /home/dataengineer/.pyenv/versions/3.9.21/lib/python3.9/site-packages/airflow/example_dags/example_sensors.py
[2025-02-16T16:48:45.879+0700] {processor.py:925} INFO - DAG(s) 'example_sensors' retrieved from /home/dataengineer/.pyenv/versions/3.9.21/lib/python3.9/site-packages/airflow/example_dags/example_sensors.py
[2025-02-16T16:48:45.902+0700] {logging_mixin.py:190} INFO - [2025-02-16T16:48:45.902+0700] {dag.py:3239} INFO - Sync 1 DAGs
[2025-02-16T16:48:45.914+0700] {logging_mixin.py:190} INFO - [2025-02-16T16:48:45.914+0700] {dag.py:4180} INFO - Setting next_dagrun for example_sensors to None, run_after=None
[2025-02-16T16:48:45.935+0700] {processor.py:208} INFO - Processing /home/dataengineer/.pyenv/versions/3.9.21/lib/python3.9/site-packages/airflow/example_dags/example_sensors.py took 0.081 seconds
[2025-02-16T16:49:38.523+0700] {processor.py:186} INFO - Started process (PID=40108) to work on /home/dataengineer/.pyenv/versions/3.9.21/lib/python3.9/site-packages/airflow/example_dags/example_sensors.py
[2025-02-16T16:49:38.524+0700] {processor.py:914} INFO - Processing file /home/dataengineer/.pyenv/versions/3.9.21/lib/python3.9/site-packages/airflow/example_dags/example_sensors.py for tasks to queue
[2025-02-16T16:49:38.525+0700] {logging_mixin.py:190} INFO - [2025-02-16T16:49:38.525+0700] {dagbag.py:588} INFO - Filling up the DagBag from /home/dataengineer/.pyenv/versions/3.9.21/lib/python3.9/site-packages/airflow/example_dags/example_sensors.py
[2025-02-16T16:49:38.542+0700] {processor.py:925} INFO - DAG(s) 'example_sensors' retrieved from /home/dataengineer/.pyenv/versions/3.9.21/lib/python3.9/site-packages/airflow/example_dags/example_sensors.py
[2025-02-16T16:49:38.568+0700] {logging_mixin.py:190} INFO - [2025-02-16T16:49:38.568+0700] {dag.py:3239} INFO - Sync 1 DAGs
[2025-02-16T16:49:38.585+0700] {logging_mixin.py:190} INFO - [2025-02-16T16:49:38.584+0700] {dag.py:4180} INFO - Setting next_dagrun for example_sensors to None, run_after=None
[2025-02-16T16:49:38.608+0700] {processor.py:208} INFO - Processing /home/dataengineer/.pyenv/versions/3.9.21/lib/python3.9/site-packages/airflow/example_dags/example_sensors.py took 0.092 seconds
[2025-02-16T16:50:50.703+0700] {processor.py:186} INFO - Started process (PID=40449) to work on /home/dataengineer/.pyenv/versions/3.9.21/lib/python3.9/site-packages/airflow/example_dags/example_sensors.py
[2025-02-16T16:50:50.705+0700] {processor.py:914} INFO - Processing file /home/dataengineer/.pyenv/versions/3.9.21/lib/python3.9/site-packages/airflow/example_dags/example_sensors.py for tasks to queue
[2025-02-16T16:50:50.706+0700] {logging_mixin.py:190} INFO - [2025-02-16T16:50:50.706+0700] {dagbag.py:588} INFO - Filling up the DagBag from /home/dataengineer/.pyenv/versions/3.9.21/lib/python3.9/site-packages/airflow/example_dags/example_sensors.py
[2025-02-16T16:50:50.719+0700] {processor.py:925} INFO - DAG(s) 'example_sensors' retrieved from /home/dataengineer/.pyenv/versions/3.9.21/lib/python3.9/site-packages/airflow/example_dags/example_sensors.py
[2025-02-16T16:50:50.740+0700] {logging_mixin.py:190} INFO - [2025-02-16T16:50:50.740+0700] {dag.py:3239} INFO - Sync 1 DAGs
[2025-02-16T16:50:50.753+0700] {logging_mixin.py:190} INFO - [2025-02-16T16:50:50.753+0700] {dag.py:4180} INFO - Setting next_dagrun for example_sensors to None, run_after=None
[2025-02-16T16:50:50.775+0700] {processor.py:208} INFO - Processing /home/dataengineer/.pyenv/versions/3.9.21/lib/python3.9/site-packages/airflow/example_dags/example_sensors.py took 0.077 seconds
[2025-02-16T16:51:41.685+0700] {processor.py:186} INFO - Started process (PID=40655) to work on /home/dataengineer/.pyenv/versions/3.9.21/lib/python3.9/site-packages/airflow/example_dags/example_sensors.py
[2025-02-16T16:51:41.686+0700] {processor.py:914} INFO - Processing file /home/dataengineer/.pyenv/versions/3.9.21/lib/python3.9/site-packages/airflow/example_dags/example_sensors.py for tasks to queue
[2025-02-16T16:51:41.687+0700] {logging_mixin.py:190} INFO - [2025-02-16T16:51:41.687+0700] {dagbag.py:588} INFO - Filling up the DagBag from /home/dataengineer/.pyenv/versions/3.9.21/lib/python3.9/site-packages/airflow/example_dags/example_sensors.py
[2025-02-16T16:51:41.699+0700] {processor.py:925} INFO - DAG(s) 'example_sensors' retrieved from /home/dataengineer/.pyenv/versions/3.9.21/lib/python3.9/site-packages/airflow/example_dags/example_sensors.py
[2025-02-16T16:51:41.720+0700] {logging_mixin.py:190} INFO - [2025-02-16T16:51:41.720+0700] {dag.py:3239} INFO - Sync 1 DAGs
[2025-02-16T16:51:41.732+0700] {logging_mixin.py:190} INFO - [2025-02-16T16:51:41.732+0700] {dag.py:4180} INFO - Setting next_dagrun for example_sensors to None, run_after=None
[2025-02-16T16:51:41.753+0700] {processor.py:208} INFO - Processing /home/dataengineer/.pyenv/versions/3.9.21/lib/python3.9/site-packages/airflow/example_dags/example_sensors.py took 0.074 seconds
[2025-02-16T16:52:51.439+0700] {processor.py:186} INFO - Started process (PID=40945) to work on /home/dataengineer/.pyenv/versions/3.9.21/lib/python3.9/site-packages/airflow/example_dags/example_sensors.py
[2025-02-16T16:52:51.440+0700] {processor.py:914} INFO - Processing file /home/dataengineer/.pyenv/versions/3.9.21/lib/python3.9/site-packages/airflow/example_dags/example_sensors.py for tasks to queue
[2025-02-16T16:52:51.442+0700] {logging_mixin.py:190} INFO - [2025-02-16T16:52:51.441+0700] {dagbag.py:588} INFO - Filling up the DagBag from /home/dataengineer/.pyenv/versions/3.9.21/lib/python3.9/site-packages/airflow/example_dags/example_sensors.py
[2025-02-16T16:52:51.455+0700] {processor.py:925} INFO - DAG(s) 'example_sensors' retrieved from /home/dataengineer/.pyenv/versions/3.9.21/lib/python3.9/site-packages/airflow/example_dags/example_sensors.py
[2025-02-16T16:52:51.477+0700] {logging_mixin.py:190} INFO - [2025-02-16T16:52:51.476+0700] {dag.py:3239} INFO - Sync 1 DAGs
[2025-02-16T16:52:51.490+0700] {logging_mixin.py:190} INFO - [2025-02-16T16:52:51.489+0700] {dag.py:4180} INFO - Setting next_dagrun for example_sensors to None, run_after=None
[2025-02-16T16:52:51.513+0700] {processor.py:208} INFO - Processing /home/dataengineer/.pyenv/versions/3.9.21/lib/python3.9/site-packages/airflow/example_dags/example_sensors.py took 0.080 seconds
[2025-02-16T16:53:41.811+0700] {processor.py:186} INFO - Started process (PID=41185) to work on /home/dataengineer/.pyenv/versions/3.9.21/lib/python3.9/site-packages/airflow/example_dags/example_sensors.py
[2025-02-16T16:53:41.812+0700] {processor.py:914} INFO - Processing file /home/dataengineer/.pyenv/versions/3.9.21/lib/python3.9/site-packages/airflow/example_dags/example_sensors.py for tasks to queue
[2025-02-16T16:53:41.813+0700] {logging_mixin.py:190} INFO - [2025-02-16T16:53:41.813+0700] {dagbag.py:588} INFO - Filling up the DagBag from /home/dataengineer/.pyenv/versions/3.9.21/lib/python3.9/site-packages/airflow/example_dags/example_sensors.py
[2025-02-16T16:53:41.825+0700] {processor.py:925} INFO - DAG(s) 'example_sensors' retrieved from /home/dataengineer/.pyenv/versions/3.9.21/lib/python3.9/site-packages/airflow/example_dags/example_sensors.py
[2025-02-16T16:53:41.847+0700] {logging_mixin.py:190} INFO - [2025-02-16T16:53:41.846+0700] {dag.py:3239} INFO - Sync 1 DAGs
[2025-02-16T16:53:41.859+0700] {logging_mixin.py:190} INFO - [2025-02-16T16:53:41.859+0700] {dag.py:4180} INFO - Setting next_dagrun for example_sensors to None, run_after=None
[2025-02-16T16:53:41.882+0700] {processor.py:208} INFO - Processing /home/dataengineer/.pyenv/versions/3.9.21/lib/python3.9/site-packages/airflow/example_dags/example_sensors.py took 0.077 seconds
[2025-02-16T16:54:33.083+0700] {processor.py:186} INFO - Started process (PID=41407) to work on /home/dataengineer/.pyenv/versions/3.9.21/lib/python3.9/site-packages/airflow/example_dags/example_sensors.py
[2025-02-16T16:54:33.085+0700] {processor.py:914} INFO - Processing file /home/dataengineer/.pyenv/versions/3.9.21/lib/python3.9/site-packages/airflow/example_dags/example_sensors.py for tasks to queue
[2025-02-16T16:54:33.086+0700] {logging_mixin.py:190} INFO - [2025-02-16T16:54:33.086+0700] {dagbag.py:588} INFO - Filling up the DagBag from /home/dataengineer/.pyenv/versions/3.9.21/lib/python3.9/site-packages/airflow/example_dags/example_sensors.py
[2025-02-16T16:54:33.100+0700] {processor.py:925} INFO - DAG(s) 'example_sensors' retrieved from /home/dataengineer/.pyenv/versions/3.9.21/lib/python3.9/site-packages/airflow/example_dags/example_sensors.py
[2025-02-16T16:54:33.123+0700] {logging_mixin.py:190} INFO - [2025-02-16T16:54:33.122+0700] {dag.py:3239} INFO - Sync 1 DAGs
[2025-02-16T16:54:33.137+0700] {logging_mixin.py:190} INFO - [2025-02-16T16:54:33.136+0700] {dag.py:4180} INFO - Setting next_dagrun for example_sensors to None, run_after=None
[2025-02-16T16:54:33.159+0700] {processor.py:208} INFO - Processing /home/dataengineer/.pyenv/versions/3.9.21/lib/python3.9/site-packages/airflow/example_dags/example_sensors.py took 0.082 seconds
[2025-02-16T16:55:46.544+0700] {processor.py:186} INFO - Started process (PID=41742) to work on /home/dataengineer/.pyenv/versions/3.9.21/lib/python3.9/site-packages/airflow/example_dags/example_sensors.py
[2025-02-16T16:55:46.545+0700] {processor.py:914} INFO - Processing file /home/dataengineer/.pyenv/versions/3.9.21/lib/python3.9/site-packages/airflow/example_dags/example_sensors.py for tasks to queue
[2025-02-16T16:55:46.546+0700] {logging_mixin.py:190} INFO - [2025-02-16T16:55:46.546+0700] {dagbag.py:588} INFO - Filling up the DagBag from /home/dataengineer/.pyenv/versions/3.9.21/lib/python3.9/site-packages/airflow/example_dags/example_sensors.py
[2025-02-16T16:55:46.558+0700] {processor.py:925} INFO - DAG(s) 'example_sensors' retrieved from /home/dataengineer/.pyenv/versions/3.9.21/lib/python3.9/site-packages/airflow/example_dags/example_sensors.py
[2025-02-16T16:55:46.580+0700] {logging_mixin.py:190} INFO - [2025-02-16T16:55:46.580+0700] {dag.py:3239} INFO - Sync 1 DAGs
[2025-02-16T16:55:46.592+0700] {logging_mixin.py:190} INFO - [2025-02-16T16:55:46.591+0700] {dag.py:4180} INFO - Setting next_dagrun for example_sensors to None, run_after=None
[2025-02-16T16:55:46.612+0700] {processor.py:208} INFO - Processing /home/dataengineer/.pyenv/versions/3.9.21/lib/python3.9/site-packages/airflow/example_dags/example_sensors.py took 0.073 seconds
[2025-02-16T16:56:55.591+0700] {processor.py:186} INFO - Started process (PID=42231) to work on /home/dataengineer/.pyenv/versions/3.9.21/lib/python3.9/site-packages/airflow/example_dags/example_sensors.py
[2025-02-16T16:56:55.592+0700] {processor.py:914} INFO - Processing file /home/dataengineer/.pyenv/versions/3.9.21/lib/python3.9/site-packages/airflow/example_dags/example_sensors.py for tasks to queue
[2025-02-16T16:56:55.593+0700] {logging_mixin.py:190} INFO - [2025-02-16T16:56:55.593+0700] {dagbag.py:588} INFO - Filling up the DagBag from /home/dataengineer/.pyenv/versions/3.9.21/lib/python3.9/site-packages/airflow/example_dags/example_sensors.py
[2025-02-16T16:56:55.605+0700] {processor.py:925} INFO - DAG(s) 'example_sensors' retrieved from /home/dataengineer/.pyenv/versions/3.9.21/lib/python3.9/site-packages/airflow/example_dags/example_sensors.py
[2025-02-16T16:56:55.624+0700] {logging_mixin.py:190} INFO - [2025-02-16T16:56:55.624+0700] {dag.py:3239} INFO - Sync 1 DAGs
[2025-02-16T16:56:55.635+0700] {logging_mixin.py:190} INFO - [2025-02-16T16:56:55.635+0700] {dag.py:4180} INFO - Setting next_dagrun for example_sensors to None, run_after=None
[2025-02-16T16:56:55.655+0700] {processor.py:208} INFO - Processing /home/dataengineer/.pyenv/versions/3.9.21/lib/python3.9/site-packages/airflow/example_dags/example_sensors.py took 0.069 seconds
[2025-02-16T16:58:09.783+0700] {processor.py:186} INFO - Started process (PID=42851) to work on /home/dataengineer/.pyenv/versions/3.9.21/lib/python3.9/site-packages/airflow/example_dags/example_sensors.py
[2025-02-16T16:58:09.784+0700] {processor.py:914} INFO - Processing file /home/dataengineer/.pyenv/versions/3.9.21/lib/python3.9/site-packages/airflow/example_dags/example_sensors.py for tasks to queue
[2025-02-16T16:58:09.785+0700] {logging_mixin.py:190} INFO - [2025-02-16T16:58:09.784+0700] {dagbag.py:588} INFO - Filling up the DagBag from /home/dataengineer/.pyenv/versions/3.9.21/lib/python3.9/site-packages/airflow/example_dags/example_sensors.py
[2025-02-16T16:58:09.796+0700] {processor.py:925} INFO - DAG(s) 'example_sensors' retrieved from /home/dataengineer/.pyenv/versions/3.9.21/lib/python3.9/site-packages/airflow/example_dags/example_sensors.py
[2025-02-16T16:58:09.815+0700] {logging_mixin.py:190} INFO - [2025-02-16T16:58:09.815+0700] {dag.py:3239} INFO - Sync 1 DAGs
[2025-02-16T16:58:09.826+0700] {logging_mixin.py:190} INFO - [2025-02-16T16:58:09.826+0700] {dag.py:4180} INFO - Setting next_dagrun for example_sensors to None, run_after=None
[2025-02-16T16:58:09.845+0700] {processor.py:208} INFO - Processing /home/dataengineer/.pyenv/versions/3.9.21/lib/python3.9/site-packages/airflow/example_dags/example_sensors.py took 0.068 seconds
[2025-02-16T16:59:00.739+0700] {processor.py:186} INFO - Started process (PID=43232) to work on /home/dataengineer/.pyenv/versions/3.9.21/lib/python3.9/site-packages/airflow/example_dags/example_sensors.py
[2025-02-16T16:59:00.740+0700] {processor.py:914} INFO - Processing file /home/dataengineer/.pyenv/versions/3.9.21/lib/python3.9/site-packages/airflow/example_dags/example_sensors.py for tasks to queue
[2025-02-16T16:59:00.741+0700] {logging_mixin.py:190} INFO - [2025-02-16T16:59:00.741+0700] {dagbag.py:588} INFO - Filling up the DagBag from /home/dataengineer/.pyenv/versions/3.9.21/lib/python3.9/site-packages/airflow/example_dags/example_sensors.py
[2025-02-16T16:59:00.754+0700] {processor.py:925} INFO - DAG(s) 'example_sensors' retrieved from /home/dataengineer/.pyenv/versions/3.9.21/lib/python3.9/site-packages/airflow/example_dags/example_sensors.py
[2025-02-16T16:59:00.776+0700] {logging_mixin.py:190} INFO - [2025-02-16T16:59:00.776+0700] {dag.py:3239} INFO - Sync 1 DAGs
[2025-02-16T16:59:00.789+0700] {logging_mixin.py:190} INFO - [2025-02-16T16:59:00.788+0700] {dag.py:4180} INFO - Setting next_dagrun for example_sensors to None, run_after=None
[2025-02-16T16:59:00.811+0700] {processor.py:208} INFO - Processing /home/dataengineer/.pyenv/versions/3.9.21/lib/python3.9/site-packages/airflow/example_dags/example_sensors.py took 0.078 seconds
[2025-02-16T16:59:50.971+0700] {processor.py:186} INFO - Started process (PID=43442) to work on /home/dataengineer/.pyenv/versions/3.9.21/lib/python3.9/site-packages/airflow/example_dags/example_sensors.py
[2025-02-16T16:59:50.972+0700] {processor.py:914} INFO - Processing file /home/dataengineer/.pyenv/versions/3.9.21/lib/python3.9/site-packages/airflow/example_dags/example_sensors.py for tasks to queue
[2025-02-16T16:59:50.973+0700] {logging_mixin.py:190} INFO - [2025-02-16T16:59:50.973+0700] {dagbag.py:588} INFO - Filling up the DagBag from /home/dataengineer/.pyenv/versions/3.9.21/lib/python3.9/site-packages/airflow/example_dags/example_sensors.py
[2025-02-16T16:59:50.986+0700] {processor.py:925} INFO - DAG(s) 'example_sensors' retrieved from /home/dataengineer/.pyenv/versions/3.9.21/lib/python3.9/site-packages/airflow/example_dags/example_sensors.py
[2025-02-16T16:59:51.008+0700] {logging_mixin.py:190} INFO - [2025-02-16T16:59:51.008+0700] {dag.py:3239} INFO - Sync 1 DAGs
[2025-02-16T16:59:51.020+0700] {logging_mixin.py:190} INFO - [2025-02-16T16:59:51.020+0700] {dag.py:4180} INFO - Setting next_dagrun for example_sensors to None, run_after=None
[2025-02-16T16:59:51.041+0700] {processor.py:208} INFO - Processing /home/dataengineer/.pyenv/versions/3.9.21/lib/python3.9/site-packages/airflow/example_dags/example_sensors.py took 0.076 seconds
