[2025-02-16T15:57:59.601+0700] {processor.py:186} INFO - Started process (PID=25538) to work on /home/dataengineer/.pyenv/versions/3.9.21/lib/python3.9/site-packages/airflow/example_dags/example_branch_day_of_week_operator.py
[2025-02-16T15:57:59.602+0700] {processor.py:914} INFO - Processing file /home/dataengineer/.pyenv/versions/3.9.21/lib/python3.9/site-packages/airflow/example_dags/example_branch_day_of_week_operator.py for tasks to queue
[2025-02-16T15:57:59.604+0700] {logging_mixin.py:190} INFO - [2025-02-16T15:57:59.603+0700] {dagbag.py:588} INFO - Filling up the DagBag from /home/dataengineer/.pyenv/versions/3.9.21/lib/python3.9/site-packages/airflow/example_dags/example_branch_day_of_week_operator.py
[2025-02-16T15:57:59.613+0700] {processor.py:925} INFO - DAG(s) 'example_weekday_branch_operator' retrieved from /home/dataengineer/.pyenv/versions/3.9.21/lib/python3.9/site-packages/airflow/example_dags/example_branch_day_of_week_operator.py
[2025-02-16T15:57:59.628+0700] {logging_mixin.py:190} INFO - [2025-02-16T15:57:59.628+0700] {dag.py:3239} INFO - Sync 1 DAGs
[2025-02-16T15:57:59.647+0700] {logging_mixin.py:190} INFO - [2025-02-16T15:57:59.647+0700] {dag.py:4180} INFO - Setting next_dagrun for example_weekday_branch_operator to 2025-02-15 00:00:00+00:00, run_after=2025-02-16 00:00:00+00:00
[2025-02-16T15:57:59.665+0700] {processor.py:208} INFO - Processing /home/dataengineer/.pyenv/versions/3.9.21/lib/python3.9/site-packages/airflow/example_dags/example_branch_day_of_week_operator.py took 0.069 seconds
[2025-02-16T15:58:54.989+0700] {processor.py:186} INFO - Started process (PID=25769) to work on /home/dataengineer/.pyenv/versions/3.9.21/lib/python3.9/site-packages/airflow/example_dags/example_branch_day_of_week_operator.py
[2025-02-16T15:58:54.991+0700] {processor.py:914} INFO - Processing file /home/dataengineer/.pyenv/versions/3.9.21/lib/python3.9/site-packages/airflow/example_dags/example_branch_day_of_week_operator.py for tasks to queue
[2025-02-16T15:58:54.992+0700] {logging_mixin.py:190} INFO - [2025-02-16T15:58:54.992+0700] {dagbag.py:588} INFO - Filling up the DagBag from /home/dataengineer/.pyenv/versions/3.9.21/lib/python3.9/site-packages/airflow/example_dags/example_branch_day_of_week_operator.py
[2025-02-16T15:58:55.004+0700] {processor.py:925} INFO - DAG(s) 'example_weekday_branch_operator' retrieved from /home/dataengineer/.pyenv/versions/3.9.21/lib/python3.9/site-packages/airflow/example_dags/example_branch_day_of_week_operator.py
[2025-02-16T15:58:55.027+0700] {logging_mixin.py:190} INFO - [2025-02-16T15:58:55.026+0700] {dag.py:3239} INFO - Sync 1 DAGs
[2025-02-16T15:58:55.053+0700] {logging_mixin.py:190} INFO - [2025-02-16T15:58:55.052+0700] {dag.py:4180} INFO - Setting next_dagrun for example_weekday_branch_operator to 2025-02-15 00:00:00+00:00, run_after=2025-02-16 00:00:00+00:00
[2025-02-16T15:58:55.075+0700] {processor.py:208} INFO - Processing /home/dataengineer/.pyenv/versions/3.9.21/lib/python3.9/site-packages/airflow/example_dags/example_branch_day_of_week_operator.py took 0.093 seconds
[2025-02-16T15:59:49.887+0700] {processor.py:186} INFO - Started process (PID=26079) to work on /home/dataengineer/.pyenv/versions/3.9.21/lib/python3.9/site-packages/airflow/example_dags/example_branch_day_of_week_operator.py
[2025-02-16T15:59:49.888+0700] {processor.py:914} INFO - Processing file /home/dataengineer/.pyenv/versions/3.9.21/lib/python3.9/site-packages/airflow/example_dags/example_branch_day_of_week_operator.py for tasks to queue
[2025-02-16T15:59:49.890+0700] {logging_mixin.py:190} INFO - [2025-02-16T15:59:49.889+0700] {dagbag.py:588} INFO - Filling up the DagBag from /home/dataengineer/.pyenv/versions/3.9.21/lib/python3.9/site-packages/airflow/example_dags/example_branch_day_of_week_operator.py
[2025-02-16T15:59:49.904+0700] {processor.py:925} INFO - DAG(s) 'example_weekday_branch_operator' retrieved from /home/dataengineer/.pyenv/versions/3.9.21/lib/python3.9/site-packages/airflow/example_dags/example_branch_day_of_week_operator.py
[2025-02-16T15:59:49.920+0700] {logging_mixin.py:190} INFO - [2025-02-16T15:59:49.919+0700] {dag.py:3239} INFO - Sync 1 DAGs
[2025-02-16T15:59:49.945+0700] {logging_mixin.py:190} INFO - [2025-02-16T15:59:49.944+0700] {dag.py:4180} INFO - Setting next_dagrun for example_weekday_branch_operator to 2025-02-15 00:00:00+00:00, run_after=2025-02-16 00:00:00+00:00
[2025-02-16T15:59:49.968+0700] {processor.py:208} INFO - Processing /home/dataengineer/.pyenv/versions/3.9.21/lib/python3.9/site-packages/airflow/example_dags/example_branch_day_of_week_operator.py took 0.087 seconds
[2025-02-16T16:01:02.495+0700] {processor.py:186} INFO - Started process (PID=26385) to work on /home/dataengineer/.pyenv/versions/3.9.21/lib/python3.9/site-packages/airflow/example_dags/example_branch_day_of_week_operator.py
[2025-02-16T16:01:02.497+0700] {processor.py:914} INFO - Processing file /home/dataengineer/.pyenv/versions/3.9.21/lib/python3.9/site-packages/airflow/example_dags/example_branch_day_of_week_operator.py for tasks to queue
[2025-02-16T16:01:02.498+0700] {logging_mixin.py:190} INFO - [2025-02-16T16:01:02.498+0700] {dagbag.py:588} INFO - Filling up the DagBag from /home/dataengineer/.pyenv/versions/3.9.21/lib/python3.9/site-packages/airflow/example_dags/example_branch_day_of_week_operator.py
[2025-02-16T16:01:02.509+0700] {processor.py:925} INFO - DAG(s) 'example_weekday_branch_operator' retrieved from /home/dataengineer/.pyenv/versions/3.9.21/lib/python3.9/site-packages/airflow/example_dags/example_branch_day_of_week_operator.py
[2025-02-16T16:01:02.524+0700] {logging_mixin.py:190} INFO - [2025-02-16T16:01:02.524+0700] {dag.py:3239} INFO - Sync 1 DAGs
[2025-02-16T16:01:02.546+0700] {logging_mixin.py:190} INFO - [2025-02-16T16:01:02.545+0700] {dag.py:4180} INFO - Setting next_dagrun for example_weekday_branch_operator to 2025-02-15 00:00:00+00:00, run_after=2025-02-16 00:00:00+00:00
[2025-02-16T16:01:02.566+0700] {processor.py:208} INFO - Processing /home/dataengineer/.pyenv/versions/3.9.21/lib/python3.9/site-packages/airflow/example_dags/example_branch_day_of_week_operator.py took 0.077 seconds
[2025-02-16T16:01:56.013+0700] {processor.py:186} INFO - Started process (PID=26811) to work on /home/dataengineer/.pyenv/versions/3.9.21/lib/python3.9/site-packages/airflow/example_dags/example_branch_day_of_week_operator.py
[2025-02-16T16:01:56.015+0700] {processor.py:914} INFO - Processing file /home/dataengineer/.pyenv/versions/3.9.21/lib/python3.9/site-packages/airflow/example_dags/example_branch_day_of_week_operator.py for tasks to queue
[2025-02-16T16:01:56.016+0700] {logging_mixin.py:190} INFO - [2025-02-16T16:01:56.015+0700] {dagbag.py:588} INFO - Filling up the DagBag from /home/dataengineer/.pyenv/versions/3.9.21/lib/python3.9/site-packages/airflow/example_dags/example_branch_day_of_week_operator.py
[2025-02-16T16:01:56.027+0700] {processor.py:925} INFO - DAG(s) 'example_weekday_branch_operator' retrieved from /home/dataengineer/.pyenv/versions/3.9.21/lib/python3.9/site-packages/airflow/example_dags/example_branch_day_of_week_operator.py
[2025-02-16T16:01:56.043+0700] {logging_mixin.py:190} INFO - [2025-02-16T16:01:56.042+0700] {dag.py:3239} INFO - Sync 1 DAGs
[2025-02-16T16:01:56.064+0700] {logging_mixin.py:190} INFO - [2025-02-16T16:01:56.064+0700] {dag.py:4180} INFO - Setting next_dagrun for example_weekday_branch_operator to 2025-02-15 00:00:00+00:00, run_after=2025-02-16 00:00:00+00:00
[2025-02-16T16:01:56.087+0700] {processor.py:208} INFO - Processing /home/dataengineer/.pyenv/versions/3.9.21/lib/python3.9/site-packages/airflow/example_dags/example_branch_day_of_week_operator.py took 0.080 seconds
[2025-02-16T16:02:55.853+0700] {processor.py:186} INFO - Started process (PID=27210) to work on /home/dataengineer/.pyenv/versions/3.9.21/lib/python3.9/site-packages/airflow/example_dags/example_branch_day_of_week_operator.py
[2025-02-16T16:02:55.854+0700] {processor.py:914} INFO - Processing file /home/dataengineer/.pyenv/versions/3.9.21/lib/python3.9/site-packages/airflow/example_dags/example_branch_day_of_week_operator.py for tasks to queue
[2025-02-16T16:02:55.855+0700] {logging_mixin.py:190} INFO - [2025-02-16T16:02:55.855+0700] {dagbag.py:588} INFO - Filling up the DagBag from /home/dataengineer/.pyenv/versions/3.9.21/lib/python3.9/site-packages/airflow/example_dags/example_branch_day_of_week_operator.py
[2025-02-16T16:02:55.865+0700] {processor.py:925} INFO - DAG(s) 'example_weekday_branch_operator' retrieved from /home/dataengineer/.pyenv/versions/3.9.21/lib/python3.9/site-packages/airflow/example_dags/example_branch_day_of_week_operator.py
[2025-02-16T16:02:55.879+0700] {logging_mixin.py:190} INFO - [2025-02-16T16:02:55.879+0700] {dag.py:3239} INFO - Sync 1 DAGs
[2025-02-16T16:02:55.898+0700] {logging_mixin.py:190} INFO - [2025-02-16T16:02:55.898+0700] {dag.py:4180} INFO - Setting next_dagrun for example_weekday_branch_operator to 2025-02-15 00:00:00+00:00, run_after=2025-02-16 00:00:00+00:00
[2025-02-16T16:02:55.917+0700] {processor.py:208} INFO - Processing /home/dataengineer/.pyenv/versions/3.9.21/lib/python3.9/site-packages/airflow/example_dags/example_branch_day_of_week_operator.py took 0.070 seconds
[2025-02-16T16:04:04.832+0700] {processor.py:186} INFO - Started process (PID=27500) to work on /home/dataengineer/.pyenv/versions/3.9.21/lib/python3.9/site-packages/airflow/example_dags/example_branch_day_of_week_operator.py
[2025-02-16T16:04:04.833+0700] {processor.py:914} INFO - Processing file /home/dataengineer/.pyenv/versions/3.9.21/lib/python3.9/site-packages/airflow/example_dags/example_branch_day_of_week_operator.py for tasks to queue
[2025-02-16T16:04:04.834+0700] {logging_mixin.py:190} INFO - [2025-02-16T16:04:04.834+0700] {dagbag.py:588} INFO - Filling up the DagBag from /home/dataengineer/.pyenv/versions/3.9.21/lib/python3.9/site-packages/airflow/example_dags/example_branch_day_of_week_operator.py
[2025-02-16T16:04:04.845+0700] {processor.py:925} INFO - DAG(s) 'example_weekday_branch_operator' retrieved from /home/dataengineer/.pyenv/versions/3.9.21/lib/python3.9/site-packages/airflow/example_dags/example_branch_day_of_week_operator.py
[2025-02-16T16:04:04.860+0700] {logging_mixin.py:190} INFO - [2025-02-16T16:04:04.860+0700] {dag.py:3239} INFO - Sync 1 DAGs
[2025-02-16T16:04:04.881+0700] {logging_mixin.py:190} INFO - [2025-02-16T16:04:04.880+0700] {dag.py:4180} INFO - Setting next_dagrun for example_weekday_branch_operator to 2025-02-15 00:00:00+00:00, run_after=2025-02-16 00:00:00+00:00
[2025-02-16T16:04:04.902+0700] {processor.py:208} INFO - Processing /home/dataengineer/.pyenv/versions/3.9.21/lib/python3.9/site-packages/airflow/example_dags/example_branch_day_of_week_operator.py took 0.075 seconds
[2025-02-16T16:04:54.816+0700] {processor.py:186} INFO - Started process (PID=27707) to work on /home/dataengineer/.pyenv/versions/3.9.21/lib/python3.9/site-packages/airflow/example_dags/example_branch_day_of_week_operator.py
[2025-02-16T16:04:54.817+0700] {processor.py:914} INFO - Processing file /home/dataengineer/.pyenv/versions/3.9.21/lib/python3.9/site-packages/airflow/example_dags/example_branch_day_of_week_operator.py for tasks to queue
[2025-02-16T16:04:54.818+0700] {logging_mixin.py:190} INFO - [2025-02-16T16:04:54.818+0700] {dagbag.py:588} INFO - Filling up the DagBag from /home/dataengineer/.pyenv/versions/3.9.21/lib/python3.9/site-packages/airflow/example_dags/example_branch_day_of_week_operator.py
[2025-02-16T16:04:54.828+0700] {processor.py:925} INFO - DAG(s) 'example_weekday_branch_operator' retrieved from /home/dataengineer/.pyenv/versions/3.9.21/lib/python3.9/site-packages/airflow/example_dags/example_branch_day_of_week_operator.py
[2025-02-16T16:04:54.845+0700] {logging_mixin.py:190} INFO - [2025-02-16T16:04:54.845+0700] {dag.py:3239} INFO - Sync 1 DAGs
[2025-02-16T16:04:54.868+0700] {logging_mixin.py:190} INFO - [2025-02-16T16:04:54.867+0700] {dag.py:4180} INFO - Setting next_dagrun for example_weekday_branch_operator to 2025-02-15 00:00:00+00:00, run_after=2025-02-16 00:00:00+00:00
[2025-02-16T16:04:54.888+0700] {processor.py:208} INFO - Processing /home/dataengineer/.pyenv/versions/3.9.21/lib/python3.9/site-packages/airflow/example_dags/example_branch_day_of_week_operator.py took 0.079 seconds
[2025-02-16T16:05:51.643+0700] {processor.py:186} INFO - Started process (PID=27945) to work on /home/dataengineer/.pyenv/versions/3.9.21/lib/python3.9/site-packages/airflow/example_dags/example_branch_day_of_week_operator.py
[2025-02-16T16:05:51.644+0700] {processor.py:914} INFO - Processing file /home/dataengineer/.pyenv/versions/3.9.21/lib/python3.9/site-packages/airflow/example_dags/example_branch_day_of_week_operator.py for tasks to queue
[2025-02-16T16:05:51.645+0700] {logging_mixin.py:190} INFO - [2025-02-16T16:05:51.645+0700] {dagbag.py:588} INFO - Filling up the DagBag from /home/dataengineer/.pyenv/versions/3.9.21/lib/python3.9/site-packages/airflow/example_dags/example_branch_day_of_week_operator.py
[2025-02-16T16:05:51.656+0700] {processor.py:925} INFO - DAG(s) 'example_weekday_branch_operator' retrieved from /home/dataengineer/.pyenv/versions/3.9.21/lib/python3.9/site-packages/airflow/example_dags/example_branch_day_of_week_operator.py
[2025-02-16T16:05:51.670+0700] {logging_mixin.py:190} INFO - [2025-02-16T16:05:51.670+0700] {dag.py:3239} INFO - Sync 1 DAGs
[2025-02-16T16:05:51.690+0700] {logging_mixin.py:190} INFO - [2025-02-16T16:05:51.690+0700] {dag.py:4180} INFO - Setting next_dagrun for example_weekday_branch_operator to 2025-02-15 00:00:00+00:00, run_after=2025-02-16 00:00:00+00:00
[2025-02-16T16:05:51.710+0700] {processor.py:208} INFO - Processing /home/dataengineer/.pyenv/versions/3.9.21/lib/python3.9/site-packages/airflow/example_dags/example_branch_day_of_week_operator.py took 0.073 seconds
[2025-02-16T16:07:01.282+0700] {processor.py:186} INFO - Started process (PID=28287) to work on /home/dataengineer/.pyenv/versions/3.9.21/lib/python3.9/site-packages/airflow/example_dags/example_branch_day_of_week_operator.py
[2025-02-16T16:07:01.284+0700] {processor.py:914} INFO - Processing file /home/dataengineer/.pyenv/versions/3.9.21/lib/python3.9/site-packages/airflow/example_dags/example_branch_day_of_week_operator.py for tasks to queue
[2025-02-16T16:07:01.285+0700] {logging_mixin.py:190} INFO - [2025-02-16T16:07:01.285+0700] {dagbag.py:588} INFO - Filling up the DagBag from /home/dataengineer/.pyenv/versions/3.9.21/lib/python3.9/site-packages/airflow/example_dags/example_branch_day_of_week_operator.py
[2025-02-16T16:07:01.294+0700] {processor.py:925} INFO - DAG(s) 'example_weekday_branch_operator' retrieved from /home/dataengineer/.pyenv/versions/3.9.21/lib/python3.9/site-packages/airflow/example_dags/example_branch_day_of_week_operator.py
[2025-02-16T16:07:01.308+0700] {logging_mixin.py:190} INFO - [2025-02-16T16:07:01.308+0700] {dag.py:3239} INFO - Sync 1 DAGs
[2025-02-16T16:07:01.327+0700] {logging_mixin.py:190} INFO - [2025-02-16T16:07:01.327+0700] {dag.py:4180} INFO - Setting next_dagrun for example_weekday_branch_operator to 2025-02-15 00:00:00+00:00, run_after=2025-02-16 00:00:00+00:00
[2025-02-16T16:07:01.345+0700] {processor.py:208} INFO - Processing /home/dataengineer/.pyenv/versions/3.9.21/lib/python3.9/site-packages/airflow/example_dags/example_branch_day_of_week_operator.py took 0.068 seconds
[2025-02-16T16:08:14.775+0700] {processor.py:186} INFO - Started process (PID=28757) to work on /home/dataengineer/.pyenv/versions/3.9.21/lib/python3.9/site-packages/airflow/example_dags/example_branch_day_of_week_operator.py
[2025-02-16T16:08:14.777+0700] {processor.py:914} INFO - Processing file /home/dataengineer/.pyenv/versions/3.9.21/lib/python3.9/site-packages/airflow/example_dags/example_branch_day_of_week_operator.py for tasks to queue
[2025-02-16T16:08:14.778+0700] {logging_mixin.py:190} INFO - [2025-02-16T16:08:14.778+0700] {dagbag.py:588} INFO - Filling up the DagBag from /home/dataengineer/.pyenv/versions/3.9.21/lib/python3.9/site-packages/airflow/example_dags/example_branch_day_of_week_operator.py
[2025-02-16T16:08:14.788+0700] {processor.py:925} INFO - DAG(s) 'example_weekday_branch_operator' retrieved from /home/dataengineer/.pyenv/versions/3.9.21/lib/python3.9/site-packages/airflow/example_dags/example_branch_day_of_week_operator.py
[2025-02-16T16:08:14.803+0700] {logging_mixin.py:190} INFO - [2025-02-16T16:08:14.803+0700] {dag.py:3239} INFO - Sync 1 DAGs
[2025-02-16T16:08:14.824+0700] {logging_mixin.py:190} INFO - [2025-02-16T16:08:14.823+0700] {dag.py:4180} INFO - Setting next_dagrun for example_weekday_branch_operator to 2025-02-15 00:00:00+00:00, run_after=2025-02-16 00:00:00+00:00
[2025-02-16T16:08:14.845+0700] {processor.py:208} INFO - Processing /home/dataengineer/.pyenv/versions/3.9.21/lib/python3.9/site-packages/airflow/example_dags/example_branch_day_of_week_operator.py took 0.076 seconds
[2025-02-16T16:09:23.803+0700] {processor.py:186} INFO - Started process (PID=29086) to work on /home/dataengineer/.pyenv/versions/3.9.21/lib/python3.9/site-packages/airflow/example_dags/example_branch_day_of_week_operator.py
[2025-02-16T16:09:23.804+0700] {processor.py:914} INFO - Processing file /home/dataengineer/.pyenv/versions/3.9.21/lib/python3.9/site-packages/airflow/example_dags/example_branch_day_of_week_operator.py for tasks to queue
[2025-02-16T16:09:23.806+0700] {logging_mixin.py:190} INFO - [2025-02-16T16:09:23.805+0700] {dagbag.py:588} INFO - Filling up the DagBag from /home/dataengineer/.pyenv/versions/3.9.21/lib/python3.9/site-packages/airflow/example_dags/example_branch_day_of_week_operator.py
[2025-02-16T16:09:23.817+0700] {processor.py:925} INFO - DAG(s) 'example_weekday_branch_operator' retrieved from /home/dataengineer/.pyenv/versions/3.9.21/lib/python3.9/site-packages/airflow/example_dags/example_branch_day_of_week_operator.py
[2025-02-16T16:09:23.832+0700] {logging_mixin.py:190} INFO - [2025-02-16T16:09:23.832+0700] {dag.py:3239} INFO - Sync 1 DAGs
[2025-02-16T16:09:23.856+0700] {logging_mixin.py:190} INFO - [2025-02-16T16:09:23.855+0700] {dag.py:4180} INFO - Setting next_dagrun for example_weekday_branch_operator to 2025-02-15 00:00:00+00:00, run_after=2025-02-16 00:00:00+00:00
[2025-02-16T16:09:23.876+0700] {processor.py:208} INFO - Processing /home/dataengineer/.pyenv/versions/3.9.21/lib/python3.9/site-packages/airflow/example_dags/example_branch_day_of_week_operator.py took 0.080 seconds
[2025-02-16T16:10:17.414+0700] {processor.py:186} INFO - Started process (PID=29352) to work on /home/dataengineer/.pyenv/versions/3.9.21/lib/python3.9/site-packages/airflow/example_dags/example_branch_day_of_week_operator.py
[2025-02-16T16:10:17.416+0700] {processor.py:914} INFO - Processing file /home/dataengineer/.pyenv/versions/3.9.21/lib/python3.9/site-packages/airflow/example_dags/example_branch_day_of_week_operator.py for tasks to queue
[2025-02-16T16:10:17.417+0700] {logging_mixin.py:190} INFO - [2025-02-16T16:10:17.416+0700] {dagbag.py:588} INFO - Filling up the DagBag from /home/dataengineer/.pyenv/versions/3.9.21/lib/python3.9/site-packages/airflow/example_dags/example_branch_day_of_week_operator.py
[2025-02-16T16:10:17.427+0700] {processor.py:925} INFO - DAG(s) 'example_weekday_branch_operator' retrieved from /home/dataengineer/.pyenv/versions/3.9.21/lib/python3.9/site-packages/airflow/example_dags/example_branch_day_of_week_operator.py
[2025-02-16T16:10:17.443+0700] {logging_mixin.py:190} INFO - [2025-02-16T16:10:17.443+0700] {dag.py:3239} INFO - Sync 1 DAGs
[2025-02-16T16:10:17.468+0700] {logging_mixin.py:190} INFO - [2025-02-16T16:10:17.467+0700] {dag.py:4180} INFO - Setting next_dagrun for example_weekday_branch_operator to 2025-02-15 00:00:00+00:00, run_after=2025-02-16 00:00:00+00:00
[2025-02-16T16:10:17.489+0700] {processor.py:208} INFO - Processing /home/dataengineer/.pyenv/versions/3.9.21/lib/python3.9/site-packages/airflow/example_dags/example_branch_day_of_week_operator.py took 0.080 seconds
[2025-02-16T16:11:24.980+0700] {processor.py:186} INFO - Started process (PID=29639) to work on /home/dataengineer/.pyenv/versions/3.9.21/lib/python3.9/site-packages/airflow/example_dags/example_branch_day_of_week_operator.py
[2025-02-16T16:11:24.981+0700] {processor.py:914} INFO - Processing file /home/dataengineer/.pyenv/versions/3.9.21/lib/python3.9/site-packages/airflow/example_dags/example_branch_day_of_week_operator.py for tasks to queue
[2025-02-16T16:11:24.983+0700] {logging_mixin.py:190} INFO - [2025-02-16T16:11:24.982+0700] {dagbag.py:588} INFO - Filling up the DagBag from /home/dataengineer/.pyenv/versions/3.9.21/lib/python3.9/site-packages/airflow/example_dags/example_branch_day_of_week_operator.py
[2025-02-16T16:11:24.994+0700] {processor.py:925} INFO - DAG(s) 'example_weekday_branch_operator' retrieved from /home/dataengineer/.pyenv/versions/3.9.21/lib/python3.9/site-packages/airflow/example_dags/example_branch_day_of_week_operator.py
[2025-02-16T16:11:25.009+0700] {logging_mixin.py:190} INFO - [2025-02-16T16:11:25.009+0700] {dag.py:3239} INFO - Sync 1 DAGs
[2025-02-16T16:11:25.033+0700] {logging_mixin.py:190} INFO - [2025-02-16T16:11:25.032+0700] {dag.py:4180} INFO - Setting next_dagrun for example_weekday_branch_operator to 2025-02-15 00:00:00+00:00, run_after=2025-02-16 00:00:00+00:00
[2025-02-16T16:11:25.054+0700] {processor.py:208} INFO - Processing /home/dataengineer/.pyenv/versions/3.9.21/lib/python3.9/site-packages/airflow/example_dags/example_branch_day_of_week_operator.py took 0.081 seconds
[2025-02-16T16:12:16.674+0700] {processor.py:186} INFO - Started process (PID=29861) to work on /home/dataengineer/.pyenv/versions/3.9.21/lib/python3.9/site-packages/airflow/example_dags/example_branch_day_of_week_operator.py
[2025-02-16T16:12:16.675+0700] {processor.py:914} INFO - Processing file /home/dataengineer/.pyenv/versions/3.9.21/lib/python3.9/site-packages/airflow/example_dags/example_branch_day_of_week_operator.py for tasks to queue
[2025-02-16T16:12:16.677+0700] {logging_mixin.py:190} INFO - [2025-02-16T16:12:16.676+0700] {dagbag.py:588} INFO - Filling up the DagBag from /home/dataengineer/.pyenv/versions/3.9.21/lib/python3.9/site-packages/airflow/example_dags/example_branch_day_of_week_operator.py
[2025-02-16T16:12:16.687+0700] {processor.py:925} INFO - DAG(s) 'example_weekday_branch_operator' retrieved from /home/dataengineer/.pyenv/versions/3.9.21/lib/python3.9/site-packages/airflow/example_dags/example_branch_day_of_week_operator.py
[2025-02-16T16:12:16.702+0700] {logging_mixin.py:190} INFO - [2025-02-16T16:12:16.702+0700] {dag.py:3239} INFO - Sync 1 DAGs
[2025-02-16T16:12:16.722+0700] {logging_mixin.py:190} INFO - [2025-02-16T16:12:16.722+0700] {dag.py:4180} INFO - Setting next_dagrun for example_weekday_branch_operator to 2025-02-15 00:00:00+00:00, run_after=2025-02-16 00:00:00+00:00
[2025-02-16T16:12:16.742+0700] {processor.py:208} INFO - Processing /home/dataengineer/.pyenv/versions/3.9.21/lib/python3.9/site-packages/airflow/example_dags/example_branch_day_of_week_operator.py took 0.073 seconds
[2025-02-16T16:13:33.489+0700] {processor.py:186} INFO - Started process (PID=30178) to work on /home/dataengineer/.pyenv/versions/3.9.21/lib/python3.9/site-packages/airflow/example_dags/example_branch_day_of_week_operator.py
[2025-02-16T16:13:33.490+0700] {processor.py:914} INFO - Processing file /home/dataengineer/.pyenv/versions/3.9.21/lib/python3.9/site-packages/airflow/example_dags/example_branch_day_of_week_operator.py for tasks to queue
[2025-02-16T16:13:33.492+0700] {logging_mixin.py:190} INFO - [2025-02-16T16:13:33.491+0700] {dagbag.py:588} INFO - Filling up the DagBag from /home/dataengineer/.pyenv/versions/3.9.21/lib/python3.9/site-packages/airflow/example_dags/example_branch_day_of_week_operator.py
[2025-02-16T16:13:33.502+0700] {processor.py:925} INFO - DAG(s) 'example_weekday_branch_operator' retrieved from /home/dataengineer/.pyenv/versions/3.9.21/lib/python3.9/site-packages/airflow/example_dags/example_branch_day_of_week_operator.py
[2025-02-16T16:13:33.517+0700] {logging_mixin.py:190} INFO - [2025-02-16T16:13:33.517+0700] {dag.py:3239} INFO - Sync 1 DAGs
[2025-02-16T16:13:33.540+0700] {logging_mixin.py:190} INFO - [2025-02-16T16:13:33.540+0700] {dag.py:4180} INFO - Setting next_dagrun for example_weekday_branch_operator to 2025-02-15 00:00:00+00:00, run_after=2025-02-16 00:00:00+00:00
[2025-02-16T16:13:33.564+0700] {processor.py:208} INFO - Processing /home/dataengineer/.pyenv/versions/3.9.21/lib/python3.9/site-packages/airflow/example_dags/example_branch_day_of_week_operator.py took 0.081 seconds
[2025-02-16T16:14:47.438+0700] {processor.py:186} INFO - Started process (PID=30483) to work on /home/dataengineer/.pyenv/versions/3.9.21/lib/python3.9/site-packages/airflow/example_dags/example_branch_day_of_week_operator.py
[2025-02-16T16:14:47.440+0700] {processor.py:914} INFO - Processing file /home/dataengineer/.pyenv/versions/3.9.21/lib/python3.9/site-packages/airflow/example_dags/example_branch_day_of_week_operator.py for tasks to queue
[2025-02-16T16:14:47.441+0700] {logging_mixin.py:190} INFO - [2025-02-16T16:14:47.441+0700] {dagbag.py:588} INFO - Filling up the DagBag from /home/dataengineer/.pyenv/versions/3.9.21/lib/python3.9/site-packages/airflow/example_dags/example_branch_day_of_week_operator.py
[2025-02-16T16:14:47.451+0700] {processor.py:925} INFO - DAG(s) 'example_weekday_branch_operator' retrieved from /home/dataengineer/.pyenv/versions/3.9.21/lib/python3.9/site-packages/airflow/example_dags/example_branch_day_of_week_operator.py
[2025-02-16T16:14:47.467+0700] {logging_mixin.py:190} INFO - [2025-02-16T16:14:47.467+0700] {dag.py:3239} INFO - Sync 1 DAGs
[2025-02-16T16:14:47.489+0700] {logging_mixin.py:190} INFO - [2025-02-16T16:14:47.489+0700] {dag.py:4180} INFO - Setting next_dagrun for example_weekday_branch_operator to 2025-02-15 00:00:00+00:00, run_after=2025-02-16 00:00:00+00:00
[2025-02-16T16:14:47.509+0700] {processor.py:208} INFO - Processing /home/dataengineer/.pyenv/versions/3.9.21/lib/python3.9/site-packages/airflow/example_dags/example_branch_day_of_week_operator.py took 0.077 seconds
[2025-02-16T16:16:01.100+0700] {processor.py:186} INFO - Started process (PID=30790) to work on /home/dataengineer/.pyenv/versions/3.9.21/lib/python3.9/site-packages/airflow/example_dags/example_branch_day_of_week_operator.py
[2025-02-16T16:16:01.102+0700] {processor.py:914} INFO - Processing file /home/dataengineer/.pyenv/versions/3.9.21/lib/python3.9/site-packages/airflow/example_dags/example_branch_day_of_week_operator.py for tasks to queue
[2025-02-16T16:16:01.103+0700] {logging_mixin.py:190} INFO - [2025-02-16T16:16:01.102+0700] {dagbag.py:588} INFO - Filling up the DagBag from /home/dataengineer/.pyenv/versions/3.9.21/lib/python3.9/site-packages/airflow/example_dags/example_branch_day_of_week_operator.py
[2025-02-16T16:16:01.113+0700] {processor.py:925} INFO - DAG(s) 'example_weekday_branch_operator' retrieved from /home/dataengineer/.pyenv/versions/3.9.21/lib/python3.9/site-packages/airflow/example_dags/example_branch_day_of_week_operator.py
[2025-02-16T16:16:01.128+0700] {logging_mixin.py:190} INFO - [2025-02-16T16:16:01.128+0700] {dag.py:3239} INFO - Sync 1 DAGs
[2025-02-16T16:16:01.149+0700] {logging_mixin.py:190} INFO - [2025-02-16T16:16:01.149+0700] {dag.py:4180} INFO - Setting next_dagrun for example_weekday_branch_operator to 2025-02-15 00:00:00+00:00, run_after=2025-02-16 00:00:00+00:00
[2025-02-16T16:16:01.169+0700] {processor.py:208} INFO - Processing /home/dataengineer/.pyenv/versions/3.9.21/lib/python3.9/site-packages/airflow/example_dags/example_branch_day_of_week_operator.py took 0.074 seconds
[2025-02-16T16:17:15.249+0700] {processor.py:186} INFO - Started process (PID=31111) to work on /home/dataengineer/.pyenv/versions/3.9.21/lib/python3.9/site-packages/airflow/example_dags/example_branch_day_of_week_operator.py
[2025-02-16T16:17:15.250+0700] {processor.py:914} INFO - Processing file /home/dataengineer/.pyenv/versions/3.9.21/lib/python3.9/site-packages/airflow/example_dags/example_branch_day_of_week_operator.py for tasks to queue
[2025-02-16T16:17:15.251+0700] {logging_mixin.py:190} INFO - [2025-02-16T16:17:15.251+0700] {dagbag.py:588} INFO - Filling up the DagBag from /home/dataengineer/.pyenv/versions/3.9.21/lib/python3.9/site-packages/airflow/example_dags/example_branch_day_of_week_operator.py
[2025-02-16T16:17:15.264+0700] {processor.py:925} INFO - DAG(s) 'example_weekday_branch_operator' retrieved from /home/dataengineer/.pyenv/versions/3.9.21/lib/python3.9/site-packages/airflow/example_dags/example_branch_day_of_week_operator.py
[2025-02-16T16:17:15.283+0700] {logging_mixin.py:190} INFO - [2025-02-16T16:17:15.282+0700] {dag.py:3239} INFO - Sync 1 DAGs
[2025-02-16T16:17:15.309+0700] {logging_mixin.py:190} INFO - [2025-02-16T16:17:15.309+0700] {dag.py:4180} INFO - Setting next_dagrun for example_weekday_branch_operator to 2025-02-15 00:00:00+00:00, run_after=2025-02-16 00:00:00+00:00
[2025-02-16T16:17:15.333+0700] {processor.py:208} INFO - Processing /home/dataengineer/.pyenv/versions/3.9.21/lib/python3.9/site-packages/airflow/example_dags/example_branch_day_of_week_operator.py took 0.090 seconds
[2025-02-16T16:18:32.625+0700] {processor.py:186} INFO - Started process (PID=31429) to work on /home/dataengineer/.pyenv/versions/3.9.21/lib/python3.9/site-packages/airflow/example_dags/example_branch_day_of_week_operator.py
[2025-02-16T16:18:32.626+0700] {processor.py:914} INFO - Processing file /home/dataengineer/.pyenv/versions/3.9.21/lib/python3.9/site-packages/airflow/example_dags/example_branch_day_of_week_operator.py for tasks to queue
[2025-02-16T16:18:32.628+0700] {logging_mixin.py:190} INFO - [2025-02-16T16:18:32.627+0700] {dagbag.py:588} INFO - Filling up the DagBag from /home/dataengineer/.pyenv/versions/3.9.21/lib/python3.9/site-packages/airflow/example_dags/example_branch_day_of_week_operator.py
[2025-02-16T16:18:32.637+0700] {processor.py:925} INFO - DAG(s) 'example_weekday_branch_operator' retrieved from /home/dataengineer/.pyenv/versions/3.9.21/lib/python3.9/site-packages/airflow/example_dags/example_branch_day_of_week_operator.py
[2025-02-16T16:18:32.652+0700] {logging_mixin.py:190} INFO - [2025-02-16T16:18:32.652+0700] {dag.py:3239} INFO - Sync 1 DAGs
[2025-02-16T16:18:32.673+0700] {logging_mixin.py:190} INFO - [2025-02-16T16:18:32.672+0700] {dag.py:4180} INFO - Setting next_dagrun for example_weekday_branch_operator to 2025-02-15 00:00:00+00:00, run_after=2025-02-16 00:00:00+00:00
[2025-02-16T16:18:32.692+0700] {processor.py:208} INFO - Processing /home/dataengineer/.pyenv/versions/3.9.21/lib/python3.9/site-packages/airflow/example_dags/example_branch_day_of_week_operator.py took 0.073 seconds
[2025-02-16T16:19:22.919+0700] {processor.py:186} INFO - Started process (PID=31642) to work on /home/dataengineer/.pyenv/versions/3.9.21/lib/python3.9/site-packages/airflow/example_dags/example_branch_day_of_week_operator.py
[2025-02-16T16:19:22.920+0700] {processor.py:914} INFO - Processing file /home/dataengineer/.pyenv/versions/3.9.21/lib/python3.9/site-packages/airflow/example_dags/example_branch_day_of_week_operator.py for tasks to queue
[2025-02-16T16:19:22.921+0700] {logging_mixin.py:190} INFO - [2025-02-16T16:19:22.921+0700] {dagbag.py:588} INFO - Filling up the DagBag from /home/dataengineer/.pyenv/versions/3.9.21/lib/python3.9/site-packages/airflow/example_dags/example_branch_day_of_week_operator.py
[2025-02-16T16:19:22.931+0700] {processor.py:925} INFO - DAG(s) 'example_weekday_branch_operator' retrieved from /home/dataengineer/.pyenv/versions/3.9.21/lib/python3.9/site-packages/airflow/example_dags/example_branch_day_of_week_operator.py
[2025-02-16T16:19:22.945+0700] {logging_mixin.py:190} INFO - [2025-02-16T16:19:22.945+0700] {dag.py:3239} INFO - Sync 1 DAGs
[2025-02-16T16:19:22.965+0700] {logging_mixin.py:190} INFO - [2025-02-16T16:19:22.964+0700] {dag.py:4180} INFO - Setting next_dagrun for example_weekday_branch_operator to 2025-02-15 00:00:00+00:00, run_after=2025-02-16 00:00:00+00:00
[2025-02-16T16:19:22.983+0700] {processor.py:208} INFO - Processing /home/dataengineer/.pyenv/versions/3.9.21/lib/python3.9/site-packages/airflow/example_dags/example_branch_day_of_week_operator.py took 0.070 seconds
[2025-02-16T16:20:36.004+0700] {processor.py:186} INFO - Started process (PID=31949) to work on /home/dataengineer/.pyenv/versions/3.9.21/lib/python3.9/site-packages/airflow/example_dags/example_branch_day_of_week_operator.py
[2025-02-16T16:20:36.006+0700] {processor.py:914} INFO - Processing file /home/dataengineer/.pyenv/versions/3.9.21/lib/python3.9/site-packages/airflow/example_dags/example_branch_day_of_week_operator.py for tasks to queue
[2025-02-16T16:20:36.008+0700] {logging_mixin.py:190} INFO - [2025-02-16T16:20:36.007+0700] {dagbag.py:588} INFO - Filling up the DagBag from /home/dataengineer/.pyenv/versions/3.9.21/lib/python3.9/site-packages/airflow/example_dags/example_branch_day_of_week_operator.py
[2025-02-16T16:20:36.025+0700] {processor.py:925} INFO - DAG(s) 'example_weekday_branch_operator' retrieved from /home/dataengineer/.pyenv/versions/3.9.21/lib/python3.9/site-packages/airflow/example_dags/example_branch_day_of_week_operator.py
[2025-02-16T16:20:36.042+0700] {logging_mixin.py:190} INFO - [2025-02-16T16:20:36.041+0700] {dag.py:3239} INFO - Sync 1 DAGs
[2025-02-16T16:20:36.063+0700] {logging_mixin.py:190} INFO - [2025-02-16T16:20:36.063+0700] {dag.py:4180} INFO - Setting next_dagrun for example_weekday_branch_operator to 2025-02-15 00:00:00+00:00, run_after=2025-02-16 00:00:00+00:00
[2025-02-16T16:20:36.083+0700] {processor.py:208} INFO - Processing /home/dataengineer/.pyenv/versions/3.9.21/lib/python3.9/site-packages/airflow/example_dags/example_branch_day_of_week_operator.py took 0.085 seconds
[2025-02-16T16:21:49.431+0700] {processor.py:186} INFO - Started process (PID=32253) to work on /home/dataengineer/.pyenv/versions/3.9.21/lib/python3.9/site-packages/airflow/example_dags/example_branch_day_of_week_operator.py
[2025-02-16T16:21:49.432+0700] {processor.py:914} INFO - Processing file /home/dataengineer/.pyenv/versions/3.9.21/lib/python3.9/site-packages/airflow/example_dags/example_branch_day_of_week_operator.py for tasks to queue
[2025-02-16T16:21:49.434+0700] {logging_mixin.py:190} INFO - [2025-02-16T16:21:49.433+0700] {dagbag.py:588} INFO - Filling up the DagBag from /home/dataengineer/.pyenv/versions/3.9.21/lib/python3.9/site-packages/airflow/example_dags/example_branch_day_of_week_operator.py
[2025-02-16T16:21:49.444+0700] {processor.py:925} INFO - DAG(s) 'example_weekday_branch_operator' retrieved from /home/dataengineer/.pyenv/versions/3.9.21/lib/python3.9/site-packages/airflow/example_dags/example_branch_day_of_week_operator.py
[2025-02-16T16:21:49.460+0700] {logging_mixin.py:190} INFO - [2025-02-16T16:21:49.460+0700] {dag.py:3239} INFO - Sync 1 DAGs
[2025-02-16T16:21:49.481+0700] {logging_mixin.py:190} INFO - [2025-02-16T16:21:49.481+0700] {dag.py:4180} INFO - Setting next_dagrun for example_weekday_branch_operator to 2025-02-15 00:00:00+00:00, run_after=2025-02-16 00:00:00+00:00
[2025-02-16T16:21:49.501+0700] {processor.py:208} INFO - Processing /home/dataengineer/.pyenv/versions/3.9.21/lib/python3.9/site-packages/airflow/example_dags/example_branch_day_of_week_operator.py took 0.075 seconds
[2025-02-16T16:23:03.183+0700] {processor.py:186} INFO - Started process (PID=32564) to work on /home/dataengineer/.pyenv/versions/3.9.21/lib/python3.9/site-packages/airflow/example_dags/example_branch_day_of_week_operator.py
[2025-02-16T16:23:03.184+0700] {processor.py:914} INFO - Processing file /home/dataengineer/.pyenv/versions/3.9.21/lib/python3.9/site-packages/airflow/example_dags/example_branch_day_of_week_operator.py for tasks to queue
[2025-02-16T16:23:03.185+0700] {logging_mixin.py:190} INFO - [2025-02-16T16:23:03.185+0700] {dagbag.py:588} INFO - Filling up the DagBag from /home/dataengineer/.pyenv/versions/3.9.21/lib/python3.9/site-packages/airflow/example_dags/example_branch_day_of_week_operator.py
[2025-02-16T16:23:03.196+0700] {processor.py:925} INFO - DAG(s) 'example_weekday_branch_operator' retrieved from /home/dataengineer/.pyenv/versions/3.9.21/lib/python3.9/site-packages/airflow/example_dags/example_branch_day_of_week_operator.py
[2025-02-16T16:23:03.212+0700] {logging_mixin.py:190} INFO - [2025-02-16T16:23:03.212+0700] {dag.py:3239} INFO - Sync 1 DAGs
[2025-02-16T16:23:03.234+0700] {logging_mixin.py:190} INFO - [2025-02-16T16:23:03.234+0700] {dag.py:4180} INFO - Setting next_dagrun for example_weekday_branch_operator to 2025-02-15 00:00:00+00:00, run_after=2025-02-16 00:00:00+00:00
[2025-02-16T16:23:03.255+0700] {processor.py:208} INFO - Processing /home/dataengineer/.pyenv/versions/3.9.21/lib/python3.9/site-packages/airflow/example_dags/example_branch_day_of_week_operator.py took 0.078 seconds
[2025-02-16T16:24:14.747+0700] {processor.py:186} INFO - Started process (PID=32862) to work on /home/dataengineer/.pyenv/versions/3.9.21/lib/python3.9/site-packages/airflow/example_dags/example_branch_day_of_week_operator.py
[2025-02-16T16:24:14.748+0700] {processor.py:914} INFO - Processing file /home/dataengineer/.pyenv/versions/3.9.21/lib/python3.9/site-packages/airflow/example_dags/example_branch_day_of_week_operator.py for tasks to queue
[2025-02-16T16:24:14.749+0700] {logging_mixin.py:190} INFO - [2025-02-16T16:24:14.749+0700] {dagbag.py:588} INFO - Filling up the DagBag from /home/dataengineer/.pyenv/versions/3.9.21/lib/python3.9/site-packages/airflow/example_dags/example_branch_day_of_week_operator.py
[2025-02-16T16:24:14.761+0700] {processor.py:925} INFO - DAG(s) 'example_weekday_branch_operator' retrieved from /home/dataengineer/.pyenv/versions/3.9.21/lib/python3.9/site-packages/airflow/example_dags/example_branch_day_of_week_operator.py
[2025-02-16T16:24:14.778+0700] {logging_mixin.py:190} INFO - [2025-02-16T16:24:14.778+0700] {dag.py:3239} INFO - Sync 1 DAGs
[2025-02-16T16:24:14.801+0700] {logging_mixin.py:190} INFO - [2025-02-16T16:24:14.801+0700] {dag.py:4180} INFO - Setting next_dagrun for example_weekday_branch_operator to 2025-02-15 00:00:00+00:00, run_after=2025-02-16 00:00:00+00:00
[2025-02-16T16:24:14.822+0700] {processor.py:208} INFO - Processing /home/dataengineer/.pyenv/versions/3.9.21/lib/python3.9/site-packages/airflow/example_dags/example_branch_day_of_week_operator.py took 0.081 seconds
[2025-02-16T16:25:27.289+0700] {processor.py:186} INFO - Started process (PID=33168) to work on /home/dataengineer/.pyenv/versions/3.9.21/lib/python3.9/site-packages/airflow/example_dags/example_branch_day_of_week_operator.py
[2025-02-16T16:25:27.290+0700] {processor.py:914} INFO - Processing file /home/dataengineer/.pyenv/versions/3.9.21/lib/python3.9/site-packages/airflow/example_dags/example_branch_day_of_week_operator.py for tasks to queue
[2025-02-16T16:25:27.292+0700] {logging_mixin.py:190} INFO - [2025-02-16T16:25:27.291+0700] {dagbag.py:588} INFO - Filling up the DagBag from /home/dataengineer/.pyenv/versions/3.9.21/lib/python3.9/site-packages/airflow/example_dags/example_branch_day_of_week_operator.py
[2025-02-16T16:25:27.302+0700] {processor.py:925} INFO - DAG(s) 'example_weekday_branch_operator' retrieved from /home/dataengineer/.pyenv/versions/3.9.21/lib/python3.9/site-packages/airflow/example_dags/example_branch_day_of_week_operator.py
[2025-02-16T16:25:27.316+0700] {logging_mixin.py:190} INFO - [2025-02-16T16:25:27.316+0700] {dag.py:3239} INFO - Sync 1 DAGs
[2025-02-16T16:25:27.337+0700] {logging_mixin.py:190} INFO - [2025-02-16T16:25:27.337+0700] {dag.py:4180} INFO - Setting next_dagrun for example_weekday_branch_operator to 2025-02-15 00:00:00+00:00, run_after=2025-02-16 00:00:00+00:00
[2025-02-16T16:25:27.356+0700] {processor.py:208} INFO - Processing /home/dataengineer/.pyenv/versions/3.9.21/lib/python3.9/site-packages/airflow/example_dags/example_branch_day_of_week_operator.py took 0.073 seconds
[2025-02-16T16:26:39.524+0700] {processor.py:186} INFO - Started process (PID=33473) to work on /home/dataengineer/.pyenv/versions/3.9.21/lib/python3.9/site-packages/airflow/example_dags/example_branch_day_of_week_operator.py
[2025-02-16T16:26:39.525+0700] {processor.py:914} INFO - Processing file /home/dataengineer/.pyenv/versions/3.9.21/lib/python3.9/site-packages/airflow/example_dags/example_branch_day_of_week_operator.py for tasks to queue
[2025-02-16T16:26:39.526+0700] {logging_mixin.py:190} INFO - [2025-02-16T16:26:39.526+0700] {dagbag.py:588} INFO - Filling up the DagBag from /home/dataengineer/.pyenv/versions/3.9.21/lib/python3.9/site-packages/airflow/example_dags/example_branch_day_of_week_operator.py
[2025-02-16T16:26:39.539+0700] {processor.py:925} INFO - DAG(s) 'example_weekday_branch_operator' retrieved from /home/dataengineer/.pyenv/versions/3.9.21/lib/python3.9/site-packages/airflow/example_dags/example_branch_day_of_week_operator.py
[2025-02-16T16:26:39.556+0700] {logging_mixin.py:190} INFO - [2025-02-16T16:26:39.556+0700] {dag.py:3239} INFO - Sync 1 DAGs
[2025-02-16T16:26:39.581+0700] {logging_mixin.py:190} INFO - [2025-02-16T16:26:39.580+0700] {dag.py:4180} INFO - Setting next_dagrun for example_weekday_branch_operator to 2025-02-15 00:00:00+00:00, run_after=2025-02-16 00:00:00+00:00
[2025-02-16T16:26:39.602+0700] {processor.py:208} INFO - Processing /home/dataengineer/.pyenv/versions/3.9.21/lib/python3.9/site-packages/airflow/example_dags/example_branch_day_of_week_operator.py took 0.084 seconds
[2025-02-16T16:27:52.867+0700] {processor.py:186} INFO - Started process (PID=33778) to work on /home/dataengineer/.pyenv/versions/3.9.21/lib/python3.9/site-packages/airflow/example_dags/example_branch_day_of_week_operator.py
[2025-02-16T16:27:52.868+0700] {processor.py:914} INFO - Processing file /home/dataengineer/.pyenv/versions/3.9.21/lib/python3.9/site-packages/airflow/example_dags/example_branch_day_of_week_operator.py for tasks to queue
[2025-02-16T16:27:52.869+0700] {logging_mixin.py:190} INFO - [2025-02-16T16:27:52.869+0700] {dagbag.py:588} INFO - Filling up the DagBag from /home/dataengineer/.pyenv/versions/3.9.21/lib/python3.9/site-packages/airflow/example_dags/example_branch_day_of_week_operator.py
[2025-02-16T16:27:52.879+0700] {processor.py:925} INFO - DAG(s) 'example_weekday_branch_operator' retrieved from /home/dataengineer/.pyenv/versions/3.9.21/lib/python3.9/site-packages/airflow/example_dags/example_branch_day_of_week_operator.py
[2025-02-16T16:27:52.893+0700] {logging_mixin.py:190} INFO - [2025-02-16T16:27:52.893+0700] {dag.py:3239} INFO - Sync 1 DAGs
[2025-02-16T16:27:52.913+0700] {logging_mixin.py:190} INFO - [2025-02-16T16:27:52.912+0700] {dag.py:4180} INFO - Setting next_dagrun for example_weekday_branch_operator to 2025-02-15 00:00:00+00:00, run_after=2025-02-16 00:00:00+00:00
[2025-02-16T16:27:52.931+0700] {processor.py:208} INFO - Processing /home/dataengineer/.pyenv/versions/3.9.21/lib/python3.9/site-packages/airflow/example_dags/example_branch_day_of_week_operator.py took 0.071 seconds
[2025-02-16T16:29:09.130+0700] {processor.py:186} INFO - Started process (PID=34095) to work on /home/dataengineer/.pyenv/versions/3.9.21/lib/python3.9/site-packages/airflow/example_dags/example_branch_day_of_week_operator.py
[2025-02-16T16:29:09.132+0700] {processor.py:914} INFO - Processing file /home/dataengineer/.pyenv/versions/3.9.21/lib/python3.9/site-packages/airflow/example_dags/example_branch_day_of_week_operator.py for tasks to queue
[2025-02-16T16:29:09.133+0700] {logging_mixin.py:190} INFO - [2025-02-16T16:29:09.133+0700] {dagbag.py:588} INFO - Filling up the DagBag from /home/dataengineer/.pyenv/versions/3.9.21/lib/python3.9/site-packages/airflow/example_dags/example_branch_day_of_week_operator.py
[2025-02-16T16:29:09.144+0700] {processor.py:925} INFO - DAG(s) 'example_weekday_branch_operator' retrieved from /home/dataengineer/.pyenv/versions/3.9.21/lib/python3.9/site-packages/airflow/example_dags/example_branch_day_of_week_operator.py
[2025-02-16T16:29:09.161+0700] {logging_mixin.py:190} INFO - [2025-02-16T16:29:09.160+0700] {dag.py:3239} INFO - Sync 1 DAGs
[2025-02-16T16:29:09.184+0700] {logging_mixin.py:190} INFO - [2025-02-16T16:29:09.184+0700] {dag.py:4180} INFO - Setting next_dagrun for example_weekday_branch_operator to 2025-02-15 00:00:00+00:00, run_after=2025-02-16 00:00:00+00:00
[2025-02-16T16:29:09.207+0700] {processor.py:208} INFO - Processing /home/dataengineer/.pyenv/versions/3.9.21/lib/python3.9/site-packages/airflow/example_dags/example_branch_day_of_week_operator.py took 0.083 seconds
[2025-02-16T16:30:23.099+0700] {processor.py:186} INFO - Started process (PID=34408) to work on /home/dataengineer/.pyenv/versions/3.9.21/lib/python3.9/site-packages/airflow/example_dags/example_branch_day_of_week_operator.py
[2025-02-16T16:30:23.100+0700] {processor.py:914} INFO - Processing file /home/dataengineer/.pyenv/versions/3.9.21/lib/python3.9/site-packages/airflow/example_dags/example_branch_day_of_week_operator.py for tasks to queue
[2025-02-16T16:30:23.101+0700] {logging_mixin.py:190} INFO - [2025-02-16T16:30:23.101+0700] {dagbag.py:588} INFO - Filling up the DagBag from /home/dataengineer/.pyenv/versions/3.9.21/lib/python3.9/site-packages/airflow/example_dags/example_branch_day_of_week_operator.py
[2025-02-16T16:30:23.111+0700] {processor.py:925} INFO - DAG(s) 'example_weekday_branch_operator' retrieved from /home/dataengineer/.pyenv/versions/3.9.21/lib/python3.9/site-packages/airflow/example_dags/example_branch_day_of_week_operator.py
[2025-02-16T16:30:23.125+0700] {logging_mixin.py:190} INFO - [2025-02-16T16:30:23.125+0700] {dag.py:3239} INFO - Sync 1 DAGs
[2025-02-16T16:30:23.145+0700] {logging_mixin.py:190} INFO - [2025-02-16T16:30:23.144+0700] {dag.py:4180} INFO - Setting next_dagrun for example_weekday_branch_operator to 2025-02-15 00:00:00+00:00, run_after=2025-02-16 00:00:00+00:00
[2025-02-16T16:30:23.164+0700] {processor.py:208} INFO - Processing /home/dataengineer/.pyenv/versions/3.9.21/lib/python3.9/site-packages/airflow/example_dags/example_branch_day_of_week_operator.py took 0.071 seconds
[2025-02-16T16:31:37.435+0700] {processor.py:186} INFO - Started process (PID=34720) to work on /home/dataengineer/.pyenv/versions/3.9.21/lib/python3.9/site-packages/airflow/example_dags/example_branch_day_of_week_operator.py
[2025-02-16T16:31:37.436+0700] {processor.py:914} INFO - Processing file /home/dataengineer/.pyenv/versions/3.9.21/lib/python3.9/site-packages/airflow/example_dags/example_branch_day_of_week_operator.py for tasks to queue
[2025-02-16T16:31:37.438+0700] {logging_mixin.py:190} INFO - [2025-02-16T16:31:37.437+0700] {dagbag.py:588} INFO - Filling up the DagBag from /home/dataengineer/.pyenv/versions/3.9.21/lib/python3.9/site-packages/airflow/example_dags/example_branch_day_of_week_operator.py
[2025-02-16T16:31:37.448+0700] {processor.py:925} INFO - DAG(s) 'example_weekday_branch_operator' retrieved from /home/dataengineer/.pyenv/versions/3.9.21/lib/python3.9/site-packages/airflow/example_dags/example_branch_day_of_week_operator.py
[2025-02-16T16:31:37.464+0700] {logging_mixin.py:190} INFO - [2025-02-16T16:31:37.464+0700] {dag.py:3239} INFO - Sync 1 DAGs
[2025-02-16T16:31:37.487+0700] {logging_mixin.py:190} INFO - [2025-02-16T16:31:37.486+0700] {dag.py:4180} INFO - Setting next_dagrun for example_weekday_branch_operator to 2025-02-15 00:00:00+00:00, run_after=2025-02-16 00:00:00+00:00
[2025-02-16T16:31:37.508+0700] {processor.py:208} INFO - Processing /home/dataengineer/.pyenv/versions/3.9.21/lib/python3.9/site-packages/airflow/example_dags/example_branch_day_of_week_operator.py took 0.079 seconds
[2025-02-16T16:32:47.558+0700] {processor.py:186} INFO - Started process (PID=35012) to work on /home/dataengineer/.pyenv/versions/3.9.21/lib/python3.9/site-packages/airflow/example_dags/example_branch_day_of_week_operator.py
[2025-02-16T16:32:47.559+0700] {processor.py:914} INFO - Processing file /home/dataengineer/.pyenv/versions/3.9.21/lib/python3.9/site-packages/airflow/example_dags/example_branch_day_of_week_operator.py for tasks to queue
[2025-02-16T16:32:47.560+0700] {logging_mixin.py:190} INFO - [2025-02-16T16:32:47.560+0700] {dagbag.py:588} INFO - Filling up the DagBag from /home/dataengineer/.pyenv/versions/3.9.21/lib/python3.9/site-packages/airflow/example_dags/example_branch_day_of_week_operator.py
[2025-02-16T16:32:47.570+0700] {processor.py:925} INFO - DAG(s) 'example_weekday_branch_operator' retrieved from /home/dataengineer/.pyenv/versions/3.9.21/lib/python3.9/site-packages/airflow/example_dags/example_branch_day_of_week_operator.py
[2025-02-16T16:32:47.584+0700] {logging_mixin.py:190} INFO - [2025-02-16T16:32:47.584+0700] {dag.py:3239} INFO - Sync 1 DAGs
[2025-02-16T16:32:47.605+0700] {logging_mixin.py:190} INFO - [2025-02-16T16:32:47.604+0700] {dag.py:4180} INFO - Setting next_dagrun for example_weekday_branch_operator to 2025-02-15 00:00:00+00:00, run_after=2025-02-16 00:00:00+00:00
[2025-02-16T16:32:47.624+0700] {processor.py:208} INFO - Processing /home/dataengineer/.pyenv/versions/3.9.21/lib/python3.9/site-packages/airflow/example_dags/example_branch_day_of_week_operator.py took 0.072 seconds
[2025-02-16T16:33:38.478+0700] {processor.py:186} INFO - Started process (PID=35228) to work on /home/dataengineer/.pyenv/versions/3.9.21/lib/python3.9/site-packages/airflow/example_dags/example_branch_day_of_week_operator.py
[2025-02-16T16:33:38.479+0700] {processor.py:914} INFO - Processing file /home/dataengineer/.pyenv/versions/3.9.21/lib/python3.9/site-packages/airflow/example_dags/example_branch_day_of_week_operator.py for tasks to queue
[2025-02-16T16:33:38.480+0700] {logging_mixin.py:190} INFO - [2025-02-16T16:33:38.480+0700] {dagbag.py:588} INFO - Filling up the DagBag from /home/dataengineer/.pyenv/versions/3.9.21/lib/python3.9/site-packages/airflow/example_dags/example_branch_day_of_week_operator.py
[2025-02-16T16:33:38.490+0700] {processor.py:925} INFO - DAG(s) 'example_weekday_branch_operator' retrieved from /home/dataengineer/.pyenv/versions/3.9.21/lib/python3.9/site-packages/airflow/example_dags/example_branch_day_of_week_operator.py
[2025-02-16T16:33:38.506+0700] {logging_mixin.py:190} INFO - [2025-02-16T16:33:38.505+0700] {dag.py:3239} INFO - Sync 1 DAGs
[2025-02-16T16:33:38.527+0700] {logging_mixin.py:190} INFO - [2025-02-16T16:33:38.527+0700] {dag.py:4180} INFO - Setting next_dagrun for example_weekday_branch_operator to 2025-02-15 00:00:00+00:00, run_after=2025-02-16 00:00:00+00:00
[2025-02-16T16:33:38.548+0700] {processor.py:208} INFO - Processing /home/dataengineer/.pyenv/versions/3.9.21/lib/python3.9/site-packages/airflow/example_dags/example_branch_day_of_week_operator.py took 0.076 seconds
[2025-02-16T16:34:30.147+0700] {processor.py:186} INFO - Started process (PID=35451) to work on /home/dataengineer/.pyenv/versions/3.9.21/lib/python3.9/site-packages/airflow/example_dags/example_branch_day_of_week_operator.py
[2025-02-16T16:34:30.148+0700] {processor.py:914} INFO - Processing file /home/dataengineer/.pyenv/versions/3.9.21/lib/python3.9/site-packages/airflow/example_dags/example_branch_day_of_week_operator.py for tasks to queue
[2025-02-16T16:34:30.150+0700] {logging_mixin.py:190} INFO - [2025-02-16T16:34:30.150+0700] {dagbag.py:588} INFO - Filling up the DagBag from /home/dataengineer/.pyenv/versions/3.9.21/lib/python3.9/site-packages/airflow/example_dags/example_branch_day_of_week_operator.py
[2025-02-16T16:34:30.161+0700] {processor.py:925} INFO - DAG(s) 'example_weekday_branch_operator' retrieved from /home/dataengineer/.pyenv/versions/3.9.21/lib/python3.9/site-packages/airflow/example_dags/example_branch_day_of_week_operator.py
[2025-02-16T16:34:30.176+0700] {logging_mixin.py:190} INFO - [2025-02-16T16:34:30.176+0700] {dag.py:3239} INFO - Sync 1 DAGs
[2025-02-16T16:34:30.197+0700] {logging_mixin.py:190} INFO - [2025-02-16T16:34:30.197+0700] {dag.py:4180} INFO - Setting next_dagrun for example_weekday_branch_operator to 2025-02-15 00:00:00+00:00, run_after=2025-02-16 00:00:00+00:00
[2025-02-16T16:34:30.218+0700] {processor.py:208} INFO - Processing /home/dataengineer/.pyenv/versions/3.9.21/lib/python3.9/site-packages/airflow/example_dags/example_branch_day_of_week_operator.py took 0.078 seconds
[2025-02-16T16:35:45.885+0700] {processor.py:186} INFO - Started process (PID=35765) to work on /home/dataengineer/.pyenv/versions/3.9.21/lib/python3.9/site-packages/airflow/example_dags/example_branch_day_of_week_operator.py
[2025-02-16T16:35:45.886+0700] {processor.py:914} INFO - Processing file /home/dataengineer/.pyenv/versions/3.9.21/lib/python3.9/site-packages/airflow/example_dags/example_branch_day_of_week_operator.py for tasks to queue
[2025-02-16T16:35:45.888+0700] {logging_mixin.py:190} INFO - [2025-02-16T16:35:45.887+0700] {dagbag.py:588} INFO - Filling up the DagBag from /home/dataengineer/.pyenv/versions/3.9.21/lib/python3.9/site-packages/airflow/example_dags/example_branch_day_of_week_operator.py
[2025-02-16T16:35:45.898+0700] {processor.py:925} INFO - DAG(s) 'example_weekday_branch_operator' retrieved from /home/dataengineer/.pyenv/versions/3.9.21/lib/python3.9/site-packages/airflow/example_dags/example_branch_day_of_week_operator.py
[2025-02-16T16:35:45.914+0700] {logging_mixin.py:190} INFO - [2025-02-16T16:35:45.913+0700] {dag.py:3239} INFO - Sync 1 DAGs
[2025-02-16T16:35:45.935+0700] {logging_mixin.py:190} INFO - [2025-02-16T16:35:45.934+0700] {dag.py:4180} INFO - Setting next_dagrun for example_weekday_branch_operator to 2025-02-15 00:00:00+00:00, run_after=2025-02-16 00:00:00+00:00
[2025-02-16T16:35:45.956+0700] {processor.py:208} INFO - Processing /home/dataengineer/.pyenv/versions/3.9.21/lib/python3.9/site-packages/airflow/example_dags/example_branch_day_of_week_operator.py took 0.077 seconds
[2025-02-16T16:37:07.890+0700] {processor.py:186} INFO - Started process (PID=36299) to work on /home/dataengineer/.pyenv/versions/3.9.21/lib/python3.9/site-packages/airflow/example_dags/example_branch_day_of_week_operator.py
[2025-02-16T16:37:07.891+0700] {processor.py:914} INFO - Processing file /home/dataengineer/.pyenv/versions/3.9.21/lib/python3.9/site-packages/airflow/example_dags/example_branch_day_of_week_operator.py for tasks to queue
[2025-02-16T16:37:07.892+0700] {logging_mixin.py:190} INFO - [2025-02-16T16:37:07.892+0700] {dagbag.py:588} INFO - Filling up the DagBag from /home/dataengineer/.pyenv/versions/3.9.21/lib/python3.9/site-packages/airflow/example_dags/example_branch_day_of_week_operator.py
[2025-02-16T16:37:07.903+0700] {processor.py:925} INFO - DAG(s) 'example_weekday_branch_operator' retrieved from /home/dataengineer/.pyenv/versions/3.9.21/lib/python3.9/site-packages/airflow/example_dags/example_branch_day_of_week_operator.py
[2025-02-16T16:37:07.918+0700] {logging_mixin.py:190} INFO - [2025-02-16T16:37:07.917+0700] {dag.py:3239} INFO - Sync 1 DAGs
[2025-02-16T16:37:07.939+0700] {logging_mixin.py:190} INFO - [2025-02-16T16:37:07.938+0700] {dag.py:4180} INFO - Setting next_dagrun for example_weekday_branch_operator to 2025-02-15 00:00:00+00:00, run_after=2025-02-16 00:00:00+00:00
[2025-02-16T16:37:07.958+0700] {processor.py:208} INFO - Processing /home/dataengineer/.pyenv/versions/3.9.21/lib/python3.9/site-packages/airflow/example_dags/example_branch_day_of_week_operator.py took 0.074 seconds
[2025-02-16T16:38:03.772+0700] {processor.py:186} INFO - Started process (PID=36770) to work on /home/dataengineer/.pyenv/versions/3.9.21/lib/python3.9/site-packages/airflow/example_dags/example_branch_day_of_week_operator.py
[2025-02-16T16:38:03.773+0700] {processor.py:914} INFO - Processing file /home/dataengineer/.pyenv/versions/3.9.21/lib/python3.9/site-packages/airflow/example_dags/example_branch_day_of_week_operator.py for tasks to queue
[2025-02-16T16:38:03.774+0700] {logging_mixin.py:190} INFO - [2025-02-16T16:38:03.774+0700] {dagbag.py:588} INFO - Filling up the DagBag from /home/dataengineer/.pyenv/versions/3.9.21/lib/python3.9/site-packages/airflow/example_dags/example_branch_day_of_week_operator.py
[2025-02-16T16:38:03.785+0700] {processor.py:925} INFO - DAG(s) 'example_weekday_branch_operator' retrieved from /home/dataengineer/.pyenv/versions/3.9.21/lib/python3.9/site-packages/airflow/example_dags/example_branch_day_of_week_operator.py
[2025-02-16T16:38:03.800+0700] {logging_mixin.py:190} INFO - [2025-02-16T16:38:03.800+0700] {dag.py:3239} INFO - Sync 1 DAGs
[2025-02-16T16:38:03.822+0700] {logging_mixin.py:190} INFO - [2025-02-16T16:38:03.821+0700] {dag.py:4180} INFO - Setting next_dagrun for example_weekday_branch_operator to 2025-02-15 00:00:00+00:00, run_after=2025-02-16 00:00:00+00:00
[2025-02-16T16:38:03.842+0700] {processor.py:208} INFO - Processing /home/dataengineer/.pyenv/versions/3.9.21/lib/python3.9/site-packages/airflow/example_dags/example_branch_day_of_week_operator.py took 0.075 seconds
[2025-02-16T16:39:17.916+0700] {processor.py:186} INFO - Started process (PID=37081) to work on /home/dataengineer/.pyenv/versions/3.9.21/lib/python3.9/site-packages/airflow/example_dags/example_branch_day_of_week_operator.py
[2025-02-16T16:39:17.917+0700] {processor.py:914} INFO - Processing file /home/dataengineer/.pyenv/versions/3.9.21/lib/python3.9/site-packages/airflow/example_dags/example_branch_day_of_week_operator.py for tasks to queue
[2025-02-16T16:39:17.919+0700] {logging_mixin.py:190} INFO - [2025-02-16T16:39:17.918+0700] {dagbag.py:588} INFO - Filling up the DagBag from /home/dataengineer/.pyenv/versions/3.9.21/lib/python3.9/site-packages/airflow/example_dags/example_branch_day_of_week_operator.py
[2025-02-16T16:39:17.930+0700] {processor.py:925} INFO - DAG(s) 'example_weekday_branch_operator' retrieved from /home/dataengineer/.pyenv/versions/3.9.21/lib/python3.9/site-packages/airflow/example_dags/example_branch_day_of_week_operator.py
[2025-02-16T16:39:17.947+0700] {logging_mixin.py:190} INFO - [2025-02-16T16:39:17.946+0700] {dag.py:3239} INFO - Sync 1 DAGs
[2025-02-16T16:39:17.970+0700] {logging_mixin.py:190} INFO - [2025-02-16T16:39:17.970+0700] {dag.py:4180} INFO - Setting next_dagrun for example_weekday_branch_operator to 2025-02-15 00:00:00+00:00, run_after=2025-02-16 00:00:00+00:00
[2025-02-16T16:39:17.991+0700] {processor.py:208} INFO - Processing /home/dataengineer/.pyenv/versions/3.9.21/lib/python3.9/site-packages/airflow/example_dags/example_branch_day_of_week_operator.py took 0.081 seconds
[2025-02-16T16:40:30.676+0700] {processor.py:186} INFO - Started process (PID=37600) to work on /home/dataengineer/.pyenv/versions/3.9.21/lib/python3.9/site-packages/airflow/example_dags/example_branch_day_of_week_operator.py
[2025-02-16T16:40:30.677+0700] {processor.py:914} INFO - Processing file /home/dataengineer/.pyenv/versions/3.9.21/lib/python3.9/site-packages/airflow/example_dags/example_branch_day_of_week_operator.py for tasks to queue
[2025-02-16T16:40:30.678+0700] {logging_mixin.py:190} INFO - [2025-02-16T16:40:30.678+0700] {dagbag.py:588} INFO - Filling up the DagBag from /home/dataengineer/.pyenv/versions/3.9.21/lib/python3.9/site-packages/airflow/example_dags/example_branch_day_of_week_operator.py
[2025-02-16T16:40:30.689+0700] {processor.py:925} INFO - DAG(s) 'example_weekday_branch_operator' retrieved from /home/dataengineer/.pyenv/versions/3.9.21/lib/python3.9/site-packages/airflow/example_dags/example_branch_day_of_week_operator.py
[2025-02-16T16:40:30.704+0700] {logging_mixin.py:190} INFO - [2025-02-16T16:40:30.704+0700] {dag.py:3239} INFO - Sync 1 DAGs
[2025-02-16T16:40:30.725+0700] {logging_mixin.py:190} INFO - [2025-02-16T16:40:30.725+0700] {dag.py:4180} INFO - Setting next_dagrun for example_weekday_branch_operator to 2025-02-15 00:00:00+00:00, run_after=2025-02-16 00:00:00+00:00
[2025-02-16T16:40:30.745+0700] {processor.py:208} INFO - Processing /home/dataengineer/.pyenv/versions/3.9.21/lib/python3.9/site-packages/airflow/example_dags/example_branch_day_of_week_operator.py took 0.075 seconds
[2025-02-16T16:41:45.761+0700] {processor.py:186} INFO - Started process (PID=37962) to work on /home/dataengineer/.pyenv/versions/3.9.21/lib/python3.9/site-packages/airflow/example_dags/example_branch_day_of_week_operator.py
[2025-02-16T16:41:45.762+0700] {processor.py:914} INFO - Processing file /home/dataengineer/.pyenv/versions/3.9.21/lib/python3.9/site-packages/airflow/example_dags/example_branch_day_of_week_operator.py for tasks to queue
[2025-02-16T16:41:45.763+0700] {logging_mixin.py:190} INFO - [2025-02-16T16:41:45.763+0700] {dagbag.py:588} INFO - Filling up the DagBag from /home/dataengineer/.pyenv/versions/3.9.21/lib/python3.9/site-packages/airflow/example_dags/example_branch_day_of_week_operator.py
[2025-02-16T16:41:45.773+0700] {processor.py:925} INFO - DAG(s) 'example_weekday_branch_operator' retrieved from /home/dataengineer/.pyenv/versions/3.9.21/lib/python3.9/site-packages/airflow/example_dags/example_branch_day_of_week_operator.py
[2025-02-16T16:41:45.788+0700] {logging_mixin.py:190} INFO - [2025-02-16T16:41:45.788+0700] {dag.py:3239} INFO - Sync 1 DAGs
[2025-02-16T16:41:45.809+0700] {logging_mixin.py:190} INFO - [2025-02-16T16:41:45.808+0700] {dag.py:4180} INFO - Setting next_dagrun for example_weekday_branch_operator to 2025-02-15 00:00:00+00:00, run_after=2025-02-16 00:00:00+00:00
[2025-02-16T16:41:45.827+0700] {processor.py:208} INFO - Processing /home/dataengineer/.pyenv/versions/3.9.21/lib/python3.9/site-packages/airflow/example_dags/example_branch_day_of_week_operator.py took 0.073 seconds
[2025-02-16T16:42:58.032+0700] {processor.py:186} INFO - Started process (PID=38263) to work on /home/dataengineer/.pyenv/versions/3.9.21/lib/python3.9/site-packages/airflow/example_dags/example_branch_day_of_week_operator.py
[2025-02-16T16:42:58.034+0700] {processor.py:914} INFO - Processing file /home/dataengineer/.pyenv/versions/3.9.21/lib/python3.9/site-packages/airflow/example_dags/example_branch_day_of_week_operator.py for tasks to queue
[2025-02-16T16:42:58.036+0700] {logging_mixin.py:190} INFO - [2025-02-16T16:42:58.035+0700] {dagbag.py:588} INFO - Filling up the DagBag from /home/dataengineer/.pyenv/versions/3.9.21/lib/python3.9/site-packages/airflow/example_dags/example_branch_day_of_week_operator.py
[2025-02-16T16:42:58.050+0700] {processor.py:925} INFO - DAG(s) 'example_weekday_branch_operator' retrieved from /home/dataengineer/.pyenv/versions/3.9.21/lib/python3.9/site-packages/airflow/example_dags/example_branch_day_of_week_operator.py
[2025-02-16T16:42:58.066+0700] {logging_mixin.py:190} INFO - [2025-02-16T16:42:58.066+0700] {dag.py:3239} INFO - Sync 1 DAGs
[2025-02-16T16:42:58.090+0700] {logging_mixin.py:190} INFO - [2025-02-16T16:42:58.090+0700] {dag.py:4180} INFO - Setting next_dagrun for example_weekday_branch_operator to 2025-02-15 00:00:00+00:00, run_after=2025-02-16 00:00:00+00:00
[2025-02-16T16:42:58.113+0700] {processor.py:208} INFO - Processing /home/dataengineer/.pyenv/versions/3.9.21/lib/python3.9/site-packages/airflow/example_dags/example_branch_day_of_week_operator.py took 0.088 seconds
[2025-02-16T16:44:07.631+0700] {processor.py:186} INFO - Started process (PID=38570) to work on /home/dataengineer/.pyenv/versions/3.9.21/lib/python3.9/site-packages/airflow/example_dags/example_branch_day_of_week_operator.py
[2025-02-16T16:44:07.632+0700] {processor.py:914} INFO - Processing file /home/dataengineer/.pyenv/versions/3.9.21/lib/python3.9/site-packages/airflow/example_dags/example_branch_day_of_week_operator.py for tasks to queue
[2025-02-16T16:44:07.634+0700] {logging_mixin.py:190} INFO - [2025-02-16T16:44:07.633+0700] {dagbag.py:588} INFO - Filling up the DagBag from /home/dataengineer/.pyenv/versions/3.9.21/lib/python3.9/site-packages/airflow/example_dags/example_branch_day_of_week_operator.py
[2025-02-16T16:44:07.645+0700] {processor.py:925} INFO - DAG(s) 'example_weekday_branch_operator' retrieved from /home/dataengineer/.pyenv/versions/3.9.21/lib/python3.9/site-packages/airflow/example_dags/example_branch_day_of_week_operator.py
[2025-02-16T16:44:07.661+0700] {logging_mixin.py:190} INFO - [2025-02-16T16:44:07.661+0700] {dag.py:3239} INFO - Sync 1 DAGs
[2025-02-16T16:44:07.684+0700] {logging_mixin.py:190} INFO - [2025-02-16T16:44:07.684+0700] {dag.py:4180} INFO - Setting next_dagrun for example_weekday_branch_operator to 2025-02-15 00:00:00+00:00, run_after=2025-02-16 00:00:00+00:00
[2025-02-16T16:44:07.705+0700] {processor.py:208} INFO - Processing /home/dataengineer/.pyenv/versions/3.9.21/lib/python3.9/site-packages/airflow/example_dags/example_branch_day_of_week_operator.py took 0.081 seconds
[2025-02-16T16:45:18.103+0700] {processor.py:186} INFO - Started process (PID=38873) to work on /home/dataengineer/.pyenv/versions/3.9.21/lib/python3.9/site-packages/airflow/example_dags/example_branch_day_of_week_operator.py
[2025-02-16T16:45:18.104+0700] {processor.py:914} INFO - Processing file /home/dataengineer/.pyenv/versions/3.9.21/lib/python3.9/site-packages/airflow/example_dags/example_branch_day_of_week_operator.py for tasks to queue
[2025-02-16T16:45:18.106+0700] {logging_mixin.py:190} INFO - [2025-02-16T16:45:18.105+0700] {dagbag.py:588} INFO - Filling up the DagBag from /home/dataengineer/.pyenv/versions/3.9.21/lib/python3.9/site-packages/airflow/example_dags/example_branch_day_of_week_operator.py
[2025-02-16T16:45:18.118+0700] {processor.py:925} INFO - DAG(s) 'example_weekday_branch_operator' retrieved from /home/dataengineer/.pyenv/versions/3.9.21/lib/python3.9/site-packages/airflow/example_dags/example_branch_day_of_week_operator.py
[2025-02-16T16:45:18.136+0700] {logging_mixin.py:190} INFO - [2025-02-16T16:45:18.136+0700] {dag.py:3239} INFO - Sync 1 DAGs
[2025-02-16T16:45:18.161+0700] {logging_mixin.py:190} INFO - [2025-02-16T16:45:18.160+0700] {dag.py:4180} INFO - Setting next_dagrun for example_weekday_branch_operator to 2025-02-15 00:00:00+00:00, run_after=2025-02-16 00:00:00+00:00
[2025-02-16T16:45:18.182+0700] {processor.py:208} INFO - Processing /home/dataengineer/.pyenv/versions/3.9.21/lib/python3.9/site-packages/airflow/example_dags/example_branch_day_of_week_operator.py took 0.085 seconds
[2025-02-16T16:46:27.877+0700] {processor.py:186} INFO - Started process (PID=39190) to work on /home/dataengineer/.pyenv/versions/3.9.21/lib/python3.9/site-packages/airflow/example_dags/example_branch_day_of_week_operator.py
[2025-02-16T16:46:27.878+0700] {processor.py:914} INFO - Processing file /home/dataengineer/.pyenv/versions/3.9.21/lib/python3.9/site-packages/airflow/example_dags/example_branch_day_of_week_operator.py for tasks to queue
[2025-02-16T16:46:27.879+0700] {logging_mixin.py:190} INFO - [2025-02-16T16:46:27.879+0700] {dagbag.py:588} INFO - Filling up the DagBag from /home/dataengineer/.pyenv/versions/3.9.21/lib/python3.9/site-packages/airflow/example_dags/example_branch_day_of_week_operator.py
[2025-02-16T16:46:27.890+0700] {processor.py:925} INFO - DAG(s) 'example_weekday_branch_operator' retrieved from /home/dataengineer/.pyenv/versions/3.9.21/lib/python3.9/site-packages/airflow/example_dags/example_branch_day_of_week_operator.py
[2025-02-16T16:46:27.905+0700] {logging_mixin.py:190} INFO - [2025-02-16T16:46:27.905+0700] {dag.py:3239} INFO - Sync 1 DAGs
[2025-02-16T16:46:27.925+0700] {logging_mixin.py:190} INFO - [2025-02-16T16:46:27.925+0700] {dag.py:4180} INFO - Setting next_dagrun for example_weekday_branch_operator to 2025-02-15 00:00:00+00:00, run_after=2025-02-16 00:00:00+00:00
[2025-02-16T16:46:27.945+0700] {processor.py:208} INFO - Processing /home/dataengineer/.pyenv/versions/3.9.21/lib/python3.9/site-packages/airflow/example_dags/example_branch_day_of_week_operator.py took 0.074 seconds
[2025-02-16T16:47:37.610+0700] {processor.py:186} INFO - Started process (PID=39491) to work on /home/dataengineer/.pyenv/versions/3.9.21/lib/python3.9/site-packages/airflow/example_dags/example_branch_day_of_week_operator.py
[2025-02-16T16:47:37.611+0700] {processor.py:914} INFO - Processing file /home/dataengineer/.pyenv/versions/3.9.21/lib/python3.9/site-packages/airflow/example_dags/example_branch_day_of_week_operator.py for tasks to queue
[2025-02-16T16:47:37.612+0700] {logging_mixin.py:190} INFO - [2025-02-16T16:47:37.612+0700] {dagbag.py:588} INFO - Filling up the DagBag from /home/dataengineer/.pyenv/versions/3.9.21/lib/python3.9/site-packages/airflow/example_dags/example_branch_day_of_week_operator.py
[2025-02-16T16:47:37.624+0700] {processor.py:925} INFO - DAG(s) 'example_weekday_branch_operator' retrieved from /home/dataengineer/.pyenv/versions/3.9.21/lib/python3.9/site-packages/airflow/example_dags/example_branch_day_of_week_operator.py
[2025-02-16T16:47:37.640+0700] {logging_mixin.py:190} INFO - [2025-02-16T16:47:37.639+0700] {dag.py:3239} INFO - Sync 1 DAGs
[2025-02-16T16:47:37.663+0700] {logging_mixin.py:190} INFO - [2025-02-16T16:47:37.662+0700] {dag.py:4180} INFO - Setting next_dagrun for example_weekday_branch_operator to 2025-02-15 00:00:00+00:00, run_after=2025-02-16 00:00:00+00:00
[2025-02-16T16:47:37.685+0700] {processor.py:208} INFO - Processing /home/dataengineer/.pyenv/versions/3.9.21/lib/python3.9/site-packages/airflow/example_dags/example_branch_day_of_week_operator.py took 0.081 seconds
[2025-02-16T16:48:48.152+0700] {processor.py:186} INFO - Started process (PID=39875) to work on /home/dataengineer/.pyenv/versions/3.9.21/lib/python3.9/site-packages/airflow/example_dags/example_branch_day_of_week_operator.py
[2025-02-16T16:48:48.153+0700] {processor.py:914} INFO - Processing file /home/dataengineer/.pyenv/versions/3.9.21/lib/python3.9/site-packages/airflow/example_dags/example_branch_day_of_week_operator.py for tasks to queue
[2025-02-16T16:48:48.154+0700] {logging_mixin.py:190} INFO - [2025-02-16T16:48:48.154+0700] {dagbag.py:588} INFO - Filling up the DagBag from /home/dataengineer/.pyenv/versions/3.9.21/lib/python3.9/site-packages/airflow/example_dags/example_branch_day_of_week_operator.py
[2025-02-16T16:48:48.164+0700] {processor.py:925} INFO - DAG(s) 'example_weekday_branch_operator' retrieved from /home/dataengineer/.pyenv/versions/3.9.21/lib/python3.9/site-packages/airflow/example_dags/example_branch_day_of_week_operator.py
[2025-02-16T16:48:48.178+0700] {logging_mixin.py:190} INFO - [2025-02-16T16:48:48.178+0700] {dag.py:3239} INFO - Sync 1 DAGs
[2025-02-16T16:48:48.198+0700] {logging_mixin.py:190} INFO - [2025-02-16T16:48:48.197+0700] {dag.py:4180} INFO - Setting next_dagrun for example_weekday_branch_operator to 2025-02-15 00:00:00+00:00, run_after=2025-02-16 00:00:00+00:00
[2025-02-16T16:48:48.216+0700] {processor.py:208} INFO - Processing /home/dataengineer/.pyenv/versions/3.9.21/lib/python3.9/site-packages/airflow/example_dags/example_branch_day_of_week_operator.py took 0.070 seconds
[2025-02-16T16:50:02.297+0700] {processor.py:186} INFO - Started process (PID=40214) to work on /home/dataengineer/.pyenv/versions/3.9.21/lib/python3.9/site-packages/airflow/example_dags/example_branch_day_of_week_operator.py
[2025-02-16T16:50:02.299+0700] {processor.py:914} INFO - Processing file /home/dataengineer/.pyenv/versions/3.9.21/lib/python3.9/site-packages/airflow/example_dags/example_branch_day_of_week_operator.py for tasks to queue
[2025-02-16T16:50:02.300+0700] {logging_mixin.py:190} INFO - [2025-02-16T16:50:02.300+0700] {dagbag.py:588} INFO - Filling up the DagBag from /home/dataengineer/.pyenv/versions/3.9.21/lib/python3.9/site-packages/airflow/example_dags/example_branch_day_of_week_operator.py
[2025-02-16T16:50:02.311+0700] {processor.py:925} INFO - DAG(s) 'example_weekday_branch_operator' retrieved from /home/dataengineer/.pyenv/versions/3.9.21/lib/python3.9/site-packages/airflow/example_dags/example_branch_day_of_week_operator.py
[2025-02-16T16:50:02.328+0700] {logging_mixin.py:190} INFO - [2025-02-16T16:50:02.327+0700] {dag.py:3239} INFO - Sync 1 DAGs
[2025-02-16T16:50:02.349+0700] {logging_mixin.py:190} INFO - [2025-02-16T16:50:02.349+0700] {dag.py:4180} INFO - Setting next_dagrun for example_weekday_branch_operator to 2025-02-15 00:00:00+00:00, run_after=2025-02-16 00:00:00+00:00
[2025-02-16T16:50:02.370+0700] {processor.py:208} INFO - Processing /home/dataengineer/.pyenv/versions/3.9.21/lib/python3.9/site-packages/airflow/example_dags/example_branch_day_of_week_operator.py took 0.079 seconds
[2025-02-16T16:50:54.133+0700] {processor.py:186} INFO - Started process (PID=40458) to work on /home/dataengineer/.pyenv/versions/3.9.21/lib/python3.9/site-packages/airflow/example_dags/example_branch_day_of_week_operator.py
[2025-02-16T16:50:54.134+0700] {processor.py:914} INFO - Processing file /home/dataengineer/.pyenv/versions/3.9.21/lib/python3.9/site-packages/airflow/example_dags/example_branch_day_of_week_operator.py for tasks to queue
[2025-02-16T16:50:54.135+0700] {logging_mixin.py:190} INFO - [2025-02-16T16:50:54.135+0700] {dagbag.py:588} INFO - Filling up the DagBag from /home/dataengineer/.pyenv/versions/3.9.21/lib/python3.9/site-packages/airflow/example_dags/example_branch_day_of_week_operator.py
[2025-02-16T16:50:54.146+0700] {processor.py:925} INFO - DAG(s) 'example_weekday_branch_operator' retrieved from /home/dataengineer/.pyenv/versions/3.9.21/lib/python3.9/site-packages/airflow/example_dags/example_branch_day_of_week_operator.py
[2025-02-16T16:50:54.161+0700] {logging_mixin.py:190} INFO - [2025-02-16T16:50:54.161+0700] {dag.py:3239} INFO - Sync 1 DAGs
[2025-02-16T16:50:54.183+0700] {logging_mixin.py:190} INFO - [2025-02-16T16:50:54.183+0700] {dag.py:4180} INFO - Setting next_dagrun for example_weekday_branch_operator to 2025-02-15 00:00:00+00:00, run_after=2025-02-16 00:00:00+00:00
[2025-02-16T16:50:54.203+0700] {processor.py:208} INFO - Processing /home/dataengineer/.pyenv/versions/3.9.21/lib/python3.9/site-packages/airflow/example_dags/example_branch_day_of_week_operator.py took 0.075 seconds
[2025-02-16T16:52:02.980+0700] {processor.py:186} INFO - Started process (PID=40747) to work on /home/dataengineer/.pyenv/versions/3.9.21/lib/python3.9/site-packages/airflow/example_dags/example_branch_day_of_week_operator.py
[2025-02-16T16:52:02.981+0700] {processor.py:914} INFO - Processing file /home/dataengineer/.pyenv/versions/3.9.21/lib/python3.9/site-packages/airflow/example_dags/example_branch_day_of_week_operator.py for tasks to queue
[2025-02-16T16:52:02.982+0700] {logging_mixin.py:190} INFO - [2025-02-16T16:52:02.982+0700] {dagbag.py:588} INFO - Filling up the DagBag from /home/dataengineer/.pyenv/versions/3.9.21/lib/python3.9/site-packages/airflow/example_dags/example_branch_day_of_week_operator.py
[2025-02-16T16:52:02.992+0700] {processor.py:925} INFO - DAG(s) 'example_weekday_branch_operator' retrieved from /home/dataengineer/.pyenv/versions/3.9.21/lib/python3.9/site-packages/airflow/example_dags/example_branch_day_of_week_operator.py
[2025-02-16T16:52:03.008+0700] {logging_mixin.py:190} INFO - [2025-02-16T16:52:03.007+0700] {dag.py:3239} INFO - Sync 1 DAGs
[2025-02-16T16:52:03.029+0700] {logging_mixin.py:190} INFO - [2025-02-16T16:52:03.029+0700] {dag.py:4180} INFO - Setting next_dagrun for example_weekday_branch_operator to 2025-02-15 00:00:00+00:00, run_after=2025-02-16 00:00:00+00:00
[2025-02-16T16:52:03.050+0700] {processor.py:208} INFO - Processing /home/dataengineer/.pyenv/versions/3.9.21/lib/python3.9/site-packages/airflow/example_dags/example_branch_day_of_week_operator.py took 0.076 seconds
[2025-02-16T16:53:16.622+0700] {processor.py:186} INFO - Started process (PID=41067) to work on /home/dataengineer/.pyenv/versions/3.9.21/lib/python3.9/site-packages/airflow/example_dags/example_branch_day_of_week_operator.py
[2025-02-16T16:53:16.623+0700] {processor.py:914} INFO - Processing file /home/dataengineer/.pyenv/versions/3.9.21/lib/python3.9/site-packages/airflow/example_dags/example_branch_day_of_week_operator.py for tasks to queue
[2025-02-16T16:53:16.624+0700] {logging_mixin.py:190} INFO - [2025-02-16T16:53:16.623+0700] {dagbag.py:588} INFO - Filling up the DagBag from /home/dataengineer/.pyenv/versions/3.9.21/lib/python3.9/site-packages/airflow/example_dags/example_branch_day_of_week_operator.py
[2025-02-16T16:53:16.634+0700] {processor.py:925} INFO - DAG(s) 'example_weekday_branch_operator' retrieved from /home/dataengineer/.pyenv/versions/3.9.21/lib/python3.9/site-packages/airflow/example_dags/example_branch_day_of_week_operator.py
[2025-02-16T16:53:16.651+0700] {logging_mixin.py:190} INFO - [2025-02-16T16:53:16.651+0700] {dag.py:3239} INFO - Sync 1 DAGs
[2025-02-16T16:53:16.671+0700] {logging_mixin.py:190} INFO - [2025-02-16T16:53:16.671+0700] {dag.py:4180} INFO - Setting next_dagrun for example_weekday_branch_operator to 2025-02-15 00:00:00+00:00, run_after=2025-02-16 00:00:00+00:00
[2025-02-16T16:53:16.690+0700] {processor.py:208} INFO - Processing /home/dataengineer/.pyenv/versions/3.9.21/lib/python3.9/site-packages/airflow/example_dags/example_branch_day_of_week_operator.py took 0.074 seconds
[2025-02-16T16:54:08.984+0700] {processor.py:186} INFO - Started process (PID=41298) to work on /home/dataengineer/.pyenv/versions/3.9.21/lib/python3.9/site-packages/airflow/example_dags/example_branch_day_of_week_operator.py
[2025-02-16T16:54:08.985+0700] {processor.py:914} INFO - Processing file /home/dataengineer/.pyenv/versions/3.9.21/lib/python3.9/site-packages/airflow/example_dags/example_branch_day_of_week_operator.py for tasks to queue
[2025-02-16T16:54:08.986+0700] {logging_mixin.py:190} INFO - [2025-02-16T16:54:08.986+0700] {dagbag.py:588} INFO - Filling up the DagBag from /home/dataengineer/.pyenv/versions/3.9.21/lib/python3.9/site-packages/airflow/example_dags/example_branch_day_of_week_operator.py
[2025-02-16T16:54:08.997+0700] {processor.py:925} INFO - DAG(s) 'example_weekday_branch_operator' retrieved from /home/dataengineer/.pyenv/versions/3.9.21/lib/python3.9/site-packages/airflow/example_dags/example_branch_day_of_week_operator.py
[2025-02-16T16:54:09.012+0700] {logging_mixin.py:190} INFO - [2025-02-16T16:54:09.012+0700] {dag.py:3239} INFO - Sync 1 DAGs
[2025-02-16T16:54:09.034+0700] {logging_mixin.py:190} INFO - [2025-02-16T16:54:09.033+0700] {dag.py:4180} INFO - Setting next_dagrun for example_weekday_branch_operator to 2025-02-15 00:00:00+00:00, run_after=2025-02-16 00:00:00+00:00
[2025-02-16T16:54:09.054+0700] {processor.py:208} INFO - Processing /home/dataengineer/.pyenv/versions/3.9.21/lib/python3.9/site-packages/airflow/example_dags/example_branch_day_of_week_operator.py took 0.076 seconds
[2025-02-16T16:55:21.655+0700] {processor.py:186} INFO - Started process (PID=41636) to work on /home/dataengineer/.pyenv/versions/3.9.21/lib/python3.9/site-packages/airflow/example_dags/example_branch_day_of_week_operator.py
[2025-02-16T16:55:21.657+0700] {processor.py:914} INFO - Processing file /home/dataengineer/.pyenv/versions/3.9.21/lib/python3.9/site-packages/airflow/example_dags/example_branch_day_of_week_operator.py for tasks to queue
[2025-02-16T16:55:21.658+0700] {logging_mixin.py:190} INFO - [2025-02-16T16:55:21.658+0700] {dagbag.py:588} INFO - Filling up the DagBag from /home/dataengineer/.pyenv/versions/3.9.21/lib/python3.9/site-packages/airflow/example_dags/example_branch_day_of_week_operator.py
[2025-02-16T16:55:21.669+0700] {processor.py:925} INFO - DAG(s) 'example_weekday_branch_operator' retrieved from /home/dataengineer/.pyenv/versions/3.9.21/lib/python3.9/site-packages/airflow/example_dags/example_branch_day_of_week_operator.py
[2025-02-16T16:55:21.685+0700] {logging_mixin.py:190} INFO - [2025-02-16T16:55:21.685+0700] {dag.py:3239} INFO - Sync 1 DAGs
[2025-02-16T16:55:21.709+0700] {logging_mixin.py:190} INFO - [2025-02-16T16:55:21.708+0700] {dag.py:4180} INFO - Setting next_dagrun for example_weekday_branch_operator to 2025-02-15 00:00:00+00:00, run_after=2025-02-16 00:00:00+00:00
[2025-02-16T16:55:21.729+0700] {processor.py:208} INFO - Processing /home/dataengineer/.pyenv/versions/3.9.21/lib/python3.9/site-packages/airflow/example_dags/example_branch_day_of_week_operator.py took 0.080 seconds
[2025-02-16T16:56:32.318+0700] {processor.py:186} INFO - Started process (PID=41942) to work on /home/dataengineer/.pyenv/versions/3.9.21/lib/python3.9/site-packages/airflow/example_dags/example_branch_day_of_week_operator.py
[2025-02-16T16:56:32.320+0700] {processor.py:914} INFO - Processing file /home/dataengineer/.pyenv/versions/3.9.21/lib/python3.9/site-packages/airflow/example_dags/example_branch_day_of_week_operator.py for tasks to queue
[2025-02-16T16:56:32.321+0700] {logging_mixin.py:190} INFO - [2025-02-16T16:56:32.321+0700] {dagbag.py:588} INFO - Filling up the DagBag from /home/dataengineer/.pyenv/versions/3.9.21/lib/python3.9/site-packages/airflow/example_dags/example_branch_day_of_week_operator.py
[2025-02-16T16:56:32.332+0700] {processor.py:925} INFO - DAG(s) 'example_weekday_branch_operator' retrieved from /home/dataengineer/.pyenv/versions/3.9.21/lib/python3.9/site-packages/airflow/example_dags/example_branch_day_of_week_operator.py
[2025-02-16T16:56:32.349+0700] {logging_mixin.py:190} INFO - [2025-02-16T16:56:32.349+0700] {dag.py:3239} INFO - Sync 1 DAGs
[2025-02-16T16:56:32.372+0700] {logging_mixin.py:190} INFO - [2025-02-16T16:56:32.372+0700] {dag.py:4180} INFO - Setting next_dagrun for example_weekday_branch_operator to 2025-02-15 00:00:00+00:00, run_after=2025-02-16 00:00:00+00:00
[2025-02-16T16:56:32.394+0700] {processor.py:208} INFO - Processing /home/dataengineer/.pyenv/versions/3.9.21/lib/python3.9/site-packages/airflow/example_dags/example_branch_day_of_week_operator.py took 0.082 seconds
[2025-02-16T16:57:44.024+0700] {processor.py:186} INFO - Started process (PID=42652) to work on /home/dataengineer/.pyenv/versions/3.9.21/lib/python3.9/site-packages/airflow/example_dags/example_branch_day_of_week_operator.py
[2025-02-16T16:57:44.026+0700] {processor.py:914} INFO - Processing file /home/dataengineer/.pyenv/versions/3.9.21/lib/python3.9/site-packages/airflow/example_dags/example_branch_day_of_week_operator.py for tasks to queue
[2025-02-16T16:57:44.027+0700] {logging_mixin.py:190} INFO - [2025-02-16T16:57:44.026+0700] {dagbag.py:588} INFO - Filling up the DagBag from /home/dataengineer/.pyenv/versions/3.9.21/lib/python3.9/site-packages/airflow/example_dags/example_branch_day_of_week_operator.py
[2025-02-16T16:57:44.038+0700] {processor.py:925} INFO - DAG(s) 'example_weekday_branch_operator' retrieved from /home/dataengineer/.pyenv/versions/3.9.21/lib/python3.9/site-packages/airflow/example_dags/example_branch_day_of_week_operator.py
[2025-02-16T16:57:44.054+0700] {logging_mixin.py:190} INFO - [2025-02-16T16:57:44.053+0700] {dag.py:3239} INFO - Sync 1 DAGs
[2025-02-16T16:57:44.076+0700] {logging_mixin.py:190} INFO - [2025-02-16T16:57:44.075+0700] {dag.py:4180} INFO - Setting next_dagrun for example_weekday_branch_operator to 2025-02-15 00:00:00+00:00, run_after=2025-02-16 00:00:00+00:00
[2025-02-16T16:57:44.096+0700] {processor.py:208} INFO - Processing /home/dataengineer/.pyenv/versions/3.9.21/lib/python3.9/site-packages/airflow/example_dags/example_branch_day_of_week_operator.py took 0.078 seconds
[2025-02-16T16:58:33.618+0700] {processor.py:186} INFO - Started process (PID=43119) to work on /home/dataengineer/.pyenv/versions/3.9.21/lib/python3.9/site-packages/airflow/example_dags/example_branch_day_of_week_operator.py
[2025-02-16T16:58:33.619+0700] {processor.py:914} INFO - Processing file /home/dataengineer/.pyenv/versions/3.9.21/lib/python3.9/site-packages/airflow/example_dags/example_branch_day_of_week_operator.py for tasks to queue
[2025-02-16T16:58:33.621+0700] {logging_mixin.py:190} INFO - [2025-02-16T16:58:33.620+0700] {dagbag.py:588} INFO - Filling up the DagBag from /home/dataengineer/.pyenv/versions/3.9.21/lib/python3.9/site-packages/airflow/example_dags/example_branch_day_of_week_operator.py
[2025-02-16T16:58:33.632+0700] {processor.py:925} INFO - DAG(s) 'example_weekday_branch_operator' retrieved from /home/dataengineer/.pyenv/versions/3.9.21/lib/python3.9/site-packages/airflow/example_dags/example_branch_day_of_week_operator.py
[2025-02-16T16:58:33.649+0700] {logging_mixin.py:190} INFO - [2025-02-16T16:58:33.648+0700] {dag.py:3239} INFO - Sync 1 DAGs
[2025-02-16T16:58:33.674+0700] {logging_mixin.py:190} INFO - [2025-02-16T16:58:33.674+0700] {dag.py:4180} INFO - Setting next_dagrun for example_weekday_branch_operator to 2025-02-15 00:00:00+00:00, run_after=2025-02-16 00:00:00+00:00
[2025-02-16T16:58:33.696+0700] {processor.py:208} INFO - Processing /home/dataengineer/.pyenv/versions/3.9.21/lib/python3.9/site-packages/airflow/example_dags/example_branch_day_of_week_operator.py took 0.085 seconds
[2025-02-16T16:59:27.728+0700] {processor.py:186} INFO - Started process (PID=43338) to work on /home/dataengineer/.pyenv/versions/3.9.21/lib/python3.9/site-packages/airflow/example_dags/example_branch_day_of_week_operator.py
[2025-02-16T16:59:27.730+0700] {processor.py:914} INFO - Processing file /home/dataengineer/.pyenv/versions/3.9.21/lib/python3.9/site-packages/airflow/example_dags/example_branch_day_of_week_operator.py for tasks to queue
[2025-02-16T16:59:27.731+0700] {logging_mixin.py:190} INFO - [2025-02-16T16:59:27.730+0700] {dagbag.py:588} INFO - Filling up the DagBag from /home/dataengineer/.pyenv/versions/3.9.21/lib/python3.9/site-packages/airflow/example_dags/example_branch_day_of_week_operator.py
[2025-02-16T16:59:27.741+0700] {processor.py:925} INFO - DAG(s) 'example_weekday_branch_operator' retrieved from /home/dataengineer/.pyenv/versions/3.9.21/lib/python3.9/site-packages/airflow/example_dags/example_branch_day_of_week_operator.py
[2025-02-16T16:59:27.757+0700] {logging_mixin.py:190} INFO - [2025-02-16T16:59:27.756+0700] {dag.py:3239} INFO - Sync 1 DAGs
[2025-02-16T16:59:27.779+0700] {logging_mixin.py:190} INFO - [2025-02-16T16:59:27.778+0700] {dag.py:4180} INFO - Setting next_dagrun for example_weekday_branch_operator to 2025-02-15 00:00:00+00:00, run_after=2025-02-16 00:00:00+00:00
[2025-02-16T16:59:27.800+0700] {processor.py:208} INFO - Processing /home/dataengineer/.pyenv/versions/3.9.21/lib/python3.9/site-packages/airflow/example_dags/example_branch_day_of_week_operator.py took 0.078 seconds
