[2025-02-16T15:58:10.336+0700] {processor.py:186} INFO - Started process (PID=25587) to work on /home/dataengineer/.pyenv/versions/3.9.21/lib/python3.9/site-packages/airflow/example_dags/example_external_task_marker_dag.py
[2025-02-16T15:58:10.337+0700] {processor.py:914} INFO - Processing file /home/dataengineer/.pyenv/versions/3.9.21/lib/python3.9/site-packages/airflow/example_dags/example_external_task_marker_dag.py for tasks to queue
[2025-02-16T15:58:10.339+0700] {logging_mixin.py:190} INFO - [2025-02-16T15:58:10.339+0700] {dagbag.py:588} INFO - Filling up the DagBag from /home/dataengineer/.pyenv/versions/3.9.21/lib/python3.9/site-packages/airflow/example_dags/example_external_task_marker_dag.py
[2025-02-16T15:58:10.347+0700] {processor.py:925} INFO - DAG(s) 'example_external_task_marker_parent', 'example_external_task_marker_child' retrieved from /home/dataengineer/.pyenv/versions/3.9.21/lib/python3.9/site-packages/airflow/example_dags/example_external_task_marker_dag.py
[2025-02-16T15:58:10.363+0700] {logging_mixin.py:190} INFO - [2025-02-16T15:58:10.363+0700] {dag.py:3239} INFO - Sync 2 DAGs
[2025-02-16T15:58:10.374+0700] {logging_mixin.py:190} INFO - [2025-02-16T15:58:10.374+0700] {dag.py:4180} INFO - Setting next_dagrun for example_external_task_marker_child to None, run_after=None
[2025-02-16T15:58:10.377+0700] {logging_mixin.py:190} INFO - [2025-02-16T15:58:10.377+0700] {dag.py:4180} INFO - Setting next_dagrun for example_external_task_marker_parent to None, run_after=None
[2025-02-16T15:58:10.396+0700] {processor.py:208} INFO - Processing /home/dataengineer/.pyenv/versions/3.9.21/lib/python3.9/site-packages/airflow/example_dags/example_external_task_marker_dag.py took 0.065 seconds
[2025-02-16T15:59:26.741+0700] {processor.py:186} INFO - Started process (PID=25900) to work on /home/dataengineer/.pyenv/versions/3.9.21/lib/python3.9/site-packages/airflow/example_dags/example_external_task_marker_dag.py
[2025-02-16T15:59:26.742+0700] {processor.py:914} INFO - Processing file /home/dataengineer/.pyenv/versions/3.9.21/lib/python3.9/site-packages/airflow/example_dags/example_external_task_marker_dag.py for tasks to queue
[2025-02-16T15:59:26.744+0700] {logging_mixin.py:190} INFO - [2025-02-16T15:59:26.744+0700] {dagbag.py:588} INFO - Filling up the DagBag from /home/dataengineer/.pyenv/versions/3.9.21/lib/python3.9/site-packages/airflow/example_dags/example_external_task_marker_dag.py
[2025-02-16T15:59:26.753+0700] {processor.py:925} INFO - DAG(s) 'example_external_task_marker_parent', 'example_external_task_marker_child' retrieved from /home/dataengineer/.pyenv/versions/3.9.21/lib/python3.9/site-packages/airflow/example_dags/example_external_task_marker_dag.py
[2025-02-16T15:59:26.772+0700] {logging_mixin.py:190} INFO - [2025-02-16T15:59:26.772+0700] {dag.py:3239} INFO - Sync 2 DAGs
[2025-02-16T15:59:26.785+0700] {logging_mixin.py:190} INFO - [2025-02-16T15:59:26.785+0700] {dag.py:4180} INFO - Setting next_dagrun for example_external_task_marker_child to None, run_after=None
[2025-02-16T15:59:26.788+0700] {logging_mixin.py:190} INFO - [2025-02-16T15:59:26.788+0700] {dag.py:4180} INFO - Setting next_dagrun for example_external_task_marker_parent to None, run_after=None
[2025-02-16T15:59:26.806+0700] {processor.py:208} INFO - Processing /home/dataengineer/.pyenv/versions/3.9.21/lib/python3.9/site-packages/airflow/example_dags/example_external_task_marker_dag.py took 0.071 seconds
[2025-02-16T16:00:38.722+0700] {processor.py:186} INFO - Started process (PID=26294) to work on /home/dataengineer/.pyenv/versions/3.9.21/lib/python3.9/site-packages/airflow/example_dags/example_external_task_marker_dag.py
[2025-02-16T16:00:38.723+0700] {processor.py:914} INFO - Processing file /home/dataengineer/.pyenv/versions/3.9.21/lib/python3.9/site-packages/airflow/example_dags/example_external_task_marker_dag.py for tasks to queue
[2025-02-16T16:00:38.724+0700] {logging_mixin.py:190} INFO - [2025-02-16T16:00:38.724+0700] {dagbag.py:588} INFO - Filling up the DagBag from /home/dataengineer/.pyenv/versions/3.9.21/lib/python3.9/site-packages/airflow/example_dags/example_external_task_marker_dag.py
[2025-02-16T16:00:38.733+0700] {processor.py:925} INFO - DAG(s) 'example_external_task_marker_child', 'example_external_task_marker_parent' retrieved from /home/dataengineer/.pyenv/versions/3.9.21/lib/python3.9/site-packages/airflow/example_dags/example_external_task_marker_dag.py
[2025-02-16T16:00:38.750+0700] {logging_mixin.py:190} INFO - [2025-02-16T16:00:38.750+0700] {dag.py:3239} INFO - Sync 2 DAGs
[2025-02-16T16:00:38.764+0700] {logging_mixin.py:190} INFO - [2025-02-16T16:00:38.763+0700] {dag.py:4180} INFO - Setting next_dagrun for example_external_task_marker_child to None, run_after=None
[2025-02-16T16:00:38.767+0700] {logging_mixin.py:190} INFO - [2025-02-16T16:00:38.767+0700] {dag.py:4180} INFO - Setting next_dagrun for example_external_task_marker_parent to None, run_after=None
[2025-02-16T16:00:38.787+0700] {processor.py:208} INFO - Processing /home/dataengineer/.pyenv/versions/3.9.21/lib/python3.9/site-packages/airflow/example_dags/example_external_task_marker_dag.py took 0.071 seconds
[2025-02-16T16:02:08.407+0700] {processor.py:186} INFO - Started process (PID=27005) to work on /home/dataengineer/.pyenv/versions/3.9.21/lib/python3.9/site-packages/airflow/example_dags/example_external_task_marker_dag.py
[2025-02-16T16:02:08.408+0700] {processor.py:914} INFO - Processing file /home/dataengineer/.pyenv/versions/3.9.21/lib/python3.9/site-packages/airflow/example_dags/example_external_task_marker_dag.py for tasks to queue
[2025-02-16T16:02:08.409+0700] {logging_mixin.py:190} INFO - [2025-02-16T16:02:08.409+0700] {dagbag.py:588} INFO - Filling up the DagBag from /home/dataengineer/.pyenv/versions/3.9.21/lib/python3.9/site-packages/airflow/example_dags/example_external_task_marker_dag.py
[2025-02-16T16:02:08.417+0700] {processor.py:925} INFO - DAG(s) 'example_external_task_marker_child', 'example_external_task_marker_parent' retrieved from /home/dataengineer/.pyenv/versions/3.9.21/lib/python3.9/site-packages/airflow/example_dags/example_external_task_marker_dag.py
[2025-02-16T16:02:08.434+0700] {logging_mixin.py:190} INFO - [2025-02-16T16:02:08.434+0700] {dag.py:3239} INFO - Sync 2 DAGs
[2025-02-16T16:02:08.447+0700] {logging_mixin.py:190} INFO - [2025-02-16T16:02:08.447+0700] {dag.py:4180} INFO - Setting next_dagrun for example_external_task_marker_child to None, run_after=None
[2025-02-16T16:02:08.450+0700] {logging_mixin.py:190} INFO - [2025-02-16T16:02:08.450+0700] {dag.py:4180} INFO - Setting next_dagrun for example_external_task_marker_parent to None, run_after=None
[2025-02-16T16:02:08.469+0700] {processor.py:208} INFO - Processing /home/dataengineer/.pyenv/versions/3.9.21/lib/python3.9/site-packages/airflow/example_dags/example_external_task_marker_dag.py took 0.068 seconds
[2025-02-16T16:03:01.543+0700] {processor.py:186} INFO - Started process (PID=27235) to work on /home/dataengineer/.pyenv/versions/3.9.21/lib/python3.9/site-packages/airflow/example_dags/example_external_task_marker_dag.py
[2025-02-16T16:03:01.544+0700] {processor.py:914} INFO - Processing file /home/dataengineer/.pyenv/versions/3.9.21/lib/python3.9/site-packages/airflow/example_dags/example_external_task_marker_dag.py for tasks to queue
[2025-02-16T16:03:01.545+0700] {logging_mixin.py:190} INFO - [2025-02-16T16:03:01.545+0700] {dagbag.py:588} INFO - Filling up the DagBag from /home/dataengineer/.pyenv/versions/3.9.21/lib/python3.9/site-packages/airflow/example_dags/example_external_task_marker_dag.py
[2025-02-16T16:03:01.553+0700] {processor.py:925} INFO - DAG(s) 'example_external_task_marker_child', 'example_external_task_marker_parent' retrieved from /home/dataengineer/.pyenv/versions/3.9.21/lib/python3.9/site-packages/airflow/example_dags/example_external_task_marker_dag.py
[2025-02-16T16:03:01.568+0700] {logging_mixin.py:190} INFO - [2025-02-16T16:03:01.568+0700] {dag.py:3239} INFO - Sync 2 DAGs
[2025-02-16T16:03:01.580+0700] {logging_mixin.py:190} INFO - [2025-02-16T16:03:01.580+0700] {dag.py:4180} INFO - Setting next_dagrun for example_external_task_marker_child to None, run_after=None
[2025-02-16T16:03:01.583+0700] {logging_mixin.py:190} INFO - [2025-02-16T16:03:01.583+0700] {dag.py:4180} INFO - Setting next_dagrun for example_external_task_marker_parent to None, run_after=None
[2025-02-16T16:03:01.600+0700] {processor.py:208} INFO - Processing /home/dataengineer/.pyenv/versions/3.9.21/lib/python3.9/site-packages/airflow/example_dags/example_external_task_marker_dag.py took 0.063 seconds
[2025-02-16T16:04:10.416+0700] {processor.py:186} INFO - Started process (PID=27522) to work on /home/dataengineer/.pyenv/versions/3.9.21/lib/python3.9/site-packages/airflow/example_dags/example_external_task_marker_dag.py
[2025-02-16T16:04:10.417+0700] {processor.py:914} INFO - Processing file /home/dataengineer/.pyenv/versions/3.9.21/lib/python3.9/site-packages/airflow/example_dags/example_external_task_marker_dag.py for tasks to queue
[2025-02-16T16:04:10.418+0700] {logging_mixin.py:190} INFO - [2025-02-16T16:04:10.418+0700] {dagbag.py:588} INFO - Filling up the DagBag from /home/dataengineer/.pyenv/versions/3.9.21/lib/python3.9/site-packages/airflow/example_dags/example_external_task_marker_dag.py
[2025-02-16T16:04:10.427+0700] {processor.py:925} INFO - DAG(s) 'example_external_task_marker_child', 'example_external_task_marker_parent' retrieved from /home/dataengineer/.pyenv/versions/3.9.21/lib/python3.9/site-packages/airflow/example_dags/example_external_task_marker_dag.py
[2025-02-16T16:04:10.444+0700] {logging_mixin.py:190} INFO - [2025-02-16T16:04:10.444+0700] {dag.py:3239} INFO - Sync 2 DAGs
[2025-02-16T16:04:10.457+0700] {logging_mixin.py:190} INFO - [2025-02-16T16:04:10.457+0700] {dag.py:4180} INFO - Setting next_dagrun for example_external_task_marker_child to None, run_after=None
[2025-02-16T16:04:10.460+0700] {logging_mixin.py:190} INFO - [2025-02-16T16:04:10.460+0700] {dag.py:4180} INFO - Setting next_dagrun for example_external_task_marker_parent to None, run_after=None
[2025-02-16T16:04:10.478+0700] {processor.py:208} INFO - Processing /home/dataengineer/.pyenv/versions/3.9.21/lib/python3.9/site-packages/airflow/example_dags/example_external_task_marker_dag.py took 0.069 seconds
[2025-02-16T16:05:28.173+0700] {processor.py:186} INFO - Started process (PID=27847) to work on /home/dataengineer/.pyenv/versions/3.9.21/lib/python3.9/site-packages/airflow/example_dags/example_external_task_marker_dag.py
[2025-02-16T16:05:28.175+0700] {processor.py:914} INFO - Processing file /home/dataengineer/.pyenv/versions/3.9.21/lib/python3.9/site-packages/airflow/example_dags/example_external_task_marker_dag.py for tasks to queue
[2025-02-16T16:05:28.176+0700] {logging_mixin.py:190} INFO - [2025-02-16T16:05:28.176+0700] {dagbag.py:588} INFO - Filling up the DagBag from /home/dataengineer/.pyenv/versions/3.9.21/lib/python3.9/site-packages/airflow/example_dags/example_external_task_marker_dag.py
[2025-02-16T16:05:28.184+0700] {processor.py:925} INFO - DAG(s) 'example_external_task_marker_parent', 'example_external_task_marker_child' retrieved from /home/dataengineer/.pyenv/versions/3.9.21/lib/python3.9/site-packages/airflow/example_dags/example_external_task_marker_dag.py
[2025-02-16T16:05:28.202+0700] {logging_mixin.py:190} INFO - [2025-02-16T16:05:28.202+0700] {dag.py:3239} INFO - Sync 2 DAGs
[2025-02-16T16:05:28.215+0700] {logging_mixin.py:190} INFO - [2025-02-16T16:05:28.215+0700] {dag.py:4180} INFO - Setting next_dagrun for example_external_task_marker_child to None, run_after=None
[2025-02-16T16:05:28.218+0700] {logging_mixin.py:190} INFO - [2025-02-16T16:05:28.218+0700] {dag.py:4180} INFO - Setting next_dagrun for example_external_task_marker_parent to None, run_after=None
[2025-02-16T16:05:28.237+0700] {processor.py:208} INFO - Processing /home/dataengineer/.pyenv/versions/3.9.21/lib/python3.9/site-packages/airflow/example_dags/example_external_task_marker_dag.py took 0.070 seconds
[2025-02-16T16:06:43.383+0700] {processor.py:186} INFO - Started process (PID=28200) to work on /home/dataengineer/.pyenv/versions/3.9.21/lib/python3.9/site-packages/airflow/example_dags/example_external_task_marker_dag.py
[2025-02-16T16:06:43.384+0700] {processor.py:914} INFO - Processing file /home/dataengineer/.pyenv/versions/3.9.21/lib/python3.9/site-packages/airflow/example_dags/example_external_task_marker_dag.py for tasks to queue
[2025-02-16T16:06:43.385+0700] {logging_mixin.py:190} INFO - [2025-02-16T16:06:43.385+0700] {dagbag.py:588} INFO - Filling up the DagBag from /home/dataengineer/.pyenv/versions/3.9.21/lib/python3.9/site-packages/airflow/example_dags/example_external_task_marker_dag.py
[2025-02-16T16:06:43.393+0700] {processor.py:925} INFO - DAG(s) 'example_external_task_marker_child', 'example_external_task_marker_parent' retrieved from /home/dataengineer/.pyenv/versions/3.9.21/lib/python3.9/site-packages/airflow/example_dags/example_external_task_marker_dag.py
[2025-02-16T16:06:43.409+0700] {logging_mixin.py:190} INFO - [2025-02-16T16:06:43.409+0700] {dag.py:3239} INFO - Sync 2 DAGs
[2025-02-16T16:06:43.421+0700] {logging_mixin.py:190} INFO - [2025-02-16T16:06:43.421+0700] {dag.py:4180} INFO - Setting next_dagrun for example_external_task_marker_child to None, run_after=None
[2025-02-16T16:06:43.424+0700] {logging_mixin.py:190} INFO - [2025-02-16T16:06:43.424+0700] {dag.py:4180} INFO - Setting next_dagrun for example_external_task_marker_parent to None, run_after=None
[2025-02-16T16:06:43.440+0700] {processor.py:208} INFO - Processing /home/dataengineer/.pyenv/versions/3.9.21/lib/python3.9/site-packages/airflow/example_dags/example_external_task_marker_dag.py took 0.063 seconds
[2025-02-16T16:07:54.118+0700] {processor.py:186} INFO - Started process (PID=28632) to work on /home/dataengineer/.pyenv/versions/3.9.21/lib/python3.9/site-packages/airflow/example_dags/example_external_task_marker_dag.py
[2025-02-16T16:07:54.119+0700] {processor.py:914} INFO - Processing file /home/dataengineer/.pyenv/versions/3.9.21/lib/python3.9/site-packages/airflow/example_dags/example_external_task_marker_dag.py for tasks to queue
[2025-02-16T16:07:54.121+0700] {logging_mixin.py:190} INFO - [2025-02-16T16:07:54.120+0700] {dagbag.py:588} INFO - Filling up the DagBag from /home/dataengineer/.pyenv/versions/3.9.21/lib/python3.9/site-packages/airflow/example_dags/example_external_task_marker_dag.py
[2025-02-16T16:07:54.129+0700] {processor.py:925} INFO - DAG(s) 'example_external_task_marker_parent', 'example_external_task_marker_child' retrieved from /home/dataengineer/.pyenv/versions/3.9.21/lib/python3.9/site-packages/airflow/example_dags/example_external_task_marker_dag.py
[2025-02-16T16:07:54.148+0700] {logging_mixin.py:190} INFO - [2025-02-16T16:07:54.147+0700] {dag.py:3239} INFO - Sync 2 DAGs
[2025-02-16T16:07:54.162+0700] {logging_mixin.py:190} INFO - [2025-02-16T16:07:54.161+0700] {dag.py:4180} INFO - Setting next_dagrun for example_external_task_marker_child to None, run_after=None
[2025-02-16T16:07:54.165+0700] {logging_mixin.py:190} INFO - [2025-02-16T16:07:54.165+0700] {dag.py:4180} INFO - Setting next_dagrun for example_external_task_marker_parent to None, run_after=None
[2025-02-16T16:07:54.183+0700] {processor.py:208} INFO - Processing /home/dataengineer/.pyenv/versions/3.9.21/lib/python3.9/site-packages/airflow/example_dags/example_external_task_marker_dag.py took 0.070 seconds
[2025-02-16T16:09:05.027+0700] {processor.py:186} INFO - Started process (PID=28973) to work on /home/dataengineer/.pyenv/versions/3.9.21/lib/python3.9/site-packages/airflow/example_dags/example_external_task_marker_dag.py
[2025-02-16T16:09:05.028+0700] {processor.py:914} INFO - Processing file /home/dataengineer/.pyenv/versions/3.9.21/lib/python3.9/site-packages/airflow/example_dags/example_external_task_marker_dag.py for tasks to queue
[2025-02-16T16:09:05.029+0700] {logging_mixin.py:190} INFO - [2025-02-16T16:09:05.029+0700] {dagbag.py:588} INFO - Filling up the DagBag from /home/dataengineer/.pyenv/versions/3.9.21/lib/python3.9/site-packages/airflow/example_dags/example_external_task_marker_dag.py
[2025-02-16T16:09:05.039+0700] {processor.py:925} INFO - DAG(s) 'example_external_task_marker_parent', 'example_external_task_marker_child' retrieved from /home/dataengineer/.pyenv/versions/3.9.21/lib/python3.9/site-packages/airflow/example_dags/example_external_task_marker_dag.py
[2025-02-16T16:09:05.060+0700] {logging_mixin.py:190} INFO - [2025-02-16T16:09:05.060+0700] {dag.py:3239} INFO - Sync 2 DAGs
[2025-02-16T16:09:05.076+0700] {logging_mixin.py:190} INFO - [2025-02-16T16:09:05.075+0700] {dag.py:4180} INFO - Setting next_dagrun for example_external_task_marker_child to None, run_after=None
[2025-02-16T16:09:05.079+0700] {logging_mixin.py:190} INFO - [2025-02-16T16:09:05.079+0700] {dag.py:4180} INFO - Setting next_dagrun for example_external_task_marker_parent to None, run_after=None
[2025-02-16T16:09:05.097+0700] {processor.py:208} INFO - Processing /home/dataengineer/.pyenv/versions/3.9.21/lib/python3.9/site-packages/airflow/example_dags/example_external_task_marker_dag.py took 0.077 seconds
[2025-02-16T16:10:22.926+0700] {processor.py:186} INFO - Started process (PID=29376) to work on /home/dataengineer/.pyenv/versions/3.9.21/lib/python3.9/site-packages/airflow/example_dags/example_external_task_marker_dag.py
[2025-02-16T16:10:22.927+0700] {processor.py:914} INFO - Processing file /home/dataengineer/.pyenv/versions/3.9.21/lib/python3.9/site-packages/airflow/example_dags/example_external_task_marker_dag.py for tasks to queue
[2025-02-16T16:10:22.928+0700] {logging_mixin.py:190} INFO - [2025-02-16T16:10:22.928+0700] {dagbag.py:588} INFO - Filling up the DagBag from /home/dataengineer/.pyenv/versions/3.9.21/lib/python3.9/site-packages/airflow/example_dags/example_external_task_marker_dag.py
[2025-02-16T16:10:22.937+0700] {processor.py:925} INFO - DAG(s) 'example_external_task_marker_parent', 'example_external_task_marker_child' retrieved from /home/dataengineer/.pyenv/versions/3.9.21/lib/python3.9/site-packages/airflow/example_dags/example_external_task_marker_dag.py
[2025-02-16T16:10:22.954+0700] {logging_mixin.py:190} INFO - [2025-02-16T16:10:22.954+0700] {dag.py:3239} INFO - Sync 2 DAGs
[2025-02-16T16:10:22.967+0700] {logging_mixin.py:190} INFO - [2025-02-16T16:10:22.967+0700] {dag.py:4180} INFO - Setting next_dagrun for example_external_task_marker_child to None, run_after=None
[2025-02-16T16:10:22.971+0700] {logging_mixin.py:190} INFO - [2025-02-16T16:10:22.970+0700] {dag.py:4180} INFO - Setting next_dagrun for example_external_task_marker_parent to None, run_after=None
[2025-02-16T16:10:22.988+0700] {processor.py:208} INFO - Processing /home/dataengineer/.pyenv/versions/3.9.21/lib/python3.9/site-packages/airflow/example_dags/example_external_task_marker_dag.py took 0.068 seconds
[2025-02-16T16:11:29.404+0700] {processor.py:186} INFO - Started process (PID=29664) to work on /home/dataengineer/.pyenv/versions/3.9.21/lib/python3.9/site-packages/airflow/example_dags/example_external_task_marker_dag.py
[2025-02-16T16:11:29.405+0700] {processor.py:914} INFO - Processing file /home/dataengineer/.pyenv/versions/3.9.21/lib/python3.9/site-packages/airflow/example_dags/example_external_task_marker_dag.py for tasks to queue
[2025-02-16T16:11:29.406+0700] {logging_mixin.py:190} INFO - [2025-02-16T16:11:29.406+0700] {dagbag.py:588} INFO - Filling up the DagBag from /home/dataengineer/.pyenv/versions/3.9.21/lib/python3.9/site-packages/airflow/example_dags/example_external_task_marker_dag.py
[2025-02-16T16:11:29.415+0700] {processor.py:925} INFO - DAG(s) 'example_external_task_marker_child', 'example_external_task_marker_parent' retrieved from /home/dataengineer/.pyenv/versions/3.9.21/lib/python3.9/site-packages/airflow/example_dags/example_external_task_marker_dag.py
[2025-02-16T16:11:29.432+0700] {logging_mixin.py:190} INFO - [2025-02-16T16:11:29.431+0700] {dag.py:3239} INFO - Sync 2 DAGs
[2025-02-16T16:11:29.445+0700] {logging_mixin.py:190} INFO - [2025-02-16T16:11:29.445+0700] {dag.py:4180} INFO - Setting next_dagrun for example_external_task_marker_child to None, run_after=None
[2025-02-16T16:11:29.448+0700] {logging_mixin.py:190} INFO - [2025-02-16T16:11:29.448+0700] {dag.py:4180} INFO - Setting next_dagrun for example_external_task_marker_parent to None, run_after=None
[2025-02-16T16:11:29.467+0700] {processor.py:208} INFO - Processing /home/dataengineer/.pyenv/versions/3.9.21/lib/python3.9/site-packages/airflow/example_dags/example_external_task_marker_dag.py took 0.069 seconds
[2025-02-16T16:12:45.397+0700] {processor.py:186} INFO - Started process (PID=29974) to work on /home/dataengineer/.pyenv/versions/3.9.21/lib/python3.9/site-packages/airflow/example_dags/example_external_task_marker_dag.py
[2025-02-16T16:12:45.398+0700] {processor.py:914} INFO - Processing file /home/dataengineer/.pyenv/versions/3.9.21/lib/python3.9/site-packages/airflow/example_dags/example_external_task_marker_dag.py for tasks to queue
[2025-02-16T16:12:45.400+0700] {logging_mixin.py:190} INFO - [2025-02-16T16:12:45.399+0700] {dagbag.py:588} INFO - Filling up the DagBag from /home/dataengineer/.pyenv/versions/3.9.21/lib/python3.9/site-packages/airflow/example_dags/example_external_task_marker_dag.py
[2025-02-16T16:12:45.408+0700] {processor.py:925} INFO - DAG(s) 'example_external_task_marker_child', 'example_external_task_marker_parent' retrieved from /home/dataengineer/.pyenv/versions/3.9.21/lib/python3.9/site-packages/airflow/example_dags/example_external_task_marker_dag.py
[2025-02-16T16:12:45.425+0700] {logging_mixin.py:190} INFO - [2025-02-16T16:12:45.425+0700] {dag.py:3239} INFO - Sync 2 DAGs
[2025-02-16T16:12:45.438+0700] {logging_mixin.py:190} INFO - [2025-02-16T16:12:45.438+0700] {dag.py:4180} INFO - Setting next_dagrun for example_external_task_marker_child to None, run_after=None
[2025-02-16T16:12:45.441+0700] {logging_mixin.py:190} INFO - [2025-02-16T16:12:45.441+0700] {dag.py:4180} INFO - Setting next_dagrun for example_external_task_marker_parent to None, run_after=None
[2025-02-16T16:12:45.459+0700] {processor.py:208} INFO - Processing /home/dataengineer/.pyenv/versions/3.9.21/lib/python3.9/site-packages/airflow/example_dags/example_external_task_marker_dag.py took 0.068 seconds
[2025-02-16T16:14:00.455+0700] {processor.py:186} INFO - Started process (PID=30293) to work on /home/dataengineer/.pyenv/versions/3.9.21/lib/python3.9/site-packages/airflow/example_dags/example_external_task_marker_dag.py
[2025-02-16T16:14:00.456+0700] {processor.py:914} INFO - Processing file /home/dataengineer/.pyenv/versions/3.9.21/lib/python3.9/site-packages/airflow/example_dags/example_external_task_marker_dag.py for tasks to queue
[2025-02-16T16:14:00.458+0700] {logging_mixin.py:190} INFO - [2025-02-16T16:14:00.457+0700] {dagbag.py:588} INFO - Filling up the DagBag from /home/dataengineer/.pyenv/versions/3.9.21/lib/python3.9/site-packages/airflow/example_dags/example_external_task_marker_dag.py
[2025-02-16T16:14:00.466+0700] {processor.py:925} INFO - DAG(s) 'example_external_task_marker_parent', 'example_external_task_marker_child' retrieved from /home/dataengineer/.pyenv/versions/3.9.21/lib/python3.9/site-packages/airflow/example_dags/example_external_task_marker_dag.py
[2025-02-16T16:14:00.484+0700] {logging_mixin.py:190} INFO - [2025-02-16T16:14:00.483+0700] {dag.py:3239} INFO - Sync 2 DAGs
[2025-02-16T16:14:00.497+0700] {logging_mixin.py:190} INFO - [2025-02-16T16:14:00.496+0700] {dag.py:4180} INFO - Setting next_dagrun for example_external_task_marker_child to None, run_after=None
[2025-02-16T16:14:00.500+0700] {logging_mixin.py:190} INFO - [2025-02-16T16:14:00.500+0700] {dag.py:4180} INFO - Setting next_dagrun for example_external_task_marker_parent to None, run_after=None
[2025-02-16T16:14:00.518+0700] {processor.py:208} INFO - Processing /home/dataengineer/.pyenv/versions/3.9.21/lib/python3.9/site-packages/airflow/example_dags/example_external_task_marker_dag.py took 0.069 seconds
[2025-02-16T16:15:13.234+0700] {processor.py:186} INFO - Started process (PID=30595) to work on /home/dataengineer/.pyenv/versions/3.9.21/lib/python3.9/site-packages/airflow/example_dags/example_external_task_marker_dag.py
[2025-02-16T16:15:13.235+0700] {processor.py:914} INFO - Processing file /home/dataengineer/.pyenv/versions/3.9.21/lib/python3.9/site-packages/airflow/example_dags/example_external_task_marker_dag.py for tasks to queue
[2025-02-16T16:15:13.236+0700] {logging_mixin.py:190} INFO - [2025-02-16T16:15:13.236+0700] {dagbag.py:588} INFO - Filling up the DagBag from /home/dataengineer/.pyenv/versions/3.9.21/lib/python3.9/site-packages/airflow/example_dags/example_external_task_marker_dag.py
[2025-02-16T16:15:13.246+0700] {processor.py:925} INFO - DAG(s) 'example_external_task_marker_child', 'example_external_task_marker_parent' retrieved from /home/dataengineer/.pyenv/versions/3.9.21/lib/python3.9/site-packages/airflow/example_dags/example_external_task_marker_dag.py
[2025-02-16T16:15:13.263+0700] {logging_mixin.py:190} INFO - [2025-02-16T16:15:13.262+0700] {dag.py:3239} INFO - Sync 2 DAGs
[2025-02-16T16:15:13.275+0700] {logging_mixin.py:190} INFO - [2025-02-16T16:15:13.275+0700] {dag.py:4180} INFO - Setting next_dagrun for example_external_task_marker_child to None, run_after=None
[2025-02-16T16:15:13.279+0700] {logging_mixin.py:190} INFO - [2025-02-16T16:15:13.278+0700] {dag.py:4180} INFO - Setting next_dagrun for example_external_task_marker_parent to None, run_after=None
[2025-02-16T16:15:13.297+0700] {processor.py:208} INFO - Processing /home/dataengineer/.pyenv/versions/3.9.21/lib/python3.9/site-packages/airflow/example_dags/example_external_task_marker_dag.py took 0.069 seconds
[2025-02-16T16:16:29.248+0700] {processor.py:186} INFO - Started process (PID=30913) to work on /home/dataengineer/.pyenv/versions/3.9.21/lib/python3.9/site-packages/airflow/example_dags/example_external_task_marker_dag.py
[2025-02-16T16:16:29.249+0700] {processor.py:914} INFO - Processing file /home/dataengineer/.pyenv/versions/3.9.21/lib/python3.9/site-packages/airflow/example_dags/example_external_task_marker_dag.py for tasks to queue
[2025-02-16T16:16:29.251+0700] {logging_mixin.py:190} INFO - [2025-02-16T16:16:29.250+0700] {dagbag.py:588} INFO - Filling up the DagBag from /home/dataengineer/.pyenv/versions/3.9.21/lib/python3.9/site-packages/airflow/example_dags/example_external_task_marker_dag.py
[2025-02-16T16:16:29.260+0700] {processor.py:925} INFO - DAG(s) 'example_external_task_marker_parent', 'example_external_task_marker_child' retrieved from /home/dataengineer/.pyenv/versions/3.9.21/lib/python3.9/site-packages/airflow/example_dags/example_external_task_marker_dag.py
[2025-02-16T16:16:29.278+0700] {logging_mixin.py:190} INFO - [2025-02-16T16:16:29.277+0700] {dag.py:3239} INFO - Sync 2 DAGs
[2025-02-16T16:16:29.291+0700] {logging_mixin.py:190} INFO - [2025-02-16T16:16:29.291+0700] {dag.py:4180} INFO - Setting next_dagrun for example_external_task_marker_child to None, run_after=None
[2025-02-16T16:16:29.294+0700] {logging_mixin.py:190} INFO - [2025-02-16T16:16:29.294+0700] {dag.py:4180} INFO - Setting next_dagrun for example_external_task_marker_parent to None, run_after=None
[2025-02-16T16:16:29.314+0700] {processor.py:208} INFO - Processing /home/dataengineer/.pyenv/versions/3.9.21/lib/python3.9/site-packages/airflow/example_dags/example_external_task_marker_dag.py took 0.073 seconds
[2025-02-16T16:17:44.773+0700] {processor.py:186} INFO - Started process (PID=31233) to work on /home/dataengineer/.pyenv/versions/3.9.21/lib/python3.9/site-packages/airflow/example_dags/example_external_task_marker_dag.py
[2025-02-16T16:17:44.774+0700] {processor.py:914} INFO - Processing file /home/dataengineer/.pyenv/versions/3.9.21/lib/python3.9/site-packages/airflow/example_dags/example_external_task_marker_dag.py for tasks to queue
[2025-02-16T16:17:44.775+0700] {logging_mixin.py:190} INFO - [2025-02-16T16:17:44.775+0700] {dagbag.py:588} INFO - Filling up the DagBag from /home/dataengineer/.pyenv/versions/3.9.21/lib/python3.9/site-packages/airflow/example_dags/example_external_task_marker_dag.py
[2025-02-16T16:17:44.784+0700] {processor.py:925} INFO - DAG(s) 'example_external_task_marker_child', 'example_external_task_marker_parent' retrieved from /home/dataengineer/.pyenv/versions/3.9.21/lib/python3.9/site-packages/airflow/example_dags/example_external_task_marker_dag.py
[2025-02-16T16:17:44.801+0700] {logging_mixin.py:190} INFO - [2025-02-16T16:17:44.800+0700] {dag.py:3239} INFO - Sync 2 DAGs
[2025-02-16T16:17:44.813+0700] {logging_mixin.py:190} INFO - [2025-02-16T16:17:44.813+0700] {dag.py:4180} INFO - Setting next_dagrun for example_external_task_marker_child to None, run_after=None
[2025-02-16T16:17:44.816+0700] {logging_mixin.py:190} INFO - [2025-02-16T16:17:44.816+0700] {dag.py:4180} INFO - Setting next_dagrun for example_external_task_marker_parent to None, run_after=None
[2025-02-16T16:17:44.834+0700] {processor.py:208} INFO - Processing /home/dataengineer/.pyenv/versions/3.9.21/lib/python3.9/site-packages/airflow/example_dags/example_external_task_marker_dag.py took 0.066 seconds
[2025-02-16T16:19:02.649+0700] {processor.py:186} INFO - Started process (PID=31552) to work on /home/dataengineer/.pyenv/versions/3.9.21/lib/python3.9/site-packages/airflow/example_dags/example_external_task_marker_dag.py
[2025-02-16T16:19:02.650+0700] {processor.py:914} INFO - Processing file /home/dataengineer/.pyenv/versions/3.9.21/lib/python3.9/site-packages/airflow/example_dags/example_external_task_marker_dag.py for tasks to queue
[2025-02-16T16:19:02.651+0700] {logging_mixin.py:190} INFO - [2025-02-16T16:19:02.651+0700] {dagbag.py:588} INFO - Filling up the DagBag from /home/dataengineer/.pyenv/versions/3.9.21/lib/python3.9/site-packages/airflow/example_dags/example_external_task_marker_dag.py
[2025-02-16T16:19:02.660+0700] {processor.py:925} INFO - DAG(s) 'example_external_task_marker_child', 'example_external_task_marker_parent' retrieved from /home/dataengineer/.pyenv/versions/3.9.21/lib/python3.9/site-packages/airflow/example_dags/example_external_task_marker_dag.py
[2025-02-16T16:19:02.676+0700] {logging_mixin.py:190} INFO - [2025-02-16T16:19:02.676+0700] {dag.py:3239} INFO - Sync 2 DAGs
[2025-02-16T16:19:02.690+0700] {logging_mixin.py:190} INFO - [2025-02-16T16:19:02.689+0700] {dag.py:4180} INFO - Setting next_dagrun for example_external_task_marker_child to None, run_after=None
[2025-02-16T16:19:02.693+0700] {logging_mixin.py:190} INFO - [2025-02-16T16:19:02.692+0700] {dag.py:4180} INFO - Setting next_dagrun for example_external_task_marker_parent to None, run_after=None
[2025-02-16T16:19:02.710+0700] {processor.py:208} INFO - Processing /home/dataengineer/.pyenv/versions/3.9.21/lib/python3.9/site-packages/airflow/example_dags/example_external_task_marker_dag.py took 0.068 seconds
[2025-02-16T16:20:14.099+0700] {processor.py:186} INFO - Started process (PID=31859) to work on /home/dataengineer/.pyenv/versions/3.9.21/lib/python3.9/site-packages/airflow/example_dags/example_external_task_marker_dag.py
[2025-02-16T16:20:14.101+0700] {processor.py:914} INFO - Processing file /home/dataengineer/.pyenv/versions/3.9.21/lib/python3.9/site-packages/airflow/example_dags/example_external_task_marker_dag.py for tasks to queue
[2025-02-16T16:20:14.102+0700] {logging_mixin.py:190} INFO - [2025-02-16T16:20:14.101+0700] {dagbag.py:588} INFO - Filling up the DagBag from /home/dataengineer/.pyenv/versions/3.9.21/lib/python3.9/site-packages/airflow/example_dags/example_external_task_marker_dag.py
[2025-02-16T16:20:14.110+0700] {processor.py:925} INFO - DAG(s) 'example_external_task_marker_parent', 'example_external_task_marker_child' retrieved from /home/dataengineer/.pyenv/versions/3.9.21/lib/python3.9/site-packages/airflow/example_dags/example_external_task_marker_dag.py
[2025-02-16T16:20:14.127+0700] {logging_mixin.py:190} INFO - [2025-02-16T16:20:14.127+0700] {dag.py:3239} INFO - Sync 2 DAGs
[2025-02-16T16:20:14.140+0700] {logging_mixin.py:190} INFO - [2025-02-16T16:20:14.140+0700] {dag.py:4180} INFO - Setting next_dagrun for example_external_task_marker_child to None, run_after=None
[2025-02-16T16:20:14.143+0700] {logging_mixin.py:190} INFO - [2025-02-16T16:20:14.143+0700] {dag.py:4180} INFO - Setting next_dagrun for example_external_task_marker_parent to None, run_after=None
[2025-02-16T16:20:14.161+0700] {processor.py:208} INFO - Processing /home/dataengineer/.pyenv/versions/3.9.21/lib/python3.9/site-packages/airflow/example_dags/example_external_task_marker_dag.py took 0.067 seconds
[2025-02-16T16:21:27.288+0700] {processor.py:186} INFO - Started process (PID=32155) to work on /home/dataengineer/.pyenv/versions/3.9.21/lib/python3.9/site-packages/airflow/example_dags/example_external_task_marker_dag.py
[2025-02-16T16:21:27.290+0700] {processor.py:914} INFO - Processing file /home/dataengineer/.pyenv/versions/3.9.21/lib/python3.9/site-packages/airflow/example_dags/example_external_task_marker_dag.py for tasks to queue
[2025-02-16T16:21:27.291+0700] {logging_mixin.py:190} INFO - [2025-02-16T16:21:27.291+0700] {dagbag.py:588} INFO - Filling up the DagBag from /home/dataengineer/.pyenv/versions/3.9.21/lib/python3.9/site-packages/airflow/example_dags/example_external_task_marker_dag.py
[2025-02-16T16:21:27.300+0700] {processor.py:925} INFO - DAG(s) 'example_external_task_marker_child', 'example_external_task_marker_parent' retrieved from /home/dataengineer/.pyenv/versions/3.9.21/lib/python3.9/site-packages/airflow/example_dags/example_external_task_marker_dag.py
[2025-02-16T16:21:27.320+0700] {logging_mixin.py:190} INFO - [2025-02-16T16:21:27.320+0700] {dag.py:3239} INFO - Sync 2 DAGs
[2025-02-16T16:21:27.335+0700] {logging_mixin.py:190} INFO - [2025-02-16T16:21:27.335+0700] {dag.py:4180} INFO - Setting next_dagrun for example_external_task_marker_child to None, run_after=None
[2025-02-16T16:21:27.338+0700] {logging_mixin.py:190} INFO - [2025-02-16T16:21:27.338+0700] {dag.py:4180} INFO - Setting next_dagrun for example_external_task_marker_parent to None, run_after=None
[2025-02-16T16:21:27.360+0700] {processor.py:208} INFO - Processing /home/dataengineer/.pyenv/versions/3.9.21/lib/python3.9/site-packages/airflow/example_dags/example_external_task_marker_dag.py took 0.077 seconds
[2025-02-16T16:22:40.331+0700] {processor.py:186} INFO - Started process (PID=32466) to work on /home/dataengineer/.pyenv/versions/3.9.21/lib/python3.9/site-packages/airflow/example_dags/example_external_task_marker_dag.py
[2025-02-16T16:22:40.332+0700] {processor.py:914} INFO - Processing file /home/dataengineer/.pyenv/versions/3.9.21/lib/python3.9/site-packages/airflow/example_dags/example_external_task_marker_dag.py for tasks to queue
[2025-02-16T16:22:40.333+0700] {logging_mixin.py:190} INFO - [2025-02-16T16:22:40.333+0700] {dagbag.py:588} INFO - Filling up the DagBag from /home/dataengineer/.pyenv/versions/3.9.21/lib/python3.9/site-packages/airflow/example_dags/example_external_task_marker_dag.py
[2025-02-16T16:22:40.342+0700] {processor.py:925} INFO - DAG(s) 'example_external_task_marker_child', 'example_external_task_marker_parent' retrieved from /home/dataengineer/.pyenv/versions/3.9.21/lib/python3.9/site-packages/airflow/example_dags/example_external_task_marker_dag.py
[2025-02-16T16:22:40.358+0700] {logging_mixin.py:190} INFO - [2025-02-16T16:22:40.358+0700] {dag.py:3239} INFO - Sync 2 DAGs
[2025-02-16T16:22:40.371+0700] {logging_mixin.py:190} INFO - [2025-02-16T16:22:40.371+0700] {dag.py:4180} INFO - Setting next_dagrun for example_external_task_marker_child to None, run_after=None
[2025-02-16T16:22:40.374+0700] {logging_mixin.py:190} INFO - [2025-02-16T16:22:40.374+0700] {dag.py:4180} INFO - Setting next_dagrun for example_external_task_marker_parent to None, run_after=None
[2025-02-16T16:22:40.392+0700] {processor.py:208} INFO - Processing /home/dataengineer/.pyenv/versions/3.9.21/lib/python3.9/site-packages/airflow/example_dags/example_external_task_marker_dag.py took 0.066 seconds
[2025-02-16T16:23:53.874+0700] {processor.py:186} INFO - Started process (PID=32771) to work on /home/dataengineer/.pyenv/versions/3.9.21/lib/python3.9/site-packages/airflow/example_dags/example_external_task_marker_dag.py
[2025-02-16T16:23:53.875+0700] {processor.py:914} INFO - Processing file /home/dataengineer/.pyenv/versions/3.9.21/lib/python3.9/site-packages/airflow/example_dags/example_external_task_marker_dag.py for tasks to queue
[2025-02-16T16:23:53.876+0700] {logging_mixin.py:190} INFO - [2025-02-16T16:23:53.876+0700] {dagbag.py:588} INFO - Filling up the DagBag from /home/dataengineer/.pyenv/versions/3.9.21/lib/python3.9/site-packages/airflow/example_dags/example_external_task_marker_dag.py
[2025-02-16T16:23:53.884+0700] {processor.py:925} INFO - DAG(s) 'example_external_task_marker_parent', 'example_external_task_marker_child' retrieved from /home/dataengineer/.pyenv/versions/3.9.21/lib/python3.9/site-packages/airflow/example_dags/example_external_task_marker_dag.py
[2025-02-16T16:23:53.902+0700] {logging_mixin.py:190} INFO - [2025-02-16T16:23:53.902+0700] {dag.py:3239} INFO - Sync 2 DAGs
[2025-02-16T16:23:53.915+0700] {logging_mixin.py:190} INFO - [2025-02-16T16:23:53.914+0700] {dag.py:4180} INFO - Setting next_dagrun for example_external_task_marker_child to None, run_after=None
[2025-02-16T16:23:53.918+0700] {logging_mixin.py:190} INFO - [2025-02-16T16:23:53.917+0700] {dag.py:4180} INFO - Setting next_dagrun for example_external_task_marker_parent to None, run_after=None
[2025-02-16T16:23:53.936+0700] {processor.py:208} INFO - Processing /home/dataengineer/.pyenv/versions/3.9.21/lib/python3.9/site-packages/airflow/example_dags/example_external_task_marker_dag.py took 0.068 seconds
[2025-02-16T16:25:04.103+0700] {processor.py:186} INFO - Started process (PID=33070) to work on /home/dataengineer/.pyenv/versions/3.9.21/lib/python3.9/site-packages/airflow/example_dags/example_external_task_marker_dag.py
[2025-02-16T16:25:04.105+0700] {processor.py:914} INFO - Processing file /home/dataengineer/.pyenv/versions/3.9.21/lib/python3.9/site-packages/airflow/example_dags/example_external_task_marker_dag.py for tasks to queue
[2025-02-16T16:25:04.106+0700] {logging_mixin.py:190} INFO - [2025-02-16T16:25:04.105+0700] {dagbag.py:588} INFO - Filling up the DagBag from /home/dataengineer/.pyenv/versions/3.9.21/lib/python3.9/site-packages/airflow/example_dags/example_external_task_marker_dag.py
[2025-02-16T16:25:04.114+0700] {processor.py:925} INFO - DAG(s) 'example_external_task_marker_parent', 'example_external_task_marker_child' retrieved from /home/dataengineer/.pyenv/versions/3.9.21/lib/python3.9/site-packages/airflow/example_dags/example_external_task_marker_dag.py
[2025-02-16T16:25:04.131+0700] {logging_mixin.py:190} INFO - [2025-02-16T16:25:04.131+0700] {dag.py:3239} INFO - Sync 2 DAGs
[2025-02-16T16:25:04.144+0700] {logging_mixin.py:190} INFO - [2025-02-16T16:25:04.144+0700] {dag.py:4180} INFO - Setting next_dagrun for example_external_task_marker_child to None, run_after=None
[2025-02-16T16:25:04.147+0700] {logging_mixin.py:190} INFO - [2025-02-16T16:25:04.147+0700] {dag.py:4180} INFO - Setting next_dagrun for example_external_task_marker_parent to None, run_after=None
[2025-02-16T16:25:04.165+0700] {processor.py:208} INFO - Processing /home/dataengineer/.pyenv/versions/3.9.21/lib/python3.9/site-packages/airflow/example_dags/example_external_task_marker_dag.py took 0.067 seconds
[2025-02-16T16:26:18.356+0700] {processor.py:186} INFO - Started process (PID=33383) to work on /home/dataengineer/.pyenv/versions/3.9.21/lib/python3.9/site-packages/airflow/example_dags/example_external_task_marker_dag.py
[2025-02-16T16:26:18.357+0700] {processor.py:914} INFO - Processing file /home/dataengineer/.pyenv/versions/3.9.21/lib/python3.9/site-packages/airflow/example_dags/example_external_task_marker_dag.py for tasks to queue
[2025-02-16T16:26:18.359+0700] {logging_mixin.py:190} INFO - [2025-02-16T16:26:18.358+0700] {dagbag.py:588} INFO - Filling up the DagBag from /home/dataengineer/.pyenv/versions/3.9.21/lib/python3.9/site-packages/airflow/example_dags/example_external_task_marker_dag.py
[2025-02-16T16:26:18.367+0700] {processor.py:925} INFO - DAG(s) 'example_external_task_marker_parent', 'example_external_task_marker_child' retrieved from /home/dataengineer/.pyenv/versions/3.9.21/lib/python3.9/site-packages/airflow/example_dags/example_external_task_marker_dag.py
[2025-02-16T16:26:18.383+0700] {logging_mixin.py:190} INFO - [2025-02-16T16:26:18.383+0700] {dag.py:3239} INFO - Sync 2 DAGs
[2025-02-16T16:26:18.396+0700] {logging_mixin.py:190} INFO - [2025-02-16T16:26:18.396+0700] {dag.py:4180} INFO - Setting next_dagrun for example_external_task_marker_child to None, run_after=None
[2025-02-16T16:26:18.399+0700] {logging_mixin.py:190} INFO - [2025-02-16T16:26:18.399+0700] {dag.py:4180} INFO - Setting next_dagrun for example_external_task_marker_parent to None, run_after=None
[2025-02-16T16:26:18.417+0700] {processor.py:208} INFO - Processing /home/dataengineer/.pyenv/versions/3.9.21/lib/python3.9/site-packages/airflow/example_dags/example_external_task_marker_dag.py took 0.067 seconds
[2025-02-16T16:27:33.868+0700] {processor.py:186} INFO - Started process (PID=33695) to work on /home/dataengineer/.pyenv/versions/3.9.21/lib/python3.9/site-packages/airflow/example_dags/example_external_task_marker_dag.py
[2025-02-16T16:27:33.869+0700] {processor.py:914} INFO - Processing file /home/dataengineer/.pyenv/versions/3.9.21/lib/python3.9/site-packages/airflow/example_dags/example_external_task_marker_dag.py for tasks to queue
[2025-02-16T16:27:33.871+0700] {logging_mixin.py:190} INFO - [2025-02-16T16:27:33.870+0700] {dagbag.py:588} INFO - Filling up the DagBag from /home/dataengineer/.pyenv/versions/3.9.21/lib/python3.9/site-packages/airflow/example_dags/example_external_task_marker_dag.py
[2025-02-16T16:27:33.878+0700] {processor.py:925} INFO - DAG(s) 'example_external_task_marker_child', 'example_external_task_marker_parent' retrieved from /home/dataengineer/.pyenv/versions/3.9.21/lib/python3.9/site-packages/airflow/example_dags/example_external_task_marker_dag.py
[2025-02-16T16:27:33.894+0700] {logging_mixin.py:190} INFO - [2025-02-16T16:27:33.894+0700] {dag.py:3239} INFO - Sync 2 DAGs
[2025-02-16T16:27:33.906+0700] {logging_mixin.py:190} INFO - [2025-02-16T16:27:33.906+0700] {dag.py:4180} INFO - Setting next_dagrun for example_external_task_marker_child to None, run_after=None
[2025-02-16T16:27:33.909+0700] {logging_mixin.py:190} INFO - [2025-02-16T16:27:33.909+0700] {dag.py:4180} INFO - Setting next_dagrun for example_external_task_marker_parent to None, run_after=None
[2025-02-16T16:27:33.926+0700] {processor.py:208} INFO - Processing /home/dataengineer/.pyenv/versions/3.9.21/lib/python3.9/site-packages/airflow/example_dags/example_external_task_marker_dag.py took 0.063 seconds
[2025-02-16T16:28:46.092+0700] {processor.py:186} INFO - Started process (PID=34002) to work on /home/dataengineer/.pyenv/versions/3.9.21/lib/python3.9/site-packages/airflow/example_dags/example_external_task_marker_dag.py
[2025-02-16T16:28:46.094+0700] {processor.py:914} INFO - Processing file /home/dataengineer/.pyenv/versions/3.9.21/lib/python3.9/site-packages/airflow/example_dags/example_external_task_marker_dag.py for tasks to queue
[2025-02-16T16:28:46.095+0700] {logging_mixin.py:190} INFO - [2025-02-16T16:28:46.095+0700] {dagbag.py:588} INFO - Filling up the DagBag from /home/dataengineer/.pyenv/versions/3.9.21/lib/python3.9/site-packages/airflow/example_dags/example_external_task_marker_dag.py
[2025-02-16T16:28:46.103+0700] {processor.py:925} INFO - DAG(s) 'example_external_task_marker_child', 'example_external_task_marker_parent' retrieved from /home/dataengineer/.pyenv/versions/3.9.21/lib/python3.9/site-packages/airflow/example_dags/example_external_task_marker_dag.py
[2025-02-16T16:28:46.121+0700] {logging_mixin.py:190} INFO - [2025-02-16T16:28:46.120+0700] {dag.py:3239} INFO - Sync 2 DAGs
[2025-02-16T16:28:46.135+0700] {logging_mixin.py:190} INFO - [2025-02-16T16:28:46.134+0700] {dag.py:4180} INFO - Setting next_dagrun for example_external_task_marker_child to None, run_after=None
[2025-02-16T16:28:46.138+0700] {logging_mixin.py:190} INFO - [2025-02-16T16:28:46.138+0700] {dag.py:4180} INFO - Setting next_dagrun for example_external_task_marker_parent to None, run_after=None
[2025-02-16T16:28:46.157+0700] {processor.py:208} INFO - Processing /home/dataengineer/.pyenv/versions/3.9.21/lib/python3.9/site-packages/airflow/example_dags/example_external_task_marker_dag.py took 0.070 seconds
[2025-02-16T16:30:02.357+0700] {processor.py:186} INFO - Started process (PID=34318) to work on /home/dataengineer/.pyenv/versions/3.9.21/lib/python3.9/site-packages/airflow/example_dags/example_external_task_marker_dag.py
[2025-02-16T16:30:02.358+0700] {processor.py:914} INFO - Processing file /home/dataengineer/.pyenv/versions/3.9.21/lib/python3.9/site-packages/airflow/example_dags/example_external_task_marker_dag.py for tasks to queue
[2025-02-16T16:30:02.360+0700] {logging_mixin.py:190} INFO - [2025-02-16T16:30:02.360+0700] {dagbag.py:588} INFO - Filling up the DagBag from /home/dataengineer/.pyenv/versions/3.9.21/lib/python3.9/site-packages/airflow/example_dags/example_external_task_marker_dag.py
[2025-02-16T16:30:02.370+0700] {processor.py:925} INFO - DAG(s) 'example_external_task_marker_parent', 'example_external_task_marker_child' retrieved from /home/dataengineer/.pyenv/versions/3.9.21/lib/python3.9/site-packages/airflow/example_dags/example_external_task_marker_dag.py
[2025-02-16T16:30:02.390+0700] {logging_mixin.py:190} INFO - [2025-02-16T16:30:02.389+0700] {dag.py:3239} INFO - Sync 2 DAGs
[2025-02-16T16:30:02.405+0700] {logging_mixin.py:190} INFO - [2025-02-16T16:30:02.404+0700] {dag.py:4180} INFO - Setting next_dagrun for example_external_task_marker_child to None, run_after=None
[2025-02-16T16:30:02.409+0700] {logging_mixin.py:190} INFO - [2025-02-16T16:30:02.408+0700] {dag.py:4180} INFO - Setting next_dagrun for example_external_task_marker_parent to None, run_after=None
[2025-02-16T16:30:02.429+0700] {processor.py:208} INFO - Processing /home/dataengineer/.pyenv/versions/3.9.21/lib/python3.9/site-packages/airflow/example_dags/example_external_task_marker_dag.py took 0.079 seconds
[2025-02-16T16:31:17.275+0700] {processor.py:186} INFO - Started process (PID=34629) to work on /home/dataengineer/.pyenv/versions/3.9.21/lib/python3.9/site-packages/airflow/example_dags/example_external_task_marker_dag.py
[2025-02-16T16:31:17.276+0700] {processor.py:914} INFO - Processing file /home/dataengineer/.pyenv/versions/3.9.21/lib/python3.9/site-packages/airflow/example_dags/example_external_task_marker_dag.py for tasks to queue
[2025-02-16T16:31:17.277+0700] {logging_mixin.py:190} INFO - [2025-02-16T16:31:17.277+0700] {dagbag.py:588} INFO - Filling up the DagBag from /home/dataengineer/.pyenv/versions/3.9.21/lib/python3.9/site-packages/airflow/example_dags/example_external_task_marker_dag.py
[2025-02-16T16:31:17.286+0700] {processor.py:925} INFO - DAG(s) 'example_external_task_marker_child', 'example_external_task_marker_parent' retrieved from /home/dataengineer/.pyenv/versions/3.9.21/lib/python3.9/site-packages/airflow/example_dags/example_external_task_marker_dag.py
[2025-02-16T16:31:17.303+0700] {logging_mixin.py:190} INFO - [2025-02-16T16:31:17.303+0700] {dag.py:3239} INFO - Sync 2 DAGs
[2025-02-16T16:31:17.316+0700] {logging_mixin.py:190} INFO - [2025-02-16T16:31:17.315+0700] {dag.py:4180} INFO - Setting next_dagrun for example_external_task_marker_child to None, run_after=None
[2025-02-16T16:31:17.319+0700] {logging_mixin.py:190} INFO - [2025-02-16T16:31:17.319+0700] {dag.py:4180} INFO - Setting next_dagrun for example_external_task_marker_parent to None, run_after=None
[2025-02-16T16:31:17.343+0700] {processor.py:208} INFO - Processing /home/dataengineer/.pyenv/versions/3.9.21/lib/python3.9/site-packages/airflow/example_dags/example_external_task_marker_dag.py took 0.074 seconds
[2025-02-16T16:32:27.549+0700] {processor.py:186} INFO - Started process (PID=34926) to work on /home/dataengineer/.pyenv/versions/3.9.21/lib/python3.9/site-packages/airflow/example_dags/example_external_task_marker_dag.py
[2025-02-16T16:32:27.550+0700] {processor.py:914} INFO - Processing file /home/dataengineer/.pyenv/versions/3.9.21/lib/python3.9/site-packages/airflow/example_dags/example_external_task_marker_dag.py for tasks to queue
[2025-02-16T16:32:27.551+0700] {logging_mixin.py:190} INFO - [2025-02-16T16:32:27.551+0700] {dagbag.py:588} INFO - Filling up the DagBag from /home/dataengineer/.pyenv/versions/3.9.21/lib/python3.9/site-packages/airflow/example_dags/example_external_task_marker_dag.py
[2025-02-16T16:32:27.559+0700] {processor.py:925} INFO - DAG(s) 'example_external_task_marker_child', 'example_external_task_marker_parent' retrieved from /home/dataengineer/.pyenv/versions/3.9.21/lib/python3.9/site-packages/airflow/example_dags/example_external_task_marker_dag.py
[2025-02-16T16:32:27.577+0700] {logging_mixin.py:190} INFO - [2025-02-16T16:32:27.577+0700] {dag.py:3239} INFO - Sync 2 DAGs
[2025-02-16T16:32:27.593+0700] {logging_mixin.py:190} INFO - [2025-02-16T16:32:27.592+0700] {dag.py:4180} INFO - Setting next_dagrun for example_external_task_marker_child to None, run_after=None
[2025-02-16T16:32:27.596+0700] {logging_mixin.py:190} INFO - [2025-02-16T16:32:27.596+0700] {dag.py:4180} INFO - Setting next_dagrun for example_external_task_marker_parent to None, run_after=None
[2025-02-16T16:32:27.613+0700] {processor.py:208} INFO - Processing /home/dataengineer/.pyenv/versions/3.9.21/lib/python3.9/site-packages/airflow/example_dags/example_external_task_marker_dag.py took 0.070 seconds
[2025-02-16T16:33:43.750+0700] {processor.py:186} INFO - Started process (PID=35251) to work on /home/dataengineer/.pyenv/versions/3.9.21/lib/python3.9/site-packages/airflow/example_dags/example_external_task_marker_dag.py
[2025-02-16T16:33:43.752+0700] {processor.py:914} INFO - Processing file /home/dataengineer/.pyenv/versions/3.9.21/lib/python3.9/site-packages/airflow/example_dags/example_external_task_marker_dag.py for tasks to queue
[2025-02-16T16:33:43.753+0700] {logging_mixin.py:190} INFO - [2025-02-16T16:33:43.752+0700] {dagbag.py:588} INFO - Filling up the DagBag from /home/dataengineer/.pyenv/versions/3.9.21/lib/python3.9/site-packages/airflow/example_dags/example_external_task_marker_dag.py
[2025-02-16T16:33:43.761+0700] {processor.py:925} INFO - DAG(s) 'example_external_task_marker_child', 'example_external_task_marker_parent' retrieved from /home/dataengineer/.pyenv/versions/3.9.21/lib/python3.9/site-packages/airflow/example_dags/example_external_task_marker_dag.py
[2025-02-16T16:33:43.778+0700] {logging_mixin.py:190} INFO - [2025-02-16T16:33:43.777+0700] {dag.py:3239} INFO - Sync 2 DAGs
[2025-02-16T16:33:43.791+0700] {logging_mixin.py:190} INFO - [2025-02-16T16:33:43.791+0700] {dag.py:4180} INFO - Setting next_dagrun for example_external_task_marker_child to None, run_after=None
[2025-02-16T16:33:43.794+0700] {logging_mixin.py:190} INFO - [2025-02-16T16:33:43.794+0700] {dag.py:4180} INFO - Setting next_dagrun for example_external_task_marker_parent to None, run_after=None
[2025-02-16T16:33:43.811+0700] {processor.py:208} INFO - Processing /home/dataengineer/.pyenv/versions/3.9.21/lib/python3.9/site-packages/airflow/example_dags/example_external_task_marker_dag.py took 0.067 seconds
[2025-02-16T16:34:58.639+0700] {processor.py:186} INFO - Started process (PID=35567) to work on /home/dataengineer/.pyenv/versions/3.9.21/lib/python3.9/site-packages/airflow/example_dags/example_external_task_marker_dag.py
[2025-02-16T16:34:58.648+0700] {processor.py:914} INFO - Processing file /home/dataengineer/.pyenv/versions/3.9.21/lib/python3.9/site-packages/airflow/example_dags/example_external_task_marker_dag.py for tasks to queue
[2025-02-16T16:34:58.649+0700] {logging_mixin.py:190} INFO - [2025-02-16T16:34:58.649+0700] {dagbag.py:588} INFO - Filling up the DagBag from /home/dataengineer/.pyenv/versions/3.9.21/lib/python3.9/site-packages/airflow/example_dags/example_external_task_marker_dag.py
[2025-02-16T16:34:58.659+0700] {processor.py:925} INFO - DAG(s) 'example_external_task_marker_child', 'example_external_task_marker_parent' retrieved from /home/dataengineer/.pyenv/versions/3.9.21/lib/python3.9/site-packages/airflow/example_dags/example_external_task_marker_dag.py
[2025-02-16T16:34:58.679+0700] {logging_mixin.py:190} INFO - [2025-02-16T16:34:58.679+0700] {dag.py:3239} INFO - Sync 2 DAGs
[2025-02-16T16:34:58.694+0700] {logging_mixin.py:190} INFO - [2025-02-16T16:34:58.694+0700] {dag.py:4180} INFO - Setting next_dagrun for example_external_task_marker_child to None, run_after=None
[2025-02-16T16:34:58.698+0700] {logging_mixin.py:190} INFO - [2025-02-16T16:34:58.697+0700] {dag.py:4180} INFO - Setting next_dagrun for example_external_task_marker_parent to None, run_after=None
[2025-02-16T16:34:58.720+0700] {processor.py:208} INFO - Processing /home/dataengineer/.pyenv/versions/3.9.21/lib/python3.9/site-packages/airflow/example_dags/example_external_task_marker_dag.py took 0.087 seconds
[2025-02-16T16:36:10.157+0700] {processor.py:186} INFO - Started process (PID=35869) to work on /home/dataengineer/.pyenv/versions/3.9.21/lib/python3.9/site-packages/airflow/example_dags/example_external_task_marker_dag.py
[2025-02-16T16:36:10.159+0700] {processor.py:914} INFO - Processing file /home/dataengineer/.pyenv/versions/3.9.21/lib/python3.9/site-packages/airflow/example_dags/example_external_task_marker_dag.py for tasks to queue
[2025-02-16T16:36:10.160+0700] {logging_mixin.py:190} INFO - [2025-02-16T16:36:10.159+0700] {dagbag.py:588} INFO - Filling up the DagBag from /home/dataengineer/.pyenv/versions/3.9.21/lib/python3.9/site-packages/airflow/example_dags/example_external_task_marker_dag.py
[2025-02-16T16:36:10.168+0700] {processor.py:925} INFO - DAG(s) 'example_external_task_marker_parent', 'example_external_task_marker_child' retrieved from /home/dataengineer/.pyenv/versions/3.9.21/lib/python3.9/site-packages/airflow/example_dags/example_external_task_marker_dag.py
[2025-02-16T16:36:10.185+0700] {logging_mixin.py:190} INFO - [2025-02-16T16:36:10.185+0700] {dag.py:3239} INFO - Sync 2 DAGs
[2025-02-16T16:36:10.198+0700] {logging_mixin.py:190} INFO - [2025-02-16T16:36:10.198+0700] {dag.py:4180} INFO - Setting next_dagrun for example_external_task_marker_child to None, run_after=None
[2025-02-16T16:36:10.201+0700] {logging_mixin.py:190} INFO - [2025-02-16T16:36:10.201+0700] {dag.py:4180} INFO - Setting next_dagrun for example_external_task_marker_parent to None, run_after=None
[2025-02-16T16:36:10.219+0700] {processor.py:208} INFO - Processing /home/dataengineer/.pyenv/versions/3.9.21/lib/python3.9/site-packages/airflow/example_dags/example_external_task_marker_dag.py took 0.067 seconds
[2025-02-16T16:37:15.517+0700] {processor.py:186} INFO - Started process (PID=36326) to work on /home/dataengineer/.pyenv/versions/3.9.21/lib/python3.9/site-packages/airflow/example_dags/example_external_task_marker_dag.py
[2025-02-16T16:37:15.518+0700] {processor.py:914} INFO - Processing file /home/dataengineer/.pyenv/versions/3.9.21/lib/python3.9/site-packages/airflow/example_dags/example_external_task_marker_dag.py for tasks to queue
[2025-02-16T16:37:15.519+0700] {logging_mixin.py:190} INFO - [2025-02-16T16:37:15.519+0700] {dagbag.py:588} INFO - Filling up the DagBag from /home/dataengineer/.pyenv/versions/3.9.21/lib/python3.9/site-packages/airflow/example_dags/example_external_task_marker_dag.py
[2025-02-16T16:37:15.528+0700] {processor.py:925} INFO - DAG(s) 'example_external_task_marker_child', 'example_external_task_marker_parent' retrieved from /home/dataengineer/.pyenv/versions/3.9.21/lib/python3.9/site-packages/airflow/example_dags/example_external_task_marker_dag.py
[2025-02-16T16:37:15.545+0700] {logging_mixin.py:190} INFO - [2025-02-16T16:37:15.545+0700] {dag.py:3239} INFO - Sync 2 DAGs
[2025-02-16T16:37:15.558+0700] {logging_mixin.py:190} INFO - [2025-02-16T16:37:15.558+0700] {dag.py:4180} INFO - Setting next_dagrun for example_external_task_marker_child to None, run_after=None
[2025-02-16T16:37:15.561+0700] {logging_mixin.py:190} INFO - [2025-02-16T16:37:15.561+0700] {dag.py:4180} INFO - Setting next_dagrun for example_external_task_marker_parent to None, run_after=None
[2025-02-16T16:37:15.578+0700] {processor.py:208} INFO - Processing /home/dataengineer/.pyenv/versions/3.9.21/lib/python3.9/site-packages/airflow/example_dags/example_external_task_marker_dag.py took 0.067 seconds
[2025-02-16T16:38:30.509+0700] {processor.py:186} INFO - Started process (PID=36885) to work on /home/dataengineer/.pyenv/versions/3.9.21/lib/python3.9/site-packages/airflow/example_dags/example_external_task_marker_dag.py
[2025-02-16T16:38:30.510+0700] {processor.py:914} INFO - Processing file /home/dataengineer/.pyenv/versions/3.9.21/lib/python3.9/site-packages/airflow/example_dags/example_external_task_marker_dag.py for tasks to queue
[2025-02-16T16:38:30.512+0700] {logging_mixin.py:190} INFO - [2025-02-16T16:38:30.512+0700] {dagbag.py:588} INFO - Filling up the DagBag from /home/dataengineer/.pyenv/versions/3.9.21/lib/python3.9/site-packages/airflow/example_dags/example_external_task_marker_dag.py
[2025-02-16T16:38:30.521+0700] {processor.py:925} INFO - DAG(s) 'example_external_task_marker_parent', 'example_external_task_marker_child' retrieved from /home/dataengineer/.pyenv/versions/3.9.21/lib/python3.9/site-packages/airflow/example_dags/example_external_task_marker_dag.py
[2025-02-16T16:38:30.539+0700] {logging_mixin.py:190} INFO - [2025-02-16T16:38:30.539+0700] {dag.py:3239} INFO - Sync 2 DAGs
[2025-02-16T16:38:30.553+0700] {logging_mixin.py:190} INFO - [2025-02-16T16:38:30.553+0700] {dag.py:4180} INFO - Setting next_dagrun for example_external_task_marker_child to None, run_after=None
[2025-02-16T16:38:30.557+0700] {logging_mixin.py:190} INFO - [2025-02-16T16:38:30.557+0700] {dag.py:4180} INFO - Setting next_dagrun for example_external_task_marker_parent to None, run_after=None
[2025-02-16T16:38:30.578+0700] {processor.py:208} INFO - Processing /home/dataengineer/.pyenv/versions/3.9.21/lib/python3.9/site-packages/airflow/example_dags/example_external_task_marker_dag.py took 0.075 seconds
[2025-02-16T16:39:45.643+0700] {processor.py:186} INFO - Started process (PID=37197) to work on /home/dataengineer/.pyenv/versions/3.9.21/lib/python3.9/site-packages/airflow/example_dags/example_external_task_marker_dag.py
[2025-02-16T16:39:45.644+0700] {processor.py:914} INFO - Processing file /home/dataengineer/.pyenv/versions/3.9.21/lib/python3.9/site-packages/airflow/example_dags/example_external_task_marker_dag.py for tasks to queue
[2025-02-16T16:39:45.646+0700] {logging_mixin.py:190} INFO - [2025-02-16T16:39:45.646+0700] {dagbag.py:588} INFO - Filling up the DagBag from /home/dataengineer/.pyenv/versions/3.9.21/lib/python3.9/site-packages/airflow/example_dags/example_external_task_marker_dag.py
[2025-02-16T16:39:45.655+0700] {processor.py:925} INFO - DAG(s) 'example_external_task_marker_child', 'example_external_task_marker_parent' retrieved from /home/dataengineer/.pyenv/versions/3.9.21/lib/python3.9/site-packages/airflow/example_dags/example_external_task_marker_dag.py
[2025-02-16T16:39:45.673+0700] {logging_mixin.py:190} INFO - [2025-02-16T16:39:45.673+0700] {dag.py:3239} INFO - Sync 2 DAGs
[2025-02-16T16:39:45.688+0700] {logging_mixin.py:190} INFO - [2025-02-16T16:39:45.688+0700] {dag.py:4180} INFO - Setting next_dagrun for example_external_task_marker_child to None, run_after=None
[2025-02-16T16:39:45.693+0700] {logging_mixin.py:190} INFO - [2025-02-16T16:39:45.693+0700] {dag.py:4180} INFO - Setting next_dagrun for example_external_task_marker_parent to None, run_after=None
[2025-02-16T16:39:45.714+0700] {processor.py:208} INFO - Processing /home/dataengineer/.pyenv/versions/3.9.21/lib/python3.9/site-packages/airflow/example_dags/example_external_task_marker_dag.py took 0.077 seconds
[2025-02-16T16:40:58.906+0700] {processor.py:186} INFO - Started process (PID=37764) to work on /home/dataengineer/.pyenv/versions/3.9.21/lib/python3.9/site-packages/airflow/example_dags/example_external_task_marker_dag.py
[2025-02-16T16:40:58.907+0700] {processor.py:914} INFO - Processing file /home/dataengineer/.pyenv/versions/3.9.21/lib/python3.9/site-packages/airflow/example_dags/example_external_task_marker_dag.py for tasks to queue
[2025-02-16T16:40:58.909+0700] {logging_mixin.py:190} INFO - [2025-02-16T16:40:58.908+0700] {dagbag.py:588} INFO - Filling up the DagBag from /home/dataengineer/.pyenv/versions/3.9.21/lib/python3.9/site-packages/airflow/example_dags/example_external_task_marker_dag.py
[2025-02-16T16:40:58.918+0700] {processor.py:925} INFO - DAG(s) 'example_external_task_marker_child', 'example_external_task_marker_parent' retrieved from /home/dataengineer/.pyenv/versions/3.9.21/lib/python3.9/site-packages/airflow/example_dags/example_external_task_marker_dag.py
[2025-02-16T16:40:58.937+0700] {logging_mixin.py:190} INFO - [2025-02-16T16:40:58.936+0700] {dag.py:3239} INFO - Sync 2 DAGs
[2025-02-16T16:40:58.952+0700] {logging_mixin.py:190} INFO - [2025-02-16T16:40:58.951+0700] {dag.py:4180} INFO - Setting next_dagrun for example_external_task_marker_child to None, run_after=None
[2025-02-16T16:40:58.955+0700] {logging_mixin.py:190} INFO - [2025-02-16T16:40:58.955+0700] {dag.py:4180} INFO - Setting next_dagrun for example_external_task_marker_parent to None, run_after=None
[2025-02-16T16:40:58.975+0700] {processor.py:208} INFO - Processing /home/dataengineer/.pyenv/versions/3.9.21/lib/python3.9/site-packages/airflow/example_dags/example_external_task_marker_dag.py took 0.076 seconds
[2025-02-16T16:42:12.730+0700] {processor.py:186} INFO - Started process (PID=38079) to work on /home/dataengineer/.pyenv/versions/3.9.21/lib/python3.9/site-packages/airflow/example_dags/example_external_task_marker_dag.py
[2025-02-16T16:42:12.731+0700] {processor.py:914} INFO - Processing file /home/dataengineer/.pyenv/versions/3.9.21/lib/python3.9/site-packages/airflow/example_dags/example_external_task_marker_dag.py for tasks to queue
[2025-02-16T16:42:12.733+0700] {logging_mixin.py:190} INFO - [2025-02-16T16:42:12.732+0700] {dagbag.py:588} INFO - Filling up the DagBag from /home/dataengineer/.pyenv/versions/3.9.21/lib/python3.9/site-packages/airflow/example_dags/example_external_task_marker_dag.py
[2025-02-16T16:42:12.742+0700] {processor.py:925} INFO - DAG(s) 'example_external_task_marker_child', 'example_external_task_marker_parent' retrieved from /home/dataengineer/.pyenv/versions/3.9.21/lib/python3.9/site-packages/airflow/example_dags/example_external_task_marker_dag.py
[2025-02-16T16:42:12.762+0700] {logging_mixin.py:190} INFO - [2025-02-16T16:42:12.761+0700] {dag.py:3239} INFO - Sync 2 DAGs
[2025-02-16T16:42:12.775+0700] {logging_mixin.py:190} INFO - [2025-02-16T16:42:12.775+0700] {dag.py:4180} INFO - Setting next_dagrun for example_external_task_marker_child to None, run_after=None
[2025-02-16T16:42:12.778+0700] {logging_mixin.py:190} INFO - [2025-02-16T16:42:12.778+0700] {dag.py:4180} INFO - Setting next_dagrun for example_external_task_marker_parent to None, run_after=None
[2025-02-16T16:42:12.797+0700] {processor.py:208} INFO - Processing /home/dataengineer/.pyenv/versions/3.9.21/lib/python3.9/site-packages/airflow/example_dags/example_external_task_marker_dag.py took 0.073 seconds
[2025-02-16T16:43:23.827+0700] {processor.py:186} INFO - Started process (PID=38381) to work on /home/dataengineer/.pyenv/versions/3.9.21/lib/python3.9/site-packages/airflow/example_dags/example_external_task_marker_dag.py
[2025-02-16T16:43:23.828+0700] {processor.py:914} INFO - Processing file /home/dataengineer/.pyenv/versions/3.9.21/lib/python3.9/site-packages/airflow/example_dags/example_external_task_marker_dag.py for tasks to queue
[2025-02-16T16:43:23.830+0700] {logging_mixin.py:190} INFO - [2025-02-16T16:43:23.830+0700] {dagbag.py:588} INFO - Filling up the DagBag from /home/dataengineer/.pyenv/versions/3.9.21/lib/python3.9/site-packages/airflow/example_dags/example_external_task_marker_dag.py
[2025-02-16T16:43:23.839+0700] {processor.py:925} INFO - DAG(s) 'example_external_task_marker_parent', 'example_external_task_marker_child' retrieved from /home/dataengineer/.pyenv/versions/3.9.21/lib/python3.9/site-packages/airflow/example_dags/example_external_task_marker_dag.py
[2025-02-16T16:43:23.858+0700] {logging_mixin.py:190} INFO - [2025-02-16T16:43:23.858+0700] {dag.py:3239} INFO - Sync 2 DAGs
[2025-02-16T16:43:23.871+0700] {logging_mixin.py:190} INFO - [2025-02-16T16:43:23.871+0700] {dag.py:4180} INFO - Setting next_dagrun for example_external_task_marker_child to None, run_after=None
[2025-02-16T16:43:23.875+0700] {logging_mixin.py:190} INFO - [2025-02-16T16:43:23.875+0700] {dag.py:4180} INFO - Setting next_dagrun for example_external_task_marker_parent to None, run_after=None
[2025-02-16T16:43:23.893+0700] {processor.py:208} INFO - Processing /home/dataengineer/.pyenv/versions/3.9.21/lib/python3.9/site-packages/airflow/example_dags/example_external_task_marker_dag.py took 0.073 seconds
[2025-02-16T16:44:34.840+0700] {processor.py:186} INFO - Started process (PID=38682) to work on /home/dataengineer/.pyenv/versions/3.9.21/lib/python3.9/site-packages/airflow/example_dags/example_external_task_marker_dag.py
[2025-02-16T16:44:34.841+0700] {processor.py:914} INFO - Processing file /home/dataengineer/.pyenv/versions/3.9.21/lib/python3.9/site-packages/airflow/example_dags/example_external_task_marker_dag.py for tasks to queue
[2025-02-16T16:44:34.843+0700] {logging_mixin.py:190} INFO - [2025-02-16T16:44:34.842+0700] {dagbag.py:588} INFO - Filling up the DagBag from /home/dataengineer/.pyenv/versions/3.9.21/lib/python3.9/site-packages/airflow/example_dags/example_external_task_marker_dag.py
[2025-02-16T16:44:34.851+0700] {processor.py:925} INFO - DAG(s) 'example_external_task_marker_parent', 'example_external_task_marker_child' retrieved from /home/dataengineer/.pyenv/versions/3.9.21/lib/python3.9/site-packages/airflow/example_dags/example_external_task_marker_dag.py
[2025-02-16T16:44:34.869+0700] {logging_mixin.py:190} INFO - [2025-02-16T16:44:34.869+0700] {dag.py:3239} INFO - Sync 2 DAGs
[2025-02-16T16:44:34.882+0700] {logging_mixin.py:190} INFO - [2025-02-16T16:44:34.882+0700] {dag.py:4180} INFO - Setting next_dagrun for example_external_task_marker_child to None, run_after=None
[2025-02-16T16:44:34.886+0700] {logging_mixin.py:190} INFO - [2025-02-16T16:44:34.886+0700] {dag.py:4180} INFO - Setting next_dagrun for example_external_task_marker_parent to None, run_after=None
[2025-02-16T16:44:34.907+0700] {processor.py:208} INFO - Processing /home/dataengineer/.pyenv/versions/3.9.21/lib/python3.9/site-packages/airflow/example_dags/example_external_task_marker_dag.py took 0.073 seconds
[2025-02-16T16:45:42.727+0700] {processor.py:186} INFO - Started process (PID=39009) to work on /home/dataengineer/.pyenv/versions/3.9.21/lib/python3.9/site-packages/airflow/example_dags/example_external_task_marker_dag.py
[2025-02-16T16:45:42.728+0700] {processor.py:914} INFO - Processing file /home/dataengineer/.pyenv/versions/3.9.21/lib/python3.9/site-packages/airflow/example_dags/example_external_task_marker_dag.py for tasks to queue
[2025-02-16T16:45:42.730+0700] {logging_mixin.py:190} INFO - [2025-02-16T16:45:42.729+0700] {dagbag.py:588} INFO - Filling up the DagBag from /home/dataengineer/.pyenv/versions/3.9.21/lib/python3.9/site-packages/airflow/example_dags/example_external_task_marker_dag.py
[2025-02-16T16:45:42.737+0700] {processor.py:925} INFO - DAG(s) 'example_external_task_marker_parent', 'example_external_task_marker_child' retrieved from /home/dataengineer/.pyenv/versions/3.9.21/lib/python3.9/site-packages/airflow/example_dags/example_external_task_marker_dag.py
[2025-02-16T16:45:42.754+0700] {logging_mixin.py:190} INFO - [2025-02-16T16:45:42.753+0700] {dag.py:3239} INFO - Sync 2 DAGs
[2025-02-16T16:45:42.766+0700] {logging_mixin.py:190} INFO - [2025-02-16T16:45:42.765+0700] {dag.py:4180} INFO - Setting next_dagrun for example_external_task_marker_child to None, run_after=None
[2025-02-16T16:45:42.768+0700] {logging_mixin.py:190} INFO - [2025-02-16T16:45:42.768+0700] {dag.py:4180} INFO - Setting next_dagrun for example_external_task_marker_parent to None, run_after=None
[2025-02-16T16:45:42.785+0700] {processor.py:208} INFO - Processing /home/dataengineer/.pyenv/versions/3.9.21/lib/python3.9/site-packages/airflow/example_dags/example_external_task_marker_dag.py took 0.063 seconds
[2025-02-16T16:46:54.169+0700] {processor.py:186} INFO - Started process (PID=39305) to work on /home/dataengineer/.pyenv/versions/3.9.21/lib/python3.9/site-packages/airflow/example_dags/example_external_task_marker_dag.py
[2025-02-16T16:46:54.170+0700] {processor.py:914} INFO - Processing file /home/dataengineer/.pyenv/versions/3.9.21/lib/python3.9/site-packages/airflow/example_dags/example_external_task_marker_dag.py for tasks to queue
[2025-02-16T16:46:54.171+0700] {logging_mixin.py:190} INFO - [2025-02-16T16:46:54.171+0700] {dagbag.py:588} INFO - Filling up the DagBag from /home/dataengineer/.pyenv/versions/3.9.21/lib/python3.9/site-packages/airflow/example_dags/example_external_task_marker_dag.py
[2025-02-16T16:46:54.179+0700] {processor.py:925} INFO - DAG(s) 'example_external_task_marker_parent', 'example_external_task_marker_child' retrieved from /home/dataengineer/.pyenv/versions/3.9.21/lib/python3.9/site-packages/airflow/example_dags/example_external_task_marker_dag.py
[2025-02-16T16:46:54.194+0700] {logging_mixin.py:190} INFO - [2025-02-16T16:46:54.194+0700] {dag.py:3239} INFO - Sync 2 DAGs
[2025-02-16T16:46:54.207+0700] {logging_mixin.py:190} INFO - [2025-02-16T16:46:54.206+0700] {dag.py:4180} INFO - Setting next_dagrun for example_external_task_marker_child to None, run_after=None
[2025-02-16T16:46:54.209+0700] {logging_mixin.py:190} INFO - [2025-02-16T16:46:54.209+0700] {dag.py:4180} INFO - Setting next_dagrun for example_external_task_marker_parent to None, run_after=None
[2025-02-16T16:46:54.228+0700] {processor.py:208} INFO - Processing /home/dataengineer/.pyenv/versions/3.9.21/lib/python3.9/site-packages/airflow/example_dags/example_external_task_marker_dag.py took 0.065 seconds
[2025-02-16T16:48:03.616+0700] {processor.py:186} INFO - Started process (PID=39626) to work on /home/dataengineer/.pyenv/versions/3.9.21/lib/python3.9/site-packages/airflow/example_dags/example_external_task_marker_dag.py
[2025-02-16T16:48:03.617+0700] {processor.py:914} INFO - Processing file /home/dataengineer/.pyenv/versions/3.9.21/lib/python3.9/site-packages/airflow/example_dags/example_external_task_marker_dag.py for tasks to queue
[2025-02-16T16:48:03.618+0700] {logging_mixin.py:190} INFO - [2025-02-16T16:48:03.618+0700] {dagbag.py:588} INFO - Filling up the DagBag from /home/dataengineer/.pyenv/versions/3.9.21/lib/python3.9/site-packages/airflow/example_dags/example_external_task_marker_dag.py
[2025-02-16T16:48:03.626+0700] {processor.py:925} INFO - DAG(s) 'example_external_task_marker_child', 'example_external_task_marker_parent' retrieved from /home/dataengineer/.pyenv/versions/3.9.21/lib/python3.9/site-packages/airflow/example_dags/example_external_task_marker_dag.py
[2025-02-16T16:48:03.646+0700] {logging_mixin.py:190} INFO - [2025-02-16T16:48:03.646+0700] {dag.py:3239} INFO - Sync 2 DAGs
[2025-02-16T16:48:03.658+0700] {logging_mixin.py:190} INFO - [2025-02-16T16:48:03.658+0700] {dag.py:4180} INFO - Setting next_dagrun for example_external_task_marker_child to None, run_after=None
[2025-02-16T16:48:03.662+0700] {logging_mixin.py:190} INFO - [2025-02-16T16:48:03.661+0700] {dag.py:4180} INFO - Setting next_dagrun for example_external_task_marker_parent to None, run_after=None
[2025-02-16T16:48:03.682+0700] {processor.py:208} INFO - Processing /home/dataengineer/.pyenv/versions/3.9.21/lib/python3.9/site-packages/airflow/example_dags/example_external_task_marker_dag.py took 0.072 seconds
[2025-02-16T16:49:15.168+0700] {processor.py:186} INFO - Started process (PID=40018) to work on /home/dataengineer/.pyenv/versions/3.9.21/lib/python3.9/site-packages/airflow/example_dags/example_external_task_marker_dag.py
[2025-02-16T16:49:15.169+0700] {processor.py:914} INFO - Processing file /home/dataengineer/.pyenv/versions/3.9.21/lib/python3.9/site-packages/airflow/example_dags/example_external_task_marker_dag.py for tasks to queue
[2025-02-16T16:49:15.170+0700] {logging_mixin.py:190} INFO - [2025-02-16T16:49:15.170+0700] {dagbag.py:588} INFO - Filling up the DagBag from /home/dataengineer/.pyenv/versions/3.9.21/lib/python3.9/site-packages/airflow/example_dags/example_external_task_marker_dag.py
[2025-02-16T16:49:15.179+0700] {processor.py:925} INFO - DAG(s) 'example_external_task_marker_child', 'example_external_task_marker_parent' retrieved from /home/dataengineer/.pyenv/versions/3.9.21/lib/python3.9/site-packages/airflow/example_dags/example_external_task_marker_dag.py
[2025-02-16T16:49:15.197+0700] {logging_mixin.py:190} INFO - [2025-02-16T16:49:15.197+0700] {dag.py:3239} INFO - Sync 2 DAGs
[2025-02-16T16:49:15.210+0700] {logging_mixin.py:190} INFO - [2025-02-16T16:49:15.210+0700] {dag.py:4180} INFO - Setting next_dagrun for example_external_task_marker_child to None, run_after=None
[2025-02-16T16:49:15.213+0700] {logging_mixin.py:190} INFO - [2025-02-16T16:49:15.213+0700] {dag.py:4180} INFO - Setting next_dagrun for example_external_task_marker_parent to None, run_after=None
[2025-02-16T16:49:15.232+0700] {processor.py:208} INFO - Processing /home/dataengineer/.pyenv/versions/3.9.21/lib/python3.9/site-packages/airflow/example_dags/example_external_task_marker_dag.py took 0.071 seconds
[2025-02-16T16:50:31.824+0700] {processor.py:186} INFO - Started process (PID=40338) to work on /home/dataengineer/.pyenv/versions/3.9.21/lib/python3.9/site-packages/airflow/example_dags/example_external_task_marker_dag.py
[2025-02-16T16:50:31.825+0700] {processor.py:914} INFO - Processing file /home/dataengineer/.pyenv/versions/3.9.21/lib/python3.9/site-packages/airflow/example_dags/example_external_task_marker_dag.py for tasks to queue
[2025-02-16T16:50:31.826+0700] {logging_mixin.py:190} INFO - [2025-02-16T16:50:31.826+0700] {dagbag.py:588} INFO - Filling up the DagBag from /home/dataengineer/.pyenv/versions/3.9.21/lib/python3.9/site-packages/airflow/example_dags/example_external_task_marker_dag.py
[2025-02-16T16:50:31.835+0700] {processor.py:925} INFO - DAG(s) 'example_external_task_marker_parent', 'example_external_task_marker_child' retrieved from /home/dataengineer/.pyenv/versions/3.9.21/lib/python3.9/site-packages/airflow/example_dags/example_external_task_marker_dag.py
[2025-02-16T16:50:31.851+0700] {logging_mixin.py:190} INFO - [2025-02-16T16:50:31.851+0700] {dag.py:3239} INFO - Sync 2 DAGs
[2025-02-16T16:50:31.863+0700] {logging_mixin.py:190} INFO - [2025-02-16T16:50:31.863+0700] {dag.py:4180} INFO - Setting next_dagrun for example_external_task_marker_child to None, run_after=None
[2025-02-16T16:50:31.866+0700] {logging_mixin.py:190} INFO - [2025-02-16T16:50:31.866+0700] {dag.py:4180} INFO - Setting next_dagrun for example_external_task_marker_parent to None, run_after=None
[2025-02-16T16:50:31.883+0700] {processor.py:208} INFO - Processing /home/dataengineer/.pyenv/versions/3.9.21/lib/python3.9/site-packages/airflow/example_dags/example_external_task_marker_dag.py took 0.065 seconds
[2025-02-16T16:51:45.679+0700] {processor.py:186} INFO - Started process (PID=40672) to work on /home/dataengineer/.pyenv/versions/3.9.21/lib/python3.9/site-packages/airflow/example_dags/example_external_task_marker_dag.py
[2025-02-16T16:51:45.680+0700] {processor.py:914} INFO - Processing file /home/dataengineer/.pyenv/versions/3.9.21/lib/python3.9/site-packages/airflow/example_dags/example_external_task_marker_dag.py for tasks to queue
[2025-02-16T16:51:45.681+0700] {logging_mixin.py:190} INFO - [2025-02-16T16:51:45.681+0700] {dagbag.py:588} INFO - Filling up the DagBag from /home/dataengineer/.pyenv/versions/3.9.21/lib/python3.9/site-packages/airflow/example_dags/example_external_task_marker_dag.py
[2025-02-16T16:51:45.690+0700] {processor.py:925} INFO - DAG(s) 'example_external_task_marker_child', 'example_external_task_marker_parent' retrieved from /home/dataengineer/.pyenv/versions/3.9.21/lib/python3.9/site-packages/airflow/example_dags/example_external_task_marker_dag.py
[2025-02-16T16:51:45.707+0700] {logging_mixin.py:190} INFO - [2025-02-16T16:51:45.706+0700] {dag.py:3239} INFO - Sync 2 DAGs
[2025-02-16T16:51:45.719+0700] {logging_mixin.py:190} INFO - [2025-02-16T16:51:45.719+0700] {dag.py:4180} INFO - Setting next_dagrun for example_external_task_marker_child to None, run_after=None
[2025-02-16T16:51:45.723+0700] {logging_mixin.py:190} INFO - [2025-02-16T16:51:45.722+0700] {dag.py:4180} INFO - Setting next_dagrun for example_external_task_marker_parent to None, run_after=None
[2025-02-16T16:51:45.742+0700] {processor.py:208} INFO - Processing /home/dataengineer/.pyenv/versions/3.9.21/lib/python3.9/site-packages/airflow/example_dags/example_external_task_marker_dag.py took 0.069 seconds
[2025-02-16T16:52:54.937+0700] {processor.py:186} INFO - Started process (PID=40968) to work on /home/dataengineer/.pyenv/versions/3.9.21/lib/python3.9/site-packages/airflow/example_dags/example_external_task_marker_dag.py
[2025-02-16T16:52:54.939+0700] {processor.py:914} INFO - Processing file /home/dataengineer/.pyenv/versions/3.9.21/lib/python3.9/site-packages/airflow/example_dags/example_external_task_marker_dag.py for tasks to queue
[2025-02-16T16:52:54.940+0700] {logging_mixin.py:190} INFO - [2025-02-16T16:52:54.940+0700] {dagbag.py:588} INFO - Filling up the DagBag from /home/dataengineer/.pyenv/versions/3.9.21/lib/python3.9/site-packages/airflow/example_dags/example_external_task_marker_dag.py
[2025-02-16T16:52:54.950+0700] {processor.py:925} INFO - DAG(s) 'example_external_task_marker_child', 'example_external_task_marker_parent' retrieved from /home/dataengineer/.pyenv/versions/3.9.21/lib/python3.9/site-packages/airflow/example_dags/example_external_task_marker_dag.py
[2025-02-16T16:52:54.968+0700] {logging_mixin.py:190} INFO - [2025-02-16T16:52:54.968+0700] {dag.py:3239} INFO - Sync 2 DAGs
[2025-02-16T16:52:54.981+0700] {logging_mixin.py:190} INFO - [2025-02-16T16:52:54.981+0700] {dag.py:4180} INFO - Setting next_dagrun for example_external_task_marker_child to None, run_after=None
[2025-02-16T16:52:54.984+0700] {logging_mixin.py:190} INFO - [2025-02-16T16:52:54.984+0700] {dag.py:4180} INFO - Setting next_dagrun for example_external_task_marker_parent to None, run_after=None
[2025-02-16T16:52:55.002+0700] {processor.py:208} INFO - Processing /home/dataengineer/.pyenv/versions/3.9.21/lib/python3.9/site-packages/airflow/example_dags/example_external_task_marker_dag.py took 0.070 seconds
[2025-02-16T16:54:12.943+0700] {processor.py:186} INFO - Started process (PID=41316) to work on /home/dataengineer/.pyenv/versions/3.9.21/lib/python3.9/site-packages/airflow/example_dags/example_external_task_marker_dag.py
[2025-02-16T16:54:12.944+0700] {processor.py:914} INFO - Processing file /home/dataengineer/.pyenv/versions/3.9.21/lib/python3.9/site-packages/airflow/example_dags/example_external_task_marker_dag.py for tasks to queue
[2025-02-16T16:54:12.946+0700] {logging_mixin.py:190} INFO - [2025-02-16T16:54:12.945+0700] {dagbag.py:588} INFO - Filling up the DagBag from /home/dataengineer/.pyenv/versions/3.9.21/lib/python3.9/site-packages/airflow/example_dags/example_external_task_marker_dag.py
[2025-02-16T16:54:12.956+0700] {processor.py:925} INFO - DAG(s) 'example_external_task_marker_parent', 'example_external_task_marker_child' retrieved from /home/dataengineer/.pyenv/versions/3.9.21/lib/python3.9/site-packages/airflow/example_dags/example_external_task_marker_dag.py
[2025-02-16T16:54:12.976+0700] {logging_mixin.py:190} INFO - [2025-02-16T16:54:12.976+0700] {dag.py:3239} INFO - Sync 2 DAGs
[2025-02-16T16:54:12.992+0700] {logging_mixin.py:190} INFO - [2025-02-16T16:54:12.991+0700] {dag.py:4180} INFO - Setting next_dagrun for example_external_task_marker_child to None, run_after=None
[2025-02-16T16:54:12.995+0700] {logging_mixin.py:190} INFO - [2025-02-16T16:54:12.995+0700] {dag.py:4180} INFO - Setting next_dagrun for example_external_task_marker_parent to None, run_after=None
[2025-02-16T16:54:13.018+0700] {processor.py:208} INFO - Processing /home/dataengineer/.pyenv/versions/3.9.21/lib/python3.9/site-packages/airflow/example_dags/example_external_task_marker_dag.py took 0.081 seconds
[2025-02-16T16:55:25.097+0700] {processor.py:186} INFO - Started process (PID=41659) to work on /home/dataengineer/.pyenv/versions/3.9.21/lib/python3.9/site-packages/airflow/example_dags/example_external_task_marker_dag.py
[2025-02-16T16:55:25.099+0700] {processor.py:914} INFO - Processing file /home/dataengineer/.pyenv/versions/3.9.21/lib/python3.9/site-packages/airflow/example_dags/example_external_task_marker_dag.py for tasks to queue
[2025-02-16T16:55:25.100+0700] {logging_mixin.py:190} INFO - [2025-02-16T16:55:25.100+0700] {dagbag.py:588} INFO - Filling up the DagBag from /home/dataengineer/.pyenv/versions/3.9.21/lib/python3.9/site-packages/airflow/example_dags/example_external_task_marker_dag.py
[2025-02-16T16:55:25.108+0700] {processor.py:925} INFO - DAG(s) 'example_external_task_marker_child', 'example_external_task_marker_parent' retrieved from /home/dataengineer/.pyenv/versions/3.9.21/lib/python3.9/site-packages/airflow/example_dags/example_external_task_marker_dag.py
[2025-02-16T16:55:25.125+0700] {logging_mixin.py:190} INFO - [2025-02-16T16:55:25.125+0700] {dag.py:3239} INFO - Sync 2 DAGs
[2025-02-16T16:55:25.138+0700] {logging_mixin.py:190} INFO - [2025-02-16T16:55:25.138+0700] {dag.py:4180} INFO - Setting next_dagrun for example_external_task_marker_child to None, run_after=None
[2025-02-16T16:55:25.141+0700] {logging_mixin.py:190} INFO - [2025-02-16T16:55:25.141+0700] {dag.py:4180} INFO - Setting next_dagrun for example_external_task_marker_parent to None, run_after=None
[2025-02-16T16:55:25.161+0700] {processor.py:208} INFO - Processing /home/dataengineer/.pyenv/versions/3.9.21/lib/python3.9/site-packages/airflow/example_dags/example_external_task_marker_dag.py took 0.070 seconds
[2025-02-16T16:56:36.426+0700] {processor.py:186} INFO - Started process (PID=42003) to work on /home/dataengineer/.pyenv/versions/3.9.21/lib/python3.9/site-packages/airflow/example_dags/example_external_task_marker_dag.py
[2025-02-16T16:56:36.427+0700] {processor.py:914} INFO - Processing file /home/dataengineer/.pyenv/versions/3.9.21/lib/python3.9/site-packages/airflow/example_dags/example_external_task_marker_dag.py for tasks to queue
[2025-02-16T16:56:36.429+0700] {logging_mixin.py:190} INFO - [2025-02-16T16:56:36.428+0700] {dagbag.py:588} INFO - Filling up the DagBag from /home/dataengineer/.pyenv/versions/3.9.21/lib/python3.9/site-packages/airflow/example_dags/example_external_task_marker_dag.py
[2025-02-16T16:56:36.438+0700] {processor.py:925} INFO - DAG(s) 'example_external_task_marker_child', 'example_external_task_marker_parent' retrieved from /home/dataengineer/.pyenv/versions/3.9.21/lib/python3.9/site-packages/airflow/example_dags/example_external_task_marker_dag.py
[2025-02-16T16:56:36.456+0700] {logging_mixin.py:190} INFO - [2025-02-16T16:56:36.456+0700] {dag.py:3239} INFO - Sync 2 DAGs
[2025-02-16T16:56:36.469+0700] {logging_mixin.py:190} INFO - [2025-02-16T16:56:36.469+0700] {dag.py:4180} INFO - Setting next_dagrun for example_external_task_marker_child to None, run_after=None
[2025-02-16T16:56:36.472+0700] {logging_mixin.py:190} INFO - [2025-02-16T16:56:36.472+0700] {dag.py:4180} INFO - Setting next_dagrun for example_external_task_marker_parent to None, run_after=None
[2025-02-16T16:56:36.491+0700] {processor.py:208} INFO - Processing /home/dataengineer/.pyenv/versions/3.9.21/lib/python3.9/site-packages/airflow/example_dags/example_external_task_marker_dag.py took 0.072 seconds
[2025-02-16T16:57:46.884+0700] {processor.py:186} INFO - Started process (PID=42676) to work on /home/dataengineer/.pyenv/versions/3.9.21/lib/python3.9/site-packages/airflow/example_dags/example_external_task_marker_dag.py
[2025-02-16T16:57:46.885+0700] {processor.py:914} INFO - Processing file /home/dataengineer/.pyenv/versions/3.9.21/lib/python3.9/site-packages/airflow/example_dags/example_external_task_marker_dag.py for tasks to queue
[2025-02-16T16:57:46.887+0700] {logging_mixin.py:190} INFO - [2025-02-16T16:57:46.886+0700] {dagbag.py:588} INFO - Filling up the DagBag from /home/dataengineer/.pyenv/versions/3.9.21/lib/python3.9/site-packages/airflow/example_dags/example_external_task_marker_dag.py
[2025-02-16T16:57:46.895+0700] {processor.py:925} INFO - DAG(s) 'example_external_task_marker_parent', 'example_external_task_marker_child' retrieved from /home/dataengineer/.pyenv/versions/3.9.21/lib/python3.9/site-packages/airflow/example_dags/example_external_task_marker_dag.py
[2025-02-16T16:57:46.914+0700] {logging_mixin.py:190} INFO - [2025-02-16T16:57:46.914+0700] {dag.py:3239} INFO - Sync 2 DAGs
[2025-02-16T16:57:46.927+0700] {logging_mixin.py:190} INFO - [2025-02-16T16:57:46.927+0700] {dag.py:4180} INFO - Setting next_dagrun for example_external_task_marker_child to None, run_after=None
[2025-02-16T16:57:46.930+0700] {logging_mixin.py:190} INFO - [2025-02-16T16:57:46.930+0700] {dag.py:4180} INFO - Setting next_dagrun for example_external_task_marker_parent to None, run_after=None
[2025-02-16T16:57:46.949+0700] {processor.py:208} INFO - Processing /home/dataengineer/.pyenv/versions/3.9.21/lib/python3.9/site-packages/airflow/example_dags/example_external_task_marker_dag.py took 0.071 seconds
[2025-02-16T16:59:04.744+0700] {processor.py:186} INFO - Started process (PID=43248) to work on /home/dataengineer/.pyenv/versions/3.9.21/lib/python3.9/site-packages/airflow/example_dags/example_external_task_marker_dag.py
[2025-02-16T16:59:04.746+0700] {processor.py:914} INFO - Processing file /home/dataengineer/.pyenv/versions/3.9.21/lib/python3.9/site-packages/airflow/example_dags/example_external_task_marker_dag.py for tasks to queue
[2025-02-16T16:59:04.747+0700] {logging_mixin.py:190} INFO - [2025-02-16T16:59:04.747+0700] {dagbag.py:588} INFO - Filling up the DagBag from /home/dataengineer/.pyenv/versions/3.9.21/lib/python3.9/site-packages/airflow/example_dags/example_external_task_marker_dag.py
[2025-02-16T16:59:04.755+0700] {processor.py:925} INFO - DAG(s) 'example_external_task_marker_parent', 'example_external_task_marker_child' retrieved from /home/dataengineer/.pyenv/versions/3.9.21/lib/python3.9/site-packages/airflow/example_dags/example_external_task_marker_dag.py
[2025-02-16T16:59:04.775+0700] {logging_mixin.py:190} INFO - [2025-02-16T16:59:04.775+0700] {dag.py:3239} INFO - Sync 2 DAGs
[2025-02-16T16:59:04.789+0700] {logging_mixin.py:190} INFO - [2025-02-16T16:59:04.789+0700] {dag.py:4180} INFO - Setting next_dagrun for example_external_task_marker_child to None, run_after=None
[2025-02-16T16:59:04.793+0700] {logging_mixin.py:190} INFO - [2025-02-16T16:59:04.793+0700] {dag.py:4180} INFO - Setting next_dagrun for example_external_task_marker_parent to None, run_after=None
[2025-02-16T16:59:04.813+0700] {processor.py:208} INFO - Processing /home/dataengineer/.pyenv/versions/3.9.21/lib/python3.9/site-packages/airflow/example_dags/example_external_task_marker_dag.py took 0.075 seconds
[2025-02-16T17:00:17.295+0700] {processor.py:186} INFO - Started process (PID=43652) to work on /home/dataengineer/.pyenv/versions/3.9.21/lib/python3.9/site-packages/airflow/example_dags/example_external_task_marker_dag.py
[2025-02-16T17:00:17.296+0700] {processor.py:914} INFO - Processing file /home/dataengineer/.pyenv/versions/3.9.21/lib/python3.9/site-packages/airflow/example_dags/example_external_task_marker_dag.py for tasks to queue
[2025-02-16T17:00:17.298+0700] {logging_mixin.py:190} INFO - [2025-02-16T17:00:17.298+0700] {dagbag.py:588} INFO - Filling up the DagBag from /home/dataengineer/.pyenv/versions/3.9.21/lib/python3.9/site-packages/airflow/example_dags/example_external_task_marker_dag.py
[2025-02-16T17:00:17.307+0700] {processor.py:925} INFO - DAG(s) 'example_external_task_marker_child', 'example_external_task_marker_parent' retrieved from /home/dataengineer/.pyenv/versions/3.9.21/lib/python3.9/site-packages/airflow/example_dags/example_external_task_marker_dag.py
[2025-02-16T17:00:17.325+0700] {logging_mixin.py:190} INFO - [2025-02-16T17:00:17.325+0700] {dag.py:3239} INFO - Sync 2 DAGs
[2025-02-16T17:00:17.338+0700] {logging_mixin.py:190} INFO - [2025-02-16T17:00:17.338+0700] {dag.py:4180} INFO - Setting next_dagrun for example_external_task_marker_child to None, run_after=None
[2025-02-16T17:00:17.341+0700] {logging_mixin.py:190} INFO - [2025-02-16T17:00:17.341+0700] {dag.py:4180} INFO - Setting next_dagrun for example_external_task_marker_parent to None, run_after=None
[2025-02-16T17:00:17.359+0700] {processor.py:208} INFO - Processing /home/dataengineer/.pyenv/versions/3.9.21/lib/python3.9/site-packages/airflow/example_dags/example_external_task_marker_dag.py took 0.070 seconds
