[2025-02-16T15:58:03.606+0700] {processor.py:186} INFO - Started process (PID=25554) to work on /home/dataengineer/.pyenv/versions/3.9.21/lib/python3.9/site-packages/airflow/example_dags/example_nested_branch_dag.py
[2025-02-16T15:58:03.607+0700] {processor.py:914} INFO - Processing file /home/dataengineer/.pyenv/versions/3.9.21/lib/python3.9/site-packages/airflow/example_dags/example_nested_branch_dag.py for tasks to queue
[2025-02-16T15:58:03.609+0700] {logging_mixin.py:190} INFO - [2025-02-16T15:58:03.609+0700] {dagbag.py:588} INFO - Filling up the DagBag from /home/dataengineer/.pyenv/versions/3.9.21/lib/python3.9/site-packages/airflow/example_dags/example_nested_branch_dag.py
[2025-02-16T15:58:03.620+0700] {processor.py:925} INFO - DAG(s) 'example_nested_branch_dag' retrieved from /home/dataengineer/.pyenv/versions/3.9.21/lib/python3.9/site-packages/airflow/example_dags/example_nested_branch_dag.py
[2025-02-16T15:58:03.637+0700] {logging_mixin.py:190} INFO - [2025-02-16T15:58:03.636+0700] {dag.py:3239} INFO - Sync 1 DAGs
[2025-02-16T15:58:03.655+0700] {logging_mixin.py:190} INFO - [2025-02-16T15:58:03.655+0700] {dag.py:4180} INFO - Setting next_dagrun for example_nested_branch_dag to 2025-02-15 00:00:00+00:00, run_after=2025-02-16 00:00:00+00:00
[2025-02-16T15:58:03.674+0700] {processor.py:208} INFO - Processing /home/dataengineer/.pyenv/versions/3.9.21/lib/python3.9/site-packages/airflow/example_dags/example_nested_branch_dag.py took 0.073 seconds
[2025-02-16T15:58:59.637+0700] {processor.py:186} INFO - Started process (PID=25791) to work on /home/dataengineer/.pyenv/versions/3.9.21/lib/python3.9/site-packages/airflow/example_dags/example_nested_branch_dag.py
[2025-02-16T15:58:59.638+0700] {processor.py:914} INFO - Processing file /home/dataengineer/.pyenv/versions/3.9.21/lib/python3.9/site-packages/airflow/example_dags/example_nested_branch_dag.py for tasks to queue
[2025-02-16T15:58:59.640+0700] {logging_mixin.py:190} INFO - [2025-02-16T15:58:59.639+0700] {dagbag.py:588} INFO - Filling up the DagBag from /home/dataengineer/.pyenv/versions/3.9.21/lib/python3.9/site-packages/airflow/example_dags/example_nested_branch_dag.py
[2025-02-16T15:58:59.656+0700] {processor.py:925} INFO - DAG(s) 'example_nested_branch_dag' retrieved from /home/dataengineer/.pyenv/versions/3.9.21/lib/python3.9/site-packages/airflow/example_dags/example_nested_branch_dag.py
[2025-02-16T15:58:59.674+0700] {logging_mixin.py:190} INFO - [2025-02-16T15:58:59.674+0700] {dag.py:3239} INFO - Sync 1 DAGs
[2025-02-16T15:58:59.696+0700] {logging_mixin.py:190} INFO - [2025-02-16T15:58:59.695+0700] {dag.py:4180} INFO - Setting next_dagrun for example_nested_branch_dag to 2025-02-15 00:00:00+00:00, run_after=2025-02-16 00:00:00+00:00
[2025-02-16T15:58:59.716+0700] {processor.py:208} INFO - Processing /home/dataengineer/.pyenv/versions/3.9.21/lib/python3.9/site-packages/airflow/example_dags/example_nested_branch_dag.py took 0.085 seconds
[2025-02-16T16:00:12.389+0700] {processor.py:186} INFO - Started process (PID=26181) to work on /home/dataengineer/.pyenv/versions/3.9.21/lib/python3.9/site-packages/airflow/example_dags/example_nested_branch_dag.py
[2025-02-16T16:00:12.390+0700] {processor.py:914} INFO - Processing file /home/dataengineer/.pyenv/versions/3.9.21/lib/python3.9/site-packages/airflow/example_dags/example_nested_branch_dag.py for tasks to queue
[2025-02-16T16:00:12.392+0700] {logging_mixin.py:190} INFO - [2025-02-16T16:00:12.391+0700] {dagbag.py:588} INFO - Filling up the DagBag from /home/dataengineer/.pyenv/versions/3.9.21/lib/python3.9/site-packages/airflow/example_dags/example_nested_branch_dag.py
[2025-02-16T16:00:12.404+0700] {processor.py:925} INFO - DAG(s) 'example_nested_branch_dag' retrieved from /home/dataengineer/.pyenv/versions/3.9.21/lib/python3.9/site-packages/airflow/example_dags/example_nested_branch_dag.py
[2025-02-16T16:00:12.421+0700] {logging_mixin.py:190} INFO - [2025-02-16T16:00:12.421+0700] {dag.py:3239} INFO - Sync 1 DAGs
[2025-02-16T16:00:12.444+0700] {logging_mixin.py:190} INFO - [2025-02-16T16:00:12.443+0700] {dag.py:4180} INFO - Setting next_dagrun for example_nested_branch_dag to 2025-02-15 00:00:00+00:00, run_after=2025-02-16 00:00:00+00:00
[2025-02-16T16:00:12.463+0700] {processor.py:208} INFO - Processing /home/dataengineer/.pyenv/versions/3.9.21/lib/python3.9/site-packages/airflow/example_dags/example_nested_branch_dag.py took 0.080 seconds
[2025-02-16T16:01:28.927+0700] {processor.py:186} INFO - Started process (PID=26699) to work on /home/dataengineer/.pyenv/versions/3.9.21/lib/python3.9/site-packages/airflow/example_dags/example_nested_branch_dag.py
[2025-02-16T16:01:28.929+0700] {processor.py:914} INFO - Processing file /home/dataengineer/.pyenv/versions/3.9.21/lib/python3.9/site-packages/airflow/example_dags/example_nested_branch_dag.py for tasks to queue
[2025-02-16T16:01:28.930+0700] {logging_mixin.py:190} INFO - [2025-02-16T16:01:28.929+0700] {dagbag.py:588} INFO - Filling up the DagBag from /home/dataengineer/.pyenv/versions/3.9.21/lib/python3.9/site-packages/airflow/example_dags/example_nested_branch_dag.py
[2025-02-16T16:01:28.942+0700] {processor.py:925} INFO - DAG(s) 'example_nested_branch_dag' retrieved from /home/dataengineer/.pyenv/versions/3.9.21/lib/python3.9/site-packages/airflow/example_dags/example_nested_branch_dag.py
[2025-02-16T16:01:28.959+0700] {logging_mixin.py:190} INFO - [2025-02-16T16:01:28.959+0700] {dag.py:3239} INFO - Sync 1 DAGs
[2025-02-16T16:01:28.980+0700] {logging_mixin.py:190} INFO - [2025-02-16T16:01:28.980+0700] {dag.py:4180} INFO - Setting next_dagrun for example_nested_branch_dag to 2025-02-15 00:00:00+00:00, run_after=2025-02-16 00:00:00+00:00
[2025-02-16T16:01:28.999+0700] {processor.py:208} INFO - Processing /home/dataengineer/.pyenv/versions/3.9.21/lib/python3.9/site-packages/airflow/example_dags/example_nested_branch_dag.py took 0.077 seconds
[2025-02-16T16:02:36.989+0700] {processor.py:186} INFO - Started process (PID=27127) to work on /home/dataengineer/.pyenv/versions/3.9.21/lib/python3.9/site-packages/airflow/example_dags/example_nested_branch_dag.py
[2025-02-16T16:02:36.990+0700] {processor.py:914} INFO - Processing file /home/dataengineer/.pyenv/versions/3.9.21/lib/python3.9/site-packages/airflow/example_dags/example_nested_branch_dag.py for tasks to queue
[2025-02-16T16:02:36.992+0700] {logging_mixin.py:190} INFO - [2025-02-16T16:02:36.991+0700] {dagbag.py:588} INFO - Filling up the DagBag from /home/dataengineer/.pyenv/versions/3.9.21/lib/python3.9/site-packages/airflow/example_dags/example_nested_branch_dag.py
[2025-02-16T16:02:37.005+0700] {processor.py:925} INFO - DAG(s) 'example_nested_branch_dag' retrieved from /home/dataengineer/.pyenv/versions/3.9.21/lib/python3.9/site-packages/airflow/example_dags/example_nested_branch_dag.py
[2025-02-16T16:02:37.022+0700] {logging_mixin.py:190} INFO - [2025-02-16T16:02:37.021+0700] {dag.py:3239} INFO - Sync 1 DAGs
[2025-02-16T16:02:37.043+0700] {logging_mixin.py:190} INFO - [2025-02-16T16:02:37.042+0700] {dag.py:4180} INFO - Setting next_dagrun for example_nested_branch_dag to 2025-02-15 00:00:00+00:00, run_after=2025-02-16 00:00:00+00:00
[2025-02-16T16:02:37.064+0700] {processor.py:208} INFO - Processing /home/dataengineer/.pyenv/versions/3.9.21/lib/python3.9/site-packages/airflow/example_dags/example_nested_branch_dag.py took 0.081 seconds
[2025-02-16T16:03:45.015+0700] {processor.py:186} INFO - Started process (PID=27410) to work on /home/dataengineer/.pyenv/versions/3.9.21/lib/python3.9/site-packages/airflow/example_dags/example_nested_branch_dag.py
[2025-02-16T16:03:45.017+0700] {processor.py:914} INFO - Processing file /home/dataengineer/.pyenv/versions/3.9.21/lib/python3.9/site-packages/airflow/example_dags/example_nested_branch_dag.py for tasks to queue
[2025-02-16T16:03:45.018+0700] {logging_mixin.py:190} INFO - [2025-02-16T16:03:45.018+0700] {dagbag.py:588} INFO - Filling up the DagBag from /home/dataengineer/.pyenv/versions/3.9.21/lib/python3.9/site-packages/airflow/example_dags/example_nested_branch_dag.py
[2025-02-16T16:03:45.030+0700] {processor.py:925} INFO - DAG(s) 'example_nested_branch_dag' retrieved from /home/dataengineer/.pyenv/versions/3.9.21/lib/python3.9/site-packages/airflow/example_dags/example_nested_branch_dag.py
[2025-02-16T16:03:45.046+0700] {logging_mixin.py:190} INFO - [2025-02-16T16:03:45.046+0700] {dag.py:3239} INFO - Sync 1 DAGs
[2025-02-16T16:03:45.067+0700] {logging_mixin.py:190} INFO - [2025-02-16T16:03:45.067+0700] {dag.py:4180} INFO - Setting next_dagrun for example_nested_branch_dag to 2025-02-15 00:00:00+00:00, run_after=2025-02-16 00:00:00+00:00
[2025-02-16T16:03:45.087+0700] {processor.py:208} INFO - Processing /home/dataengineer/.pyenv/versions/3.9.21/lib/python3.9/site-packages/airflow/example_dags/example_nested_branch_dag.py took 0.077 seconds
[2025-02-16T16:04:58.823+0700] {processor.py:186} INFO - Started process (PID=27723) to work on /home/dataengineer/.pyenv/versions/3.9.21/lib/python3.9/site-packages/airflow/example_dags/example_nested_branch_dag.py
[2025-02-16T16:04:58.824+0700] {processor.py:914} INFO - Processing file /home/dataengineer/.pyenv/versions/3.9.21/lib/python3.9/site-packages/airflow/example_dags/example_nested_branch_dag.py for tasks to queue
[2025-02-16T16:04:58.825+0700] {logging_mixin.py:190} INFO - [2025-02-16T16:04:58.825+0700] {dagbag.py:588} INFO - Filling up the DagBag from /home/dataengineer/.pyenv/versions/3.9.21/lib/python3.9/site-packages/airflow/example_dags/example_nested_branch_dag.py
[2025-02-16T16:04:58.838+0700] {processor.py:925} INFO - DAG(s) 'example_nested_branch_dag' retrieved from /home/dataengineer/.pyenv/versions/3.9.21/lib/python3.9/site-packages/airflow/example_dags/example_nested_branch_dag.py
[2025-02-16T16:04:58.857+0700] {logging_mixin.py:190} INFO - [2025-02-16T16:04:58.857+0700] {dag.py:3239} INFO - Sync 1 DAGs
[2025-02-16T16:04:58.878+0700] {logging_mixin.py:190} INFO - [2025-02-16T16:04:58.878+0700] {dag.py:4180} INFO - Setting next_dagrun for example_nested_branch_dag to 2025-02-15 00:00:00+00:00, run_after=2025-02-16 00:00:00+00:00
[2025-02-16T16:04:58.898+0700] {processor.py:208} INFO - Processing /home/dataengineer/.pyenv/versions/3.9.21/lib/python3.9/site-packages/airflow/example_dags/example_nested_branch_dag.py took 0.082 seconds
[2025-02-16T16:05:55.891+0700] {processor.py:186} INFO - Started process (PID=27961) to work on /home/dataengineer/.pyenv/versions/3.9.21/lib/python3.9/site-packages/airflow/example_dags/example_nested_branch_dag.py
[2025-02-16T16:05:55.892+0700] {processor.py:914} INFO - Processing file /home/dataengineer/.pyenv/versions/3.9.21/lib/python3.9/site-packages/airflow/example_dags/example_nested_branch_dag.py for tasks to queue
[2025-02-16T16:05:55.893+0700] {logging_mixin.py:190} INFO - [2025-02-16T16:05:55.893+0700] {dagbag.py:588} INFO - Filling up the DagBag from /home/dataengineer/.pyenv/versions/3.9.21/lib/python3.9/site-packages/airflow/example_dags/example_nested_branch_dag.py
[2025-02-16T16:05:55.906+0700] {processor.py:925} INFO - DAG(s) 'example_nested_branch_dag' retrieved from /home/dataengineer/.pyenv/versions/3.9.21/lib/python3.9/site-packages/airflow/example_dags/example_nested_branch_dag.py
[2025-02-16T16:05:55.922+0700] {logging_mixin.py:190} INFO - [2025-02-16T16:05:55.922+0700] {dag.py:3239} INFO - Sync 1 DAGs
[2025-02-16T16:05:55.943+0700] {logging_mixin.py:190} INFO - [2025-02-16T16:05:55.943+0700] {dag.py:4180} INFO - Setting next_dagrun for example_nested_branch_dag to 2025-02-15 00:00:00+00:00, run_after=2025-02-16 00:00:00+00:00
[2025-02-16T16:05:55.964+0700] {processor.py:208} INFO - Processing /home/dataengineer/.pyenv/versions/3.9.21/lib/python3.9/site-packages/airflow/example_dags/example_nested_branch_dag.py took 0.079 seconds
[2025-02-16T16:07:06.072+0700] {processor.py:186} INFO - Started process (PID=28342) to work on /home/dataengineer/.pyenv/versions/3.9.21/lib/python3.9/site-packages/airflow/example_dags/example_nested_branch_dag.py
[2025-02-16T16:07:06.073+0700] {processor.py:914} INFO - Processing file /home/dataengineer/.pyenv/versions/3.9.21/lib/python3.9/site-packages/airflow/example_dags/example_nested_branch_dag.py for tasks to queue
[2025-02-16T16:07:06.074+0700] {logging_mixin.py:190} INFO - [2025-02-16T16:07:06.074+0700] {dagbag.py:588} INFO - Filling up the DagBag from /home/dataengineer/.pyenv/versions/3.9.21/lib/python3.9/site-packages/airflow/example_dags/example_nested_branch_dag.py
[2025-02-16T16:07:06.086+0700] {processor.py:925} INFO - DAG(s) 'example_nested_branch_dag' retrieved from /home/dataengineer/.pyenv/versions/3.9.21/lib/python3.9/site-packages/airflow/example_dags/example_nested_branch_dag.py
[2025-02-16T16:07:06.101+0700] {logging_mixin.py:190} INFO - [2025-02-16T16:07:06.101+0700] {dag.py:3239} INFO - Sync 1 DAGs
[2025-02-16T16:07:06.122+0700] {logging_mixin.py:190} INFO - [2025-02-16T16:07:06.122+0700] {dag.py:4180} INFO - Setting next_dagrun for example_nested_branch_dag to 2025-02-15 00:00:00+00:00, run_after=2025-02-16 00:00:00+00:00
[2025-02-16T16:07:06.142+0700] {processor.py:208} INFO - Processing /home/dataengineer/.pyenv/versions/3.9.21/lib/python3.9/site-packages/airflow/example_dags/example_nested_branch_dag.py took 0.075 seconds
[2025-02-16T16:08:18.159+0700] {processor.py:186} INFO - Started process (PID=28767) to work on /home/dataengineer/.pyenv/versions/3.9.21/lib/python3.9/site-packages/airflow/example_dags/example_nested_branch_dag.py
[2025-02-16T16:08:18.161+0700] {processor.py:914} INFO - Processing file /home/dataengineer/.pyenv/versions/3.9.21/lib/python3.9/site-packages/airflow/example_dags/example_nested_branch_dag.py for tasks to queue
[2025-02-16T16:08:18.162+0700] {logging_mixin.py:190} INFO - [2025-02-16T16:08:18.161+0700] {dagbag.py:588} INFO - Filling up the DagBag from /home/dataengineer/.pyenv/versions/3.9.21/lib/python3.9/site-packages/airflow/example_dags/example_nested_branch_dag.py
[2025-02-16T16:08:18.174+0700] {processor.py:925} INFO - DAG(s) 'example_nested_branch_dag' retrieved from /home/dataengineer/.pyenv/versions/3.9.21/lib/python3.9/site-packages/airflow/example_dags/example_nested_branch_dag.py
[2025-02-16T16:08:18.191+0700] {logging_mixin.py:190} INFO - [2025-02-16T16:08:18.191+0700] {dag.py:3239} INFO - Sync 1 DAGs
[2025-02-16T16:08:18.213+0700] {logging_mixin.py:190} INFO - [2025-02-16T16:08:18.213+0700] {dag.py:4180} INFO - Setting next_dagrun for example_nested_branch_dag to 2025-02-15 00:00:00+00:00, run_after=2025-02-16 00:00:00+00:00
[2025-02-16T16:08:18.235+0700] {processor.py:208} INFO - Processing /home/dataengineer/.pyenv/versions/3.9.21/lib/python3.9/site-packages/airflow/example_dags/example_nested_branch_dag.py took 0.081 seconds
[2025-02-16T16:09:26.486+0700] {processor.py:186} INFO - Started process (PID=29104) to work on /home/dataengineer/.pyenv/versions/3.9.21/lib/python3.9/site-packages/airflow/example_dags/example_nested_branch_dag.py
[2025-02-16T16:09:26.487+0700] {processor.py:914} INFO - Processing file /home/dataengineer/.pyenv/versions/3.9.21/lib/python3.9/site-packages/airflow/example_dags/example_nested_branch_dag.py for tasks to queue
[2025-02-16T16:09:26.488+0700] {logging_mixin.py:190} INFO - [2025-02-16T16:09:26.488+0700] {dagbag.py:588} INFO - Filling up the DagBag from /home/dataengineer/.pyenv/versions/3.9.21/lib/python3.9/site-packages/airflow/example_dags/example_nested_branch_dag.py
[2025-02-16T16:09:26.501+0700] {processor.py:925} INFO - DAG(s) 'example_nested_branch_dag' retrieved from /home/dataengineer/.pyenv/versions/3.9.21/lib/python3.9/site-packages/airflow/example_dags/example_nested_branch_dag.py
[2025-02-16T16:09:26.517+0700] {logging_mixin.py:190} INFO - [2025-02-16T16:09:26.517+0700] {dag.py:3239} INFO - Sync 1 DAGs
[2025-02-16T16:09:26.539+0700] {logging_mixin.py:190} INFO - [2025-02-16T16:09:26.538+0700] {dag.py:4180} INFO - Setting next_dagrun for example_nested_branch_dag to 2025-02-15 00:00:00+00:00, run_after=2025-02-16 00:00:00+00:00
[2025-02-16T16:09:26.559+0700] {processor.py:208} INFO - Processing /home/dataengineer/.pyenv/versions/3.9.21/lib/python3.9/site-packages/airflow/example_dags/example_nested_branch_dag.py took 0.079 seconds
[2025-02-16T16:10:43.111+0700] {processor.py:186} INFO - Started process (PID=29466) to work on /home/dataengineer/.pyenv/versions/3.9.21/lib/python3.9/site-packages/airflow/example_dags/example_nested_branch_dag.py
[2025-02-16T16:10:43.112+0700] {processor.py:914} INFO - Processing file /home/dataengineer/.pyenv/versions/3.9.21/lib/python3.9/site-packages/airflow/example_dags/example_nested_branch_dag.py for tasks to queue
[2025-02-16T16:10:43.113+0700] {logging_mixin.py:190} INFO - [2025-02-16T16:10:43.113+0700] {dagbag.py:588} INFO - Filling up the DagBag from /home/dataengineer/.pyenv/versions/3.9.21/lib/python3.9/site-packages/airflow/example_dags/example_nested_branch_dag.py
[2025-02-16T16:10:43.126+0700] {processor.py:925} INFO - DAG(s) 'example_nested_branch_dag' retrieved from /home/dataengineer/.pyenv/versions/3.9.21/lib/python3.9/site-packages/airflow/example_dags/example_nested_branch_dag.py
[2025-02-16T16:10:43.142+0700] {logging_mixin.py:190} INFO - [2025-02-16T16:10:43.142+0700] {dag.py:3239} INFO - Sync 1 DAGs
[2025-02-16T16:10:43.164+0700] {logging_mixin.py:190} INFO - [2025-02-16T16:10:43.163+0700] {dag.py:4180} INFO - Setting next_dagrun for example_nested_branch_dag to 2025-02-15 00:00:00+00:00, run_after=2025-02-16 00:00:00+00:00
[2025-02-16T16:10:43.184+0700] {processor.py:208} INFO - Processing /home/dataengineer/.pyenv/versions/3.9.21/lib/python3.9/site-packages/airflow/example_dags/example_nested_branch_dag.py took 0.079 seconds
[2025-02-16T16:11:49.657+0700] {processor.py:186} INFO - Started process (PID=29747) to work on /home/dataengineer/.pyenv/versions/3.9.21/lib/python3.9/site-packages/airflow/example_dags/example_nested_branch_dag.py
[2025-02-16T16:11:49.658+0700] {processor.py:914} INFO - Processing file /home/dataengineer/.pyenv/versions/3.9.21/lib/python3.9/site-packages/airflow/example_dags/example_nested_branch_dag.py for tasks to queue
[2025-02-16T16:11:49.659+0700] {logging_mixin.py:190} INFO - [2025-02-16T16:11:49.659+0700] {dagbag.py:588} INFO - Filling up the DagBag from /home/dataengineer/.pyenv/versions/3.9.21/lib/python3.9/site-packages/airflow/example_dags/example_nested_branch_dag.py
[2025-02-16T16:11:49.671+0700] {processor.py:925} INFO - DAG(s) 'example_nested_branch_dag' retrieved from /home/dataengineer/.pyenv/versions/3.9.21/lib/python3.9/site-packages/airflow/example_dags/example_nested_branch_dag.py
[2025-02-16T16:11:49.688+0700] {logging_mixin.py:190} INFO - [2025-02-16T16:11:49.688+0700] {dag.py:3239} INFO - Sync 1 DAGs
[2025-02-16T16:11:49.709+0700] {logging_mixin.py:190} INFO - [2025-02-16T16:11:49.709+0700] {dag.py:4180} INFO - Setting next_dagrun for example_nested_branch_dag to 2025-02-15 00:00:00+00:00, run_after=2025-02-16 00:00:00+00:00
[2025-02-16T16:11:49.731+0700] {processor.py:208} INFO - Processing /home/dataengineer/.pyenv/versions/3.9.21/lib/python3.9/site-packages/airflow/example_dags/example_nested_branch_dag.py took 0.080 seconds
[2025-02-16T16:13:07.182+0700] {processor.py:186} INFO - Started process (PID=30065) to work on /home/dataengineer/.pyenv/versions/3.9.21/lib/python3.9/site-packages/airflow/example_dags/example_nested_branch_dag.py
[2025-02-16T16:13:07.183+0700] {processor.py:914} INFO - Processing file /home/dataengineer/.pyenv/versions/3.9.21/lib/python3.9/site-packages/airflow/example_dags/example_nested_branch_dag.py for tasks to queue
[2025-02-16T16:13:07.184+0700] {logging_mixin.py:190} INFO - [2025-02-16T16:13:07.184+0700] {dagbag.py:588} INFO - Filling up the DagBag from /home/dataengineer/.pyenv/versions/3.9.21/lib/python3.9/site-packages/airflow/example_dags/example_nested_branch_dag.py
[2025-02-16T16:13:07.196+0700] {processor.py:925} INFO - DAG(s) 'example_nested_branch_dag' retrieved from /home/dataengineer/.pyenv/versions/3.9.21/lib/python3.9/site-packages/airflow/example_dags/example_nested_branch_dag.py
[2025-02-16T16:13:07.212+0700] {logging_mixin.py:190} INFO - [2025-02-16T16:13:07.212+0700] {dag.py:3239} INFO - Sync 1 DAGs
[2025-02-16T16:13:07.233+0700] {logging_mixin.py:190} INFO - [2025-02-16T16:13:07.233+0700] {dag.py:4180} INFO - Setting next_dagrun for example_nested_branch_dag to 2025-02-15 00:00:00+00:00, run_after=2025-02-16 00:00:00+00:00
[2025-02-16T16:13:07.253+0700] {processor.py:208} INFO - Processing /home/dataengineer/.pyenv/versions/3.9.21/lib/python3.9/site-packages/airflow/example_dags/example_nested_branch_dag.py took 0.078 seconds
[2025-02-16T16:14:21.737+0700] {processor.py:186} INFO - Started process (PID=30382) to work on /home/dataengineer/.pyenv/versions/3.9.21/lib/python3.9/site-packages/airflow/example_dags/example_nested_branch_dag.py
[2025-02-16T16:14:21.739+0700] {processor.py:914} INFO - Processing file /home/dataengineer/.pyenv/versions/3.9.21/lib/python3.9/site-packages/airflow/example_dags/example_nested_branch_dag.py for tasks to queue
[2025-02-16T16:14:21.740+0700] {logging_mixin.py:190} INFO - [2025-02-16T16:14:21.740+0700] {dagbag.py:588} INFO - Filling up the DagBag from /home/dataengineer/.pyenv/versions/3.9.21/lib/python3.9/site-packages/airflow/example_dags/example_nested_branch_dag.py
[2025-02-16T16:14:21.752+0700] {processor.py:925} INFO - DAG(s) 'example_nested_branch_dag' retrieved from /home/dataengineer/.pyenv/versions/3.9.21/lib/python3.9/site-packages/airflow/example_dags/example_nested_branch_dag.py
[2025-02-16T16:14:21.769+0700] {logging_mixin.py:190} INFO - [2025-02-16T16:14:21.769+0700] {dag.py:3239} INFO - Sync 1 DAGs
[2025-02-16T16:14:21.789+0700] {logging_mixin.py:190} INFO - [2025-02-16T16:14:21.788+0700] {dag.py:4180} INFO - Setting next_dagrun for example_nested_branch_dag to 2025-02-15 00:00:00+00:00, run_after=2025-02-16 00:00:00+00:00
[2025-02-16T16:14:21.809+0700] {processor.py:208} INFO - Processing /home/dataengineer/.pyenv/versions/3.9.21/lib/python3.9/site-packages/airflow/example_dags/example_nested_branch_dag.py took 0.077 seconds
[2025-02-16T16:15:33.432+0700] {processor.py:186} INFO - Started process (PID=30684) to work on /home/dataengineer/.pyenv/versions/3.9.21/lib/python3.9/site-packages/airflow/example_dags/example_nested_branch_dag.py
[2025-02-16T16:15:33.434+0700] {processor.py:914} INFO - Processing file /home/dataengineer/.pyenv/versions/3.9.21/lib/python3.9/site-packages/airflow/example_dags/example_nested_branch_dag.py for tasks to queue
[2025-02-16T16:15:33.435+0700] {logging_mixin.py:190} INFO - [2025-02-16T16:15:33.435+0700] {dagbag.py:588} INFO - Filling up the DagBag from /home/dataengineer/.pyenv/versions/3.9.21/lib/python3.9/site-packages/airflow/example_dags/example_nested_branch_dag.py
[2025-02-16T16:15:33.447+0700] {processor.py:925} INFO - DAG(s) 'example_nested_branch_dag' retrieved from /home/dataengineer/.pyenv/versions/3.9.21/lib/python3.9/site-packages/airflow/example_dags/example_nested_branch_dag.py
[2025-02-16T16:15:33.463+0700] {logging_mixin.py:190} INFO - [2025-02-16T16:15:33.463+0700] {dag.py:3239} INFO - Sync 1 DAGs
[2025-02-16T16:15:33.484+0700] {logging_mixin.py:190} INFO - [2025-02-16T16:15:33.483+0700] {dag.py:4180} INFO - Setting next_dagrun for example_nested_branch_dag to 2025-02-15 00:00:00+00:00, run_after=2025-02-16 00:00:00+00:00
[2025-02-16T16:15:33.504+0700] {processor.py:208} INFO - Processing /home/dataengineer/.pyenv/versions/3.9.21/lib/python3.9/site-packages/airflow/example_dags/example_nested_branch_dag.py took 0.077 seconds
[2025-02-16T16:16:25.577+0700] {processor.py:186} INFO - Started process (PID=30897) to work on /home/dataengineer/.pyenv/versions/3.9.21/lib/python3.9/site-packages/airflow/example_dags/example_nested_branch_dag.py
[2025-02-16T16:16:25.578+0700] {processor.py:914} INFO - Processing file /home/dataengineer/.pyenv/versions/3.9.21/lib/python3.9/site-packages/airflow/example_dags/example_nested_branch_dag.py for tasks to queue
[2025-02-16T16:16:25.580+0700] {logging_mixin.py:190} INFO - [2025-02-16T16:16:25.579+0700] {dagbag.py:588} INFO - Filling up the DagBag from /home/dataengineer/.pyenv/versions/3.9.21/lib/python3.9/site-packages/airflow/example_dags/example_nested_branch_dag.py
[2025-02-16T16:16:25.593+0700] {processor.py:925} INFO - DAG(s) 'example_nested_branch_dag' retrieved from /home/dataengineer/.pyenv/versions/3.9.21/lib/python3.9/site-packages/airflow/example_dags/example_nested_branch_dag.py
[2025-02-16T16:16:25.612+0700] {logging_mixin.py:190} INFO - [2025-02-16T16:16:25.611+0700] {dag.py:3239} INFO - Sync 1 DAGs
[2025-02-16T16:16:25.639+0700] {logging_mixin.py:190} INFO - [2025-02-16T16:16:25.638+0700] {dag.py:4180} INFO - Setting next_dagrun for example_nested_branch_dag to 2025-02-15 00:00:00+00:00, run_after=2025-02-16 00:00:00+00:00
[2025-02-16T16:16:25.669+0700] {processor.py:208} INFO - Processing /home/dataengineer/.pyenv/versions/3.9.21/lib/python3.9/site-packages/airflow/example_dags/example_nested_branch_dag.py took 0.098 seconds
[2025-02-16T16:17:40.632+0700] {processor.py:186} INFO - Started process (PID=31217) to work on /home/dataengineer/.pyenv/versions/3.9.21/lib/python3.9/site-packages/airflow/example_dags/example_nested_branch_dag.py
[2025-02-16T16:17:40.633+0700] {processor.py:914} INFO - Processing file /home/dataengineer/.pyenv/versions/3.9.21/lib/python3.9/site-packages/airflow/example_dags/example_nested_branch_dag.py for tasks to queue
[2025-02-16T16:17:40.634+0700] {logging_mixin.py:190} INFO - [2025-02-16T16:17:40.634+0700] {dagbag.py:588} INFO - Filling up the DagBag from /home/dataengineer/.pyenv/versions/3.9.21/lib/python3.9/site-packages/airflow/example_dags/example_nested_branch_dag.py
[2025-02-16T16:17:40.648+0700] {processor.py:925} INFO - DAG(s) 'example_nested_branch_dag' retrieved from /home/dataengineer/.pyenv/versions/3.9.21/lib/python3.9/site-packages/airflow/example_dags/example_nested_branch_dag.py
[2025-02-16T16:17:40.666+0700] {logging_mixin.py:190} INFO - [2025-02-16T16:17:40.665+0700] {dag.py:3239} INFO - Sync 1 DAGs
[2025-02-16T16:17:40.689+0700] {logging_mixin.py:190} INFO - [2025-02-16T16:17:40.688+0700] {dag.py:4180} INFO - Setting next_dagrun for example_nested_branch_dag to 2025-02-15 00:00:00+00:00, run_after=2025-02-16 00:00:00+00:00
[2025-02-16T16:17:40.714+0700] {processor.py:208} INFO - Processing /home/dataengineer/.pyenv/versions/3.9.21/lib/python3.9/site-packages/airflow/example_dags/example_nested_branch_dag.py took 0.088 seconds
[2025-02-16T16:18:57.922+0700] {processor.py:186} INFO - Started process (PID=31536) to work on /home/dataengineer/.pyenv/versions/3.9.21/lib/python3.9/site-packages/airflow/example_dags/example_nested_branch_dag.py
[2025-02-16T16:18:57.923+0700] {processor.py:914} INFO - Processing file /home/dataengineer/.pyenv/versions/3.9.21/lib/python3.9/site-packages/airflow/example_dags/example_nested_branch_dag.py for tasks to queue
[2025-02-16T16:18:57.925+0700] {logging_mixin.py:190} INFO - [2025-02-16T16:18:57.925+0700] {dagbag.py:588} INFO - Filling up the DagBag from /home/dataengineer/.pyenv/versions/3.9.21/lib/python3.9/site-packages/airflow/example_dags/example_nested_branch_dag.py
[2025-02-16T16:18:57.939+0700] {processor.py:925} INFO - DAG(s) 'example_nested_branch_dag' retrieved from /home/dataengineer/.pyenv/versions/3.9.21/lib/python3.9/site-packages/airflow/example_dags/example_nested_branch_dag.py
[2025-02-16T16:18:57.958+0700] {logging_mixin.py:190} INFO - [2025-02-16T16:18:57.957+0700] {dag.py:3239} INFO - Sync 1 DAGs
[2025-02-16T16:18:57.982+0700] {logging_mixin.py:190} INFO - [2025-02-16T16:18:57.982+0700] {dag.py:4180} INFO - Setting next_dagrun for example_nested_branch_dag to 2025-02-15 00:00:00+00:00, run_after=2025-02-16 00:00:00+00:00
[2025-02-16T16:18:58.002+0700] {processor.py:208} INFO - Processing /home/dataengineer/.pyenv/versions/3.9.21/lib/python3.9/site-packages/airflow/example_dags/example_nested_branch_dag.py took 0.086 seconds
[2025-02-16T16:20:11.845+0700] {processor.py:186} INFO - Started process (PID=31843) to work on /home/dataengineer/.pyenv/versions/3.9.21/lib/python3.9/site-packages/airflow/example_dags/example_nested_branch_dag.py
[2025-02-16T16:20:11.846+0700] {processor.py:914} INFO - Processing file /home/dataengineer/.pyenv/versions/3.9.21/lib/python3.9/site-packages/airflow/example_dags/example_nested_branch_dag.py for tasks to queue
[2025-02-16T16:20:11.847+0700] {logging_mixin.py:190} INFO - [2025-02-16T16:20:11.847+0700] {dagbag.py:588} INFO - Filling up the DagBag from /home/dataengineer/.pyenv/versions/3.9.21/lib/python3.9/site-packages/airflow/example_dags/example_nested_branch_dag.py
[2025-02-16T16:20:11.859+0700] {processor.py:925} INFO - DAG(s) 'example_nested_branch_dag' retrieved from /home/dataengineer/.pyenv/versions/3.9.21/lib/python3.9/site-packages/airflow/example_dags/example_nested_branch_dag.py
[2025-02-16T16:20:11.875+0700] {logging_mixin.py:190} INFO - [2025-02-16T16:20:11.875+0700] {dag.py:3239} INFO - Sync 1 DAGs
[2025-02-16T16:20:11.896+0700] {logging_mixin.py:190} INFO - [2025-02-16T16:20:11.896+0700] {dag.py:4180} INFO - Setting next_dagrun for example_nested_branch_dag to 2025-02-15 00:00:00+00:00, run_after=2025-02-16 00:00:00+00:00
[2025-02-16T16:20:11.916+0700] {processor.py:208} INFO - Processing /home/dataengineer/.pyenv/versions/3.9.21/lib/python3.9/site-packages/airflow/example_dags/example_nested_branch_dag.py took 0.077 seconds
[2025-02-16T16:21:23.049+0700] {processor.py:186} INFO - Started process (PID=32139) to work on /home/dataengineer/.pyenv/versions/3.9.21/lib/python3.9/site-packages/airflow/example_dags/example_nested_branch_dag.py
[2025-02-16T16:21:23.050+0700] {processor.py:914} INFO - Processing file /home/dataengineer/.pyenv/versions/3.9.21/lib/python3.9/site-packages/airflow/example_dags/example_nested_branch_dag.py for tasks to queue
[2025-02-16T16:21:23.051+0700] {logging_mixin.py:190} INFO - [2025-02-16T16:21:23.051+0700] {dagbag.py:588} INFO - Filling up the DagBag from /home/dataengineer/.pyenv/versions/3.9.21/lib/python3.9/site-packages/airflow/example_dags/example_nested_branch_dag.py
[2025-02-16T16:21:23.063+0700] {processor.py:925} INFO - DAG(s) 'example_nested_branch_dag' retrieved from /home/dataengineer/.pyenv/versions/3.9.21/lib/python3.9/site-packages/airflow/example_dags/example_nested_branch_dag.py
[2025-02-16T16:21:23.080+0700] {logging_mixin.py:190} INFO - [2025-02-16T16:21:23.079+0700] {dag.py:3239} INFO - Sync 1 DAGs
[2025-02-16T16:21:23.101+0700] {logging_mixin.py:190} INFO - [2025-02-16T16:21:23.101+0700] {dag.py:4180} INFO - Setting next_dagrun for example_nested_branch_dag to 2025-02-15 00:00:00+00:00, run_after=2025-02-16 00:00:00+00:00
[2025-02-16T16:21:23.124+0700] {processor.py:208} INFO - Processing /home/dataengineer/.pyenv/versions/3.9.21/lib/python3.9/site-packages/airflow/example_dags/example_nested_branch_dag.py took 0.081 seconds
[2025-02-16T16:22:14.861+0700] {processor.py:186} INFO - Started process (PID=32361) to work on /home/dataengineer/.pyenv/versions/3.9.21/lib/python3.9/site-packages/airflow/example_dags/example_nested_branch_dag.py
[2025-02-16T16:22:14.862+0700] {processor.py:914} INFO - Processing file /home/dataengineer/.pyenv/versions/3.9.21/lib/python3.9/site-packages/airflow/example_dags/example_nested_branch_dag.py for tasks to queue
[2025-02-16T16:22:14.864+0700] {logging_mixin.py:190} INFO - [2025-02-16T16:22:14.863+0700] {dagbag.py:588} INFO - Filling up the DagBag from /home/dataengineer/.pyenv/versions/3.9.21/lib/python3.9/site-packages/airflow/example_dags/example_nested_branch_dag.py
[2025-02-16T16:22:14.876+0700] {processor.py:925} INFO - DAG(s) 'example_nested_branch_dag' retrieved from /home/dataengineer/.pyenv/versions/3.9.21/lib/python3.9/site-packages/airflow/example_dags/example_nested_branch_dag.py
[2025-02-16T16:22:14.892+0700] {logging_mixin.py:190} INFO - [2025-02-16T16:22:14.892+0700] {dag.py:3239} INFO - Sync 1 DAGs
[2025-02-16T16:22:14.913+0700] {logging_mixin.py:190} INFO - [2025-02-16T16:22:14.912+0700] {dag.py:4180} INFO - Setting next_dagrun for example_nested_branch_dag to 2025-02-15 00:00:00+00:00, run_after=2025-02-16 00:00:00+00:00
[2025-02-16T16:22:14.933+0700] {processor.py:208} INFO - Processing /home/dataengineer/.pyenv/versions/3.9.21/lib/python3.9/site-packages/airflow/example_dags/example_nested_branch_dag.py took 0.078 seconds
[2025-02-16T16:23:28.905+0700] {processor.py:186} INFO - Started process (PID=32665) to work on /home/dataengineer/.pyenv/versions/3.9.21/lib/python3.9/site-packages/airflow/example_dags/example_nested_branch_dag.py
[2025-02-16T16:23:28.906+0700] {processor.py:914} INFO - Processing file /home/dataengineer/.pyenv/versions/3.9.21/lib/python3.9/site-packages/airflow/example_dags/example_nested_branch_dag.py for tasks to queue
[2025-02-16T16:23:28.908+0700] {logging_mixin.py:190} INFO - [2025-02-16T16:23:28.907+0700] {dagbag.py:588} INFO - Filling up the DagBag from /home/dataengineer/.pyenv/versions/3.9.21/lib/python3.9/site-packages/airflow/example_dags/example_nested_branch_dag.py
[2025-02-16T16:23:28.921+0700] {processor.py:925} INFO - DAG(s) 'example_nested_branch_dag' retrieved from /home/dataengineer/.pyenv/versions/3.9.21/lib/python3.9/site-packages/airflow/example_dags/example_nested_branch_dag.py
[2025-02-16T16:23:28.940+0700] {logging_mixin.py:190} INFO - [2025-02-16T16:23:28.940+0700] {dag.py:3239} INFO - Sync 1 DAGs
[2025-02-16T16:23:28.964+0700] {logging_mixin.py:190} INFO - [2025-02-16T16:23:28.964+0700] {dag.py:4180} INFO - Setting next_dagrun for example_nested_branch_dag to 2025-02-15 00:00:00+00:00, run_after=2025-02-16 00:00:00+00:00
[2025-02-16T16:23:28.989+0700] {processor.py:208} INFO - Processing /home/dataengineer/.pyenv/versions/3.9.21/lib/python3.9/site-packages/airflow/example_dags/example_nested_branch_dag.py took 0.090 seconds
[2025-02-16T16:24:38.683+0700] {processor.py:186} INFO - Started process (PID=32963) to work on /home/dataengineer/.pyenv/versions/3.9.21/lib/python3.9/site-packages/airflow/example_dags/example_nested_branch_dag.py
[2025-02-16T16:24:38.684+0700] {processor.py:914} INFO - Processing file /home/dataengineer/.pyenv/versions/3.9.21/lib/python3.9/site-packages/airflow/example_dags/example_nested_branch_dag.py for tasks to queue
[2025-02-16T16:24:38.685+0700] {logging_mixin.py:190} INFO - [2025-02-16T16:24:38.685+0700] {dagbag.py:588} INFO - Filling up the DagBag from /home/dataengineer/.pyenv/versions/3.9.21/lib/python3.9/site-packages/airflow/example_dags/example_nested_branch_dag.py
[2025-02-16T16:24:38.697+0700] {processor.py:925} INFO - DAG(s) 'example_nested_branch_dag' retrieved from /home/dataengineer/.pyenv/versions/3.9.21/lib/python3.9/site-packages/airflow/example_dags/example_nested_branch_dag.py
[2025-02-16T16:24:38.713+0700] {logging_mixin.py:190} INFO - [2025-02-16T16:24:38.713+0700] {dag.py:3239} INFO - Sync 1 DAGs
[2025-02-16T16:24:38.733+0700] {logging_mixin.py:190} INFO - [2025-02-16T16:24:38.733+0700] {dag.py:4180} INFO - Setting next_dagrun for example_nested_branch_dag to 2025-02-15 00:00:00+00:00, run_after=2025-02-16 00:00:00+00:00
[2025-02-16T16:24:38.752+0700] {processor.py:208} INFO - Processing /home/dataengineer/.pyenv/versions/3.9.21/lib/python3.9/site-packages/airflow/example_dags/example_nested_branch_dag.py took 0.075 seconds
[2025-02-16T16:25:53.156+0700] {processor.py:186} INFO - Started process (PID=33276) to work on /home/dataengineer/.pyenv/versions/3.9.21/lib/python3.9/site-packages/airflow/example_dags/example_nested_branch_dag.py
[2025-02-16T16:25:53.158+0700] {processor.py:914} INFO - Processing file /home/dataengineer/.pyenv/versions/3.9.21/lib/python3.9/site-packages/airflow/example_dags/example_nested_branch_dag.py for tasks to queue
[2025-02-16T16:25:53.159+0700] {logging_mixin.py:190} INFO - [2025-02-16T16:25:53.159+0700] {dagbag.py:588} INFO - Filling up the DagBag from /home/dataengineer/.pyenv/versions/3.9.21/lib/python3.9/site-packages/airflow/example_dags/example_nested_branch_dag.py
[2025-02-16T16:25:53.171+0700] {processor.py:925} INFO - DAG(s) 'example_nested_branch_dag' retrieved from /home/dataengineer/.pyenv/versions/3.9.21/lib/python3.9/site-packages/airflow/example_dags/example_nested_branch_dag.py
[2025-02-16T16:25:53.188+0700] {logging_mixin.py:190} INFO - [2025-02-16T16:25:53.187+0700] {dag.py:3239} INFO - Sync 1 DAGs
[2025-02-16T16:25:53.208+0700] {logging_mixin.py:190} INFO - [2025-02-16T16:25:53.208+0700] {dag.py:4180} INFO - Setting next_dagrun for example_nested_branch_dag to 2025-02-15 00:00:00+00:00, run_after=2025-02-16 00:00:00+00:00
[2025-02-16T16:25:53.228+0700] {processor.py:208} INFO - Processing /home/dataengineer/.pyenv/versions/3.9.21/lib/python3.9/site-packages/airflow/example_dags/example_nested_branch_dag.py took 0.077 seconds
[2025-02-16T16:27:07.224+0700] {processor.py:186} INFO - Started process (PID=33580) to work on /home/dataengineer/.pyenv/versions/3.9.21/lib/python3.9/site-packages/airflow/example_dags/example_nested_branch_dag.py
[2025-02-16T16:27:07.226+0700] {processor.py:914} INFO - Processing file /home/dataengineer/.pyenv/versions/3.9.21/lib/python3.9/site-packages/airflow/example_dags/example_nested_branch_dag.py for tasks to queue
[2025-02-16T16:27:07.227+0700] {logging_mixin.py:190} INFO - [2025-02-16T16:27:07.227+0700] {dagbag.py:588} INFO - Filling up the DagBag from /home/dataengineer/.pyenv/versions/3.9.21/lib/python3.9/site-packages/airflow/example_dags/example_nested_branch_dag.py
[2025-02-16T16:27:07.239+0700] {processor.py:925} INFO - DAG(s) 'example_nested_branch_dag' retrieved from /home/dataengineer/.pyenv/versions/3.9.21/lib/python3.9/site-packages/airflow/example_dags/example_nested_branch_dag.py
[2025-02-16T16:27:07.255+0700] {logging_mixin.py:190} INFO - [2025-02-16T16:27:07.254+0700] {dag.py:3239} INFO - Sync 1 DAGs
[2025-02-16T16:27:07.275+0700] {logging_mixin.py:190} INFO - [2025-02-16T16:27:07.275+0700] {dag.py:4180} INFO - Setting next_dagrun for example_nested_branch_dag to 2025-02-15 00:00:00+00:00, run_after=2025-02-16 00:00:00+00:00
[2025-02-16T16:27:07.297+0700] {processor.py:208} INFO - Processing /home/dataengineer/.pyenv/versions/3.9.21/lib/python3.9/site-packages/airflow/example_dags/example_nested_branch_dag.py took 0.078 seconds
[2025-02-16T16:28:19.731+0700] {processor.py:186} INFO - Started process (PID=33892) to work on /home/dataengineer/.pyenv/versions/3.9.21/lib/python3.9/site-packages/airflow/example_dags/example_nested_branch_dag.py
[2025-02-16T16:28:19.733+0700] {processor.py:914} INFO - Processing file /home/dataengineer/.pyenv/versions/3.9.21/lib/python3.9/site-packages/airflow/example_dags/example_nested_branch_dag.py for tasks to queue
[2025-02-16T16:28:19.734+0700] {logging_mixin.py:190} INFO - [2025-02-16T16:28:19.734+0700] {dagbag.py:588} INFO - Filling up the DagBag from /home/dataengineer/.pyenv/versions/3.9.21/lib/python3.9/site-packages/airflow/example_dags/example_nested_branch_dag.py
[2025-02-16T16:28:19.747+0700] {processor.py:925} INFO - DAG(s) 'example_nested_branch_dag' retrieved from /home/dataengineer/.pyenv/versions/3.9.21/lib/python3.9/site-packages/airflow/example_dags/example_nested_branch_dag.py
[2025-02-16T16:28:19.764+0700] {logging_mixin.py:190} INFO - [2025-02-16T16:28:19.764+0700] {dag.py:3239} INFO - Sync 1 DAGs
[2025-02-16T16:28:19.787+0700] {logging_mixin.py:190} INFO - [2025-02-16T16:28:19.787+0700] {dag.py:4180} INFO - Setting next_dagrun for example_nested_branch_dag to 2025-02-15 00:00:00+00:00, run_after=2025-02-16 00:00:00+00:00
[2025-02-16T16:28:19.810+0700] {processor.py:208} INFO - Processing /home/dataengineer/.pyenv/versions/3.9.21/lib/python3.9/site-packages/airflow/example_dags/example_nested_branch_dag.py took 0.085 seconds
[2025-02-16T16:29:36.119+0700] {processor.py:186} INFO - Started process (PID=34204) to work on /home/dataengineer/.pyenv/versions/3.9.21/lib/python3.9/site-packages/airflow/example_dags/example_nested_branch_dag.py
[2025-02-16T16:29:36.125+0700] {processor.py:914} INFO - Processing file /home/dataengineer/.pyenv/versions/3.9.21/lib/python3.9/site-packages/airflow/example_dags/example_nested_branch_dag.py for tasks to queue
[2025-02-16T16:29:36.132+0700] {logging_mixin.py:190} INFO - [2025-02-16T16:29:36.130+0700] {dagbag.py:588} INFO - Filling up the DagBag from /home/dataengineer/.pyenv/versions/3.9.21/lib/python3.9/site-packages/airflow/example_dags/example_nested_branch_dag.py
[2025-02-16T16:29:36.154+0700] {processor.py:925} INFO - DAG(s) 'example_nested_branch_dag' retrieved from /home/dataengineer/.pyenv/versions/3.9.21/lib/python3.9/site-packages/airflow/example_dags/example_nested_branch_dag.py
[2025-02-16T16:29:36.176+0700] {logging_mixin.py:190} INFO - [2025-02-16T16:29:36.176+0700] {dag.py:3239} INFO - Sync 1 DAGs
[2025-02-16T16:29:36.203+0700] {logging_mixin.py:190} INFO - [2025-02-16T16:29:36.203+0700] {dag.py:4180} INFO - Setting next_dagrun for example_nested_branch_dag to 2025-02-15 00:00:00+00:00, run_after=2025-02-16 00:00:00+00:00
[2025-02-16T16:29:36.225+0700] {processor.py:208} INFO - Processing /home/dataengineer/.pyenv/versions/3.9.21/lib/python3.9/site-packages/airflow/example_dags/example_nested_branch_dag.py took 0.113 seconds
[2025-02-16T16:30:50.095+0700] {processor.py:186} INFO - Started process (PID=34523) to work on /home/dataengineer/.pyenv/versions/3.9.21/lib/python3.9/site-packages/airflow/example_dags/example_nested_branch_dag.py
[2025-02-16T16:30:50.097+0700] {processor.py:914} INFO - Processing file /home/dataengineer/.pyenv/versions/3.9.21/lib/python3.9/site-packages/airflow/example_dags/example_nested_branch_dag.py for tasks to queue
[2025-02-16T16:30:50.098+0700] {logging_mixin.py:190} INFO - [2025-02-16T16:30:50.097+0700] {dagbag.py:588} INFO - Filling up the DagBag from /home/dataengineer/.pyenv/versions/3.9.21/lib/python3.9/site-packages/airflow/example_dags/example_nested_branch_dag.py
[2025-02-16T16:30:50.109+0700] {processor.py:925} INFO - DAG(s) 'example_nested_branch_dag' retrieved from /home/dataengineer/.pyenv/versions/3.9.21/lib/python3.9/site-packages/airflow/example_dags/example_nested_branch_dag.py
[2025-02-16T16:30:50.124+0700] {logging_mixin.py:190} INFO - [2025-02-16T16:30:50.123+0700] {dag.py:3239} INFO - Sync 1 DAGs
[2025-02-16T16:30:50.143+0700] {logging_mixin.py:190} INFO - [2025-02-16T16:30:50.143+0700] {dag.py:4180} INFO - Setting next_dagrun for example_nested_branch_dag to 2025-02-15 00:00:00+00:00, run_after=2025-02-16 00:00:00+00:00
[2025-02-16T16:30:50.162+0700] {processor.py:208} INFO - Processing /home/dataengineer/.pyenv/versions/3.9.21/lib/python3.9/site-packages/airflow/example_dags/example_nested_branch_dag.py took 0.072 seconds
[2025-02-16T16:32:01.586+0700] {processor.py:186} INFO - Started process (PID=34821) to work on /home/dataengineer/.pyenv/versions/3.9.21/lib/python3.9/site-packages/airflow/example_dags/example_nested_branch_dag.py
[2025-02-16T16:32:01.587+0700] {processor.py:914} INFO - Processing file /home/dataengineer/.pyenv/versions/3.9.21/lib/python3.9/site-packages/airflow/example_dags/example_nested_branch_dag.py for tasks to queue
[2025-02-16T16:32:01.588+0700] {logging_mixin.py:190} INFO - [2025-02-16T16:32:01.588+0700] {dagbag.py:588} INFO - Filling up the DagBag from /home/dataengineer/.pyenv/versions/3.9.21/lib/python3.9/site-packages/airflow/example_dags/example_nested_branch_dag.py
[2025-02-16T16:32:01.600+0700] {processor.py:925} INFO - DAG(s) 'example_nested_branch_dag' retrieved from /home/dataengineer/.pyenv/versions/3.9.21/lib/python3.9/site-packages/airflow/example_dags/example_nested_branch_dag.py
[2025-02-16T16:32:01.617+0700] {logging_mixin.py:190} INFO - [2025-02-16T16:32:01.617+0700] {dag.py:3239} INFO - Sync 1 DAGs
[2025-02-16T16:32:01.640+0700] {logging_mixin.py:190} INFO - [2025-02-16T16:32:01.640+0700] {dag.py:4180} INFO - Setting next_dagrun for example_nested_branch_dag to 2025-02-15 00:00:00+00:00, run_after=2025-02-16 00:00:00+00:00
[2025-02-16T16:32:01.664+0700] {processor.py:208} INFO - Processing /home/dataengineer/.pyenv/versions/3.9.21/lib/python3.9/site-packages/airflow/example_dags/example_nested_branch_dag.py took 0.084 seconds
[2025-02-16T16:33:17.273+0700] {processor.py:186} INFO - Started process (PID=35135) to work on /home/dataengineer/.pyenv/versions/3.9.21/lib/python3.9/site-packages/airflow/example_dags/example_nested_branch_dag.py
[2025-02-16T16:33:17.274+0700] {processor.py:914} INFO - Processing file /home/dataengineer/.pyenv/versions/3.9.21/lib/python3.9/site-packages/airflow/example_dags/example_nested_branch_dag.py for tasks to queue
[2025-02-16T16:33:17.275+0700] {logging_mixin.py:190} INFO - [2025-02-16T16:33:17.275+0700] {dagbag.py:588} INFO - Filling up the DagBag from /home/dataengineer/.pyenv/versions/3.9.21/lib/python3.9/site-packages/airflow/example_dags/example_nested_branch_dag.py
[2025-02-16T16:33:17.287+0700] {processor.py:925} INFO - DAG(s) 'example_nested_branch_dag' retrieved from /home/dataengineer/.pyenv/versions/3.9.21/lib/python3.9/site-packages/airflow/example_dags/example_nested_branch_dag.py
[2025-02-16T16:33:17.301+0700] {logging_mixin.py:190} INFO - [2025-02-16T16:33:17.301+0700] {dag.py:3239} INFO - Sync 1 DAGs
[2025-02-16T16:33:17.321+0700] {logging_mixin.py:190} INFO - [2025-02-16T16:33:17.321+0700] {dag.py:4180} INFO - Setting next_dagrun for example_nested_branch_dag to 2025-02-15 00:00:00+00:00, run_after=2025-02-16 00:00:00+00:00
[2025-02-16T16:33:17.340+0700] {processor.py:208} INFO - Processing /home/dataengineer/.pyenv/versions/3.9.21/lib/python3.9/site-packages/airflow/example_dags/example_nested_branch_dag.py took 0.073 seconds
[2025-02-16T16:34:33.177+0700] {processor.py:186} INFO - Started process (PID=35461) to work on /home/dataengineer/.pyenv/versions/3.9.21/lib/python3.9/site-packages/airflow/example_dags/example_nested_branch_dag.py
[2025-02-16T16:34:33.178+0700] {processor.py:914} INFO - Processing file /home/dataengineer/.pyenv/versions/3.9.21/lib/python3.9/site-packages/airflow/example_dags/example_nested_branch_dag.py for tasks to queue
[2025-02-16T16:34:33.180+0700] {logging_mixin.py:190} INFO - [2025-02-16T16:34:33.179+0700] {dagbag.py:588} INFO - Filling up the DagBag from /home/dataengineer/.pyenv/versions/3.9.21/lib/python3.9/site-packages/airflow/example_dags/example_nested_branch_dag.py
[2025-02-16T16:34:33.192+0700] {processor.py:925} INFO - DAG(s) 'example_nested_branch_dag' retrieved from /home/dataengineer/.pyenv/versions/3.9.21/lib/python3.9/site-packages/airflow/example_dags/example_nested_branch_dag.py
[2025-02-16T16:34:33.209+0700] {logging_mixin.py:190} INFO - [2025-02-16T16:34:33.209+0700] {dag.py:3239} INFO - Sync 1 DAGs
[2025-02-16T16:34:33.231+0700] {logging_mixin.py:190} INFO - [2025-02-16T16:34:33.231+0700] {dag.py:4180} INFO - Setting next_dagrun for example_nested_branch_dag to 2025-02-15 00:00:00+00:00, run_after=2025-02-16 00:00:00+00:00
[2025-02-16T16:34:33.253+0700] {processor.py:208} INFO - Processing /home/dataengineer/.pyenv/versions/3.9.21/lib/python3.9/site-packages/airflow/example_dags/example_nested_branch_dag.py took 0.082 seconds
[2025-02-16T16:35:47.784+0700] {processor.py:186} INFO - Started process (PID=35774) to work on /home/dataengineer/.pyenv/versions/3.9.21/lib/python3.9/site-packages/airflow/example_dags/example_nested_branch_dag.py
[2025-02-16T16:35:47.785+0700] {processor.py:914} INFO - Processing file /home/dataengineer/.pyenv/versions/3.9.21/lib/python3.9/site-packages/airflow/example_dags/example_nested_branch_dag.py for tasks to queue
[2025-02-16T16:35:47.787+0700] {logging_mixin.py:190} INFO - [2025-02-16T16:35:47.786+0700] {dagbag.py:588} INFO - Filling up the DagBag from /home/dataengineer/.pyenv/versions/3.9.21/lib/python3.9/site-packages/airflow/example_dags/example_nested_branch_dag.py
[2025-02-16T16:35:47.799+0700] {processor.py:925} INFO - DAG(s) 'example_nested_branch_dag' retrieved from /home/dataengineer/.pyenv/versions/3.9.21/lib/python3.9/site-packages/airflow/example_dags/example_nested_branch_dag.py
[2025-02-16T16:35:47.816+0700] {logging_mixin.py:190} INFO - [2025-02-16T16:35:47.815+0700] {dag.py:3239} INFO - Sync 1 DAGs
[2025-02-16T16:35:47.838+0700] {logging_mixin.py:190} INFO - [2025-02-16T16:35:47.837+0700] {dag.py:4180} INFO - Setting next_dagrun for example_nested_branch_dag to 2025-02-15 00:00:00+00:00, run_after=2025-02-16 00:00:00+00:00
[2025-02-16T16:35:47.857+0700] {processor.py:208} INFO - Processing /home/dataengineer/.pyenv/versions/3.9.21/lib/python3.9/site-packages/airflow/example_dags/example_nested_branch_dag.py took 0.079 seconds
[2025-02-16T16:37:10.973+0700] {processor.py:186} INFO - Started process (PID=36309) to work on /home/dataengineer/.pyenv/versions/3.9.21/lib/python3.9/site-packages/airflow/example_dags/example_nested_branch_dag.py
[2025-02-16T16:37:10.974+0700] {processor.py:914} INFO - Processing file /home/dataengineer/.pyenv/versions/3.9.21/lib/python3.9/site-packages/airflow/example_dags/example_nested_branch_dag.py for tasks to queue
[2025-02-16T16:37:10.975+0700] {logging_mixin.py:190} INFO - [2025-02-16T16:37:10.975+0700] {dagbag.py:588} INFO - Filling up the DagBag from /home/dataengineer/.pyenv/versions/3.9.21/lib/python3.9/site-packages/airflow/example_dags/example_nested_branch_dag.py
[2025-02-16T16:37:10.988+0700] {processor.py:925} INFO - DAG(s) 'example_nested_branch_dag' retrieved from /home/dataengineer/.pyenv/versions/3.9.21/lib/python3.9/site-packages/airflow/example_dags/example_nested_branch_dag.py
[2025-02-16T16:37:11.003+0700] {logging_mixin.py:190} INFO - [2025-02-16T16:37:11.003+0700] {dag.py:3239} INFO - Sync 1 DAGs
[2025-02-16T16:37:11.024+0700] {logging_mixin.py:190} INFO - [2025-02-16T16:37:11.024+0700] {dag.py:4180} INFO - Setting next_dagrun for example_nested_branch_dag to 2025-02-15 00:00:00+00:00, run_after=2025-02-16 00:00:00+00:00
[2025-02-16T16:37:11.044+0700] {processor.py:208} INFO - Processing /home/dataengineer/.pyenv/versions/3.9.21/lib/python3.9/site-packages/airflow/example_dags/example_nested_branch_dag.py took 0.078 seconds
[2025-02-16T16:38:26.967+0700] {processor.py:186} INFO - Started process (PID=36867) to work on /home/dataengineer/.pyenv/versions/3.9.21/lib/python3.9/site-packages/airflow/example_dags/example_nested_branch_dag.py
[2025-02-16T16:38:26.968+0700] {processor.py:914} INFO - Processing file /home/dataengineer/.pyenv/versions/3.9.21/lib/python3.9/site-packages/airflow/example_dags/example_nested_branch_dag.py for tasks to queue
[2025-02-16T16:38:26.970+0700] {logging_mixin.py:190} INFO - [2025-02-16T16:38:26.970+0700] {dagbag.py:588} INFO - Filling up the DagBag from /home/dataengineer/.pyenv/versions/3.9.21/lib/python3.9/site-packages/airflow/example_dags/example_nested_branch_dag.py
[2025-02-16T16:38:26.984+0700] {processor.py:925} INFO - DAG(s) 'example_nested_branch_dag' retrieved from /home/dataengineer/.pyenv/versions/3.9.21/lib/python3.9/site-packages/airflow/example_dags/example_nested_branch_dag.py
[2025-02-16T16:38:27.001+0700] {logging_mixin.py:190} INFO - [2025-02-16T16:38:27.001+0700] {dag.py:3239} INFO - Sync 1 DAGs
[2025-02-16T16:38:27.025+0700] {logging_mixin.py:190} INFO - [2025-02-16T16:38:27.025+0700] {dag.py:4180} INFO - Setting next_dagrun for example_nested_branch_dag to 2025-02-15 00:00:00+00:00, run_after=2025-02-16 00:00:00+00:00
[2025-02-16T16:38:27.049+0700] {processor.py:208} INFO - Processing /home/dataengineer/.pyenv/versions/3.9.21/lib/python3.9/site-packages/airflow/example_dags/example_nested_branch_dag.py took 0.088 seconds
[2025-02-16T16:39:41.393+0700] {processor.py:186} INFO - Started process (PID=37181) to work on /home/dataengineer/.pyenv/versions/3.9.21/lib/python3.9/site-packages/airflow/example_dags/example_nested_branch_dag.py
[2025-02-16T16:39:41.394+0700] {processor.py:914} INFO - Processing file /home/dataengineer/.pyenv/versions/3.9.21/lib/python3.9/site-packages/airflow/example_dags/example_nested_branch_dag.py for tasks to queue
[2025-02-16T16:39:41.395+0700] {logging_mixin.py:190} INFO - [2025-02-16T16:39:41.395+0700] {dagbag.py:588} INFO - Filling up the DagBag from /home/dataengineer/.pyenv/versions/3.9.21/lib/python3.9/site-packages/airflow/example_dags/example_nested_branch_dag.py
[2025-02-16T16:39:41.408+0700] {processor.py:925} INFO - DAG(s) 'example_nested_branch_dag' retrieved from /home/dataengineer/.pyenv/versions/3.9.21/lib/python3.9/site-packages/airflow/example_dags/example_nested_branch_dag.py
[2025-02-16T16:39:41.425+0700] {logging_mixin.py:190} INFO - [2025-02-16T16:39:41.425+0700] {dag.py:3239} INFO - Sync 1 DAGs
[2025-02-16T16:39:41.448+0700] {logging_mixin.py:190} INFO - [2025-02-16T16:39:41.448+0700] {dag.py:4180} INFO - Setting next_dagrun for example_nested_branch_dag to 2025-02-15 00:00:00+00:00, run_after=2025-02-16 00:00:00+00:00
[2025-02-16T16:39:41.469+0700] {processor.py:208} INFO - Processing /home/dataengineer/.pyenv/versions/3.9.21/lib/python3.9/site-packages/airflow/example_dags/example_nested_branch_dag.py took 0.083 seconds
[2025-02-16T16:40:55.021+0700] {processor.py:186} INFO - Started process (PID=37748) to work on /home/dataengineer/.pyenv/versions/3.9.21/lib/python3.9/site-packages/airflow/example_dags/example_nested_branch_dag.py
[2025-02-16T16:40:55.022+0700] {processor.py:914} INFO - Processing file /home/dataengineer/.pyenv/versions/3.9.21/lib/python3.9/site-packages/airflow/example_dags/example_nested_branch_dag.py for tasks to queue
[2025-02-16T16:40:55.024+0700] {logging_mixin.py:190} INFO - [2025-02-16T16:40:55.024+0700] {dagbag.py:588} INFO - Filling up the DagBag from /home/dataengineer/.pyenv/versions/3.9.21/lib/python3.9/site-packages/airflow/example_dags/example_nested_branch_dag.py
[2025-02-16T16:40:55.038+0700] {processor.py:925} INFO - DAG(s) 'example_nested_branch_dag' retrieved from /home/dataengineer/.pyenv/versions/3.9.21/lib/python3.9/site-packages/airflow/example_dags/example_nested_branch_dag.py
[2025-02-16T16:40:55.057+0700] {logging_mixin.py:190} INFO - [2025-02-16T16:40:55.056+0700] {dag.py:3239} INFO - Sync 1 DAGs
[2025-02-16T16:40:55.080+0700] {logging_mixin.py:190} INFO - [2025-02-16T16:40:55.080+0700] {dag.py:4180} INFO - Setting next_dagrun for example_nested_branch_dag to 2025-02-15 00:00:00+00:00, run_after=2025-02-16 00:00:00+00:00
[2025-02-16T16:40:55.101+0700] {processor.py:208} INFO - Processing /home/dataengineer/.pyenv/versions/3.9.21/lib/python3.9/site-packages/airflow/example_dags/example_nested_branch_dag.py took 0.086 seconds
[2025-02-16T16:42:08.738+0700] {processor.py:186} INFO - Started process (PID=38062) to work on /home/dataengineer/.pyenv/versions/3.9.21/lib/python3.9/site-packages/airflow/example_dags/example_nested_branch_dag.py
[2025-02-16T16:42:08.749+0700] {processor.py:914} INFO - Processing file /home/dataengineer/.pyenv/versions/3.9.21/lib/python3.9/site-packages/airflow/example_dags/example_nested_branch_dag.py for tasks to queue
[2025-02-16T16:42:08.750+0700] {logging_mixin.py:190} INFO - [2025-02-16T16:42:08.750+0700] {dagbag.py:588} INFO - Filling up the DagBag from /home/dataengineer/.pyenv/versions/3.9.21/lib/python3.9/site-packages/airflow/example_dags/example_nested_branch_dag.py
[2025-02-16T16:42:08.765+0700] {processor.py:925} INFO - DAG(s) 'example_nested_branch_dag' retrieved from /home/dataengineer/.pyenv/versions/3.9.21/lib/python3.9/site-packages/airflow/example_dags/example_nested_branch_dag.py
[2025-02-16T16:42:08.782+0700] {logging_mixin.py:190} INFO - [2025-02-16T16:42:08.782+0700] {dag.py:3239} INFO - Sync 1 DAGs
[2025-02-16T16:42:08.804+0700] {logging_mixin.py:190} INFO - [2025-02-16T16:42:08.804+0700] {dag.py:4180} INFO - Setting next_dagrun for example_nested_branch_dag to 2025-02-15 00:00:00+00:00, run_after=2025-02-16 00:00:00+00:00
[2025-02-16T16:42:08.828+0700] {processor.py:208} INFO - Processing /home/dataengineer/.pyenv/versions/3.9.21/lib/python3.9/site-packages/airflow/example_dags/example_nested_branch_dag.py took 0.097 seconds
[2025-02-16T16:43:21.430+0700] {processor.py:186} INFO - Started process (PID=38370) to work on /home/dataengineer/.pyenv/versions/3.9.21/lib/python3.9/site-packages/airflow/example_dags/example_nested_branch_dag.py
[2025-02-16T16:43:21.431+0700] {processor.py:914} INFO - Processing file /home/dataengineer/.pyenv/versions/3.9.21/lib/python3.9/site-packages/airflow/example_dags/example_nested_branch_dag.py for tasks to queue
[2025-02-16T16:43:21.433+0700] {logging_mixin.py:190} INFO - [2025-02-16T16:43:21.432+0700] {dagbag.py:588} INFO - Filling up the DagBag from /home/dataengineer/.pyenv/versions/3.9.21/lib/python3.9/site-packages/airflow/example_dags/example_nested_branch_dag.py
[2025-02-16T16:43:21.446+0700] {processor.py:925} INFO - DAG(s) 'example_nested_branch_dag' retrieved from /home/dataengineer/.pyenv/versions/3.9.21/lib/python3.9/site-packages/airflow/example_dags/example_nested_branch_dag.py
[2025-02-16T16:43:21.464+0700] {logging_mixin.py:190} INFO - [2025-02-16T16:43:21.464+0700] {dag.py:3239} INFO - Sync 1 DAGs
[2025-02-16T16:43:21.487+0700] {logging_mixin.py:190} INFO - [2025-02-16T16:43:21.486+0700] {dag.py:4180} INFO - Setting next_dagrun for example_nested_branch_dag to 2025-02-15 00:00:00+00:00, run_after=2025-02-16 00:00:00+00:00
[2025-02-16T16:43:21.508+0700] {processor.py:208} INFO - Processing /home/dataengineer/.pyenv/versions/3.9.21/lib/python3.9/site-packages/airflow/example_dags/example_nested_branch_dag.py took 0.085 seconds
[2025-02-16T16:44:30.864+0700] {processor.py:186} INFO - Started process (PID=38664) to work on /home/dataengineer/.pyenv/versions/3.9.21/lib/python3.9/site-packages/airflow/example_dags/example_nested_branch_dag.py
[2025-02-16T16:44:30.865+0700] {processor.py:914} INFO - Processing file /home/dataengineer/.pyenv/versions/3.9.21/lib/python3.9/site-packages/airflow/example_dags/example_nested_branch_dag.py for tasks to queue
[2025-02-16T16:44:30.866+0700] {logging_mixin.py:190} INFO - [2025-02-16T16:44:30.866+0700] {dagbag.py:588} INFO - Filling up the DagBag from /home/dataengineer/.pyenv/versions/3.9.21/lib/python3.9/site-packages/airflow/example_dags/example_nested_branch_dag.py
[2025-02-16T16:44:30.880+0700] {processor.py:925} INFO - DAG(s) 'example_nested_branch_dag' retrieved from /home/dataengineer/.pyenv/versions/3.9.21/lib/python3.9/site-packages/airflow/example_dags/example_nested_branch_dag.py
[2025-02-16T16:44:30.897+0700] {logging_mixin.py:190} INFO - [2025-02-16T16:44:30.897+0700] {dag.py:3239} INFO - Sync 1 DAGs
[2025-02-16T16:44:30.921+0700] {logging_mixin.py:190} INFO - [2025-02-16T16:44:30.920+0700] {dag.py:4180} INFO - Setting next_dagrun for example_nested_branch_dag to 2025-02-15 00:00:00+00:00, run_after=2025-02-16 00:00:00+00:00
[2025-02-16T16:44:30.942+0700] {processor.py:208} INFO - Processing /home/dataengineer/.pyenv/versions/3.9.21/lib/python3.9/site-packages/airflow/example_dags/example_nested_branch_dag.py took 0.084 seconds
[2025-02-16T16:45:39.767+0700] {processor.py:186} INFO - Started process (PID=38993) to work on /home/dataengineer/.pyenv/versions/3.9.21/lib/python3.9/site-packages/airflow/example_dags/example_nested_branch_dag.py
[2025-02-16T16:45:39.769+0700] {processor.py:914} INFO - Processing file /home/dataengineer/.pyenv/versions/3.9.21/lib/python3.9/site-packages/airflow/example_dags/example_nested_branch_dag.py for tasks to queue
[2025-02-16T16:45:39.770+0700] {logging_mixin.py:190} INFO - [2025-02-16T16:45:39.769+0700] {dagbag.py:588} INFO - Filling up the DagBag from /home/dataengineer/.pyenv/versions/3.9.21/lib/python3.9/site-packages/airflow/example_dags/example_nested_branch_dag.py
[2025-02-16T16:45:39.782+0700] {processor.py:925} INFO - DAG(s) 'example_nested_branch_dag' retrieved from /home/dataengineer/.pyenv/versions/3.9.21/lib/python3.9/site-packages/airflow/example_dags/example_nested_branch_dag.py
[2025-02-16T16:45:39.798+0700] {logging_mixin.py:190} INFO - [2025-02-16T16:45:39.798+0700] {dag.py:3239} INFO - Sync 1 DAGs
[2025-02-16T16:45:39.818+0700] {logging_mixin.py:190} INFO - [2025-02-16T16:45:39.818+0700] {dag.py:4180} INFO - Setting next_dagrun for example_nested_branch_dag to 2025-02-15 00:00:00+00:00, run_after=2025-02-16 00:00:00+00:00
[2025-02-16T16:45:39.839+0700] {processor.py:208} INFO - Processing /home/dataengineer/.pyenv/versions/3.9.21/lib/python3.9/site-packages/airflow/example_dags/example_nested_branch_dag.py took 0.077 seconds
[2025-02-16T16:46:50.169+0700] {processor.py:186} INFO - Started process (PID=39289) to work on /home/dataengineer/.pyenv/versions/3.9.21/lib/python3.9/site-packages/airflow/example_dags/example_nested_branch_dag.py
[2025-02-16T16:46:50.171+0700] {processor.py:914} INFO - Processing file /home/dataengineer/.pyenv/versions/3.9.21/lib/python3.9/site-packages/airflow/example_dags/example_nested_branch_dag.py for tasks to queue
[2025-02-16T16:46:50.172+0700] {logging_mixin.py:190} INFO - [2025-02-16T16:46:50.172+0700] {dagbag.py:588} INFO - Filling up the DagBag from /home/dataengineer/.pyenv/versions/3.9.21/lib/python3.9/site-packages/airflow/example_dags/example_nested_branch_dag.py
[2025-02-16T16:46:50.186+0700] {processor.py:925} INFO - DAG(s) 'example_nested_branch_dag' retrieved from /home/dataengineer/.pyenv/versions/3.9.21/lib/python3.9/site-packages/airflow/example_dags/example_nested_branch_dag.py
[2025-02-16T16:46:50.208+0700] {logging_mixin.py:190} INFO - [2025-02-16T16:46:50.207+0700] {dag.py:3239} INFO - Sync 1 DAGs
[2025-02-16T16:46:50.233+0700] {logging_mixin.py:190} INFO - [2025-02-16T16:46:50.232+0700] {dag.py:4180} INFO - Setting next_dagrun for example_nested_branch_dag to 2025-02-15 00:00:00+00:00, run_after=2025-02-16 00:00:00+00:00
[2025-02-16T16:46:50.255+0700] {processor.py:208} INFO - Processing /home/dataengineer/.pyenv/versions/3.9.21/lib/python3.9/site-packages/airflow/example_dags/example_nested_branch_dag.py took 0.092 seconds
[2025-02-16T16:48:00.082+0700] {processor.py:186} INFO - Started process (PID=39610) to work on /home/dataengineer/.pyenv/versions/3.9.21/lib/python3.9/site-packages/airflow/example_dags/example_nested_branch_dag.py
[2025-02-16T16:48:00.083+0700] {processor.py:914} INFO - Processing file /home/dataengineer/.pyenv/versions/3.9.21/lib/python3.9/site-packages/airflow/example_dags/example_nested_branch_dag.py for tasks to queue
[2025-02-16T16:48:00.084+0700] {logging_mixin.py:190} INFO - [2025-02-16T16:48:00.084+0700] {dagbag.py:588} INFO - Filling up the DagBag from /home/dataengineer/.pyenv/versions/3.9.21/lib/python3.9/site-packages/airflow/example_dags/example_nested_branch_dag.py
[2025-02-16T16:48:00.096+0700] {processor.py:925} INFO - DAG(s) 'example_nested_branch_dag' retrieved from /home/dataengineer/.pyenv/versions/3.9.21/lib/python3.9/site-packages/airflow/example_dags/example_nested_branch_dag.py
[2025-02-16T16:48:00.111+0700] {logging_mixin.py:190} INFO - [2025-02-16T16:48:00.110+0700] {dag.py:3239} INFO - Sync 1 DAGs
[2025-02-16T16:48:00.130+0700] {logging_mixin.py:190} INFO - [2025-02-16T16:48:00.130+0700] {dag.py:4180} INFO - Setting next_dagrun for example_nested_branch_dag to 2025-02-15 00:00:00+00:00, run_after=2025-02-16 00:00:00+00:00
[2025-02-16T16:48:00.149+0700] {processor.py:208} INFO - Processing /home/dataengineer/.pyenv/versions/3.9.21/lib/python3.9/site-packages/airflow/example_dags/example_nested_branch_dag.py took 0.073 seconds
[2025-02-16T16:49:12.476+0700] {processor.py:186} INFO - Started process (PID=40002) to work on /home/dataengineer/.pyenv/versions/3.9.21/lib/python3.9/site-packages/airflow/example_dags/example_nested_branch_dag.py
[2025-02-16T16:49:12.477+0700] {processor.py:914} INFO - Processing file /home/dataengineer/.pyenv/versions/3.9.21/lib/python3.9/site-packages/airflow/example_dags/example_nested_branch_dag.py for tasks to queue
[2025-02-16T16:49:12.479+0700] {logging_mixin.py:190} INFO - [2025-02-16T16:49:12.478+0700] {dagbag.py:588} INFO - Filling up the DagBag from /home/dataengineer/.pyenv/versions/3.9.21/lib/python3.9/site-packages/airflow/example_dags/example_nested_branch_dag.py
[2025-02-16T16:49:12.492+0700] {processor.py:925} INFO - DAG(s) 'example_nested_branch_dag' retrieved from /home/dataengineer/.pyenv/versions/3.9.21/lib/python3.9/site-packages/airflow/example_dags/example_nested_branch_dag.py
[2025-02-16T16:49:12.509+0700] {logging_mixin.py:190} INFO - [2025-02-16T16:49:12.508+0700] {dag.py:3239} INFO - Sync 1 DAGs
[2025-02-16T16:49:12.530+0700] {logging_mixin.py:190} INFO - [2025-02-16T16:49:12.529+0700] {dag.py:4180} INFO - Setting next_dagrun for example_nested_branch_dag to 2025-02-15 00:00:00+00:00, run_after=2025-02-16 00:00:00+00:00
[2025-02-16T16:49:12.551+0700] {processor.py:208} INFO - Processing /home/dataengineer/.pyenv/versions/3.9.21/lib/python3.9/site-packages/airflow/example_dags/example_nested_branch_dag.py took 0.081 seconds
[2025-02-16T16:50:06.008+0700] {processor.py:186} INFO - Started process (PID=40227) to work on /home/dataengineer/.pyenv/versions/3.9.21/lib/python3.9/site-packages/airflow/example_dags/example_nested_branch_dag.py
[2025-02-16T16:50:06.009+0700] {processor.py:914} INFO - Processing file /home/dataengineer/.pyenv/versions/3.9.21/lib/python3.9/site-packages/airflow/example_dags/example_nested_branch_dag.py for tasks to queue
[2025-02-16T16:50:06.011+0700] {logging_mixin.py:190} INFO - [2025-02-16T16:50:06.010+0700] {dagbag.py:588} INFO - Filling up the DagBag from /home/dataengineer/.pyenv/versions/3.9.21/lib/python3.9/site-packages/airflow/example_dags/example_nested_branch_dag.py
[2025-02-16T16:50:06.023+0700] {processor.py:925} INFO - DAG(s) 'example_nested_branch_dag' retrieved from /home/dataengineer/.pyenv/versions/3.9.21/lib/python3.9/site-packages/airflow/example_dags/example_nested_branch_dag.py
[2025-02-16T16:50:06.041+0700] {logging_mixin.py:190} INFO - [2025-02-16T16:50:06.041+0700] {dag.py:3239} INFO - Sync 1 DAGs
[2025-02-16T16:50:06.063+0700] {logging_mixin.py:190} INFO - [2025-02-16T16:50:06.062+0700] {dag.py:4180} INFO - Setting next_dagrun for example_nested_branch_dag to 2025-02-15 00:00:00+00:00, run_after=2025-02-16 00:00:00+00:00
[2025-02-16T16:50:06.084+0700] {processor.py:208} INFO - Processing /home/dataengineer/.pyenv/versions/3.9.21/lib/python3.9/site-packages/airflow/example_dags/example_nested_branch_dag.py took 0.083 seconds
[2025-02-16T16:51:19.965+0700] {processor.py:186} INFO - Started process (PID=40572) to work on /home/dataengineer/.pyenv/versions/3.9.21/lib/python3.9/site-packages/airflow/example_dags/example_nested_branch_dag.py
[2025-02-16T16:51:19.967+0700] {processor.py:914} INFO - Processing file /home/dataengineer/.pyenv/versions/3.9.21/lib/python3.9/site-packages/airflow/example_dags/example_nested_branch_dag.py for tasks to queue
[2025-02-16T16:51:19.968+0700] {logging_mixin.py:190} INFO - [2025-02-16T16:51:19.968+0700] {dagbag.py:588} INFO - Filling up the DagBag from /home/dataengineer/.pyenv/versions/3.9.21/lib/python3.9/site-packages/airflow/example_dags/example_nested_branch_dag.py
[2025-02-16T16:51:19.981+0700] {processor.py:925} INFO - DAG(s) 'example_nested_branch_dag' retrieved from /home/dataengineer/.pyenv/versions/3.9.21/lib/python3.9/site-packages/airflow/example_dags/example_nested_branch_dag.py
[2025-02-16T16:51:19.998+0700] {logging_mixin.py:190} INFO - [2025-02-16T16:51:19.998+0700] {dag.py:3239} INFO - Sync 1 DAGs
[2025-02-16T16:51:20.021+0700] {logging_mixin.py:190} INFO - [2025-02-16T16:51:20.021+0700] {dag.py:4180} INFO - Setting next_dagrun for example_nested_branch_dag to 2025-02-15 00:00:00+00:00, run_after=2025-02-16 00:00:00+00:00
[2025-02-16T16:51:20.044+0700] {processor.py:208} INFO - Processing /home/dataengineer/.pyenv/versions/3.9.21/lib/python3.9/site-packages/airflow/example_dags/example_nested_branch_dag.py took 0.084 seconds
[2025-02-16T16:52:28.551+0700] {processor.py:186} INFO - Started process (PID=40854) to work on /home/dataengineer/.pyenv/versions/3.9.21/lib/python3.9/site-packages/airflow/example_dags/example_nested_branch_dag.py
[2025-02-16T16:52:28.553+0700] {processor.py:914} INFO - Processing file /home/dataengineer/.pyenv/versions/3.9.21/lib/python3.9/site-packages/airflow/example_dags/example_nested_branch_dag.py for tasks to queue
[2025-02-16T16:52:28.554+0700] {logging_mixin.py:190} INFO - [2025-02-16T16:52:28.553+0700] {dagbag.py:588} INFO - Filling up the DagBag from /home/dataengineer/.pyenv/versions/3.9.21/lib/python3.9/site-packages/airflow/example_dags/example_nested_branch_dag.py
[2025-02-16T16:52:28.566+0700] {processor.py:925} INFO - DAG(s) 'example_nested_branch_dag' retrieved from /home/dataengineer/.pyenv/versions/3.9.21/lib/python3.9/site-packages/airflow/example_dags/example_nested_branch_dag.py
[2025-02-16T16:52:28.582+0700] {logging_mixin.py:190} INFO - [2025-02-16T16:52:28.582+0700] {dag.py:3239} INFO - Sync 1 DAGs
[2025-02-16T16:52:28.603+0700] {logging_mixin.py:190} INFO - [2025-02-16T16:52:28.603+0700] {dag.py:4180} INFO - Setting next_dagrun for example_nested_branch_dag to 2025-02-15 00:00:00+00:00, run_after=2025-02-16 00:00:00+00:00
[2025-02-16T16:52:28.623+0700] {processor.py:208} INFO - Processing /home/dataengineer/.pyenv/versions/3.9.21/lib/python3.9/site-packages/airflow/example_dags/example_nested_branch_dag.py took 0.078 seconds
[2025-02-16T16:53:46.162+0700] {processor.py:186} INFO - Started process (PID=41207) to work on /home/dataengineer/.pyenv/versions/3.9.21/lib/python3.9/site-packages/airflow/example_dags/example_nested_branch_dag.py
[2025-02-16T16:53:46.163+0700] {processor.py:914} INFO - Processing file /home/dataengineer/.pyenv/versions/3.9.21/lib/python3.9/site-packages/airflow/example_dags/example_nested_branch_dag.py for tasks to queue
[2025-02-16T16:53:46.165+0700] {logging_mixin.py:190} INFO - [2025-02-16T16:53:46.164+0700] {dagbag.py:588} INFO - Filling up the DagBag from /home/dataengineer/.pyenv/versions/3.9.21/lib/python3.9/site-packages/airflow/example_dags/example_nested_branch_dag.py
[2025-02-16T16:53:46.177+0700] {processor.py:925} INFO - DAG(s) 'example_nested_branch_dag' retrieved from /home/dataengineer/.pyenv/versions/3.9.21/lib/python3.9/site-packages/airflow/example_dags/example_nested_branch_dag.py
[2025-02-16T16:53:46.194+0700] {logging_mixin.py:190} INFO - [2025-02-16T16:53:46.194+0700] {dag.py:3239} INFO - Sync 1 DAGs
[2025-02-16T16:53:46.220+0700] {logging_mixin.py:190} INFO - [2025-02-16T16:53:46.220+0700] {dag.py:4180} INFO - Setting next_dagrun for example_nested_branch_dag to 2025-02-15 00:00:00+00:00, run_after=2025-02-16 00:00:00+00:00
[2025-02-16T16:53:46.243+0700] {processor.py:208} INFO - Processing /home/dataengineer/.pyenv/versions/3.9.21/lib/python3.9/site-packages/airflow/example_dags/example_nested_branch_dag.py took 0.087 seconds
[2025-02-16T16:54:57.661+0700] {processor.py:186} INFO - Started process (PID=41541) to work on /home/dataengineer/.pyenv/versions/3.9.21/lib/python3.9/site-packages/airflow/example_dags/example_nested_branch_dag.py
[2025-02-16T16:54:57.663+0700] {processor.py:914} INFO - Processing file /home/dataengineer/.pyenv/versions/3.9.21/lib/python3.9/site-packages/airflow/example_dags/example_nested_branch_dag.py for tasks to queue
[2025-02-16T16:54:57.664+0700] {logging_mixin.py:190} INFO - [2025-02-16T16:54:57.663+0700] {dagbag.py:588} INFO - Filling up the DagBag from /home/dataengineer/.pyenv/versions/3.9.21/lib/python3.9/site-packages/airflow/example_dags/example_nested_branch_dag.py
[2025-02-16T16:54:57.676+0700] {processor.py:925} INFO - DAG(s) 'example_nested_branch_dag' retrieved from /home/dataengineer/.pyenv/versions/3.9.21/lib/python3.9/site-packages/airflow/example_dags/example_nested_branch_dag.py
[2025-02-16T16:54:57.693+0700] {logging_mixin.py:190} INFO - [2025-02-16T16:54:57.692+0700] {dag.py:3239} INFO - Sync 1 DAGs
[2025-02-16T16:54:57.712+0700] {logging_mixin.py:190} INFO - [2025-02-16T16:54:57.711+0700] {dag.py:4180} INFO - Setting next_dagrun for example_nested_branch_dag to 2025-02-15 00:00:00+00:00, run_after=2025-02-16 00:00:00+00:00
[2025-02-16T16:54:57.733+0700] {processor.py:208} INFO - Processing /home/dataengineer/.pyenv/versions/3.9.21/lib/python3.9/site-packages/airflow/example_dags/example_nested_branch_dag.py took 0.076 seconds
[2025-02-16T16:56:13.159+0700] {processor.py:186} INFO - Started process (PID=41858) to work on /home/dataengineer/.pyenv/versions/3.9.21/lib/python3.9/site-packages/airflow/example_dags/example_nested_branch_dag.py
[2025-02-16T16:56:13.161+0700] {processor.py:914} INFO - Processing file /home/dataengineer/.pyenv/versions/3.9.21/lib/python3.9/site-packages/airflow/example_dags/example_nested_branch_dag.py for tasks to queue
[2025-02-16T16:56:13.162+0700] {logging_mixin.py:190} INFO - [2025-02-16T16:56:13.162+0700] {dagbag.py:588} INFO - Filling up the DagBag from /home/dataengineer/.pyenv/versions/3.9.21/lib/python3.9/site-packages/airflow/example_dags/example_nested_branch_dag.py
[2025-02-16T16:56:13.176+0700] {processor.py:925} INFO - DAG(s) 'example_nested_branch_dag' retrieved from /home/dataengineer/.pyenv/versions/3.9.21/lib/python3.9/site-packages/airflow/example_dags/example_nested_branch_dag.py
[2025-02-16T16:56:13.193+0700] {logging_mixin.py:190} INFO - [2025-02-16T16:56:13.192+0700] {dag.py:3239} INFO - Sync 1 DAGs
[2025-02-16T16:56:13.215+0700] {logging_mixin.py:190} INFO - [2025-02-16T16:56:13.215+0700] {dag.py:4180} INFO - Setting next_dagrun for example_nested_branch_dag to 2025-02-15 00:00:00+00:00, run_after=2025-02-16 00:00:00+00:00
[2025-02-16T16:56:13.237+0700] {processor.py:208} INFO - Processing /home/dataengineer/.pyenv/versions/3.9.21/lib/python3.9/site-packages/airflow/example_dags/example_nested_branch_dag.py took 0.084 seconds
[2025-02-16T16:57:20.656+0700] {processor.py:186} INFO - Started process (PID=42506) to work on /home/dataengineer/.pyenv/versions/3.9.21/lib/python3.9/site-packages/airflow/example_dags/example_nested_branch_dag.py
[2025-02-16T16:57:20.657+0700] {processor.py:914} INFO - Processing file /home/dataengineer/.pyenv/versions/3.9.21/lib/python3.9/site-packages/airflow/example_dags/example_nested_branch_dag.py for tasks to queue
[2025-02-16T16:57:20.659+0700] {logging_mixin.py:190} INFO - [2025-02-16T16:57:20.658+0700] {dagbag.py:588} INFO - Filling up the DagBag from /home/dataengineer/.pyenv/versions/3.9.21/lib/python3.9/site-packages/airflow/example_dags/example_nested_branch_dag.py
[2025-02-16T16:57:20.672+0700] {processor.py:925} INFO - DAG(s) 'example_nested_branch_dag' retrieved from /home/dataengineer/.pyenv/versions/3.9.21/lib/python3.9/site-packages/airflow/example_dags/example_nested_branch_dag.py
[2025-02-16T16:57:20.694+0700] {logging_mixin.py:190} INFO - [2025-02-16T16:57:20.694+0700] {dag.py:3239} INFO - Sync 1 DAGs
[2025-02-16T16:57:20.720+0700] {logging_mixin.py:190} INFO - [2025-02-16T16:57:20.720+0700] {dag.py:4180} INFO - Setting next_dagrun for example_nested_branch_dag to 2025-02-15 00:00:00+00:00, run_after=2025-02-16 00:00:00+00:00
[2025-02-16T16:57:20.744+0700] {processor.py:208} INFO - Processing /home/dataengineer/.pyenv/versions/3.9.21/lib/python3.9/site-packages/airflow/example_dags/example_nested_branch_dag.py took 0.095 seconds
[2025-02-16T16:58:36.507+0700] {processor.py:186} INFO - Started process (PID=43128) to work on /home/dataengineer/.pyenv/versions/3.9.21/lib/python3.9/site-packages/airflow/example_dags/example_nested_branch_dag.py
[2025-02-16T16:58:36.508+0700] {processor.py:914} INFO - Processing file /home/dataengineer/.pyenv/versions/3.9.21/lib/python3.9/site-packages/airflow/example_dags/example_nested_branch_dag.py for tasks to queue
[2025-02-16T16:58:36.510+0700] {logging_mixin.py:190} INFO - [2025-02-16T16:58:36.509+0700] {dagbag.py:588} INFO - Filling up the DagBag from /home/dataengineer/.pyenv/versions/3.9.21/lib/python3.9/site-packages/airflow/example_dags/example_nested_branch_dag.py
[2025-02-16T16:58:36.522+0700] {processor.py:925} INFO - DAG(s) 'example_nested_branch_dag' retrieved from /home/dataengineer/.pyenv/versions/3.9.21/lib/python3.9/site-packages/airflow/example_dags/example_nested_branch_dag.py
[2025-02-16T16:58:36.540+0700] {logging_mixin.py:190} INFO - [2025-02-16T16:58:36.539+0700] {dag.py:3239} INFO - Sync 1 DAGs
[2025-02-16T16:58:36.564+0700] {logging_mixin.py:190} INFO - [2025-02-16T16:58:36.563+0700] {dag.py:4180} INFO - Setting next_dagrun for example_nested_branch_dag to 2025-02-15 00:00:00+00:00, run_after=2025-02-16 00:00:00+00:00
[2025-02-16T16:58:36.588+0700] {processor.py:208} INFO - Processing /home/dataengineer/.pyenv/versions/3.9.21/lib/python3.9/site-packages/airflow/example_dags/example_nested_branch_dag.py took 0.087 seconds
[2025-02-16T16:59:52.118+0700] {processor.py:186} INFO - Started process (PID=43449) to work on /home/dataengineer/.pyenv/versions/3.9.21/lib/python3.9/site-packages/airflow/example_dags/example_nested_branch_dag.py
[2025-02-16T16:59:52.119+0700] {processor.py:914} INFO - Processing file /home/dataengineer/.pyenv/versions/3.9.21/lib/python3.9/site-packages/airflow/example_dags/example_nested_branch_dag.py for tasks to queue
[2025-02-16T16:59:52.121+0700] {logging_mixin.py:190} INFO - [2025-02-16T16:59:52.121+0700] {dagbag.py:588} INFO - Filling up the DagBag from /home/dataengineer/.pyenv/versions/3.9.21/lib/python3.9/site-packages/airflow/example_dags/example_nested_branch_dag.py
[2025-02-16T16:59:52.134+0700] {processor.py:925} INFO - DAG(s) 'example_nested_branch_dag' retrieved from /home/dataengineer/.pyenv/versions/3.9.21/lib/python3.9/site-packages/airflow/example_dags/example_nested_branch_dag.py
[2025-02-16T16:59:52.152+0700] {logging_mixin.py:190} INFO - [2025-02-16T16:59:52.152+0700] {dag.py:3239} INFO - Sync 1 DAGs
[2025-02-16T16:59:52.175+0700] {logging_mixin.py:190} INFO - [2025-02-16T16:59:52.175+0700] {dag.py:4180} INFO - Setting next_dagrun for example_nested_branch_dag to 2025-02-15 00:00:00+00:00, run_after=2025-02-16 00:00:00+00:00
[2025-02-16T16:59:52.197+0700] {processor.py:208} INFO - Processing /home/dataengineer/.pyenv/versions/3.9.21/lib/python3.9/site-packages/airflow/example_dags/example_nested_branch_dag.py took 0.086 seconds
