[2025-02-16T15:58:03.309+0700] {processor.py:186} INFO - Started process (PID=25561) to work on /home/dataengineer/.pyenv/versions/3.9.21/lib/python3.9/site-packages/airflow/example_dags/example_bash_operator.py
[2025-02-16T15:58:03.310+0700] {processor.py:914} INFO - Processing file /home/dataengineer/.pyenv/versions/3.9.21/lib/python3.9/site-packages/airflow/example_dags/example_bash_operator.py for tasks to queue
[2025-02-16T15:58:03.312+0700] {logging_mixin.py:190} INFO - [2025-02-16T15:58:03.311+0700] {dagbag.py:588} INFO - Filling up the DagBag from /home/dataengineer/.pyenv/versions/3.9.21/lib/python3.9/site-packages/airflow/example_dags/example_bash_operator.py
[2025-02-16T15:58:03.325+0700] {processor.py:925} INFO - DAG(s) 'example_bash_operator' retrieved from /home/dataengineer/.pyenv/versions/3.9.21/lib/python3.9/site-packages/airflow/example_dags/example_bash_operator.py
[2025-02-16T15:58:03.348+0700] {logging_mixin.py:190} INFO - [2025-02-16T15:58:03.348+0700] {dag.py:3239} INFO - Sync 1 DAGs
[2025-02-16T15:58:03.368+0700] {logging_mixin.py:190} INFO - [2025-02-16T15:58:03.368+0700] {dag.py:4180} INFO - Setting next_dagrun for example_bash_operator to 2025-02-15 00:00:00+00:00, run_after=2025-02-16 00:00:00+00:00
[2025-02-16T15:58:03.386+0700] {processor.py:208} INFO - Processing /home/dataengineer/.pyenv/versions/3.9.21/lib/python3.9/site-packages/airflow/example_dags/example_bash_operator.py took 0.083 seconds
[2025-02-16T15:59:00.790+0700] {processor.py:186} INFO - Started process (PID=25792) to work on /home/dataengineer/.pyenv/versions/3.9.21/lib/python3.9/site-packages/airflow/example_dags/example_bash_operator.py
[2025-02-16T15:59:00.791+0700] {processor.py:914} INFO - Processing file /home/dataengineer/.pyenv/versions/3.9.21/lib/python3.9/site-packages/airflow/example_dags/example_bash_operator.py for tasks to queue
[2025-02-16T15:59:00.792+0700] {logging_mixin.py:190} INFO - [2025-02-16T15:59:00.792+0700] {dagbag.py:588} INFO - Filling up the DagBag from /home/dataengineer/.pyenv/versions/3.9.21/lib/python3.9/site-packages/airflow/example_dags/example_bash_operator.py
[2025-02-16T15:59:00.807+0700] {processor.py:925} INFO - DAG(s) 'example_bash_operator' retrieved from /home/dataengineer/.pyenv/versions/3.9.21/lib/python3.9/site-packages/airflow/example_dags/example_bash_operator.py
[2025-02-16T15:59:00.831+0700] {logging_mixin.py:190} INFO - [2025-02-16T15:59:00.830+0700] {dag.py:3239} INFO - Sync 1 DAGs
[2025-02-16T15:59:00.852+0700] {logging_mixin.py:190} INFO - [2025-02-16T15:59:00.852+0700] {dag.py:4180} INFO - Setting next_dagrun for example_bash_operator to 2025-02-15 00:00:00+00:00, run_after=2025-02-16 00:00:00+00:00
[2025-02-16T15:59:00.874+0700] {processor.py:208} INFO - Processing /home/dataengineer/.pyenv/versions/3.9.21/lib/python3.9/site-packages/airflow/example_dags/example_bash_operator.py took 0.091 seconds
[2025-02-16T16:00:13.527+0700] {processor.py:186} INFO - Started process (PID=26188) to work on /home/dataengineer/.pyenv/versions/3.9.21/lib/python3.9/site-packages/airflow/example_dags/example_bash_operator.py
[2025-02-16T16:00:13.528+0700] {processor.py:914} INFO - Processing file /home/dataengineer/.pyenv/versions/3.9.21/lib/python3.9/site-packages/airflow/example_dags/example_bash_operator.py for tasks to queue
[2025-02-16T16:00:13.529+0700] {logging_mixin.py:190} INFO - [2025-02-16T16:00:13.529+0700] {dagbag.py:588} INFO - Filling up the DagBag from /home/dataengineer/.pyenv/versions/3.9.21/lib/python3.9/site-packages/airflow/example_dags/example_bash_operator.py
[2025-02-16T16:00:13.543+0700] {processor.py:925} INFO - DAG(s) 'example_bash_operator' retrieved from /home/dataengineer/.pyenv/versions/3.9.21/lib/python3.9/site-packages/airflow/example_dags/example_bash_operator.py
[2025-02-16T16:00:13.566+0700] {logging_mixin.py:190} INFO - [2025-02-16T16:00:13.566+0700] {dag.py:3239} INFO - Sync 1 DAGs
[2025-02-16T16:00:13.588+0700] {logging_mixin.py:190} INFO - [2025-02-16T16:00:13.587+0700] {dag.py:4180} INFO - Setting next_dagrun for example_bash_operator to 2025-02-15 00:00:00+00:00, run_after=2025-02-16 00:00:00+00:00
[2025-02-16T16:00:13.607+0700] {processor.py:208} INFO - Processing /home/dataengineer/.pyenv/versions/3.9.21/lib/python3.9/site-packages/airflow/example_dags/example_bash_operator.py took 0.086 seconds
[2025-02-16T16:01:30.067+0700] {processor.py:186} INFO - Started process (PID=26701) to work on /home/dataengineer/.pyenv/versions/3.9.21/lib/python3.9/site-packages/airflow/example_dags/example_bash_operator.py
[2025-02-16T16:01:30.068+0700] {processor.py:914} INFO - Processing file /home/dataengineer/.pyenv/versions/3.9.21/lib/python3.9/site-packages/airflow/example_dags/example_bash_operator.py for tasks to queue
[2025-02-16T16:01:30.069+0700] {logging_mixin.py:190} INFO - [2025-02-16T16:01:30.069+0700] {dagbag.py:588} INFO - Filling up the DagBag from /home/dataengineer/.pyenv/versions/3.9.21/lib/python3.9/site-packages/airflow/example_dags/example_bash_operator.py
[2025-02-16T16:01:30.082+0700] {processor.py:925} INFO - DAG(s) 'example_bash_operator' retrieved from /home/dataengineer/.pyenv/versions/3.9.21/lib/python3.9/site-packages/airflow/example_dags/example_bash_operator.py
[2025-02-16T16:01:30.104+0700] {logging_mixin.py:190} INFO - [2025-02-16T16:01:30.104+0700] {dag.py:3239} INFO - Sync 1 DAGs
[2025-02-16T16:01:30.124+0700] {logging_mixin.py:190} INFO - [2025-02-16T16:01:30.124+0700] {dag.py:4180} INFO - Setting next_dagrun for example_bash_operator to 2025-02-15 00:00:00+00:00, run_after=2025-02-16 00:00:00+00:00
[2025-02-16T16:01:30.145+0700] {processor.py:208} INFO - Processing /home/dataengineer/.pyenv/versions/3.9.21/lib/python3.9/site-packages/airflow/example_dags/example_bash_operator.py took 0.084 seconds
[2025-02-16T16:02:37.192+0700] {processor.py:186} INFO - Started process (PID=27128) to work on /home/dataengineer/.pyenv/versions/3.9.21/lib/python3.9/site-packages/airflow/example_dags/example_bash_operator.py
[2025-02-16T16:02:37.193+0700] {processor.py:914} INFO - Processing file /home/dataengineer/.pyenv/versions/3.9.21/lib/python3.9/site-packages/airflow/example_dags/example_bash_operator.py for tasks to queue
[2025-02-16T16:02:37.194+0700] {logging_mixin.py:190} INFO - [2025-02-16T16:02:37.194+0700] {dagbag.py:588} INFO - Filling up the DagBag from /home/dataengineer/.pyenv/versions/3.9.21/lib/python3.9/site-packages/airflow/example_dags/example_bash_operator.py
[2025-02-16T16:02:37.208+0700] {processor.py:925} INFO - DAG(s) 'example_bash_operator' retrieved from /home/dataengineer/.pyenv/versions/3.9.21/lib/python3.9/site-packages/airflow/example_dags/example_bash_operator.py
[2025-02-16T16:02:37.231+0700] {logging_mixin.py:190} INFO - [2025-02-16T16:02:37.231+0700] {dag.py:3239} INFO - Sync 1 DAGs
[2025-02-16T16:02:37.251+0700] {logging_mixin.py:190} INFO - [2025-02-16T16:02:37.250+0700] {dag.py:4180} INFO - Setting next_dagrun for example_bash_operator to 2025-02-15 00:00:00+00:00, run_after=2025-02-16 00:00:00+00:00
[2025-02-16T16:02:37.270+0700] {processor.py:208} INFO - Processing /home/dataengineer/.pyenv/versions/3.9.21/lib/python3.9/site-packages/airflow/example_dags/example_bash_operator.py took 0.084 seconds
[2025-02-16T16:03:44.531+0700] {processor.py:186} INFO - Started process (PID=27417) to work on /home/dataengineer/.pyenv/versions/3.9.21/lib/python3.9/site-packages/airflow/example_dags/example_bash_operator.py
[2025-02-16T16:03:44.532+0700] {processor.py:914} INFO - Processing file /home/dataengineer/.pyenv/versions/3.9.21/lib/python3.9/site-packages/airflow/example_dags/example_bash_operator.py for tasks to queue
[2025-02-16T16:03:44.533+0700] {logging_mixin.py:190} INFO - [2025-02-16T16:03:44.533+0700] {dagbag.py:588} INFO - Filling up the DagBag from /home/dataengineer/.pyenv/versions/3.9.21/lib/python3.9/site-packages/airflow/example_dags/example_bash_operator.py
[2025-02-16T16:03:44.547+0700] {processor.py:925} INFO - DAG(s) 'example_bash_operator' retrieved from /home/dataengineer/.pyenv/versions/3.9.21/lib/python3.9/site-packages/airflow/example_dags/example_bash_operator.py
[2025-02-16T16:03:44.570+0700] {logging_mixin.py:190} INFO - [2025-02-16T16:03:44.570+0700] {dag.py:3239} INFO - Sync 1 DAGs
[2025-02-16T16:03:44.591+0700] {logging_mixin.py:190} INFO - [2025-02-16T16:03:44.591+0700] {dag.py:4180} INFO - Setting next_dagrun for example_bash_operator to 2025-02-15 00:00:00+00:00, run_after=2025-02-16 00:00:00+00:00
[2025-02-16T16:03:44.610+0700] {processor.py:208} INFO - Processing /home/dataengineer/.pyenv/versions/3.9.21/lib/python3.9/site-packages/airflow/example_dags/example_bash_operator.py took 0.086 seconds
[2025-02-16T16:04:59.502+0700] {processor.py:186} INFO - Started process (PID=27730) to work on /home/dataengineer/.pyenv/versions/3.9.21/lib/python3.9/site-packages/airflow/example_dags/example_bash_operator.py
[2025-02-16T16:04:59.504+0700] {processor.py:914} INFO - Processing file /home/dataengineer/.pyenv/versions/3.9.21/lib/python3.9/site-packages/airflow/example_dags/example_bash_operator.py for tasks to queue
[2025-02-16T16:04:59.505+0700] {logging_mixin.py:190} INFO - [2025-02-16T16:04:59.505+0700] {dagbag.py:588} INFO - Filling up the DagBag from /home/dataengineer/.pyenv/versions/3.9.21/lib/python3.9/site-packages/airflow/example_dags/example_bash_operator.py
[2025-02-16T16:04:59.519+0700] {processor.py:925} INFO - DAG(s) 'example_bash_operator' retrieved from /home/dataengineer/.pyenv/versions/3.9.21/lib/python3.9/site-packages/airflow/example_dags/example_bash_operator.py
[2025-02-16T16:04:59.541+0700] {logging_mixin.py:190} INFO - [2025-02-16T16:04:59.541+0700] {dag.py:3239} INFO - Sync 1 DAGs
[2025-02-16T16:04:59.561+0700] {logging_mixin.py:190} INFO - [2025-02-16T16:04:59.561+0700] {dag.py:4180} INFO - Setting next_dagrun for example_bash_operator to 2025-02-15 00:00:00+00:00, run_after=2025-02-16 00:00:00+00:00
[2025-02-16T16:04:59.582+0700] {processor.py:208} INFO - Processing /home/dataengineer/.pyenv/versions/3.9.21/lib/python3.9/site-packages/airflow/example_dags/example_bash_operator.py took 0.086 seconds
[2025-02-16T16:06:17.893+0700] {processor.py:186} INFO - Started process (PID=28051) to work on /home/dataengineer/.pyenv/versions/3.9.21/lib/python3.9/site-packages/airflow/example_dags/example_bash_operator.py
[2025-02-16T16:06:17.894+0700] {processor.py:914} INFO - Processing file /home/dataengineer/.pyenv/versions/3.9.21/lib/python3.9/site-packages/airflow/example_dags/example_bash_operator.py for tasks to queue
[2025-02-16T16:06:17.895+0700] {logging_mixin.py:190} INFO - [2025-02-16T16:06:17.895+0700] {dagbag.py:588} INFO - Filling up the DagBag from /home/dataengineer/.pyenv/versions/3.9.21/lib/python3.9/site-packages/airflow/example_dags/example_bash_operator.py
[2025-02-16T16:06:17.909+0700] {processor.py:925} INFO - DAG(s) 'example_bash_operator' retrieved from /home/dataengineer/.pyenv/versions/3.9.21/lib/python3.9/site-packages/airflow/example_dags/example_bash_operator.py
[2025-02-16T16:06:17.932+0700] {logging_mixin.py:190} INFO - [2025-02-16T16:06:17.932+0700] {dag.py:3239} INFO - Sync 1 DAGs
[2025-02-16T16:06:17.953+0700] {logging_mixin.py:190} INFO - [2025-02-16T16:06:17.953+0700] {dag.py:4180} INFO - Setting next_dagrun for example_bash_operator to 2025-02-15 00:00:00+00:00, run_after=2025-02-16 00:00:00+00:00
[2025-02-16T16:06:17.974+0700] {processor.py:208} INFO - Processing /home/dataengineer/.pyenv/versions/3.9.21/lib/python3.9/site-packages/airflow/example_dags/example_bash_operator.py took 0.087 seconds
[2025-02-16T16:07:23.927+0700] {processor.py:186} INFO - Started process (PID=28458) to work on /home/dataengineer/.pyenv/versions/3.9.21/lib/python3.9/site-packages/airflow/example_dags/example_bash_operator.py
[2025-02-16T16:07:23.928+0700] {processor.py:914} INFO - Processing file /home/dataengineer/.pyenv/versions/3.9.21/lib/python3.9/site-packages/airflow/example_dags/example_bash_operator.py for tasks to queue
[2025-02-16T16:07:23.929+0700] {logging_mixin.py:190} INFO - [2025-02-16T16:07:23.929+0700] {dagbag.py:588} INFO - Filling up the DagBag from /home/dataengineer/.pyenv/versions/3.9.21/lib/python3.9/site-packages/airflow/example_dags/example_bash_operator.py
[2025-02-16T16:07:23.943+0700] {processor.py:925} INFO - DAG(s) 'example_bash_operator' retrieved from /home/dataengineer/.pyenv/versions/3.9.21/lib/python3.9/site-packages/airflow/example_dags/example_bash_operator.py
[2025-02-16T16:07:23.965+0700] {logging_mixin.py:190} INFO - [2025-02-16T16:07:23.964+0700] {dag.py:3239} INFO - Sync 1 DAGs
[2025-02-16T16:07:23.984+0700] {logging_mixin.py:190} INFO - [2025-02-16T16:07:23.984+0700] {dag.py:4180} INFO - Setting next_dagrun for example_bash_operator to 2025-02-15 00:00:00+00:00, run_after=2025-02-16 00:00:00+00:00
[2025-02-16T16:07:24.003+0700] {processor.py:208} INFO - Processing /home/dataengineer/.pyenv/versions/3.9.21/lib/python3.9/site-packages/airflow/example_dags/example_bash_operator.py took 0.081 seconds
[2025-02-16T16:08:19.299+0700] {processor.py:186} INFO - Started process (PID=28774) to work on /home/dataengineer/.pyenv/versions/3.9.21/lib/python3.9/site-packages/airflow/example_dags/example_bash_operator.py
[2025-02-16T16:08:19.300+0700] {processor.py:914} INFO - Processing file /home/dataengineer/.pyenv/versions/3.9.21/lib/python3.9/site-packages/airflow/example_dags/example_bash_operator.py for tasks to queue
[2025-02-16T16:08:19.302+0700] {logging_mixin.py:190} INFO - [2025-02-16T16:08:19.301+0700] {dagbag.py:588} INFO - Filling up the DagBag from /home/dataengineer/.pyenv/versions/3.9.21/lib/python3.9/site-packages/airflow/example_dags/example_bash_operator.py
[2025-02-16T16:08:19.315+0700] {processor.py:925} INFO - DAG(s) 'example_bash_operator' retrieved from /home/dataengineer/.pyenv/versions/3.9.21/lib/python3.9/site-packages/airflow/example_dags/example_bash_operator.py
[2025-02-16T16:08:19.338+0700] {logging_mixin.py:190} INFO - [2025-02-16T16:08:19.337+0700] {dag.py:3239} INFO - Sync 1 DAGs
[2025-02-16T16:08:19.358+0700] {logging_mixin.py:190} INFO - [2025-02-16T16:08:19.358+0700] {dag.py:4180} INFO - Setting next_dagrun for example_bash_operator to 2025-02-15 00:00:00+00:00, run_after=2025-02-16 00:00:00+00:00
[2025-02-16T16:08:19.378+0700] {processor.py:208} INFO - Processing /home/dataengineer/.pyenv/versions/3.9.21/lib/python3.9/site-packages/airflow/example_dags/example_bash_operator.py took 0.085 seconds
[2025-02-16T16:09:27.624+0700] {processor.py:186} INFO - Started process (PID=29105) to work on /home/dataengineer/.pyenv/versions/3.9.21/lib/python3.9/site-packages/airflow/example_dags/example_bash_operator.py
[2025-02-16T16:09:27.625+0700] {processor.py:914} INFO - Processing file /home/dataengineer/.pyenv/versions/3.9.21/lib/python3.9/site-packages/airflow/example_dags/example_bash_operator.py for tasks to queue
[2025-02-16T16:09:27.626+0700] {logging_mixin.py:190} INFO - [2025-02-16T16:09:27.626+0700] {dagbag.py:588} INFO - Filling up the DagBag from /home/dataengineer/.pyenv/versions/3.9.21/lib/python3.9/site-packages/airflow/example_dags/example_bash_operator.py
[2025-02-16T16:09:27.643+0700] {processor.py:925} INFO - DAG(s) 'example_bash_operator' retrieved from /home/dataengineer/.pyenv/versions/3.9.21/lib/python3.9/site-packages/airflow/example_dags/example_bash_operator.py
[2025-02-16T16:09:27.666+0700] {logging_mixin.py:190} INFO - [2025-02-16T16:09:27.666+0700] {dag.py:3239} INFO - Sync 1 DAGs
[2025-02-16T16:09:27.687+0700] {logging_mixin.py:190} INFO - [2025-02-16T16:09:27.687+0700] {dag.py:4180} INFO - Setting next_dagrun for example_bash_operator to 2025-02-15 00:00:00+00:00, run_after=2025-02-16 00:00:00+00:00
[2025-02-16T16:09:27.707+0700] {processor.py:208} INFO - Processing /home/dataengineer/.pyenv/versions/3.9.21/lib/python3.9/site-packages/airflow/example_dags/example_bash_operator.py took 0.090 seconds
[2025-02-16T16:10:43.291+0700] {processor.py:186} INFO - Started process (PID=29473) to work on /home/dataengineer/.pyenv/versions/3.9.21/lib/python3.9/site-packages/airflow/example_dags/example_bash_operator.py
[2025-02-16T16:10:43.292+0700] {processor.py:914} INFO - Processing file /home/dataengineer/.pyenv/versions/3.9.21/lib/python3.9/site-packages/airflow/example_dags/example_bash_operator.py for tasks to queue
[2025-02-16T16:10:43.293+0700] {logging_mixin.py:190} INFO - [2025-02-16T16:10:43.293+0700] {dagbag.py:588} INFO - Filling up the DagBag from /home/dataengineer/.pyenv/versions/3.9.21/lib/python3.9/site-packages/airflow/example_dags/example_bash_operator.py
[2025-02-16T16:10:43.308+0700] {processor.py:925} INFO - DAG(s) 'example_bash_operator' retrieved from /home/dataengineer/.pyenv/versions/3.9.21/lib/python3.9/site-packages/airflow/example_dags/example_bash_operator.py
[2025-02-16T16:10:43.331+0700] {logging_mixin.py:190} INFO - [2025-02-16T16:10:43.331+0700] {dag.py:3239} INFO - Sync 1 DAGs
[2025-02-16T16:10:43.352+0700] {logging_mixin.py:190} INFO - [2025-02-16T16:10:43.352+0700] {dag.py:4180} INFO - Setting next_dagrun for example_bash_operator to 2025-02-15 00:00:00+00:00, run_after=2025-02-16 00:00:00+00:00
[2025-02-16T16:10:43.371+0700] {processor.py:208} INFO - Processing /home/dataengineer/.pyenv/versions/3.9.21/lib/python3.9/site-packages/airflow/example_dags/example_bash_operator.py took 0.087 seconds
[2025-02-16T16:11:50.807+0700] {processor.py:186} INFO - Started process (PID=29754) to work on /home/dataengineer/.pyenv/versions/3.9.21/lib/python3.9/site-packages/airflow/example_dags/example_bash_operator.py
[2025-02-16T16:11:50.808+0700] {processor.py:914} INFO - Processing file /home/dataengineer/.pyenv/versions/3.9.21/lib/python3.9/site-packages/airflow/example_dags/example_bash_operator.py for tasks to queue
[2025-02-16T16:11:50.809+0700] {logging_mixin.py:190} INFO - [2025-02-16T16:11:50.809+0700] {dagbag.py:588} INFO - Filling up the DagBag from /home/dataengineer/.pyenv/versions/3.9.21/lib/python3.9/site-packages/airflow/example_dags/example_bash_operator.py
[2025-02-16T16:11:50.825+0700] {processor.py:925} INFO - DAG(s) 'example_bash_operator' retrieved from /home/dataengineer/.pyenv/versions/3.9.21/lib/python3.9/site-packages/airflow/example_dags/example_bash_operator.py
[2025-02-16T16:11:50.861+0700] {logging_mixin.py:190} INFO - [2025-02-16T16:11:50.860+0700] {dag.py:3239} INFO - Sync 1 DAGs
[2025-02-16T16:11:50.884+0700] {logging_mixin.py:190} INFO - [2025-02-16T16:11:50.884+0700] {dag.py:4180} INFO - Setting next_dagrun for example_bash_operator to 2025-02-15 00:00:00+00:00, run_after=2025-02-16 00:00:00+00:00
[2025-02-16T16:11:50.908+0700] {processor.py:208} INFO - Processing /home/dataengineer/.pyenv/versions/3.9.21/lib/python3.9/site-packages/airflow/example_dags/example_bash_operator.py took 0.108 seconds
[2025-02-16T16:13:08.323+0700] {processor.py:186} INFO - Started process (PID=30072) to work on /home/dataengineer/.pyenv/versions/3.9.21/lib/python3.9/site-packages/airflow/example_dags/example_bash_operator.py
[2025-02-16T16:13:08.324+0700] {processor.py:914} INFO - Processing file /home/dataengineer/.pyenv/versions/3.9.21/lib/python3.9/site-packages/airflow/example_dags/example_bash_operator.py for tasks to queue
[2025-02-16T16:13:08.326+0700] {logging_mixin.py:190} INFO - [2025-02-16T16:13:08.325+0700] {dagbag.py:588} INFO - Filling up the DagBag from /home/dataengineer/.pyenv/versions/3.9.21/lib/python3.9/site-packages/airflow/example_dags/example_bash_operator.py
[2025-02-16T16:13:08.339+0700] {processor.py:925} INFO - DAG(s) 'example_bash_operator' retrieved from /home/dataengineer/.pyenv/versions/3.9.21/lib/python3.9/site-packages/airflow/example_dags/example_bash_operator.py
[2025-02-16T16:13:08.362+0700] {logging_mixin.py:190} INFO - [2025-02-16T16:13:08.362+0700] {dag.py:3239} INFO - Sync 1 DAGs
[2025-02-16T16:13:08.382+0700] {logging_mixin.py:190} INFO - [2025-02-16T16:13:08.382+0700] {dag.py:4180} INFO - Setting next_dagrun for example_bash_operator to 2025-02-15 00:00:00+00:00, run_after=2025-02-16 00:00:00+00:00
[2025-02-16T16:13:08.402+0700] {processor.py:208} INFO - Processing /home/dataengineer/.pyenv/versions/3.9.21/lib/python3.9/site-packages/airflow/example_dags/example_bash_operator.py took 0.085 seconds
[2025-02-16T16:14:22.187+0700] {processor.py:186} INFO - Started process (PID=30383) to work on /home/dataengineer/.pyenv/versions/3.9.21/lib/python3.9/site-packages/airflow/example_dags/example_bash_operator.py
[2025-02-16T16:14:22.188+0700] {processor.py:914} INFO - Processing file /home/dataengineer/.pyenv/versions/3.9.21/lib/python3.9/site-packages/airflow/example_dags/example_bash_operator.py for tasks to queue
[2025-02-16T16:14:22.189+0700] {logging_mixin.py:190} INFO - [2025-02-16T16:14:22.189+0700] {dagbag.py:588} INFO - Filling up the DagBag from /home/dataengineer/.pyenv/versions/3.9.21/lib/python3.9/site-packages/airflow/example_dags/example_bash_operator.py
[2025-02-16T16:14:22.203+0700] {processor.py:925} INFO - DAG(s) 'example_bash_operator' retrieved from /home/dataengineer/.pyenv/versions/3.9.21/lib/python3.9/site-packages/airflow/example_dags/example_bash_operator.py
[2025-02-16T16:14:22.226+0700] {logging_mixin.py:190} INFO - [2025-02-16T16:14:22.226+0700] {dag.py:3239} INFO - Sync 1 DAGs
[2025-02-16T16:14:22.246+0700] {logging_mixin.py:190} INFO - [2025-02-16T16:14:22.246+0700] {dag.py:4180} INFO - Setting next_dagrun for example_bash_operator to 2025-02-15 00:00:00+00:00, run_after=2025-02-16 00:00:00+00:00
[2025-02-16T16:14:22.266+0700] {processor.py:208} INFO - Processing /home/dataengineer/.pyenv/versions/3.9.21/lib/python3.9/site-packages/airflow/example_dags/example_bash_operator.py took 0.086 seconds
[2025-02-16T16:15:34.579+0700] {processor.py:186} INFO - Started process (PID=30688) to work on /home/dataengineer/.pyenv/versions/3.9.21/lib/python3.9/site-packages/airflow/example_dags/example_bash_operator.py
[2025-02-16T16:15:34.580+0700] {processor.py:914} INFO - Processing file /home/dataengineer/.pyenv/versions/3.9.21/lib/python3.9/site-packages/airflow/example_dags/example_bash_operator.py for tasks to queue
[2025-02-16T16:15:34.582+0700] {logging_mixin.py:190} INFO - [2025-02-16T16:15:34.581+0700] {dagbag.py:588} INFO - Filling up the DagBag from /home/dataengineer/.pyenv/versions/3.9.21/lib/python3.9/site-packages/airflow/example_dags/example_bash_operator.py
[2025-02-16T16:15:34.597+0700] {processor.py:925} INFO - DAG(s) 'example_bash_operator' retrieved from /home/dataengineer/.pyenv/versions/3.9.21/lib/python3.9/site-packages/airflow/example_dags/example_bash_operator.py
[2025-02-16T16:15:34.622+0700] {logging_mixin.py:190} INFO - [2025-02-16T16:15:34.621+0700] {dag.py:3239} INFO - Sync 1 DAGs
[2025-02-16T16:15:34.644+0700] {logging_mixin.py:190} INFO - [2025-02-16T16:15:34.643+0700] {dag.py:4180} INFO - Setting next_dagrun for example_bash_operator to 2025-02-15 00:00:00+00:00, run_after=2025-02-16 00:00:00+00:00
[2025-02-16T16:15:34.664+0700] {processor.py:208} INFO - Processing /home/dataengineer/.pyenv/versions/3.9.21/lib/python3.9/site-packages/airflow/example_dags/example_bash_operator.py took 0.091 seconds
[2025-02-16T16:16:26.747+0700] {processor.py:186} INFO - Started process (PID=30904) to work on /home/dataengineer/.pyenv/versions/3.9.21/lib/python3.9/site-packages/airflow/example_dags/example_bash_operator.py
[2025-02-16T16:16:26.765+0700] {processor.py:914} INFO - Processing file /home/dataengineer/.pyenv/versions/3.9.21/lib/python3.9/site-packages/airflow/example_dags/example_bash_operator.py for tasks to queue
[2025-02-16T16:16:26.767+0700] {logging_mixin.py:190} INFO - [2025-02-16T16:16:26.767+0700] {dagbag.py:588} INFO - Filling up the DagBag from /home/dataengineer/.pyenv/versions/3.9.21/lib/python3.9/site-packages/airflow/example_dags/example_bash_operator.py
[2025-02-16T16:16:26.790+0700] {processor.py:925} INFO - DAG(s) 'example_bash_operator' retrieved from /home/dataengineer/.pyenv/versions/3.9.21/lib/python3.9/site-packages/airflow/example_dags/example_bash_operator.py
[2025-02-16T16:16:26.820+0700] {logging_mixin.py:190} INFO - [2025-02-16T16:16:26.820+0700] {dag.py:3239} INFO - Sync 1 DAGs
[2025-02-16T16:16:26.847+0700] {logging_mixin.py:190} INFO - [2025-02-16T16:16:26.847+0700] {dag.py:4180} INFO - Setting next_dagrun for example_bash_operator to 2025-02-15 00:00:00+00:00, run_after=2025-02-16 00:00:00+00:00
[2025-02-16T16:16:26.874+0700] {processor.py:208} INFO - Processing /home/dataengineer/.pyenv/versions/3.9.21/lib/python3.9/site-packages/airflow/example_dags/example_bash_operator.py took 0.136 seconds
[2025-02-16T16:17:41.782+0700] {processor.py:186} INFO - Started process (PID=31218) to work on /home/dataengineer/.pyenv/versions/3.9.21/lib/python3.9/site-packages/airflow/example_dags/example_bash_operator.py
[2025-02-16T16:17:41.783+0700] {processor.py:914} INFO - Processing file /home/dataengineer/.pyenv/versions/3.9.21/lib/python3.9/site-packages/airflow/example_dags/example_bash_operator.py for tasks to queue
[2025-02-16T16:17:41.785+0700] {logging_mixin.py:190} INFO - [2025-02-16T16:17:41.784+0700] {dagbag.py:588} INFO - Filling up the DagBag from /home/dataengineer/.pyenv/versions/3.9.21/lib/python3.9/site-packages/airflow/example_dags/example_bash_operator.py
[2025-02-16T16:17:41.799+0700] {processor.py:925} INFO - DAG(s) 'example_bash_operator' retrieved from /home/dataengineer/.pyenv/versions/3.9.21/lib/python3.9/site-packages/airflow/example_dags/example_bash_operator.py
[2025-02-16T16:17:41.823+0700] {logging_mixin.py:190} INFO - [2025-02-16T16:17:41.823+0700] {dag.py:3239} INFO - Sync 1 DAGs
[2025-02-16T16:17:41.845+0700] {logging_mixin.py:190} INFO - [2025-02-16T16:17:41.845+0700] {dag.py:4180} INFO - Setting next_dagrun for example_bash_operator to 2025-02-15 00:00:00+00:00, run_after=2025-02-16 00:00:00+00:00
[2025-02-16T16:17:41.867+0700] {processor.py:208} INFO - Processing /home/dataengineer/.pyenv/versions/3.9.21/lib/python3.9/site-packages/airflow/example_dags/example_bash_operator.py took 0.091 seconds
[2025-02-16T16:18:59.072+0700] {processor.py:186} INFO - Started process (PID=31537) to work on /home/dataengineer/.pyenv/versions/3.9.21/lib/python3.9/site-packages/airflow/example_dags/example_bash_operator.py
[2025-02-16T16:18:59.073+0700] {processor.py:914} INFO - Processing file /home/dataengineer/.pyenv/versions/3.9.21/lib/python3.9/site-packages/airflow/example_dags/example_bash_operator.py for tasks to queue
[2025-02-16T16:18:59.075+0700] {logging_mixin.py:190} INFO - [2025-02-16T16:18:59.074+0700] {dagbag.py:588} INFO - Filling up the DagBag from /home/dataengineer/.pyenv/versions/3.9.21/lib/python3.9/site-packages/airflow/example_dags/example_bash_operator.py
[2025-02-16T16:18:59.090+0700] {processor.py:925} INFO - DAG(s) 'example_bash_operator' retrieved from /home/dataengineer/.pyenv/versions/3.9.21/lib/python3.9/site-packages/airflow/example_dags/example_bash_operator.py
[2025-02-16T16:18:59.113+0700] {logging_mixin.py:190} INFO - [2025-02-16T16:18:59.112+0700] {dag.py:3239} INFO - Sync 1 DAGs
[2025-02-16T16:18:59.135+0700] {logging_mixin.py:190} INFO - [2025-02-16T16:18:59.134+0700] {dag.py:4180} INFO - Setting next_dagrun for example_bash_operator to 2025-02-15 00:00:00+00:00, run_after=2025-02-16 00:00:00+00:00
[2025-02-16T16:18:59.156+0700] {processor.py:208} INFO - Processing /home/dataengineer/.pyenv/versions/3.9.21/lib/python3.9/site-packages/airflow/example_dags/example_bash_operator.py took 0.090 seconds
[2025-02-16T16:20:12.032+0700] {processor.py:186} INFO - Started process (PID=31844) to work on /home/dataengineer/.pyenv/versions/3.9.21/lib/python3.9/site-packages/airflow/example_dags/example_bash_operator.py
[2025-02-16T16:20:12.034+0700] {processor.py:914} INFO - Processing file /home/dataengineer/.pyenv/versions/3.9.21/lib/python3.9/site-packages/airflow/example_dags/example_bash_operator.py for tasks to queue
[2025-02-16T16:20:12.035+0700] {logging_mixin.py:190} INFO - [2025-02-16T16:20:12.034+0700] {dagbag.py:588} INFO - Filling up the DagBag from /home/dataengineer/.pyenv/versions/3.9.21/lib/python3.9/site-packages/airflow/example_dags/example_bash_operator.py
[2025-02-16T16:20:12.049+0700] {processor.py:925} INFO - DAG(s) 'example_bash_operator' retrieved from /home/dataengineer/.pyenv/versions/3.9.21/lib/python3.9/site-packages/airflow/example_dags/example_bash_operator.py
[2025-02-16T16:20:12.071+0700] {logging_mixin.py:190} INFO - [2025-02-16T16:20:12.071+0700] {dag.py:3239} INFO - Sync 1 DAGs
[2025-02-16T16:20:12.092+0700] {logging_mixin.py:190} INFO - [2025-02-16T16:20:12.092+0700] {dag.py:4180} INFO - Setting next_dagrun for example_bash_operator to 2025-02-15 00:00:00+00:00, run_after=2025-02-16 00:00:00+00:00
[2025-02-16T16:20:12.111+0700] {processor.py:208} INFO - Processing /home/dataengineer/.pyenv/versions/3.9.21/lib/python3.9/site-packages/airflow/example_dags/example_bash_operator.py took 0.085 seconds
[2025-02-16T16:21:24.201+0700] {processor.py:186} INFO - Started process (PID=32146) to work on /home/dataengineer/.pyenv/versions/3.9.21/lib/python3.9/site-packages/airflow/example_dags/example_bash_operator.py
[2025-02-16T16:21:24.202+0700] {processor.py:914} INFO - Processing file /home/dataengineer/.pyenv/versions/3.9.21/lib/python3.9/site-packages/airflow/example_dags/example_bash_operator.py for tasks to queue
[2025-02-16T16:21:24.204+0700] {logging_mixin.py:190} INFO - [2025-02-16T16:21:24.203+0700] {dagbag.py:588} INFO - Filling up the DagBag from /home/dataengineer/.pyenv/versions/3.9.21/lib/python3.9/site-packages/airflow/example_dags/example_bash_operator.py
[2025-02-16T16:21:24.218+0700] {processor.py:925} INFO - DAG(s) 'example_bash_operator' retrieved from /home/dataengineer/.pyenv/versions/3.9.21/lib/python3.9/site-packages/airflow/example_dags/example_bash_operator.py
[2025-02-16T16:21:24.241+0700] {logging_mixin.py:190} INFO - [2025-02-16T16:21:24.241+0700] {dag.py:3239} INFO - Sync 1 DAGs
[2025-02-16T16:21:24.262+0700] {logging_mixin.py:190} INFO - [2025-02-16T16:21:24.261+0700] {dag.py:4180} INFO - Setting next_dagrun for example_bash_operator to 2025-02-15 00:00:00+00:00, run_after=2025-02-16 00:00:00+00:00
[2025-02-16T16:21:24.281+0700] {processor.py:208} INFO - Processing /home/dataengineer/.pyenv/versions/3.9.21/lib/python3.9/site-packages/airflow/example_dags/example_bash_operator.py took 0.086 seconds
[2025-02-16T16:22:36.943+0700] {processor.py:186} INFO - Started process (PID=32451) to work on /home/dataengineer/.pyenv/versions/3.9.21/lib/python3.9/site-packages/airflow/example_dags/example_bash_operator.py
[2025-02-16T16:22:36.944+0700] {processor.py:914} INFO - Processing file /home/dataengineer/.pyenv/versions/3.9.21/lib/python3.9/site-packages/airflow/example_dags/example_bash_operator.py for tasks to queue
[2025-02-16T16:22:36.946+0700] {logging_mixin.py:190} INFO - [2025-02-16T16:22:36.945+0700] {dagbag.py:588} INFO - Filling up the DagBag from /home/dataengineer/.pyenv/versions/3.9.21/lib/python3.9/site-packages/airflow/example_dags/example_bash_operator.py
[2025-02-16T16:22:36.961+0700] {processor.py:925} INFO - DAG(s) 'example_bash_operator' retrieved from /home/dataengineer/.pyenv/versions/3.9.21/lib/python3.9/site-packages/airflow/example_dags/example_bash_operator.py
[2025-02-16T16:22:36.985+0700] {logging_mixin.py:190} INFO - [2025-02-16T16:22:36.984+0700] {dag.py:3239} INFO - Sync 1 DAGs
[2025-02-16T16:22:37.006+0700] {logging_mixin.py:190} INFO - [2025-02-16T16:22:37.006+0700] {dag.py:4180} INFO - Setting next_dagrun for example_bash_operator to 2025-02-15 00:00:00+00:00, run_after=2025-02-16 00:00:00+00:00
[2025-02-16T16:22:37.027+0700] {processor.py:208} INFO - Processing /home/dataengineer/.pyenv/versions/3.9.21/lib/python3.9/site-packages/airflow/example_dags/example_bash_operator.py took 0.090 seconds
[2025-02-16T16:23:51.499+0700] {processor.py:186} INFO - Started process (PID=32762) to work on /home/dataengineer/.pyenv/versions/3.9.21/lib/python3.9/site-packages/airflow/example_dags/example_bash_operator.py
[2025-02-16T16:23:51.501+0700] {processor.py:914} INFO - Processing file /home/dataengineer/.pyenv/versions/3.9.21/lib/python3.9/site-packages/airflow/example_dags/example_bash_operator.py for tasks to queue
[2025-02-16T16:23:51.502+0700] {logging_mixin.py:190} INFO - [2025-02-16T16:23:51.502+0700] {dagbag.py:588} INFO - Filling up the DagBag from /home/dataengineer/.pyenv/versions/3.9.21/lib/python3.9/site-packages/airflow/example_dags/example_bash_operator.py
[2025-02-16T16:23:51.516+0700] {processor.py:925} INFO - DAG(s) 'example_bash_operator' retrieved from /home/dataengineer/.pyenv/versions/3.9.21/lib/python3.9/site-packages/airflow/example_dags/example_bash_operator.py
[2025-02-16T16:23:51.539+0700] {logging_mixin.py:190} INFO - [2025-02-16T16:23:51.539+0700] {dag.py:3239} INFO - Sync 1 DAGs
[2025-02-16T16:23:51.559+0700] {logging_mixin.py:190} INFO - [2025-02-16T16:23:51.559+0700] {dag.py:4180} INFO - Setting next_dagrun for example_bash_operator to 2025-02-15 00:00:00+00:00, run_after=2025-02-16 00:00:00+00:00
[2025-02-16T16:23:51.581+0700] {processor.py:208} INFO - Processing /home/dataengineer/.pyenv/versions/3.9.21/lib/python3.9/site-packages/airflow/example_dags/example_bash_operator.py took 0.087 seconds
[2025-02-16T16:25:00.839+0700] {processor.py:186} INFO - Started process (PID=33052) to work on /home/dataengineer/.pyenv/versions/3.9.21/lib/python3.9/site-packages/airflow/example_dags/example_bash_operator.py
[2025-02-16T16:25:00.840+0700] {processor.py:914} INFO - Processing file /home/dataengineer/.pyenv/versions/3.9.21/lib/python3.9/site-packages/airflow/example_dags/example_bash_operator.py for tasks to queue
[2025-02-16T16:25:00.842+0700] {logging_mixin.py:190} INFO - [2025-02-16T16:25:00.841+0700] {dagbag.py:588} INFO - Filling up the DagBag from /home/dataengineer/.pyenv/versions/3.9.21/lib/python3.9/site-packages/airflow/example_dags/example_bash_operator.py
[2025-02-16T16:25:00.856+0700] {processor.py:925} INFO - DAG(s) 'example_bash_operator' retrieved from /home/dataengineer/.pyenv/versions/3.9.21/lib/python3.9/site-packages/airflow/example_dags/example_bash_operator.py
[2025-02-16T16:25:00.879+0700] {logging_mixin.py:190} INFO - [2025-02-16T16:25:00.879+0700] {dag.py:3239} INFO - Sync 1 DAGs
[2025-02-16T16:25:00.899+0700] {logging_mixin.py:190} INFO - [2025-02-16T16:25:00.899+0700] {dag.py:4180} INFO - Setting next_dagrun for example_bash_operator to 2025-02-15 00:00:00+00:00, run_after=2025-02-16 00:00:00+00:00
[2025-02-16T16:25:00.919+0700] {processor.py:208} INFO - Processing /home/dataengineer/.pyenv/versions/3.9.21/lib/python3.9/site-packages/airflow/example_dags/example_bash_operator.py took 0.086 seconds
[2025-02-16T16:26:16.689+0700] {processor.py:186} INFO - Started process (PID=33374) to work on /home/dataengineer/.pyenv/versions/3.9.21/lib/python3.9/site-packages/airflow/example_dags/example_bash_operator.py
[2025-02-16T16:26:16.691+0700] {processor.py:914} INFO - Processing file /home/dataengineer/.pyenv/versions/3.9.21/lib/python3.9/site-packages/airflow/example_dags/example_bash_operator.py for tasks to queue
[2025-02-16T16:26:16.692+0700] {logging_mixin.py:190} INFO - [2025-02-16T16:26:16.691+0700] {dagbag.py:588} INFO - Filling up the DagBag from /home/dataengineer/.pyenv/versions/3.9.21/lib/python3.9/site-packages/airflow/example_dags/example_bash_operator.py
[2025-02-16T16:26:16.705+0700] {processor.py:925} INFO - DAG(s) 'example_bash_operator' retrieved from /home/dataengineer/.pyenv/versions/3.9.21/lib/python3.9/site-packages/airflow/example_dags/example_bash_operator.py
[2025-02-16T16:26:16.728+0700] {logging_mixin.py:190} INFO - [2025-02-16T16:26:16.728+0700] {dag.py:3239} INFO - Sync 1 DAGs
[2025-02-16T16:26:16.749+0700] {logging_mixin.py:190} INFO - [2025-02-16T16:26:16.749+0700] {dag.py:4180} INFO - Setting next_dagrun for example_bash_operator to 2025-02-15 00:00:00+00:00, run_after=2025-02-16 00:00:00+00:00
[2025-02-16T16:26:16.769+0700] {processor.py:208} INFO - Processing /home/dataengineer/.pyenv/versions/3.9.21/lib/python3.9/site-packages/airflow/example_dags/example_bash_operator.py took 0.085 seconds
[2025-02-16T16:27:30.994+0700] {processor.py:186} INFO - Started process (PID=33686) to work on /home/dataengineer/.pyenv/versions/3.9.21/lib/python3.9/site-packages/airflow/example_dags/example_bash_operator.py
[2025-02-16T16:27:30.995+0700] {processor.py:914} INFO - Processing file /home/dataengineer/.pyenv/versions/3.9.21/lib/python3.9/site-packages/airflow/example_dags/example_bash_operator.py for tasks to queue
[2025-02-16T16:27:30.996+0700] {logging_mixin.py:190} INFO - [2025-02-16T16:27:30.996+0700] {dagbag.py:588} INFO - Filling up the DagBag from /home/dataengineer/.pyenv/versions/3.9.21/lib/python3.9/site-packages/airflow/example_dags/example_bash_operator.py
[2025-02-16T16:27:31.010+0700] {processor.py:925} INFO - DAG(s) 'example_bash_operator' retrieved from /home/dataengineer/.pyenv/versions/3.9.21/lib/python3.9/site-packages/airflow/example_dags/example_bash_operator.py
[2025-02-16T16:27:31.032+0700] {logging_mixin.py:190} INFO - [2025-02-16T16:27:31.032+0700] {dag.py:3239} INFO - Sync 1 DAGs
[2025-02-16T16:27:31.052+0700] {logging_mixin.py:190} INFO - [2025-02-16T16:27:31.051+0700] {dag.py:4180} INFO - Setting next_dagrun for example_bash_operator to 2025-02-15 00:00:00+00:00, run_after=2025-02-16 00:00:00+00:00
[2025-02-16T16:27:31.070+0700] {processor.py:208} INFO - Processing /home/dataengineer/.pyenv/versions/3.9.21/lib/python3.9/site-packages/airflow/example_dags/example_bash_operator.py took 0.082 seconds
[2025-02-16T16:28:43.426+0700] {processor.py:186} INFO - Started process (PID=33990) to work on /home/dataengineer/.pyenv/versions/3.9.21/lib/python3.9/site-packages/airflow/example_dags/example_bash_operator.py
[2025-02-16T16:28:43.427+0700] {processor.py:914} INFO - Processing file /home/dataengineer/.pyenv/versions/3.9.21/lib/python3.9/site-packages/airflow/example_dags/example_bash_operator.py for tasks to queue
[2025-02-16T16:28:43.428+0700] {logging_mixin.py:190} INFO - [2025-02-16T16:28:43.428+0700] {dagbag.py:588} INFO - Filling up the DagBag from /home/dataengineer/.pyenv/versions/3.9.21/lib/python3.9/site-packages/airflow/example_dags/example_bash_operator.py
[2025-02-16T16:28:43.442+0700] {processor.py:925} INFO - DAG(s) 'example_bash_operator' retrieved from /home/dataengineer/.pyenv/versions/3.9.21/lib/python3.9/site-packages/airflow/example_dags/example_bash_operator.py
[2025-02-16T16:28:43.467+0700] {logging_mixin.py:190} INFO - [2025-02-16T16:28:43.466+0700] {dag.py:3239} INFO - Sync 1 DAGs
[2025-02-16T16:28:43.488+0700] {logging_mixin.py:190} INFO - [2025-02-16T16:28:43.487+0700] {dag.py:4180} INFO - Setting next_dagrun for example_bash_operator to 2025-02-15 00:00:00+00:00, run_after=2025-02-16 00:00:00+00:00
[2025-02-16T16:28:43.507+0700] {processor.py:208} INFO - Processing /home/dataengineer/.pyenv/versions/3.9.21/lib/python3.9/site-packages/airflow/example_dags/example_bash_operator.py took 0.088 seconds
[2025-02-16T16:29:59.958+0700] {processor.py:186} INFO - Started process (PID=34309) to work on /home/dataengineer/.pyenv/versions/3.9.21/lib/python3.9/site-packages/airflow/example_dags/example_bash_operator.py
[2025-02-16T16:29:59.960+0700] {processor.py:914} INFO - Processing file /home/dataengineer/.pyenv/versions/3.9.21/lib/python3.9/site-packages/airflow/example_dags/example_bash_operator.py for tasks to queue
[2025-02-16T16:29:59.961+0700] {logging_mixin.py:190} INFO - [2025-02-16T16:29:59.961+0700] {dagbag.py:588} INFO - Filling up the DagBag from /home/dataengineer/.pyenv/versions/3.9.21/lib/python3.9/site-packages/airflow/example_dags/example_bash_operator.py
[2025-02-16T16:29:59.976+0700] {processor.py:925} INFO - DAG(s) 'example_bash_operator' retrieved from /home/dataengineer/.pyenv/versions/3.9.21/lib/python3.9/site-packages/airflow/example_dags/example_bash_operator.py
[2025-02-16T16:30:00.000+0700] {logging_mixin.py:190} INFO - [2025-02-16T16:30:00.000+0700] {dag.py:3239} INFO - Sync 1 DAGs
[2025-02-16T16:30:00.022+0700] {logging_mixin.py:190} INFO - [2025-02-16T16:30:00.022+0700] {dag.py:4180} INFO - Setting next_dagrun for example_bash_operator to 2025-02-15 00:00:00+00:00, run_after=2025-02-16 00:00:00+00:00
[2025-02-16T16:30:00.043+0700] {processor.py:208} INFO - Processing /home/dataengineer/.pyenv/versions/3.9.21/lib/python3.9/site-packages/airflow/example_dags/example_bash_operator.py took 0.090 seconds
[2025-02-16T16:31:13.737+0700] {processor.py:186} INFO - Started process (PID=34614) to work on /home/dataengineer/.pyenv/versions/3.9.21/lib/python3.9/site-packages/airflow/example_dags/example_bash_operator.py
[2025-02-16T16:31:13.738+0700] {processor.py:914} INFO - Processing file /home/dataengineer/.pyenv/versions/3.9.21/lib/python3.9/site-packages/airflow/example_dags/example_bash_operator.py for tasks to queue
[2025-02-16T16:31:13.740+0700] {logging_mixin.py:190} INFO - [2025-02-16T16:31:13.739+0700] {dagbag.py:588} INFO - Filling up the DagBag from /home/dataengineer/.pyenv/versions/3.9.21/lib/python3.9/site-packages/airflow/example_dags/example_bash_operator.py
[2025-02-16T16:31:13.754+0700] {processor.py:925} INFO - DAG(s) 'example_bash_operator' retrieved from /home/dataengineer/.pyenv/versions/3.9.21/lib/python3.9/site-packages/airflow/example_dags/example_bash_operator.py
[2025-02-16T16:31:13.779+0700] {logging_mixin.py:190} INFO - [2025-02-16T16:31:13.778+0700] {dag.py:3239} INFO - Sync 1 DAGs
[2025-02-16T16:31:13.800+0700] {logging_mixin.py:190} INFO - [2025-02-16T16:31:13.800+0700] {dag.py:4180} INFO - Setting next_dagrun for example_bash_operator to 2025-02-15 00:00:00+00:00, run_after=2025-02-16 00:00:00+00:00
[2025-02-16T16:31:13.821+0700] {processor.py:208} INFO - Processing /home/dataengineer/.pyenv/versions/3.9.21/lib/python3.9/site-packages/airflow/example_dags/example_bash_operator.py took 0.090 seconds
[2025-02-16T16:32:24.677+0700] {processor.py:186} INFO - Started process (PID=34911) to work on /home/dataengineer/.pyenv/versions/3.9.21/lib/python3.9/site-packages/airflow/example_dags/example_bash_operator.py
[2025-02-16T16:32:24.678+0700] {processor.py:914} INFO - Processing file /home/dataengineer/.pyenv/versions/3.9.21/lib/python3.9/site-packages/airflow/example_dags/example_bash_operator.py for tasks to queue
[2025-02-16T16:32:24.680+0700] {logging_mixin.py:190} INFO - [2025-02-16T16:32:24.679+0700] {dagbag.py:588} INFO - Filling up the DagBag from /home/dataengineer/.pyenv/versions/3.9.21/lib/python3.9/site-packages/airflow/example_dags/example_bash_operator.py
[2025-02-16T16:32:24.695+0700] {processor.py:925} INFO - DAG(s) 'example_bash_operator' retrieved from /home/dataengineer/.pyenv/versions/3.9.21/lib/python3.9/site-packages/airflow/example_dags/example_bash_operator.py
[2025-02-16T16:32:24.720+0700] {logging_mixin.py:190} INFO - [2025-02-16T16:32:24.720+0700] {dag.py:3239} INFO - Sync 1 DAGs
[2025-02-16T16:32:24.744+0700] {logging_mixin.py:190} INFO - [2025-02-16T16:32:24.743+0700] {dag.py:4180} INFO - Setting next_dagrun for example_bash_operator to 2025-02-15 00:00:00+00:00, run_after=2025-02-16 00:00:00+00:00
[2025-02-16T16:32:24.767+0700] {processor.py:208} INFO - Processing /home/dataengineer/.pyenv/versions/3.9.21/lib/python3.9/site-packages/airflow/example_dags/example_bash_operator.py took 0.097 seconds
[2025-02-16T16:33:40.690+0700] {processor.py:186} INFO - Started process (PID=35236) to work on /home/dataengineer/.pyenv/versions/3.9.21/lib/python3.9/site-packages/airflow/example_dags/example_bash_operator.py
[2025-02-16T16:33:40.691+0700] {processor.py:914} INFO - Processing file /home/dataengineer/.pyenv/versions/3.9.21/lib/python3.9/site-packages/airflow/example_dags/example_bash_operator.py for tasks to queue
[2025-02-16T16:33:40.693+0700] {logging_mixin.py:190} INFO - [2025-02-16T16:33:40.692+0700] {dagbag.py:588} INFO - Filling up the DagBag from /home/dataengineer/.pyenv/versions/3.9.21/lib/python3.9/site-packages/airflow/example_dags/example_bash_operator.py
[2025-02-16T16:33:40.708+0700] {processor.py:925} INFO - DAG(s) 'example_bash_operator' retrieved from /home/dataengineer/.pyenv/versions/3.9.21/lib/python3.9/site-packages/airflow/example_dags/example_bash_operator.py
[2025-02-16T16:33:40.732+0700] {logging_mixin.py:190} INFO - [2025-02-16T16:33:40.731+0700] {dag.py:3239} INFO - Sync 1 DAGs
[2025-02-16T16:33:40.755+0700] {logging_mixin.py:190} INFO - [2025-02-16T16:33:40.754+0700] {dag.py:4180} INFO - Setting next_dagrun for example_bash_operator to 2025-02-15 00:00:00+00:00, run_after=2025-02-16 00:00:00+00:00
[2025-02-16T16:33:40.775+0700] {processor.py:208} INFO - Processing /home/dataengineer/.pyenv/versions/3.9.21/lib/python3.9/site-packages/airflow/example_dags/example_bash_operator.py took 0.091 seconds
[2025-02-16T16:34:55.894+0700] {processor.py:186} INFO - Started process (PID=35558) to work on /home/dataengineer/.pyenv/versions/3.9.21/lib/python3.9/site-packages/airflow/example_dags/example_bash_operator.py
[2025-02-16T16:34:55.895+0700] {processor.py:914} INFO - Processing file /home/dataengineer/.pyenv/versions/3.9.21/lib/python3.9/site-packages/airflow/example_dags/example_bash_operator.py for tasks to queue
[2025-02-16T16:34:55.896+0700] {logging_mixin.py:190} INFO - [2025-02-16T16:34:55.896+0700] {dagbag.py:588} INFO - Filling up the DagBag from /home/dataengineer/.pyenv/versions/3.9.21/lib/python3.9/site-packages/airflow/example_dags/example_bash_operator.py
[2025-02-16T16:34:55.911+0700] {processor.py:925} INFO - DAG(s) 'example_bash_operator' retrieved from /home/dataengineer/.pyenv/versions/3.9.21/lib/python3.9/site-packages/airflow/example_dags/example_bash_operator.py
[2025-02-16T16:34:55.935+0700] {logging_mixin.py:190} INFO - [2025-02-16T16:34:55.934+0700] {dag.py:3239} INFO - Sync 1 DAGs
[2025-02-16T16:34:55.956+0700] {logging_mixin.py:190} INFO - [2025-02-16T16:34:55.956+0700] {dag.py:4180} INFO - Setting next_dagrun for example_bash_operator to 2025-02-15 00:00:00+00:00, run_after=2025-02-16 00:00:00+00:00
[2025-02-16T16:34:55.976+0700] {processor.py:208} INFO - Processing /home/dataengineer/.pyenv/versions/3.9.21/lib/python3.9/site-packages/airflow/example_dags/example_bash_operator.py took 0.088 seconds
[2025-02-16T16:36:06.627+0700] {processor.py:186} INFO - Started process (PID=35856) to work on /home/dataengineer/.pyenv/versions/3.9.21/lib/python3.9/site-packages/airflow/example_dags/example_bash_operator.py
[2025-02-16T16:36:06.629+0700] {processor.py:914} INFO - Processing file /home/dataengineer/.pyenv/versions/3.9.21/lib/python3.9/site-packages/airflow/example_dags/example_bash_operator.py for tasks to queue
[2025-02-16T16:36:06.630+0700] {logging_mixin.py:190} INFO - [2025-02-16T16:36:06.630+0700] {dagbag.py:588} INFO - Filling up the DagBag from /home/dataengineer/.pyenv/versions/3.9.21/lib/python3.9/site-packages/airflow/example_dags/example_bash_operator.py
[2025-02-16T16:36:06.645+0700] {processor.py:925} INFO - DAG(s) 'example_bash_operator' retrieved from /home/dataengineer/.pyenv/versions/3.9.21/lib/python3.9/site-packages/airflow/example_dags/example_bash_operator.py
[2025-02-16T16:36:06.669+0700] {logging_mixin.py:190} INFO - [2025-02-16T16:36:06.669+0700] {dag.py:3239} INFO - Sync 1 DAGs
[2025-02-16T16:36:06.690+0700] {logging_mixin.py:190} INFO - [2025-02-16T16:36:06.689+0700] {dag.py:4180} INFO - Setting next_dagrun for example_bash_operator to 2025-02-15 00:00:00+00:00, run_after=2025-02-16 00:00:00+00:00
[2025-02-16T16:36:06.709+0700] {processor.py:208} INFO - Processing /home/dataengineer/.pyenv/versions/3.9.21/lib/python3.9/site-packages/airflow/example_dags/example_bash_operator.py took 0.087 seconds
[2025-02-16T16:37:12.117+0700] {processor.py:186} INFO - Started process (PID=36316) to work on /home/dataengineer/.pyenv/versions/3.9.21/lib/python3.9/site-packages/airflow/example_dags/example_bash_operator.py
[2025-02-16T16:37:12.119+0700] {processor.py:914} INFO - Processing file /home/dataengineer/.pyenv/versions/3.9.21/lib/python3.9/site-packages/airflow/example_dags/example_bash_operator.py for tasks to queue
[2025-02-16T16:37:12.120+0700] {logging_mixin.py:190} INFO - [2025-02-16T16:37:12.120+0700] {dagbag.py:588} INFO - Filling up the DagBag from /home/dataengineer/.pyenv/versions/3.9.21/lib/python3.9/site-packages/airflow/example_dags/example_bash_operator.py
[2025-02-16T16:37:12.134+0700] {processor.py:925} INFO - DAG(s) 'example_bash_operator' retrieved from /home/dataengineer/.pyenv/versions/3.9.21/lib/python3.9/site-packages/airflow/example_dags/example_bash_operator.py
[2025-02-16T16:37:12.157+0700] {logging_mixin.py:190} INFO - [2025-02-16T16:37:12.157+0700] {dag.py:3239} INFO - Sync 1 DAGs
[2025-02-16T16:37:12.179+0700] {logging_mixin.py:190} INFO - [2025-02-16T16:37:12.178+0700] {dag.py:4180} INFO - Setting next_dagrun for example_bash_operator to 2025-02-15 00:00:00+00:00, run_after=2025-02-16 00:00:00+00:00
[2025-02-16T16:37:12.199+0700] {processor.py:208} INFO - Processing /home/dataengineer/.pyenv/versions/3.9.21/lib/python3.9/site-packages/airflow/example_dags/example_bash_operator.py took 0.087 seconds
[2025-02-16T16:38:26.466+0700] {processor.py:186} INFO - Started process (PID=36868) to work on /home/dataengineer/.pyenv/versions/3.9.21/lib/python3.9/site-packages/airflow/example_dags/example_bash_operator.py
[2025-02-16T16:38:26.468+0700] {processor.py:914} INFO - Processing file /home/dataengineer/.pyenv/versions/3.9.21/lib/python3.9/site-packages/airflow/example_dags/example_bash_operator.py for tasks to queue
[2025-02-16T16:38:26.469+0700] {logging_mixin.py:190} INFO - [2025-02-16T16:38:26.469+0700] {dagbag.py:588} INFO - Filling up the DagBag from /home/dataengineer/.pyenv/versions/3.9.21/lib/python3.9/site-packages/airflow/example_dags/example_bash_operator.py
[2025-02-16T16:38:26.485+0700] {processor.py:925} INFO - DAG(s) 'example_bash_operator' retrieved from /home/dataengineer/.pyenv/versions/3.9.21/lib/python3.9/site-packages/airflow/example_dags/example_bash_operator.py
[2025-02-16T16:38:26.509+0700] {logging_mixin.py:190} INFO - [2025-02-16T16:38:26.509+0700] {dag.py:3239} INFO - Sync 1 DAGs
[2025-02-16T16:38:26.532+0700] {logging_mixin.py:190} INFO - [2025-02-16T16:38:26.532+0700] {dag.py:4180} INFO - Setting next_dagrun for example_bash_operator to 2025-02-15 00:00:00+00:00, run_after=2025-02-16 00:00:00+00:00
[2025-02-16T16:38:26.554+0700] {processor.py:208} INFO - Processing /home/dataengineer/.pyenv/versions/3.9.21/lib/python3.9/site-packages/airflow/example_dags/example_bash_operator.py took 0.094 seconds
[2025-02-16T16:39:20.788+0700] {processor.py:186} INFO - Started process (PID=37090) to work on /home/dataengineer/.pyenv/versions/3.9.21/lib/python3.9/site-packages/airflow/example_dags/example_bash_operator.py
[2025-02-16T16:39:20.790+0700] {processor.py:914} INFO - Processing file /home/dataengineer/.pyenv/versions/3.9.21/lib/python3.9/site-packages/airflow/example_dags/example_bash_operator.py for tasks to queue
[2025-02-16T16:39:20.791+0700] {logging_mixin.py:190} INFO - [2025-02-16T16:39:20.791+0700] {dagbag.py:588} INFO - Filling up the DagBag from /home/dataengineer/.pyenv/versions/3.9.21/lib/python3.9/site-packages/airflow/example_dags/example_bash_operator.py
[2025-02-16T16:39:20.806+0700] {processor.py:925} INFO - DAG(s) 'example_bash_operator' retrieved from /home/dataengineer/.pyenv/versions/3.9.21/lib/python3.9/site-packages/airflow/example_dags/example_bash_operator.py
[2025-02-16T16:39:20.829+0700] {logging_mixin.py:190} INFO - [2025-02-16T16:39:20.829+0700] {dag.py:3239} INFO - Sync 1 DAGs
[2025-02-16T16:39:20.850+0700] {logging_mixin.py:190} INFO - [2025-02-16T16:39:20.850+0700] {dag.py:4180} INFO - Setting next_dagrun for example_bash_operator to 2025-02-15 00:00:00+00:00, run_after=2025-02-16 00:00:00+00:00
[2025-02-16T16:39:20.870+0700] {processor.py:208} INFO - Processing /home/dataengineer/.pyenv/versions/3.9.21/lib/python3.9/site-packages/airflow/example_dags/example_bash_operator.py took 0.088 seconds
[2025-02-16T16:40:34.138+0700] {processor.py:186} INFO - Started process (PID=37615) to work on /home/dataengineer/.pyenv/versions/3.9.21/lib/python3.9/site-packages/airflow/example_dags/example_bash_operator.py
[2025-02-16T16:40:34.139+0700] {processor.py:914} INFO - Processing file /home/dataengineer/.pyenv/versions/3.9.21/lib/python3.9/site-packages/airflow/example_dags/example_bash_operator.py for tasks to queue
[2025-02-16T16:40:34.141+0700] {logging_mixin.py:190} INFO - [2025-02-16T16:40:34.140+0700] {dagbag.py:588} INFO - Filling up the DagBag from /home/dataengineer/.pyenv/versions/3.9.21/lib/python3.9/site-packages/airflow/example_dags/example_bash_operator.py
[2025-02-16T16:40:34.155+0700] {processor.py:925} INFO - DAG(s) 'example_bash_operator' retrieved from /home/dataengineer/.pyenv/versions/3.9.21/lib/python3.9/site-packages/airflow/example_dags/example_bash_operator.py
[2025-02-16T16:40:34.179+0700] {logging_mixin.py:190} INFO - [2025-02-16T16:40:34.178+0700] {dag.py:3239} INFO - Sync 1 DAGs
[2025-02-16T16:40:34.200+0700] {logging_mixin.py:190} INFO - [2025-02-16T16:40:34.200+0700] {dag.py:4180} INFO - Setting next_dagrun for example_bash_operator to 2025-02-15 00:00:00+00:00, run_after=2025-02-16 00:00:00+00:00
[2025-02-16T16:40:34.219+0700] {processor.py:208} INFO - Processing /home/dataengineer/.pyenv/versions/3.9.21/lib/python3.9/site-packages/airflow/example_dags/example_bash_operator.py took 0.087 seconds
[2025-02-16T16:41:48.535+0700] {processor.py:186} INFO - Started process (PID=37971) to work on /home/dataengineer/.pyenv/versions/3.9.21/lib/python3.9/site-packages/airflow/example_dags/example_bash_operator.py
[2025-02-16T16:41:48.536+0700] {processor.py:914} INFO - Processing file /home/dataengineer/.pyenv/versions/3.9.21/lib/python3.9/site-packages/airflow/example_dags/example_bash_operator.py for tasks to queue
[2025-02-16T16:41:48.537+0700] {logging_mixin.py:190} INFO - [2025-02-16T16:41:48.537+0700] {dagbag.py:588} INFO - Filling up the DagBag from /home/dataengineer/.pyenv/versions/3.9.21/lib/python3.9/site-packages/airflow/example_dags/example_bash_operator.py
[2025-02-16T16:41:48.551+0700] {processor.py:925} INFO - DAG(s) 'example_bash_operator' retrieved from /home/dataengineer/.pyenv/versions/3.9.21/lib/python3.9/site-packages/airflow/example_dags/example_bash_operator.py
[2025-02-16T16:41:48.574+0700] {logging_mixin.py:190} INFO - [2025-02-16T16:41:48.574+0700] {dag.py:3239} INFO - Sync 1 DAGs
[2025-02-16T16:41:48.596+0700] {logging_mixin.py:190} INFO - [2025-02-16T16:41:48.596+0700] {dag.py:4180} INFO - Setting next_dagrun for example_bash_operator to 2025-02-15 00:00:00+00:00, run_after=2025-02-16 00:00:00+00:00
[2025-02-16T16:41:48.616+0700] {processor.py:208} INFO - Processing /home/dataengineer/.pyenv/versions/3.9.21/lib/python3.9/site-packages/airflow/example_dags/example_bash_operator.py took 0.086 seconds
[2025-02-16T16:43:01.583+0700] {processor.py:186} INFO - Started process (PID=38279) to work on /home/dataengineer/.pyenv/versions/3.9.21/lib/python3.9/site-packages/airflow/example_dags/example_bash_operator.py
[2025-02-16T16:43:01.584+0700] {processor.py:914} INFO - Processing file /home/dataengineer/.pyenv/versions/3.9.21/lib/python3.9/site-packages/airflow/example_dags/example_bash_operator.py for tasks to queue
[2025-02-16T16:43:01.585+0700] {logging_mixin.py:190} INFO - [2025-02-16T16:43:01.585+0700] {dagbag.py:588} INFO - Filling up the DagBag from /home/dataengineer/.pyenv/versions/3.9.21/lib/python3.9/site-packages/airflow/example_dags/example_bash_operator.py
[2025-02-16T16:43:01.599+0700] {processor.py:925} INFO - DAG(s) 'example_bash_operator' retrieved from /home/dataengineer/.pyenv/versions/3.9.21/lib/python3.9/site-packages/airflow/example_dags/example_bash_operator.py
[2025-02-16T16:43:01.620+0700] {logging_mixin.py:190} INFO - [2025-02-16T16:43:01.620+0700] {dag.py:3239} INFO - Sync 1 DAGs
[2025-02-16T16:43:01.639+0700] {logging_mixin.py:190} INFO - [2025-02-16T16:43:01.639+0700] {dag.py:4180} INFO - Setting next_dagrun for example_bash_operator to 2025-02-15 00:00:00+00:00, run_after=2025-02-16 00:00:00+00:00
[2025-02-16T16:43:01.660+0700] {processor.py:208} INFO - Processing /home/dataengineer/.pyenv/versions/3.9.21/lib/python3.9/site-packages/airflow/example_dags/example_bash_operator.py took 0.083 seconds
[2025-02-16T16:44:10.192+0700] {processor.py:186} INFO - Started process (PID=38583) to work on /home/dataengineer/.pyenv/versions/3.9.21/lib/python3.9/site-packages/airflow/example_dags/example_bash_operator.py
[2025-02-16T16:44:10.193+0700] {processor.py:914} INFO - Processing file /home/dataengineer/.pyenv/versions/3.9.21/lib/python3.9/site-packages/airflow/example_dags/example_bash_operator.py for tasks to queue
[2025-02-16T16:44:10.195+0700] {logging_mixin.py:190} INFO - [2025-02-16T16:44:10.194+0700] {dagbag.py:588} INFO - Filling up the DagBag from /home/dataengineer/.pyenv/versions/3.9.21/lib/python3.9/site-packages/airflow/example_dags/example_bash_operator.py
[2025-02-16T16:44:10.222+0700] {processor.py:925} INFO - DAG(s) 'example_bash_operator' retrieved from /home/dataengineer/.pyenv/versions/3.9.21/lib/python3.9/site-packages/airflow/example_dags/example_bash_operator.py
[2025-02-16T16:44:10.259+0700] {logging_mixin.py:190} INFO - [2025-02-16T16:44:10.258+0700] {dag.py:3239} INFO - Sync 1 DAGs
[2025-02-16T16:44:10.284+0700] {logging_mixin.py:190} INFO - [2025-02-16T16:44:10.283+0700] {dag.py:4180} INFO - Setting next_dagrun for example_bash_operator to 2025-02-15 00:00:00+00:00, run_after=2025-02-16 00:00:00+00:00
[2025-02-16T16:44:10.309+0700] {processor.py:208} INFO - Processing /home/dataengineer/.pyenv/versions/3.9.21/lib/python3.9/site-packages/airflow/example_dags/example_bash_operator.py took 0.124 seconds
[2025-02-16T16:45:21.475+0700] {processor.py:186} INFO - Started process (PID=38888) to work on /home/dataengineer/.pyenv/versions/3.9.21/lib/python3.9/site-packages/airflow/example_dags/example_bash_operator.py
[2025-02-16T16:45:21.476+0700] {processor.py:914} INFO - Processing file /home/dataengineer/.pyenv/versions/3.9.21/lib/python3.9/site-packages/airflow/example_dags/example_bash_operator.py for tasks to queue
[2025-02-16T16:45:21.477+0700] {logging_mixin.py:190} INFO - [2025-02-16T16:45:21.477+0700] {dagbag.py:588} INFO - Filling up the DagBag from /home/dataengineer/.pyenv/versions/3.9.21/lib/python3.9/site-packages/airflow/example_dags/example_bash_operator.py
[2025-02-16T16:45:21.491+0700] {processor.py:925} INFO - DAG(s) 'example_bash_operator' retrieved from /home/dataengineer/.pyenv/versions/3.9.21/lib/python3.9/site-packages/airflow/example_dags/example_bash_operator.py
[2025-02-16T16:45:21.516+0700] {logging_mixin.py:190} INFO - [2025-02-16T16:45:21.516+0700] {dag.py:3239} INFO - Sync 1 DAGs
[2025-02-16T16:45:21.538+0700] {logging_mixin.py:190} INFO - [2025-02-16T16:45:21.538+0700] {dag.py:4180} INFO - Setting next_dagrun for example_bash_operator to 2025-02-15 00:00:00+00:00, run_after=2025-02-16 00:00:00+00:00
[2025-02-16T16:45:21.559+0700] {processor.py:208} INFO - Processing /home/dataengineer/.pyenv/versions/3.9.21/lib/python3.9/site-packages/airflow/example_dags/example_bash_operator.py took 0.091 seconds
[2025-02-16T16:46:30.426+0700] {processor.py:186} INFO - Started process (PID=39206) to work on /home/dataengineer/.pyenv/versions/3.9.21/lib/python3.9/site-packages/airflow/example_dags/example_bash_operator.py
[2025-02-16T16:46:30.428+0700] {processor.py:914} INFO - Processing file /home/dataengineer/.pyenv/versions/3.9.21/lib/python3.9/site-packages/airflow/example_dags/example_bash_operator.py for tasks to queue
[2025-02-16T16:46:30.429+0700] {logging_mixin.py:190} INFO - [2025-02-16T16:46:30.428+0700] {dagbag.py:588} INFO - Filling up the DagBag from /home/dataengineer/.pyenv/versions/3.9.21/lib/python3.9/site-packages/airflow/example_dags/example_bash_operator.py
[2025-02-16T16:46:30.442+0700] {processor.py:925} INFO - DAG(s) 'example_bash_operator' retrieved from /home/dataengineer/.pyenv/versions/3.9.21/lib/python3.9/site-packages/airflow/example_dags/example_bash_operator.py
[2025-02-16T16:46:30.464+0700] {logging_mixin.py:190} INFO - [2025-02-16T16:46:30.464+0700] {dag.py:3239} INFO - Sync 1 DAGs
[2025-02-16T16:46:30.483+0700] {logging_mixin.py:190} INFO - [2025-02-16T16:46:30.483+0700] {dag.py:4180} INFO - Setting next_dagrun for example_bash_operator to 2025-02-15 00:00:00+00:00, run_after=2025-02-16 00:00:00+00:00
[2025-02-16T16:46:30.502+0700] {processor.py:208} INFO - Processing /home/dataengineer/.pyenv/versions/3.9.21/lib/python3.9/site-packages/airflow/example_dags/example_bash_operator.py took 0.081 seconds
[2025-02-16T16:47:41.130+0700] {processor.py:186} INFO - Started process (PID=39500) to work on /home/dataengineer/.pyenv/versions/3.9.21/lib/python3.9/site-packages/airflow/example_dags/example_bash_operator.py
[2025-02-16T16:47:41.132+0700] {processor.py:914} INFO - Processing file /home/dataengineer/.pyenv/versions/3.9.21/lib/python3.9/site-packages/airflow/example_dags/example_bash_operator.py for tasks to queue
[2025-02-16T16:47:41.133+0700] {logging_mixin.py:190} INFO - [2025-02-16T16:47:41.132+0700] {dagbag.py:588} INFO - Filling up the DagBag from /home/dataengineer/.pyenv/versions/3.9.21/lib/python3.9/site-packages/airflow/example_dags/example_bash_operator.py
[2025-02-16T16:47:41.148+0700] {processor.py:925} INFO - DAG(s) 'example_bash_operator' retrieved from /home/dataengineer/.pyenv/versions/3.9.21/lib/python3.9/site-packages/airflow/example_dags/example_bash_operator.py
[2025-02-16T16:47:41.171+0700] {logging_mixin.py:190} INFO - [2025-02-16T16:47:41.171+0700] {dag.py:3239} INFO - Sync 1 DAGs
[2025-02-16T16:47:41.197+0700] {logging_mixin.py:190} INFO - [2025-02-16T16:47:41.196+0700] {dag.py:4180} INFO - Setting next_dagrun for example_bash_operator to 2025-02-15 00:00:00+00:00, run_after=2025-02-16 00:00:00+00:00
[2025-02-16T16:47:41.225+0700] {processor.py:208} INFO - Processing /home/dataengineer/.pyenv/versions/3.9.21/lib/python3.9/site-packages/airflow/example_dags/example_bash_operator.py took 0.100 seconds
[2025-02-16T16:48:52.167+0700] {processor.py:186} INFO - Started process (PID=39895) to work on /home/dataengineer/.pyenv/versions/3.9.21/lib/python3.9/site-packages/airflow/example_dags/example_bash_operator.py
[2025-02-16T16:48:52.168+0700] {processor.py:914} INFO - Processing file /home/dataengineer/.pyenv/versions/3.9.21/lib/python3.9/site-packages/airflow/example_dags/example_bash_operator.py for tasks to queue
[2025-02-16T16:48:52.169+0700] {logging_mixin.py:190} INFO - [2025-02-16T16:48:52.169+0700] {dagbag.py:588} INFO - Filling up the DagBag from /home/dataengineer/.pyenv/versions/3.9.21/lib/python3.9/site-packages/airflow/example_dags/example_bash_operator.py
[2025-02-16T16:48:52.184+0700] {processor.py:925} INFO - DAG(s) 'example_bash_operator' retrieved from /home/dataengineer/.pyenv/versions/3.9.21/lib/python3.9/site-packages/airflow/example_dags/example_bash_operator.py
[2025-02-16T16:48:52.209+0700] {logging_mixin.py:190} INFO - [2025-02-16T16:48:52.209+0700] {dag.py:3239} INFO - Sync 1 DAGs
[2025-02-16T16:48:52.232+0700] {logging_mixin.py:190} INFO - [2025-02-16T16:48:52.232+0700] {dag.py:4180} INFO - Setting next_dagrun for example_bash_operator to 2025-02-15 00:00:00+00:00, run_after=2025-02-16 00:00:00+00:00
[2025-02-16T16:48:52.256+0700] {processor.py:208} INFO - Processing /home/dataengineer/.pyenv/versions/3.9.21/lib/python3.9/site-packages/airflow/example_dags/example_bash_operator.py took 0.095 seconds
[2025-02-16T16:50:07.153+0700] {processor.py:186} INFO - Started process (PID=40231) to work on /home/dataengineer/.pyenv/versions/3.9.21/lib/python3.9/site-packages/airflow/example_dags/example_bash_operator.py
[2025-02-16T16:50:07.154+0700] {processor.py:914} INFO - Processing file /home/dataengineer/.pyenv/versions/3.9.21/lib/python3.9/site-packages/airflow/example_dags/example_bash_operator.py for tasks to queue
[2025-02-16T16:50:07.155+0700] {logging_mixin.py:190} INFO - [2025-02-16T16:50:07.155+0700] {dagbag.py:588} INFO - Filling up the DagBag from /home/dataengineer/.pyenv/versions/3.9.21/lib/python3.9/site-packages/airflow/example_dags/example_bash_operator.py
[2025-02-16T16:50:07.169+0700] {processor.py:925} INFO - DAG(s) 'example_bash_operator' retrieved from /home/dataengineer/.pyenv/versions/3.9.21/lib/python3.9/site-packages/airflow/example_dags/example_bash_operator.py
[2025-02-16T16:50:07.192+0700] {logging_mixin.py:190} INFO - [2025-02-16T16:50:07.192+0700] {dag.py:3239} INFO - Sync 1 DAGs
[2025-02-16T16:50:07.212+0700] {logging_mixin.py:190} INFO - [2025-02-16T16:50:07.212+0700] {dag.py:4180} INFO - Setting next_dagrun for example_bash_operator to 2025-02-15 00:00:00+00:00, run_after=2025-02-16 00:00:00+00:00
[2025-02-16T16:50:07.231+0700] {processor.py:208} INFO - Processing /home/dataengineer/.pyenv/versions/3.9.21/lib/python3.9/site-packages/airflow/example_dags/example_bash_operator.py took 0.085 seconds
[2025-02-16T16:51:21.112+0700] {processor.py:186} INFO - Started process (PID=40573) to work on /home/dataengineer/.pyenv/versions/3.9.21/lib/python3.9/site-packages/airflow/example_dags/example_bash_operator.py
[2025-02-16T16:51:21.113+0700] {processor.py:914} INFO - Processing file /home/dataengineer/.pyenv/versions/3.9.21/lib/python3.9/site-packages/airflow/example_dags/example_bash_operator.py for tasks to queue
[2025-02-16T16:51:21.114+0700] {logging_mixin.py:190} INFO - [2025-02-16T16:51:21.114+0700] {dagbag.py:588} INFO - Filling up the DagBag from /home/dataengineer/.pyenv/versions/3.9.21/lib/python3.9/site-packages/airflow/example_dags/example_bash_operator.py
[2025-02-16T16:51:21.131+0700] {processor.py:925} INFO - DAG(s) 'example_bash_operator' retrieved from /home/dataengineer/.pyenv/versions/3.9.21/lib/python3.9/site-packages/airflow/example_dags/example_bash_operator.py
[2025-02-16T16:51:21.157+0700] {logging_mixin.py:190} INFO - [2025-02-16T16:51:21.157+0700] {dag.py:3239} INFO - Sync 1 DAGs
[2025-02-16T16:51:21.179+0700] {logging_mixin.py:190} INFO - [2025-02-16T16:51:21.179+0700] {dag.py:4180} INFO - Setting next_dagrun for example_bash_operator to 2025-02-15 00:00:00+00:00, run_after=2025-02-16 00:00:00+00:00
[2025-02-16T16:51:21.202+0700] {processor.py:208} INFO - Processing /home/dataengineer/.pyenv/versions/3.9.21/lib/python3.9/site-packages/airflow/example_dags/example_bash_operator.py took 0.096 seconds
[2025-02-16T16:52:29.709+0700] {processor.py:186} INFO - Started process (PID=40861) to work on /home/dataengineer/.pyenv/versions/3.9.21/lib/python3.9/site-packages/airflow/example_dags/example_bash_operator.py
[2025-02-16T16:52:29.710+0700] {processor.py:914} INFO - Processing file /home/dataengineer/.pyenv/versions/3.9.21/lib/python3.9/site-packages/airflow/example_dags/example_bash_operator.py for tasks to queue
[2025-02-16T16:52:29.711+0700] {logging_mixin.py:190} INFO - [2025-02-16T16:52:29.711+0700] {dagbag.py:588} INFO - Filling up the DagBag from /home/dataengineer/.pyenv/versions/3.9.21/lib/python3.9/site-packages/airflow/example_dags/example_bash_operator.py
[2025-02-16T16:52:29.726+0700] {processor.py:925} INFO - DAG(s) 'example_bash_operator' retrieved from /home/dataengineer/.pyenv/versions/3.9.21/lib/python3.9/site-packages/airflow/example_dags/example_bash_operator.py
[2025-02-16T16:52:29.749+0700] {logging_mixin.py:190} INFO - [2025-02-16T16:52:29.749+0700] {dag.py:3239} INFO - Sync 1 DAGs
[2025-02-16T16:52:29.769+0700] {logging_mixin.py:190} INFO - [2025-02-16T16:52:29.769+0700] {dag.py:4180} INFO - Setting next_dagrun for example_bash_operator to 2025-02-15 00:00:00+00:00, run_after=2025-02-16 00:00:00+00:00
[2025-02-16T16:52:29.789+0700] {processor.py:208} INFO - Processing /home/dataengineer/.pyenv/versions/3.9.21/lib/python3.9/site-packages/airflow/example_dags/example_bash_operator.py took 0.085 seconds
[2025-02-16T16:53:47.353+0700] {processor.py:186} INFO - Started process (PID=41208) to work on /home/dataengineer/.pyenv/versions/3.9.21/lib/python3.9/site-packages/airflow/example_dags/example_bash_operator.py
[2025-02-16T16:53:47.354+0700] {processor.py:914} INFO - Processing file /home/dataengineer/.pyenv/versions/3.9.21/lib/python3.9/site-packages/airflow/example_dags/example_bash_operator.py for tasks to queue
[2025-02-16T16:53:47.355+0700] {logging_mixin.py:190} INFO - [2025-02-16T16:53:47.355+0700] {dagbag.py:588} INFO - Filling up the DagBag from /home/dataengineer/.pyenv/versions/3.9.21/lib/python3.9/site-packages/airflow/example_dags/example_bash_operator.py
[2025-02-16T16:53:47.372+0700] {processor.py:925} INFO - DAG(s) 'example_bash_operator' retrieved from /home/dataengineer/.pyenv/versions/3.9.21/lib/python3.9/site-packages/airflow/example_dags/example_bash_operator.py
[2025-02-16T16:53:47.396+0700] {logging_mixin.py:190} INFO - [2025-02-16T16:53:47.396+0700] {dag.py:3239} INFO - Sync 1 DAGs
[2025-02-16T16:53:47.417+0700] {logging_mixin.py:190} INFO - [2025-02-16T16:53:47.417+0700] {dag.py:4180} INFO - Setting next_dagrun for example_bash_operator to 2025-02-15 00:00:00+00:00, run_after=2025-02-16 00:00:00+00:00
[2025-02-16T16:53:47.439+0700] {processor.py:208} INFO - Processing /home/dataengineer/.pyenv/versions/3.9.21/lib/python3.9/site-packages/airflow/example_dags/example_bash_operator.py took 0.093 seconds
[2025-02-16T16:54:58.804+0700] {processor.py:186} INFO - Started process (PID=41542) to work on /home/dataengineer/.pyenv/versions/3.9.21/lib/python3.9/site-packages/airflow/example_dags/example_bash_operator.py
[2025-02-16T16:54:58.805+0700] {processor.py:914} INFO - Processing file /home/dataengineer/.pyenv/versions/3.9.21/lib/python3.9/site-packages/airflow/example_dags/example_bash_operator.py for tasks to queue
[2025-02-16T16:54:58.806+0700] {logging_mixin.py:190} INFO - [2025-02-16T16:54:58.806+0700] {dagbag.py:588} INFO - Filling up the DagBag from /home/dataengineer/.pyenv/versions/3.9.21/lib/python3.9/site-packages/airflow/example_dags/example_bash_operator.py
[2025-02-16T16:54:58.822+0700] {processor.py:925} INFO - DAG(s) 'example_bash_operator' retrieved from /home/dataengineer/.pyenv/versions/3.9.21/lib/python3.9/site-packages/airflow/example_dags/example_bash_operator.py
[2025-02-16T16:54:58.846+0700] {logging_mixin.py:190} INFO - [2025-02-16T16:54:58.846+0700] {dag.py:3239} INFO - Sync 1 DAGs
[2025-02-16T16:54:58.868+0700] {logging_mixin.py:190} INFO - [2025-02-16T16:54:58.868+0700] {dag.py:4180} INFO - Setting next_dagrun for example_bash_operator to 2025-02-15 00:00:00+00:00, run_after=2025-02-16 00:00:00+00:00
[2025-02-16T16:54:58.889+0700] {processor.py:208} INFO - Processing /home/dataengineer/.pyenv/versions/3.9.21/lib/python3.9/site-packages/airflow/example_dags/example_bash_operator.py took 0.091 seconds
[2025-02-16T16:56:13.727+0700] {processor.py:186} INFO - Started process (PID=41859) to work on /home/dataengineer/.pyenv/versions/3.9.21/lib/python3.9/site-packages/airflow/example_dags/example_bash_operator.py
[2025-02-16T16:56:13.728+0700] {processor.py:914} INFO - Processing file /home/dataengineer/.pyenv/versions/3.9.21/lib/python3.9/site-packages/airflow/example_dags/example_bash_operator.py for tasks to queue
[2025-02-16T16:56:13.730+0700] {logging_mixin.py:190} INFO - [2025-02-16T16:56:13.729+0700] {dagbag.py:588} INFO - Filling up the DagBag from /home/dataengineer/.pyenv/versions/3.9.21/lib/python3.9/site-packages/airflow/example_dags/example_bash_operator.py
[2025-02-16T16:56:13.745+0700] {processor.py:925} INFO - DAG(s) 'example_bash_operator' retrieved from /home/dataengineer/.pyenv/versions/3.9.21/lib/python3.9/site-packages/airflow/example_dags/example_bash_operator.py
[2025-02-16T16:56:13.770+0700] {logging_mixin.py:190} INFO - [2025-02-16T16:56:13.769+0700] {dag.py:3239} INFO - Sync 1 DAGs
[2025-02-16T16:56:13.791+0700] {logging_mixin.py:190} INFO - [2025-02-16T16:56:13.791+0700] {dag.py:4180} INFO - Setting next_dagrun for example_bash_operator to 2025-02-15 00:00:00+00:00, run_after=2025-02-16 00:00:00+00:00
[2025-02-16T16:56:13.811+0700] {processor.py:208} INFO - Processing /home/dataengineer/.pyenv/versions/3.9.21/lib/python3.9/site-packages/airflow/example_dags/example_bash_operator.py took 0.090 seconds
[2025-02-16T16:57:21.647+0700] {processor.py:186} INFO - Started process (PID=42507) to work on /home/dataengineer/.pyenv/versions/3.9.21/lib/python3.9/site-packages/airflow/example_dags/example_bash_operator.py
[2025-02-16T16:57:21.648+0700] {processor.py:914} INFO - Processing file /home/dataengineer/.pyenv/versions/3.9.21/lib/python3.9/site-packages/airflow/example_dags/example_bash_operator.py for tasks to queue
[2025-02-16T16:57:21.650+0700] {logging_mixin.py:190} INFO - [2025-02-16T16:57:21.649+0700] {dagbag.py:588} INFO - Filling up the DagBag from /home/dataengineer/.pyenv/versions/3.9.21/lib/python3.9/site-packages/airflow/example_dags/example_bash_operator.py
[2025-02-16T16:57:21.665+0700] {processor.py:925} INFO - DAG(s) 'example_bash_operator' retrieved from /home/dataengineer/.pyenv/versions/3.9.21/lib/python3.9/site-packages/airflow/example_dags/example_bash_operator.py
[2025-02-16T16:57:21.691+0700] {logging_mixin.py:190} INFO - [2025-02-16T16:57:21.691+0700] {dag.py:3239} INFO - Sync 1 DAGs
[2025-02-16T16:57:21.717+0700] {logging_mixin.py:190} INFO - [2025-02-16T16:57:21.716+0700] {dag.py:4180} INFO - Setting next_dagrun for example_bash_operator to 2025-02-15 00:00:00+00:00, run_after=2025-02-16 00:00:00+00:00
[2025-02-16T16:57:21.741+0700] {processor.py:208} INFO - Processing /home/dataengineer/.pyenv/versions/3.9.21/lib/python3.9/site-packages/airflow/example_dags/example_bash_operator.py took 0.100 seconds
[2025-02-16T16:58:37.659+0700] {processor.py:186} INFO - Started process (PID=43135) to work on /home/dataengineer/.pyenv/versions/3.9.21/lib/python3.9/site-packages/airflow/example_dags/example_bash_operator.py
[2025-02-16T16:58:37.660+0700] {processor.py:914} INFO - Processing file /home/dataengineer/.pyenv/versions/3.9.21/lib/python3.9/site-packages/airflow/example_dags/example_bash_operator.py for tasks to queue
[2025-02-16T16:58:37.662+0700] {logging_mixin.py:190} INFO - [2025-02-16T16:58:37.661+0700] {dagbag.py:588} INFO - Filling up the DagBag from /home/dataengineer/.pyenv/versions/3.9.21/lib/python3.9/site-packages/airflow/example_dags/example_bash_operator.py
[2025-02-16T16:58:37.677+0700] {processor.py:925} INFO - DAG(s) 'example_bash_operator' retrieved from /home/dataengineer/.pyenv/versions/3.9.21/lib/python3.9/site-packages/airflow/example_dags/example_bash_operator.py
[2025-02-16T16:58:37.701+0700] {logging_mixin.py:190} INFO - [2025-02-16T16:58:37.701+0700] {dag.py:3239} INFO - Sync 1 DAGs
[2025-02-16T16:58:37.723+0700] {logging_mixin.py:190} INFO - [2025-02-16T16:58:37.723+0700] {dag.py:4180} INFO - Setting next_dagrun for example_bash_operator to 2025-02-15 00:00:00+00:00, run_after=2025-02-16 00:00:00+00:00
[2025-02-16T16:58:37.743+0700] {processor.py:208} INFO - Processing /home/dataengineer/.pyenv/versions/3.9.21/lib/python3.9/site-packages/airflow/example_dags/example_bash_operator.py took 0.090 seconds
[2025-02-16T16:59:53.268+0700] {processor.py:186} INFO - Started process (PID=43457) to work on /home/dataengineer/.pyenv/versions/3.9.21/lib/python3.9/site-packages/airflow/example_dags/example_bash_operator.py
[2025-02-16T16:59:53.269+0700] {processor.py:914} INFO - Processing file /home/dataengineer/.pyenv/versions/3.9.21/lib/python3.9/site-packages/airflow/example_dags/example_bash_operator.py for tasks to queue
[2025-02-16T16:59:53.270+0700] {logging_mixin.py:190} INFO - [2025-02-16T16:59:53.270+0700] {dagbag.py:588} INFO - Filling up the DagBag from /home/dataengineer/.pyenv/versions/3.9.21/lib/python3.9/site-packages/airflow/example_dags/example_bash_operator.py
[2025-02-16T16:59:53.284+0700] {processor.py:925} INFO - DAG(s) 'example_bash_operator' retrieved from /home/dataengineer/.pyenv/versions/3.9.21/lib/python3.9/site-packages/airflow/example_dags/example_bash_operator.py
[2025-02-16T16:59:53.306+0700] {logging_mixin.py:190} INFO - [2025-02-16T16:59:53.306+0700] {dag.py:3239} INFO - Sync 1 DAGs
[2025-02-16T16:59:53.326+0700] {logging_mixin.py:190} INFO - [2025-02-16T16:59:53.326+0700] {dag.py:4180} INFO - Setting next_dagrun for example_bash_operator to 2025-02-15 00:00:00+00:00, run_after=2025-02-16 00:00:00+00:00
[2025-02-16T16:59:53.346+0700] {processor.py:208} INFO - Processing /home/dataengineer/.pyenv/versions/3.9.21/lib/python3.9/site-packages/airflow/example_dags/example_bash_operator.py took 0.084 seconds
