[2025-02-16T15:58:07.304+0700] {processor.py:186} INFO - Started process (PID=25577) to work on /home/dataengineer/.pyenv/versions/3.9.21/lib/python3.9/site-packages/airflow/example_dags/example_dynamic_task_mapping.py
[2025-02-16T15:58:07.305+0700] {processor.py:914} INFO - Processing file /home/dataengineer/.pyenv/versions/3.9.21/lib/python3.9/site-packages/airflow/example_dags/example_dynamic_task_mapping.py for tasks to queue
[2025-02-16T15:58:07.307+0700] {logging_mixin.py:190} INFO - [2025-02-16T15:58:07.306+0700] {dagbag.py:588} INFO - Filling up the DagBag from /home/dataengineer/.pyenv/versions/3.9.21/lib/python3.9/site-packages/airflow/example_dags/example_dynamic_task_mapping.py
[2025-02-16T15:58:07.314+0700] {processor.py:925} INFO - DAG(s) 'example_dynamic_task_mapping' retrieved from /home/dataengineer/.pyenv/versions/3.9.21/lib/python3.9/site-packages/airflow/example_dags/example_dynamic_task_mapping.py
[2025-02-16T15:58:07.328+0700] {logging_mixin.py:190} INFO - [2025-02-16T15:58:07.328+0700] {dag.py:3239} INFO - Sync 1 DAGs
[2025-02-16T15:58:07.341+0700] {logging_mixin.py:190} INFO - [2025-02-16T15:58:07.341+0700] {dag.py:4180} INFO - Setting next_dagrun for example_dynamic_task_mapping to None, run_after=None
[2025-02-16T15:58:07.360+0700] {processor.py:208} INFO - Processing /home/dataengineer/.pyenv/versions/3.9.21/lib/python3.9/site-packages/airflow/example_dags/example_dynamic_task_mapping.py took 0.061 seconds
[2025-02-16T15:59:23.784+0700] {processor.py:186} INFO - Started process (PID=25891) to work on /home/dataengineer/.pyenv/versions/3.9.21/lib/python3.9/site-packages/airflow/example_dags/example_dynamic_task_mapping.py
[2025-02-16T15:59:23.785+0700] {processor.py:914} INFO - Processing file /home/dataengineer/.pyenv/versions/3.9.21/lib/python3.9/site-packages/airflow/example_dags/example_dynamic_task_mapping.py for tasks to queue
[2025-02-16T15:59:23.786+0700] {logging_mixin.py:190} INFO - [2025-02-16T15:59:23.786+0700] {dagbag.py:588} INFO - Filling up the DagBag from /home/dataengineer/.pyenv/versions/3.9.21/lib/python3.9/site-packages/airflow/example_dags/example_dynamic_task_mapping.py
[2025-02-16T15:59:23.797+0700] {processor.py:925} INFO - DAG(s) 'example_dynamic_task_mapping' retrieved from /home/dataengineer/.pyenv/versions/3.9.21/lib/python3.9/site-packages/airflow/example_dags/example_dynamic_task_mapping.py
[2025-02-16T15:59:23.814+0700] {logging_mixin.py:190} INFO - [2025-02-16T15:59:23.813+0700] {dag.py:3239} INFO - Sync 1 DAGs
[2025-02-16T15:59:23.827+0700] {logging_mixin.py:190} INFO - [2025-02-16T15:59:23.826+0700] {dag.py:4180} INFO - Setting next_dagrun for example_dynamic_task_mapping to None, run_after=None
[2025-02-16T15:59:23.848+0700] {processor.py:208} INFO - Processing /home/dataengineer/.pyenv/versions/3.9.21/lib/python3.9/site-packages/airflow/example_dags/example_dynamic_task_mapping.py took 0.071 seconds
[2025-02-16T16:00:37.551+0700] {processor.py:186} INFO - Started process (PID=26279) to work on /home/dataengineer/.pyenv/versions/3.9.21/lib/python3.9/site-packages/airflow/example_dags/example_dynamic_task_mapping.py
[2025-02-16T16:00:37.553+0700] {processor.py:914} INFO - Processing file /home/dataengineer/.pyenv/versions/3.9.21/lib/python3.9/site-packages/airflow/example_dags/example_dynamic_task_mapping.py for tasks to queue
[2025-02-16T16:00:37.554+0700] {logging_mixin.py:190} INFO - [2025-02-16T16:00:37.554+0700] {dagbag.py:588} INFO - Filling up the DagBag from /home/dataengineer/.pyenv/versions/3.9.21/lib/python3.9/site-packages/airflow/example_dags/example_dynamic_task_mapping.py
[2025-02-16T16:00:37.564+0700] {processor.py:925} INFO - DAG(s) 'example_dynamic_task_mapping' retrieved from /home/dataengineer/.pyenv/versions/3.9.21/lib/python3.9/site-packages/airflow/example_dags/example_dynamic_task_mapping.py
[2025-02-16T16:00:37.578+0700] {logging_mixin.py:190} INFO - [2025-02-16T16:00:37.578+0700] {dag.py:3239} INFO - Sync 1 DAGs
[2025-02-16T16:00:37.593+0700] {logging_mixin.py:190} INFO - [2025-02-16T16:00:37.593+0700] {dag.py:4180} INFO - Setting next_dagrun for example_dynamic_task_mapping to None, run_after=None
[2025-02-16T16:00:37.614+0700] {processor.py:208} INFO - Processing /home/dataengineer/.pyenv/versions/3.9.21/lib/python3.9/site-packages/airflow/example_dags/example_dynamic_task_mapping.py took 0.069 seconds
[2025-02-16T16:01:59.433+0700] {processor.py:186} INFO - Started process (PID=26828) to work on /home/dataengineer/.pyenv/versions/3.9.21/lib/python3.9/site-packages/airflow/example_dags/example_dynamic_task_mapping.py
[2025-02-16T16:01:59.434+0700] {processor.py:914} INFO - Processing file /home/dataengineer/.pyenv/versions/3.9.21/lib/python3.9/site-packages/airflow/example_dags/example_dynamic_task_mapping.py for tasks to queue
[2025-02-16T16:01:59.436+0700] {logging_mixin.py:190} INFO - [2025-02-16T16:01:59.435+0700] {dagbag.py:588} INFO - Filling up the DagBag from /home/dataengineer/.pyenv/versions/3.9.21/lib/python3.9/site-packages/airflow/example_dags/example_dynamic_task_mapping.py
[2025-02-16T16:01:59.446+0700] {processor.py:925} INFO - DAG(s) 'example_dynamic_task_mapping' retrieved from /home/dataengineer/.pyenv/versions/3.9.21/lib/python3.9/site-packages/airflow/example_dags/example_dynamic_task_mapping.py
[2025-02-16T16:01:59.460+0700] {logging_mixin.py:190} INFO - [2025-02-16T16:01:59.460+0700] {dag.py:3239} INFO - Sync 1 DAGs
[2025-02-16T16:01:59.473+0700] {logging_mixin.py:190} INFO - [2025-02-16T16:01:59.473+0700] {dag.py:4180} INFO - Setting next_dagrun for example_dynamic_task_mapping to None, run_after=None
[2025-02-16T16:01:59.495+0700] {processor.py:208} INFO - Processing /home/dataengineer/.pyenv/versions/3.9.21/lib/python3.9/site-packages/airflow/example_dags/example_dynamic_task_mapping.py took 0.068 seconds
[2025-02-16T16:02:58.162+0700] {processor.py:186} INFO - Started process (PID=27220) to work on /home/dataengineer/.pyenv/versions/3.9.21/lib/python3.9/site-packages/airflow/example_dags/example_dynamic_task_mapping.py
[2025-02-16T16:02:58.163+0700] {processor.py:914} INFO - Processing file /home/dataengineer/.pyenv/versions/3.9.21/lib/python3.9/site-packages/airflow/example_dags/example_dynamic_task_mapping.py for tasks to queue
[2025-02-16T16:02:58.164+0700] {logging_mixin.py:190} INFO - [2025-02-16T16:02:58.164+0700] {dagbag.py:588} INFO - Filling up the DagBag from /home/dataengineer/.pyenv/versions/3.9.21/lib/python3.9/site-packages/airflow/example_dags/example_dynamic_task_mapping.py
[2025-02-16T16:02:58.173+0700] {processor.py:925} INFO - DAG(s) 'example_dynamic_task_mapping' retrieved from /home/dataengineer/.pyenv/versions/3.9.21/lib/python3.9/site-packages/airflow/example_dags/example_dynamic_task_mapping.py
[2025-02-16T16:02:58.186+0700] {logging_mixin.py:190} INFO - [2025-02-16T16:02:58.185+0700] {dag.py:3239} INFO - Sync 1 DAGs
[2025-02-16T16:02:58.197+0700] {logging_mixin.py:190} INFO - [2025-02-16T16:02:58.197+0700] {dag.py:4180} INFO - Setting next_dagrun for example_dynamic_task_mapping to None, run_after=None
[2025-02-16T16:02:58.215+0700] {processor.py:208} INFO - Processing /home/dataengineer/.pyenv/versions/3.9.21/lib/python3.9/site-packages/airflow/example_dags/example_dynamic_task_mapping.py took 0.058 seconds
[2025-02-16T16:04:07.550+0700] {processor.py:186} INFO - Started process (PID=27509) to work on /home/dataengineer/.pyenv/versions/3.9.21/lib/python3.9/site-packages/airflow/example_dags/example_dynamic_task_mapping.py
[2025-02-16T16:04:07.551+0700] {processor.py:914} INFO - Processing file /home/dataengineer/.pyenv/versions/3.9.21/lib/python3.9/site-packages/airflow/example_dags/example_dynamic_task_mapping.py for tasks to queue
[2025-02-16T16:04:07.552+0700] {logging_mixin.py:190} INFO - [2025-02-16T16:04:07.552+0700] {dagbag.py:588} INFO - Filling up the DagBag from /home/dataengineer/.pyenv/versions/3.9.21/lib/python3.9/site-packages/airflow/example_dags/example_dynamic_task_mapping.py
[2025-02-16T16:04:07.561+0700] {processor.py:925} INFO - DAG(s) 'example_dynamic_task_mapping' retrieved from /home/dataengineer/.pyenv/versions/3.9.21/lib/python3.9/site-packages/airflow/example_dags/example_dynamic_task_mapping.py
[2025-02-16T16:04:07.578+0700] {logging_mixin.py:190} INFO - [2025-02-16T16:04:07.578+0700] {dag.py:3239} INFO - Sync 1 DAGs
[2025-02-16T16:04:07.590+0700] {logging_mixin.py:190} INFO - [2025-02-16T16:04:07.590+0700] {dag.py:4180} INFO - Setting next_dagrun for example_dynamic_task_mapping to None, run_after=None
[2025-02-16T16:04:07.610+0700] {processor.py:208} INFO - Processing /home/dataengineer/.pyenv/versions/3.9.21/lib/python3.9/site-packages/airflow/example_dags/example_dynamic_task_mapping.py took 0.066 seconds
[2025-02-16T16:05:25.327+0700] {processor.py:186} INFO - Started process (PID=27838) to work on /home/dataengineer/.pyenv/versions/3.9.21/lib/python3.9/site-packages/airflow/example_dags/example_dynamic_task_mapping.py
[2025-02-16T16:05:25.328+0700] {processor.py:914} INFO - Processing file /home/dataengineer/.pyenv/versions/3.9.21/lib/python3.9/site-packages/airflow/example_dags/example_dynamic_task_mapping.py for tasks to queue
[2025-02-16T16:05:25.329+0700] {logging_mixin.py:190} INFO - [2025-02-16T16:05:25.329+0700] {dagbag.py:588} INFO - Filling up the DagBag from /home/dataengineer/.pyenv/versions/3.9.21/lib/python3.9/site-packages/airflow/example_dags/example_dynamic_task_mapping.py
[2025-02-16T16:05:25.340+0700] {processor.py:925} INFO - DAG(s) 'example_dynamic_task_mapping' retrieved from /home/dataengineer/.pyenv/versions/3.9.21/lib/python3.9/site-packages/airflow/example_dags/example_dynamic_task_mapping.py
[2025-02-16T16:05:25.353+0700] {logging_mixin.py:190} INFO - [2025-02-16T16:05:25.353+0700] {dag.py:3239} INFO - Sync 1 DAGs
[2025-02-16T16:05:25.366+0700] {logging_mixin.py:190} INFO - [2025-02-16T16:05:25.366+0700] {dag.py:4180} INFO - Setting next_dagrun for example_dynamic_task_mapping to None, run_after=None
[2025-02-16T16:05:25.385+0700] {processor.py:208} INFO - Processing /home/dataengineer/.pyenv/versions/3.9.21/lib/python3.9/site-packages/airflow/example_dags/example_dynamic_task_mapping.py took 0.065 seconds
[2025-02-16T16:06:19.252+0700] {processor.py:186} INFO - Started process (PID=28067) to work on /home/dataengineer/.pyenv/versions/3.9.21/lib/python3.9/site-packages/airflow/example_dags/example_dynamic_task_mapping.py
[2025-02-16T16:06:19.253+0700] {processor.py:914} INFO - Processing file /home/dataengineer/.pyenv/versions/3.9.21/lib/python3.9/site-packages/airflow/example_dags/example_dynamic_task_mapping.py for tasks to queue
[2025-02-16T16:06:19.254+0700] {logging_mixin.py:190} INFO - [2025-02-16T16:06:19.254+0700] {dagbag.py:588} INFO - Filling up the DagBag from /home/dataengineer/.pyenv/versions/3.9.21/lib/python3.9/site-packages/airflow/example_dags/example_dynamic_task_mapping.py
[2025-02-16T16:06:19.264+0700] {processor.py:925} INFO - DAG(s) 'example_dynamic_task_mapping' retrieved from /home/dataengineer/.pyenv/versions/3.9.21/lib/python3.9/site-packages/airflow/example_dags/example_dynamic_task_mapping.py
[2025-02-16T16:06:19.278+0700] {logging_mixin.py:190} INFO - [2025-02-16T16:06:19.277+0700] {dag.py:3239} INFO - Sync 1 DAGs
[2025-02-16T16:06:19.290+0700] {logging_mixin.py:190} INFO - [2025-02-16T16:06:19.289+0700] {dag.py:4180} INFO - Setting next_dagrun for example_dynamic_task_mapping to None, run_after=None
[2025-02-16T16:06:19.310+0700] {processor.py:208} INFO - Processing /home/dataengineer/.pyenv/versions/3.9.21/lib/python3.9/site-packages/airflow/example_dags/example_dynamic_task_mapping.py took 0.063 seconds
[2025-02-16T16:07:27.516+0700] {processor.py:186} INFO - Started process (PID=28474) to work on /home/dataengineer/.pyenv/versions/3.9.21/lib/python3.9/site-packages/airflow/example_dags/example_dynamic_task_mapping.py
[2025-02-16T16:07:27.517+0700] {processor.py:914} INFO - Processing file /home/dataengineer/.pyenv/versions/3.9.21/lib/python3.9/site-packages/airflow/example_dags/example_dynamic_task_mapping.py for tasks to queue
[2025-02-16T16:07:27.519+0700] {logging_mixin.py:190} INFO - [2025-02-16T16:07:27.518+0700] {dagbag.py:588} INFO - Filling up the DagBag from /home/dataengineer/.pyenv/versions/3.9.21/lib/python3.9/site-packages/airflow/example_dags/example_dynamic_task_mapping.py
[2025-02-16T16:07:27.527+0700] {processor.py:925} INFO - DAG(s) 'example_dynamic_task_mapping' retrieved from /home/dataengineer/.pyenv/versions/3.9.21/lib/python3.9/site-packages/airflow/example_dags/example_dynamic_task_mapping.py
[2025-02-16T16:07:27.540+0700] {logging_mixin.py:190} INFO - [2025-02-16T16:07:27.539+0700] {dag.py:3239} INFO - Sync 1 DAGs
[2025-02-16T16:07:27.551+0700] {logging_mixin.py:190} INFO - [2025-02-16T16:07:27.551+0700] {dag.py:4180} INFO - Setting next_dagrun for example_dynamic_task_mapping to None, run_after=None
[2025-02-16T16:07:27.570+0700] {processor.py:208} INFO - Processing /home/dataengineer/.pyenv/versions/3.9.21/lib/python3.9/site-packages/airflow/example_dags/example_dynamic_task_mapping.py took 0.059 seconds
[2025-02-16T16:08:43.776+0700] {processor.py:186} INFO - Started process (PID=28881) to work on /home/dataengineer/.pyenv/versions/3.9.21/lib/python3.9/site-packages/airflow/example_dags/example_dynamic_task_mapping.py
[2025-02-16T16:08:43.778+0700] {processor.py:914} INFO - Processing file /home/dataengineer/.pyenv/versions/3.9.21/lib/python3.9/site-packages/airflow/example_dags/example_dynamic_task_mapping.py for tasks to queue
[2025-02-16T16:08:43.779+0700] {logging_mixin.py:190} INFO - [2025-02-16T16:08:43.779+0700] {dagbag.py:588} INFO - Filling up the DagBag from /home/dataengineer/.pyenv/versions/3.9.21/lib/python3.9/site-packages/airflow/example_dags/example_dynamic_task_mapping.py
[2025-02-16T16:08:43.789+0700] {processor.py:925} INFO - DAG(s) 'example_dynamic_task_mapping' retrieved from /home/dataengineer/.pyenv/versions/3.9.21/lib/python3.9/site-packages/airflow/example_dags/example_dynamic_task_mapping.py
[2025-02-16T16:08:43.803+0700] {logging_mixin.py:190} INFO - [2025-02-16T16:08:43.802+0700] {dag.py:3239} INFO - Sync 1 DAGs
[2025-02-16T16:08:43.815+0700] {logging_mixin.py:190} INFO - [2025-02-16T16:08:43.814+0700] {dag.py:4180} INFO - Setting next_dagrun for example_dynamic_task_mapping to None, run_after=None
[2025-02-16T16:08:43.834+0700] {processor.py:208} INFO - Processing /home/dataengineer/.pyenv/versions/3.9.21/lib/python3.9/site-packages/airflow/example_dags/example_dynamic_task_mapping.py took 0.064 seconds
[2025-02-16T16:09:54.791+0700] {processor.py:186} INFO - Started process (PID=29222) to work on /home/dataengineer/.pyenv/versions/3.9.21/lib/python3.9/site-packages/airflow/example_dags/example_dynamic_task_mapping.py
[2025-02-16T16:09:54.792+0700] {processor.py:914} INFO - Processing file /home/dataengineer/.pyenv/versions/3.9.21/lib/python3.9/site-packages/airflow/example_dags/example_dynamic_task_mapping.py for tasks to queue
[2025-02-16T16:09:54.793+0700] {logging_mixin.py:190} INFO - [2025-02-16T16:09:54.793+0700] {dagbag.py:588} INFO - Filling up the DagBag from /home/dataengineer/.pyenv/versions/3.9.21/lib/python3.9/site-packages/airflow/example_dags/example_dynamic_task_mapping.py
[2025-02-16T16:09:54.802+0700] {processor.py:925} INFO - DAG(s) 'example_dynamic_task_mapping' retrieved from /home/dataengineer/.pyenv/versions/3.9.21/lib/python3.9/site-packages/airflow/example_dags/example_dynamic_task_mapping.py
[2025-02-16T16:09:54.817+0700] {logging_mixin.py:190} INFO - [2025-02-16T16:09:54.817+0700] {dag.py:3239} INFO - Sync 1 DAGs
[2025-02-16T16:09:54.833+0700] {logging_mixin.py:190} INFO - [2025-02-16T16:09:54.832+0700] {dag.py:4180} INFO - Setting next_dagrun for example_dynamic_task_mapping to None, run_after=None
[2025-02-16T16:09:54.905+0700] {processor.py:208} INFO - Processing /home/dataengineer/.pyenv/versions/3.9.21/lib/python3.9/site-packages/airflow/example_dags/example_dynamic_task_mapping.py took 0.120 seconds
[2025-02-16T16:11:06.042+0700] {processor.py:186} INFO - Started process (PID=29566) to work on /home/dataengineer/.pyenv/versions/3.9.21/lib/python3.9/site-packages/airflow/example_dags/example_dynamic_task_mapping.py
[2025-02-16T16:11:06.043+0700] {processor.py:914} INFO - Processing file /home/dataengineer/.pyenv/versions/3.9.21/lib/python3.9/site-packages/airflow/example_dags/example_dynamic_task_mapping.py for tasks to queue
[2025-02-16T16:11:06.044+0700] {logging_mixin.py:190} INFO - [2025-02-16T16:11:06.044+0700] {dagbag.py:588} INFO - Filling up the DagBag from /home/dataengineer/.pyenv/versions/3.9.21/lib/python3.9/site-packages/airflow/example_dags/example_dynamic_task_mapping.py
[2025-02-16T16:11:06.053+0700] {processor.py:925} INFO - DAG(s) 'example_dynamic_task_mapping' retrieved from /home/dataengineer/.pyenv/versions/3.9.21/lib/python3.9/site-packages/airflow/example_dags/example_dynamic_task_mapping.py
[2025-02-16T16:11:06.067+0700] {logging_mixin.py:190} INFO - [2025-02-16T16:11:06.067+0700] {dag.py:3239} INFO - Sync 1 DAGs
[2025-02-16T16:11:06.080+0700] {logging_mixin.py:190} INFO - [2025-02-16T16:11:06.079+0700] {dag.py:4180} INFO - Setting next_dagrun for example_dynamic_task_mapping to None, run_after=None
[2025-02-16T16:11:06.100+0700] {processor.py:208} INFO - Processing /home/dataengineer/.pyenv/versions/3.9.21/lib/python3.9/site-packages/airflow/example_dags/example_dynamic_task_mapping.py took 0.064 seconds
[2025-02-16T16:12:17.827+0700] {processor.py:186} INFO - Started process (PID=29868) to work on /home/dataengineer/.pyenv/versions/3.9.21/lib/python3.9/site-packages/airflow/example_dags/example_dynamic_task_mapping.py
[2025-02-16T16:12:17.829+0700] {processor.py:914} INFO - Processing file /home/dataengineer/.pyenv/versions/3.9.21/lib/python3.9/site-packages/airflow/example_dags/example_dynamic_task_mapping.py for tasks to queue
[2025-02-16T16:12:17.830+0700] {logging_mixin.py:190} INFO - [2025-02-16T16:12:17.829+0700] {dagbag.py:588} INFO - Filling up the DagBag from /home/dataengineer/.pyenv/versions/3.9.21/lib/python3.9/site-packages/airflow/example_dags/example_dynamic_task_mapping.py
[2025-02-16T16:12:17.839+0700] {processor.py:925} INFO - DAG(s) 'example_dynamic_task_mapping' retrieved from /home/dataengineer/.pyenv/versions/3.9.21/lib/python3.9/site-packages/airflow/example_dags/example_dynamic_task_mapping.py
[2025-02-16T16:12:17.852+0700] {logging_mixin.py:190} INFO - [2025-02-16T16:12:17.852+0700] {dag.py:3239} INFO - Sync 1 DAGs
[2025-02-16T16:12:17.864+0700] {logging_mixin.py:190} INFO - [2025-02-16T16:12:17.864+0700] {dag.py:4180} INFO - Setting next_dagrun for example_dynamic_task_mapping to None, run_after=None
[2025-02-16T16:12:17.885+0700] {processor.py:208} INFO - Processing /home/dataengineer/.pyenv/versions/3.9.21/lib/python3.9/site-packages/airflow/example_dags/example_dynamic_task_mapping.py took 0.063 seconds
[2025-02-16T16:13:35.375+0700] {processor.py:186} INFO - Started process (PID=30187) to work on /home/dataengineer/.pyenv/versions/3.9.21/lib/python3.9/site-packages/airflow/example_dags/example_dynamic_task_mapping.py
[2025-02-16T16:13:35.376+0700] {processor.py:914} INFO - Processing file /home/dataengineer/.pyenv/versions/3.9.21/lib/python3.9/site-packages/airflow/example_dags/example_dynamic_task_mapping.py for tasks to queue
[2025-02-16T16:13:35.377+0700] {logging_mixin.py:190} INFO - [2025-02-16T16:13:35.377+0700] {dagbag.py:588} INFO - Filling up the DagBag from /home/dataengineer/.pyenv/versions/3.9.21/lib/python3.9/site-packages/airflow/example_dags/example_dynamic_task_mapping.py
[2025-02-16T16:13:35.387+0700] {processor.py:925} INFO - DAG(s) 'example_dynamic_task_mapping' retrieved from /home/dataengineer/.pyenv/versions/3.9.21/lib/python3.9/site-packages/airflow/example_dags/example_dynamic_task_mapping.py
[2025-02-16T16:13:35.402+0700] {logging_mixin.py:190} INFO - [2025-02-16T16:13:35.401+0700] {dag.py:3239} INFO - Sync 1 DAGs
[2025-02-16T16:13:35.417+0700] {logging_mixin.py:190} INFO - [2025-02-16T16:13:35.417+0700] {dag.py:4180} INFO - Setting next_dagrun for example_dynamic_task_mapping to None, run_after=None
[2025-02-16T16:13:35.438+0700] {processor.py:208} INFO - Processing /home/dataengineer/.pyenv/versions/3.9.21/lib/python3.9/site-packages/airflow/example_dags/example_dynamic_task_mapping.py took 0.069 seconds
[2025-02-16T16:14:48.726+0700] {processor.py:186} INFO - Started process (PID=30499) to work on /home/dataengineer/.pyenv/versions/3.9.21/lib/python3.9/site-packages/airflow/example_dags/example_dynamic_task_mapping.py
[2025-02-16T16:14:48.727+0700] {processor.py:914} INFO - Processing file /home/dataengineer/.pyenv/versions/3.9.21/lib/python3.9/site-packages/airflow/example_dags/example_dynamic_task_mapping.py for tasks to queue
[2025-02-16T16:14:48.729+0700] {logging_mixin.py:190} INFO - [2025-02-16T16:14:48.728+0700] {dagbag.py:588} INFO - Filling up the DagBag from /home/dataengineer/.pyenv/versions/3.9.21/lib/python3.9/site-packages/airflow/example_dags/example_dynamic_task_mapping.py
[2025-02-16T16:14:48.738+0700] {processor.py:925} INFO - DAG(s) 'example_dynamic_task_mapping' retrieved from /home/dataengineer/.pyenv/versions/3.9.21/lib/python3.9/site-packages/airflow/example_dags/example_dynamic_task_mapping.py
[2025-02-16T16:14:48.752+0700] {logging_mixin.py:190} INFO - [2025-02-16T16:14:48.751+0700] {dag.py:3239} INFO - Sync 1 DAGs
[2025-02-16T16:14:48.764+0700] {logging_mixin.py:190} INFO - [2025-02-16T16:14:48.764+0700] {dag.py:4180} INFO - Setting next_dagrun for example_dynamic_task_mapping to None, run_after=None
[2025-02-16T16:14:48.783+0700] {processor.py:208} INFO - Processing /home/dataengineer/.pyenv/versions/3.9.21/lib/python3.9/site-packages/airflow/example_dags/example_dynamic_task_mapping.py took 0.063 seconds
[2025-02-16T16:16:04.547+0700] {processor.py:186} INFO - Started process (PID=30805) to work on /home/dataengineer/.pyenv/versions/3.9.21/lib/python3.9/site-packages/airflow/example_dags/example_dynamic_task_mapping.py
[2025-02-16T16:16:04.549+0700] {processor.py:914} INFO - Processing file /home/dataengineer/.pyenv/versions/3.9.21/lib/python3.9/site-packages/airflow/example_dags/example_dynamic_task_mapping.py for tasks to queue
[2025-02-16T16:16:04.550+0700] {logging_mixin.py:190} INFO - [2025-02-16T16:16:04.549+0700] {dagbag.py:588} INFO - Filling up the DagBag from /home/dataengineer/.pyenv/versions/3.9.21/lib/python3.9/site-packages/airflow/example_dags/example_dynamic_task_mapping.py
[2025-02-16T16:16:04.559+0700] {processor.py:925} INFO - DAG(s) 'example_dynamic_task_mapping' retrieved from /home/dataengineer/.pyenv/versions/3.9.21/lib/python3.9/site-packages/airflow/example_dags/example_dynamic_task_mapping.py
[2025-02-16T16:16:04.574+0700] {logging_mixin.py:190} INFO - [2025-02-16T16:16:04.574+0700] {dag.py:3239} INFO - Sync 1 DAGs
[2025-02-16T16:16:04.586+0700] {logging_mixin.py:190} INFO - [2025-02-16T16:16:04.586+0700] {dag.py:4180} INFO - Setting next_dagrun for example_dynamic_task_mapping to None, run_after=None
[2025-02-16T16:16:04.607+0700] {processor.py:208} INFO - Processing /home/dataengineer/.pyenv/versions/3.9.21/lib/python3.9/site-packages/airflow/example_dags/example_dynamic_task_mapping.py took 0.066 seconds
[2025-02-16T16:17:18.060+0700] {processor.py:186} INFO - Started process (PID=31120) to work on /home/dataengineer/.pyenv/versions/3.9.21/lib/python3.9/site-packages/airflow/example_dags/example_dynamic_task_mapping.py
[2025-02-16T16:17:18.062+0700] {processor.py:914} INFO - Processing file /home/dataengineer/.pyenv/versions/3.9.21/lib/python3.9/site-packages/airflow/example_dags/example_dynamic_task_mapping.py for tasks to queue
[2025-02-16T16:17:18.063+0700] {logging_mixin.py:190} INFO - [2025-02-16T16:17:18.062+0700] {dagbag.py:588} INFO - Filling up the DagBag from /home/dataengineer/.pyenv/versions/3.9.21/lib/python3.9/site-packages/airflow/example_dags/example_dynamic_task_mapping.py
[2025-02-16T16:17:18.073+0700] {processor.py:925} INFO - DAG(s) 'example_dynamic_task_mapping' retrieved from /home/dataengineer/.pyenv/versions/3.9.21/lib/python3.9/site-packages/airflow/example_dags/example_dynamic_task_mapping.py
[2025-02-16T16:17:18.087+0700] {logging_mixin.py:190} INFO - [2025-02-16T16:17:18.087+0700] {dag.py:3239} INFO - Sync 1 DAGs
[2025-02-16T16:17:18.099+0700] {logging_mixin.py:190} INFO - [2025-02-16T16:17:18.099+0700] {dag.py:4180} INFO - Setting next_dagrun for example_dynamic_task_mapping to None, run_after=None
[2025-02-16T16:17:18.120+0700] {processor.py:208} INFO - Processing /home/dataengineer/.pyenv/versions/3.9.21/lib/python3.9/site-packages/airflow/example_dags/example_dynamic_task_mapping.py took 0.065 seconds
[2025-02-16T16:18:36.486+0700] {processor.py:186} INFO - Started process (PID=31445) to work on /home/dataengineer/.pyenv/versions/3.9.21/lib/python3.9/site-packages/airflow/example_dags/example_dynamic_task_mapping.py
[2025-02-16T16:18:36.487+0700] {processor.py:914} INFO - Processing file /home/dataengineer/.pyenv/versions/3.9.21/lib/python3.9/site-packages/airflow/example_dags/example_dynamic_task_mapping.py for tasks to queue
[2025-02-16T16:18:36.488+0700] {logging_mixin.py:190} INFO - [2025-02-16T16:18:36.488+0700] {dagbag.py:588} INFO - Filling up the DagBag from /home/dataengineer/.pyenv/versions/3.9.21/lib/python3.9/site-packages/airflow/example_dags/example_dynamic_task_mapping.py
[2025-02-16T16:18:36.498+0700] {processor.py:925} INFO - DAG(s) 'example_dynamic_task_mapping' retrieved from /home/dataengineer/.pyenv/versions/3.9.21/lib/python3.9/site-packages/airflow/example_dags/example_dynamic_task_mapping.py
[2025-02-16T16:18:36.513+0700] {logging_mixin.py:190} INFO - [2025-02-16T16:18:36.512+0700] {dag.py:3239} INFO - Sync 1 DAGs
[2025-02-16T16:18:36.526+0700] {logging_mixin.py:190} INFO - [2025-02-16T16:18:36.525+0700] {dag.py:4180} INFO - Setting next_dagrun for example_dynamic_task_mapping to None, run_after=None
[2025-02-16T16:18:36.547+0700] {processor.py:208} INFO - Processing /home/dataengineer/.pyenv/versions/3.9.21/lib/python3.9/site-packages/airflow/example_dags/example_dynamic_task_mapping.py took 0.067 seconds
[2025-02-16T16:19:50.844+0700] {processor.py:186} INFO - Started process (PID=31758) to work on /home/dataengineer/.pyenv/versions/3.9.21/lib/python3.9/site-packages/airflow/example_dags/example_dynamic_task_mapping.py
[2025-02-16T16:19:50.845+0700] {processor.py:914} INFO - Processing file /home/dataengineer/.pyenv/versions/3.9.21/lib/python3.9/site-packages/airflow/example_dags/example_dynamic_task_mapping.py for tasks to queue
[2025-02-16T16:19:50.846+0700] {logging_mixin.py:190} INFO - [2025-02-16T16:19:50.846+0700] {dagbag.py:588} INFO - Filling up the DagBag from /home/dataengineer/.pyenv/versions/3.9.21/lib/python3.9/site-packages/airflow/example_dags/example_dynamic_task_mapping.py
[2025-02-16T16:19:50.856+0700] {processor.py:925} INFO - DAG(s) 'example_dynamic_task_mapping' retrieved from /home/dataengineer/.pyenv/versions/3.9.21/lib/python3.9/site-packages/airflow/example_dags/example_dynamic_task_mapping.py
[2025-02-16T16:19:50.871+0700] {logging_mixin.py:190} INFO - [2025-02-16T16:19:50.870+0700] {dag.py:3239} INFO - Sync 1 DAGs
[2025-02-16T16:19:50.884+0700] {logging_mixin.py:190} INFO - [2025-02-16T16:19:50.884+0700] {dag.py:4180} INFO - Setting next_dagrun for example_dynamic_task_mapping to None, run_after=None
[2025-02-16T16:19:50.905+0700] {processor.py:208} INFO - Processing /home/dataengineer/.pyenv/versions/3.9.21/lib/python3.9/site-packages/airflow/example_dags/example_dynamic_task_mapping.py took 0.067 seconds
[2025-02-16T16:21:01.444+0700] {processor.py:186} INFO - Started process (PID=32056) to work on /home/dataengineer/.pyenv/versions/3.9.21/lib/python3.9/site-packages/airflow/example_dags/example_dynamic_task_mapping.py
[2025-02-16T16:21:01.446+0700] {processor.py:914} INFO - Processing file /home/dataengineer/.pyenv/versions/3.9.21/lib/python3.9/site-packages/airflow/example_dags/example_dynamic_task_mapping.py for tasks to queue
[2025-02-16T16:21:01.447+0700] {logging_mixin.py:190} INFO - [2025-02-16T16:21:01.447+0700] {dagbag.py:588} INFO - Filling up the DagBag from /home/dataengineer/.pyenv/versions/3.9.21/lib/python3.9/site-packages/airflow/example_dags/example_dynamic_task_mapping.py
[2025-02-16T16:21:01.456+0700] {processor.py:925} INFO - DAG(s) 'example_dynamic_task_mapping' retrieved from /home/dataengineer/.pyenv/versions/3.9.21/lib/python3.9/site-packages/airflow/example_dags/example_dynamic_task_mapping.py
[2025-02-16T16:21:01.470+0700] {logging_mixin.py:190} INFO - [2025-02-16T16:21:01.470+0700] {dag.py:3239} INFO - Sync 1 DAGs
[2025-02-16T16:21:01.483+0700] {logging_mixin.py:190} INFO - [2025-02-16T16:21:01.482+0700] {dag.py:4180} INFO - Setting next_dagrun for example_dynamic_task_mapping to None, run_after=None
[2025-02-16T16:21:01.503+0700] {processor.py:208} INFO - Processing /home/dataengineer/.pyenv/versions/3.9.21/lib/python3.9/site-packages/airflow/example_dags/example_dynamic_task_mapping.py took 0.064 seconds
[2025-02-16T16:22:16.008+0700] {processor.py:186} INFO - Started process (PID=32368) to work on /home/dataengineer/.pyenv/versions/3.9.21/lib/python3.9/site-packages/airflow/example_dags/example_dynamic_task_mapping.py
[2025-02-16T16:22:16.009+0700] {processor.py:914} INFO - Processing file /home/dataengineer/.pyenv/versions/3.9.21/lib/python3.9/site-packages/airflow/example_dags/example_dynamic_task_mapping.py for tasks to queue
[2025-02-16T16:22:16.010+0700] {logging_mixin.py:190} INFO - [2025-02-16T16:22:16.010+0700] {dagbag.py:588} INFO - Filling up the DagBag from /home/dataengineer/.pyenv/versions/3.9.21/lib/python3.9/site-packages/airflow/example_dags/example_dynamic_task_mapping.py
[2025-02-16T16:22:16.019+0700] {processor.py:925} INFO - DAG(s) 'example_dynamic_task_mapping' retrieved from /home/dataengineer/.pyenv/versions/3.9.21/lib/python3.9/site-packages/airflow/example_dags/example_dynamic_task_mapping.py
[2025-02-16T16:22:16.033+0700] {logging_mixin.py:190} INFO - [2025-02-16T16:22:16.033+0700] {dag.py:3239} INFO - Sync 1 DAGs
[2025-02-16T16:22:16.046+0700] {logging_mixin.py:190} INFO - [2025-02-16T16:22:16.046+0700] {dag.py:4180} INFO - Setting next_dagrun for example_dynamic_task_mapping to None, run_after=None
[2025-02-16T16:22:16.066+0700] {processor.py:208} INFO - Processing /home/dataengineer/.pyenv/versions/3.9.21/lib/python3.9/site-packages/airflow/example_dags/example_dynamic_task_mapping.py took 0.063 seconds
[2025-02-16T16:23:30.049+0700] {processor.py:186} INFO - Started process (PID=32673) to work on /home/dataengineer/.pyenv/versions/3.9.21/lib/python3.9/site-packages/airflow/example_dags/example_dynamic_task_mapping.py
[2025-02-16T16:23:30.050+0700] {processor.py:914} INFO - Processing file /home/dataengineer/.pyenv/versions/3.9.21/lib/python3.9/site-packages/airflow/example_dags/example_dynamic_task_mapping.py for tasks to queue
[2025-02-16T16:23:30.052+0700] {logging_mixin.py:190} INFO - [2025-02-16T16:23:30.051+0700] {dagbag.py:588} INFO - Filling up the DagBag from /home/dataengineer/.pyenv/versions/3.9.21/lib/python3.9/site-packages/airflow/example_dags/example_dynamic_task_mapping.py
[2025-02-16T16:23:30.062+0700] {processor.py:925} INFO - DAG(s) 'example_dynamic_task_mapping' retrieved from /home/dataengineer/.pyenv/versions/3.9.21/lib/python3.9/site-packages/airflow/example_dags/example_dynamic_task_mapping.py
[2025-02-16T16:23:30.078+0700] {logging_mixin.py:190} INFO - [2025-02-16T16:23:30.077+0700] {dag.py:3239} INFO - Sync 1 DAGs
[2025-02-16T16:23:30.092+0700] {logging_mixin.py:190} INFO - [2025-02-16T16:23:30.092+0700] {dag.py:4180} INFO - Setting next_dagrun for example_dynamic_task_mapping to None, run_after=None
[2025-02-16T16:23:30.115+0700] {processor.py:208} INFO - Processing /home/dataengineer/.pyenv/versions/3.9.21/lib/python3.9/site-packages/airflow/example_dags/example_dynamic_task_mapping.py took 0.073 seconds
[2025-02-16T16:24:39.825+0700] {processor.py:186} INFO - Started process (PID=32970) to work on /home/dataengineer/.pyenv/versions/3.9.21/lib/python3.9/site-packages/airflow/example_dags/example_dynamic_task_mapping.py
[2025-02-16T16:24:39.826+0700] {processor.py:914} INFO - Processing file /home/dataengineer/.pyenv/versions/3.9.21/lib/python3.9/site-packages/airflow/example_dags/example_dynamic_task_mapping.py for tasks to queue
[2025-02-16T16:24:39.828+0700] {logging_mixin.py:190} INFO - [2025-02-16T16:24:39.827+0700] {dagbag.py:588} INFO - Filling up the DagBag from /home/dataengineer/.pyenv/versions/3.9.21/lib/python3.9/site-packages/airflow/example_dags/example_dynamic_task_mapping.py
[2025-02-16T16:24:39.837+0700] {processor.py:925} INFO - DAG(s) 'example_dynamic_task_mapping' retrieved from /home/dataengineer/.pyenv/versions/3.9.21/lib/python3.9/site-packages/airflow/example_dags/example_dynamic_task_mapping.py
[2025-02-16T16:24:39.851+0700] {logging_mixin.py:190} INFO - [2025-02-16T16:24:39.850+0700] {dag.py:3239} INFO - Sync 1 DAGs
[2025-02-16T16:24:39.862+0700] {logging_mixin.py:190} INFO - [2025-02-16T16:24:39.862+0700] {dag.py:4180} INFO - Setting next_dagrun for example_dynamic_task_mapping to None, run_after=None
[2025-02-16T16:24:39.882+0700] {processor.py:208} INFO - Processing /home/dataengineer/.pyenv/versions/3.9.21/lib/python3.9/site-packages/airflow/example_dags/example_dynamic_task_mapping.py took 0.063 seconds
[2025-02-16T16:25:54.297+0700] {processor.py:186} INFO - Started process (PID=33283) to work on /home/dataengineer/.pyenv/versions/3.9.21/lib/python3.9/site-packages/airflow/example_dags/example_dynamic_task_mapping.py
[2025-02-16T16:25:54.298+0700] {processor.py:914} INFO - Processing file /home/dataengineer/.pyenv/versions/3.9.21/lib/python3.9/site-packages/airflow/example_dags/example_dynamic_task_mapping.py for tasks to queue
[2025-02-16T16:25:54.299+0700] {logging_mixin.py:190} INFO - [2025-02-16T16:25:54.299+0700] {dagbag.py:588} INFO - Filling up the DagBag from /home/dataengineer/.pyenv/versions/3.9.21/lib/python3.9/site-packages/airflow/example_dags/example_dynamic_task_mapping.py
[2025-02-16T16:25:54.308+0700] {processor.py:925} INFO - DAG(s) 'example_dynamic_task_mapping' retrieved from /home/dataengineer/.pyenv/versions/3.9.21/lib/python3.9/site-packages/airflow/example_dags/example_dynamic_task_mapping.py
[2025-02-16T16:25:54.321+0700] {logging_mixin.py:190} INFO - [2025-02-16T16:25:54.321+0700] {dag.py:3239} INFO - Sync 1 DAGs
[2025-02-16T16:25:54.333+0700] {logging_mixin.py:190} INFO - [2025-02-16T16:25:54.333+0700] {dag.py:4180} INFO - Setting next_dagrun for example_dynamic_task_mapping to None, run_after=None
[2025-02-16T16:25:54.353+0700] {processor.py:208} INFO - Processing /home/dataengineer/.pyenv/versions/3.9.21/lib/python3.9/site-packages/airflow/example_dags/example_dynamic_task_mapping.py took 0.062 seconds
[2025-02-16T16:27:08.366+0700] {processor.py:186} INFO - Started process (PID=33587) to work on /home/dataengineer/.pyenv/versions/3.9.21/lib/python3.9/site-packages/airflow/example_dags/example_dynamic_task_mapping.py
[2025-02-16T16:27:08.367+0700] {processor.py:914} INFO - Processing file /home/dataengineer/.pyenv/versions/3.9.21/lib/python3.9/site-packages/airflow/example_dags/example_dynamic_task_mapping.py for tasks to queue
[2025-02-16T16:27:08.369+0700] {logging_mixin.py:190} INFO - [2025-02-16T16:27:08.368+0700] {dagbag.py:588} INFO - Filling up the DagBag from /home/dataengineer/.pyenv/versions/3.9.21/lib/python3.9/site-packages/airflow/example_dags/example_dynamic_task_mapping.py
[2025-02-16T16:27:08.378+0700] {processor.py:925} INFO - DAG(s) 'example_dynamic_task_mapping' retrieved from /home/dataengineer/.pyenv/versions/3.9.21/lib/python3.9/site-packages/airflow/example_dags/example_dynamic_task_mapping.py
[2025-02-16T16:27:08.394+0700] {logging_mixin.py:190} INFO - [2025-02-16T16:27:08.394+0700] {dag.py:3239} INFO - Sync 1 DAGs
[2025-02-16T16:27:08.406+0700] {logging_mixin.py:190} INFO - [2025-02-16T16:27:08.406+0700] {dag.py:4180} INFO - Setting next_dagrun for example_dynamic_task_mapping to None, run_after=None
[2025-02-16T16:27:08.425+0700] {processor.py:208} INFO - Processing /home/dataengineer/.pyenv/versions/3.9.21/lib/python3.9/site-packages/airflow/example_dags/example_dynamic_task_mapping.py took 0.065 seconds
[2025-02-16T16:28:20.857+0700] {processor.py:186} INFO - Started process (PID=33896) to work on /home/dataengineer/.pyenv/versions/3.9.21/lib/python3.9/site-packages/airflow/example_dags/example_dynamic_task_mapping.py
[2025-02-16T16:28:20.859+0700] {processor.py:914} INFO - Processing file /home/dataengineer/.pyenv/versions/3.9.21/lib/python3.9/site-packages/airflow/example_dags/example_dynamic_task_mapping.py for tasks to queue
[2025-02-16T16:28:20.861+0700] {logging_mixin.py:190} INFO - [2025-02-16T16:28:20.860+0700] {dagbag.py:588} INFO - Filling up the DagBag from /home/dataengineer/.pyenv/versions/3.9.21/lib/python3.9/site-packages/airflow/example_dags/example_dynamic_task_mapping.py
[2025-02-16T16:28:20.871+0700] {processor.py:925} INFO - DAG(s) 'example_dynamic_task_mapping' retrieved from /home/dataengineer/.pyenv/versions/3.9.21/lib/python3.9/site-packages/airflow/example_dags/example_dynamic_task_mapping.py
[2025-02-16T16:28:20.885+0700] {logging_mixin.py:190} INFO - [2025-02-16T16:28:20.885+0700] {dag.py:3239} INFO - Sync 1 DAGs
[2025-02-16T16:28:20.899+0700] {logging_mixin.py:190} INFO - [2025-02-16T16:28:20.899+0700] {dag.py:4180} INFO - Setting next_dagrun for example_dynamic_task_mapping to None, run_after=None
[2025-02-16T16:28:20.922+0700] {processor.py:208} INFO - Processing /home/dataengineer/.pyenv/versions/3.9.21/lib/python3.9/site-packages/airflow/example_dags/example_dynamic_task_mapping.py took 0.071 seconds
[2025-02-16T16:29:37.363+0700] {processor.py:186} INFO - Started process (PID=34211) to work on /home/dataengineer/.pyenv/versions/3.9.21/lib/python3.9/site-packages/airflow/example_dags/example_dynamic_task_mapping.py
[2025-02-16T16:29:37.364+0700] {processor.py:914} INFO - Processing file /home/dataengineer/.pyenv/versions/3.9.21/lib/python3.9/site-packages/airflow/example_dags/example_dynamic_task_mapping.py for tasks to queue
[2025-02-16T16:29:37.366+0700] {logging_mixin.py:190} INFO - [2025-02-16T16:29:37.365+0700] {dagbag.py:588} INFO - Filling up the DagBag from /home/dataengineer/.pyenv/versions/3.9.21/lib/python3.9/site-packages/airflow/example_dags/example_dynamic_task_mapping.py
[2025-02-16T16:29:37.375+0700] {processor.py:925} INFO - DAG(s) 'example_dynamic_task_mapping' retrieved from /home/dataengineer/.pyenv/versions/3.9.21/lib/python3.9/site-packages/airflow/example_dags/example_dynamic_task_mapping.py
[2025-02-16T16:29:37.390+0700] {logging_mixin.py:190} INFO - [2025-02-16T16:29:37.389+0700] {dag.py:3239} INFO - Sync 1 DAGs
[2025-02-16T16:29:37.403+0700] {logging_mixin.py:190} INFO - [2025-02-16T16:29:37.403+0700] {dag.py:4180} INFO - Setting next_dagrun for example_dynamic_task_mapping to None, run_after=None
[2025-02-16T16:29:37.424+0700] {processor.py:208} INFO - Processing /home/dataengineer/.pyenv/versions/3.9.21/lib/python3.9/site-packages/airflow/example_dags/example_dynamic_task_mapping.py took 0.067 seconds
[2025-02-16T16:30:51.236+0700] {processor.py:186} INFO - Started process (PID=34524) to work on /home/dataengineer/.pyenv/versions/3.9.21/lib/python3.9/site-packages/airflow/example_dags/example_dynamic_task_mapping.py
[2025-02-16T16:30:51.238+0700] {processor.py:914} INFO - Processing file /home/dataengineer/.pyenv/versions/3.9.21/lib/python3.9/site-packages/airflow/example_dags/example_dynamic_task_mapping.py for tasks to queue
[2025-02-16T16:30:51.239+0700] {logging_mixin.py:190} INFO - [2025-02-16T16:30:51.239+0700] {dagbag.py:588} INFO - Filling up the DagBag from /home/dataengineer/.pyenv/versions/3.9.21/lib/python3.9/site-packages/airflow/example_dags/example_dynamic_task_mapping.py
[2025-02-16T16:30:51.249+0700] {processor.py:925} INFO - DAG(s) 'example_dynamic_task_mapping' retrieved from /home/dataengineer/.pyenv/versions/3.9.21/lib/python3.9/site-packages/airflow/example_dags/example_dynamic_task_mapping.py
[2025-02-16T16:30:51.264+0700] {logging_mixin.py:190} INFO - [2025-02-16T16:30:51.263+0700] {dag.py:3239} INFO - Sync 1 DAGs
[2025-02-16T16:30:51.276+0700] {logging_mixin.py:190} INFO - [2025-02-16T16:30:51.276+0700] {dag.py:4180} INFO - Setting next_dagrun for example_dynamic_task_mapping to None, run_after=None
[2025-02-16T16:30:51.298+0700] {processor.py:208} INFO - Processing /home/dataengineer/.pyenv/versions/3.9.21/lib/python3.9/site-packages/airflow/example_dags/example_dynamic_task_mapping.py took 0.067 seconds
[2025-02-16T16:32:02.728+0700] {processor.py:186} INFO - Started process (PID=34828) to work on /home/dataengineer/.pyenv/versions/3.9.21/lib/python3.9/site-packages/airflow/example_dags/example_dynamic_task_mapping.py
[2025-02-16T16:32:02.729+0700] {processor.py:914} INFO - Processing file /home/dataengineer/.pyenv/versions/3.9.21/lib/python3.9/site-packages/airflow/example_dags/example_dynamic_task_mapping.py for tasks to queue
[2025-02-16T16:32:02.731+0700] {logging_mixin.py:190} INFO - [2025-02-16T16:32:02.730+0700] {dagbag.py:588} INFO - Filling up the DagBag from /home/dataengineer/.pyenv/versions/3.9.21/lib/python3.9/site-packages/airflow/example_dags/example_dynamic_task_mapping.py
[2025-02-16T16:32:02.741+0700] {processor.py:925} INFO - DAG(s) 'example_dynamic_task_mapping' retrieved from /home/dataengineer/.pyenv/versions/3.9.21/lib/python3.9/site-packages/airflow/example_dags/example_dynamic_task_mapping.py
[2025-02-16T16:32:02.756+0700] {logging_mixin.py:190} INFO - [2025-02-16T16:32:02.756+0700] {dag.py:3239} INFO - Sync 1 DAGs
[2025-02-16T16:32:02.769+0700] {logging_mixin.py:190} INFO - [2025-02-16T16:32:02.769+0700] {dag.py:4180} INFO - Setting next_dagrun for example_dynamic_task_mapping to None, run_after=None
[2025-02-16T16:32:02.791+0700] {processor.py:208} INFO - Processing /home/dataengineer/.pyenv/versions/3.9.21/lib/python3.9/site-packages/airflow/example_dags/example_dynamic_task_mapping.py took 0.070 seconds
[2025-02-16T16:33:18.410+0700] {processor.py:186} INFO - Started process (PID=35136) to work on /home/dataengineer/.pyenv/versions/3.9.21/lib/python3.9/site-packages/airflow/example_dags/example_dynamic_task_mapping.py
[2025-02-16T16:33:18.411+0700] {processor.py:914} INFO - Processing file /home/dataengineer/.pyenv/versions/3.9.21/lib/python3.9/site-packages/airflow/example_dags/example_dynamic_task_mapping.py for tasks to queue
[2025-02-16T16:33:18.412+0700] {logging_mixin.py:190} INFO - [2025-02-16T16:33:18.412+0700] {dagbag.py:588} INFO - Filling up the DagBag from /home/dataengineer/.pyenv/versions/3.9.21/lib/python3.9/site-packages/airflow/example_dags/example_dynamic_task_mapping.py
[2025-02-16T16:33:18.420+0700] {processor.py:925} INFO - DAG(s) 'example_dynamic_task_mapping' retrieved from /home/dataengineer/.pyenv/versions/3.9.21/lib/python3.9/site-packages/airflow/example_dags/example_dynamic_task_mapping.py
[2025-02-16T16:33:18.433+0700] {logging_mixin.py:190} INFO - [2025-02-16T16:33:18.433+0700] {dag.py:3239} INFO - Sync 1 DAGs
[2025-02-16T16:33:18.445+0700] {logging_mixin.py:190} INFO - [2025-02-16T16:33:18.445+0700] {dag.py:4180} INFO - Setting next_dagrun for example_dynamic_task_mapping to None, run_after=None
[2025-02-16T16:33:18.463+0700] {processor.py:208} INFO - Processing /home/dataengineer/.pyenv/versions/3.9.21/lib/python3.9/site-packages/airflow/example_dags/example_dynamic_task_mapping.py took 0.059 seconds
[2025-02-16T16:34:34.326+0700] {processor.py:186} INFO - Started process (PID=35468) to work on /home/dataengineer/.pyenv/versions/3.9.21/lib/python3.9/site-packages/airflow/example_dags/example_dynamic_task_mapping.py
[2025-02-16T16:34:34.328+0700] {processor.py:914} INFO - Processing file /home/dataengineer/.pyenv/versions/3.9.21/lib/python3.9/site-packages/airflow/example_dags/example_dynamic_task_mapping.py for tasks to queue
[2025-02-16T16:34:34.329+0700] {logging_mixin.py:190} INFO - [2025-02-16T16:34:34.328+0700] {dagbag.py:588} INFO - Filling up the DagBag from /home/dataengineer/.pyenv/versions/3.9.21/lib/python3.9/site-packages/airflow/example_dags/example_dynamic_task_mapping.py
[2025-02-16T16:34:34.338+0700] {processor.py:925} INFO - DAG(s) 'example_dynamic_task_mapping' retrieved from /home/dataengineer/.pyenv/versions/3.9.21/lib/python3.9/site-packages/airflow/example_dags/example_dynamic_task_mapping.py
[2025-02-16T16:34:34.352+0700] {logging_mixin.py:190} INFO - [2025-02-16T16:34:34.352+0700] {dag.py:3239} INFO - Sync 1 DAGs
[2025-02-16T16:34:34.364+0700] {logging_mixin.py:190} INFO - [2025-02-16T16:34:34.364+0700] {dag.py:4180} INFO - Setting next_dagrun for example_dynamic_task_mapping to None, run_after=None
[2025-02-16T16:34:34.385+0700] {processor.py:208} INFO - Processing /home/dataengineer/.pyenv/versions/3.9.21/lib/python3.9/site-packages/airflow/example_dags/example_dynamic_task_mapping.py took 0.065 seconds
[2025-02-16T16:35:47.942+0700] {processor.py:186} INFO - Started process (PID=35775) to work on /home/dataengineer/.pyenv/versions/3.9.21/lib/python3.9/site-packages/airflow/example_dags/example_dynamic_task_mapping.py
[2025-02-16T16:35:47.943+0700] {processor.py:914} INFO - Processing file /home/dataengineer/.pyenv/versions/3.9.21/lib/python3.9/site-packages/airflow/example_dags/example_dynamic_task_mapping.py for tasks to queue
[2025-02-16T16:35:47.945+0700] {logging_mixin.py:190} INFO - [2025-02-16T16:35:47.944+0700] {dagbag.py:588} INFO - Filling up the DagBag from /home/dataengineer/.pyenv/versions/3.9.21/lib/python3.9/site-packages/airflow/example_dags/example_dynamic_task_mapping.py
[2025-02-16T16:35:47.954+0700] {processor.py:925} INFO - DAG(s) 'example_dynamic_task_mapping' retrieved from /home/dataengineer/.pyenv/versions/3.9.21/lib/python3.9/site-packages/airflow/example_dags/example_dynamic_task_mapping.py
[2025-02-16T16:35:47.968+0700] {logging_mixin.py:190} INFO - [2025-02-16T16:35:47.968+0700] {dag.py:3239} INFO - Sync 1 DAGs
[2025-02-16T16:35:47.980+0700] {logging_mixin.py:190} INFO - [2025-02-16T16:35:47.980+0700] {dag.py:4180} INFO - Setting next_dagrun for example_dynamic_task_mapping to None, run_after=None
[2025-02-16T16:35:48.000+0700] {processor.py:208} INFO - Processing /home/dataengineer/.pyenv/versions/3.9.21/lib/python3.9/site-packages/airflow/example_dags/example_dynamic_task_mapping.py took 0.064 seconds
[2025-02-16T16:37:13.258+0700] {processor.py:186} INFO - Started process (PID=36317) to work on /home/dataengineer/.pyenv/versions/3.9.21/lib/python3.9/site-packages/airflow/example_dags/example_dynamic_task_mapping.py
[2025-02-16T16:37:13.259+0700] {processor.py:914} INFO - Processing file /home/dataengineer/.pyenv/versions/3.9.21/lib/python3.9/site-packages/airflow/example_dags/example_dynamic_task_mapping.py for tasks to queue
[2025-02-16T16:37:13.260+0700] {logging_mixin.py:190} INFO - [2025-02-16T16:37:13.260+0700] {dagbag.py:588} INFO - Filling up the DagBag from /home/dataengineer/.pyenv/versions/3.9.21/lib/python3.9/site-packages/airflow/example_dags/example_dynamic_task_mapping.py
[2025-02-16T16:37:13.270+0700] {processor.py:925} INFO - DAG(s) 'example_dynamic_task_mapping' retrieved from /home/dataengineer/.pyenv/versions/3.9.21/lib/python3.9/site-packages/airflow/example_dags/example_dynamic_task_mapping.py
[2025-02-16T16:37:13.284+0700] {logging_mixin.py:190} INFO - [2025-02-16T16:37:13.283+0700] {dag.py:3239} INFO - Sync 1 DAGs
[2025-02-16T16:37:13.296+0700] {logging_mixin.py:190} INFO - [2025-02-16T16:37:13.296+0700] {dag.py:4180} INFO - Setting next_dagrun for example_dynamic_task_mapping to None, run_after=None
[2025-02-16T16:37:13.316+0700] {processor.py:208} INFO - Processing /home/dataengineer/.pyenv/versions/3.9.21/lib/python3.9/site-packages/airflow/example_dags/example_dynamic_task_mapping.py took 0.064 seconds
[2025-02-16T16:38:26.976+0700] {processor.py:186} INFO - Started process (PID=36869) to work on /home/dataengineer/.pyenv/versions/3.9.21/lib/python3.9/site-packages/airflow/example_dags/example_dynamic_task_mapping.py
[2025-02-16T16:38:26.977+0700] {processor.py:914} INFO - Processing file /home/dataengineer/.pyenv/versions/3.9.21/lib/python3.9/site-packages/airflow/example_dags/example_dynamic_task_mapping.py for tasks to queue
[2025-02-16T16:38:26.979+0700] {logging_mixin.py:190} INFO - [2025-02-16T16:38:26.978+0700] {dagbag.py:588} INFO - Filling up the DagBag from /home/dataengineer/.pyenv/versions/3.9.21/lib/python3.9/site-packages/airflow/example_dags/example_dynamic_task_mapping.py
[2025-02-16T16:38:26.988+0700] {processor.py:925} INFO - DAG(s) 'example_dynamic_task_mapping' retrieved from /home/dataengineer/.pyenv/versions/3.9.21/lib/python3.9/site-packages/airflow/example_dags/example_dynamic_task_mapping.py
[2025-02-16T16:38:27.003+0700] {logging_mixin.py:190} INFO - [2025-02-16T16:38:27.003+0700] {dag.py:3239} INFO - Sync 1 DAGs
[2025-02-16T16:38:27.017+0700] {logging_mixin.py:190} INFO - [2025-02-16T16:38:27.017+0700] {dag.py:4180} INFO - Setting next_dagrun for example_dynamic_task_mapping to None, run_after=None
[2025-02-16T16:38:27.038+0700] {processor.py:208} INFO - Processing /home/dataengineer/.pyenv/versions/3.9.21/lib/python3.9/site-packages/airflow/example_dags/example_dynamic_task_mapping.py took 0.068 seconds
[2025-02-16T16:39:42.091+0700] {processor.py:186} INFO - Started process (PID=37182) to work on /home/dataengineer/.pyenv/versions/3.9.21/lib/python3.9/site-packages/airflow/example_dags/example_dynamic_task_mapping.py
[2025-02-16T16:39:42.092+0700] {processor.py:914} INFO - Processing file /home/dataengineer/.pyenv/versions/3.9.21/lib/python3.9/site-packages/airflow/example_dags/example_dynamic_task_mapping.py for tasks to queue
[2025-02-16T16:39:42.094+0700] {logging_mixin.py:190} INFO - [2025-02-16T16:39:42.093+0700] {dagbag.py:588} INFO - Filling up the DagBag from /home/dataengineer/.pyenv/versions/3.9.21/lib/python3.9/site-packages/airflow/example_dags/example_dynamic_task_mapping.py
[2025-02-16T16:39:42.103+0700] {processor.py:925} INFO - DAG(s) 'example_dynamic_task_mapping' retrieved from /home/dataengineer/.pyenv/versions/3.9.21/lib/python3.9/site-packages/airflow/example_dags/example_dynamic_task_mapping.py
[2025-02-16T16:39:42.118+0700] {logging_mixin.py:190} INFO - [2025-02-16T16:39:42.117+0700] {dag.py:3239} INFO - Sync 1 DAGs
[2025-02-16T16:39:42.131+0700] {logging_mixin.py:190} INFO - [2025-02-16T16:39:42.130+0700] {dag.py:4180} INFO - Setting next_dagrun for example_dynamic_task_mapping to None, run_after=None
[2025-02-16T16:39:42.152+0700] {processor.py:208} INFO - Processing /home/dataengineer/.pyenv/versions/3.9.21/lib/python3.9/site-packages/airflow/example_dags/example_dynamic_task_mapping.py took 0.067 seconds
[2025-02-16T16:40:55.372+0700] {processor.py:186} INFO - Started process (PID=37749) to work on /home/dataengineer/.pyenv/versions/3.9.21/lib/python3.9/site-packages/airflow/example_dags/example_dynamic_task_mapping.py
[2025-02-16T16:40:55.373+0700] {processor.py:914} INFO - Processing file /home/dataengineer/.pyenv/versions/3.9.21/lib/python3.9/site-packages/airflow/example_dags/example_dynamic_task_mapping.py for tasks to queue
[2025-02-16T16:40:55.374+0700] {logging_mixin.py:190} INFO - [2025-02-16T16:40:55.374+0700] {dagbag.py:588} INFO - Filling up the DagBag from /home/dataengineer/.pyenv/versions/3.9.21/lib/python3.9/site-packages/airflow/example_dags/example_dynamic_task_mapping.py
[2025-02-16T16:40:55.384+0700] {processor.py:925} INFO - DAG(s) 'example_dynamic_task_mapping' retrieved from /home/dataengineer/.pyenv/versions/3.9.21/lib/python3.9/site-packages/airflow/example_dags/example_dynamic_task_mapping.py
[2025-02-16T16:40:55.398+0700] {logging_mixin.py:190} INFO - [2025-02-16T16:40:55.398+0700] {dag.py:3239} INFO - Sync 1 DAGs
[2025-02-16T16:40:55.410+0700] {logging_mixin.py:190} INFO - [2025-02-16T16:40:55.410+0700] {dag.py:4180} INFO - Setting next_dagrun for example_dynamic_task_mapping to None, run_after=None
[2025-02-16T16:40:55.430+0700] {processor.py:208} INFO - Processing /home/dataengineer/.pyenv/versions/3.9.21/lib/python3.9/site-packages/airflow/example_dags/example_dynamic_task_mapping.py took 0.064 seconds
[2025-02-16T16:42:09.772+0700] {processor.py:186} INFO - Started process (PID=38063) to work on /home/dataengineer/.pyenv/versions/3.9.21/lib/python3.9/site-packages/airflow/example_dags/example_dynamic_task_mapping.py
[2025-02-16T16:42:09.774+0700] {processor.py:914} INFO - Processing file /home/dataengineer/.pyenv/versions/3.9.21/lib/python3.9/site-packages/airflow/example_dags/example_dynamic_task_mapping.py for tasks to queue
[2025-02-16T16:42:09.775+0700] {logging_mixin.py:190} INFO - [2025-02-16T16:42:09.774+0700] {dagbag.py:588} INFO - Filling up the DagBag from /home/dataengineer/.pyenv/versions/3.9.21/lib/python3.9/site-packages/airflow/example_dags/example_dynamic_task_mapping.py
[2025-02-16T16:42:09.784+0700] {processor.py:925} INFO - DAG(s) 'example_dynamic_task_mapping' retrieved from /home/dataengineer/.pyenv/versions/3.9.21/lib/python3.9/site-packages/airflow/example_dags/example_dynamic_task_mapping.py
[2025-02-16T16:42:09.798+0700] {logging_mixin.py:190} INFO - [2025-02-16T16:42:09.798+0700] {dag.py:3239} INFO - Sync 1 DAGs
[2025-02-16T16:42:09.811+0700] {logging_mixin.py:190} INFO - [2025-02-16T16:42:09.810+0700] {dag.py:4180} INFO - Setting next_dagrun for example_dynamic_task_mapping to None, run_after=None
[2025-02-16T16:42:09.831+0700] {processor.py:208} INFO - Processing /home/dataengineer/.pyenv/versions/3.9.21/lib/python3.9/site-packages/airflow/example_dags/example_dynamic_task_mapping.py took 0.064 seconds
[2025-02-16T16:43:21.794+0700] {processor.py:186} INFO - Started process (PID=38371) to work on /home/dataengineer/.pyenv/versions/3.9.21/lib/python3.9/site-packages/airflow/example_dags/example_dynamic_task_mapping.py
[2025-02-16T16:43:21.795+0700] {processor.py:914} INFO - Processing file /home/dataengineer/.pyenv/versions/3.9.21/lib/python3.9/site-packages/airflow/example_dags/example_dynamic_task_mapping.py for tasks to queue
[2025-02-16T16:43:21.796+0700] {logging_mixin.py:190} INFO - [2025-02-16T16:43:21.796+0700] {dagbag.py:588} INFO - Filling up the DagBag from /home/dataengineer/.pyenv/versions/3.9.21/lib/python3.9/site-packages/airflow/example_dags/example_dynamic_task_mapping.py
[2025-02-16T16:43:21.805+0700] {processor.py:925} INFO - DAG(s) 'example_dynamic_task_mapping' retrieved from /home/dataengineer/.pyenv/versions/3.9.21/lib/python3.9/site-packages/airflow/example_dags/example_dynamic_task_mapping.py
[2025-02-16T16:43:21.819+0700] {logging_mixin.py:190} INFO - [2025-02-16T16:43:21.818+0700] {dag.py:3239} INFO - Sync 1 DAGs
[2025-02-16T16:43:21.831+0700] {logging_mixin.py:190} INFO - [2025-02-16T16:43:21.831+0700] {dag.py:4180} INFO - Setting next_dagrun for example_dynamic_task_mapping to None, run_after=None
[2025-02-16T16:43:21.852+0700] {processor.py:208} INFO - Processing /home/dataengineer/.pyenv/versions/3.9.21/lib/python3.9/site-packages/airflow/example_dags/example_dynamic_task_mapping.py took 0.064 seconds
[2025-02-16T16:44:31.641+0700] {processor.py:186} INFO - Started process (PID=38667) to work on /home/dataengineer/.pyenv/versions/3.9.21/lib/python3.9/site-packages/airflow/example_dags/example_dynamic_task_mapping.py
[2025-02-16T16:44:31.642+0700] {processor.py:914} INFO - Processing file /home/dataengineer/.pyenv/versions/3.9.21/lib/python3.9/site-packages/airflow/example_dags/example_dynamic_task_mapping.py for tasks to queue
[2025-02-16T16:44:31.643+0700] {logging_mixin.py:190} INFO - [2025-02-16T16:44:31.643+0700] {dagbag.py:588} INFO - Filling up the DagBag from /home/dataengineer/.pyenv/versions/3.9.21/lib/python3.9/site-packages/airflow/example_dags/example_dynamic_task_mapping.py
[2025-02-16T16:44:31.653+0700] {processor.py:925} INFO - DAG(s) 'example_dynamic_task_mapping' retrieved from /home/dataengineer/.pyenv/versions/3.9.21/lib/python3.9/site-packages/airflow/example_dags/example_dynamic_task_mapping.py
[2025-02-16T16:44:31.667+0700] {logging_mixin.py:190} INFO - [2025-02-16T16:44:31.666+0700] {dag.py:3239} INFO - Sync 1 DAGs
[2025-02-16T16:44:31.679+0700] {logging_mixin.py:190} INFO - [2025-02-16T16:44:31.679+0700] {dag.py:4180} INFO - Setting next_dagrun for example_dynamic_task_mapping to None, run_after=None
[2025-02-16T16:44:31.699+0700] {processor.py:208} INFO - Processing /home/dataengineer/.pyenv/versions/3.9.21/lib/python3.9/site-packages/airflow/example_dags/example_dynamic_task_mapping.py took 0.064 seconds
[2025-02-16T16:45:39.201+0700] {processor.py:186} INFO - Started process (PID=38994) to work on /home/dataengineer/.pyenv/versions/3.9.21/lib/python3.9/site-packages/airflow/example_dags/example_dynamic_task_mapping.py
[2025-02-16T16:45:39.202+0700] {processor.py:914} INFO - Processing file /home/dataengineer/.pyenv/versions/3.9.21/lib/python3.9/site-packages/airflow/example_dags/example_dynamic_task_mapping.py for tasks to queue
[2025-02-16T16:45:39.204+0700] {logging_mixin.py:190} INFO - [2025-02-16T16:45:39.203+0700] {dagbag.py:588} INFO - Filling up the DagBag from /home/dataengineer/.pyenv/versions/3.9.21/lib/python3.9/site-packages/airflow/example_dags/example_dynamic_task_mapping.py
[2025-02-16T16:45:39.212+0700] {processor.py:925} INFO - DAG(s) 'example_dynamic_task_mapping' retrieved from /home/dataengineer/.pyenv/versions/3.9.21/lib/python3.9/site-packages/airflow/example_dags/example_dynamic_task_mapping.py
[2025-02-16T16:45:39.225+0700] {logging_mixin.py:190} INFO - [2025-02-16T16:45:39.225+0700] {dag.py:3239} INFO - Sync 1 DAGs
[2025-02-16T16:45:39.237+0700] {logging_mixin.py:190} INFO - [2025-02-16T16:45:39.237+0700] {dag.py:4180} INFO - Setting next_dagrun for example_dynamic_task_mapping to None, run_after=None
[2025-02-16T16:45:39.257+0700] {processor.py:208} INFO - Processing /home/dataengineer/.pyenv/versions/3.9.21/lib/python3.9/site-packages/airflow/example_dags/example_dynamic_task_mapping.py took 0.061 seconds
[2025-02-16T16:46:51.308+0700] {processor.py:186} INFO - Started process (PID=39296) to work on /home/dataengineer/.pyenv/versions/3.9.21/lib/python3.9/site-packages/airflow/example_dags/example_dynamic_task_mapping.py
[2025-02-16T16:46:51.309+0700] {processor.py:914} INFO - Processing file /home/dataengineer/.pyenv/versions/3.9.21/lib/python3.9/site-packages/airflow/example_dags/example_dynamic_task_mapping.py for tasks to queue
[2025-02-16T16:46:51.311+0700] {logging_mixin.py:190} INFO - [2025-02-16T16:46:51.310+0700] {dagbag.py:588} INFO - Filling up the DagBag from /home/dataengineer/.pyenv/versions/3.9.21/lib/python3.9/site-packages/airflow/example_dags/example_dynamic_task_mapping.py
[2025-02-16T16:46:51.321+0700] {processor.py:925} INFO - DAG(s) 'example_dynamic_task_mapping' retrieved from /home/dataengineer/.pyenv/versions/3.9.21/lib/python3.9/site-packages/airflow/example_dags/example_dynamic_task_mapping.py
[2025-02-16T16:46:51.336+0700] {logging_mixin.py:190} INFO - [2025-02-16T16:46:51.336+0700] {dag.py:3239} INFO - Sync 1 DAGs
[2025-02-16T16:46:51.350+0700] {logging_mixin.py:190} INFO - [2025-02-16T16:46:51.349+0700] {dag.py:4180} INFO - Setting next_dagrun for example_dynamic_task_mapping to None, run_after=None
[2025-02-16T16:46:51.373+0700] {processor.py:208} INFO - Processing /home/dataengineer/.pyenv/versions/3.9.21/lib/python3.9/site-packages/airflow/example_dags/example_dynamic_task_mapping.py took 0.072 seconds
[2025-02-16T16:48:00.539+0700] {processor.py:186} INFO - Started process (PID=39617) to work on /home/dataengineer/.pyenv/versions/3.9.21/lib/python3.9/site-packages/airflow/example_dags/example_dynamic_task_mapping.py
[2025-02-16T16:48:00.541+0700] {processor.py:914} INFO - Processing file /home/dataengineer/.pyenv/versions/3.9.21/lib/python3.9/site-packages/airflow/example_dags/example_dynamic_task_mapping.py for tasks to queue
[2025-02-16T16:48:00.542+0700] {logging_mixin.py:190} INFO - [2025-02-16T16:48:00.541+0700] {dagbag.py:588} INFO - Filling up the DagBag from /home/dataengineer/.pyenv/versions/3.9.21/lib/python3.9/site-packages/airflow/example_dags/example_dynamic_task_mapping.py
[2025-02-16T16:48:00.551+0700] {processor.py:925} INFO - DAG(s) 'example_dynamic_task_mapping' retrieved from /home/dataengineer/.pyenv/versions/3.9.21/lib/python3.9/site-packages/airflow/example_dags/example_dynamic_task_mapping.py
[2025-02-16T16:48:00.564+0700] {logging_mixin.py:190} INFO - [2025-02-16T16:48:00.564+0700] {dag.py:3239} INFO - Sync 1 DAGs
[2025-02-16T16:48:00.575+0700] {logging_mixin.py:190} INFO - [2025-02-16T16:48:00.575+0700] {dag.py:4180} INFO - Setting next_dagrun for example_dynamic_task_mapping to None, run_after=None
[2025-02-16T16:48:00.594+0700] {processor.py:208} INFO - Processing /home/dataengineer/.pyenv/versions/3.9.21/lib/python3.9/site-packages/airflow/example_dags/example_dynamic_task_mapping.py took 0.060 seconds
[2025-02-16T16:49:13.612+0700] {processor.py:186} INFO - Started process (PID=40009) to work on /home/dataengineer/.pyenv/versions/3.9.21/lib/python3.9/site-packages/airflow/example_dags/example_dynamic_task_mapping.py
[2025-02-16T16:49:13.614+0700] {processor.py:914} INFO - Processing file /home/dataengineer/.pyenv/versions/3.9.21/lib/python3.9/site-packages/airflow/example_dags/example_dynamic_task_mapping.py for tasks to queue
[2025-02-16T16:49:13.615+0700] {logging_mixin.py:190} INFO - [2025-02-16T16:49:13.614+0700] {dagbag.py:588} INFO - Filling up the DagBag from /home/dataengineer/.pyenv/versions/3.9.21/lib/python3.9/site-packages/airflow/example_dags/example_dynamic_task_mapping.py
[2025-02-16T16:49:13.624+0700] {processor.py:925} INFO - DAG(s) 'example_dynamic_task_mapping' retrieved from /home/dataengineer/.pyenv/versions/3.9.21/lib/python3.9/site-packages/airflow/example_dags/example_dynamic_task_mapping.py
[2025-02-16T16:49:13.637+0700] {logging_mixin.py:190} INFO - [2025-02-16T16:49:13.637+0700] {dag.py:3239} INFO - Sync 1 DAGs
[2025-02-16T16:49:13.648+0700] {logging_mixin.py:190} INFO - [2025-02-16T16:49:13.648+0700] {dag.py:4180} INFO - Setting next_dagrun for example_dynamic_task_mapping to None, run_after=None
[2025-02-16T16:49:13.667+0700] {processor.py:208} INFO - Processing /home/dataengineer/.pyenv/versions/3.9.21/lib/python3.9/site-packages/airflow/example_dags/example_dynamic_task_mapping.py took 0.060 seconds
[2025-02-16T16:50:28.871+0700] {processor.py:186} INFO - Started process (PID=40322) to work on /home/dataengineer/.pyenv/versions/3.9.21/lib/python3.9/site-packages/airflow/example_dags/example_dynamic_task_mapping.py
[2025-02-16T16:50:28.872+0700] {processor.py:914} INFO - Processing file /home/dataengineer/.pyenv/versions/3.9.21/lib/python3.9/site-packages/airflow/example_dags/example_dynamic_task_mapping.py for tasks to queue
[2025-02-16T16:50:28.874+0700] {logging_mixin.py:190} INFO - [2025-02-16T16:50:28.873+0700] {dagbag.py:588} INFO - Filling up the DagBag from /home/dataengineer/.pyenv/versions/3.9.21/lib/python3.9/site-packages/airflow/example_dags/example_dynamic_task_mapping.py
[2025-02-16T16:50:28.883+0700] {processor.py:925} INFO - DAG(s) 'example_dynamic_task_mapping' retrieved from /home/dataengineer/.pyenv/versions/3.9.21/lib/python3.9/site-packages/airflow/example_dags/example_dynamic_task_mapping.py
[2025-02-16T16:50:28.898+0700] {logging_mixin.py:190} INFO - [2025-02-16T16:50:28.898+0700] {dag.py:3239} INFO - Sync 1 DAGs
[2025-02-16T16:50:28.911+0700] {logging_mixin.py:190} INFO - [2025-02-16T16:50:28.911+0700] {dag.py:4180} INFO - Setting next_dagrun for example_dynamic_task_mapping to None, run_after=None
[2025-02-16T16:50:28.933+0700] {processor.py:208} INFO - Processing /home/dataengineer/.pyenv/versions/3.9.21/lib/python3.9/site-packages/airflow/example_dags/example_dynamic_task_mapping.py took 0.068 seconds
[2025-02-16T16:51:43.127+0700] {processor.py:186} INFO - Started process (PID=40663) to work on /home/dataengineer/.pyenv/versions/3.9.21/lib/python3.9/site-packages/airflow/example_dags/example_dynamic_task_mapping.py
[2025-02-16T16:51:43.128+0700] {processor.py:914} INFO - Processing file /home/dataengineer/.pyenv/versions/3.9.21/lib/python3.9/site-packages/airflow/example_dags/example_dynamic_task_mapping.py for tasks to queue
[2025-02-16T16:51:43.130+0700] {logging_mixin.py:190} INFO - [2025-02-16T16:51:43.129+0700] {dagbag.py:588} INFO - Filling up the DagBag from /home/dataengineer/.pyenv/versions/3.9.21/lib/python3.9/site-packages/airflow/example_dags/example_dynamic_task_mapping.py
[2025-02-16T16:51:43.138+0700] {processor.py:925} INFO - DAG(s) 'example_dynamic_task_mapping' retrieved from /home/dataengineer/.pyenv/versions/3.9.21/lib/python3.9/site-packages/airflow/example_dags/example_dynamic_task_mapping.py
[2025-02-16T16:51:43.152+0700] {logging_mixin.py:190} INFO - [2025-02-16T16:51:43.152+0700] {dag.py:3239} INFO - Sync 1 DAGs
[2025-02-16T16:51:43.164+0700] {logging_mixin.py:190} INFO - [2025-02-16T16:51:43.164+0700] {dag.py:4180} INFO - Setting next_dagrun for example_dynamic_task_mapping to None, run_after=None
[2025-02-16T16:51:43.184+0700] {processor.py:208} INFO - Processing /home/dataengineer/.pyenv/versions/3.9.21/lib/python3.9/site-packages/airflow/example_dags/example_dynamic_task_mapping.py took 0.062 seconds
[2025-02-16T16:52:51.400+0700] {processor.py:186} INFO - Started process (PID=40953) to work on /home/dataengineer/.pyenv/versions/3.9.21/lib/python3.9/site-packages/airflow/example_dags/example_dynamic_task_mapping.py
[2025-02-16T16:52:51.401+0700] {processor.py:914} INFO - Processing file /home/dataengineer/.pyenv/versions/3.9.21/lib/python3.9/site-packages/airflow/example_dags/example_dynamic_task_mapping.py for tasks to queue
[2025-02-16T16:52:51.403+0700] {logging_mixin.py:190} INFO - [2025-02-16T16:52:51.402+0700] {dagbag.py:588} INFO - Filling up the DagBag from /home/dataengineer/.pyenv/versions/3.9.21/lib/python3.9/site-packages/airflow/example_dags/example_dynamic_task_mapping.py
[2025-02-16T16:52:51.411+0700] {processor.py:925} INFO - DAG(s) 'example_dynamic_task_mapping' retrieved from /home/dataengineer/.pyenv/versions/3.9.21/lib/python3.9/site-packages/airflow/example_dags/example_dynamic_task_mapping.py
[2025-02-16T16:52:51.424+0700] {logging_mixin.py:190} INFO - [2025-02-16T16:52:51.424+0700] {dag.py:3239} INFO - Sync 1 DAGs
[2025-02-16T16:52:51.436+0700] {logging_mixin.py:190} INFO - [2025-02-16T16:52:51.435+0700] {dag.py:4180} INFO - Setting next_dagrun for example_dynamic_task_mapping to None, run_after=None
[2025-02-16T16:52:51.455+0700] {processor.py:208} INFO - Processing /home/dataengineer/.pyenv/versions/3.9.21/lib/python3.9/site-packages/airflow/example_dags/example_dynamic_task_mapping.py took 0.060 seconds
[2025-02-16T16:53:47.770+0700] {processor.py:186} INFO - Started process (PID=41209) to work on /home/dataengineer/.pyenv/versions/3.9.21/lib/python3.9/site-packages/airflow/example_dags/example_dynamic_task_mapping.py
[2025-02-16T16:53:47.841+0700] {processor.py:914} INFO - Processing file /home/dataengineer/.pyenv/versions/3.9.21/lib/python3.9/site-packages/airflow/example_dags/example_dynamic_task_mapping.py for tasks to queue
[2025-02-16T16:53:47.843+0700] {logging_mixin.py:190} INFO - [2025-02-16T16:53:47.842+0700] {dagbag.py:588} INFO - Filling up the DagBag from /home/dataengineer/.pyenv/versions/3.9.21/lib/python3.9/site-packages/airflow/example_dags/example_dynamic_task_mapping.py
[2025-02-16T16:53:47.860+0700] {processor.py:925} INFO - DAG(s) 'example_dynamic_task_mapping' retrieved from /home/dataengineer/.pyenv/versions/3.9.21/lib/python3.9/site-packages/airflow/example_dags/example_dynamic_task_mapping.py
[2025-02-16T16:53:47.879+0700] {logging_mixin.py:190} INFO - [2025-02-16T16:53:47.879+0700] {dag.py:3239} INFO - Sync 1 DAGs
[2025-02-16T16:53:47.894+0700] {logging_mixin.py:190} INFO - [2025-02-16T16:53:47.894+0700] {dag.py:4180} INFO - Setting next_dagrun for example_dynamic_task_mapping to None, run_after=None
[2025-02-16T16:53:47.913+0700] {processor.py:208} INFO - Processing /home/dataengineer/.pyenv/versions/3.9.21/lib/python3.9/site-packages/airflow/example_dags/example_dynamic_task_mapping.py took 0.150 seconds
[2025-02-16T16:54:59.944+0700] {processor.py:186} INFO - Started process (PID=41549) to work on /home/dataengineer/.pyenv/versions/3.9.21/lib/python3.9/site-packages/airflow/example_dags/example_dynamic_task_mapping.py
[2025-02-16T16:54:59.945+0700] {processor.py:914} INFO - Processing file /home/dataengineer/.pyenv/versions/3.9.21/lib/python3.9/site-packages/airflow/example_dags/example_dynamic_task_mapping.py for tasks to queue
[2025-02-16T16:54:59.946+0700] {logging_mixin.py:190} INFO - [2025-02-16T16:54:59.946+0700] {dagbag.py:588} INFO - Filling up the DagBag from /home/dataengineer/.pyenv/versions/3.9.21/lib/python3.9/site-packages/airflow/example_dags/example_dynamic_task_mapping.py
[2025-02-16T16:54:59.955+0700] {processor.py:925} INFO - DAG(s) 'example_dynamic_task_mapping' retrieved from /home/dataengineer/.pyenv/versions/3.9.21/lib/python3.9/site-packages/airflow/example_dags/example_dynamic_task_mapping.py
[2025-02-16T16:54:59.968+0700] {logging_mixin.py:190} INFO - [2025-02-16T16:54:59.968+0700] {dag.py:3239} INFO - Sync 1 DAGs
[2025-02-16T16:54:59.980+0700] {logging_mixin.py:190} INFO - [2025-02-16T16:54:59.979+0700] {dag.py:4180} INFO - Setting next_dagrun for example_dynamic_task_mapping to None, run_after=None
[2025-02-16T16:54:59.999+0700] {processor.py:208} INFO - Processing /home/dataengineer/.pyenv/versions/3.9.21/lib/python3.9/site-packages/airflow/example_dags/example_dynamic_task_mapping.py took 0.061 seconds
[2025-02-16T16:56:14.190+0700] {processor.py:186} INFO - Started process (PID=41860) to work on /home/dataengineer/.pyenv/versions/3.9.21/lib/python3.9/site-packages/airflow/example_dags/example_dynamic_task_mapping.py
[2025-02-16T16:56:14.191+0700] {processor.py:914} INFO - Processing file /home/dataengineer/.pyenv/versions/3.9.21/lib/python3.9/site-packages/airflow/example_dags/example_dynamic_task_mapping.py for tasks to queue
[2025-02-16T16:56:14.192+0700] {logging_mixin.py:190} INFO - [2025-02-16T16:56:14.192+0700] {dagbag.py:588} INFO - Filling up the DagBag from /home/dataengineer/.pyenv/versions/3.9.21/lib/python3.9/site-packages/airflow/example_dags/example_dynamic_task_mapping.py
[2025-02-16T16:56:14.201+0700] {processor.py:925} INFO - DAG(s) 'example_dynamic_task_mapping' retrieved from /home/dataengineer/.pyenv/versions/3.9.21/lib/python3.9/site-packages/airflow/example_dags/example_dynamic_task_mapping.py
[2025-02-16T16:56:14.215+0700] {logging_mixin.py:190} INFO - [2025-02-16T16:56:14.214+0700] {dag.py:3239} INFO - Sync 1 DAGs
[2025-02-16T16:56:14.226+0700] {logging_mixin.py:190} INFO - [2025-02-16T16:56:14.226+0700] {dag.py:4180} INFO - Setting next_dagrun for example_dynamic_task_mapping to None, run_after=None
[2025-02-16T16:56:14.247+0700] {processor.py:208} INFO - Processing /home/dataengineer/.pyenv/versions/3.9.21/lib/python3.9/site-packages/airflow/example_dags/example_dynamic_task_mapping.py took 0.063 seconds
[2025-02-16T16:57:22.322+0700] {processor.py:186} INFO - Started process (PID=42514) to work on /home/dataengineer/.pyenv/versions/3.9.21/lib/python3.9/site-packages/airflow/example_dags/example_dynamic_task_mapping.py
[2025-02-16T16:57:22.323+0700] {processor.py:914} INFO - Processing file /home/dataengineer/.pyenv/versions/3.9.21/lib/python3.9/site-packages/airflow/example_dags/example_dynamic_task_mapping.py for tasks to queue
[2025-02-16T16:57:22.324+0700] {logging_mixin.py:190} INFO - [2025-02-16T16:57:22.323+0700] {dagbag.py:588} INFO - Filling up the DagBag from /home/dataengineer/.pyenv/versions/3.9.21/lib/python3.9/site-packages/airflow/example_dags/example_dynamic_task_mapping.py
[2025-02-16T16:57:22.337+0700] {processor.py:925} INFO - DAG(s) 'example_dynamic_task_mapping' retrieved from /home/dataengineer/.pyenv/versions/3.9.21/lib/python3.9/site-packages/airflow/example_dags/example_dynamic_task_mapping.py
[2025-02-16T16:57:22.353+0700] {logging_mixin.py:190} INFO - [2025-02-16T16:57:22.353+0700] {dag.py:3239} INFO - Sync 1 DAGs
[2025-02-16T16:57:22.366+0700] {logging_mixin.py:190} INFO - [2025-02-16T16:57:22.365+0700] {dag.py:4180} INFO - Setting next_dagrun for example_dynamic_task_mapping to None, run_after=None
[2025-02-16T16:57:22.387+0700] {processor.py:208} INFO - Processing /home/dataengineer/.pyenv/versions/3.9.21/lib/python3.9/site-packages/airflow/example_dags/example_dynamic_task_mapping.py took 0.072 seconds
[2025-02-16T16:58:39.955+0700] {processor.py:186} INFO - Started process (PID=43143) to work on /home/dataengineer/.pyenv/versions/3.9.21/lib/python3.9/site-packages/airflow/example_dags/example_dynamic_task_mapping.py
[2025-02-16T16:58:39.956+0700] {processor.py:914} INFO - Processing file /home/dataengineer/.pyenv/versions/3.9.21/lib/python3.9/site-packages/airflow/example_dags/example_dynamic_task_mapping.py for tasks to queue
[2025-02-16T16:58:39.957+0700] {logging_mixin.py:190} INFO - [2025-02-16T16:58:39.957+0700] {dagbag.py:588} INFO - Filling up the DagBag from /home/dataengineer/.pyenv/versions/3.9.21/lib/python3.9/site-packages/airflow/example_dags/example_dynamic_task_mapping.py
[2025-02-16T16:58:39.966+0700] {processor.py:925} INFO - DAG(s) 'example_dynamic_task_mapping' retrieved from /home/dataengineer/.pyenv/versions/3.9.21/lib/python3.9/site-packages/airflow/example_dags/example_dynamic_task_mapping.py
[2025-02-16T16:58:39.978+0700] {logging_mixin.py:190} INFO - [2025-02-16T16:58:39.978+0700] {dag.py:3239} INFO - Sync 1 DAGs
[2025-02-16T16:58:39.990+0700] {logging_mixin.py:190} INFO - [2025-02-16T16:58:39.990+0700] {dag.py:4180} INFO - Setting next_dagrun for example_dynamic_task_mapping to None, run_after=None
[2025-02-16T16:58:40.010+0700] {processor.py:208} INFO - Processing /home/dataengineer/.pyenv/versions/3.9.21/lib/python3.9/site-packages/airflow/example_dags/example_dynamic_task_mapping.py took 0.061 seconds
[2025-02-16T16:59:54.438+0700] {processor.py:186} INFO - Started process (PID=43459) to work on /home/dataengineer/.pyenv/versions/3.9.21/lib/python3.9/site-packages/airflow/example_dags/example_dynamic_task_mapping.py
[2025-02-16T16:59:54.440+0700] {processor.py:914} INFO - Processing file /home/dataengineer/.pyenv/versions/3.9.21/lib/python3.9/site-packages/airflow/example_dags/example_dynamic_task_mapping.py for tasks to queue
[2025-02-16T16:59:54.441+0700] {logging_mixin.py:190} INFO - [2025-02-16T16:59:54.440+0700] {dagbag.py:588} INFO - Filling up the DagBag from /home/dataengineer/.pyenv/versions/3.9.21/lib/python3.9/site-packages/airflow/example_dags/example_dynamic_task_mapping.py
[2025-02-16T16:59:54.449+0700] {processor.py:925} INFO - DAG(s) 'example_dynamic_task_mapping' retrieved from /home/dataengineer/.pyenv/versions/3.9.21/lib/python3.9/site-packages/airflow/example_dags/example_dynamic_task_mapping.py
[2025-02-16T16:59:54.462+0700] {logging_mixin.py:190} INFO - [2025-02-16T16:59:54.462+0700] {dag.py:3239} INFO - Sync 1 DAGs
[2025-02-16T16:59:54.474+0700] {logging_mixin.py:190} INFO - [2025-02-16T16:59:54.474+0700] {dag.py:4180} INFO - Setting next_dagrun for example_dynamic_task_mapping to None, run_after=None
[2025-02-16T16:59:54.494+0700] {processor.py:208} INFO - Processing /home/dataengineer/.pyenv/versions/3.9.21/lib/python3.9/site-packages/airflow/example_dags/example_dynamic_task_mapping.py took 0.061 seconds
