[2025-02-16T15:58:01.897+0700] {processor.py:186} INFO - Started process (PID=25546) to work on /home/dataengineer/.pyenv/versions/3.9.21/lib/python3.9/site-packages/airflow/example_dags/example_python_operator.py
[2025-02-16T15:58:01.897+0700] {processor.py:914} INFO - Processing file /home/dataengineer/.pyenv/versions/3.9.21/lib/python3.9/site-packages/airflow/example_dags/example_python_operator.py for tasks to queue
[2025-02-16T15:58:01.899+0700] {logging_mixin.py:190} INFO - [2025-02-16T15:58:01.899+0700] {dagbag.py:588} INFO - Filling up the DagBag from /home/dataengineer/.pyenv/versions/3.9.21/lib/python3.9/site-packages/airflow/example_dags/example_python_operator.py
[2025-02-16T15:58:01.977+0700] {logging_mixin.py:190} INFO - [2025-02-16T15:58:01.977+0700] {example_python_operator.py:93} WARNING - The virtalenv_python example task requires virtualenv, please install it.
[2025-02-16T15:58:01.980+0700] {processor.py:925} INFO - DAG(s) 'example_python_operator' retrieved from /home/dataengineer/.pyenv/versions/3.9.21/lib/python3.9/site-packages/airflow/example_dags/example_python_operator.py
[2025-02-16T15:58:01.996+0700] {logging_mixin.py:190} INFO - [2025-02-16T15:58:01.996+0700] {dag.py:3239} INFO - Sync 1 DAGs
[2025-02-16T15:58:02.007+0700] {logging_mixin.py:190} INFO - [2025-02-16T15:58:02.007+0700] {dag.py:4180} INFO - Setting next_dagrun for example_python_operator to None, run_after=None
[2025-02-16T15:58:02.025+0700] {processor.py:208} INFO - Processing /home/dataengineer/.pyenv/versions/3.9.21/lib/python3.9/site-packages/airflow/example_dags/example_python_operator.py took 0.136 seconds
[2025-02-16T15:58:57.237+0700] {processor.py:186} INFO - Started process (PID=25780) to work on /home/dataengineer/.pyenv/versions/3.9.21/lib/python3.9/site-packages/airflow/example_dags/example_python_operator.py
[2025-02-16T15:58:57.238+0700] {processor.py:914} INFO - Processing file /home/dataengineer/.pyenv/versions/3.9.21/lib/python3.9/site-packages/airflow/example_dags/example_python_operator.py for tasks to queue
[2025-02-16T15:58:57.240+0700] {logging_mixin.py:190} INFO - [2025-02-16T15:58:57.239+0700] {dagbag.py:588} INFO - Filling up the DagBag from /home/dataengineer/.pyenv/versions/3.9.21/lib/python3.9/site-packages/airflow/example_dags/example_python_operator.py
[2025-02-16T15:58:57.321+0700] {logging_mixin.py:190} INFO - [2025-02-16T15:58:57.321+0700] {example_python_operator.py:93} WARNING - The virtalenv_python example task requires virtualenv, please install it.
[2025-02-16T15:58:57.324+0700] {processor.py:925} INFO - DAG(s) 'example_python_operator' retrieved from /home/dataengineer/.pyenv/versions/3.9.21/lib/python3.9/site-packages/airflow/example_dags/example_python_operator.py
[2025-02-16T15:58:57.343+0700] {logging_mixin.py:190} INFO - [2025-02-16T15:58:57.343+0700] {dag.py:3239} INFO - Sync 1 DAGs
[2025-02-16T15:58:57.358+0700] {logging_mixin.py:190} INFO - [2025-02-16T15:58:57.357+0700] {dag.py:4180} INFO - Setting next_dagrun for example_python_operator to None, run_after=None
[2025-02-16T15:58:57.377+0700] {processor.py:208} INFO - Processing /home/dataengineer/.pyenv/versions/3.9.21/lib/python3.9/site-packages/airflow/example_dags/example_python_operator.py took 0.147 seconds
[2025-02-16T15:59:52.166+0700] {processor.py:186} INFO - Started process (PID=26093) to work on /home/dataengineer/.pyenv/versions/3.9.21/lib/python3.9/site-packages/airflow/example_dags/example_python_operator.py
[2025-02-16T15:59:52.167+0700] {processor.py:914} INFO - Processing file /home/dataengineer/.pyenv/versions/3.9.21/lib/python3.9/site-packages/airflow/example_dags/example_python_operator.py for tasks to queue
[2025-02-16T15:59:52.169+0700] {logging_mixin.py:190} INFO - [2025-02-16T15:59:52.168+0700] {dagbag.py:588} INFO - Filling up the DagBag from /home/dataengineer/.pyenv/versions/3.9.21/lib/python3.9/site-packages/airflow/example_dags/example_python_operator.py
[2025-02-16T15:59:52.244+0700] {logging_mixin.py:190} INFO - [2025-02-16T15:59:52.244+0700] {example_python_operator.py:93} WARNING - The virtalenv_python example task requires virtualenv, please install it.
[2025-02-16T15:59:52.247+0700] {processor.py:925} INFO - DAG(s) 'example_python_operator' retrieved from /home/dataengineer/.pyenv/versions/3.9.21/lib/python3.9/site-packages/airflow/example_dags/example_python_operator.py
[2025-02-16T15:59:52.262+0700] {logging_mixin.py:190} INFO - [2025-02-16T15:59:52.261+0700] {dag.py:3239} INFO - Sync 1 DAGs
[2025-02-16T15:59:52.274+0700] {logging_mixin.py:190} INFO - [2025-02-16T15:59:52.274+0700] {dag.py:4180} INFO - Setting next_dagrun for example_python_operator to None, run_after=None
[2025-02-16T15:59:52.294+0700] {processor.py:208} INFO - Processing /home/dataengineer/.pyenv/versions/3.9.21/lib/python3.9/site-packages/airflow/example_dags/example_python_operator.py took 0.134 seconds
[2025-02-16T16:01:03.183+0700] {processor.py:186} INFO - Started process (PID=26387) to work on /home/dataengineer/.pyenv/versions/3.9.21/lib/python3.9/site-packages/airflow/example_dags/example_python_operator.py
[2025-02-16T16:01:03.184+0700] {processor.py:914} INFO - Processing file /home/dataengineer/.pyenv/versions/3.9.21/lib/python3.9/site-packages/airflow/example_dags/example_python_operator.py for tasks to queue
[2025-02-16T16:01:03.186+0700] {logging_mixin.py:190} INFO - [2025-02-16T16:01:03.185+0700] {dagbag.py:588} INFO - Filling up the DagBag from /home/dataengineer/.pyenv/versions/3.9.21/lib/python3.9/site-packages/airflow/example_dags/example_python_operator.py
[2025-02-16T16:01:03.262+0700] {logging_mixin.py:190} INFO - [2025-02-16T16:01:03.262+0700] {example_python_operator.py:93} WARNING - The virtalenv_python example task requires virtualenv, please install it.
[2025-02-16T16:01:03.265+0700] {processor.py:925} INFO - DAG(s) 'example_python_operator' retrieved from /home/dataengineer/.pyenv/versions/3.9.21/lib/python3.9/site-packages/airflow/example_dags/example_python_operator.py
[2025-02-16T16:01:03.281+0700] {logging_mixin.py:190} INFO - [2025-02-16T16:01:03.281+0700] {dag.py:3239} INFO - Sync 1 DAGs
[2025-02-16T16:01:03.295+0700] {logging_mixin.py:190} INFO - [2025-02-16T16:01:03.294+0700] {dag.py:4180} INFO - Setting next_dagrun for example_python_operator to None, run_after=None
[2025-02-16T16:01:03.316+0700] {processor.py:208} INFO - Processing /home/dataengineer/.pyenv/versions/3.9.21/lib/python3.9/site-packages/airflow/example_dags/example_python_operator.py took 0.139 seconds
[2025-02-16T16:02:34.583+0700] {processor.py:186} INFO - Started process (PID=27119) to work on /home/dataengineer/.pyenv/versions/3.9.21/lib/python3.9/site-packages/airflow/example_dags/example_python_operator.py
[2025-02-16T16:02:34.585+0700] {processor.py:914} INFO - Processing file /home/dataengineer/.pyenv/versions/3.9.21/lib/python3.9/site-packages/airflow/example_dags/example_python_operator.py for tasks to queue
[2025-02-16T16:02:34.586+0700] {logging_mixin.py:190} INFO - [2025-02-16T16:02:34.585+0700] {dagbag.py:588} INFO - Filling up the DagBag from /home/dataengineer/.pyenv/versions/3.9.21/lib/python3.9/site-packages/airflow/example_dags/example_python_operator.py
[2025-02-16T16:02:34.664+0700] {logging_mixin.py:190} INFO - [2025-02-16T16:02:34.664+0700] {example_python_operator.py:93} WARNING - The virtalenv_python example task requires virtualenv, please install it.
[2025-02-16T16:02:34.667+0700] {processor.py:925} INFO - DAG(s) 'example_python_operator' retrieved from /home/dataengineer/.pyenv/versions/3.9.21/lib/python3.9/site-packages/airflow/example_dags/example_python_operator.py
[2025-02-16T16:02:34.682+0700] {logging_mixin.py:190} INFO - [2025-02-16T16:02:34.681+0700] {dag.py:3239} INFO - Sync 1 DAGs
[2025-02-16T16:02:34.694+0700] {logging_mixin.py:190} INFO - [2025-02-16T16:02:34.693+0700] {dag.py:4180} INFO - Setting next_dagrun for example_python_operator to None, run_after=None
[2025-02-16T16:02:34.712+0700] {processor.py:208} INFO - Processing /home/dataengineer/.pyenv/versions/3.9.21/lib/python3.9/site-packages/airflow/example_dags/example_python_operator.py took 0.134 seconds
[2025-02-16T16:03:43.470+0700] {processor.py:186} INFO - Started process (PID=27408) to work on /home/dataengineer/.pyenv/versions/3.9.21/lib/python3.9/site-packages/airflow/example_dags/example_python_operator.py
[2025-02-16T16:03:43.471+0700] {processor.py:914} INFO - Processing file /home/dataengineer/.pyenv/versions/3.9.21/lib/python3.9/site-packages/airflow/example_dags/example_python_operator.py for tasks to queue
[2025-02-16T16:03:43.472+0700] {logging_mixin.py:190} INFO - [2025-02-16T16:03:43.472+0700] {dagbag.py:588} INFO - Filling up the DagBag from /home/dataengineer/.pyenv/versions/3.9.21/lib/python3.9/site-packages/airflow/example_dags/example_python_operator.py
[2025-02-16T16:03:43.550+0700] {logging_mixin.py:190} INFO - [2025-02-16T16:03:43.550+0700] {example_python_operator.py:93} WARNING - The virtalenv_python example task requires virtualenv, please install it.
[2025-02-16T16:03:43.553+0700] {processor.py:925} INFO - DAG(s) 'example_python_operator' retrieved from /home/dataengineer/.pyenv/versions/3.9.21/lib/python3.9/site-packages/airflow/example_dags/example_python_operator.py
[2025-02-16T16:03:43.568+0700] {logging_mixin.py:190} INFO - [2025-02-16T16:03:43.568+0700] {dag.py:3239} INFO - Sync 1 DAGs
[2025-02-16T16:03:43.581+0700] {logging_mixin.py:190} INFO - [2025-02-16T16:03:43.581+0700] {dag.py:4180} INFO - Setting next_dagrun for example_python_operator to None, run_after=None
[2025-02-16T16:03:43.601+0700] {processor.py:208} INFO - Processing /home/dataengineer/.pyenv/versions/3.9.21/lib/python3.9/site-packages/airflow/example_dags/example_python_operator.py took 0.137 seconds
[2025-02-16T16:04:57.108+0700] {processor.py:186} INFO - Started process (PID=27721) to work on /home/dataengineer/.pyenv/versions/3.9.21/lib/python3.9/site-packages/airflow/example_dags/example_python_operator.py
[2025-02-16T16:04:57.109+0700] {processor.py:914} INFO - Processing file /home/dataengineer/.pyenv/versions/3.9.21/lib/python3.9/site-packages/airflow/example_dags/example_python_operator.py for tasks to queue
[2025-02-16T16:04:57.110+0700] {logging_mixin.py:190} INFO - [2025-02-16T16:04:57.110+0700] {dagbag.py:588} INFO - Filling up the DagBag from /home/dataengineer/.pyenv/versions/3.9.21/lib/python3.9/site-packages/airflow/example_dags/example_python_operator.py
[2025-02-16T16:04:57.188+0700] {logging_mixin.py:190} INFO - [2025-02-16T16:04:57.188+0700] {example_python_operator.py:93} WARNING - The virtalenv_python example task requires virtualenv, please install it.
[2025-02-16T16:04:57.191+0700] {processor.py:925} INFO - DAG(s) 'example_python_operator' retrieved from /home/dataengineer/.pyenv/versions/3.9.21/lib/python3.9/site-packages/airflow/example_dags/example_python_operator.py
[2025-02-16T16:04:57.207+0700] {logging_mixin.py:190} INFO - [2025-02-16T16:04:57.206+0700] {dag.py:3239} INFO - Sync 1 DAGs
[2025-02-16T16:04:57.219+0700] {logging_mixin.py:190} INFO - [2025-02-16T16:04:57.219+0700] {dag.py:4180} INFO - Setting next_dagrun for example_python_operator to None, run_after=None
[2025-02-16T16:04:57.242+0700] {processor.py:208} INFO - Processing /home/dataengineer/.pyenv/versions/3.9.21/lib/python3.9/site-packages/airflow/example_dags/example_python_operator.py took 0.140 seconds
[2025-02-16T16:05:53.509+0700] {processor.py:186} INFO - Started process (PID=27953) to work on /home/dataengineer/.pyenv/versions/3.9.21/lib/python3.9/site-packages/airflow/example_dags/example_python_operator.py
[2025-02-16T16:05:53.510+0700] {processor.py:914} INFO - Processing file /home/dataengineer/.pyenv/versions/3.9.21/lib/python3.9/site-packages/airflow/example_dags/example_python_operator.py for tasks to queue
[2025-02-16T16:05:53.511+0700] {logging_mixin.py:190} INFO - [2025-02-16T16:05:53.511+0700] {dagbag.py:588} INFO - Filling up the DagBag from /home/dataengineer/.pyenv/versions/3.9.21/lib/python3.9/site-packages/airflow/example_dags/example_python_operator.py
[2025-02-16T16:05:53.589+0700] {logging_mixin.py:190} INFO - [2025-02-16T16:05:53.589+0700] {example_python_operator.py:93} WARNING - The virtalenv_python example task requires virtualenv, please install it.
[2025-02-16T16:05:53.591+0700] {processor.py:925} INFO - DAG(s) 'example_python_operator' retrieved from /home/dataengineer/.pyenv/versions/3.9.21/lib/python3.9/site-packages/airflow/example_dags/example_python_operator.py
[2025-02-16T16:05:53.607+0700] {logging_mixin.py:190} INFO - [2025-02-16T16:05:53.607+0700] {dag.py:3239} INFO - Sync 1 DAGs
[2025-02-16T16:05:53.620+0700] {logging_mixin.py:190} INFO - [2025-02-16T16:05:53.620+0700] {dag.py:4180} INFO - Setting next_dagrun for example_python_operator to None, run_after=None
[2025-02-16T16:05:53.640+0700] {processor.py:208} INFO - Processing /home/dataengineer/.pyenv/versions/3.9.21/lib/python3.9/site-packages/airflow/example_dags/example_python_operator.py took 0.137 seconds
[2025-02-16T16:07:03.587+0700] {processor.py:186} INFO - Started process (PID=28334) to work on /home/dataengineer/.pyenv/versions/3.9.21/lib/python3.9/site-packages/airflow/example_dags/example_python_operator.py
[2025-02-16T16:07:03.588+0700] {processor.py:914} INFO - Processing file /home/dataengineer/.pyenv/versions/3.9.21/lib/python3.9/site-packages/airflow/example_dags/example_python_operator.py for tasks to queue
[2025-02-16T16:07:03.590+0700] {logging_mixin.py:190} INFO - [2025-02-16T16:07:03.589+0700] {dagbag.py:588} INFO - Filling up the DagBag from /home/dataengineer/.pyenv/versions/3.9.21/lib/python3.9/site-packages/airflow/example_dags/example_python_operator.py
[2025-02-16T16:07:03.731+0700] {logging_mixin.py:190} INFO - [2025-02-16T16:07:03.731+0700] {example_python_operator.py:93} WARNING - The virtalenv_python example task requires virtualenv, please install it.
[2025-02-16T16:07:03.734+0700] {processor.py:925} INFO - DAG(s) 'example_python_operator' retrieved from /home/dataengineer/.pyenv/versions/3.9.21/lib/python3.9/site-packages/airflow/example_dags/example_python_operator.py
[2025-02-16T16:07:03.750+0700] {logging_mixin.py:190} INFO - [2025-02-16T16:07:03.750+0700] {dag.py:3239} INFO - Sync 1 DAGs
[2025-02-16T16:07:03.763+0700] {logging_mixin.py:190} INFO - [2025-02-16T16:07:03.763+0700] {dag.py:4180} INFO - Setting next_dagrun for example_python_operator to None, run_after=None
[2025-02-16T16:07:03.783+0700] {processor.py:208} INFO - Processing /home/dataengineer/.pyenv/versions/3.9.21/lib/python3.9/site-packages/airflow/example_dags/example_python_operator.py took 0.202 seconds
[2025-02-16T16:08:15.771+0700] {processor.py:186} INFO - Started process (PID=28759) to work on /home/dataengineer/.pyenv/versions/3.9.21/lib/python3.9/site-packages/airflow/example_dags/example_python_operator.py
[2025-02-16T16:08:15.772+0700] {processor.py:914} INFO - Processing file /home/dataengineer/.pyenv/versions/3.9.21/lib/python3.9/site-packages/airflow/example_dags/example_python_operator.py for tasks to queue
[2025-02-16T16:08:15.774+0700] {logging_mixin.py:190} INFO - [2025-02-16T16:08:15.773+0700] {dagbag.py:588} INFO - Filling up the DagBag from /home/dataengineer/.pyenv/versions/3.9.21/lib/python3.9/site-packages/airflow/example_dags/example_python_operator.py
[2025-02-16T16:08:15.849+0700] {logging_mixin.py:190} INFO - [2025-02-16T16:08:15.848+0700] {example_python_operator.py:93} WARNING - The virtalenv_python example task requires virtualenv, please install it.
[2025-02-16T16:08:15.851+0700] {processor.py:925} INFO - DAG(s) 'example_python_operator' retrieved from /home/dataengineer/.pyenv/versions/3.9.21/lib/python3.9/site-packages/airflow/example_dags/example_python_operator.py
[2025-02-16T16:08:15.867+0700] {logging_mixin.py:190} INFO - [2025-02-16T16:08:15.867+0700] {dag.py:3239} INFO - Sync 1 DAGs
[2025-02-16T16:08:15.880+0700] {logging_mixin.py:190} INFO - [2025-02-16T16:08:15.880+0700] {dag.py:4180} INFO - Setting next_dagrun for example_python_operator to None, run_after=None
[2025-02-16T16:08:15.901+0700] {processor.py:208} INFO - Processing /home/dataengineer/.pyenv/versions/3.9.21/lib/python3.9/site-packages/airflow/example_dags/example_python_operator.py took 0.135 seconds
[2025-02-16T16:09:25.647+0700] {processor.py:186} INFO - Started process (PID=29096) to work on /home/dataengineer/.pyenv/versions/3.9.21/lib/python3.9/site-packages/airflow/example_dags/example_python_operator.py
[2025-02-16T16:09:25.648+0700] {processor.py:914} INFO - Processing file /home/dataengineer/.pyenv/versions/3.9.21/lib/python3.9/site-packages/airflow/example_dags/example_python_operator.py for tasks to queue
[2025-02-16T16:09:25.649+0700] {logging_mixin.py:190} INFO - [2025-02-16T16:09:25.649+0700] {dagbag.py:588} INFO - Filling up the DagBag from /home/dataengineer/.pyenv/versions/3.9.21/lib/python3.9/site-packages/airflow/example_dags/example_python_operator.py
[2025-02-16T16:09:25.729+0700] {logging_mixin.py:190} INFO - [2025-02-16T16:09:25.729+0700] {example_python_operator.py:93} WARNING - The virtalenv_python example task requires virtualenv, please install it.
[2025-02-16T16:09:25.732+0700] {processor.py:925} INFO - DAG(s) 'example_python_operator' retrieved from /home/dataengineer/.pyenv/versions/3.9.21/lib/python3.9/site-packages/airflow/example_dags/example_python_operator.py
[2025-02-16T16:09:25.748+0700] {logging_mixin.py:190} INFO - [2025-02-16T16:09:25.748+0700] {dag.py:3239} INFO - Sync 1 DAGs
[2025-02-16T16:09:25.761+0700] {logging_mixin.py:190} INFO - [2025-02-16T16:09:25.761+0700] {dag.py:4180} INFO - Setting next_dagrun for example_python_operator to None, run_after=None
[2025-02-16T16:09:24.111+0700] {processor.py:208} INFO - Processing /home/dataengineer/.pyenv/versions/3.9.21/lib/python3.9/site-packages/airflow/example_dags/example_python_operator.py took 0.142 seconds
[2025-02-16T16:10:18.168+0700] {processor.py:186} INFO - Started process (PID=29360) to work on /home/dataengineer/.pyenv/versions/3.9.21/lib/python3.9/site-packages/airflow/example_dags/example_python_operator.py
[2025-02-16T16:10:18.170+0700] {processor.py:914} INFO - Processing file /home/dataengineer/.pyenv/versions/3.9.21/lib/python3.9/site-packages/airflow/example_dags/example_python_operator.py for tasks to queue
[2025-02-16T16:10:18.171+0700] {logging_mixin.py:190} INFO - [2025-02-16T16:10:18.171+0700] {dagbag.py:588} INFO - Filling up the DagBag from /home/dataengineer/.pyenv/versions/3.9.21/lib/python3.9/site-packages/airflow/example_dags/example_python_operator.py
[2025-02-16T16:10:18.277+0700] {logging_mixin.py:190} INFO - [2025-02-16T16:10:18.277+0700] {example_python_operator.py:93} WARNING - The virtalenv_python example task requires virtualenv, please install it.
[2025-02-16T16:10:18.280+0700] {processor.py:925} INFO - DAG(s) 'example_python_operator' retrieved from /home/dataengineer/.pyenv/versions/3.9.21/lib/python3.9/site-packages/airflow/example_dags/example_python_operator.py
[2025-02-16T16:10:18.300+0700] {logging_mixin.py:190} INFO - [2025-02-16T16:10:18.300+0700] {dag.py:3239} INFO - Sync 1 DAGs
[2025-02-16T16:10:18.317+0700] {logging_mixin.py:190} INFO - [2025-02-16T16:10:18.317+0700] {dag.py:4180} INFO - Setting next_dagrun for example_python_operator to None, run_after=None
[2025-02-16T16:10:18.342+0700] {processor.py:208} INFO - Processing /home/dataengineer/.pyenv/versions/3.9.21/lib/python3.9/site-packages/airflow/example_dags/example_python_operator.py took 0.181 seconds
[2025-02-16T16:11:26.663+0700] {processor.py:186} INFO - Started process (PID=29647) to work on /home/dataengineer/.pyenv/versions/3.9.21/lib/python3.9/site-packages/airflow/example_dags/example_python_operator.py
[2025-02-16T16:11:26.664+0700] {processor.py:914} INFO - Processing file /home/dataengineer/.pyenv/versions/3.9.21/lib/python3.9/site-packages/airflow/example_dags/example_python_operator.py for tasks to queue
[2025-02-16T16:11:26.665+0700] {logging_mixin.py:190} INFO - [2025-02-16T16:11:26.665+0700] {dagbag.py:588} INFO - Filling up the DagBag from /home/dataengineer/.pyenv/versions/3.9.21/lib/python3.9/site-packages/airflow/example_dags/example_python_operator.py
[2025-02-16T16:11:26.746+0700] {logging_mixin.py:190} INFO - [2025-02-16T16:11:26.745+0700] {example_python_operator.py:93} WARNING - The virtalenv_python example task requires virtualenv, please install it.
[2025-02-16T16:11:26.748+0700] {processor.py:925} INFO - DAG(s) 'example_python_operator' retrieved from /home/dataengineer/.pyenv/versions/3.9.21/lib/python3.9/site-packages/airflow/example_dags/example_python_operator.py
[2025-02-16T16:11:26.766+0700] {logging_mixin.py:190} INFO - [2025-02-16T16:11:26.765+0700] {dag.py:3239} INFO - Sync 1 DAGs
[2025-02-16T16:11:26.779+0700] {logging_mixin.py:190} INFO - [2025-02-16T16:11:26.779+0700] {dag.py:4180} INFO - Setting next_dagrun for example_python_operator to None, run_after=None
[2025-02-16T16:11:26.801+0700] {processor.py:208} INFO - Processing /home/dataengineer/.pyenv/versions/3.9.21/lib/python3.9/site-packages/airflow/example_dags/example_python_operator.py took 0.144 seconds
[2025-02-16T16:12:41.402+0700] {processor.py:186} INFO - Started process (PID=29958) to work on /home/dataengineer/.pyenv/versions/3.9.21/lib/python3.9/site-packages/airflow/example_dags/example_python_operator.py
[2025-02-16T16:12:41.403+0700] {processor.py:914} INFO - Processing file /home/dataengineer/.pyenv/versions/3.9.21/lib/python3.9/site-packages/airflow/example_dags/example_python_operator.py for tasks to queue
[2025-02-16T16:12:41.405+0700] {logging_mixin.py:190} INFO - [2025-02-16T16:12:41.404+0700] {dagbag.py:588} INFO - Filling up the DagBag from /home/dataengineer/.pyenv/versions/3.9.21/lib/python3.9/site-packages/airflow/example_dags/example_python_operator.py
[2025-02-16T16:12:41.479+0700] {logging_mixin.py:190} INFO - [2025-02-16T16:12:41.479+0700] {example_python_operator.py:93} WARNING - The virtalenv_python example task requires virtualenv, please install it.
[2025-02-16T16:12:41.482+0700] {processor.py:925} INFO - DAG(s) 'example_python_operator' retrieved from /home/dataengineer/.pyenv/versions/3.9.21/lib/python3.9/site-packages/airflow/example_dags/example_python_operator.py
[2025-02-16T16:12:41.498+0700] {logging_mixin.py:190} INFO - [2025-02-16T16:12:41.498+0700] {dag.py:3239} INFO - Sync 1 DAGs
[2025-02-16T16:12:41.511+0700] {logging_mixin.py:190} INFO - [2025-02-16T16:12:41.511+0700] {dag.py:4180} INFO - Setting next_dagrun for example_python_operator to None, run_after=None
[2025-02-16T16:12:41.530+0700] {processor.py:208} INFO - Processing /home/dataengineer/.pyenv/versions/3.9.21/lib/python3.9/site-packages/airflow/example_dags/example_python_operator.py took 0.134 seconds
[2025-02-16T16:13:34.800+0700] {processor.py:186} INFO - Started process (PID=30183) to work on /home/dataengineer/.pyenv/versions/3.9.21/lib/python3.9/site-packages/airflow/example_dags/example_python_operator.py
[2025-02-16T16:13:34.801+0700] {processor.py:914} INFO - Processing file /home/dataengineer/.pyenv/versions/3.9.21/lib/python3.9/site-packages/airflow/example_dags/example_python_operator.py for tasks to queue
[2025-02-16T16:13:34.802+0700] {logging_mixin.py:190} INFO - [2025-02-16T16:13:34.802+0700] {dagbag.py:588} INFO - Filling up the DagBag from /home/dataengineer/.pyenv/versions/3.9.21/lib/python3.9/site-packages/airflow/example_dags/example_python_operator.py
[2025-02-16T16:13:34.880+0700] {logging_mixin.py:190} INFO - [2025-02-16T16:13:34.880+0700] {example_python_operator.py:93} WARNING - The virtalenv_python example task requires virtualenv, please install it.
[2025-02-16T16:13:34.882+0700] {processor.py:925} INFO - DAG(s) 'example_python_operator' retrieved from /home/dataengineer/.pyenv/versions/3.9.21/lib/python3.9/site-packages/airflow/example_dags/example_python_operator.py
[2025-02-16T16:13:34.898+0700] {logging_mixin.py:190} INFO - [2025-02-16T16:13:34.898+0700] {dag.py:3239} INFO - Sync 1 DAGs
[2025-02-16T16:13:34.912+0700] {logging_mixin.py:190} INFO - [2025-02-16T16:13:34.912+0700] {dag.py:4180} INFO - Setting next_dagrun for example_python_operator to None, run_after=None
[2025-02-16T16:13:34.934+0700] {processor.py:208} INFO - Processing /home/dataengineer/.pyenv/versions/3.9.21/lib/python3.9/site-packages/airflow/example_dags/example_python_operator.py took 0.141 seconds
[2025-02-16T16:14:49.033+0700] {processor.py:186} INFO - Started process (PID=30491) to work on /home/dataengineer/.pyenv/versions/3.9.21/lib/python3.9/site-packages/airflow/example_dags/example_python_operator.py
[2025-02-16T16:14:49.034+0700] {processor.py:914} INFO - Processing file /home/dataengineer/.pyenv/versions/3.9.21/lib/python3.9/site-packages/airflow/example_dags/example_python_operator.py for tasks to queue
[2025-02-16T16:14:49.035+0700] {logging_mixin.py:190} INFO - [2025-02-16T16:14:49.035+0700] {dagbag.py:588} INFO - Filling up the DagBag from /home/dataengineer/.pyenv/versions/3.9.21/lib/python3.9/site-packages/airflow/example_dags/example_python_operator.py
[2025-02-16T16:14:49.113+0700] {logging_mixin.py:190} INFO - [2025-02-16T16:14:49.113+0700] {example_python_operator.py:93} WARNING - The virtalenv_python example task requires virtualenv, please install it.
[2025-02-16T16:14:49.115+0700] {processor.py:925} INFO - DAG(s) 'example_python_operator' retrieved from /home/dataengineer/.pyenv/versions/3.9.21/lib/python3.9/site-packages/airflow/example_dags/example_python_operator.py
[2025-02-16T16:14:49.132+0700] {logging_mixin.py:190} INFO - [2025-02-16T16:14:49.131+0700] {dag.py:3239} INFO - Sync 1 DAGs
[2025-02-16T16:14:49.144+0700] {logging_mixin.py:190} INFO - [2025-02-16T16:14:49.144+0700] {dag.py:4180} INFO - Setting next_dagrun for example_python_operator to None, run_after=None
[2025-02-16T16:14:49.167+0700] {processor.py:208} INFO - Processing /home/dataengineer/.pyenv/versions/3.9.21/lib/python3.9/site-packages/airflow/example_dags/example_python_operator.py took 0.140 seconds
[2025-02-16T16:16:03.304+0700] {processor.py:186} INFO - Started process (PID=30798) to work on /home/dataengineer/.pyenv/versions/3.9.21/lib/python3.9/site-packages/airflow/example_dags/example_python_operator.py
[2025-02-16T16:16:03.305+0700] {processor.py:914} INFO - Processing file /home/dataengineer/.pyenv/versions/3.9.21/lib/python3.9/site-packages/airflow/example_dags/example_python_operator.py for tasks to queue
[2025-02-16T16:16:03.306+0700] {logging_mixin.py:190} INFO - [2025-02-16T16:16:03.306+0700] {dagbag.py:588} INFO - Filling up the DagBag from /home/dataengineer/.pyenv/versions/3.9.21/lib/python3.9/site-packages/airflow/example_dags/example_python_operator.py
[2025-02-16T16:16:03.387+0700] {logging_mixin.py:190} INFO - [2025-02-16T16:16:03.387+0700] {example_python_operator.py:93} WARNING - The virtalenv_python example task requires virtualenv, please install it.
[2025-02-16T16:16:03.390+0700] {processor.py:925} INFO - DAG(s) 'example_python_operator' retrieved from /home/dataengineer/.pyenv/versions/3.9.21/lib/python3.9/site-packages/airflow/example_dags/example_python_operator.py
[2025-02-16T16:16:03.407+0700] {logging_mixin.py:190} INFO - [2025-02-16T16:16:03.407+0700] {dag.py:3239} INFO - Sync 1 DAGs
[2025-02-16T16:16:03.420+0700] {logging_mixin.py:190} INFO - [2025-02-16T16:16:03.420+0700] {dag.py:4180} INFO - Setting next_dagrun for example_python_operator to None, run_after=None
[2025-02-16T16:16:03.446+0700] {processor.py:208} INFO - Processing /home/dataengineer/.pyenv/versions/3.9.21/lib/python3.9/site-packages/airflow/example_dags/example_python_operator.py took 0.148 seconds
[2025-02-16T16:17:16.806+0700] {processor.py:186} INFO - Started process (PID=31119) to work on /home/dataengineer/.pyenv/versions/3.9.21/lib/python3.9/site-packages/airflow/example_dags/example_python_operator.py
[2025-02-16T16:17:16.807+0700] {processor.py:914} INFO - Processing file /home/dataengineer/.pyenv/versions/3.9.21/lib/python3.9/site-packages/airflow/example_dags/example_python_operator.py for tasks to queue
[2025-02-16T16:17:16.809+0700] {logging_mixin.py:190} INFO - [2025-02-16T16:17:16.808+0700] {dagbag.py:588} INFO - Filling up the DagBag from /home/dataengineer/.pyenv/versions/3.9.21/lib/python3.9/site-packages/airflow/example_dags/example_python_operator.py
[2025-02-16T16:17:16.870+0700] {logging_mixin.py:190} INFO - [2025-02-16T16:17:16.870+0700] {example_python_operator.py:93} WARNING - The virtalenv_python example task requires virtualenv, please install it.
[2025-02-16T16:17:16.873+0700] {processor.py:925} INFO - DAG(s) 'example_python_operator' retrieved from /home/dataengineer/.pyenv/versions/3.9.21/lib/python3.9/site-packages/airflow/example_dags/example_python_operator.py
[2025-02-16T16:17:16.890+0700] {logging_mixin.py:190} INFO - [2025-02-16T16:17:16.890+0700] {dag.py:3239} INFO - Sync 1 DAGs
[2025-02-16T16:17:16.904+0700] {logging_mixin.py:190} INFO - [2025-02-16T16:17:16.903+0700] {dag.py:4180} INFO - Setting next_dagrun for example_python_operator to None, run_after=None
[2025-02-16T16:17:16.926+0700] {processor.py:208} INFO - Processing /home/dataengineer/.pyenv/versions/3.9.21/lib/python3.9/site-packages/airflow/example_dags/example_python_operator.py took 0.127 seconds
[2025-02-16T16:18:34.674+0700] {processor.py:186} INFO - Started process (PID=31437) to work on /home/dataengineer/.pyenv/versions/3.9.21/lib/python3.9/site-packages/airflow/example_dags/example_python_operator.py
[2025-02-16T16:18:34.676+0700] {processor.py:914} INFO - Processing file /home/dataengineer/.pyenv/versions/3.9.21/lib/python3.9/site-packages/airflow/example_dags/example_python_operator.py for tasks to queue
[2025-02-16T16:18:34.677+0700] {logging_mixin.py:190} INFO - [2025-02-16T16:18:34.676+0700] {dagbag.py:588} INFO - Filling up the DagBag from /home/dataengineer/.pyenv/versions/3.9.21/lib/python3.9/site-packages/airflow/example_dags/example_python_operator.py
[2025-02-16T16:18:34.754+0700] {logging_mixin.py:190} INFO - [2025-02-16T16:18:34.754+0700] {example_python_operator.py:93} WARNING - The virtalenv_python example task requires virtualenv, please install it.
[2025-02-16T16:18:34.757+0700] {processor.py:925} INFO - DAG(s) 'example_python_operator' retrieved from /home/dataengineer/.pyenv/versions/3.9.21/lib/python3.9/site-packages/airflow/example_dags/example_python_operator.py
[2025-02-16T16:18:34.773+0700] {logging_mixin.py:190} INFO - [2025-02-16T16:18:34.773+0700] {dag.py:3239} INFO - Sync 1 DAGs
[2025-02-16T16:18:34.786+0700] {logging_mixin.py:190} INFO - [2025-02-16T16:18:34.785+0700] {dag.py:4180} INFO - Setting next_dagrun for example_python_operator to None, run_after=None
[2025-02-16T16:18:34.806+0700] {processor.py:208} INFO - Processing /home/dataengineer/.pyenv/versions/3.9.21/lib/python3.9/site-packages/airflow/example_dags/example_python_operator.py took 0.137 seconds
[2025-02-16T16:19:48.453+0700] {processor.py:186} INFO - Started process (PID=31749) to work on /home/dataengineer/.pyenv/versions/3.9.21/lib/python3.9/site-packages/airflow/example_dags/example_python_operator.py
[2025-02-16T16:19:48.455+0700] {processor.py:914} INFO - Processing file /home/dataengineer/.pyenv/versions/3.9.21/lib/python3.9/site-packages/airflow/example_dags/example_python_operator.py for tasks to queue
[2025-02-16T16:19:48.456+0700] {logging_mixin.py:190} INFO - [2025-02-16T16:19:48.455+0700] {dagbag.py:588} INFO - Filling up the DagBag from /home/dataengineer/.pyenv/versions/3.9.21/lib/python3.9/site-packages/airflow/example_dags/example_python_operator.py
[2025-02-16T16:19:48.536+0700] {logging_mixin.py:190} INFO - [2025-02-16T16:19:48.536+0700] {example_python_operator.py:93} WARNING - The virtalenv_python example task requires virtualenv, please install it.
[2025-02-16T16:19:48.538+0700] {processor.py:925} INFO - DAG(s) 'example_python_operator' retrieved from /home/dataengineer/.pyenv/versions/3.9.21/lib/python3.9/site-packages/airflow/example_dags/example_python_operator.py
[2025-02-16T16:19:48.556+0700] {logging_mixin.py:190} INFO - [2025-02-16T16:19:48.556+0700] {dag.py:3239} INFO - Sync 1 DAGs
[2025-02-16T16:19:48.570+0700] {logging_mixin.py:190} INFO - [2025-02-16T16:19:48.570+0700] {dag.py:4180} INFO - Setting next_dagrun for example_python_operator to None, run_after=None
[2025-02-16T16:19:48.590+0700] {processor.py:208} INFO - Processing /home/dataengineer/.pyenv/versions/3.9.21/lib/python3.9/site-packages/airflow/example_dags/example_python_operator.py took 0.143 seconds
[2025-02-16T16:20:59.587+0700] {processor.py:186} INFO - Started process (PID=32048) to work on /home/dataengineer/.pyenv/versions/3.9.21/lib/python3.9/site-packages/airflow/example_dags/example_python_operator.py
[2025-02-16T16:20:59.588+0700] {processor.py:914} INFO - Processing file /home/dataengineer/.pyenv/versions/3.9.21/lib/python3.9/site-packages/airflow/example_dags/example_python_operator.py for tasks to queue
[2025-02-16T16:20:59.590+0700] {logging_mixin.py:190} INFO - [2025-02-16T16:20:59.589+0700] {dagbag.py:588} INFO - Filling up the DagBag from /home/dataengineer/.pyenv/versions/3.9.21/lib/python3.9/site-packages/airflow/example_dags/example_python_operator.py
[2025-02-16T16:20:59.668+0700] {logging_mixin.py:190} INFO - [2025-02-16T16:20:59.667+0700] {example_python_operator.py:93} WARNING - The virtalenv_python example task requires virtualenv, please install it.
[2025-02-16T16:20:59.670+0700] {processor.py:925} INFO - DAG(s) 'example_python_operator' retrieved from /home/dataengineer/.pyenv/versions/3.9.21/lib/python3.9/site-packages/airflow/example_dags/example_python_operator.py
[2025-02-16T16:20:59.686+0700] {logging_mixin.py:190} INFO - [2025-02-16T16:20:59.686+0700] {dag.py:3239} INFO - Sync 1 DAGs
[2025-02-16T16:20:59.699+0700] {logging_mixin.py:190} INFO - [2025-02-16T16:20:59.699+0700] {dag.py:4180} INFO - Setting next_dagrun for example_python_operator to None, run_after=None
[2025-02-16T16:20:59.719+0700] {processor.py:208} INFO - Processing /home/dataengineer/.pyenv/versions/3.9.21/lib/python3.9/site-packages/airflow/example_dags/example_python_operator.py took 0.137 seconds
[2025-02-16T16:22:12.666+0700] {processor.py:186} INFO - Started process (PID=32353) to work on /home/dataengineer/.pyenv/versions/3.9.21/lib/python3.9/site-packages/airflow/example_dags/example_python_operator.py
[2025-02-16T16:22:12.668+0700] {processor.py:914} INFO - Processing file /home/dataengineer/.pyenv/versions/3.9.21/lib/python3.9/site-packages/airflow/example_dags/example_python_operator.py for tasks to queue
[2025-02-16T16:22:12.669+0700] {logging_mixin.py:190} INFO - [2025-02-16T16:22:12.669+0700] {dagbag.py:588} INFO - Filling up the DagBag from /home/dataengineer/.pyenv/versions/3.9.21/lib/python3.9/site-packages/airflow/example_dags/example_python_operator.py
[2025-02-16T16:22:12.752+0700] {logging_mixin.py:190} INFO - [2025-02-16T16:22:12.752+0700] {example_python_operator.py:93} WARNING - The virtalenv_python example task requires virtualenv, please install it.
[2025-02-16T16:22:12.755+0700] {processor.py:925} INFO - DAG(s) 'example_python_operator' retrieved from /home/dataengineer/.pyenv/versions/3.9.21/lib/python3.9/site-packages/airflow/example_dags/example_python_operator.py
[2025-02-16T16:22:12.771+0700] {logging_mixin.py:190} INFO - [2025-02-16T16:22:12.770+0700] {dag.py:3239} INFO - Sync 1 DAGs
[2025-02-16T16:22:12.783+0700] {logging_mixin.py:190} INFO - [2025-02-16T16:22:12.783+0700] {dag.py:4180} INFO - Setting next_dagrun for example_python_operator to None, run_after=None
[2025-02-16T16:22:12.804+0700] {processor.py:208} INFO - Processing /home/dataengineer/.pyenv/versions/3.9.21/lib/python3.9/site-packages/airflow/example_dags/example_python_operator.py took 0.142 seconds
[2025-02-16T16:23:27.280+0700] {processor.py:186} INFO - Started process (PID=32663) to work on /home/dataengineer/.pyenv/versions/3.9.21/lib/python3.9/site-packages/airflow/example_dags/example_python_operator.py
[2025-02-16T16:23:27.281+0700] {processor.py:914} INFO - Processing file /home/dataengineer/.pyenv/versions/3.9.21/lib/python3.9/site-packages/airflow/example_dags/example_python_operator.py for tasks to queue
[2025-02-16T16:23:27.282+0700] {logging_mixin.py:190} INFO - [2025-02-16T16:23:27.282+0700] {dagbag.py:588} INFO - Filling up the DagBag from /home/dataengineer/.pyenv/versions/3.9.21/lib/python3.9/site-packages/airflow/example_dags/example_python_operator.py
[2025-02-16T16:23:27.359+0700] {logging_mixin.py:190} INFO - [2025-02-16T16:23:27.359+0700] {example_python_operator.py:93} WARNING - The virtalenv_python example task requires virtualenv, please install it.
[2025-02-16T16:23:27.362+0700] {processor.py:925} INFO - DAG(s) 'example_python_operator' retrieved from /home/dataengineer/.pyenv/versions/3.9.21/lib/python3.9/site-packages/airflow/example_dags/example_python_operator.py
[2025-02-16T16:23:27.381+0700] {logging_mixin.py:190} INFO - [2025-02-16T16:23:27.380+0700] {dag.py:3239} INFO - Sync 1 DAGs
[2025-02-16T16:23:27.396+0700] {logging_mixin.py:190} INFO - [2025-02-16T16:23:27.396+0700] {dag.py:4180} INFO - Setting next_dagrun for example_python_operator to None, run_after=None
[2025-02-16T16:23:27.417+0700] {processor.py:208} INFO - Processing /home/dataengineer/.pyenv/versions/3.9.21/lib/python3.9/site-packages/airflow/example_dags/example_python_operator.py took 0.143 seconds
[2025-02-16T16:24:36.291+0700] {processor.py:186} INFO - Started process (PID=32955) to work on /home/dataengineer/.pyenv/versions/3.9.21/lib/python3.9/site-packages/airflow/example_dags/example_python_operator.py
[2025-02-16T16:24:36.293+0700] {processor.py:914} INFO - Processing file /home/dataengineer/.pyenv/versions/3.9.21/lib/python3.9/site-packages/airflow/example_dags/example_python_operator.py for tasks to queue
[2025-02-16T16:24:36.294+0700] {logging_mixin.py:190} INFO - [2025-02-16T16:24:36.294+0700] {dagbag.py:588} INFO - Filling up the DagBag from /home/dataengineer/.pyenv/versions/3.9.21/lib/python3.9/site-packages/airflow/example_dags/example_python_operator.py
[2025-02-16T16:24:36.368+0700] {logging_mixin.py:190} INFO - [2025-02-16T16:24:36.368+0700] {example_python_operator.py:93} WARNING - The virtalenv_python example task requires virtualenv, please install it.
[2025-02-16T16:24:36.371+0700] {processor.py:925} INFO - DAG(s) 'example_python_operator' retrieved from /home/dataengineer/.pyenv/versions/3.9.21/lib/python3.9/site-packages/airflow/example_dags/example_python_operator.py
[2025-02-16T16:24:36.387+0700] {logging_mixin.py:190} INFO - [2025-02-16T16:24:36.386+0700] {dag.py:3239} INFO - Sync 1 DAGs
[2025-02-16T16:24:36.400+0700] {logging_mixin.py:190} INFO - [2025-02-16T16:24:36.400+0700] {dag.py:4180} INFO - Setting next_dagrun for example_python_operator to None, run_after=None
[2025-02-16T16:24:36.420+0700] {processor.py:208} INFO - Processing /home/dataengineer/.pyenv/versions/3.9.21/lib/python3.9/site-packages/airflow/example_dags/example_python_operator.py took 0.135 seconds
[2025-02-16T16:25:50.670+0700] {processor.py:186} INFO - Started process (PID=33268) to work on /home/dataengineer/.pyenv/versions/3.9.21/lib/python3.9/site-packages/airflow/example_dags/example_python_operator.py
[2025-02-16T16:25:50.672+0700] {processor.py:914} INFO - Processing file /home/dataengineer/.pyenv/versions/3.9.21/lib/python3.9/site-packages/airflow/example_dags/example_python_operator.py for tasks to queue
[2025-02-16T16:25:50.673+0700] {logging_mixin.py:190} INFO - [2025-02-16T16:25:50.672+0700] {dagbag.py:588} INFO - Filling up the DagBag from /home/dataengineer/.pyenv/versions/3.9.21/lib/python3.9/site-packages/airflow/example_dags/example_python_operator.py
[2025-02-16T16:25:50.751+0700] {logging_mixin.py:190} INFO - [2025-02-16T16:25:50.750+0700] {example_python_operator.py:93} WARNING - The virtalenv_python example task requires virtualenv, please install it.
[2025-02-16T16:25:50.753+0700] {processor.py:925} INFO - DAG(s) 'example_python_operator' retrieved from /home/dataengineer/.pyenv/versions/3.9.21/lib/python3.9/site-packages/airflow/example_dags/example_python_operator.py
[2025-02-16T16:25:50.769+0700] {logging_mixin.py:190} INFO - [2025-02-16T16:25:50.769+0700] {dag.py:3239} INFO - Sync 1 DAGs
[2025-02-16T16:25:50.782+0700] {logging_mixin.py:190} INFO - [2025-02-16T16:25:50.781+0700] {dag.py:4180} INFO - Setting next_dagrun for example_python_operator to None, run_after=None
[2025-02-16T16:25:50.802+0700] {processor.py:208} INFO - Processing /home/dataengineer/.pyenv/versions/3.9.21/lib/python3.9/site-packages/airflow/example_dags/example_python_operator.py took 0.138 seconds
[2025-02-16T16:27:05.573+0700] {processor.py:186} INFO - Started process (PID=33578) to work on /home/dataengineer/.pyenv/versions/3.9.21/lib/python3.9/site-packages/airflow/example_dags/example_python_operator.py
[2025-02-16T16:27:05.574+0700] {processor.py:914} INFO - Processing file /home/dataengineer/.pyenv/versions/3.9.21/lib/python3.9/site-packages/airflow/example_dags/example_python_operator.py for tasks to queue
[2025-02-16T16:27:05.575+0700] {logging_mixin.py:190} INFO - [2025-02-16T16:27:05.575+0700] {dagbag.py:588} INFO - Filling up the DagBag from /home/dataengineer/.pyenv/versions/3.9.21/lib/python3.9/site-packages/airflow/example_dags/example_python_operator.py
[2025-02-16T16:27:05.653+0700] {logging_mixin.py:190} INFO - [2025-02-16T16:27:05.653+0700] {example_python_operator.py:93} WARNING - The virtalenv_python example task requires virtualenv, please install it.
[2025-02-16T16:27:05.655+0700] {processor.py:925} INFO - DAG(s) 'example_python_operator' retrieved from /home/dataengineer/.pyenv/versions/3.9.21/lib/python3.9/site-packages/airflow/example_dags/example_python_operator.py
[2025-02-16T16:27:05.673+0700] {logging_mixin.py:190} INFO - [2025-02-16T16:27:05.672+0700] {dag.py:3239} INFO - Sync 1 DAGs
[2025-02-16T16:27:05.685+0700] {logging_mixin.py:190} INFO - [2025-02-16T16:27:05.685+0700] {dag.py:4180} INFO - Setting next_dagrun for example_python_operator to None, run_after=None
[2025-02-16T16:27:05.705+0700] {processor.py:208} INFO - Processing /home/dataengineer/.pyenv/versions/3.9.21/lib/python3.9/site-packages/airflow/example_dags/example_python_operator.py took 0.138 seconds
[2025-02-16T16:28:17.995+0700] {processor.py:186} INFO - Started process (PID=33884) to work on /home/dataengineer/.pyenv/versions/3.9.21/lib/python3.9/site-packages/airflow/example_dags/example_python_operator.py
[2025-02-16T16:28:17.996+0700] {processor.py:914} INFO - Processing file /home/dataengineer/.pyenv/versions/3.9.21/lib/python3.9/site-packages/airflow/example_dags/example_python_operator.py for tasks to queue
[2025-02-16T16:28:17.997+0700] {logging_mixin.py:190} INFO - [2025-02-16T16:28:17.997+0700] {dagbag.py:588} INFO - Filling up the DagBag from /home/dataengineer/.pyenv/versions/3.9.21/lib/python3.9/site-packages/airflow/example_dags/example_python_operator.py
[2025-02-16T16:28:18.078+0700] {logging_mixin.py:190} INFO - [2025-02-16T16:28:18.078+0700] {example_python_operator.py:93} WARNING - The virtalenv_python example task requires virtualenv, please install it.
[2025-02-16T16:28:18.081+0700] {processor.py:925} INFO - DAG(s) 'example_python_operator' retrieved from /home/dataengineer/.pyenv/versions/3.9.21/lib/python3.9/site-packages/airflow/example_dags/example_python_operator.py
[2025-02-16T16:28:18.097+0700] {logging_mixin.py:190} INFO - [2025-02-16T16:28:18.097+0700] {dag.py:3239} INFO - Sync 1 DAGs
[2025-02-16T16:28:18.110+0700] {logging_mixin.py:190} INFO - [2025-02-16T16:28:18.110+0700] {dag.py:4180} INFO - Setting next_dagrun for example_python_operator to None, run_after=None
[2025-02-16T16:28:18.129+0700] {processor.py:208} INFO - Processing /home/dataengineer/.pyenv/versions/3.9.21/lib/python3.9/site-packages/airflow/example_dags/example_python_operator.py took 0.140 seconds
[2025-02-16T16:29:33.605+0700] {processor.py:186} INFO - Started process (PID=34196) to work on /home/dataengineer/.pyenv/versions/3.9.21/lib/python3.9/site-packages/airflow/example_dags/example_python_operator.py
[2025-02-16T16:29:33.607+0700] {processor.py:914} INFO - Processing file /home/dataengineer/.pyenv/versions/3.9.21/lib/python3.9/site-packages/airflow/example_dags/example_python_operator.py for tasks to queue
[2025-02-16T16:29:33.609+0700] {logging_mixin.py:190} INFO - [2025-02-16T16:29:33.608+0700] {dagbag.py:588} INFO - Filling up the DagBag from /home/dataengineer/.pyenv/versions/3.9.21/lib/python3.9/site-packages/airflow/example_dags/example_python_operator.py
[2025-02-16T16:29:33.669+0700] {logging_mixin.py:190} INFO - [2025-02-16T16:29:33.669+0700] {example_python_operator.py:93} WARNING - The virtalenv_python example task requires virtualenv, please install it.
[2025-02-16T16:29:33.672+0700] {processor.py:925} INFO - DAG(s) 'example_python_operator' retrieved from /home/dataengineer/.pyenv/versions/3.9.21/lib/python3.9/site-packages/airflow/example_dags/example_python_operator.py
[2025-02-16T16:29:33.689+0700] {logging_mixin.py:190} INFO - [2025-02-16T16:29:33.688+0700] {dag.py:3239} INFO - Sync 1 DAGs
[2025-02-16T16:29:33.701+0700] {logging_mixin.py:190} INFO - [2025-02-16T16:29:33.701+0700] {dag.py:4180} INFO - Setting next_dagrun for example_python_operator to None, run_after=None
[2025-02-16T16:29:33.721+0700] {processor.py:208} INFO - Processing /home/dataengineer/.pyenv/versions/3.9.21/lib/python3.9/site-packages/airflow/example_dags/example_python_operator.py took 0.122 seconds
[2025-02-16T16:30:47.710+0700] {processor.py:186} INFO - Started process (PID=34514) to work on /home/dataengineer/.pyenv/versions/3.9.21/lib/python3.9/site-packages/airflow/example_dags/example_python_operator.py
[2025-02-16T16:30:47.711+0700] {processor.py:914} INFO - Processing file /home/dataengineer/.pyenv/versions/3.9.21/lib/python3.9/site-packages/airflow/example_dags/example_python_operator.py for tasks to queue
[2025-02-16T16:30:47.712+0700] {logging_mixin.py:190} INFO - [2025-02-16T16:30:47.712+0700] {dagbag.py:588} INFO - Filling up the DagBag from /home/dataengineer/.pyenv/versions/3.9.21/lib/python3.9/site-packages/airflow/example_dags/example_python_operator.py
[2025-02-16T16:30:47.794+0700] {logging_mixin.py:190} INFO - [2025-02-16T16:30:47.794+0700] {example_python_operator.py:93} WARNING - The virtalenv_python example task requires virtualenv, please install it.
[2025-02-16T16:30:47.797+0700] {processor.py:925} INFO - DAG(s) 'example_python_operator' retrieved from /home/dataengineer/.pyenv/versions/3.9.21/lib/python3.9/site-packages/airflow/example_dags/example_python_operator.py
[2025-02-16T16:30:47.813+0700] {logging_mixin.py:190} INFO - [2025-02-16T16:30:47.813+0700] {dag.py:3239} INFO - Sync 1 DAGs
[2025-02-16T16:30:47.827+0700] {logging_mixin.py:190} INFO - [2025-02-16T16:30:47.826+0700] {dag.py:4180} INFO - Setting next_dagrun for example_python_operator to None, run_after=None
[2025-02-16T16:30:47.847+0700] {processor.py:208} INFO - Processing /home/dataengineer/.pyenv/versions/3.9.21/lib/python3.9/site-packages/airflow/example_dags/example_python_operator.py took 0.143 seconds
[2025-02-16T16:31:39.721+0700] {processor.py:186} INFO - Started process (PID=34728) to work on /home/dataengineer/.pyenv/versions/3.9.21/lib/python3.9/site-packages/airflow/example_dags/example_python_operator.py
[2025-02-16T16:31:39.722+0700] {processor.py:914} INFO - Processing file /home/dataengineer/.pyenv/versions/3.9.21/lib/python3.9/site-packages/airflow/example_dags/example_python_operator.py for tasks to queue
[2025-02-16T16:31:39.723+0700] {logging_mixin.py:190} INFO - [2025-02-16T16:31:39.723+0700] {dagbag.py:588} INFO - Filling up the DagBag from /home/dataengineer/.pyenv/versions/3.9.21/lib/python3.9/site-packages/airflow/example_dags/example_python_operator.py
[2025-02-16T16:31:39.791+0700] {logging_mixin.py:190} INFO - [2025-02-16T16:31:39.791+0700] {example_python_operator.py:93} WARNING - The virtalenv_python example task requires virtualenv, please install it.
[2025-02-16T16:31:39.794+0700] {processor.py:925} INFO - DAG(s) 'example_python_operator' retrieved from /home/dataengineer/.pyenv/versions/3.9.21/lib/python3.9/site-packages/airflow/example_dags/example_python_operator.py
[2025-02-16T16:31:39.810+0700] {logging_mixin.py:190} INFO - [2025-02-16T16:31:39.810+0700] {dag.py:3239} INFO - Sync 1 DAGs
[2025-02-16T16:31:39.824+0700] {logging_mixin.py:190} INFO - [2025-02-16T16:31:39.823+0700] {dag.py:4180} INFO - Setting next_dagrun for example_python_operator to None, run_after=None
[2025-02-16T16:31:39.845+0700] {processor.py:208} INFO - Processing /home/dataengineer/.pyenv/versions/3.9.21/lib/python3.9/site-packages/airflow/example_dags/example_python_operator.py took 0.130 seconds
[2025-02-16T16:32:49.846+0700] {processor.py:186} INFO - Started process (PID=35021) to work on /home/dataengineer/.pyenv/versions/3.9.21/lib/python3.9/site-packages/airflow/example_dags/example_python_operator.py
[2025-02-16T16:32:49.848+0700] {processor.py:914} INFO - Processing file /home/dataengineer/.pyenv/versions/3.9.21/lib/python3.9/site-packages/airflow/example_dags/example_python_operator.py for tasks to queue
[2025-02-16T16:32:49.849+0700] {logging_mixin.py:190} INFO - [2025-02-16T16:32:49.849+0700] {dagbag.py:588} INFO - Filling up the DagBag from /home/dataengineer/.pyenv/versions/3.9.21/lib/python3.9/site-packages/airflow/example_dags/example_python_operator.py
[2025-02-16T16:32:49.932+0700] {logging_mixin.py:190} INFO - [2025-02-16T16:32:49.932+0700] {example_python_operator.py:93} WARNING - The virtalenv_python example task requires virtualenv, please install it.
[2025-02-16T16:32:49.935+0700] {processor.py:925} INFO - DAG(s) 'example_python_operator' retrieved from /home/dataengineer/.pyenv/versions/3.9.21/lib/python3.9/site-packages/airflow/example_dags/example_python_operator.py
[2025-02-16T16:32:49.953+0700] {logging_mixin.py:190} INFO - [2025-02-16T16:32:49.952+0700] {dag.py:3239} INFO - Sync 1 DAGs
[2025-02-16T16:32:49.967+0700] {logging_mixin.py:190} INFO - [2025-02-16T16:32:49.966+0700] {dag.py:4180} INFO - Setting next_dagrun for example_python_operator to None, run_after=None
[2025-02-16T16:32:49.987+0700] {processor.py:208} INFO - Processing /home/dataengineer/.pyenv/versions/3.9.21/lib/python3.9/site-packages/airflow/example_dags/example_python_operator.py took 0.147 seconds
[2025-02-16T16:34:06.136+0700] {processor.py:186} INFO - Started process (PID=35342) to work on /home/dataengineer/.pyenv/versions/3.9.21/lib/python3.9/site-packages/airflow/example_dags/example_python_operator.py
[2025-02-16T16:34:06.137+0700] {processor.py:914} INFO - Processing file /home/dataengineer/.pyenv/versions/3.9.21/lib/python3.9/site-packages/airflow/example_dags/example_python_operator.py for tasks to queue
[2025-02-16T16:34:06.139+0700] {logging_mixin.py:190} INFO - [2025-02-16T16:34:06.139+0700] {dagbag.py:588} INFO - Filling up the DagBag from /home/dataengineer/.pyenv/versions/3.9.21/lib/python3.9/site-packages/airflow/example_dags/example_python_operator.py
[2025-02-16T16:34:06.219+0700] {logging_mixin.py:190} INFO - [2025-02-16T16:34:06.218+0700] {example_python_operator.py:93} WARNING - The virtalenv_python example task requires virtualenv, please install it.
[2025-02-16T16:34:06.222+0700] {processor.py:925} INFO - DAG(s) 'example_python_operator' retrieved from /home/dataengineer/.pyenv/versions/3.9.21/lib/python3.9/site-packages/airflow/example_dags/example_python_operator.py
[2025-02-16T16:34:06.238+0700] {logging_mixin.py:190} INFO - [2025-02-16T16:34:06.238+0700] {dag.py:3239} INFO - Sync 1 DAGs
[2025-02-16T16:34:06.251+0700] {logging_mixin.py:190} INFO - [2025-02-16T16:34:06.251+0700] {dag.py:4180} INFO - Setting next_dagrun for example_python_operator to None, run_after=None
[2025-02-16T16:34:06.271+0700] {processor.py:208} INFO - Processing /home/dataengineer/.pyenv/versions/3.9.21/lib/python3.9/site-packages/airflow/example_dags/example_python_operator.py took 0.141 seconds
[2025-02-16T16:35:21.633+0700] {processor.py:186} INFO - Started process (PID=35660) to work on /home/dataengineer/.pyenv/versions/3.9.21/lib/python3.9/site-packages/airflow/example_dags/example_python_operator.py
[2025-02-16T16:35:21.634+0700] {processor.py:914} INFO - Processing file /home/dataengineer/.pyenv/versions/3.9.21/lib/python3.9/site-packages/airflow/example_dags/example_python_operator.py for tasks to queue
[2025-02-16T16:35:21.635+0700] {logging_mixin.py:190} INFO - [2025-02-16T16:35:21.635+0700] {dagbag.py:588} INFO - Filling up the DagBag from /home/dataengineer/.pyenv/versions/3.9.21/lib/python3.9/site-packages/airflow/example_dags/example_python_operator.py
[2025-02-16T16:35:21.717+0700] {logging_mixin.py:190} INFO - [2025-02-16T16:35:21.717+0700] {example_python_operator.py:93} WARNING - The virtalenv_python example task requires virtualenv, please install it.
[2025-02-16T16:35:21.719+0700] {processor.py:925} INFO - DAG(s) 'example_python_operator' retrieved from /home/dataengineer/.pyenv/versions/3.9.21/lib/python3.9/site-packages/airflow/example_dags/example_python_operator.py
[2025-02-16T16:35:21.735+0700] {logging_mixin.py:190} INFO - [2025-02-16T16:35:21.735+0700] {dag.py:3239} INFO - Sync 1 DAGs
[2025-02-16T16:35:21.748+0700] {logging_mixin.py:190} INFO - [2025-02-16T16:35:21.748+0700] {dag.py:4180} INFO - Setting next_dagrun for example_python_operator to None, run_after=None
[2025-02-16T16:35:21.768+0700] {processor.py:208} INFO - Processing /home/dataengineer/.pyenv/versions/3.9.21/lib/python3.9/site-packages/airflow/example_dags/example_python_operator.py took 0.142 seconds
[2025-02-16T16:36:39.351+0700] {processor.py:186} INFO - Started process (PID=36177) to work on /home/dataengineer/.pyenv/versions/3.9.21/lib/python3.9/site-packages/airflow/example_dags/example_python_operator.py
[2025-02-16T16:36:39.353+0700] {processor.py:914} INFO - Processing file /home/dataengineer/.pyenv/versions/3.9.21/lib/python3.9/site-packages/airflow/example_dags/example_python_operator.py for tasks to queue
[2025-02-16T16:36:39.354+0700] {logging_mixin.py:190} INFO - [2025-02-16T16:36:39.353+0700] {dagbag.py:588} INFO - Filling up the DagBag from /home/dataengineer/.pyenv/versions/3.9.21/lib/python3.9/site-packages/airflow/example_dags/example_python_operator.py
[2025-02-16T16:36:39.438+0700] {logging_mixin.py:190} INFO - [2025-02-16T16:36:39.438+0700] {example_python_operator.py:93} WARNING - The virtalenv_python example task requires virtualenv, please install it.
[2025-02-16T16:36:39.440+0700] {processor.py:925} INFO - DAG(s) 'example_python_operator' retrieved from /home/dataengineer/.pyenv/versions/3.9.21/lib/python3.9/site-packages/airflow/example_dags/example_python_operator.py
[2025-02-16T16:36:39.458+0700] {logging_mixin.py:190} INFO - [2025-02-16T16:36:39.458+0700] {dag.py:3239} INFO - Sync 1 DAGs
[2025-02-16T16:36:39.472+0700] {logging_mixin.py:190} INFO - [2025-02-16T16:36:39.471+0700] {dag.py:4180} INFO - Setting next_dagrun for example_python_operator to None, run_after=None
[2025-02-16T16:36:39.495+0700] {processor.py:208} INFO - Processing /home/dataengineer/.pyenv/versions/3.9.21/lib/python3.9/site-packages/airflow/example_dags/example_python_operator.py took 0.150 seconds
[2025-02-16T16:37:36.502+0700] {processor.py:186} INFO - Started process (PID=36657) to work on /home/dataengineer/.pyenv/versions/3.9.21/lib/python3.9/site-packages/airflow/example_dags/example_python_operator.py
[2025-02-16T16:37:36.503+0700] {processor.py:914} INFO - Processing file /home/dataengineer/.pyenv/versions/3.9.21/lib/python3.9/site-packages/airflow/example_dags/example_python_operator.py for tasks to queue
[2025-02-16T16:37:36.504+0700] {logging_mixin.py:190} INFO - [2025-02-16T16:37:36.504+0700] {dagbag.py:588} INFO - Filling up the DagBag from /home/dataengineer/.pyenv/versions/3.9.21/lib/python3.9/site-packages/airflow/example_dags/example_python_operator.py
[2025-02-16T16:37:36.583+0700] {logging_mixin.py:190} INFO - [2025-02-16T16:37:36.582+0700] {example_python_operator.py:93} WARNING - The virtalenv_python example task requires virtualenv, please install it.
[2025-02-16T16:37:36.585+0700] {processor.py:925} INFO - DAG(s) 'example_python_operator' retrieved from /home/dataengineer/.pyenv/versions/3.9.21/lib/python3.9/site-packages/airflow/example_dags/example_python_operator.py
[2025-02-16T16:37:36.600+0700] {logging_mixin.py:190} INFO - [2025-02-16T16:37:36.600+0700] {dag.py:3239} INFO - Sync 1 DAGs
[2025-02-16T16:37:36.613+0700] {logging_mixin.py:190} INFO - [2025-02-16T16:37:36.613+0700] {dag.py:4180} INFO - Setting next_dagrun for example_python_operator to None, run_after=None
[2025-02-16T16:37:36.633+0700] {processor.py:208} INFO - Processing /home/dataengineer/.pyenv/versions/3.9.21/lib/python3.9/site-packages/airflow/example_dags/example_python_operator.py took 0.137 seconds
[2025-02-16T16:38:52.741+0700] {processor.py:186} INFO - Started process (PID=36975) to work on /home/dataengineer/.pyenv/versions/3.9.21/lib/python3.9/site-packages/airflow/example_dags/example_python_operator.py
[2025-02-16T16:38:52.742+0700] {processor.py:914} INFO - Processing file /home/dataengineer/.pyenv/versions/3.9.21/lib/python3.9/site-packages/airflow/example_dags/example_python_operator.py for tasks to queue
[2025-02-16T16:38:52.744+0700] {logging_mixin.py:190} INFO - [2025-02-16T16:38:52.743+0700] {dagbag.py:588} INFO - Filling up the DagBag from /home/dataengineer/.pyenv/versions/3.9.21/lib/python3.9/site-packages/airflow/example_dags/example_python_operator.py
[2025-02-16T16:38:52.825+0700] {logging_mixin.py:190} INFO - [2025-02-16T16:38:52.825+0700] {example_python_operator.py:93} WARNING - The virtalenv_python example task requires virtualenv, please install it.
[2025-02-16T16:38:52.828+0700] {processor.py:925} INFO - DAG(s) 'example_python_operator' retrieved from /home/dataengineer/.pyenv/versions/3.9.21/lib/python3.9/site-packages/airflow/example_dags/example_python_operator.py
[2025-02-16T16:38:52.845+0700] {logging_mixin.py:190} INFO - [2025-02-16T16:38:52.845+0700] {dag.py:3239} INFO - Sync 1 DAGs
[2025-02-16T16:38:52.859+0700] {logging_mixin.py:190} INFO - [2025-02-16T16:38:52.859+0700] {dag.py:4180} INFO - Setting next_dagrun for example_python_operator to None, run_after=None
[2025-02-16T16:38:52.882+0700] {processor.py:208} INFO - Processing /home/dataengineer/.pyenv/versions/3.9.21/lib/python3.9/site-packages/airflow/example_dags/example_python_operator.py took 0.148 seconds
[2025-02-16T16:40:06.541+0700] {processor.py:186} INFO - Started process (PID=37294) to work on /home/dataengineer/.pyenv/versions/3.9.21/lib/python3.9/site-packages/airflow/example_dags/example_python_operator.py
[2025-02-16T16:40:06.542+0700] {processor.py:914} INFO - Processing file /home/dataengineer/.pyenv/versions/3.9.21/lib/python3.9/site-packages/airflow/example_dags/example_python_operator.py for tasks to queue
[2025-02-16T16:40:06.544+0700] {logging_mixin.py:190} INFO - [2025-02-16T16:40:06.543+0700] {dagbag.py:588} INFO - Filling up the DagBag from /home/dataengineer/.pyenv/versions/3.9.21/lib/python3.9/site-packages/airflow/example_dags/example_python_operator.py
[2025-02-16T16:40:06.621+0700] {logging_mixin.py:190} INFO - [2025-02-16T16:40:06.621+0700] {example_python_operator.py:93} WARNING - The virtalenv_python example task requires virtualenv, please install it.
[2025-02-16T16:40:06.623+0700] {processor.py:925} INFO - DAG(s) 'example_python_operator' retrieved from /home/dataengineer/.pyenv/versions/3.9.21/lib/python3.9/site-packages/airflow/example_dags/example_python_operator.py
[2025-02-16T16:40:06.640+0700] {logging_mixin.py:190} INFO - [2025-02-16T16:40:06.640+0700] {dag.py:3239} INFO - Sync 1 DAGs
[2025-02-16T16:40:06.654+0700] {logging_mixin.py:190} INFO - [2025-02-16T16:40:06.654+0700] {dag.py:4180} INFO - Setting next_dagrun for example_python_operator to None, run_after=None
[2025-02-16T16:40:06.675+0700] {processor.py:208} INFO - Processing /home/dataengineer/.pyenv/versions/3.9.21/lib/python3.9/site-packages/airflow/example_dags/example_python_operator.py took 0.140 seconds
[2025-02-16T16:41:19.362+0700] {processor.py:186} INFO - Started process (PID=37848) to work on /home/dataengineer/.pyenv/versions/3.9.21/lib/python3.9/site-packages/airflow/example_dags/example_python_operator.py
[2025-02-16T16:41:19.363+0700] {processor.py:914} INFO - Processing file /home/dataengineer/.pyenv/versions/3.9.21/lib/python3.9/site-packages/airflow/example_dags/example_python_operator.py for tasks to queue
[2025-02-16T16:41:19.365+0700] {logging_mixin.py:190} INFO - [2025-02-16T16:41:19.364+0700] {dagbag.py:588} INFO - Filling up the DagBag from /home/dataengineer/.pyenv/versions/3.9.21/lib/python3.9/site-packages/airflow/example_dags/example_python_operator.py
[2025-02-16T16:41:19.466+0700] {logging_mixin.py:190} INFO - [2025-02-16T16:41:19.466+0700] {example_python_operator.py:93} WARNING - The virtalenv_python example task requires virtualenv, please install it.
[2025-02-16T16:41:19.469+0700] {processor.py:925} INFO - DAG(s) 'example_python_operator' retrieved from /home/dataengineer/.pyenv/versions/3.9.21/lib/python3.9/site-packages/airflow/example_dags/example_python_operator.py
[2025-02-16T16:41:19.486+0700] {logging_mixin.py:190} INFO - [2025-02-16T16:41:19.486+0700] {dag.py:3239} INFO - Sync 1 DAGs
[2025-02-16T16:41:19.500+0700] {logging_mixin.py:190} INFO - [2025-02-16T16:41:19.500+0700] {dag.py:4180} INFO - Setting next_dagrun for example_python_operator to None, run_after=None
[2025-02-16T16:41:19.523+0700] {processor.py:208} INFO - Processing /home/dataengineer/.pyenv/versions/3.9.21/lib/python3.9/site-packages/airflow/example_dags/example_python_operator.py took 0.167 seconds
[2025-02-16T16:42:07.486+0700] {processor.py:186} INFO - Started process (PID=38055) to work on /home/dataengineer/.pyenv/versions/3.9.21/lib/python3.9/site-packages/airflow/example_dags/example_python_operator.py
[2025-02-16T16:42:07.487+0700] {processor.py:914} INFO - Processing file /home/dataengineer/.pyenv/versions/3.9.21/lib/python3.9/site-packages/airflow/example_dags/example_python_operator.py for tasks to queue
[2025-02-16T16:42:07.488+0700] {logging_mixin.py:190} INFO - [2025-02-16T16:42:07.488+0700] {dagbag.py:588} INFO - Filling up the DagBag from /home/dataengineer/.pyenv/versions/3.9.21/lib/python3.9/site-packages/airflow/example_dags/example_python_operator.py
[2025-02-16T16:42:07.566+0700] {logging_mixin.py:190} INFO - [2025-02-16T16:42:07.565+0700] {example_python_operator.py:93} WARNING - The virtalenv_python example task requires virtualenv, please install it.
[2025-02-16T16:42:07.568+0700] {processor.py:925} INFO - DAG(s) 'example_python_operator' retrieved from /home/dataengineer/.pyenv/versions/3.9.21/lib/python3.9/site-packages/airflow/example_dags/example_python_operator.py
[2025-02-16T16:42:07.584+0700] {logging_mixin.py:190} INFO - [2025-02-16T16:42:07.584+0700] {dag.py:3239} INFO - Sync 1 DAGs
[2025-02-16T16:42:07.597+0700] {logging_mixin.py:190} INFO - [2025-02-16T16:42:07.596+0700] {dag.py:4180} INFO - Setting next_dagrun for example_python_operator to None, run_after=None
[2025-02-16T16:42:07.616+0700] {processor.py:208} INFO - Processing /home/dataengineer/.pyenv/versions/3.9.21/lib/python3.9/site-packages/airflow/example_dags/example_python_operator.py took 0.136 seconds
[2025-02-16T16:43:20.185+0700] {processor.py:186} INFO - Started process (PID=38363) to work on /home/dataengineer/.pyenv/versions/3.9.21/lib/python3.9/site-packages/airflow/example_dags/example_python_operator.py
[2025-02-16T16:43:20.186+0700] {processor.py:914} INFO - Processing file /home/dataengineer/.pyenv/versions/3.9.21/lib/python3.9/site-packages/airflow/example_dags/example_python_operator.py for tasks to queue
[2025-02-16T16:43:20.187+0700] {logging_mixin.py:190} INFO - [2025-02-16T16:43:20.187+0700] {dagbag.py:588} INFO - Filling up the DagBag from /home/dataengineer/.pyenv/versions/3.9.21/lib/python3.9/site-packages/airflow/example_dags/example_python_operator.py
[2025-02-16T16:43:20.268+0700] {logging_mixin.py:190} INFO - [2025-02-16T16:43:20.268+0700] {example_python_operator.py:93} WARNING - The virtalenv_python example task requires virtualenv, please install it.
[2025-02-16T16:43:20.271+0700] {processor.py:925} INFO - DAG(s) 'example_python_operator' retrieved from /home/dataengineer/.pyenv/versions/3.9.21/lib/python3.9/site-packages/airflow/example_dags/example_python_operator.py
[2025-02-16T16:43:20.286+0700] {logging_mixin.py:190} INFO - [2025-02-16T16:43:20.286+0700] {dag.py:3239} INFO - Sync 1 DAGs
[2025-02-16T16:43:20.298+0700] {logging_mixin.py:190} INFO - [2025-02-16T16:43:20.298+0700] {dag.py:4180} INFO - Setting next_dagrun for example_python_operator to None, run_after=None
[2025-02-16T16:43:20.317+0700] {processor.py:208} INFO - Processing /home/dataengineer/.pyenv/versions/3.9.21/lib/python3.9/site-packages/airflow/example_dags/example_python_operator.py took 0.138 seconds
[2025-02-16T16:44:30.415+0700] {processor.py:186} INFO - Started process (PID=38663) to work on /home/dataengineer/.pyenv/versions/3.9.21/lib/python3.9/site-packages/airflow/example_dags/example_python_operator.py
[2025-02-16T16:44:30.416+0700] {processor.py:914} INFO - Processing file /home/dataengineer/.pyenv/versions/3.9.21/lib/python3.9/site-packages/airflow/example_dags/example_python_operator.py for tasks to queue
[2025-02-16T16:44:30.420+0700] {logging_mixin.py:190} INFO - [2025-02-16T16:44:30.419+0700] {dagbag.py:588} INFO - Filling up the DagBag from /home/dataengineer/.pyenv/versions/3.9.21/lib/python3.9/site-packages/airflow/example_dags/example_python_operator.py
[2025-02-16T16:44:30.500+0700] {logging_mixin.py:190} INFO - [2025-02-16T16:44:30.499+0700] {example_python_operator.py:93} WARNING - The virtalenv_python example task requires virtualenv, please install it.
[2025-02-16T16:44:30.502+0700] {processor.py:925} INFO - DAG(s) 'example_python_operator' retrieved from /home/dataengineer/.pyenv/versions/3.9.21/lib/python3.9/site-packages/airflow/example_dags/example_python_operator.py
[2025-02-16T16:44:30.520+0700] {logging_mixin.py:190} INFO - [2025-02-16T16:44:30.520+0700] {dag.py:3239} INFO - Sync 1 DAGs
[2025-02-16T16:44:30.534+0700] {logging_mixin.py:190} INFO - [2025-02-16T16:44:30.534+0700] {dag.py:4180} INFO - Setting next_dagrun for example_python_operator to None, run_after=None
[2025-02-16T16:44:30.559+0700] {processor.py:208} INFO - Processing /home/dataengineer/.pyenv/versions/3.9.21/lib/python3.9/site-packages/airflow/example_dags/example_python_operator.py took 0.151 seconds
[2025-02-16T16:45:39.362+0700] {processor.py:186} INFO - Started process (PID=38986) to work on /home/dataengineer/.pyenv/versions/3.9.21/lib/python3.9/site-packages/airflow/example_dags/example_python_operator.py
[2025-02-16T16:45:39.363+0700] {processor.py:914} INFO - Processing file /home/dataengineer/.pyenv/versions/3.9.21/lib/python3.9/site-packages/airflow/example_dags/example_python_operator.py for tasks to queue
[2025-02-16T16:45:39.364+0700] {logging_mixin.py:190} INFO - [2025-02-16T16:45:39.364+0700] {dagbag.py:588} INFO - Filling up the DagBag from /home/dataengineer/.pyenv/versions/3.9.21/lib/python3.9/site-packages/airflow/example_dags/example_python_operator.py
[2025-02-16T16:45:39.445+0700] {logging_mixin.py:190} INFO - [2025-02-16T16:45:39.445+0700] {example_python_operator.py:93} WARNING - The virtalenv_python example task requires virtualenv, please install it.
[2025-02-16T16:45:39.448+0700] {processor.py:925} INFO - DAG(s) 'example_python_operator' retrieved from /home/dataengineer/.pyenv/versions/3.9.21/lib/python3.9/site-packages/airflow/example_dags/example_python_operator.py
[2025-02-16T16:45:39.464+0700] {logging_mixin.py:190} INFO - [2025-02-16T16:45:39.464+0700] {dag.py:3239} INFO - Sync 1 DAGs
[2025-02-16T16:45:39.477+0700] {logging_mixin.py:190} INFO - [2025-02-16T16:45:39.477+0700] {dag.py:4180} INFO - Setting next_dagrun for example_python_operator to None, run_after=None
[2025-02-16T16:45:39.497+0700] {processor.py:208} INFO - Processing /home/dataengineer/.pyenv/versions/3.9.21/lib/python3.9/site-packages/airflow/example_dags/example_python_operator.py took 0.141 seconds
[2025-02-16T16:46:48.925+0700] {processor.py:186} INFO - Started process (PID=39281) to work on /home/dataengineer/.pyenv/versions/3.9.21/lib/python3.9/site-packages/airflow/example_dags/example_python_operator.py
[2025-02-16T16:46:48.926+0700] {processor.py:914} INFO - Processing file /home/dataengineer/.pyenv/versions/3.9.21/lib/python3.9/site-packages/airflow/example_dags/example_python_operator.py for tasks to queue
[2025-02-16T16:46:48.927+0700] {logging_mixin.py:190} INFO - [2025-02-16T16:46:48.927+0700] {dagbag.py:588} INFO - Filling up the DagBag from /home/dataengineer/.pyenv/versions/3.9.21/lib/python3.9/site-packages/airflow/example_dags/example_python_operator.py
[2025-02-16T16:46:49.001+0700] {logging_mixin.py:190} INFO - [2025-02-16T16:46:49.001+0700] {example_python_operator.py:93} WARNING - The virtalenv_python example task requires virtualenv, please install it.
[2025-02-16T16:46:49.004+0700] {processor.py:925} INFO - DAG(s) 'example_python_operator' retrieved from /home/dataengineer/.pyenv/versions/3.9.21/lib/python3.9/site-packages/airflow/example_dags/example_python_operator.py
[2025-02-16T16:46:49.021+0700] {logging_mixin.py:190} INFO - [2025-02-16T16:46:49.020+0700] {dag.py:3239} INFO - Sync 1 DAGs
[2025-02-16T16:46:49.034+0700] {logging_mixin.py:190} INFO - [2025-02-16T16:46:49.034+0700] {dag.py:4180} INFO - Setting next_dagrun for example_python_operator to None, run_after=None
[2025-02-16T16:46:49.057+0700] {processor.py:208} INFO - Processing /home/dataengineer/.pyenv/versions/3.9.21/lib/python3.9/site-packages/airflow/example_dags/example_python_operator.py took 0.138 seconds
[2025-02-16T16:47:58.838+0700] {processor.py:186} INFO - Started process (PID=39609) to work on /home/dataengineer/.pyenv/versions/3.9.21/lib/python3.9/site-packages/airflow/example_dags/example_python_operator.py
[2025-02-16T16:47:58.839+0700] {processor.py:914} INFO - Processing file /home/dataengineer/.pyenv/versions/3.9.21/lib/python3.9/site-packages/airflow/example_dags/example_python_operator.py for tasks to queue
[2025-02-16T16:47:58.840+0700] {logging_mixin.py:190} INFO - [2025-02-16T16:47:58.840+0700] {dagbag.py:588} INFO - Filling up the DagBag from /home/dataengineer/.pyenv/versions/3.9.21/lib/python3.9/site-packages/airflow/example_dags/example_python_operator.py
[2025-02-16T16:47:58.912+0700] {logging_mixin.py:190} INFO - [2025-02-16T16:47:58.912+0700] {example_python_operator.py:93} WARNING - The virtalenv_python example task requires virtualenv, please install it.
[2025-02-16T16:47:58.915+0700] {processor.py:925} INFO - DAG(s) 'example_python_operator' retrieved from /home/dataengineer/.pyenv/versions/3.9.21/lib/python3.9/site-packages/airflow/example_dags/example_python_operator.py
[2025-02-16T16:47:58.932+0700] {logging_mixin.py:190} INFO - [2025-02-16T16:47:58.932+0700] {dag.py:3239} INFO - Sync 1 DAGs
[2025-02-16T16:47:58.945+0700] {logging_mixin.py:190} INFO - [2025-02-16T16:47:58.945+0700] {dag.py:4180} INFO - Setting next_dagrun for example_python_operator to None, run_after=None
[2025-02-16T16:47:58.967+0700] {processor.py:208} INFO - Processing /home/dataengineer/.pyenv/versions/3.9.21/lib/python3.9/site-packages/airflow/example_dags/example_python_operator.py took 0.135 seconds
[2025-02-16T16:48:49.867+0700] {processor.py:186} INFO - Started process (PID=39884) to work on /home/dataengineer/.pyenv/versions/3.9.21/lib/python3.9/site-packages/airflow/example_dags/example_python_operator.py
[2025-02-16T16:48:49.868+0700] {processor.py:914} INFO - Processing file /home/dataengineer/.pyenv/versions/3.9.21/lib/python3.9/site-packages/airflow/example_dags/example_python_operator.py for tasks to queue
[2025-02-16T16:48:49.870+0700] {logging_mixin.py:190} INFO - [2025-02-16T16:48:49.869+0700] {dagbag.py:588} INFO - Filling up the DagBag from /home/dataengineer/.pyenv/versions/3.9.21/lib/python3.9/site-packages/airflow/example_dags/example_python_operator.py
[2025-02-16T16:48:49.947+0700] {logging_mixin.py:190} INFO - [2025-02-16T16:48:49.946+0700] {example_python_operator.py:93} WARNING - The virtalenv_python example task requires virtualenv, please install it.
[2025-02-16T16:48:49.949+0700] {processor.py:925} INFO - DAG(s) 'example_python_operator' retrieved from /home/dataengineer/.pyenv/versions/3.9.21/lib/python3.9/site-packages/airflow/example_dags/example_python_operator.py
[2025-02-16T16:48:49.964+0700] {logging_mixin.py:190} INFO - [2025-02-16T16:48:49.964+0700] {dag.py:3239} INFO - Sync 1 DAGs
[2025-02-16T16:48:49.976+0700] {logging_mixin.py:190} INFO - [2025-02-16T16:48:49.976+0700] {dag.py:4180} INFO - Setting next_dagrun for example_python_operator to None, run_after=None
[2025-02-16T16:48:49.995+0700] {processor.py:208} INFO - Processing /home/dataengineer/.pyenv/versions/3.9.21/lib/python3.9/site-packages/airflow/example_dags/example_python_operator.py took 0.134 seconds
[2025-02-16T16:50:03.753+0700] {processor.py:186} INFO - Started process (PID=40216) to work on /home/dataengineer/.pyenv/versions/3.9.21/lib/python3.9/site-packages/airflow/example_dags/example_python_operator.py
[2025-02-16T16:50:03.754+0700] {processor.py:914} INFO - Processing file /home/dataengineer/.pyenv/versions/3.9.21/lib/python3.9/site-packages/airflow/example_dags/example_python_operator.py for tasks to queue
[2025-02-16T16:50:03.756+0700] {logging_mixin.py:190} INFO - [2025-02-16T16:50:03.755+0700] {dagbag.py:588} INFO - Filling up the DagBag from /home/dataengineer/.pyenv/versions/3.9.21/lib/python3.9/site-packages/airflow/example_dags/example_python_operator.py
[2025-02-16T16:50:03.836+0700] {logging_mixin.py:190} INFO - [2025-02-16T16:50:03.836+0700] {example_python_operator.py:93} WARNING - The virtalenv_python example task requires virtualenv, please install it.
[2025-02-16T16:50:03.839+0700] {processor.py:925} INFO - DAG(s) 'example_python_operator' retrieved from /home/dataengineer/.pyenv/versions/3.9.21/lib/python3.9/site-packages/airflow/example_dags/example_python_operator.py
[2025-02-16T16:50:03.856+0700] {logging_mixin.py:190} INFO - [2025-02-16T16:50:03.856+0700] {dag.py:3239} INFO - Sync 1 DAGs
[2025-02-16T16:50:03.870+0700] {logging_mixin.py:190} INFO - [2025-02-16T16:50:03.869+0700] {dag.py:4180} INFO - Setting next_dagrun for example_python_operator to None, run_after=None
[2025-02-16T16:50:03.890+0700] {processor.py:208} INFO - Processing /home/dataengineer/.pyenv/versions/3.9.21/lib/python3.9/site-packages/airflow/example_dags/example_python_operator.py took 0.144 seconds
[2025-02-16T16:51:18.078+0700] {processor.py:186} INFO - Started process (PID=40564) to work on /home/dataengineer/.pyenv/versions/3.9.21/lib/python3.9/site-packages/airflow/example_dags/example_python_operator.py
[2025-02-16T16:51:18.079+0700] {processor.py:914} INFO - Processing file /home/dataengineer/.pyenv/versions/3.9.21/lib/python3.9/site-packages/airflow/example_dags/example_python_operator.py for tasks to queue
[2025-02-16T16:51:18.081+0700] {logging_mixin.py:190} INFO - [2025-02-16T16:51:18.080+0700] {dagbag.py:588} INFO - Filling up the DagBag from /home/dataengineer/.pyenv/versions/3.9.21/lib/python3.9/site-packages/airflow/example_dags/example_python_operator.py
[2025-02-16T16:51:18.161+0700] {logging_mixin.py:190} INFO - [2025-02-16T16:51:18.160+0700] {example_python_operator.py:93} WARNING - The virtalenv_python example task requires virtualenv, please install it.
[2025-02-16T16:51:18.163+0700] {processor.py:925} INFO - DAG(s) 'example_python_operator' retrieved from /home/dataengineer/.pyenv/versions/3.9.21/lib/python3.9/site-packages/airflow/example_dags/example_python_operator.py
[2025-02-16T16:51:18.179+0700] {logging_mixin.py:190} INFO - [2025-02-16T16:51:18.179+0700] {dag.py:3239} INFO - Sync 1 DAGs
[2025-02-16T16:51:18.192+0700] {logging_mixin.py:190} INFO - [2025-02-16T16:51:18.192+0700] {dag.py:4180} INFO - Setting next_dagrun for example_python_operator to None, run_after=None
[2025-02-16T16:51:18.213+0700] {processor.py:208} INFO - Processing /home/dataengineer/.pyenv/versions/3.9.21/lib/python3.9/site-packages/airflow/example_dags/example_python_operator.py took 0.140 seconds
[2025-02-16T16:52:27.320+0700] {processor.py:186} INFO - Started process (PID=40852) to work on /home/dataengineer/.pyenv/versions/3.9.21/lib/python3.9/site-packages/airflow/example_dags/example_python_operator.py
[2025-02-16T16:52:27.322+0700] {processor.py:914} INFO - Processing file /home/dataengineer/.pyenv/versions/3.9.21/lib/python3.9/site-packages/airflow/example_dags/example_python_operator.py for tasks to queue
[2025-02-16T16:52:27.323+0700] {logging_mixin.py:190} INFO - [2025-02-16T16:52:27.323+0700] {dagbag.py:588} INFO - Filling up the DagBag from /home/dataengineer/.pyenv/versions/3.9.21/lib/python3.9/site-packages/airflow/example_dags/example_python_operator.py
[2025-02-16T16:52:27.402+0700] {logging_mixin.py:190} INFO - [2025-02-16T16:52:27.402+0700] {example_python_operator.py:93} WARNING - The virtalenv_python example task requires virtualenv, please install it.
[2025-02-16T16:52:27.405+0700] {processor.py:925} INFO - DAG(s) 'example_python_operator' retrieved from /home/dataengineer/.pyenv/versions/3.9.21/lib/python3.9/site-packages/airflow/example_dags/example_python_operator.py
[2025-02-16T16:52:27.422+0700] {logging_mixin.py:190} INFO - [2025-02-16T16:52:27.421+0700] {dag.py:3239} INFO - Sync 1 DAGs
[2025-02-16T16:52:27.435+0700] {logging_mixin.py:190} INFO - [2025-02-16T16:52:27.435+0700] {dag.py:4180} INFO - Setting next_dagrun for example_python_operator to None, run_after=None
[2025-02-16T16:52:27.456+0700] {processor.py:208} INFO - Processing /home/dataengineer/.pyenv/versions/3.9.21/lib/python3.9/site-packages/airflow/example_dags/example_python_operator.py took 0.141 seconds
[2025-02-16T16:53:43.769+0700] {processor.py:186} INFO - Started process (PID=41193) to work on /home/dataengineer/.pyenv/versions/3.9.21/lib/python3.9/site-packages/airflow/example_dags/example_python_operator.py
[2025-02-16T16:53:43.770+0700] {processor.py:914} INFO - Processing file /home/dataengineer/.pyenv/versions/3.9.21/lib/python3.9/site-packages/airflow/example_dags/example_python_operator.py for tasks to queue
[2025-02-16T16:53:43.772+0700] {logging_mixin.py:190} INFO - [2025-02-16T16:53:43.771+0700] {dagbag.py:588} INFO - Filling up the DagBag from /home/dataengineer/.pyenv/versions/3.9.21/lib/python3.9/site-packages/airflow/example_dags/example_python_operator.py
[2025-02-16T16:53:43.859+0700] {logging_mixin.py:190} INFO - [2025-02-16T16:53:43.859+0700] {example_python_operator.py:93} WARNING - The virtalenv_python example task requires virtualenv, please install it.
[2025-02-16T16:53:43.862+0700] {processor.py:925} INFO - DAG(s) 'example_python_operator' retrieved from /home/dataengineer/.pyenv/versions/3.9.21/lib/python3.9/site-packages/airflow/example_dags/example_python_operator.py
[2025-02-16T16:53:43.883+0700] {logging_mixin.py:190} INFO - [2025-02-16T16:53:43.882+0700] {dag.py:3239} INFO - Sync 1 DAGs
[2025-02-16T16:53:43.898+0700] {logging_mixin.py:190} INFO - [2025-02-16T16:53:43.897+0700] {dag.py:4180} INFO - Setting next_dagrun for example_python_operator to None, run_after=None
[2025-02-16T16:53:43.923+0700] {processor.py:208} INFO - Processing /home/dataengineer/.pyenv/versions/3.9.21/lib/python3.9/site-packages/airflow/example_dags/example_python_operator.py took 0.160 seconds
[2025-02-16T16:54:34.680+0700] {processor.py:186} INFO - Started process (PID=41419) to work on /home/dataengineer/.pyenv/versions/3.9.21/lib/python3.9/site-packages/airflow/example_dags/example_python_operator.py
[2025-02-16T16:54:34.681+0700] {processor.py:914} INFO - Processing file /home/dataengineer/.pyenv/versions/3.9.21/lib/python3.9/site-packages/airflow/example_dags/example_python_operator.py for tasks to queue
[2025-02-16T16:54:34.683+0700] {logging_mixin.py:190} INFO - [2025-02-16T16:54:34.682+0700] {dagbag.py:588} INFO - Filling up the DagBag from /home/dataengineer/.pyenv/versions/3.9.21/lib/python3.9/site-packages/airflow/example_dags/example_python_operator.py
[2025-02-16T16:54:34.756+0700] {logging_mixin.py:190} INFO - [2025-02-16T16:54:34.756+0700] {example_python_operator.py:93} WARNING - The virtalenv_python example task requires virtualenv, please install it.
[2025-02-16T16:54:34.759+0700] {processor.py:925} INFO - DAG(s) 'example_python_operator' retrieved from /home/dataengineer/.pyenv/versions/3.9.21/lib/python3.9/site-packages/airflow/example_dags/example_python_operator.py
[2025-02-16T16:54:34.776+0700] {logging_mixin.py:190} INFO - [2025-02-16T16:54:34.776+0700] {dag.py:3239} INFO - Sync 1 DAGs
[2025-02-16T16:54:34.790+0700] {logging_mixin.py:190} INFO - [2025-02-16T16:54:34.789+0700] {dag.py:4180} INFO - Setting next_dagrun for example_python_operator to None, run_after=None
[2025-02-16T16:54:34.811+0700] {processor.py:208} INFO - Processing /home/dataengineer/.pyenv/versions/3.9.21/lib/python3.9/site-packages/airflow/example_dags/example_python_operator.py took 0.138 seconds
[2025-02-16T16:55:48.839+0700] {processor.py:186} INFO - Started process (PID=41750) to work on /home/dataengineer/.pyenv/versions/3.9.21/lib/python3.9/site-packages/airflow/example_dags/example_python_operator.py
[2025-02-16T16:55:48.841+0700] {processor.py:914} INFO - Processing file /home/dataengineer/.pyenv/versions/3.9.21/lib/python3.9/site-packages/airflow/example_dags/example_python_operator.py for tasks to queue
[2025-02-16T16:55:48.842+0700] {logging_mixin.py:190} INFO - [2025-02-16T16:55:48.841+0700] {dagbag.py:588} INFO - Filling up the DagBag from /home/dataengineer/.pyenv/versions/3.9.21/lib/python3.9/site-packages/airflow/example_dags/example_python_operator.py
[2025-02-16T16:55:48.924+0700] {logging_mixin.py:190} INFO - [2025-02-16T16:55:48.923+0700] {example_python_operator.py:93} WARNING - The virtalenv_python example task requires virtualenv, please install it.
[2025-02-16T16:55:48.926+0700] {processor.py:925} INFO - DAG(s) 'example_python_operator' retrieved from /home/dataengineer/.pyenv/versions/3.9.21/lib/python3.9/site-packages/airflow/example_dags/example_python_operator.py
[2025-02-16T16:55:48.943+0700] {logging_mixin.py:190} INFO - [2025-02-16T16:55:48.942+0700] {dag.py:3239} INFO - Sync 1 DAGs
[2025-02-16T16:55:48.955+0700] {logging_mixin.py:190} INFO - [2025-02-16T16:55:48.955+0700] {dag.py:4180} INFO - Setting next_dagrun for example_python_operator to None, run_after=None
[2025-02-16T16:55:48.975+0700] {processor.py:208} INFO - Processing /home/dataengineer/.pyenv/versions/3.9.21/lib/python3.9/site-packages/airflow/example_dags/example_python_operator.py took 0.142 seconds
[2025-02-16T16:56:57.985+0700] {processor.py:186} INFO - Started process (PID=42239) to work on /home/dataengineer/.pyenv/versions/3.9.21/lib/python3.9/site-packages/airflow/example_dags/example_python_operator.py
[2025-02-16T16:56:57.987+0700] {processor.py:914} INFO - Processing file /home/dataengineer/.pyenv/versions/3.9.21/lib/python3.9/site-packages/airflow/example_dags/example_python_operator.py for tasks to queue
[2025-02-16T16:56:57.988+0700] {logging_mixin.py:190} INFO - [2025-02-16T16:56:57.987+0700] {dagbag.py:588} INFO - Filling up the DagBag from /home/dataengineer/.pyenv/versions/3.9.21/lib/python3.9/site-packages/airflow/example_dags/example_python_operator.py
[2025-02-16T16:56:58.078+0700] {logging_mixin.py:190} INFO - [2025-02-16T16:56:58.078+0700] {example_python_operator.py:93} WARNING - The virtalenv_python example task requires virtualenv, please install it.
[2025-02-16T16:56:58.081+0700] {processor.py:925} INFO - DAG(s) 'example_python_operator' retrieved from /home/dataengineer/.pyenv/versions/3.9.21/lib/python3.9/site-packages/airflow/example_dags/example_python_operator.py
[2025-02-16T16:56:58.097+0700] {logging_mixin.py:190} INFO - [2025-02-16T16:56:58.096+0700] {dag.py:3239} INFO - Sync 1 DAGs
[2025-02-16T16:56:58.109+0700] {logging_mixin.py:190} INFO - [2025-02-16T16:56:58.109+0700] {dag.py:4180} INFO - Setting next_dagrun for example_python_operator to None, run_after=None
[2025-02-16T16:56:58.144+0700] {processor.py:208} INFO - Processing /home/dataengineer/.pyenv/versions/3.9.21/lib/python3.9/site-packages/airflow/example_dags/example_python_operator.py took 0.164 seconds
[2025-02-16T16:58:11.252+0700] {processor.py:186} INFO - Started process (PID=42873) to work on /home/dataengineer/.pyenv/versions/3.9.21/lib/python3.9/site-packages/airflow/example_dags/example_python_operator.py
[2025-02-16T16:58:11.253+0700] {processor.py:914} INFO - Processing file /home/dataengineer/.pyenv/versions/3.9.21/lib/python3.9/site-packages/airflow/example_dags/example_python_operator.py for tasks to queue
[2025-02-16T16:58:11.254+0700] {logging_mixin.py:190} INFO - [2025-02-16T16:58:11.254+0700] {dagbag.py:588} INFO - Filling up the DagBag from /home/dataengineer/.pyenv/versions/3.9.21/lib/python3.9/site-packages/airflow/example_dags/example_python_operator.py
[2025-02-16T16:58:11.336+0700] {logging_mixin.py:190} INFO - [2025-02-16T16:58:11.336+0700] {example_python_operator.py:93} WARNING - The virtalenv_python example task requires virtualenv, please install it.
[2025-02-16T16:58:11.339+0700] {processor.py:925} INFO - DAG(s) 'example_python_operator' retrieved from /home/dataengineer/.pyenv/versions/3.9.21/lib/python3.9/site-packages/airflow/example_dags/example_python_operator.py
[2025-02-16T16:58:11.355+0700] {logging_mixin.py:190} INFO - [2025-02-16T16:58:11.355+0700] {dag.py:3239} INFO - Sync 1 DAGs
[2025-02-16T16:58:11.368+0700] {logging_mixin.py:190} INFO - [2025-02-16T16:58:11.368+0700] {dag.py:4180} INFO - Setting next_dagrun for example_python_operator to None, run_after=None
[2025-02-16T16:58:11.390+0700] {processor.py:208} INFO - Processing /home/dataengineer/.pyenv/versions/3.9.21/lib/python3.9/site-packages/airflow/example_dags/example_python_operator.py took 0.145 seconds
[2025-02-16T16:59:29.211+0700] {processor.py:186} INFO - Started process (PID=43346) to work on /home/dataengineer/.pyenv/versions/3.9.21/lib/python3.9/site-packages/airflow/example_dags/example_python_operator.py
[2025-02-16T16:59:29.212+0700] {processor.py:914} INFO - Processing file /home/dataengineer/.pyenv/versions/3.9.21/lib/python3.9/site-packages/airflow/example_dags/example_python_operator.py for tasks to queue
[2025-02-16T16:59:29.213+0700] {logging_mixin.py:190} INFO - [2025-02-16T16:59:29.213+0700] {dagbag.py:588} INFO - Filling up the DagBag from /home/dataengineer/.pyenv/versions/3.9.21/lib/python3.9/site-packages/airflow/example_dags/example_python_operator.py
[2025-02-16T16:59:29.297+0700] {logging_mixin.py:190} INFO - [2025-02-16T16:59:29.297+0700] {example_python_operator.py:93} WARNING - The virtalenv_python example task requires virtualenv, please install it.
[2025-02-16T16:59:29.300+0700] {processor.py:925} INFO - DAG(s) 'example_python_operator' retrieved from /home/dataengineer/.pyenv/versions/3.9.21/lib/python3.9/site-packages/airflow/example_dags/example_python_operator.py
[2025-02-16T16:59:29.316+0700] {logging_mixin.py:190} INFO - [2025-02-16T16:59:29.316+0700] {dag.py:3239} INFO - Sync 1 DAGs
[2025-02-16T16:59:29.329+0700] {logging_mixin.py:190} INFO - [2025-02-16T16:59:29.329+0700] {dag.py:4180} INFO - Setting next_dagrun for example_python_operator to None, run_after=None
[2025-02-16T16:59:29.350+0700] {processor.py:208} INFO - Processing /home/dataengineer/.pyenv/versions/3.9.21/lib/python3.9/site-packages/airflow/example_dags/example_python_operator.py took 0.144 seconds
