[2025-02-16T15:58:00.750+0700] {processor.py:186} INFO - Started process (PID=25545) to work on /home/dataengineer/.pyenv/versions/3.9.21/lib/python3.9/site-packages/airflow/example_dags/example_latest_only.py
[2025-02-16T15:58:00.751+0700] {processor.py:914} INFO - Processing file /home/dataengineer/.pyenv/versions/3.9.21/lib/python3.9/site-packages/airflow/example_dags/example_latest_only.py for tasks to queue
[2025-02-16T15:58:00.753+0700] {logging_mixin.py:190} INFO - [2025-02-16T15:58:00.752+0700] {dagbag.py:588} INFO - Filling up the DagBag from /home/dataengineer/.pyenv/versions/3.9.21/lib/python3.9/site-packages/airflow/example_dags/example_latest_only.py
[2025-02-16T15:58:00.759+0700] {processor.py:925} INFO - DAG(s) 'latest_only' retrieved from /home/dataengineer/.pyenv/versions/3.9.21/lib/python3.9/site-packages/airflow/example_dags/example_latest_only.py
[2025-02-16T15:58:00.774+0700] {logging_mixin.py:190} INFO - [2025-02-16T15:58:00.773+0700] {dag.py:3239} INFO - Sync 1 DAGs
[2025-02-16T15:58:00.792+0700] {logging_mixin.py:190} INFO - [2025-02-16T15:58:00.792+0700] {dag.py:4180} INFO - Setting next_dagrun for latest_only to 2025-02-16 04:00:00+00:00, run_after=2025-02-16 08:00:00+00:00
[2025-02-16T15:58:00.811+0700] {processor.py:208} INFO - Processing /home/dataengineer/.pyenv/versions/3.9.21/lib/python3.9/site-packages/airflow/example_dags/example_latest_only.py took 0.066 seconds
[2025-02-16T15:58:56.134+0700] {processor.py:186} INFO - Started process (PID=25776) to work on /home/dataengineer/.pyenv/versions/3.9.21/lib/python3.9/site-packages/airflow/example_dags/example_latest_only.py
[2025-02-16T15:58:56.135+0700] {processor.py:914} INFO - Processing file /home/dataengineer/.pyenv/versions/3.9.21/lib/python3.9/site-packages/airflow/example_dags/example_latest_only.py for tasks to queue
[2025-02-16T15:58:56.136+0700] {logging_mixin.py:190} INFO - [2025-02-16T15:58:56.136+0700] {dagbag.py:588} INFO - Filling up the DagBag from /home/dataengineer/.pyenv/versions/3.9.21/lib/python3.9/site-packages/airflow/example_dags/example_latest_only.py
[2025-02-16T15:58:56.152+0700] {processor.py:925} INFO - DAG(s) 'latest_only' retrieved from /home/dataengineer/.pyenv/versions/3.9.21/lib/python3.9/site-packages/airflow/example_dags/example_latest_only.py
[2025-02-16T15:58:56.167+0700] {logging_mixin.py:190} INFO - [2025-02-16T15:58:56.166+0700] {dag.py:3239} INFO - Sync 1 DAGs
[2025-02-16T15:58:56.188+0700] {logging_mixin.py:190} INFO - [2025-02-16T15:58:56.188+0700] {dag.py:4180} INFO - Setting next_dagrun for latest_only to 2025-02-16 04:00:00+00:00, run_after=2025-02-16 08:00:00+00:00
[2025-02-16T15:58:56.209+0700] {processor.py:208} INFO - Processing /home/dataengineer/.pyenv/versions/3.9.21/lib/python3.9/site-packages/airflow/example_dags/example_latest_only.py took 0.082 seconds
[2025-02-16T15:59:51.026+0700] {processor.py:186} INFO - Started process (PID=26086) to work on /home/dataengineer/.pyenv/versions/3.9.21/lib/python3.9/site-packages/airflow/example_dags/example_latest_only.py
[2025-02-16T15:59:51.027+0700] {processor.py:914} INFO - Processing file /home/dataengineer/.pyenv/versions/3.9.21/lib/python3.9/site-packages/airflow/example_dags/example_latest_only.py for tasks to queue
[2025-02-16T15:59:51.028+0700] {logging_mixin.py:190} INFO - [2025-02-16T15:59:51.028+0700] {dagbag.py:588} INFO - Filling up the DagBag from /home/dataengineer/.pyenv/versions/3.9.21/lib/python3.9/site-packages/airflow/example_dags/example_latest_only.py
[2025-02-16T15:59:51.035+0700] {processor.py:925} INFO - DAG(s) 'latest_only' retrieved from /home/dataengineer/.pyenv/versions/3.9.21/lib/python3.9/site-packages/airflow/example_dags/example_latest_only.py
[2025-02-16T15:59:51.048+0700] {logging_mixin.py:190} INFO - [2025-02-16T15:59:51.048+0700] {dag.py:3239} INFO - Sync 1 DAGs
[2025-02-16T15:59:51.066+0700] {logging_mixin.py:190} INFO - [2025-02-16T15:59:51.066+0700] {dag.py:4180} INFO - Setting next_dagrun for latest_only to 2025-02-16 04:00:00+00:00, run_after=2025-02-16 08:00:00+00:00
[2025-02-16T15:59:51.086+0700] {processor.py:208} INFO - Processing /home/dataengineer/.pyenv/versions/3.9.21/lib/python3.9/site-packages/airflow/example_dags/example_latest_only.py took 0.065 seconds
[2025-02-16T16:01:02.819+0700] {processor.py:186} INFO - Started process (PID=26386) to work on /home/dataengineer/.pyenv/versions/3.9.21/lib/python3.9/site-packages/airflow/example_dags/example_latest_only.py
[2025-02-16T16:01:02.820+0700] {processor.py:914} INFO - Processing file /home/dataengineer/.pyenv/versions/3.9.21/lib/python3.9/site-packages/airflow/example_dags/example_latest_only.py for tasks to queue
[2025-02-16T16:01:02.822+0700] {logging_mixin.py:190} INFO - [2025-02-16T16:01:02.821+0700] {dagbag.py:588} INFO - Filling up the DagBag from /home/dataengineer/.pyenv/versions/3.9.21/lib/python3.9/site-packages/airflow/example_dags/example_latest_only.py
[2025-02-16T16:01:02.830+0700] {processor.py:925} INFO - DAG(s) 'latest_only' retrieved from /home/dataengineer/.pyenv/versions/3.9.21/lib/python3.9/site-packages/airflow/example_dags/example_latest_only.py
[2025-02-16T16:01:02.844+0700] {logging_mixin.py:190} INFO - [2025-02-16T16:01:02.844+0700] {dag.py:3239} INFO - Sync 1 DAGs
[2025-02-16T16:01:02.865+0700] {logging_mixin.py:190} INFO - [2025-02-16T16:01:02.864+0700] {dag.py:4180} INFO - Setting next_dagrun for latest_only to 2025-02-16 04:00:00+00:00, run_after=2025-02-16 08:00:00+00:00
[2025-02-16T16:01:02.885+0700] {processor.py:208} INFO - Processing /home/dataengineer/.pyenv/versions/3.9.21/lib/python3.9/site-packages/airflow/example_dags/example_latest_only.py took 0.072 seconds
[2025-02-16T16:01:57.158+0700] {processor.py:186} INFO - Started process (PID=26818) to work on /home/dataengineer/.pyenv/versions/3.9.21/lib/python3.9/site-packages/airflow/example_dags/example_latest_only.py
[2025-02-16T16:01:57.159+0700] {processor.py:914} INFO - Processing file /home/dataengineer/.pyenv/versions/3.9.21/lib/python3.9/site-packages/airflow/example_dags/example_latest_only.py for tasks to queue
[2025-02-16T16:01:57.160+0700] {logging_mixin.py:190} INFO - [2025-02-16T16:01:57.160+0700] {dagbag.py:588} INFO - Filling up the DagBag from /home/dataengineer/.pyenv/versions/3.9.21/lib/python3.9/site-packages/airflow/example_dags/example_latest_only.py
[2025-02-16T16:01:57.168+0700] {processor.py:925} INFO - DAG(s) 'latest_only' retrieved from /home/dataengineer/.pyenv/versions/3.9.21/lib/python3.9/site-packages/airflow/example_dags/example_latest_only.py
[2025-02-16T16:01:57.182+0700] {logging_mixin.py:190} INFO - [2025-02-16T16:01:57.182+0700] {dag.py:3239} INFO - Sync 1 DAGs
[2025-02-16T16:01:57.200+0700] {logging_mixin.py:190} INFO - [2025-02-16T16:01:57.200+0700] {dag.py:4180} INFO - Setting next_dagrun for latest_only to 2025-02-16 04:00:00+00:00, run_after=2025-02-16 08:00:00+00:00
[2025-02-16T16:01:57.220+0700] {processor.py:208} INFO - Processing /home/dataengineer/.pyenv/versions/3.9.21/lib/python3.9/site-packages/airflow/example_dags/example_latest_only.py took 0.068 seconds
[2025-02-16T16:02:56.406+0700] {processor.py:186} INFO - Started process (PID=27211) to work on /home/dataengineer/.pyenv/versions/3.9.21/lib/python3.9/site-packages/airflow/example_dags/example_latest_only.py
[2025-02-16T16:02:56.407+0700] {processor.py:914} INFO - Processing file /home/dataengineer/.pyenv/versions/3.9.21/lib/python3.9/site-packages/airflow/example_dags/example_latest_only.py for tasks to queue
[2025-02-16T16:02:56.408+0700] {logging_mixin.py:190} INFO - [2025-02-16T16:02:56.408+0700] {dagbag.py:588} INFO - Filling up the DagBag from /home/dataengineer/.pyenv/versions/3.9.21/lib/python3.9/site-packages/airflow/example_dags/example_latest_only.py
[2025-02-16T16:02:56.416+0700] {processor.py:925} INFO - DAG(s) 'latest_only' retrieved from /home/dataengineer/.pyenv/versions/3.9.21/lib/python3.9/site-packages/airflow/example_dags/example_latest_only.py
[2025-02-16T16:02:56.429+0700] {logging_mixin.py:190} INFO - [2025-02-16T16:02:56.428+0700] {dag.py:3239} INFO - Sync 1 DAGs
[2025-02-16T16:02:56.448+0700] {logging_mixin.py:190} INFO - [2025-02-16T16:02:56.448+0700] {dag.py:4180} INFO - Setting next_dagrun for latest_only to 2025-02-16 04:00:00+00:00, run_after=2025-02-16 08:00:00+00:00
[2025-02-16T16:02:56.469+0700] {processor.py:208} INFO - Processing /home/dataengineer/.pyenv/versions/3.9.21/lib/python3.9/site-packages/airflow/example_dags/example_latest_only.py took 0.068 seconds
[2025-02-16T16:04:05.269+0700] {processor.py:186} INFO - Started process (PID=27501) to work on /home/dataengineer/.pyenv/versions/3.9.21/lib/python3.9/site-packages/airflow/example_dags/example_latest_only.py
[2025-02-16T16:04:05.271+0700] {processor.py:914} INFO - Processing file /home/dataengineer/.pyenv/versions/3.9.21/lib/python3.9/site-packages/airflow/example_dags/example_latest_only.py for tasks to queue
[2025-02-16T16:04:05.272+0700] {logging_mixin.py:190} INFO - [2025-02-16T16:04:05.271+0700] {dagbag.py:588} INFO - Filling up the DagBag from /home/dataengineer/.pyenv/versions/3.9.21/lib/python3.9/site-packages/airflow/example_dags/example_latest_only.py
[2025-02-16T16:04:05.279+0700] {processor.py:925} INFO - DAG(s) 'latest_only' retrieved from /home/dataengineer/.pyenv/versions/3.9.21/lib/python3.9/site-packages/airflow/example_dags/example_latest_only.py
[2025-02-16T16:04:05.293+0700] {logging_mixin.py:190} INFO - [2025-02-16T16:04:05.293+0700] {dag.py:3239} INFO - Sync 1 DAGs
[2025-02-16T16:04:05.312+0700] {logging_mixin.py:190} INFO - [2025-02-16T16:04:05.312+0700] {dag.py:4180} INFO - Setting next_dagrun for latest_only to 2025-02-16 04:00:00+00:00, run_after=2025-02-16 08:00:00+00:00
[2025-02-16T16:04:05.333+0700] {processor.py:208} INFO - Processing /home/dataengineer/.pyenv/versions/3.9.21/lib/python3.9/site-packages/airflow/example_dags/example_latest_only.py took 0.070 seconds
[2025-02-16T16:04:55.958+0700] {processor.py:186} INFO - Started process (PID=27714) to work on /home/dataengineer/.pyenv/versions/3.9.21/lib/python3.9/site-packages/airflow/example_dags/example_latest_only.py
[2025-02-16T16:04:55.959+0700] {processor.py:914} INFO - Processing file /home/dataengineer/.pyenv/versions/3.9.21/lib/python3.9/site-packages/airflow/example_dags/example_latest_only.py for tasks to queue
[2025-02-16T16:04:55.961+0700] {logging_mixin.py:190} INFO - [2025-02-16T16:04:55.960+0700] {dagbag.py:588} INFO - Filling up the DagBag from /home/dataengineer/.pyenv/versions/3.9.21/lib/python3.9/site-packages/airflow/example_dags/example_latest_only.py
[2025-02-16T16:04:55.968+0700] {processor.py:925} INFO - DAG(s) 'latest_only' retrieved from /home/dataengineer/.pyenv/versions/3.9.21/lib/python3.9/site-packages/airflow/example_dags/example_latest_only.py
[2025-02-16T16:04:55.983+0700] {logging_mixin.py:190} INFO - [2025-02-16T16:04:55.982+0700] {dag.py:3239} INFO - Sync 1 DAGs
[2025-02-16T16:04:56.003+0700] {logging_mixin.py:190} INFO - [2025-02-16T16:04:56.002+0700] {dag.py:4180} INFO - Setting next_dagrun for latest_only to 2025-02-16 04:00:00+00:00, run_after=2025-02-16 08:00:00+00:00
[2025-02-16T16:04:56.023+0700] {processor.py:208} INFO - Processing /home/dataengineer/.pyenv/versions/3.9.21/lib/python3.9/site-packages/airflow/example_dags/example_latest_only.py took 0.071 seconds
[2025-02-16T16:05:52.362+0700] {processor.py:186} INFO - Started process (PID=27952) to work on /home/dataengineer/.pyenv/versions/3.9.21/lib/python3.9/site-packages/airflow/example_dags/example_latest_only.py
[2025-02-16T16:05:52.363+0700] {processor.py:914} INFO - Processing file /home/dataengineer/.pyenv/versions/3.9.21/lib/python3.9/site-packages/airflow/example_dags/example_latest_only.py for tasks to queue
[2025-02-16T16:05:52.364+0700] {logging_mixin.py:190} INFO - [2025-02-16T16:05:52.364+0700] {dagbag.py:588} INFO - Filling up the DagBag from /home/dataengineer/.pyenv/versions/3.9.21/lib/python3.9/site-packages/airflow/example_dags/example_latest_only.py
[2025-02-16T16:05:52.372+0700] {processor.py:925} INFO - DAG(s) 'latest_only' retrieved from /home/dataengineer/.pyenv/versions/3.9.21/lib/python3.9/site-packages/airflow/example_dags/example_latest_only.py
[2025-02-16T16:05:52.387+0700] {logging_mixin.py:190} INFO - [2025-02-16T16:05:52.386+0700] {dag.py:3239} INFO - Sync 1 DAGs
[2025-02-16T16:05:52.406+0700] {logging_mixin.py:190} INFO - [2025-02-16T16:05:52.406+0700] {dag.py:4180} INFO - Setting next_dagrun for latest_only to 2025-02-16 04:00:00+00:00, run_after=2025-02-16 08:00:00+00:00
[2025-02-16T16:05:52.426+0700] {processor.py:208} INFO - Processing /home/dataengineer/.pyenv/versions/3.9.21/lib/python3.9/site-packages/airflow/example_dags/example_latest_only.py took 0.070 seconds
[2025-02-16T16:07:02.435+0700] {processor.py:186} INFO - Started process (PID=28288) to work on /home/dataengineer/.pyenv/versions/3.9.21/lib/python3.9/site-packages/airflow/example_dags/example_latest_only.py
[2025-02-16T16:07:02.436+0700] {processor.py:914} INFO - Processing file /home/dataengineer/.pyenv/versions/3.9.21/lib/python3.9/site-packages/airflow/example_dags/example_latest_only.py for tasks to queue
[2025-02-16T16:07:02.437+0700] {logging_mixin.py:190} INFO - [2025-02-16T16:07:02.436+0700] {dagbag.py:588} INFO - Filling up the DagBag from /home/dataengineer/.pyenv/versions/3.9.21/lib/python3.9/site-packages/airflow/example_dags/example_latest_only.py
[2025-02-16T16:07:02.444+0700] {processor.py:925} INFO - DAG(s) 'latest_only' retrieved from /home/dataengineer/.pyenv/versions/3.9.21/lib/python3.9/site-packages/airflow/example_dags/example_latest_only.py
[2025-02-16T16:07:02.458+0700] {logging_mixin.py:190} INFO - [2025-02-16T16:07:02.458+0700] {dag.py:3239} INFO - Sync 1 DAGs
[2025-02-16T16:07:02.479+0700] {logging_mixin.py:190} INFO - [2025-02-16T16:07:02.478+0700] {dag.py:4180} INFO - Setting next_dagrun for latest_only to 2025-02-16 04:00:00+00:00, run_after=2025-02-16 08:00:00+00:00
[2025-02-16T16:07:02.500+0700] {processor.py:208} INFO - Processing /home/dataengineer/.pyenv/versions/3.9.21/lib/python3.9/site-packages/airflow/example_dags/example_latest_only.py took 0.071 seconds
[2025-02-16T16:08:15.243+0700] {processor.py:186} INFO - Started process (PID=28758) to work on /home/dataengineer/.pyenv/versions/3.9.21/lib/python3.9/site-packages/airflow/example_dags/example_latest_only.py
[2025-02-16T16:08:15.244+0700] {processor.py:914} INFO - Processing file /home/dataengineer/.pyenv/versions/3.9.21/lib/python3.9/site-packages/airflow/example_dags/example_latest_only.py for tasks to queue
[2025-02-16T16:08:15.245+0700] {logging_mixin.py:190} INFO - [2025-02-16T16:08:15.245+0700] {dagbag.py:588} INFO - Filling up the DagBag from /home/dataengineer/.pyenv/versions/3.9.21/lib/python3.9/site-packages/airflow/example_dags/example_latest_only.py
[2025-02-16T16:08:15.253+0700] {processor.py:925} INFO - DAG(s) 'latest_only' retrieved from /home/dataengineer/.pyenv/versions/3.9.21/lib/python3.9/site-packages/airflow/example_dags/example_latest_only.py
[2025-02-16T16:08:15.267+0700] {logging_mixin.py:190} INFO - [2025-02-16T16:08:15.267+0700] {dag.py:3239} INFO - Sync 1 DAGs
[2025-02-16T16:08:15.287+0700] {logging_mixin.py:190} INFO - [2025-02-16T16:08:15.286+0700] {dag.py:4180} INFO - Setting next_dagrun for latest_only to 2025-02-16 04:00:00+00:00, run_after=2025-02-16 08:00:00+00:00
[2025-02-16T16:08:15.309+0700] {processor.py:208} INFO - Processing /home/dataengineer/.pyenv/versions/3.9.21/lib/python3.9/site-packages/airflow/example_dags/example_latest_only.py took 0.072 seconds
[2025-02-16T16:09:24.479+0700] {processor.py:186} INFO - Started process (PID=29087) to work on /home/dataengineer/.pyenv/versions/3.9.21/lib/python3.9/site-packages/airflow/example_dags/example_latest_only.py
[2025-02-16T16:09:24.480+0700] {processor.py:914} INFO - Processing file /home/dataengineer/.pyenv/versions/3.9.21/lib/python3.9/site-packages/airflow/example_dags/example_latest_only.py for tasks to queue
[2025-02-16T16:09:24.481+0700] {logging_mixin.py:190} INFO - [2025-02-16T16:09:24.480+0700] {dagbag.py:588} INFO - Filling up the DagBag from /home/dataengineer/.pyenv/versions/3.9.21/lib/python3.9/site-packages/airflow/example_dags/example_latest_only.py
[2025-02-16T16:09:24.489+0700] {processor.py:925} INFO - DAG(s) 'latest_only' retrieved from /home/dataengineer/.pyenv/versions/3.9.21/lib/python3.9/site-packages/airflow/example_dags/example_latest_only.py
[2025-02-16T16:09:24.506+0700] {logging_mixin.py:190} INFO - [2025-02-16T16:09:24.506+0700] {dag.py:3239} INFO - Sync 1 DAGs
[2025-02-16T16:09:24.526+0700] {logging_mixin.py:190} INFO - [2025-02-16T16:09:24.526+0700] {dag.py:4180} INFO - Setting next_dagrun for latest_only to 2025-02-16 04:00:00+00:00, run_after=2025-02-16 08:00:00+00:00
[2025-02-16T16:09:24.547+0700] {processor.py:208} INFO - Processing /home/dataengineer/.pyenv/versions/3.9.21/lib/python3.9/site-packages/airflow/example_dags/example_latest_only.py took 0.074 seconds
[2025-02-16T16:10:17.886+0700] {processor.py:186} INFO - Started process (PID=29353) to work on /home/dataengineer/.pyenv/versions/3.9.21/lib/python3.9/site-packages/airflow/example_dags/example_latest_only.py
[2025-02-16T16:10:17.887+0700] {processor.py:914} INFO - Processing file /home/dataengineer/.pyenv/versions/3.9.21/lib/python3.9/site-packages/airflow/example_dags/example_latest_only.py for tasks to queue
[2025-02-16T16:10:17.888+0700] {logging_mixin.py:190} INFO - [2025-02-16T16:10:17.888+0700] {dagbag.py:588} INFO - Filling up the DagBag from /home/dataengineer/.pyenv/versions/3.9.21/lib/python3.9/site-packages/airflow/example_dags/example_latest_only.py
[2025-02-16T16:10:17.896+0700] {processor.py:925} INFO - DAG(s) 'latest_only' retrieved from /home/dataengineer/.pyenv/versions/3.9.21/lib/python3.9/site-packages/airflow/example_dags/example_latest_only.py
[2025-02-16T16:10:17.910+0700] {logging_mixin.py:190} INFO - [2025-02-16T16:10:17.910+0700] {dag.py:3239} INFO - Sync 1 DAGs
[2025-02-16T16:10:17.930+0700] {logging_mixin.py:190} INFO - [2025-02-16T16:10:17.930+0700] {dag.py:4180} INFO - Setting next_dagrun for latest_only to 2025-02-16 04:00:00+00:00, run_after=2025-02-16 08:00:00+00:00
[2025-02-16T16:10:17.949+0700] {processor.py:208} INFO - Processing /home/dataengineer/.pyenv/versions/3.9.21/lib/python3.9/site-packages/airflow/example_dags/example_latest_only.py took 0.070 seconds
[2025-02-16T16:11:26.120+0700] {processor.py:186} INFO - Started process (PID=29646) to work on /home/dataengineer/.pyenv/versions/3.9.21/lib/python3.9/site-packages/airflow/example_dags/example_latest_only.py
[2025-02-16T16:11:26.122+0700] {processor.py:914} INFO - Processing file /home/dataengineer/.pyenv/versions/3.9.21/lib/python3.9/site-packages/airflow/example_dags/example_latest_only.py for tasks to queue
[2025-02-16T16:11:26.123+0700] {logging_mixin.py:190} INFO - [2025-02-16T16:11:26.123+0700] {dagbag.py:588} INFO - Filling up the DagBag from /home/dataengineer/.pyenv/versions/3.9.21/lib/python3.9/site-packages/airflow/example_dags/example_latest_only.py
[2025-02-16T16:11:26.131+0700] {processor.py:925} INFO - DAG(s) 'latest_only' retrieved from /home/dataengineer/.pyenv/versions/3.9.21/lib/python3.9/site-packages/airflow/example_dags/example_latest_only.py
[2025-02-16T16:11:26.146+0700] {logging_mixin.py:190} INFO - [2025-02-16T16:11:26.146+0700] {dag.py:3239} INFO - Sync 1 DAGs
[2025-02-16T16:11:26.167+0700] {logging_mixin.py:190} INFO - [2025-02-16T16:11:26.167+0700] {dag.py:4180} INFO - Setting next_dagrun for latest_only to 2025-02-16 04:00:00+00:00, run_after=2025-02-16 08:00:00+00:00
[2025-02-16T16:11:26.199+0700] {processor.py:208} INFO - Processing /home/dataengineer/.pyenv/versions/3.9.21/lib/python3.9/site-packages/airflow/example_dags/example_latest_only.py took 0.084 seconds
[2025-02-16T16:12:40.258+0700] {processor.py:186} INFO - Started process (PID=29957) to work on /home/dataengineer/.pyenv/versions/3.9.21/lib/python3.9/site-packages/airflow/example_dags/example_latest_only.py
[2025-02-16T16:12:40.259+0700] {processor.py:914} INFO - Processing file /home/dataengineer/.pyenv/versions/3.9.21/lib/python3.9/site-packages/airflow/example_dags/example_latest_only.py for tasks to queue
[2025-02-16T16:12:40.260+0700] {logging_mixin.py:190} INFO - [2025-02-16T16:12:40.260+0700] {dagbag.py:588} INFO - Filling up the DagBag from /home/dataengineer/.pyenv/versions/3.9.21/lib/python3.9/site-packages/airflow/example_dags/example_latest_only.py
[2025-02-16T16:12:40.268+0700] {processor.py:925} INFO - DAG(s) 'latest_only' retrieved from /home/dataengineer/.pyenv/versions/3.9.21/lib/python3.9/site-packages/airflow/example_dags/example_latest_only.py
[2025-02-16T16:12:40.282+0700] {logging_mixin.py:190} INFO - [2025-02-16T16:12:40.282+0700] {dag.py:3239} INFO - Sync 1 DAGs
[2025-02-16T16:12:40.301+0700] {logging_mixin.py:190} INFO - [2025-02-16T16:12:40.301+0700] {dag.py:4180} INFO - Setting next_dagrun for latest_only to 2025-02-16 04:00:00+00:00, run_after=2025-02-16 08:00:00+00:00
[2025-02-16T16:12:40.321+0700] {processor.py:208} INFO - Processing /home/dataengineer/.pyenv/versions/3.9.21/lib/python3.9/site-packages/airflow/example_dags/example_latest_only.py took 0.069 seconds
[2025-02-16T16:13:33.950+0700] {processor.py:186} INFO - Started process (PID=30179) to work on /home/dataengineer/.pyenv/versions/3.9.21/lib/python3.9/site-packages/airflow/example_dags/example_latest_only.py
[2025-02-16T16:13:33.951+0700] {processor.py:914} INFO - Processing file /home/dataengineer/.pyenv/versions/3.9.21/lib/python3.9/site-packages/airflow/example_dags/example_latest_only.py for tasks to queue
[2025-02-16T16:13:33.952+0700] {logging_mixin.py:190} INFO - [2025-02-16T16:13:33.952+0700] {dagbag.py:588} INFO - Filling up the DagBag from /home/dataengineer/.pyenv/versions/3.9.21/lib/python3.9/site-packages/airflow/example_dags/example_latest_only.py
[2025-02-16T16:13:33.960+0700] {processor.py:925} INFO - DAG(s) 'latest_only' retrieved from /home/dataengineer/.pyenv/versions/3.9.21/lib/python3.9/site-packages/airflow/example_dags/example_latest_only.py
[2025-02-16T16:13:33.974+0700] {logging_mixin.py:190} INFO - [2025-02-16T16:13:33.973+0700] {dag.py:3239} INFO - Sync 1 DAGs
[2025-02-16T16:13:33.994+0700] {logging_mixin.py:190} INFO - [2025-02-16T16:13:33.993+0700] {dag.py:4180} INFO - Setting next_dagrun for latest_only to 2025-02-16 04:00:00+00:00, run_after=2025-02-16 08:00:00+00:00
[2025-02-16T16:13:34.013+0700] {processor.py:208} INFO - Processing /home/dataengineer/.pyenv/versions/3.9.21/lib/python3.9/site-packages/airflow/example_dags/example_latest_only.py took 0.069 seconds
[2025-02-16T16:14:47.891+0700] {processor.py:186} INFO - Started process (PID=30484) to work on /home/dataengineer/.pyenv/versions/3.9.21/lib/python3.9/site-packages/airflow/example_dags/example_latest_only.py
[2025-02-16T16:14:47.893+0700] {processor.py:914} INFO - Processing file /home/dataengineer/.pyenv/versions/3.9.21/lib/python3.9/site-packages/airflow/example_dags/example_latest_only.py for tasks to queue
[2025-02-16T16:14:47.894+0700] {logging_mixin.py:190} INFO - [2025-02-16T16:14:47.894+0700] {dagbag.py:588} INFO - Filling up the DagBag from /home/dataengineer/.pyenv/versions/3.9.21/lib/python3.9/site-packages/airflow/example_dags/example_latest_only.py
[2025-02-16T16:14:47.902+0700] {processor.py:925} INFO - DAG(s) 'latest_only' retrieved from /home/dataengineer/.pyenv/versions/3.9.21/lib/python3.9/site-packages/airflow/example_dags/example_latest_only.py
[2025-02-16T16:14:47.916+0700] {logging_mixin.py:190} INFO - [2025-02-16T16:14:47.915+0700] {dag.py:3239} INFO - Sync 1 DAGs
[2025-02-16T16:14:47.934+0700] {logging_mixin.py:190} INFO - [2025-02-16T16:14:47.934+0700] {dag.py:4180} INFO - Setting next_dagrun for latest_only to 2025-02-16 04:00:00+00:00, run_after=2025-02-16 08:00:00+00:00
[2025-02-16T16:14:47.953+0700] {processor.py:208} INFO - Processing /home/dataengineer/.pyenv/versions/3.9.21/lib/python3.9/site-packages/airflow/example_dags/example_latest_only.py took 0.067 seconds
[2025-02-16T16:16:02.149+0700] {processor.py:186} INFO - Started process (PID=30797) to work on /home/dataengineer/.pyenv/versions/3.9.21/lib/python3.9/site-packages/airflow/example_dags/example_latest_only.py
[2025-02-16T16:16:02.151+0700] {processor.py:914} INFO - Processing file /home/dataengineer/.pyenv/versions/3.9.21/lib/python3.9/site-packages/airflow/example_dags/example_latest_only.py for tasks to queue
[2025-02-16T16:16:02.152+0700] {logging_mixin.py:190} INFO - [2025-02-16T16:16:02.152+0700] {dagbag.py:588} INFO - Filling up the DagBag from /home/dataengineer/.pyenv/versions/3.9.21/lib/python3.9/site-packages/airflow/example_dags/example_latest_only.py
[2025-02-16T16:16:02.162+0700] {processor.py:925} INFO - DAG(s) 'latest_only' retrieved from /home/dataengineer/.pyenv/versions/3.9.21/lib/python3.9/site-packages/airflow/example_dags/example_latest_only.py
[2025-02-16T16:16:02.176+0700] {logging_mixin.py:190} INFO - [2025-02-16T16:16:02.176+0700] {dag.py:3239} INFO - Sync 1 DAGs
[2025-02-16T16:16:02.196+0700] {logging_mixin.py:190} INFO - [2025-02-16T16:16:02.196+0700] {dag.py:4180} INFO - Setting next_dagrun for latest_only to 2025-02-16 04:00:00+00:00, run_after=2025-02-16 08:00:00+00:00
[2025-02-16T16:16:02.215+0700] {processor.py:208} INFO - Processing /home/dataengineer/.pyenv/versions/3.9.21/lib/python3.9/site-packages/airflow/example_dags/example_latest_only.py took 0.072 seconds
[2025-02-16T16:17:16.423+0700] {processor.py:186} INFO - Started process (PID=31112) to work on /home/dataengineer/.pyenv/versions/3.9.21/lib/python3.9/site-packages/airflow/example_dags/example_latest_only.py
[2025-02-16T16:17:16.425+0700] {processor.py:914} INFO - Processing file /home/dataengineer/.pyenv/versions/3.9.21/lib/python3.9/site-packages/airflow/example_dags/example_latest_only.py for tasks to queue
[2025-02-16T16:17:16.426+0700] {logging_mixin.py:190} INFO - [2025-02-16T16:17:16.425+0700] {dagbag.py:588} INFO - Filling up the DagBag from /home/dataengineer/.pyenv/versions/3.9.21/lib/python3.9/site-packages/airflow/example_dags/example_latest_only.py
[2025-02-16T16:17:16.434+0700] {processor.py:925} INFO - DAG(s) 'latest_only' retrieved from /home/dataengineer/.pyenv/versions/3.9.21/lib/python3.9/site-packages/airflow/example_dags/example_latest_only.py
[2025-02-16T16:17:16.450+0700] {logging_mixin.py:190} INFO - [2025-02-16T16:17:16.449+0700] {dag.py:3239} INFO - Sync 1 DAGs
[2025-02-16T16:17:16.471+0700] {logging_mixin.py:190} INFO - [2025-02-16T16:17:16.471+0700] {dag.py:4180} INFO - Setting next_dagrun for latest_only to 2025-02-16 04:00:00+00:00, run_after=2025-02-16 08:00:00+00:00
[2025-02-16T16:17:16.495+0700] {processor.py:208} INFO - Processing /home/dataengineer/.pyenv/versions/3.9.21/lib/python3.9/site-packages/airflow/example_dags/example_latest_only.py took 0.077 seconds
[2025-02-16T16:18:33.526+0700] {processor.py:186} INFO - Started process (PID=31430) to work on /home/dataengineer/.pyenv/versions/3.9.21/lib/python3.9/site-packages/airflow/example_dags/example_latest_only.py
[2025-02-16T16:18:33.527+0700] {processor.py:914} INFO - Processing file /home/dataengineer/.pyenv/versions/3.9.21/lib/python3.9/site-packages/airflow/example_dags/example_latest_only.py for tasks to queue
[2025-02-16T16:18:33.529+0700] {logging_mixin.py:190} INFO - [2025-02-16T16:18:33.528+0700] {dagbag.py:588} INFO - Filling up the DagBag from /home/dataengineer/.pyenv/versions/3.9.21/lib/python3.9/site-packages/airflow/example_dags/example_latest_only.py
[2025-02-16T16:18:33.536+0700] {processor.py:925} INFO - DAG(s) 'latest_only' retrieved from /home/dataengineer/.pyenv/versions/3.9.21/lib/python3.9/site-packages/airflow/example_dags/example_latest_only.py
[2025-02-16T16:18:33.550+0700] {logging_mixin.py:190} INFO - [2025-02-16T16:18:33.550+0700] {dag.py:3239} INFO - Sync 1 DAGs
[2025-02-16T16:18:33.570+0700] {logging_mixin.py:190} INFO - [2025-02-16T16:18:33.570+0700] {dag.py:4180} INFO - Setting next_dagrun for latest_only to 2025-02-16 04:00:00+00:00, run_after=2025-02-16 08:00:00+00:00
[2025-02-16T16:18:33.589+0700] {processor.py:208} INFO - Processing /home/dataengineer/.pyenv/versions/3.9.21/lib/python3.9/site-packages/airflow/example_dags/example_latest_only.py took 0.069 seconds
[2025-02-16T16:19:47.315+0700] {processor.py:186} INFO - Started process (PID=31742) to work on /home/dataengineer/.pyenv/versions/3.9.21/lib/python3.9/site-packages/airflow/example_dags/example_latest_only.py
[2025-02-16T16:19:47.317+0700] {processor.py:914} INFO - Processing file /home/dataengineer/.pyenv/versions/3.9.21/lib/python3.9/site-packages/airflow/example_dags/example_latest_only.py for tasks to queue
[2025-02-16T16:19:47.318+0700] {logging_mixin.py:190} INFO - [2025-02-16T16:19:47.317+0700] {dagbag.py:588} INFO - Filling up the DagBag from /home/dataengineer/.pyenv/versions/3.9.21/lib/python3.9/site-packages/airflow/example_dags/example_latest_only.py
[2025-02-16T16:19:47.326+0700] {processor.py:925} INFO - DAG(s) 'latest_only' retrieved from /home/dataengineer/.pyenv/versions/3.9.21/lib/python3.9/site-packages/airflow/example_dags/example_latest_only.py
[2025-02-16T16:19:47.339+0700] {logging_mixin.py:190} INFO - [2025-02-16T16:19:47.339+0700] {dag.py:3239} INFO - Sync 1 DAGs
[2025-02-16T16:19:47.358+0700] {logging_mixin.py:190} INFO - [2025-02-16T16:19:47.358+0700] {dag.py:4180} INFO - Setting next_dagrun for latest_only to 2025-02-16 04:00:00+00:00, run_after=2025-02-16 08:00:00+00:00
[2025-02-16T16:19:47.378+0700] {processor.py:208} INFO - Processing /home/dataengineer/.pyenv/versions/3.9.21/lib/python3.9/site-packages/airflow/example_dags/example_latest_only.py took 0.068 seconds
[2025-02-16T16:20:58.673+0700] {processor.py:186} INFO - Started process (PID=32041) to work on /home/dataengineer/.pyenv/versions/3.9.21/lib/python3.9/site-packages/airflow/example_dags/example_latest_only.py
[2025-02-16T16:20:58.675+0700] {processor.py:914} INFO - Processing file /home/dataengineer/.pyenv/versions/3.9.21/lib/python3.9/site-packages/airflow/example_dags/example_latest_only.py for tasks to queue
[2025-02-16T16:20:58.676+0700] {logging_mixin.py:190} INFO - [2025-02-16T16:20:58.675+0700] {dagbag.py:588} INFO - Filling up the DagBag from /home/dataengineer/.pyenv/versions/3.9.21/lib/python3.9/site-packages/airflow/example_dags/example_latest_only.py
[2025-02-16T16:20:58.684+0700] {processor.py:925} INFO - DAG(s) 'latest_only' retrieved from /home/dataengineer/.pyenv/versions/3.9.21/lib/python3.9/site-packages/airflow/example_dags/example_latest_only.py
[2025-02-16T16:20:58.698+0700] {logging_mixin.py:190} INFO - [2025-02-16T16:20:58.698+0700] {dag.py:3239} INFO - Sync 1 DAGs
[2025-02-16T16:20:58.718+0700] {logging_mixin.py:190} INFO - [2025-02-16T16:20:58.718+0700] {dag.py:4180} INFO - Setting next_dagrun for latest_only to 2025-02-16 04:00:00+00:00, run_after=2025-02-16 08:00:00+00:00
[2025-02-16T16:20:58.737+0700] {processor.py:208} INFO - Processing /home/dataengineer/.pyenv/versions/3.9.21/lib/python3.9/site-packages/airflow/example_dags/example_latest_only.py took 0.070 seconds
[2025-02-16T16:22:11.512+0700] {processor.py:186} INFO - Started process (PID=32346) to work on /home/dataengineer/.pyenv/versions/3.9.21/lib/python3.9/site-packages/airflow/example_dags/example_latest_only.py
[2025-02-16T16:22:11.513+0700] {processor.py:914} INFO - Processing file /home/dataengineer/.pyenv/versions/3.9.21/lib/python3.9/site-packages/airflow/example_dags/example_latest_only.py for tasks to queue
[2025-02-16T16:22:11.515+0700] {logging_mixin.py:190} INFO - [2025-02-16T16:22:11.514+0700] {dagbag.py:588} INFO - Filling up the DagBag from /home/dataengineer/.pyenv/versions/3.9.21/lib/python3.9/site-packages/airflow/example_dags/example_latest_only.py
[2025-02-16T16:22:11.522+0700] {processor.py:925} INFO - DAG(s) 'latest_only' retrieved from /home/dataengineer/.pyenv/versions/3.9.21/lib/python3.9/site-packages/airflow/example_dags/example_latest_only.py
[2025-02-16T16:22:11.536+0700] {logging_mixin.py:190} INFO - [2025-02-16T16:22:11.536+0700] {dag.py:3239} INFO - Sync 1 DAGs
[2025-02-16T16:22:11.555+0700] {logging_mixin.py:190} INFO - [2025-02-16T16:22:11.555+0700] {dag.py:4180} INFO - Setting next_dagrun for latest_only to 2025-02-16 04:00:00+00:00, run_after=2025-02-16 08:00:00+00:00
[2025-02-16T16:22:11.575+0700] {processor.py:208} INFO - Processing /home/dataengineer/.pyenv/versions/3.9.21/lib/python3.9/site-packages/airflow/example_dags/example_latest_only.py took 0.069 seconds
[2025-02-16T16:23:26.129+0700] {processor.py:186} INFO - Started process (PID=32656) to work on /home/dataengineer/.pyenv/versions/3.9.21/lib/python3.9/site-packages/airflow/example_dags/example_latest_only.py
[2025-02-16T16:23:26.130+0700] {processor.py:914} INFO - Processing file /home/dataengineer/.pyenv/versions/3.9.21/lib/python3.9/site-packages/airflow/example_dags/example_latest_only.py for tasks to queue
[2025-02-16T16:23:26.132+0700] {logging_mixin.py:190} INFO - [2025-02-16T16:23:26.131+0700] {dagbag.py:588} INFO - Filling up the DagBag from /home/dataengineer/.pyenv/versions/3.9.21/lib/python3.9/site-packages/airflow/example_dags/example_latest_only.py
[2025-02-16T16:23:26.139+0700] {processor.py:925} INFO - DAG(s) 'latest_only' retrieved from /home/dataengineer/.pyenv/versions/3.9.21/lib/python3.9/site-packages/airflow/example_dags/example_latest_only.py
[2025-02-16T16:23:26.153+0700] {logging_mixin.py:190} INFO - [2025-02-16T16:23:26.153+0700] {dag.py:3239} INFO - Sync 1 DAGs
[2025-02-16T16:23:26.172+0700] {logging_mixin.py:190} INFO - [2025-02-16T16:23:26.172+0700] {dag.py:4180} INFO - Setting next_dagrun for latest_only to 2025-02-16 04:00:00+00:00, run_after=2025-02-16 08:00:00+00:00
[2025-02-16T16:23:26.193+0700] {processor.py:208} INFO - Processing /home/dataengineer/.pyenv/versions/3.9.21/lib/python3.9/site-packages/airflow/example_dags/example_latest_only.py took 0.069 seconds
[2025-02-16T16:24:35.151+0700] {processor.py:186} INFO - Started process (PID=32954) to work on /home/dataengineer/.pyenv/versions/3.9.21/lib/python3.9/site-packages/airflow/example_dags/example_latest_only.py
[2025-02-16T16:24:35.153+0700] {processor.py:914} INFO - Processing file /home/dataengineer/.pyenv/versions/3.9.21/lib/python3.9/site-packages/airflow/example_dags/example_latest_only.py for tasks to queue
[2025-02-16T16:24:35.154+0700] {logging_mixin.py:190} INFO - [2025-02-16T16:24:35.154+0700] {dagbag.py:588} INFO - Filling up the DagBag from /home/dataengineer/.pyenv/versions/3.9.21/lib/python3.9/site-packages/airflow/example_dags/example_latest_only.py
[2025-02-16T16:24:35.163+0700] {processor.py:925} INFO - DAG(s) 'latest_only' retrieved from /home/dataengineer/.pyenv/versions/3.9.21/lib/python3.9/site-packages/airflow/example_dags/example_latest_only.py
[2025-02-16T16:24:35.177+0700] {logging_mixin.py:190} INFO - [2025-02-16T16:24:35.177+0700] {dag.py:3239} INFO - Sync 1 DAGs
[2025-02-16T16:24:35.196+0700] {logging_mixin.py:190} INFO - [2025-02-16T16:24:35.195+0700] {dag.py:4180} INFO - Setting next_dagrun for latest_only to 2025-02-16 04:00:00+00:00, run_after=2025-02-16 08:00:00+00:00
[2025-02-16T16:24:35.215+0700] {processor.py:208} INFO - Processing /home/dataengineer/.pyenv/versions/3.9.21/lib/python3.9/site-packages/airflow/example_dags/example_latest_only.py took 0.070 seconds
[2025-02-16T16:25:49.525+0700] {processor.py:186} INFO - Started process (PID=33260) to work on /home/dataengineer/.pyenv/versions/3.9.21/lib/python3.9/site-packages/airflow/example_dags/example_latest_only.py
[2025-02-16T16:25:49.526+0700] {processor.py:914} INFO - Processing file /home/dataengineer/.pyenv/versions/3.9.21/lib/python3.9/site-packages/airflow/example_dags/example_latest_only.py for tasks to queue
[2025-02-16T16:25:49.527+0700] {logging_mixin.py:190} INFO - [2025-02-16T16:25:49.527+0700] {dagbag.py:588} INFO - Filling up the DagBag from /home/dataengineer/.pyenv/versions/3.9.21/lib/python3.9/site-packages/airflow/example_dags/example_latest_only.py
[2025-02-16T16:25:49.535+0700] {processor.py:925} INFO - DAG(s) 'latest_only' retrieved from /home/dataengineer/.pyenv/versions/3.9.21/lib/python3.9/site-packages/airflow/example_dags/example_latest_only.py
[2025-02-16T16:25:49.549+0700] {logging_mixin.py:190} INFO - [2025-02-16T16:25:49.549+0700] {dag.py:3239} INFO - Sync 1 DAGs
[2025-02-16T16:25:49.568+0700] {logging_mixin.py:190} INFO - [2025-02-16T16:25:49.568+0700] {dag.py:4180} INFO - Setting next_dagrun for latest_only to 2025-02-16 04:00:00+00:00, run_after=2025-02-16 08:00:00+00:00
[2025-02-16T16:25:49.588+0700] {processor.py:208} INFO - Processing /home/dataengineer/.pyenv/versions/3.9.21/lib/python3.9/site-packages/airflow/example_dags/example_latest_only.py took 0.069 seconds
[2025-02-16T16:27:04.430+0700] {processor.py:186} INFO - Started process (PID=33571) to work on /home/dataengineer/.pyenv/versions/3.9.21/lib/python3.9/site-packages/airflow/example_dags/example_latest_only.py
[2025-02-16T16:27:04.431+0700] {processor.py:914} INFO - Processing file /home/dataengineer/.pyenv/versions/3.9.21/lib/python3.9/site-packages/airflow/example_dags/example_latest_only.py for tasks to queue
[2025-02-16T16:27:04.432+0700] {logging_mixin.py:190} INFO - [2025-02-16T16:27:04.432+0700] {dagbag.py:588} INFO - Filling up the DagBag from /home/dataengineer/.pyenv/versions/3.9.21/lib/python3.9/site-packages/airflow/example_dags/example_latest_only.py
[2025-02-16T16:27:04.440+0700] {processor.py:925} INFO - DAG(s) 'latest_only' retrieved from /home/dataengineer/.pyenv/versions/3.9.21/lib/python3.9/site-packages/airflow/example_dags/example_latest_only.py
[2025-02-16T16:27:04.454+0700] {logging_mixin.py:190} INFO - [2025-02-16T16:27:04.453+0700] {dag.py:3239} INFO - Sync 1 DAGs
[2025-02-16T16:27:04.473+0700] {logging_mixin.py:190} INFO - [2025-02-16T16:27:04.472+0700] {dag.py:4180} INFO - Setting next_dagrun for latest_only to 2025-02-16 04:00:00+00:00, run_after=2025-02-16 08:00:00+00:00
[2025-02-16T16:27:04.493+0700] {processor.py:208} INFO - Processing /home/dataengineer/.pyenv/versions/3.9.21/lib/python3.9/site-packages/airflow/example_dags/example_latest_only.py took 0.070 seconds
[2025-02-16T16:27:53.871+0700] {processor.py:186} INFO - Started process (PID=33785) to work on /home/dataengineer/.pyenv/versions/3.9.21/lib/python3.9/site-packages/airflow/example_dags/example_latest_only.py
[2025-02-16T16:27:53.872+0700] {processor.py:914} INFO - Processing file /home/dataengineer/.pyenv/versions/3.9.21/lib/python3.9/site-packages/airflow/example_dags/example_latest_only.py for tasks to queue
[2025-02-16T16:27:53.874+0700] {logging_mixin.py:190} INFO - [2025-02-16T16:27:53.873+0700] {dagbag.py:588} INFO - Filling up the DagBag from /home/dataengineer/.pyenv/versions/3.9.21/lib/python3.9/site-packages/airflow/example_dags/example_latest_only.py
[2025-02-16T16:27:53.882+0700] {processor.py:925} INFO - DAG(s) 'latest_only' retrieved from /home/dataengineer/.pyenv/versions/3.9.21/lib/python3.9/site-packages/airflow/example_dags/example_latest_only.py
[2025-02-16T16:27:53.895+0700] {logging_mixin.py:190} INFO - [2025-02-16T16:27:53.895+0700] {dag.py:3239} INFO - Sync 1 DAGs
[2025-02-16T16:27:53.913+0700] {logging_mixin.py:190} INFO - [2025-02-16T16:27:53.913+0700] {dag.py:4180} INFO - Setting next_dagrun for latest_only to 2025-02-16 04:00:00+00:00, run_after=2025-02-16 08:00:00+00:00
[2025-02-16T16:27:53.933+0700] {processor.py:208} INFO - Processing /home/dataengineer/.pyenv/versions/3.9.21/lib/python3.9/site-packages/airflow/example_dags/example_latest_only.py took 0.068 seconds
[2025-02-16T16:29:10.270+0700] {processor.py:186} INFO - Started process (PID=34097) to work on /home/dataengineer/.pyenv/versions/3.9.21/lib/python3.9/site-packages/airflow/example_dags/example_latest_only.py
[2025-02-16T16:29:10.272+0700] {processor.py:914} INFO - Processing file /home/dataengineer/.pyenv/versions/3.9.21/lib/python3.9/site-packages/airflow/example_dags/example_latest_only.py for tasks to queue
[2025-02-16T16:29:10.273+0700] {logging_mixin.py:190} INFO - [2025-02-16T16:29:10.273+0700] {dagbag.py:588} INFO - Filling up the DagBag from /home/dataengineer/.pyenv/versions/3.9.21/lib/python3.9/site-packages/airflow/example_dags/example_latest_only.py
[2025-02-16T16:29:10.282+0700] {processor.py:925} INFO - DAG(s) 'latest_only' retrieved from /home/dataengineer/.pyenv/versions/3.9.21/lib/python3.9/site-packages/airflow/example_dags/example_latest_only.py
[2025-02-16T16:29:10.296+0700] {logging_mixin.py:190} INFO - [2025-02-16T16:29:10.296+0700] {dag.py:3239} INFO - Sync 1 DAGs
[2025-02-16T16:29:10.318+0700] {logging_mixin.py:190} INFO - [2025-02-16T16:29:10.318+0700] {dag.py:4180} INFO - Setting next_dagrun for latest_only to 2025-02-16 04:00:00+00:00, run_after=2025-02-16 08:00:00+00:00
[2025-02-16T16:29:10.342+0700] {processor.py:208} INFO - Processing /home/dataengineer/.pyenv/versions/3.9.21/lib/python3.9/site-packages/airflow/example_dags/example_latest_only.py took 0.078 seconds
[2025-02-16T16:30:24.260+0700] {processor.py:186} INFO - Started process (PID=34409) to work on /home/dataengineer/.pyenv/versions/3.9.21/lib/python3.9/site-packages/airflow/example_dags/example_latest_only.py
[2025-02-16T16:30:24.262+0700] {processor.py:914} INFO - Processing file /home/dataengineer/.pyenv/versions/3.9.21/lib/python3.9/site-packages/airflow/example_dags/example_latest_only.py for tasks to queue
[2025-02-16T16:30:24.263+0700] {logging_mixin.py:190} INFO - [2025-02-16T16:30:24.262+0700] {dagbag.py:588} INFO - Filling up the DagBag from /home/dataengineer/.pyenv/versions/3.9.21/lib/python3.9/site-packages/airflow/example_dags/example_latest_only.py
[2025-02-16T16:30:24.271+0700] {processor.py:925} INFO - DAG(s) 'latest_only' retrieved from /home/dataengineer/.pyenv/versions/3.9.21/lib/python3.9/site-packages/airflow/example_dags/example_latest_only.py
[2025-02-16T16:30:24.286+0700] {logging_mixin.py:190} INFO - [2025-02-16T16:30:24.286+0700] {dag.py:3239} INFO - Sync 1 DAGs
[2025-02-16T16:30:24.309+0700] {logging_mixin.py:190} INFO - [2025-02-16T16:30:24.309+0700] {dag.py:4180} INFO - Setting next_dagrun for latest_only to 2025-02-16 04:00:00+00:00, run_after=2025-02-16 08:00:00+00:00
[2025-02-16T16:30:24.332+0700] {processor.py:208} INFO - Processing /home/dataengineer/.pyenv/versions/3.9.21/lib/python3.9/site-packages/airflow/example_dags/example_latest_only.py took 0.078 seconds
[2025-02-16T16:31:38.572+0700] {processor.py:186} INFO - Started process (PID=34721) to work on /home/dataengineer/.pyenv/versions/3.9.21/lib/python3.9/site-packages/airflow/example_dags/example_latest_only.py
[2025-02-16T16:31:38.573+0700] {processor.py:914} INFO - Processing file /home/dataengineer/.pyenv/versions/3.9.21/lib/python3.9/site-packages/airflow/example_dags/example_latest_only.py for tasks to queue
[2025-02-16T16:31:38.574+0700] {logging_mixin.py:190} INFO - [2025-02-16T16:31:38.574+0700] {dagbag.py:588} INFO - Filling up the DagBag from /home/dataengineer/.pyenv/versions/3.9.21/lib/python3.9/site-packages/airflow/example_dags/example_latest_only.py
[2025-02-16T16:31:38.582+0700] {processor.py:925} INFO - DAG(s) 'latest_only' retrieved from /home/dataengineer/.pyenv/versions/3.9.21/lib/python3.9/site-packages/airflow/example_dags/example_latest_only.py
[2025-02-16T16:31:38.596+0700] {logging_mixin.py:190} INFO - [2025-02-16T16:31:38.596+0700] {dag.py:3239} INFO - Sync 1 DAGs
[2025-02-16T16:31:38.616+0700] {logging_mixin.py:190} INFO - [2025-02-16T16:31:38.616+0700] {dag.py:4180} INFO - Setting next_dagrun for latest_only to 2025-02-16 04:00:00+00:00, run_after=2025-02-16 08:00:00+00:00
[2025-02-16T16:31:38.636+0700] {processor.py:208} INFO - Processing /home/dataengineer/.pyenv/versions/3.9.21/lib/python3.9/site-packages/airflow/example_dags/example_latest_only.py took 0.070 seconds
[2025-02-16T16:32:48.701+0700] {processor.py:186} INFO - Started process (PID=35019) to work on /home/dataengineer/.pyenv/versions/3.9.21/lib/python3.9/site-packages/airflow/example_dags/example_latest_only.py
[2025-02-16T16:32:48.702+0700] {processor.py:914} INFO - Processing file /home/dataengineer/.pyenv/versions/3.9.21/lib/python3.9/site-packages/airflow/example_dags/example_latest_only.py for tasks to queue
[2025-02-16T16:32:48.704+0700] {logging_mixin.py:190} INFO - [2025-02-16T16:32:48.703+0700] {dagbag.py:588} INFO - Filling up the DagBag from /home/dataengineer/.pyenv/versions/3.9.21/lib/python3.9/site-packages/airflow/example_dags/example_latest_only.py
[2025-02-16T16:32:48.711+0700] {processor.py:925} INFO - DAG(s) 'latest_only' retrieved from /home/dataengineer/.pyenv/versions/3.9.21/lib/python3.9/site-packages/airflow/example_dags/example_latest_only.py
[2025-02-16T16:32:48.725+0700] {logging_mixin.py:190} INFO - [2025-02-16T16:32:48.724+0700] {dag.py:3239} INFO - Sync 1 DAGs
[2025-02-16T16:32:48.743+0700] {logging_mixin.py:190} INFO - [2025-02-16T16:32:48.743+0700] {dag.py:4180} INFO - Setting next_dagrun for latest_only to 2025-02-16 04:00:00+00:00, run_after=2025-02-16 08:00:00+00:00
[2025-02-16T16:32:48.762+0700] {processor.py:208} INFO - Processing /home/dataengineer/.pyenv/versions/3.9.21/lib/python3.9/site-packages/airflow/example_dags/example_latest_only.py took 0.066 seconds
[2025-02-16T16:33:39.542+0700] {processor.py:186} INFO - Started process (PID=35235) to work on /home/dataengineer/.pyenv/versions/3.9.21/lib/python3.9/site-packages/airflow/example_dags/example_latest_only.py
[2025-02-16T16:33:39.543+0700] {processor.py:914} INFO - Processing file /home/dataengineer/.pyenv/versions/3.9.21/lib/python3.9/site-packages/airflow/example_dags/example_latest_only.py for tasks to queue
[2025-02-16T16:33:39.544+0700] {logging_mixin.py:190} INFO - [2025-02-16T16:33:39.544+0700] {dagbag.py:588} INFO - Filling up the DagBag from /home/dataengineer/.pyenv/versions/3.9.21/lib/python3.9/site-packages/airflow/example_dags/example_latest_only.py
[2025-02-16T16:33:39.552+0700] {processor.py:925} INFO - DAG(s) 'latest_only' retrieved from /home/dataengineer/.pyenv/versions/3.9.21/lib/python3.9/site-packages/airflow/example_dags/example_latest_only.py
[2025-02-16T16:33:39.566+0700] {logging_mixin.py:190} INFO - [2025-02-16T16:33:39.566+0700] {dag.py:3239} INFO - Sync 1 DAGs
[2025-02-16T16:33:39.587+0700] {logging_mixin.py:190} INFO - [2025-02-16T16:33:39.587+0700] {dag.py:4180} INFO - Setting next_dagrun for latest_only to 2025-02-16 04:00:00+00:00, run_after=2025-02-16 08:00:00+00:00
[2025-02-16T16:33:39.608+0700] {processor.py:208} INFO - Processing /home/dataengineer/.pyenv/versions/3.9.21/lib/python3.9/site-packages/airflow/example_dags/example_latest_only.py took 0.072 seconds
[2025-02-16T16:34:31.290+0700] {processor.py:186} INFO - Started process (PID=35453) to work on /home/dataengineer/.pyenv/versions/3.9.21/lib/python3.9/site-packages/airflow/example_dags/example_latest_only.py
[2025-02-16T16:34:31.291+0700] {processor.py:914} INFO - Processing file /home/dataengineer/.pyenv/versions/3.9.21/lib/python3.9/site-packages/airflow/example_dags/example_latest_only.py for tasks to queue
[2025-02-16T16:34:31.292+0700] {logging_mixin.py:190} INFO - [2025-02-16T16:34:31.292+0700] {dagbag.py:588} INFO - Filling up the DagBag from /home/dataengineer/.pyenv/versions/3.9.21/lib/python3.9/site-packages/airflow/example_dags/example_latest_only.py
[2025-02-16T16:34:31.301+0700] {processor.py:925} INFO - DAG(s) 'latest_only' retrieved from /home/dataengineer/.pyenv/versions/3.9.21/lib/python3.9/site-packages/airflow/example_dags/example_latest_only.py
[2025-02-16T16:34:31.316+0700] {logging_mixin.py:190} INFO - [2025-02-16T16:34:31.316+0700] {dag.py:3239} INFO - Sync 1 DAGs
[2025-02-16T16:34:31.336+0700] {logging_mixin.py:190} INFO - [2025-02-16T16:34:31.336+0700] {dag.py:4180} INFO - Setting next_dagrun for latest_only to 2025-02-16 04:00:00+00:00, run_after=2025-02-16 08:00:00+00:00
[2025-02-16T16:34:31.358+0700] {processor.py:208} INFO - Processing /home/dataengineer/.pyenv/versions/3.9.21/lib/python3.9/site-packages/airflow/example_dags/example_latest_only.py took 0.075 seconds
[2025-02-16T16:35:47.028+0700] {processor.py:186} INFO - Started process (PID=35766) to work on /home/dataengineer/.pyenv/versions/3.9.21/lib/python3.9/site-packages/airflow/example_dags/example_latest_only.py
[2025-02-16T16:35:47.029+0700] {processor.py:914} INFO - Processing file /home/dataengineer/.pyenv/versions/3.9.21/lib/python3.9/site-packages/airflow/example_dags/example_latest_only.py for tasks to queue
[2025-02-16T16:35:47.030+0700] {logging_mixin.py:190} INFO - [2025-02-16T16:35:47.030+0700] {dagbag.py:588} INFO - Filling up the DagBag from /home/dataengineer/.pyenv/versions/3.9.21/lib/python3.9/site-packages/airflow/example_dags/example_latest_only.py
[2025-02-16T16:35:47.038+0700] {processor.py:925} INFO - DAG(s) 'latest_only' retrieved from /home/dataengineer/.pyenv/versions/3.9.21/lib/python3.9/site-packages/airflow/example_dags/example_latest_only.py
[2025-02-16T16:35:47.052+0700] {logging_mixin.py:190} INFO - [2025-02-16T16:35:47.052+0700] {dag.py:3239} INFO - Sync 1 DAGs
[2025-02-16T16:35:47.071+0700] {logging_mixin.py:190} INFO - [2025-02-16T16:35:47.071+0700] {dag.py:4180} INFO - Setting next_dagrun for latest_only to 2025-02-16 04:00:00+00:00, run_after=2025-02-16 08:00:00+00:00
[2025-02-16T16:35:47.091+0700] {processor.py:208} INFO - Processing /home/dataengineer/.pyenv/versions/3.9.21/lib/python3.9/site-packages/airflow/example_dags/example_latest_only.py took 0.070 seconds
[2025-02-16T16:37:08.675+0700] {processor.py:186} INFO - Started process (PID=36300) to work on /home/dataengineer/.pyenv/versions/3.9.21/lib/python3.9/site-packages/airflow/example_dags/example_latest_only.py
[2025-02-16T16:37:08.676+0700] {processor.py:914} INFO - Processing file /home/dataengineer/.pyenv/versions/3.9.21/lib/python3.9/site-packages/airflow/example_dags/example_latest_only.py for tasks to queue
[2025-02-16T16:37:08.678+0700] {logging_mixin.py:190} INFO - [2025-02-16T16:37:08.677+0700] {dagbag.py:588} INFO - Filling up the DagBag from /home/dataengineer/.pyenv/versions/3.9.21/lib/python3.9/site-packages/airflow/example_dags/example_latest_only.py
[2025-02-16T16:37:08.686+0700] {processor.py:925} INFO - DAG(s) 'latest_only' retrieved from /home/dataengineer/.pyenv/versions/3.9.21/lib/python3.9/site-packages/airflow/example_dags/example_latest_only.py
[2025-02-16T16:37:08.700+0700] {logging_mixin.py:190} INFO - [2025-02-16T16:37:08.700+0700] {dag.py:3239} INFO - Sync 1 DAGs
[2025-02-16T16:37:08.720+0700] {logging_mixin.py:190} INFO - [2025-02-16T16:37:08.720+0700] {dag.py:4180} INFO - Setting next_dagrun for latest_only to 2025-02-16 04:00:00+00:00, run_after=2025-02-16 08:00:00+00:00
[2025-02-16T16:37:08.740+0700] {processor.py:208} INFO - Processing /home/dataengineer/.pyenv/versions/3.9.21/lib/python3.9/site-packages/airflow/example_dags/example_latest_only.py took 0.071 seconds
[2025-02-16T16:38:04.910+0700] {processor.py:186} INFO - Started process (PID=36777) to work on /home/dataengineer/.pyenv/versions/3.9.21/lib/python3.9/site-packages/airflow/example_dags/example_latest_only.py
[2025-02-16T16:38:04.911+0700] {processor.py:914} INFO - Processing file /home/dataengineer/.pyenv/versions/3.9.21/lib/python3.9/site-packages/airflow/example_dags/example_latest_only.py for tasks to queue
[2025-02-16T16:38:04.912+0700] {logging_mixin.py:190} INFO - [2025-02-16T16:38:04.912+0700] {dagbag.py:588} INFO - Filling up the DagBag from /home/dataengineer/.pyenv/versions/3.9.21/lib/python3.9/site-packages/airflow/example_dags/example_latest_only.py
[2025-02-16T16:38:04.920+0700] {processor.py:925} INFO - DAG(s) 'latest_only' retrieved from /home/dataengineer/.pyenv/versions/3.9.21/lib/python3.9/site-packages/airflow/example_dags/example_latest_only.py
[2025-02-16T16:38:04.934+0700] {logging_mixin.py:190} INFO - [2025-02-16T16:38:04.934+0700] {dag.py:3239} INFO - Sync 1 DAGs
[2025-02-16T16:38:04.954+0700] {logging_mixin.py:190} INFO - [2025-02-16T16:38:04.954+0700] {dag.py:4180} INFO - Setting next_dagrun for latest_only to 2025-02-16 04:00:00+00:00, run_after=2025-02-16 08:00:00+00:00
[2025-02-16T16:38:04.973+0700] {processor.py:208} INFO - Processing /home/dataengineer/.pyenv/versions/3.9.21/lib/python3.9/site-packages/airflow/example_dags/example_latest_only.py took 0.070 seconds
[2025-02-16T16:39:19.059+0700] {processor.py:186} INFO - Started process (PID=37082) to work on /home/dataengineer/.pyenv/versions/3.9.21/lib/python3.9/site-packages/airflow/example_dags/example_latest_only.py
[2025-02-16T16:39:19.061+0700] {processor.py:914} INFO - Processing file /home/dataengineer/.pyenv/versions/3.9.21/lib/python3.9/site-packages/airflow/example_dags/example_latest_only.py for tasks to queue
[2025-02-16T16:39:19.062+0700] {logging_mixin.py:190} INFO - [2025-02-16T16:39:19.062+0700] {dagbag.py:588} INFO - Filling up the DagBag from /home/dataengineer/.pyenv/versions/3.9.21/lib/python3.9/site-packages/airflow/example_dags/example_latest_only.py
[2025-02-16T16:39:19.070+0700] {processor.py:925} INFO - DAG(s) 'latest_only' retrieved from /home/dataengineer/.pyenv/versions/3.9.21/lib/python3.9/site-packages/airflow/example_dags/example_latest_only.py
[2025-02-16T16:39:19.085+0700] {logging_mixin.py:190} INFO - [2025-02-16T16:39:19.085+0700] {dag.py:3239} INFO - Sync 1 DAGs
[2025-02-16T16:39:19.107+0700] {logging_mixin.py:190} INFO - [2025-02-16T16:39:19.107+0700] {dag.py:4180} INFO - Setting next_dagrun for latest_only to 2025-02-16 04:00:00+00:00, run_after=2025-02-16 08:00:00+00:00
[2025-02-16T16:39:19.130+0700] {processor.py:208} INFO - Processing /home/dataengineer/.pyenv/versions/3.9.21/lib/python3.9/site-packages/airflow/example_dags/example_latest_only.py took 0.077 seconds
[2025-02-16T16:40:31.818+0700] {processor.py:186} INFO - Started process (PID=37607) to work on /home/dataengineer/.pyenv/versions/3.9.21/lib/python3.9/site-packages/airflow/example_dags/example_latest_only.py
[2025-02-16T16:40:31.820+0700] {processor.py:914} INFO - Processing file /home/dataengineer/.pyenv/versions/3.9.21/lib/python3.9/site-packages/airflow/example_dags/example_latest_only.py for tasks to queue
[2025-02-16T16:40:31.821+0700] {logging_mixin.py:190} INFO - [2025-02-16T16:40:31.821+0700] {dagbag.py:588} INFO - Filling up the DagBag from /home/dataengineer/.pyenv/versions/3.9.21/lib/python3.9/site-packages/airflow/example_dags/example_latest_only.py
[2025-02-16T16:40:31.829+0700] {processor.py:925} INFO - DAG(s) 'latest_only' retrieved from /home/dataengineer/.pyenv/versions/3.9.21/lib/python3.9/site-packages/airflow/example_dags/example_latest_only.py
[2025-02-16T16:40:31.843+0700] {logging_mixin.py:190} INFO - [2025-02-16T16:40:31.843+0700] {dag.py:3239} INFO - Sync 1 DAGs
[2025-02-16T16:40:31.862+0700] {logging_mixin.py:190} INFO - [2025-02-16T16:40:31.862+0700] {dag.py:4180} INFO - Setting next_dagrun for latest_only to 2025-02-16 04:00:00+00:00, run_after=2025-02-16 08:00:00+00:00
[2025-02-16T16:40:31.882+0700] {processor.py:208} INFO - Processing /home/dataengineer/.pyenv/versions/3.9.21/lib/python3.9/site-packages/airflow/example_dags/example_latest_only.py took 0.070 seconds
[2025-02-16T16:41:46.905+0700] {processor.py:186} INFO - Started process (PID=37966) to work on /home/dataengineer/.pyenv/versions/3.9.21/lib/python3.9/site-packages/airflow/example_dags/example_latest_only.py
[2025-02-16T16:41:46.906+0700] {processor.py:914} INFO - Processing file /home/dataengineer/.pyenv/versions/3.9.21/lib/python3.9/site-packages/airflow/example_dags/example_latest_only.py for tasks to queue
[2025-02-16T16:41:46.908+0700] {logging_mixin.py:190} INFO - [2025-02-16T16:41:46.907+0700] {dagbag.py:588} INFO - Filling up the DagBag from /home/dataengineer/.pyenv/versions/3.9.21/lib/python3.9/site-packages/airflow/example_dags/example_latest_only.py
[2025-02-16T16:41:46.916+0700] {processor.py:925} INFO - DAG(s) 'latest_only' retrieved from /home/dataengineer/.pyenv/versions/3.9.21/lib/python3.9/site-packages/airflow/example_dags/example_latest_only.py
[2025-02-16T16:41:46.930+0700] {logging_mixin.py:190} INFO - [2025-02-16T16:41:46.930+0700] {dag.py:3239} INFO - Sync 1 DAGs
[2025-02-16T16:41:46.949+0700] {logging_mixin.py:190} INFO - [2025-02-16T16:41:46.949+0700] {dag.py:4180} INFO - Setting next_dagrun for latest_only to 2025-02-16 04:00:00+00:00, run_after=2025-02-16 08:00:00+00:00
[2025-02-16T16:41:46.970+0700] {processor.py:208} INFO - Processing /home/dataengineer/.pyenv/versions/3.9.21/lib/python3.9/site-packages/airflow/example_dags/example_latest_only.py took 0.071 seconds
[2025-02-16T16:42:59.202+0700] {processor.py:186} INFO - Started process (PID=38271) to work on /home/dataengineer/.pyenv/versions/3.9.21/lib/python3.9/site-packages/airflow/example_dags/example_latest_only.py
[2025-02-16T16:42:59.206+0700] {processor.py:914} INFO - Processing file /home/dataengineer/.pyenv/versions/3.9.21/lib/python3.9/site-packages/airflow/example_dags/example_latest_only.py for tasks to queue
[2025-02-16T16:42:59.208+0700] {logging_mixin.py:190} INFO - [2025-02-16T16:42:59.207+0700] {dagbag.py:588} INFO - Filling up the DagBag from /home/dataengineer/.pyenv/versions/3.9.21/lib/python3.9/site-packages/airflow/example_dags/example_latest_only.py
[2025-02-16T16:42:59.219+0700] {processor.py:925} INFO - DAG(s) 'latest_only' retrieved from /home/dataengineer/.pyenv/versions/3.9.21/lib/python3.9/site-packages/airflow/example_dags/example_latest_only.py
[2025-02-16T16:42:59.240+0700] {logging_mixin.py:190} INFO - [2025-02-16T16:42:59.239+0700] {dag.py:3239} INFO - Sync 1 DAGs
[2025-02-16T16:42:59.263+0700] {logging_mixin.py:190} INFO - [2025-02-16T16:42:59.263+0700] {dag.py:4180} INFO - Setting next_dagrun for latest_only to 2025-02-16 04:00:00+00:00, run_after=2025-02-16 08:00:00+00:00
[2025-02-16T16:42:59.284+0700] {processor.py:208} INFO - Processing /home/dataengineer/.pyenv/versions/3.9.21/lib/python3.9/site-packages/airflow/example_dags/example_latest_only.py took 0.098 seconds
[2025-02-16T16:44:08.773+0700] {processor.py:186} INFO - Started process (PID=38574) to work on /home/dataengineer/.pyenv/versions/3.9.21/lib/python3.9/site-packages/airflow/example_dags/example_latest_only.py
[2025-02-16T16:44:08.774+0700] {processor.py:914} INFO - Processing file /home/dataengineer/.pyenv/versions/3.9.21/lib/python3.9/site-packages/airflow/example_dags/example_latest_only.py for tasks to queue
[2025-02-16T16:44:08.775+0700] {logging_mixin.py:190} INFO - [2025-02-16T16:44:08.775+0700] {dagbag.py:588} INFO - Filling up the DagBag from /home/dataengineer/.pyenv/versions/3.9.21/lib/python3.9/site-packages/airflow/example_dags/example_latest_only.py
[2025-02-16T16:44:08.784+0700] {processor.py:925} INFO - DAG(s) 'latest_only' retrieved from /home/dataengineer/.pyenv/versions/3.9.21/lib/python3.9/site-packages/airflow/example_dags/example_latest_only.py
[2025-02-16T16:44:08.798+0700] {logging_mixin.py:190} INFO - [2025-02-16T16:44:08.798+0700] {dag.py:3239} INFO - Sync 1 DAGs
[2025-02-16T16:44:08.818+0700] {logging_mixin.py:190} INFO - [2025-02-16T16:44:08.818+0700] {dag.py:4180} INFO - Setting next_dagrun for latest_only to 2025-02-16 04:00:00+00:00, run_after=2025-02-16 08:00:00+00:00
[2025-02-16T16:44:08.839+0700] {processor.py:208} INFO - Processing /home/dataengineer/.pyenv/versions/3.9.21/lib/python3.9/site-packages/airflow/example_dags/example_latest_only.py took 0.072 seconds
[2025-02-16T16:45:19.072+0700] {processor.py:186} INFO - Started process (PID=38880) to work on /home/dataengineer/.pyenv/versions/3.9.21/lib/python3.9/site-packages/airflow/example_dags/example_latest_only.py
[2025-02-16T16:45:19.073+0700] {processor.py:914} INFO - Processing file /home/dataengineer/.pyenv/versions/3.9.21/lib/python3.9/site-packages/airflow/example_dags/example_latest_only.py for tasks to queue
[2025-02-16T16:45:19.074+0700] {logging_mixin.py:190} INFO - [2025-02-16T16:45:19.074+0700] {dagbag.py:588} INFO - Filling up the DagBag from /home/dataengineer/.pyenv/versions/3.9.21/lib/python3.9/site-packages/airflow/example_dags/example_latest_only.py
[2025-02-16T16:45:19.084+0700] {processor.py:925} INFO - DAG(s) 'latest_only' retrieved from /home/dataengineer/.pyenv/versions/3.9.21/lib/python3.9/site-packages/airflow/example_dags/example_latest_only.py
[2025-02-16T16:45:19.099+0700] {logging_mixin.py:190} INFO - [2025-02-16T16:45:19.099+0700] {dag.py:3239} INFO - Sync 1 DAGs
[2025-02-16T16:45:19.124+0700] {logging_mixin.py:190} INFO - [2025-02-16T16:45:19.124+0700] {dag.py:4180} INFO - Setting next_dagrun for latest_only to 2025-02-16 04:00:00+00:00, run_after=2025-02-16 08:00:00+00:00
[2025-02-16T16:45:19.151+0700] {processor.py:208} INFO - Processing /home/dataengineer/.pyenv/versions/3.9.21/lib/python3.9/site-packages/airflow/example_dags/example_latest_only.py took 0.085 seconds
[2025-02-16T16:46:29.019+0700] {processor.py:186} INFO - Started process (PID=39197) to work on /home/dataengineer/.pyenv/versions/3.9.21/lib/python3.9/site-packages/airflow/example_dags/example_latest_only.py
[2025-02-16T16:46:29.021+0700] {processor.py:914} INFO - Processing file /home/dataengineer/.pyenv/versions/3.9.21/lib/python3.9/site-packages/airflow/example_dags/example_latest_only.py for tasks to queue
[2025-02-16T16:46:29.022+0700] {logging_mixin.py:190} INFO - [2025-02-16T16:46:29.021+0700] {dagbag.py:588} INFO - Filling up the DagBag from /home/dataengineer/.pyenv/versions/3.9.21/lib/python3.9/site-packages/airflow/example_dags/example_latest_only.py
[2025-02-16T16:46:29.030+0700] {processor.py:925} INFO - DAG(s) 'latest_only' retrieved from /home/dataengineer/.pyenv/versions/3.9.21/lib/python3.9/site-packages/airflow/example_dags/example_latest_only.py
[2025-02-16T16:46:29.045+0700] {logging_mixin.py:190} INFO - [2025-02-16T16:46:29.045+0700] {dag.py:3239} INFO - Sync 1 DAGs
[2025-02-16T16:46:29.066+0700] {logging_mixin.py:190} INFO - [2025-02-16T16:46:29.066+0700] {dag.py:4180} INFO - Setting next_dagrun for latest_only to 2025-02-16 04:00:00+00:00, run_after=2025-02-16 08:00:00+00:00
[2025-02-16T16:46:29.089+0700] {processor.py:208} INFO - Processing /home/dataengineer/.pyenv/versions/3.9.21/lib/python3.9/site-packages/airflow/example_dags/example_latest_only.py took 0.075 seconds
[2025-02-16T16:47:38.749+0700] {processor.py:186} INFO - Started process (PID=39492) to work on /home/dataengineer/.pyenv/versions/3.9.21/lib/python3.9/site-packages/airflow/example_dags/example_latest_only.py
[2025-02-16T16:47:38.750+0700] {processor.py:914} INFO - Processing file /home/dataengineer/.pyenv/versions/3.9.21/lib/python3.9/site-packages/airflow/example_dags/example_latest_only.py for tasks to queue
[2025-02-16T16:47:38.751+0700] {logging_mixin.py:190} INFO - [2025-02-16T16:47:38.751+0700] {dagbag.py:588} INFO - Filling up the DagBag from /home/dataengineer/.pyenv/versions/3.9.21/lib/python3.9/site-packages/airflow/example_dags/example_latest_only.py
[2025-02-16T16:47:38.759+0700] {processor.py:925} INFO - DAG(s) 'latest_only' retrieved from /home/dataengineer/.pyenv/versions/3.9.21/lib/python3.9/site-packages/airflow/example_dags/example_latest_only.py
[2025-02-16T16:47:38.774+0700] {logging_mixin.py:190} INFO - [2025-02-16T16:47:38.774+0700] {dag.py:3239} INFO - Sync 1 DAGs
[2025-02-16T16:47:38.793+0700] {logging_mixin.py:190} INFO - [2025-02-16T16:47:38.793+0700] {dag.py:4180} INFO - Setting next_dagrun for latest_only to 2025-02-16 04:00:00+00:00, run_after=2025-02-16 08:00:00+00:00
[2025-02-16T16:47:38.812+0700] {processor.py:208} INFO - Processing /home/dataengineer/.pyenv/versions/3.9.21/lib/python3.9/site-packages/airflow/example_dags/example_latest_only.py took 0.070 seconds
[2025-02-16T16:48:48.722+0700] {processor.py:186} INFO - Started process (PID=39882) to work on /home/dataengineer/.pyenv/versions/3.9.21/lib/python3.9/site-packages/airflow/example_dags/example_latest_only.py
[2025-02-16T16:48:48.723+0700] {processor.py:914} INFO - Processing file /home/dataengineer/.pyenv/versions/3.9.21/lib/python3.9/site-packages/airflow/example_dags/example_latest_only.py for tasks to queue
[2025-02-16T16:48:48.725+0700] {logging_mixin.py:190} INFO - [2025-02-16T16:48:48.724+0700] {dagbag.py:588} INFO - Filling up the DagBag from /home/dataengineer/.pyenv/versions/3.9.21/lib/python3.9/site-packages/airflow/example_dags/example_latest_only.py
[2025-02-16T16:48:48.733+0700] {processor.py:925} INFO - DAG(s) 'latest_only' retrieved from /home/dataengineer/.pyenv/versions/3.9.21/lib/python3.9/site-packages/airflow/example_dags/example_latest_only.py
[2025-02-16T16:48:48.747+0700] {logging_mixin.py:190} INFO - [2025-02-16T16:48:48.747+0700] {dag.py:3239} INFO - Sync 1 DAGs
[2025-02-16T16:48:48.766+0700] {logging_mixin.py:190} INFO - [2025-02-16T16:48:48.766+0700] {dag.py:4180} INFO - Setting next_dagrun for latest_only to 2025-02-16 04:00:00+00:00, run_after=2025-02-16 08:00:00+00:00
[2025-02-16T16:48:48.787+0700] {processor.py:208} INFO - Processing /home/dataengineer/.pyenv/versions/3.9.21/lib/python3.9/site-packages/airflow/example_dags/example_latest_only.py took 0.072 seconds
[2025-02-16T16:50:02.611+0700] {processor.py:186} INFO - Started process (PID=40215) to work on /home/dataengineer/.pyenv/versions/3.9.21/lib/python3.9/site-packages/airflow/example_dags/example_latest_only.py
[2025-02-16T16:50:02.613+0700] {processor.py:914} INFO - Processing file /home/dataengineer/.pyenv/versions/3.9.21/lib/python3.9/site-packages/airflow/example_dags/example_latest_only.py for tasks to queue
[2025-02-16T16:50:02.614+0700] {logging_mixin.py:190} INFO - [2025-02-16T16:50:02.614+0700] {dagbag.py:588} INFO - Filling up the DagBag from /home/dataengineer/.pyenv/versions/3.9.21/lib/python3.9/site-packages/airflow/example_dags/example_latest_only.py
[2025-02-16T16:50:02.622+0700] {processor.py:925} INFO - DAG(s) 'latest_only' retrieved from /home/dataengineer/.pyenv/versions/3.9.21/lib/python3.9/site-packages/airflow/example_dags/example_latest_only.py
[2025-02-16T16:50:02.638+0700] {logging_mixin.py:190} INFO - [2025-02-16T16:50:02.637+0700] {dag.py:3239} INFO - Sync 1 DAGs
[2025-02-16T16:50:02.658+0700] {logging_mixin.py:190} INFO - [2025-02-16T16:50:02.657+0700] {dag.py:4180} INFO - Setting next_dagrun for latest_only to 2025-02-16 04:00:00+00:00, run_after=2025-02-16 08:00:00+00:00
[2025-02-16T16:50:02.678+0700] {processor.py:208} INFO - Processing /home/dataengineer/.pyenv/versions/3.9.21/lib/python3.9/site-packages/airflow/example_dags/example_latest_only.py took 0.073 seconds
[2025-02-16T16:50:55.277+0700] {processor.py:186} INFO - Started process (PID=40465) to work on /home/dataengineer/.pyenv/versions/3.9.21/lib/python3.9/site-packages/airflow/example_dags/example_latest_only.py
[2025-02-16T16:50:55.278+0700] {processor.py:914} INFO - Processing file /home/dataengineer/.pyenv/versions/3.9.21/lib/python3.9/site-packages/airflow/example_dags/example_latest_only.py for tasks to queue
[2025-02-16T16:50:55.280+0700] {logging_mixin.py:190} INFO - [2025-02-16T16:50:55.279+0700] {dagbag.py:588} INFO - Filling up the DagBag from /home/dataengineer/.pyenv/versions/3.9.21/lib/python3.9/site-packages/airflow/example_dags/example_latest_only.py
[2025-02-16T16:50:55.289+0700] {processor.py:925} INFO - DAG(s) 'latest_only' retrieved from /home/dataengineer/.pyenv/versions/3.9.21/lib/python3.9/site-packages/airflow/example_dags/example_latest_only.py
[2025-02-16T16:50:55.305+0700] {logging_mixin.py:190} INFO - [2025-02-16T16:50:55.305+0700] {dag.py:3239} INFO - Sync 1 DAGs
[2025-02-16T16:50:55.329+0700] {logging_mixin.py:190} INFO - [2025-02-16T16:50:55.328+0700] {dag.py:4180} INFO - Setting next_dagrun for latest_only to 2025-02-16 04:00:00+00:00, run_after=2025-02-16 08:00:00+00:00
[2025-02-16T16:50:55.351+0700] {processor.py:208} INFO - Processing /home/dataengineer/.pyenv/versions/3.9.21/lib/python3.9/site-packages/airflow/example_dags/example_latest_only.py took 0.081 seconds
[2025-02-16T16:52:04.125+0700] {processor.py:186} INFO - Started process (PID=40754) to work on /home/dataengineer/.pyenv/versions/3.9.21/lib/python3.9/site-packages/airflow/example_dags/example_latest_only.py
[2025-02-16T16:52:04.127+0700] {processor.py:914} INFO - Processing file /home/dataengineer/.pyenv/versions/3.9.21/lib/python3.9/site-packages/airflow/example_dags/example_latest_only.py for tasks to queue
[2025-02-16T16:52:04.128+0700] {logging_mixin.py:190} INFO - [2025-02-16T16:52:04.127+0700] {dagbag.py:588} INFO - Filling up the DagBag from /home/dataengineer/.pyenv/versions/3.9.21/lib/python3.9/site-packages/airflow/example_dags/example_latest_only.py
[2025-02-16T16:52:04.136+0700] {processor.py:925} INFO - DAG(s) 'latest_only' retrieved from /home/dataengineer/.pyenv/versions/3.9.21/lib/python3.9/site-packages/airflow/example_dags/example_latest_only.py
[2025-02-16T16:52:04.150+0700] {logging_mixin.py:190} INFO - [2025-02-16T16:52:04.150+0700] {dag.py:3239} INFO - Sync 1 DAGs
[2025-02-16T16:52:04.170+0700] {logging_mixin.py:190} INFO - [2025-02-16T16:52:04.170+0700] {dag.py:4180} INFO - Setting next_dagrun for latest_only to 2025-02-16 04:00:00+00:00, run_after=2025-02-16 08:00:00+00:00
[2025-02-16T16:52:04.190+0700] {processor.py:208} INFO - Processing /home/dataengineer/.pyenv/versions/3.9.21/lib/python3.9/site-packages/airflow/example_dags/example_latest_only.py took 0.071 seconds
[2025-02-16T16:53:17.761+0700] {processor.py:186} INFO - Started process (PID=41074) to work on /home/dataengineer/.pyenv/versions/3.9.21/lib/python3.9/site-packages/airflow/example_dags/example_latest_only.py
[2025-02-16T16:53:17.763+0700] {processor.py:914} INFO - Processing file /home/dataengineer/.pyenv/versions/3.9.21/lib/python3.9/site-packages/airflow/example_dags/example_latest_only.py for tasks to queue
[2025-02-16T16:53:17.764+0700] {logging_mixin.py:190} INFO - [2025-02-16T16:53:17.764+0700] {dagbag.py:588} INFO - Filling up the DagBag from /home/dataengineer/.pyenv/versions/3.9.21/lib/python3.9/site-packages/airflow/example_dags/example_latest_only.py
[2025-02-16T16:53:17.772+0700] {processor.py:925} INFO - DAG(s) 'latest_only' retrieved from /home/dataengineer/.pyenv/versions/3.9.21/lib/python3.9/site-packages/airflow/example_dags/example_latest_only.py
[2025-02-16T16:53:17.787+0700] {logging_mixin.py:190} INFO - [2025-02-16T16:53:17.787+0700] {dag.py:3239} INFO - Sync 1 DAGs
[2025-02-16T16:53:17.809+0700] {logging_mixin.py:190} INFO - [2025-02-16T16:53:17.808+0700] {dag.py:4180} INFO - Setting next_dagrun for latest_only to 2025-02-16 04:00:00+00:00, run_after=2025-02-16 08:00:00+00:00
[2025-02-16T16:53:17.831+0700] {processor.py:208} INFO - Processing /home/dataengineer/.pyenv/versions/3.9.21/lib/python3.9/site-packages/airflow/example_dags/example_latest_only.py took 0.076 seconds
[2025-02-16T16:54:09.253+0700] {processor.py:186} INFO - Started process (PID=41305) to work on /home/dataengineer/.pyenv/versions/3.9.21/lib/python3.9/site-packages/airflow/example_dags/example_latest_only.py
[2025-02-16T16:54:09.254+0700] {processor.py:914} INFO - Processing file /home/dataengineer/.pyenv/versions/3.9.21/lib/python3.9/site-packages/airflow/example_dags/example_latest_only.py for tasks to queue
[2025-02-16T16:54:09.256+0700] {logging_mixin.py:190} INFO - [2025-02-16T16:54:09.255+0700] {dagbag.py:588} INFO - Filling up the DagBag from /home/dataengineer/.pyenv/versions/3.9.21/lib/python3.9/site-packages/airflow/example_dags/example_latest_only.py
[2025-02-16T16:54:09.264+0700] {processor.py:925} INFO - DAG(s) 'latest_only' retrieved from /home/dataengineer/.pyenv/versions/3.9.21/lib/python3.9/site-packages/airflow/example_dags/example_latest_only.py
[2025-02-16T16:54:09.278+0700] {logging_mixin.py:190} INFO - [2025-02-16T16:54:09.277+0700] {dag.py:3239} INFO - Sync 1 DAGs
[2025-02-16T16:54:09.298+0700] {logging_mixin.py:190} INFO - [2025-02-16T16:54:09.298+0700] {dag.py:4180} INFO - Setting next_dagrun for latest_only to 2025-02-16 04:00:00+00:00, run_after=2025-02-16 08:00:00+00:00
[2025-02-16T16:54:09.318+0700] {processor.py:208} INFO - Processing /home/dataengineer/.pyenv/versions/3.9.21/lib/python3.9/site-packages/airflow/example_dags/example_latest_only.py took 0.071 seconds
[2025-02-16T16:55:22.806+0700] {processor.py:186} INFO - Started process (PID=41643) to work on /home/dataengineer/.pyenv/versions/3.9.21/lib/python3.9/site-packages/airflow/example_dags/example_latest_only.py
[2025-02-16T16:55:22.807+0700] {processor.py:914} INFO - Processing file /home/dataengineer/.pyenv/versions/3.9.21/lib/python3.9/site-packages/airflow/example_dags/example_latest_only.py for tasks to queue
[2025-02-16T16:55:22.809+0700] {logging_mixin.py:190} INFO - [2025-02-16T16:55:22.808+0700] {dagbag.py:588} INFO - Filling up the DagBag from /home/dataengineer/.pyenv/versions/3.9.21/lib/python3.9/site-packages/airflow/example_dags/example_latest_only.py
[2025-02-16T16:55:22.816+0700] {processor.py:925} INFO - DAG(s) 'latest_only' retrieved from /home/dataengineer/.pyenv/versions/3.9.21/lib/python3.9/site-packages/airflow/example_dags/example_latest_only.py
[2025-02-16T16:55:22.830+0700] {logging_mixin.py:190} INFO - [2025-02-16T16:55:22.830+0700] {dag.py:3239} INFO - Sync 1 DAGs
[2025-02-16T16:55:22.849+0700] {logging_mixin.py:190} INFO - [2025-02-16T16:55:22.848+0700] {dag.py:4180} INFO - Setting next_dagrun for latest_only to 2025-02-16 04:00:00+00:00, run_after=2025-02-16 08:00:00+00:00
[2025-02-16T16:55:22.869+0700] {processor.py:208} INFO - Processing /home/dataengineer/.pyenv/versions/3.9.21/lib/python3.9/site-packages/airflow/example_dags/example_latest_only.py took 0.069 seconds
[2025-02-16T16:56:32.625+0700] {processor.py:186} INFO - Started process (PID=41943) to work on /home/dataengineer/.pyenv/versions/3.9.21/lib/python3.9/site-packages/airflow/example_dags/example_latest_only.py
[2025-02-16T16:56:32.626+0700] {processor.py:914} INFO - Processing file /home/dataengineer/.pyenv/versions/3.9.21/lib/python3.9/site-packages/airflow/example_dags/example_latest_only.py for tasks to queue
[2025-02-16T16:56:32.627+0700] {logging_mixin.py:190} INFO - [2025-02-16T16:56:32.627+0700] {dagbag.py:588} INFO - Filling up the DagBag from /home/dataengineer/.pyenv/versions/3.9.21/lib/python3.9/site-packages/airflow/example_dags/example_latest_only.py
[2025-02-16T16:56:32.636+0700] {processor.py:925} INFO - DAG(s) 'latest_only' retrieved from /home/dataengineer/.pyenv/versions/3.9.21/lib/python3.9/site-packages/airflow/example_dags/example_latest_only.py
[2025-02-16T16:56:32.652+0700] {logging_mixin.py:190} INFO - [2025-02-16T16:56:32.652+0700] {dag.py:3239} INFO - Sync 1 DAGs
[2025-02-16T16:56:32.672+0700] {logging_mixin.py:190} INFO - [2025-02-16T16:56:32.672+0700] {dag.py:4180} INFO - Setting next_dagrun for latest_only to 2025-02-16 04:00:00+00:00, run_after=2025-02-16 08:00:00+00:00
[2025-02-16T16:56:32.693+0700] {processor.py:208} INFO - Processing /home/dataengineer/.pyenv/versions/3.9.21/lib/python3.9/site-packages/airflow/example_dags/example_latest_only.py took 0.074 seconds
[2025-02-16T16:57:42.791+0700] {processor.py:186} INFO - Started process (PID=42660) to work on /home/dataengineer/.pyenv/versions/3.9.21/lib/python3.9/site-packages/airflow/example_dags/example_latest_only.py
[2025-02-16T16:57:42.793+0700] {processor.py:914} INFO - Processing file /home/dataengineer/.pyenv/versions/3.9.21/lib/python3.9/site-packages/airflow/example_dags/example_latest_only.py for tasks to queue
[2025-02-16T16:57:42.794+0700] {logging_mixin.py:190} INFO - [2025-02-16T16:57:42.793+0700] {dagbag.py:588} INFO - Filling up the DagBag from /home/dataengineer/.pyenv/versions/3.9.21/lib/python3.9/site-packages/airflow/example_dags/example_latest_only.py
[2025-02-16T16:57:42.802+0700] {processor.py:925} INFO - DAG(s) 'latest_only' retrieved from /home/dataengineer/.pyenv/versions/3.9.21/lib/python3.9/site-packages/airflow/example_dags/example_latest_only.py
[2025-02-16T16:57:42.817+0700] {logging_mixin.py:190} INFO - [2025-02-16T16:57:42.816+0700] {dag.py:3239} INFO - Sync 1 DAGs
[2025-02-16T16:57:42.838+0700] {logging_mixin.py:190} INFO - [2025-02-16T16:57:42.838+0700] {dag.py:4180} INFO - Setting next_dagrun for latest_only to 2025-02-16 04:00:00+00:00, run_after=2025-02-16 08:00:00+00:00
[2025-02-16T16:57:42.860+0700] {processor.py:208} INFO - Processing /home/dataengineer/.pyenv/versions/3.9.21/lib/python3.9/site-packages/airflow/example_dags/example_latest_only.py took 0.074 seconds
[2025-02-16T16:58:34.767+0700] {processor.py:186} INFO - Started process (PID=43126) to work on /home/dataengineer/.pyenv/versions/3.9.21/lib/python3.9/site-packages/airflow/example_dags/example_latest_only.py
[2025-02-16T16:58:34.768+0700] {processor.py:914} INFO - Processing file /home/dataengineer/.pyenv/versions/3.9.21/lib/python3.9/site-packages/airflow/example_dags/example_latest_only.py for tasks to queue
[2025-02-16T16:58:34.770+0700] {logging_mixin.py:190} INFO - [2025-02-16T16:58:34.769+0700] {dagbag.py:588} INFO - Filling up the DagBag from /home/dataengineer/.pyenv/versions/3.9.21/lib/python3.9/site-packages/airflow/example_dags/example_latest_only.py
[2025-02-16T16:58:34.778+0700] {processor.py:925} INFO - DAG(s) 'latest_only' retrieved from /home/dataengineer/.pyenv/versions/3.9.21/lib/python3.9/site-packages/airflow/example_dags/example_latest_only.py
[2025-02-16T16:58:34.793+0700] {logging_mixin.py:190} INFO - [2025-02-16T16:58:34.793+0700] {dag.py:3239} INFO - Sync 1 DAGs
[2025-02-16T16:58:34.814+0700] {logging_mixin.py:190} INFO - [2025-02-16T16:58:34.814+0700] {dag.py:4180} INFO - Setting next_dagrun for latest_only to 2025-02-16 04:00:00+00:00, run_after=2025-02-16 08:00:00+00:00
[2025-02-16T16:58:34.840+0700] {processor.py:208} INFO - Processing /home/dataengineer/.pyenv/versions/3.9.21/lib/python3.9/site-packages/airflow/example_dags/example_latest_only.py took 0.079 seconds
[2025-02-16T16:59:28.072+0700] {processor.py:186} INFO - Started process (PID=43339) to work on /home/dataengineer/.pyenv/versions/3.9.21/lib/python3.9/site-packages/airflow/example_dags/example_latest_only.py
[2025-02-16T16:59:28.073+0700] {processor.py:914} INFO - Processing file /home/dataengineer/.pyenv/versions/3.9.21/lib/python3.9/site-packages/airflow/example_dags/example_latest_only.py for tasks to queue
[2025-02-16T16:59:28.074+0700] {logging_mixin.py:190} INFO - [2025-02-16T16:59:28.074+0700] {dagbag.py:588} INFO - Filling up the DagBag from /home/dataengineer/.pyenv/versions/3.9.21/lib/python3.9/site-packages/airflow/example_dags/example_latest_only.py
[2025-02-16T16:59:28.082+0700] {processor.py:925} INFO - DAG(s) 'latest_only' retrieved from /home/dataengineer/.pyenv/versions/3.9.21/lib/python3.9/site-packages/airflow/example_dags/example_latest_only.py
[2025-02-16T16:59:28.095+0700] {logging_mixin.py:190} INFO - [2025-02-16T16:59:28.095+0700] {dag.py:3239} INFO - Sync 1 DAGs
[2025-02-16T16:59:28.114+0700] {logging_mixin.py:190} INFO - [2025-02-16T16:59:28.114+0700] {dag.py:4180} INFO - Setting next_dagrun for latest_only to 2025-02-16 04:00:00+00:00, run_after=2025-02-16 08:00:00+00:00
[2025-02-16T16:59:28.133+0700] {processor.py:208} INFO - Processing /home/dataengineer/.pyenv/versions/3.9.21/lib/python3.9/site-packages/airflow/example_dags/example_latest_only.py took 0.067 seconds
