[2025-02-16T15:58:05.620+0700] {processor.py:186} INFO - Started process (PID=25569) to work on /home/dataengineer/.pyenv/versions/3.9.21/lib/python3.9/site-packages/airflow/example_dags/example_branch_python_dop_operator_3.py
[2025-02-16T15:58:05.620+0700] {processor.py:914} INFO - Processing file /home/dataengineer/.pyenv/versions/3.9.21/lib/python3.9/site-packages/airflow/example_dags/example_branch_python_dop_operator_3.py for tasks to queue
[2025-02-16T15:58:05.623+0700] {logging_mixin.py:190} INFO - [2025-02-16T15:58:05.622+0700] {dagbag.py:588} INFO - Filling up the DagBag from /home/dataengineer/.pyenv/versions/3.9.21/lib/python3.9/site-packages/airflow/example_dags/example_branch_python_dop_operator_3.py
[2025-02-16T15:58:05.633+0700] {processor.py:925} INFO - DAG(s) 'example_branch_dop_operator_v3' retrieved from /home/dataengineer/.pyenv/versions/3.9.21/lib/python3.9/site-packages/airflow/example_dags/example_branch_python_dop_operator_3.py
[2025-02-16T15:58:05.648+0700] {logging_mixin.py:190} INFO - [2025-02-16T15:58:05.648+0700] {dag.py:3239} INFO - Sync 1 DAGs
[2025-02-16T15:58:05.671+0700] {logging_mixin.py:190} INFO - [2025-02-16T15:58:05.671+0700] {dag.py:4180} INFO - Setting next_dagrun for example_branch_dop_operator_v3 to 2025-02-16 08:57:00+00:00, run_after=2025-02-16 08:58:00+00:00
[2025-02-16T15:58:05.690+0700] {processor.py:208} INFO - Processing /home/dataengineer/.pyenv/versions/3.9.21/lib/python3.9/site-packages/airflow/example_dags/example_branch_python_dop_operator_3.py took 0.076 seconds
[2025-02-16T15:59:02.230+0700] {processor.py:186} INFO - Started process (PID=25800) to work on /home/dataengineer/.pyenv/versions/3.9.21/lib/python3.9/site-packages/airflow/example_dags/example_branch_python_dop_operator_3.py
[2025-02-16T15:59:02.231+0700] {processor.py:914} INFO - Processing file /home/dataengineer/.pyenv/versions/3.9.21/lib/python3.9/site-packages/airflow/example_dags/example_branch_python_dop_operator_3.py for tasks to queue
[2025-02-16T15:59:02.232+0700] {logging_mixin.py:190} INFO - [2025-02-16T15:59:02.232+0700] {dagbag.py:588} INFO - Filling up the DagBag from /home/dataengineer/.pyenv/versions/3.9.21/lib/python3.9/site-packages/airflow/example_dags/example_branch_python_dop_operator_3.py
[2025-02-16T15:59:02.244+0700] {processor.py:925} INFO - DAG(s) 'example_branch_dop_operator_v3' retrieved from /home/dataengineer/.pyenv/versions/3.9.21/lib/python3.9/site-packages/airflow/example_dags/example_branch_python_dop_operator_3.py
[2025-02-16T15:59:02.259+0700] {logging_mixin.py:190} INFO - [2025-02-16T15:59:02.259+0700] {dag.py:3239} INFO - Sync 1 DAGs
[2025-02-16T15:59:02.286+0700] {logging_mixin.py:190} INFO - [2025-02-16T15:59:02.285+0700] {dag.py:4180} INFO - Setting next_dagrun for example_branch_dop_operator_v3 to 2025-02-16 08:58:00+00:00, run_after=2025-02-16 08:59:00+00:00
[2025-02-16T15:59:02.306+0700] {processor.py:208} INFO - Processing /home/dataengineer/.pyenv/versions/3.9.21/lib/python3.9/site-packages/airflow/example_dags/example_branch_python_dop_operator_3.py took 0.083 seconds
[2025-02-16T16:00:15.249+0700] {processor.py:186} INFO - Started process (PID=26190) to work on /home/dataengineer/.pyenv/versions/3.9.21/lib/python3.9/site-packages/airflow/example_dags/example_branch_python_dop_operator_3.py
[2025-02-16T16:00:15.250+0700] {processor.py:914} INFO - Processing file /home/dataengineer/.pyenv/versions/3.9.21/lib/python3.9/site-packages/airflow/example_dags/example_branch_python_dop_operator_3.py for tasks to queue
[2025-02-16T16:00:15.251+0700] {logging_mixin.py:190} INFO - [2025-02-16T16:00:15.251+0700] {dagbag.py:588} INFO - Filling up the DagBag from /home/dataengineer/.pyenv/versions/3.9.21/lib/python3.9/site-packages/airflow/example_dags/example_branch_python_dop_operator_3.py
[2025-02-16T16:00:15.263+0700] {processor.py:925} INFO - DAG(s) 'example_branch_dop_operator_v3' retrieved from /home/dataengineer/.pyenv/versions/3.9.21/lib/python3.9/site-packages/airflow/example_dags/example_branch_python_dop_operator_3.py
[2025-02-16T16:00:15.278+0700] {logging_mixin.py:190} INFO - [2025-02-16T16:00:15.278+0700] {dag.py:3239} INFO - Sync 1 DAGs
[2025-02-16T16:00:15.303+0700] {logging_mixin.py:190} INFO - [2025-02-16T16:00:15.303+0700] {dag.py:4180} INFO - Setting next_dagrun for example_branch_dop_operator_v3 to 2025-02-16 08:59:00+00:00, run_after=2025-02-16 09:00:00+00:00
[2025-02-16T16:00:15.324+0700] {processor.py:208} INFO - Processing /home/dataengineer/.pyenv/versions/3.9.21/lib/python3.9/site-packages/airflow/example_dags/example_branch_python_dop_operator_3.py took 0.082 seconds
[2025-02-16T16:01:31.784+0700] {processor.py:186} INFO - Started process (PID=26709) to work on /home/dataengineer/.pyenv/versions/3.9.21/lib/python3.9/site-packages/airflow/example_dags/example_branch_python_dop_operator_3.py
[2025-02-16T16:01:31.785+0700] {processor.py:914} INFO - Processing file /home/dataengineer/.pyenv/versions/3.9.21/lib/python3.9/site-packages/airflow/example_dags/example_branch_python_dop_operator_3.py for tasks to queue
[2025-02-16T16:01:31.786+0700] {logging_mixin.py:190} INFO - [2025-02-16T16:01:31.786+0700] {dagbag.py:588} INFO - Filling up the DagBag from /home/dataengineer/.pyenv/versions/3.9.21/lib/python3.9/site-packages/airflow/example_dags/example_branch_python_dop_operator_3.py
[2025-02-16T16:01:31.799+0700] {processor.py:925} INFO - DAG(s) 'example_branch_dop_operator_v3' retrieved from /home/dataengineer/.pyenv/versions/3.9.21/lib/python3.9/site-packages/airflow/example_dags/example_branch_python_dop_operator_3.py
[2025-02-16T16:01:31.814+0700] {logging_mixin.py:190} INFO - [2025-02-16T16:01:31.814+0700] {dag.py:3239} INFO - Sync 1 DAGs
[2025-02-16T16:01:31.839+0700] {logging_mixin.py:190} INFO - [2025-02-16T16:01:31.839+0700] {dag.py:4180} INFO - Setting next_dagrun for example_branch_dop_operator_v3 to 2025-02-16 09:00:00+00:00, run_after=2025-02-16 09:01:00+00:00
[2025-02-16T16:01:31.859+0700] {processor.py:208} INFO - Processing /home/dataengineer/.pyenv/versions/3.9.21/lib/python3.9/site-packages/airflow/example_dags/example_branch_python_dop_operator_3.py took 0.081 seconds
[2025-02-16T16:02:38.472+0700] {processor.py:186} INFO - Started process (PID=27136) to work on /home/dataengineer/.pyenv/versions/3.9.21/lib/python3.9/site-packages/airflow/example_dags/example_branch_python_dop_operator_3.py
[2025-02-16T16:02:38.473+0700] {processor.py:914} INFO - Processing file /home/dataengineer/.pyenv/versions/3.9.21/lib/python3.9/site-packages/airflow/example_dags/example_branch_python_dop_operator_3.py for tasks to queue
[2025-02-16T16:02:38.474+0700] {logging_mixin.py:190} INFO - [2025-02-16T16:02:38.474+0700] {dagbag.py:588} INFO - Filling up the DagBag from /home/dataengineer/.pyenv/versions/3.9.21/lib/python3.9/site-packages/airflow/example_dags/example_branch_python_dop_operator_3.py
[2025-02-16T16:02:38.485+0700] {processor.py:925} INFO - DAG(s) 'example_branch_dop_operator_v3' retrieved from /home/dataengineer/.pyenv/versions/3.9.21/lib/python3.9/site-packages/airflow/example_dags/example_branch_python_dop_operator_3.py
[2025-02-16T16:02:38.498+0700] {logging_mixin.py:190} INFO - [2025-02-16T16:02:38.498+0700] {dag.py:3239} INFO - Sync 1 DAGs
[2025-02-16T16:02:38.521+0700] {logging_mixin.py:190} INFO - [2025-02-16T16:02:38.521+0700] {dag.py:4180} INFO - Setting next_dagrun for example_branch_dop_operator_v3 to 2025-02-16 09:01:00+00:00, run_after=2025-02-16 09:02:00+00:00
[2025-02-16T16:02:38.540+0700] {processor.py:208} INFO - Processing /home/dataengineer/.pyenv/versions/3.9.21/lib/python3.9/site-packages/airflow/example_dags/example_branch_python_dop_operator_3.py took 0.073 seconds
[2025-02-16T16:03:45.831+0700] {processor.py:186} INFO - Started process (PID=27425) to work on /home/dataengineer/.pyenv/versions/3.9.21/lib/python3.9/site-packages/airflow/example_dags/example_branch_python_dop_operator_3.py
[2025-02-16T16:03:45.832+0700] {processor.py:914} INFO - Processing file /home/dataengineer/.pyenv/versions/3.9.21/lib/python3.9/site-packages/airflow/example_dags/example_branch_python_dop_operator_3.py for tasks to queue
[2025-02-16T16:03:45.833+0700] {logging_mixin.py:190} INFO - [2025-02-16T16:03:45.833+0700] {dagbag.py:588} INFO - Filling up the DagBag from /home/dataengineer/.pyenv/versions/3.9.21/lib/python3.9/site-packages/airflow/example_dags/example_branch_python_dop_operator_3.py
[2025-02-16T16:03:45.845+0700] {processor.py:925} INFO - DAG(s) 'example_branch_dop_operator_v3' retrieved from /home/dataengineer/.pyenv/versions/3.9.21/lib/python3.9/site-packages/airflow/example_dags/example_branch_python_dop_operator_3.py
[2025-02-16T16:03:45.860+0700] {logging_mixin.py:190} INFO - [2025-02-16T16:03:45.860+0700] {dag.py:3239} INFO - Sync 1 DAGs
[2025-02-16T16:03:45.885+0700] {logging_mixin.py:190} INFO - [2025-02-16T16:03:45.884+0700] {dag.py:4180} INFO - Setting next_dagrun for example_branch_dop_operator_v3 to 2025-02-16 09:02:00+00:00, run_after=2025-02-16 09:03:00+00:00
[2025-02-16T16:03:45.905+0700] {processor.py:208} INFO - Processing /home/dataengineer/.pyenv/versions/3.9.21/lib/python3.9/site-packages/airflow/example_dags/example_branch_python_dop_operator_3.py took 0.081 seconds
[2025-02-16T16:05:01.615+0700] {processor.py:186} INFO - Started process (PID=27738) to work on /home/dataengineer/.pyenv/versions/3.9.21/lib/python3.9/site-packages/airflow/example_dags/example_branch_python_dop_operator_3.py
[2025-02-16T16:05:01.617+0700] {processor.py:914} INFO - Processing file /home/dataengineer/.pyenv/versions/3.9.21/lib/python3.9/site-packages/airflow/example_dags/example_branch_python_dop_operator_3.py for tasks to queue
[2025-02-16T16:05:01.618+0700] {logging_mixin.py:190} INFO - [2025-02-16T16:05:01.618+0700] {dagbag.py:588} INFO - Filling up the DagBag from /home/dataengineer/.pyenv/versions/3.9.21/lib/python3.9/site-packages/airflow/example_dags/example_branch_python_dop_operator_3.py
[2025-02-16T16:05:01.629+0700] {processor.py:925} INFO - DAG(s) 'example_branch_dop_operator_v3' retrieved from /home/dataengineer/.pyenv/versions/3.9.21/lib/python3.9/site-packages/airflow/example_dags/example_branch_python_dop_operator_3.py
[2025-02-16T16:05:01.643+0700] {logging_mixin.py:190} INFO - [2025-02-16T16:05:01.643+0700] {dag.py:3239} INFO - Sync 1 DAGs
[2025-02-16T16:05:01.667+0700] {logging_mixin.py:190} INFO - [2025-02-16T16:05:01.667+0700] {dag.py:4180} INFO - Setting next_dagrun for example_branch_dop_operator_v3 to 2025-02-16 09:04:00+00:00, run_after=2025-02-16 09:05:00+00:00
[2025-02-16T16:05:01.687+0700] {processor.py:208} INFO - Processing /home/dataengineer/.pyenv/versions/3.9.21/lib/python3.9/site-packages/airflow/example_dags/example_branch_python_dop_operator_3.py took 0.078 seconds
[2025-02-16T16:06:19.368+0700] {processor.py:186} INFO - Started process (PID=28059) to work on /home/dataengineer/.pyenv/versions/3.9.21/lib/python3.9/site-packages/airflow/example_dags/example_branch_python_dop_operator_3.py
[2025-02-16T16:06:19.369+0700] {processor.py:914} INFO - Processing file /home/dataengineer/.pyenv/versions/3.9.21/lib/python3.9/site-packages/airflow/example_dags/example_branch_python_dop_operator_3.py for tasks to queue
[2025-02-16T16:06:19.370+0700] {logging_mixin.py:190} INFO - [2025-02-16T16:06:19.370+0700] {dagbag.py:588} INFO - Filling up the DagBag from /home/dataengineer/.pyenv/versions/3.9.21/lib/python3.9/site-packages/airflow/example_dags/example_branch_python_dop_operator_3.py
[2025-02-16T16:06:19.381+0700] {processor.py:925} INFO - DAG(s) 'example_branch_dop_operator_v3' retrieved from /home/dataengineer/.pyenv/versions/3.9.21/lib/python3.9/site-packages/airflow/example_dags/example_branch_python_dop_operator_3.py
[2025-02-16T16:06:19.396+0700] {logging_mixin.py:190} INFO - [2025-02-16T16:06:19.396+0700] {dag.py:3239} INFO - Sync 1 DAGs
[2025-02-16T16:06:19.421+0700] {logging_mixin.py:190} INFO - [2025-02-16T16:06:19.421+0700] {dag.py:4180} INFO - Setting next_dagrun for example_branch_dop_operator_v3 to 2025-02-16 09:05:00+00:00, run_after=2025-02-16 09:06:00+00:00
[2025-02-16T16:06:19.441+0700] {processor.py:208} INFO - Processing /home/dataengineer/.pyenv/versions/3.9.21/lib/python3.9/site-packages/airflow/example_dags/example_branch_python_dop_operator_3.py took 0.079 seconds
[2025-02-16T16:07:25.375+0700] {processor.py:186} INFO - Started process (PID=28466) to work on /home/dataengineer/.pyenv/versions/3.9.21/lib/python3.9/site-packages/airflow/example_dags/example_branch_python_dop_operator_3.py
[2025-02-16T16:07:25.376+0700] {processor.py:914} INFO - Processing file /home/dataengineer/.pyenv/versions/3.9.21/lib/python3.9/site-packages/airflow/example_dags/example_branch_python_dop_operator_3.py for tasks to queue
[2025-02-16T16:07:25.377+0700] {logging_mixin.py:190} INFO - [2025-02-16T16:07:25.377+0700] {dagbag.py:588} INFO - Filling up the DagBag from /home/dataengineer/.pyenv/versions/3.9.21/lib/python3.9/site-packages/airflow/example_dags/example_branch_python_dop_operator_3.py
[2025-02-16T16:07:25.388+0700] {processor.py:925} INFO - DAG(s) 'example_branch_dop_operator_v3' retrieved from /home/dataengineer/.pyenv/versions/3.9.21/lib/python3.9/site-packages/airflow/example_dags/example_branch_python_dop_operator_3.py
[2025-02-16T16:07:25.401+0700] {logging_mixin.py:190} INFO - [2025-02-16T16:07:25.401+0700] {dag.py:3239} INFO - Sync 1 DAGs
[2025-02-16T16:07:25.424+0700] {logging_mixin.py:190} INFO - [2025-02-16T16:07:25.424+0700] {dag.py:4180} INFO - Setting next_dagrun for example_branch_dop_operator_v3 to 2025-02-16 09:06:00+00:00, run_after=2025-02-16 09:07:00+00:00
[2025-02-16T16:07:25.443+0700] {processor.py:208} INFO - Processing /home/dataengineer/.pyenv/versions/3.9.21/lib/python3.9/site-packages/airflow/example_dags/example_branch_python_dop_operator_3.py took 0.074 seconds
[2025-02-16T16:08:41.488+0700] {processor.py:186} INFO - Started process (PID=28870) to work on /home/dataengineer/.pyenv/versions/3.9.21/lib/python3.9/site-packages/airflow/example_dags/example_branch_python_dop_operator_3.py
[2025-02-16T16:08:41.490+0700] {processor.py:914} INFO - Processing file /home/dataengineer/.pyenv/versions/3.9.21/lib/python3.9/site-packages/airflow/example_dags/example_branch_python_dop_operator_3.py for tasks to queue
[2025-02-16T16:08:41.491+0700] {logging_mixin.py:190} INFO - [2025-02-16T16:08:41.491+0700] {dagbag.py:588} INFO - Filling up the DagBag from /home/dataengineer/.pyenv/versions/3.9.21/lib/python3.9/site-packages/airflow/example_dags/example_branch_python_dop_operator_3.py
[2025-02-16T16:08:41.502+0700] {processor.py:925} INFO - DAG(s) 'example_branch_dop_operator_v3' retrieved from /home/dataengineer/.pyenv/versions/3.9.21/lib/python3.9/site-packages/airflow/example_dags/example_branch_python_dop_operator_3.py
[2025-02-16T16:08:41.517+0700] {logging_mixin.py:190} INFO - [2025-02-16T16:08:41.517+0700] {dag.py:3239} INFO - Sync 1 DAGs
[2025-02-16T16:08:41.543+0700] {logging_mixin.py:190} INFO - [2025-02-16T16:08:41.542+0700] {dag.py:4180} INFO - Setting next_dagrun for example_branch_dop_operator_v3 to 2025-02-16 09:07:00+00:00, run_after=2025-02-16 09:08:00+00:00
[2025-02-16T16:08:41.562+0700] {processor.py:208} INFO - Processing /home/dataengineer/.pyenv/versions/3.9.21/lib/python3.9/site-packages/airflow/example_dags/example_branch_python_dop_operator_3.py took 0.080 seconds
[2025-02-16T16:09:52.559+0700] {processor.py:186} INFO - Started process (PID=29208) to work on /home/dataengineer/.pyenv/versions/3.9.21/lib/python3.9/site-packages/airflow/example_dags/example_branch_python_dop_operator_3.py
[2025-02-16T16:09:52.560+0700] {processor.py:914} INFO - Processing file /home/dataengineer/.pyenv/versions/3.9.21/lib/python3.9/site-packages/airflow/example_dags/example_branch_python_dop_operator_3.py for tasks to queue
[2025-02-16T16:09:52.562+0700] {logging_mixin.py:190} INFO - [2025-02-16T16:09:52.561+0700] {dagbag.py:588} INFO - Filling up the DagBag from /home/dataengineer/.pyenv/versions/3.9.21/lib/python3.9/site-packages/airflow/example_dags/example_branch_python_dop_operator_3.py
[2025-02-16T16:09:52.573+0700] {processor.py:925} INFO - DAG(s) 'example_branch_dop_operator_v3' retrieved from /home/dataengineer/.pyenv/versions/3.9.21/lib/python3.9/site-packages/airflow/example_dags/example_branch_python_dop_operator_3.py
[2025-02-16T16:09:52.587+0700] {logging_mixin.py:190} INFO - [2025-02-16T16:09:52.587+0700] {dag.py:3239} INFO - Sync 1 DAGs
[2025-02-16T16:09:52.612+0700] {logging_mixin.py:190} INFO - [2025-02-16T16:09:52.612+0700] {dag.py:4180} INFO - Setting next_dagrun for example_branch_dop_operator_v3 to 2025-02-16 09:08:00+00:00, run_after=2025-02-16 09:09:00+00:00
[2025-02-16T16:09:52.632+0700] {processor.py:208} INFO - Processing /home/dataengineer/.pyenv/versions/3.9.21/lib/python3.9/site-packages/airflow/example_dags/example_branch_python_dop_operator_3.py took 0.079 seconds
[2025-02-16T16:10:45.576+0700] {processor.py:186} INFO - Started process (PID=29481) to work on /home/dataengineer/.pyenv/versions/3.9.21/lib/python3.9/site-packages/airflow/example_dags/example_branch_python_dop_operator_3.py
[2025-02-16T16:10:45.577+0700] {processor.py:914} INFO - Processing file /home/dataengineer/.pyenv/versions/3.9.21/lib/python3.9/site-packages/airflow/example_dags/example_branch_python_dop_operator_3.py for tasks to queue
[2025-02-16T16:10:45.578+0700] {logging_mixin.py:190} INFO - [2025-02-16T16:10:45.578+0700] {dagbag.py:588} INFO - Filling up the DagBag from /home/dataengineer/.pyenv/versions/3.9.21/lib/python3.9/site-packages/airflow/example_dags/example_branch_python_dop_operator_3.py
[2025-02-16T16:10:45.589+0700] {processor.py:925} INFO - DAG(s) 'example_branch_dop_operator_v3' retrieved from /home/dataengineer/.pyenv/versions/3.9.21/lib/python3.9/site-packages/airflow/example_dags/example_branch_python_dop_operator_3.py
[2025-02-16T16:10:45.603+0700] {logging_mixin.py:190} INFO - [2025-02-16T16:10:45.603+0700] {dag.py:3239} INFO - Sync 1 DAGs
[2025-02-16T16:10:45.628+0700] {logging_mixin.py:190} INFO - [2025-02-16T16:10:45.627+0700] {dag.py:4180} INFO - Setting next_dagrun for example_branch_dop_operator_v3 to 2025-02-16 09:09:00+00:00, run_after=2025-02-16 09:10:00+00:00
[2025-02-16T16:10:45.647+0700] {processor.py:208} INFO - Processing /home/dataengineer/.pyenv/versions/3.9.21/lib/python3.9/site-packages/airflow/example_dags/example_branch_python_dop_operator_3.py took 0.077 seconds
[2025-02-16T16:11:53.307+0700] {processor.py:186} INFO - Started process (PID=29762) to work on /home/dataengineer/.pyenv/versions/3.9.21/lib/python3.9/site-packages/airflow/example_dags/example_branch_python_dop_operator_3.py
[2025-02-16T16:11:53.308+0700] {processor.py:914} INFO - Processing file /home/dataengineer/.pyenv/versions/3.9.21/lib/python3.9/site-packages/airflow/example_dags/example_branch_python_dop_operator_3.py for tasks to queue
[2025-02-16T16:11:53.309+0700] {logging_mixin.py:190} INFO - [2025-02-16T16:11:53.309+0700] {dagbag.py:588} INFO - Filling up the DagBag from /home/dataengineer/.pyenv/versions/3.9.21/lib/python3.9/site-packages/airflow/example_dags/example_branch_python_dop_operator_3.py
[2025-02-16T16:11:53.321+0700] {processor.py:925} INFO - DAG(s) 'example_branch_dop_operator_v3' retrieved from /home/dataengineer/.pyenv/versions/3.9.21/lib/python3.9/site-packages/airflow/example_dags/example_branch_python_dop_operator_3.py
[2025-02-16T16:11:53.336+0700] {logging_mixin.py:190} INFO - [2025-02-16T16:11:53.336+0700] {dag.py:3239} INFO - Sync 1 DAGs
[2025-02-16T16:11:53.361+0700] {logging_mixin.py:190} INFO - [2025-02-16T16:11:53.361+0700] {dag.py:4180} INFO - Setting next_dagrun for example_branch_dop_operator_v3 to 2025-02-16 09:10:00+00:00, run_after=2025-02-16 09:11:00+00:00
[2025-02-16T16:11:53.382+0700] {processor.py:208} INFO - Processing /home/dataengineer/.pyenv/versions/3.9.21/lib/python3.9/site-packages/airflow/example_dags/example_branch_python_dop_operator_3.py took 0.082 seconds
[2025-02-16T16:13:09.758+0700] {processor.py:186} INFO - Started process (PID=30081) to work on /home/dataengineer/.pyenv/versions/3.9.21/lib/python3.9/site-packages/airflow/example_dags/example_branch_python_dop_operator_3.py
[2025-02-16T16:13:09.759+0700] {processor.py:914} INFO - Processing file /home/dataengineer/.pyenv/versions/3.9.21/lib/python3.9/site-packages/airflow/example_dags/example_branch_python_dop_operator_3.py for tasks to queue
[2025-02-16T16:13:09.761+0700] {logging_mixin.py:190} INFO - [2025-02-16T16:13:09.760+0700] {dagbag.py:588} INFO - Filling up the DagBag from /home/dataengineer/.pyenv/versions/3.9.21/lib/python3.9/site-packages/airflow/example_dags/example_branch_python_dop_operator_3.py
[2025-02-16T16:13:09.772+0700] {processor.py:925} INFO - DAG(s) 'example_branch_dop_operator_v3' retrieved from /home/dataengineer/.pyenv/versions/3.9.21/lib/python3.9/site-packages/airflow/example_dags/example_branch_python_dop_operator_3.py
[2025-02-16T16:13:09.787+0700] {logging_mixin.py:190} INFO - [2025-02-16T16:13:09.786+0700] {dag.py:3239} INFO - Sync 1 DAGs
[2025-02-16T16:13:09.811+0700] {logging_mixin.py:190} INFO - [2025-02-16T16:13:09.811+0700] {dag.py:4180} INFO - Setting next_dagrun for example_branch_dop_operator_v3 to 2025-02-16 09:12:00+00:00, run_after=2025-02-16 09:13:00+00:00
[2025-02-16T16:13:09.834+0700] {processor.py:208} INFO - Processing /home/dataengineer/.pyenv/versions/3.9.21/lib/python3.9/site-packages/airflow/example_dags/example_branch_python_dop_operator_3.py took 0.082 seconds
[2025-02-16T16:14:22.933+0700] {processor.py:186} INFO - Started process (PID=30385) to work on /home/dataengineer/.pyenv/versions/3.9.21/lib/python3.9/site-packages/airflow/example_dags/example_branch_python_dop_operator_3.py
[2025-02-16T16:14:22.935+0700] {processor.py:914} INFO - Processing file /home/dataengineer/.pyenv/versions/3.9.21/lib/python3.9/site-packages/airflow/example_dags/example_branch_python_dop_operator_3.py for tasks to queue
[2025-02-16T16:14:22.936+0700] {logging_mixin.py:190} INFO - [2025-02-16T16:14:22.936+0700] {dagbag.py:588} INFO - Filling up the DagBag from /home/dataengineer/.pyenv/versions/3.9.21/lib/python3.9/site-packages/airflow/example_dags/example_branch_python_dop_operator_3.py
[2025-02-16T16:14:22.947+0700] {processor.py:925} INFO - DAG(s) 'example_branch_dop_operator_v3' retrieved from /home/dataengineer/.pyenv/versions/3.9.21/lib/python3.9/site-packages/airflow/example_dags/example_branch_python_dop_operator_3.py
[2025-02-16T16:14:22.961+0700] {logging_mixin.py:190} INFO - [2025-02-16T16:14:22.961+0700] {dag.py:3239} INFO - Sync 1 DAGs
[2025-02-16T16:14:22.986+0700] {logging_mixin.py:190} INFO - [2025-02-16T16:14:22.986+0700] {dag.py:4180} INFO - Setting next_dagrun for example_branch_dop_operator_v3 to 2025-02-16 09:13:00+00:00, run_after=2025-02-16 09:14:00+00:00
[2025-02-16T16:14:23.006+0700] {processor.py:208} INFO - Processing /home/dataengineer/.pyenv/versions/3.9.21/lib/python3.9/site-packages/airflow/example_dags/example_branch_python_dop_operator_3.py took 0.079 seconds
[2025-02-16T16:15:36.267+0700] {processor.py:186} INFO - Started process (PID=30693) to work on /home/dataengineer/.pyenv/versions/3.9.21/lib/python3.9/site-packages/airflow/example_dags/example_branch_python_dop_operator_3.py
[2025-02-16T16:15:36.268+0700] {processor.py:914} INFO - Processing file /home/dataengineer/.pyenv/versions/3.9.21/lib/python3.9/site-packages/airflow/example_dags/example_branch_python_dop_operator_3.py for tasks to queue
[2025-02-16T16:15:36.269+0700] {logging_mixin.py:190} INFO - [2025-02-16T16:15:36.269+0700] {dagbag.py:588} INFO - Filling up the DagBag from /home/dataengineer/.pyenv/versions/3.9.21/lib/python3.9/site-packages/airflow/example_dags/example_branch_python_dop_operator_3.py
[2025-02-16T16:15:36.280+0700] {processor.py:925} INFO - DAG(s) 'example_branch_dop_operator_v3' retrieved from /home/dataengineer/.pyenv/versions/3.9.21/lib/python3.9/site-packages/airflow/example_dags/example_branch_python_dop_operator_3.py
[2025-02-16T16:15:36.294+0700] {logging_mixin.py:190} INFO - [2025-02-16T16:15:36.294+0700] {dag.py:3239} INFO - Sync 1 DAGs
[2025-02-16T16:15:36.318+0700] {logging_mixin.py:190} INFO - [2025-02-16T16:15:36.318+0700] {dag.py:4180} INFO - Setting next_dagrun for example_branch_dop_operator_v3 to 2025-02-16 09:14:00+00:00, run_after=2025-02-16 09:15:00+00:00
[2025-02-16T16:15:36.339+0700] {processor.py:208} INFO - Processing /home/dataengineer/.pyenv/versions/3.9.21/lib/python3.9/site-packages/airflow/example_dags/example_branch_python_dop_operator_3.py took 0.078 seconds
[2025-02-16T16:16:51.110+0700] {processor.py:186} INFO - Started process (PID=31004) to work on /home/dataengineer/.pyenv/versions/3.9.21/lib/python3.9/site-packages/airflow/example_dags/example_branch_python_dop_operator_3.py
[2025-02-16T16:16:51.111+0700] {processor.py:914} INFO - Processing file /home/dataengineer/.pyenv/versions/3.9.21/lib/python3.9/site-packages/airflow/example_dags/example_branch_python_dop_operator_3.py for tasks to queue
[2025-02-16T16:16:51.112+0700] {logging_mixin.py:190} INFO - [2025-02-16T16:16:51.112+0700] {dagbag.py:588} INFO - Filling up the DagBag from /home/dataengineer/.pyenv/versions/3.9.21/lib/python3.9/site-packages/airflow/example_dags/example_branch_python_dop_operator_3.py
[2025-02-16T16:16:51.124+0700] {processor.py:925} INFO - DAG(s) 'example_branch_dop_operator_v3' retrieved from /home/dataengineer/.pyenv/versions/3.9.21/lib/python3.9/site-packages/airflow/example_dags/example_branch_python_dop_operator_3.py
[2025-02-16T16:16:51.139+0700] {logging_mixin.py:190} INFO - [2025-02-16T16:16:51.139+0700] {dag.py:3239} INFO - Sync 1 DAGs
[2025-02-16T16:16:51.165+0700] {logging_mixin.py:190} INFO - [2025-02-16T16:16:51.164+0700] {dag.py:4180} INFO - Setting next_dagrun for example_branch_dop_operator_v3 to 2025-02-16 09:15:00+00:00, run_after=2025-02-16 09:16:00+00:00
[2025-02-16T16:16:51.185+0700] {processor.py:208} INFO - Processing /home/dataengineer/.pyenv/versions/3.9.21/lib/python3.9/site-packages/airflow/example_dags/example_branch_python_dop_operator_3.py took 0.082 seconds
[2025-02-16T16:18:09.357+0700] {processor.py:186} INFO - Started process (PID=31331) to work on /home/dataengineer/.pyenv/versions/3.9.21/lib/python3.9/site-packages/airflow/example_dags/example_branch_python_dop_operator_3.py
[2025-02-16T16:18:09.358+0700] {processor.py:914} INFO - Processing file /home/dataengineer/.pyenv/versions/3.9.21/lib/python3.9/site-packages/airflow/example_dags/example_branch_python_dop_operator_3.py for tasks to queue
[2025-02-16T16:18:09.360+0700] {logging_mixin.py:190} INFO - [2025-02-16T16:18:09.359+0700] {dagbag.py:588} INFO - Filling up the DagBag from /home/dataengineer/.pyenv/versions/3.9.21/lib/python3.9/site-packages/airflow/example_dags/example_branch_python_dop_operator_3.py
[2025-02-16T16:18:09.373+0700] {processor.py:925} INFO - DAG(s) 'example_branch_dop_operator_v3' retrieved from /home/dataengineer/.pyenv/versions/3.9.21/lib/python3.9/site-packages/airflow/example_dags/example_branch_python_dop_operator_3.py
[2025-02-16T16:18:09.390+0700] {logging_mixin.py:190} INFO - [2025-02-16T16:18:09.390+0700] {dag.py:3239} INFO - Sync 1 DAGs
[2025-02-16T16:18:09.420+0700] {logging_mixin.py:190} INFO - [2025-02-16T16:18:09.420+0700] {dag.py:4180} INFO - Setting next_dagrun for example_branch_dop_operator_v3 to 2025-02-16 09:17:00+00:00, run_after=2025-02-16 09:18:00+00:00
[2025-02-16T16:18:09.445+0700] {processor.py:208} INFO - Processing /home/dataengineer/.pyenv/versions/3.9.21/lib/python3.9/site-packages/airflow/example_dags/example_branch_python_dop_operator_3.py took 0.095 seconds
[2025-02-16T16:19:25.315+0700] {processor.py:186} INFO - Started process (PID=31650) to work on /home/dataengineer/.pyenv/versions/3.9.21/lib/python3.9/site-packages/airflow/example_dags/example_branch_python_dop_operator_3.py
[2025-02-16T16:19:25.316+0700] {processor.py:914} INFO - Processing file /home/dataengineer/.pyenv/versions/3.9.21/lib/python3.9/site-packages/airflow/example_dags/example_branch_python_dop_operator_3.py for tasks to queue
[2025-02-16T16:19:25.318+0700] {logging_mixin.py:190} INFO - [2025-02-16T16:19:25.317+0700] {dagbag.py:588} INFO - Filling up the DagBag from /home/dataengineer/.pyenv/versions/3.9.21/lib/python3.9/site-packages/airflow/example_dags/example_branch_python_dop_operator_3.py
[2025-02-16T16:19:25.331+0700] {processor.py:925} INFO - DAG(s) 'example_branch_dop_operator_v3' retrieved from /home/dataengineer/.pyenv/versions/3.9.21/lib/python3.9/site-packages/airflow/example_dags/example_branch_python_dop_operator_3.py
[2025-02-16T16:19:25.348+0700] {logging_mixin.py:190} INFO - [2025-02-16T16:19:25.348+0700] {dag.py:3239} INFO - Sync 1 DAGs
[2025-02-16T16:19:25.375+0700] {logging_mixin.py:190} INFO - [2025-02-16T16:19:25.375+0700] {dag.py:4180} INFO - Setting next_dagrun for example_branch_dop_operator_v3 to 2025-02-16 09:18:00+00:00, run_after=2025-02-16 09:19:00+00:00
[2025-02-16T16:19:25.397+0700] {processor.py:208} INFO - Processing /home/dataengineer/.pyenv/versions/3.9.21/lib/python3.9/site-packages/airflow/example_dags/example_branch_python_dop_operator_3.py took 0.088 seconds
[2025-02-16T16:20:38.286+0700] {processor.py:186} INFO - Started process (PID=31957) to work on /home/dataengineer/.pyenv/versions/3.9.21/lib/python3.9/site-packages/airflow/example_dags/example_branch_python_dop_operator_3.py
[2025-02-16T16:20:38.287+0700] {processor.py:914} INFO - Processing file /home/dataengineer/.pyenv/versions/3.9.21/lib/python3.9/site-packages/airflow/example_dags/example_branch_python_dop_operator_3.py for tasks to queue
[2025-02-16T16:20:38.288+0700] {logging_mixin.py:190} INFO - [2025-02-16T16:20:38.288+0700] {dagbag.py:588} INFO - Filling up the DagBag from /home/dataengineer/.pyenv/versions/3.9.21/lib/python3.9/site-packages/airflow/example_dags/example_branch_python_dop_operator_3.py
[2025-02-16T16:20:38.299+0700] {processor.py:925} INFO - DAG(s) 'example_branch_dop_operator_v3' retrieved from /home/dataengineer/.pyenv/versions/3.9.21/lib/python3.9/site-packages/airflow/example_dags/example_branch_python_dop_operator_3.py
[2025-02-16T16:20:38.314+0700] {logging_mixin.py:190} INFO - [2025-02-16T16:20:38.314+0700] {dag.py:3239} INFO - Sync 1 DAGs
[2025-02-16T16:20:38.339+0700] {logging_mixin.py:190} INFO - [2025-02-16T16:20:38.338+0700] {dag.py:4180} INFO - Setting next_dagrun for example_branch_dop_operator_v3 to 2025-02-16 09:19:00+00:00, run_after=2025-02-16 09:20:00+00:00
[2025-02-16T16:20:38.358+0700] {processor.py:208} INFO - Processing /home/dataengineer/.pyenv/versions/3.9.21/lib/python3.9/site-packages/airflow/example_dags/example_branch_python_dop_operator_3.py took 0.078 seconds
[2025-02-16T16:21:51.069+0700] {processor.py:186} INFO - Started process (PID=32262) to work on /home/dataengineer/.pyenv/versions/3.9.21/lib/python3.9/site-packages/airflow/example_dags/example_branch_python_dop_operator_3.py
[2025-02-16T16:21:51.071+0700] {processor.py:914} INFO - Processing file /home/dataengineer/.pyenv/versions/3.9.21/lib/python3.9/site-packages/airflow/example_dags/example_branch_python_dop_operator_3.py for tasks to queue
[2025-02-16T16:21:51.072+0700] {logging_mixin.py:190} INFO - [2025-02-16T16:21:51.072+0700] {dagbag.py:588} INFO - Filling up the DagBag from /home/dataengineer/.pyenv/versions/3.9.21/lib/python3.9/site-packages/airflow/example_dags/example_branch_python_dop_operator_3.py
[2025-02-16T16:21:51.083+0700] {processor.py:925} INFO - DAG(s) 'example_branch_dop_operator_v3' retrieved from /home/dataengineer/.pyenv/versions/3.9.21/lib/python3.9/site-packages/airflow/example_dags/example_branch_python_dop_operator_3.py
[2025-02-16T16:21:51.097+0700] {logging_mixin.py:190} INFO - [2025-02-16T16:21:51.097+0700] {dag.py:3239} INFO - Sync 1 DAGs
[2025-02-16T16:21:51.121+0700] {logging_mixin.py:190} INFO - [2025-02-16T16:21:51.121+0700] {dag.py:4180} INFO - Setting next_dagrun for example_branch_dop_operator_v3 to 2025-02-16 09:20:00+00:00, run_after=2025-02-16 09:21:00+00:00
[2025-02-16T16:21:51.141+0700] {processor.py:208} INFO - Processing /home/dataengineer/.pyenv/versions/3.9.21/lib/python3.9/site-packages/airflow/example_dags/example_branch_python_dop_operator_3.py took 0.077 seconds
[2025-02-16T16:23:04.644+0700] {processor.py:186} INFO - Started process (PID=32572) to work on /home/dataengineer/.pyenv/versions/3.9.21/lib/python3.9/site-packages/airflow/example_dags/example_branch_python_dop_operator_3.py
[2025-02-16T16:23:04.645+0700] {processor.py:914} INFO - Processing file /home/dataengineer/.pyenv/versions/3.9.21/lib/python3.9/site-packages/airflow/example_dags/example_branch_python_dop_operator_3.py for tasks to queue
[2025-02-16T16:23:04.647+0700] {logging_mixin.py:190} INFO - [2025-02-16T16:23:04.646+0700] {dagbag.py:588} INFO - Filling up the DagBag from /home/dataengineer/.pyenv/versions/3.9.21/lib/python3.9/site-packages/airflow/example_dags/example_branch_python_dop_operator_3.py
[2025-02-16T16:23:04.658+0700] {processor.py:925} INFO - DAG(s) 'example_branch_dop_operator_v3' retrieved from /home/dataengineer/.pyenv/versions/3.9.21/lib/python3.9/site-packages/airflow/example_dags/example_branch_python_dop_operator_3.py
[2025-02-16T16:23:04.672+0700] {logging_mixin.py:190} INFO - [2025-02-16T16:23:04.672+0700] {dag.py:3239} INFO - Sync 1 DAGs
[2025-02-16T16:23:04.697+0700] {logging_mixin.py:190} INFO - [2025-02-16T16:23:04.696+0700] {dag.py:4180} INFO - Setting next_dagrun for example_branch_dop_operator_v3 to 2025-02-16 09:22:00+00:00, run_after=2025-02-16 09:23:00+00:00
[2025-02-16T16:23:04.717+0700] {processor.py:208} INFO - Processing /home/dataengineer/.pyenv/versions/3.9.21/lib/python3.9/site-packages/airflow/example_dags/example_branch_python_dop_operator_3.py took 0.079 seconds
[2025-02-16T16:24:16.198+0700] {processor.py:186} INFO - Started process (PID=32870) to work on /home/dataengineer/.pyenv/versions/3.9.21/lib/python3.9/site-packages/airflow/example_dags/example_branch_python_dop_operator_3.py
[2025-02-16T16:24:16.200+0700] {processor.py:914} INFO - Processing file /home/dataengineer/.pyenv/versions/3.9.21/lib/python3.9/site-packages/airflow/example_dags/example_branch_python_dop_operator_3.py for tasks to queue
[2025-02-16T16:24:16.201+0700] {logging_mixin.py:190} INFO - [2025-02-16T16:24:16.201+0700] {dagbag.py:588} INFO - Filling up the DagBag from /home/dataengineer/.pyenv/versions/3.9.21/lib/python3.9/site-packages/airflow/example_dags/example_branch_python_dop_operator_3.py
[2025-02-16T16:24:16.214+0700] {processor.py:925} INFO - DAG(s) 'example_branch_dop_operator_v3' retrieved from /home/dataengineer/.pyenv/versions/3.9.21/lib/python3.9/site-packages/airflow/example_dags/example_branch_python_dop_operator_3.py
[2025-02-16T16:24:16.229+0700] {logging_mixin.py:190} INFO - [2025-02-16T16:24:16.229+0700] {dag.py:3239} INFO - Sync 1 DAGs
[2025-02-16T16:24:16.255+0700] {logging_mixin.py:190} INFO - [2025-02-16T16:24:16.255+0700] {dag.py:4180} INFO - Setting next_dagrun for example_branch_dop_operator_v3 to 2025-02-16 09:23:00+00:00, run_after=2025-02-16 09:24:00+00:00
[2025-02-16T16:24:16.277+0700] {processor.py:208} INFO - Processing /home/dataengineer/.pyenv/versions/3.9.21/lib/python3.9/site-packages/airflow/example_dags/example_branch_python_dop_operator_3.py took 0.084 seconds
[2025-02-16T16:25:29.570+0700] {processor.py:186} INFO - Started process (PID=33176) to work on /home/dataengineer/.pyenv/versions/3.9.21/lib/python3.9/site-packages/airflow/example_dags/example_branch_python_dop_operator_3.py
[2025-02-16T16:25:29.571+0700] {processor.py:914} INFO - Processing file /home/dataengineer/.pyenv/versions/3.9.21/lib/python3.9/site-packages/airflow/example_dags/example_branch_python_dop_operator_3.py for tasks to queue
[2025-02-16T16:25:29.573+0700] {logging_mixin.py:190} INFO - [2025-02-16T16:25:29.572+0700] {dagbag.py:588} INFO - Filling up the DagBag from /home/dataengineer/.pyenv/versions/3.9.21/lib/python3.9/site-packages/airflow/example_dags/example_branch_python_dop_operator_3.py
[2025-02-16T16:25:29.584+0700] {processor.py:925} INFO - DAG(s) 'example_branch_dop_operator_v3' retrieved from /home/dataengineer/.pyenv/versions/3.9.21/lib/python3.9/site-packages/airflow/example_dags/example_branch_python_dop_operator_3.py
[2025-02-16T16:25:29.598+0700] {logging_mixin.py:190} INFO - [2025-02-16T16:25:29.598+0700] {dag.py:3239} INFO - Sync 1 DAGs
[2025-02-16T16:25:29.623+0700] {logging_mixin.py:190} INFO - [2025-02-16T16:25:29.623+0700] {dag.py:4180} INFO - Setting next_dagrun for example_branch_dop_operator_v3 to 2025-02-16 09:24:00+00:00, run_after=2025-02-16 09:25:00+00:00
[2025-02-16T16:25:29.643+0700] {processor.py:208} INFO - Processing /home/dataengineer/.pyenv/versions/3.9.21/lib/python3.9/site-packages/airflow/example_dags/example_branch_python_dop_operator_3.py took 0.079 seconds
[2025-02-16T16:26:41.824+0700] {processor.py:186} INFO - Started process (PID=33481) to work on /home/dataengineer/.pyenv/versions/3.9.21/lib/python3.9/site-packages/airflow/example_dags/example_branch_python_dop_operator_3.py
[2025-02-16T16:26:41.825+0700] {processor.py:914} INFO - Processing file /home/dataengineer/.pyenv/versions/3.9.21/lib/python3.9/site-packages/airflow/example_dags/example_branch_python_dop_operator_3.py for tasks to queue
[2025-02-16T16:26:41.826+0700] {logging_mixin.py:190} INFO - [2025-02-16T16:26:41.826+0700] {dagbag.py:588} INFO - Filling up the DagBag from /home/dataengineer/.pyenv/versions/3.9.21/lib/python3.9/site-packages/airflow/example_dags/example_branch_python_dop_operator_3.py
[2025-02-16T16:26:41.837+0700] {processor.py:925} INFO - DAG(s) 'example_branch_dop_operator_v3' retrieved from /home/dataengineer/.pyenv/versions/3.9.21/lib/python3.9/site-packages/airflow/example_dags/example_branch_python_dop_operator_3.py
[2025-02-16T16:26:41.851+0700] {logging_mixin.py:190} INFO - [2025-02-16T16:26:41.850+0700] {dag.py:3239} INFO - Sync 1 DAGs
[2025-02-16T16:26:41.873+0700] {logging_mixin.py:190} INFO - [2025-02-16T16:26:41.873+0700] {dag.py:4180} INFO - Setting next_dagrun for example_branch_dop_operator_v3 to 2025-02-16 09:25:00+00:00, run_after=2025-02-16 09:26:00+00:00
[2025-02-16T16:26:41.892+0700] {processor.py:208} INFO - Processing /home/dataengineer/.pyenv/versions/3.9.21/lib/python3.9/site-packages/airflow/example_dags/example_branch_python_dop_operator_3.py took 0.073 seconds
[2025-02-16T16:27:55.923+0700] {processor.py:186} INFO - Started process (PID=33793) to work on /home/dataengineer/.pyenv/versions/3.9.21/lib/python3.9/site-packages/airflow/example_dags/example_branch_python_dop_operator_3.py
[2025-02-16T16:27:55.924+0700] {processor.py:914} INFO - Processing file /home/dataengineer/.pyenv/versions/3.9.21/lib/python3.9/site-packages/airflow/example_dags/example_branch_python_dop_operator_3.py for tasks to queue
[2025-02-16T16:27:55.925+0700] {logging_mixin.py:190} INFO - [2025-02-16T16:27:55.925+0700] {dagbag.py:588} INFO - Filling up the DagBag from /home/dataengineer/.pyenv/versions/3.9.21/lib/python3.9/site-packages/airflow/example_dags/example_branch_python_dop_operator_3.py
[2025-02-16T16:27:55.937+0700] {processor.py:925} INFO - DAG(s) 'example_branch_dop_operator_v3' retrieved from /home/dataengineer/.pyenv/versions/3.9.21/lib/python3.9/site-packages/airflow/example_dags/example_branch_python_dop_operator_3.py
[2025-02-16T16:27:55.951+0700] {logging_mixin.py:190} INFO - [2025-02-16T16:27:55.951+0700] {dag.py:3239} INFO - Sync 1 DAGs
[2025-02-16T16:27:55.978+0700] {logging_mixin.py:190} INFO - [2025-02-16T16:27:55.977+0700] {dag.py:4180} INFO - Setting next_dagrun for example_branch_dop_operator_v3 to 2025-02-16 09:26:00+00:00, run_after=2025-02-16 09:27:00+00:00
[2025-02-16T16:27:56.000+0700] {processor.py:208} INFO - Processing /home/dataengineer/.pyenv/versions/3.9.21/lib/python3.9/site-packages/airflow/example_dags/example_branch_python_dop_operator_3.py took 0.083 seconds
[2025-02-16T16:29:11.838+0700] {processor.py:186} INFO - Started process (PID=34105) to work on /home/dataengineer/.pyenv/versions/3.9.21/lib/python3.9/site-packages/airflow/example_dags/example_branch_python_dop_operator_3.py
[2025-02-16T16:29:11.839+0700] {processor.py:914} INFO - Processing file /home/dataengineer/.pyenv/versions/3.9.21/lib/python3.9/site-packages/airflow/example_dags/example_branch_python_dop_operator_3.py for tasks to queue
[2025-02-16T16:29:11.841+0700] {logging_mixin.py:190} INFO - [2025-02-16T16:29:11.841+0700] {dagbag.py:588} INFO - Filling up the DagBag from /home/dataengineer/.pyenv/versions/3.9.21/lib/python3.9/site-packages/airflow/example_dags/example_branch_python_dop_operator_3.py
[2025-02-16T16:29:11.853+0700] {processor.py:925} INFO - DAG(s) 'example_branch_dop_operator_v3' retrieved from /home/dataengineer/.pyenv/versions/3.9.21/lib/python3.9/site-packages/airflow/example_dags/example_branch_python_dop_operator_3.py
[2025-02-16T16:29:11.868+0700] {logging_mixin.py:190} INFO - [2025-02-16T16:29:11.868+0700] {dag.py:3239} INFO - Sync 1 DAGs
[2025-02-16T16:29:11.894+0700] {logging_mixin.py:190} INFO - [2025-02-16T16:29:11.894+0700] {dag.py:4180} INFO - Setting next_dagrun for example_branch_dop_operator_v3 to 2025-02-16 09:28:00+00:00, run_after=2025-02-16 09:29:00+00:00
[2025-02-16T16:29:11.917+0700] {processor.py:208} INFO - Processing /home/dataengineer/.pyenv/versions/3.9.21/lib/python3.9/site-packages/airflow/example_dags/example_branch_python_dop_operator_3.py took 0.085 seconds
[2025-02-16T16:30:26.564+0700] {processor.py:186} INFO - Started process (PID=34417) to work on /home/dataengineer/.pyenv/versions/3.9.21/lib/python3.9/site-packages/airflow/example_dags/example_branch_python_dop_operator_3.py
[2025-02-16T16:30:26.566+0700] {processor.py:914} INFO - Processing file /home/dataengineer/.pyenv/versions/3.9.21/lib/python3.9/site-packages/airflow/example_dags/example_branch_python_dop_operator_3.py for tasks to queue
[2025-02-16T16:30:26.567+0700] {logging_mixin.py:190} INFO - [2025-02-16T16:30:26.566+0700] {dagbag.py:588} INFO - Filling up the DagBag from /home/dataengineer/.pyenv/versions/3.9.21/lib/python3.9/site-packages/airflow/example_dags/example_branch_python_dop_operator_3.py
[2025-02-16T16:30:26.580+0700] {processor.py:925} INFO - DAG(s) 'example_branch_dop_operator_v3' retrieved from /home/dataengineer/.pyenv/versions/3.9.21/lib/python3.9/site-packages/airflow/example_dags/example_branch_python_dop_operator_3.py
[2025-02-16T16:30:26.596+0700] {logging_mixin.py:190} INFO - [2025-02-16T16:30:26.596+0700] {dag.py:3239} INFO - Sync 1 DAGs
[2025-02-16T16:30:26.624+0700] {logging_mixin.py:190} INFO - [2025-02-16T16:30:26.623+0700] {dag.py:4180} INFO - Setting next_dagrun for example_branch_dop_operator_v3 to 2025-02-16 09:29:00+00:00, run_after=2025-02-16 09:30:00+00:00
[2025-02-16T16:30:26.646+0700] {processor.py:208} INFO - Processing /home/dataengineer/.pyenv/versions/3.9.21/lib/python3.9/site-packages/airflow/example_dags/example_branch_python_dop_operator_3.py took 0.088 seconds
[2025-02-16T16:31:41.441+0700] {processor.py:186} INFO - Started process (PID=34736) to work on /home/dataengineer/.pyenv/versions/3.9.21/lib/python3.9/site-packages/airflow/example_dags/example_branch_python_dop_operator_3.py
[2025-02-16T16:31:41.442+0700] {processor.py:914} INFO - Processing file /home/dataengineer/.pyenv/versions/3.9.21/lib/python3.9/site-packages/airflow/example_dags/example_branch_python_dop_operator_3.py for tasks to queue
[2025-02-16T16:31:41.443+0700] {logging_mixin.py:190} INFO - [2025-02-16T16:31:41.443+0700] {dagbag.py:588} INFO - Filling up the DagBag from /home/dataengineer/.pyenv/versions/3.9.21/lib/python3.9/site-packages/airflow/example_dags/example_branch_python_dop_operator_3.py
[2025-02-16T16:31:41.455+0700] {processor.py:925} INFO - DAG(s) 'example_branch_dop_operator_v3' retrieved from /home/dataengineer/.pyenv/versions/3.9.21/lib/python3.9/site-packages/airflow/example_dags/example_branch_python_dop_operator_3.py
[2025-02-16T16:31:41.469+0700] {logging_mixin.py:190} INFO - [2025-02-16T16:31:41.469+0700] {dag.py:3239} INFO - Sync 1 DAGs
[2025-02-16T16:31:41.496+0700] {logging_mixin.py:190} INFO - [2025-02-16T16:31:41.496+0700] {dag.py:4180} INFO - Setting next_dagrun for example_branch_dop_operator_v3 to 2025-02-16 09:30:00+00:00, run_after=2025-02-16 09:31:00+00:00
[2025-02-16T16:31:41.517+0700] {processor.py:208} INFO - Processing /home/dataengineer/.pyenv/versions/3.9.21/lib/python3.9/site-packages/airflow/example_dags/example_branch_python_dop_operator_3.py took 0.082 seconds
[2025-02-16T16:32:51.567+0700] {processor.py:186} INFO - Started process (PID=35029) to work on /home/dataengineer/.pyenv/versions/3.9.21/lib/python3.9/site-packages/airflow/example_dags/example_branch_python_dop_operator_3.py
[2025-02-16T16:32:51.569+0700] {processor.py:914} INFO - Processing file /home/dataengineer/.pyenv/versions/3.9.21/lib/python3.9/site-packages/airflow/example_dags/example_branch_python_dop_operator_3.py for tasks to queue
[2025-02-16T16:32:51.570+0700] {logging_mixin.py:190} INFO - [2025-02-16T16:32:51.569+0700] {dagbag.py:588} INFO - Filling up the DagBag from /home/dataengineer/.pyenv/versions/3.9.21/lib/python3.9/site-packages/airflow/example_dags/example_branch_python_dop_operator_3.py
[2025-02-16T16:32:51.580+0700] {processor.py:925} INFO - DAG(s) 'example_branch_dop_operator_v3' retrieved from /home/dataengineer/.pyenv/versions/3.9.21/lib/python3.9/site-packages/airflow/example_dags/example_branch_python_dop_operator_3.py
[2025-02-16T16:32:51.594+0700] {logging_mixin.py:190} INFO - [2025-02-16T16:32:51.594+0700] {dag.py:3239} INFO - Sync 1 DAGs
[2025-02-16T16:32:51.617+0700] {logging_mixin.py:190} INFO - [2025-02-16T16:32:51.617+0700] {dag.py:4180} INFO - Setting next_dagrun for example_branch_dop_operator_v3 to 2025-02-16 09:31:00+00:00, run_after=2025-02-16 09:32:00+00:00
[2025-02-16T16:32:51.636+0700] {processor.py:208} INFO - Processing /home/dataengineer/.pyenv/versions/3.9.21/lib/python3.9/site-packages/airflow/example_dags/example_branch_python_dop_operator_3.py took 0.074 seconds
[2025-02-16T16:34:08.534+0700] {processor.py:186} INFO - Started process (PID=35350) to work on /home/dataengineer/.pyenv/versions/3.9.21/lib/python3.9/site-packages/airflow/example_dags/example_branch_python_dop_operator_3.py
[2025-02-16T16:34:08.535+0700] {processor.py:914} INFO - Processing file /home/dataengineer/.pyenv/versions/3.9.21/lib/python3.9/site-packages/airflow/example_dags/example_branch_python_dop_operator_3.py for tasks to queue
[2025-02-16T16:34:08.537+0700] {logging_mixin.py:190} INFO - [2025-02-16T16:34:08.536+0700] {dagbag.py:588} INFO - Filling up the DagBag from /home/dataengineer/.pyenv/versions/3.9.21/lib/python3.9/site-packages/airflow/example_dags/example_branch_python_dop_operator_3.py
[2025-02-16T16:34:08.551+0700] {processor.py:925} INFO - DAG(s) 'example_branch_dop_operator_v3' retrieved from /home/dataengineer/.pyenv/versions/3.9.21/lib/python3.9/site-packages/airflow/example_dags/example_branch_python_dop_operator_3.py
[2025-02-16T16:34:08.570+0700] {logging_mixin.py:190} INFO - [2025-02-16T16:34:08.570+0700] {dag.py:3239} INFO - Sync 1 DAGs
[2025-02-16T16:34:08.596+0700] {logging_mixin.py:190} INFO - [2025-02-16T16:34:08.596+0700] {dag.py:4180} INFO - Setting next_dagrun for example_branch_dop_operator_v3 to 2025-02-16 09:33:00+00:00, run_after=2025-02-16 09:34:00+00:00
[2025-02-16T16:34:08.615+0700] {processor.py:208} INFO - Processing /home/dataengineer/.pyenv/versions/3.9.21/lib/python3.9/site-packages/airflow/example_dags/example_branch_python_dop_operator_3.py took 0.088 seconds
[2025-02-16T16:35:21.705+0700] {processor.py:186} INFO - Started process (PID=35668) to work on /home/dataengineer/.pyenv/versions/3.9.21/lib/python3.9/site-packages/airflow/example_dags/example_branch_python_dop_operator_3.py
[2025-02-16T16:35:21.707+0700] {processor.py:914} INFO - Processing file /home/dataengineer/.pyenv/versions/3.9.21/lib/python3.9/site-packages/airflow/example_dags/example_branch_python_dop_operator_3.py for tasks to queue
[2025-02-16T16:35:21.709+0700] {logging_mixin.py:190} INFO - [2025-02-16T16:35:21.708+0700] {dagbag.py:588} INFO - Filling up the DagBag from /home/dataengineer/.pyenv/versions/3.9.21/lib/python3.9/site-packages/airflow/example_dags/example_branch_python_dop_operator_3.py
[2025-02-16T16:35:21.723+0700] {processor.py:925} INFO - DAG(s) 'example_branch_dop_operator_v3' retrieved from /home/dataengineer/.pyenv/versions/3.9.21/lib/python3.9/site-packages/airflow/example_dags/example_branch_python_dop_operator_3.py
[2025-02-16T16:35:21.742+0700] {logging_mixin.py:190} INFO - [2025-02-16T16:35:21.742+0700] {dag.py:3239} INFO - Sync 1 DAGs
[2025-02-16T16:35:21.772+0700] {logging_mixin.py:190} INFO - [2025-02-16T16:35:21.771+0700] {dag.py:4180} INFO - Setting next_dagrun for example_branch_dop_operator_v3 to 2025-02-16 09:34:00+00:00, run_after=2025-02-16 09:35:00+00:00
[2025-02-16T16:35:21.793+0700] {processor.py:208} INFO - Processing /home/dataengineer/.pyenv/versions/3.9.21/lib/python3.9/site-packages/airflow/example_dags/example_branch_python_dop_operator_3.py took 0.094 seconds
[2025-02-16T16:36:41.760+0700] {processor.py:186} INFO - Started process (PID=36185) to work on /home/dataengineer/.pyenv/versions/3.9.21/lib/python3.9/site-packages/airflow/example_dags/example_branch_python_dop_operator_3.py
[2025-02-16T16:36:41.761+0700] {processor.py:914} INFO - Processing file /home/dataengineer/.pyenv/versions/3.9.21/lib/python3.9/site-packages/airflow/example_dags/example_branch_python_dop_operator_3.py for tasks to queue
[2025-02-16T16:36:41.762+0700] {logging_mixin.py:190} INFO - [2025-02-16T16:36:41.762+0700] {dagbag.py:588} INFO - Filling up the DagBag from /home/dataengineer/.pyenv/versions/3.9.21/lib/python3.9/site-packages/airflow/example_dags/example_branch_python_dop_operator_3.py
[2025-02-16T16:36:41.776+0700] {processor.py:925} INFO - DAG(s) 'example_branch_dop_operator_v3' retrieved from /home/dataengineer/.pyenv/versions/3.9.21/lib/python3.9/site-packages/airflow/example_dags/example_branch_python_dop_operator_3.py
[2025-02-16T16:36:41.793+0700] {logging_mixin.py:190} INFO - [2025-02-16T16:36:41.792+0700] {dag.py:3239} INFO - Sync 1 DAGs
[2025-02-16T16:36:41.819+0700] {logging_mixin.py:190} INFO - [2025-02-16T16:36:41.819+0700] {dag.py:4180} INFO - Setting next_dagrun for example_branch_dop_operator_v3 to 2025-02-16 09:35:00+00:00, run_after=2025-02-16 09:36:00+00:00
[2025-02-16T16:36:41.841+0700] {processor.py:208} INFO - Processing /home/dataengineer/.pyenv/versions/3.9.21/lib/python3.9/site-packages/airflow/example_dags/example_branch_python_dop_operator_3.py took 0.088 seconds
[2025-02-16T16:37:38.003+0700] {processor.py:186} INFO - Started process (PID=36665) to work on /home/dataengineer/.pyenv/versions/3.9.21/lib/python3.9/site-packages/airflow/example_dags/example_branch_python_dop_operator_3.py
[2025-02-16T16:37:38.005+0700] {processor.py:914} INFO - Processing file /home/dataengineer/.pyenv/versions/3.9.21/lib/python3.9/site-packages/airflow/example_dags/example_branch_python_dop_operator_3.py for tasks to queue
[2025-02-16T16:37:38.007+0700] {logging_mixin.py:190} INFO - [2025-02-16T16:37:38.006+0700] {dagbag.py:588} INFO - Filling up the DagBag from /home/dataengineer/.pyenv/versions/3.9.21/lib/python3.9/site-packages/airflow/example_dags/example_branch_python_dop_operator_3.py
[2025-02-16T16:37:38.020+0700] {processor.py:925} INFO - DAG(s) 'example_branch_dop_operator_v3' retrieved from /home/dataengineer/.pyenv/versions/3.9.21/lib/python3.9/site-packages/airflow/example_dags/example_branch_python_dop_operator_3.py
[2025-02-16T16:37:38.038+0700] {logging_mixin.py:190} INFO - [2025-02-16T16:37:38.038+0700] {dag.py:3239} INFO - Sync 1 DAGs
[2025-02-16T16:37:38.071+0700] {logging_mixin.py:190} INFO - [2025-02-16T16:37:38.071+0700] {dag.py:4180} INFO - Setting next_dagrun for example_branch_dop_operator_v3 to 2025-02-16 09:36:00+00:00, run_after=2025-02-16 09:37:00+00:00
[2025-02-16T16:37:38.112+0700] {processor.py:208} INFO - Processing /home/dataengineer/.pyenv/versions/3.9.21/lib/python3.9/site-packages/airflow/example_dags/example_branch_python_dop_operator_3.py took 0.116 seconds
[2025-02-16T16:38:54.610+0700] {processor.py:186} INFO - Started process (PID=36983) to work on /home/dataengineer/.pyenv/versions/3.9.21/lib/python3.9/site-packages/airflow/example_dags/example_branch_python_dop_operator_3.py
[2025-02-16T16:38:54.611+0700] {processor.py:914} INFO - Processing file /home/dataengineer/.pyenv/versions/3.9.21/lib/python3.9/site-packages/airflow/example_dags/example_branch_python_dop_operator_3.py for tasks to queue
[2025-02-16T16:38:54.613+0700] {logging_mixin.py:190} INFO - [2025-02-16T16:38:54.612+0700] {dagbag.py:588} INFO - Filling up the DagBag from /home/dataengineer/.pyenv/versions/3.9.21/lib/python3.9/site-packages/airflow/example_dags/example_branch_python_dop_operator_3.py
[2025-02-16T16:38:54.624+0700] {processor.py:925} INFO - DAG(s) 'example_branch_dop_operator_v3' retrieved from /home/dataengineer/.pyenv/versions/3.9.21/lib/python3.9/site-packages/airflow/example_dags/example_branch_python_dop_operator_3.py
[2025-02-16T16:38:54.639+0700] {logging_mixin.py:190} INFO - [2025-02-16T16:38:54.638+0700] {dag.py:3239} INFO - Sync 1 DAGs
[2025-02-16T16:38:54.663+0700] {logging_mixin.py:190} INFO - [2025-02-16T16:38:54.663+0700] {dag.py:4180} INFO - Setting next_dagrun for example_branch_dop_operator_v3 to 2025-02-16 09:37:00+00:00, run_after=2025-02-16 09:38:00+00:00
[2025-02-16T16:38:54.684+0700] {processor.py:208} INFO - Processing /home/dataengineer/.pyenv/versions/3.9.21/lib/python3.9/site-packages/airflow/example_dags/example_branch_python_dop_operator_3.py took 0.080 seconds
[2025-02-16T16:40:09.063+0700] {processor.py:186} INFO - Started process (PID=37302) to work on /home/dataengineer/.pyenv/versions/3.9.21/lib/python3.9/site-packages/airflow/example_dags/example_branch_python_dop_operator_3.py
[2025-02-16T16:40:09.067+0700] {processor.py:914} INFO - Processing file /home/dataengineer/.pyenv/versions/3.9.21/lib/python3.9/site-packages/airflow/example_dags/example_branch_python_dop_operator_3.py for tasks to queue
[2025-02-16T16:40:09.069+0700] {logging_mixin.py:190} INFO - [2025-02-16T16:40:09.068+0700] {dagbag.py:588} INFO - Filling up the DagBag from /home/dataengineer/.pyenv/versions/3.9.21/lib/python3.9/site-packages/airflow/example_dags/example_branch_python_dop_operator_3.py
[2025-02-16T16:40:09.085+0700] {processor.py:925} INFO - DAG(s) 'example_branch_dop_operator_v3' retrieved from /home/dataengineer/.pyenv/versions/3.9.21/lib/python3.9/site-packages/airflow/example_dags/example_branch_python_dop_operator_3.py
[2025-02-16T16:40:09.103+0700] {logging_mixin.py:190} INFO - [2025-02-16T16:40:09.102+0700] {dag.py:3239} INFO - Sync 1 DAGs
[2025-02-16T16:40:09.137+0700] {logging_mixin.py:190} INFO - [2025-02-16T16:40:09.137+0700] {dag.py:4180} INFO - Setting next_dagrun for example_branch_dop_operator_v3 to 2025-02-16 09:39:00+00:00, run_after=2025-02-16 09:40:00+00:00
[2025-02-16T16:40:09.158+0700] {processor.py:208} INFO - Processing /home/dataengineer/.pyenv/versions/3.9.21/lib/python3.9/site-packages/airflow/example_dags/example_branch_python_dop_operator_3.py took 0.111 seconds
[2025-02-16T16:41:21.850+0700] {processor.py:186} INFO - Started process (PID=37863) to work on /home/dataengineer/.pyenv/versions/3.9.21/lib/python3.9/site-packages/airflow/example_dags/example_branch_python_dop_operator_3.py
[2025-02-16T16:41:21.851+0700] {processor.py:914} INFO - Processing file /home/dataengineer/.pyenv/versions/3.9.21/lib/python3.9/site-packages/airflow/example_dags/example_branch_python_dop_operator_3.py for tasks to queue
[2025-02-16T16:41:21.852+0700] {logging_mixin.py:190} INFO - [2025-02-16T16:41:21.852+0700] {dagbag.py:588} INFO - Filling up the DagBag from /home/dataengineer/.pyenv/versions/3.9.21/lib/python3.9/site-packages/airflow/example_dags/example_branch_python_dop_operator_3.py
[2025-02-16T16:41:21.864+0700] {processor.py:925} INFO - DAG(s) 'example_branch_dop_operator_v3' retrieved from /home/dataengineer/.pyenv/versions/3.9.21/lib/python3.9/site-packages/airflow/example_dags/example_branch_python_dop_operator_3.py
[2025-02-16T16:41:21.879+0700] {logging_mixin.py:190} INFO - [2025-02-16T16:41:21.878+0700] {dag.py:3239} INFO - Sync 1 DAGs
[2025-02-16T16:41:21.904+0700] {logging_mixin.py:190} INFO - [2025-02-16T16:41:21.904+0700] {dag.py:4180} INFO - Setting next_dagrun for example_branch_dop_operator_v3 to 2025-02-16 09:40:00+00:00, run_after=2025-02-16 09:41:00+00:00
[2025-02-16T16:41:21.926+0700] {processor.py:208} INFO - Processing /home/dataengineer/.pyenv/versions/3.9.21/lib/python3.9/site-packages/airflow/example_dags/example_branch_python_dop_operator_3.py took 0.082 seconds
[2025-02-16T16:42:34.894+0700] {processor.py:186} INFO - Started process (PID=38170) to work on /home/dataengineer/.pyenv/versions/3.9.21/lib/python3.9/site-packages/airflow/example_dags/example_branch_python_dop_operator_3.py
[2025-02-16T16:42:34.895+0700] {processor.py:914} INFO - Processing file /home/dataengineer/.pyenv/versions/3.9.21/lib/python3.9/site-packages/airflow/example_dags/example_branch_python_dop_operator_3.py for tasks to queue
[2025-02-16T16:42:34.897+0700] {logging_mixin.py:190} INFO - [2025-02-16T16:42:34.896+0700] {dagbag.py:588} INFO - Filling up the DagBag from /home/dataengineer/.pyenv/versions/3.9.21/lib/python3.9/site-packages/airflow/example_dags/example_branch_python_dop_operator_3.py
[2025-02-16T16:42:34.908+0700] {processor.py:925} INFO - DAG(s) 'example_branch_dop_operator_v3' retrieved from /home/dataengineer/.pyenv/versions/3.9.21/lib/python3.9/site-packages/airflow/example_dags/example_branch_python_dop_operator_3.py
[2025-02-16T16:42:34.923+0700] {logging_mixin.py:190} INFO - [2025-02-16T16:42:34.923+0700] {dag.py:3239} INFO - Sync 1 DAGs
[2025-02-16T16:42:34.950+0700] {logging_mixin.py:190} INFO - [2025-02-16T16:42:34.950+0700] {dag.py:4180} INFO - Setting next_dagrun for example_branch_dop_operator_v3 to 2025-02-16 09:41:00+00:00, run_after=2025-02-16 09:42:00+00:00
[2025-02-16T16:42:34.973+0700] {processor.py:208} INFO - Processing /home/dataengineer/.pyenv/versions/3.9.21/lib/python3.9/site-packages/airflow/example_dags/example_branch_python_dop_operator_3.py took 0.085 seconds
[2025-02-16T16:43:47.136+0700] {processor.py:186} INFO - Started process (PID=38478) to work on /home/dataengineer/.pyenv/versions/3.9.21/lib/python3.9/site-packages/airflow/example_dags/example_branch_python_dop_operator_3.py
[2025-02-16T16:43:47.138+0700] {processor.py:914} INFO - Processing file /home/dataengineer/.pyenv/versions/3.9.21/lib/python3.9/site-packages/airflow/example_dags/example_branch_python_dop_operator_3.py for tasks to queue
[2025-02-16T16:43:47.139+0700] {logging_mixin.py:190} INFO - [2025-02-16T16:43:47.139+0700] {dagbag.py:588} INFO - Filling up the DagBag from /home/dataengineer/.pyenv/versions/3.9.21/lib/python3.9/site-packages/airflow/example_dags/example_branch_python_dop_operator_3.py
[2025-02-16T16:43:47.153+0700] {processor.py:925} INFO - DAG(s) 'example_branch_dop_operator_v3' retrieved from /home/dataengineer/.pyenv/versions/3.9.21/lib/python3.9/site-packages/airflow/example_dags/example_branch_python_dop_operator_3.py
[2025-02-16T16:43:47.171+0700] {logging_mixin.py:190} INFO - [2025-02-16T16:43:47.170+0700] {dag.py:3239} INFO - Sync 1 DAGs
[2025-02-16T16:43:47.196+0700] {logging_mixin.py:190} INFO - [2025-02-16T16:43:47.196+0700] {dag.py:4180} INFO - Setting next_dagrun for example_branch_dop_operator_v3 to 2025-02-16 09:42:00+00:00, run_after=2025-02-16 09:43:00+00:00
[2025-02-16T16:43:47.215+0700] {processor.py:208} INFO - Processing /home/dataengineer/.pyenv/versions/3.9.21/lib/python3.9/site-packages/airflow/example_dags/example_branch_python_dop_operator_3.py took 0.084 seconds
[2025-02-16T16:44:58.441+0700] {processor.py:186} INFO - Started process (PID=38784) to work on /home/dataengineer/.pyenv/versions/3.9.21/lib/python3.9/site-packages/airflow/example_dags/example_branch_python_dop_operator_3.py
[2025-02-16T16:44:58.442+0700] {processor.py:914} INFO - Processing file /home/dataengineer/.pyenv/versions/3.9.21/lib/python3.9/site-packages/airflow/example_dags/example_branch_python_dop_operator_3.py for tasks to queue
[2025-02-16T16:44:58.444+0700] {logging_mixin.py:190} INFO - [2025-02-16T16:44:58.443+0700] {dagbag.py:588} INFO - Filling up the DagBag from /home/dataengineer/.pyenv/versions/3.9.21/lib/python3.9/site-packages/airflow/example_dags/example_branch_python_dop_operator_3.py
[2025-02-16T16:44:58.457+0700] {processor.py:925} INFO - DAG(s) 'example_branch_dop_operator_v3' retrieved from /home/dataengineer/.pyenv/versions/3.9.21/lib/python3.9/site-packages/airflow/example_dags/example_branch_python_dop_operator_3.py
[2025-02-16T16:44:58.474+0700] {logging_mixin.py:190} INFO - [2025-02-16T16:44:58.474+0700] {dag.py:3239} INFO - Sync 1 DAGs
[2025-02-16T16:44:58.502+0700] {logging_mixin.py:190} INFO - [2025-02-16T16:44:58.502+0700] {dag.py:4180} INFO - Setting next_dagrun for example_branch_dop_operator_v3 to 2025-02-16 09:43:00+00:00, run_after=2025-02-16 09:44:00+00:00
[2025-02-16T16:44:58.524+0700] {processor.py:208} INFO - Processing /home/dataengineer/.pyenv/versions/3.9.21/lib/python3.9/site-packages/airflow/example_dags/example_branch_python_dop_operator_3.py took 0.089 seconds
[2025-02-16T16:46:06.083+0700] {processor.py:186} INFO - Started process (PID=39099) to work on /home/dataengineer/.pyenv/versions/3.9.21/lib/python3.9/site-packages/airflow/example_dags/example_branch_python_dop_operator_3.py
[2025-02-16T16:46:06.085+0700] {processor.py:914} INFO - Processing file /home/dataengineer/.pyenv/versions/3.9.21/lib/python3.9/site-packages/airflow/example_dags/example_branch_python_dop_operator_3.py for tasks to queue
[2025-02-16T16:46:06.086+0700] {logging_mixin.py:190} INFO - [2025-02-16T16:46:06.085+0700] {dagbag.py:588} INFO - Filling up the DagBag from /home/dataengineer/.pyenv/versions/3.9.21/lib/python3.9/site-packages/airflow/example_dags/example_branch_python_dop_operator_3.py
[2025-02-16T16:46:06.097+0700] {processor.py:925} INFO - DAG(s) 'example_branch_dop_operator_v3' retrieved from /home/dataengineer/.pyenv/versions/3.9.21/lib/python3.9/site-packages/airflow/example_dags/example_branch_python_dop_operator_3.py
[2025-02-16T16:46:06.110+0700] {logging_mixin.py:190} INFO - [2025-02-16T16:46:06.110+0700] {dag.py:3239} INFO - Sync 1 DAGs
[2025-02-16T16:46:06.138+0700] {logging_mixin.py:190} INFO - [2025-02-16T16:46:06.137+0700] {dag.py:4180} INFO - Setting next_dagrun for example_branch_dop_operator_v3 to 2025-02-16 09:45:00+00:00, run_after=2025-02-16 09:46:00+00:00
[2025-02-16T16:46:06.158+0700] {processor.py:208} INFO - Processing /home/dataengineer/.pyenv/versions/3.9.21/lib/python3.9/site-packages/airflow/example_dags/example_branch_python_dop_operator_3.py took 0.080 seconds
[2025-02-16T16:47:15.644+0700] {processor.py:186} INFO - Started process (PID=39396) to work on /home/dataengineer/.pyenv/versions/3.9.21/lib/python3.9/site-packages/airflow/example_dags/example_branch_python_dop_operator_3.py
[2025-02-16T16:47:15.646+0700] {processor.py:914} INFO - Processing file /home/dataengineer/.pyenv/versions/3.9.21/lib/python3.9/site-packages/airflow/example_dags/example_branch_python_dop_operator_3.py for tasks to queue
[2025-02-16T16:47:15.647+0700] {logging_mixin.py:190} INFO - [2025-02-16T16:47:15.647+0700] {dagbag.py:588} INFO - Filling up the DagBag from /home/dataengineer/.pyenv/versions/3.9.21/lib/python3.9/site-packages/airflow/example_dags/example_branch_python_dop_operator_3.py
[2025-02-16T16:47:15.661+0700] {processor.py:925} INFO - DAG(s) 'example_branch_dop_operator_v3' retrieved from /home/dataengineer/.pyenv/versions/3.9.21/lib/python3.9/site-packages/airflow/example_dags/example_branch_python_dop_operator_3.py
[2025-02-16T16:47:15.676+0700] {logging_mixin.py:190} INFO - [2025-02-16T16:47:15.675+0700] {dag.py:3239} INFO - Sync 1 DAGs
[2025-02-16T16:47:15.703+0700] {logging_mixin.py:190} INFO - [2025-02-16T16:47:15.703+0700] {dag.py:4180} INFO - Setting next_dagrun for example_branch_dop_operator_v3 to 2025-02-16 09:46:00+00:00, run_after=2025-02-16 09:47:00+00:00
[2025-02-16T16:47:15.726+0700] {processor.py:208} INFO - Processing /home/dataengineer/.pyenv/versions/3.9.21/lib/python3.9/site-packages/airflow/example_dags/example_branch_python_dop_operator_3.py took 0.088 seconds
[2025-02-16T16:48:26.854+0700] {processor.py:186} INFO - Started process (PID=39726) to work on /home/dataengineer/.pyenv/versions/3.9.21/lib/python3.9/site-packages/airflow/example_dags/example_branch_python_dop_operator_3.py
[2025-02-16T16:48:26.855+0700] {processor.py:914} INFO - Processing file /home/dataengineer/.pyenv/versions/3.9.21/lib/python3.9/site-packages/airflow/example_dags/example_branch_python_dop_operator_3.py for tasks to queue
[2025-02-16T16:48:26.856+0700] {logging_mixin.py:190} INFO - [2025-02-16T16:48:26.856+0700] {dagbag.py:588} INFO - Filling up the DagBag from /home/dataengineer/.pyenv/versions/3.9.21/lib/python3.9/site-packages/airflow/example_dags/example_branch_python_dop_operator_3.py
[2025-02-16T16:48:26.869+0700] {processor.py:925} INFO - DAG(s) 'example_branch_dop_operator_v3' retrieved from /home/dataengineer/.pyenv/versions/3.9.21/lib/python3.9/site-packages/airflow/example_dags/example_branch_python_dop_operator_3.py
[2025-02-16T16:48:26.883+0700] {logging_mixin.py:190} INFO - [2025-02-16T16:48:26.883+0700] {dag.py:3239} INFO - Sync 1 DAGs
[2025-02-16T16:48:26.908+0700] {logging_mixin.py:190} INFO - [2025-02-16T16:48:26.908+0700] {dag.py:4180} INFO - Setting next_dagrun for example_branch_dop_operator_v3 to 2025-02-16 09:47:00+00:00, run_after=2025-02-16 09:48:00+00:00
[2025-02-16T16:48:26.929+0700] {processor.py:208} INFO - Processing /home/dataengineer/.pyenv/versions/3.9.21/lib/python3.9/site-packages/airflow/example_dags/example_branch_python_dop_operator_3.py took 0.082 seconds
[2025-02-16T16:49:41.363+0700] {processor.py:186} INFO - Started process (PID=40123) to work on /home/dataengineer/.pyenv/versions/3.9.21/lib/python3.9/site-packages/airflow/example_dags/example_branch_python_dop_operator_3.py
[2025-02-16T16:49:41.364+0700] {processor.py:914} INFO - Processing file /home/dataengineer/.pyenv/versions/3.9.21/lib/python3.9/site-packages/airflow/example_dags/example_branch_python_dop_operator_3.py for tasks to queue
[2025-02-16T16:49:41.365+0700] {logging_mixin.py:190} INFO - [2025-02-16T16:49:41.365+0700] {dagbag.py:588} INFO - Filling up the DagBag from /home/dataengineer/.pyenv/versions/3.9.21/lib/python3.9/site-packages/airflow/example_dags/example_branch_python_dop_operator_3.py
[2025-02-16T16:49:41.377+0700] {processor.py:925} INFO - DAG(s) 'example_branch_dop_operator_v3' retrieved from /home/dataengineer/.pyenv/versions/3.9.21/lib/python3.9/site-packages/airflow/example_dags/example_branch_python_dop_operator_3.py
[2025-02-16T16:49:41.391+0700] {logging_mixin.py:190} INFO - [2025-02-16T16:49:41.391+0700] {dag.py:3239} INFO - Sync 1 DAGs
[2025-02-16T16:49:41.416+0700] {logging_mixin.py:190} INFO - [2025-02-16T16:49:41.416+0700] {dag.py:4180} INFO - Setting next_dagrun for example_branch_dop_operator_v3 to 2025-02-16 09:48:00+00:00, run_after=2025-02-16 09:49:00+00:00
[2025-02-16T16:49:41.436+0700] {processor.py:208} INFO - Processing /home/dataengineer/.pyenv/versions/3.9.21/lib/python3.9/site-packages/airflow/example_dags/example_branch_python_dop_operator_3.py took 0.079 seconds
[2025-02-16T16:50:56.489+0700] {processor.py:186} INFO - Started process (PID=40473) to work on /home/dataengineer/.pyenv/versions/3.9.21/lib/python3.9/site-packages/airflow/example_dags/example_branch_python_dop_operator_3.py
[2025-02-16T16:50:56.490+0700] {processor.py:914} INFO - Processing file /home/dataengineer/.pyenv/versions/3.9.21/lib/python3.9/site-packages/airflow/example_dags/example_branch_python_dop_operator_3.py for tasks to queue
[2025-02-16T16:50:56.491+0700] {logging_mixin.py:190} INFO - [2025-02-16T16:50:56.490+0700] {dagbag.py:588} INFO - Filling up the DagBag from /home/dataengineer/.pyenv/versions/3.9.21/lib/python3.9/site-packages/airflow/example_dags/example_branch_python_dop_operator_3.py
[2025-02-16T16:50:56.502+0700] {processor.py:925} INFO - DAG(s) 'example_branch_dop_operator_v3' retrieved from /home/dataengineer/.pyenv/versions/3.9.21/lib/python3.9/site-packages/airflow/example_dags/example_branch_python_dop_operator_3.py
[2025-02-16T16:50:56.515+0700] {logging_mixin.py:190} INFO - [2025-02-16T16:50:56.515+0700] {dag.py:3239} INFO - Sync 1 DAGs
[2025-02-16T16:50:56.539+0700] {logging_mixin.py:190} INFO - [2025-02-16T16:50:56.539+0700] {dag.py:4180} INFO - Setting next_dagrun for example_branch_dop_operator_v3 to 2025-02-16 09:49:00+00:00, run_after=2025-02-16 09:50:00+00:00
[2025-02-16T16:50:56.558+0700] {processor.py:208} INFO - Processing /home/dataengineer/.pyenv/versions/3.9.21/lib/python3.9/site-packages/airflow/example_dags/example_branch_python_dop_operator_3.py took 0.075 seconds
[2025-02-16T16:52:05.679+0700] {processor.py:186} INFO - Started process (PID=40762) to work on /home/dataengineer/.pyenv/versions/3.9.21/lib/python3.9/site-packages/airflow/example_dags/example_branch_python_dop_operator_3.py
[2025-02-16T16:52:05.680+0700] {processor.py:914} INFO - Processing file /home/dataengineer/.pyenv/versions/3.9.21/lib/python3.9/site-packages/airflow/example_dags/example_branch_python_dop_operator_3.py for tasks to queue
[2025-02-16T16:52:05.682+0700] {logging_mixin.py:190} INFO - [2025-02-16T16:52:05.682+0700] {dagbag.py:588} INFO - Filling up the DagBag from /home/dataengineer/.pyenv/versions/3.9.21/lib/python3.9/site-packages/airflow/example_dags/example_branch_python_dop_operator_3.py
[2025-02-16T16:52:05.695+0700] {processor.py:925} INFO - DAG(s) 'example_branch_dop_operator_v3' retrieved from /home/dataengineer/.pyenv/versions/3.9.21/lib/python3.9/site-packages/airflow/example_dags/example_branch_python_dop_operator_3.py
[2025-02-16T16:52:05.710+0700] {logging_mixin.py:190} INFO - [2025-02-16T16:52:05.710+0700] {dag.py:3239} INFO - Sync 1 DAGs
[2025-02-16T16:52:05.738+0700] {logging_mixin.py:190} INFO - [2025-02-16T16:52:05.738+0700] {dag.py:4180} INFO - Setting next_dagrun for example_branch_dop_operator_v3 to 2025-02-16 09:51:00+00:00, run_after=2025-02-16 09:52:00+00:00
[2025-02-16T16:52:05.761+0700] {processor.py:208} INFO - Processing /home/dataengineer/.pyenv/versions/3.9.21/lib/python3.9/site-packages/airflow/example_dags/example_branch_python_dop_operator_3.py took 0.088 seconds
[2025-02-16T16:53:19.471+0700] {processor.py:186} INFO - Started process (PID=41091) to work on /home/dataengineer/.pyenv/versions/3.9.21/lib/python3.9/site-packages/airflow/example_dags/example_branch_python_dop_operator_3.py
[2025-02-16T16:53:19.472+0700] {processor.py:914} INFO - Processing file /home/dataengineer/.pyenv/versions/3.9.21/lib/python3.9/site-packages/airflow/example_dags/example_branch_python_dop_operator_3.py for tasks to queue
[2025-02-16T16:53:19.473+0700] {logging_mixin.py:190} INFO - [2025-02-16T16:53:19.473+0700] {dagbag.py:588} INFO - Filling up the DagBag from /home/dataengineer/.pyenv/versions/3.9.21/lib/python3.9/site-packages/airflow/example_dags/example_branch_python_dop_operator_3.py
[2025-02-16T16:53:19.484+0700] {processor.py:925} INFO - DAG(s) 'example_branch_dop_operator_v3' retrieved from /home/dataengineer/.pyenv/versions/3.9.21/lib/python3.9/site-packages/airflow/example_dags/example_branch_python_dop_operator_3.py
[2025-02-16T16:53:19.497+0700] {logging_mixin.py:190} INFO - [2025-02-16T16:53:19.497+0700] {dag.py:3239} INFO - Sync 1 DAGs
[2025-02-16T16:53:19.520+0700] {logging_mixin.py:190} INFO - [2025-02-16T16:53:19.520+0700] {dag.py:4180} INFO - Setting next_dagrun for example_branch_dop_operator_v3 to 2025-02-16 09:52:00+00:00, run_after=2025-02-16 09:53:00+00:00
[2025-02-16T16:53:19.539+0700] {processor.py:208} INFO - Processing /home/dataengineer/.pyenv/versions/3.9.21/lib/python3.9/site-packages/airflow/example_dags/example_branch_python_dop_operator_3.py took 0.073 seconds
[2025-02-16T16:54:35.829+0700] {processor.py:186} INFO - Started process (PID=41429) to work on /home/dataengineer/.pyenv/versions/3.9.21/lib/python3.9/site-packages/airflow/example_dags/example_branch_python_dop_operator_3.py
[2025-02-16T16:54:35.831+0700] {processor.py:914} INFO - Processing file /home/dataengineer/.pyenv/versions/3.9.21/lib/python3.9/site-packages/airflow/example_dags/example_branch_python_dop_operator_3.py for tasks to queue
[2025-02-16T16:54:35.832+0700] {logging_mixin.py:190} INFO - [2025-02-16T16:54:35.831+0700] {dagbag.py:588} INFO - Filling up the DagBag from /home/dataengineer/.pyenv/versions/3.9.21/lib/python3.9/site-packages/airflow/example_dags/example_branch_python_dop_operator_3.py
[2025-02-16T16:54:35.844+0700] {processor.py:925} INFO - DAG(s) 'example_branch_dop_operator_v3' retrieved from /home/dataengineer/.pyenv/versions/3.9.21/lib/python3.9/site-packages/airflow/example_dags/example_branch_python_dop_operator_3.py
[2025-02-16T16:54:35.860+0700] {logging_mixin.py:190} INFO - [2025-02-16T16:54:35.859+0700] {dag.py:3239} INFO - Sync 1 DAGs
[2025-02-16T16:54:35.885+0700] {logging_mixin.py:190} INFO - [2025-02-16T16:54:35.885+0700] {dag.py:4180} INFO - Setting next_dagrun for example_branch_dop_operator_v3 to 2025-02-16 09:53:00+00:00, run_after=2025-02-16 09:54:00+00:00
[2025-02-16T16:54:35.906+0700] {processor.py:208} INFO - Processing /home/dataengineer/.pyenv/versions/3.9.21/lib/python3.9/site-packages/airflow/example_dags/example_branch_python_dop_operator_3.py took 0.083 seconds
[2025-02-16T16:55:49.668+0700] {processor.py:186} INFO - Started process (PID=41757) to work on /home/dataengineer/.pyenv/versions/3.9.21/lib/python3.9/site-packages/airflow/example_dags/example_branch_python_dop_operator_3.py
[2025-02-16T16:55:49.669+0700] {processor.py:914} INFO - Processing file /home/dataengineer/.pyenv/versions/3.9.21/lib/python3.9/site-packages/airflow/example_dags/example_branch_python_dop_operator_3.py for tasks to queue
[2025-02-16T16:55:49.671+0700] {logging_mixin.py:190} INFO - [2025-02-16T16:55:49.671+0700] {dagbag.py:588} INFO - Filling up the DagBag from /home/dataengineer/.pyenv/versions/3.9.21/lib/python3.9/site-packages/airflow/example_dags/example_branch_python_dop_operator_3.py
[2025-02-16T16:55:49.685+0700] {processor.py:925} INFO - DAG(s) 'example_branch_dop_operator_v3' retrieved from /home/dataengineer/.pyenv/versions/3.9.21/lib/python3.9/site-packages/airflow/example_dags/example_branch_python_dop_operator_3.py
[2025-02-16T16:55:49.704+0700] {logging_mixin.py:190} INFO - [2025-02-16T16:55:49.704+0700] {dag.py:3239} INFO - Sync 1 DAGs
[2025-02-16T16:55:49.732+0700] {logging_mixin.py:190} INFO - [2025-02-16T16:55:49.731+0700] {dag.py:4180} INFO - Setting next_dagrun for example_branch_dop_operator_v3 to 2025-02-16 09:54:00+00:00, run_after=2025-02-16 09:55:00+00:00
[2025-02-16T16:55:49.756+0700] {processor.py:208} INFO - Processing /home/dataengineer/.pyenv/versions/3.9.21/lib/python3.9/site-packages/airflow/example_dags/example_branch_python_dop_operator_3.py took 0.095 seconds
[2025-02-16T16:56:56.635+0700] {processor.py:186} INFO - Started process (PID=42268) to work on /home/dataengineer/.pyenv/versions/3.9.21/lib/python3.9/site-packages/airflow/example_dags/example_branch_python_dop_operator_3.py
[2025-02-16T16:56:56.636+0700] {processor.py:914} INFO - Processing file /home/dataengineer/.pyenv/versions/3.9.21/lib/python3.9/site-packages/airflow/example_dags/example_branch_python_dop_operator_3.py for tasks to queue
[2025-02-16T16:56:56.638+0700] {logging_mixin.py:190} INFO - [2025-02-16T16:56:56.637+0700] {dagbag.py:588} INFO - Filling up the DagBag from /home/dataengineer/.pyenv/versions/3.9.21/lib/python3.9/site-packages/airflow/example_dags/example_branch_python_dop_operator_3.py
[2025-02-16T16:56:56.650+0700] {processor.py:925} INFO - DAG(s) 'example_branch_dop_operator_v3' retrieved from /home/dataengineer/.pyenv/versions/3.9.21/lib/python3.9/site-packages/airflow/example_dags/example_branch_python_dop_operator_3.py
[2025-02-16T16:56:56.665+0700] {logging_mixin.py:190} INFO - [2025-02-16T16:56:56.665+0700] {dag.py:3239} INFO - Sync 1 DAGs
[2025-02-16T16:56:56.691+0700] {logging_mixin.py:190} INFO - [2025-02-16T16:56:56.691+0700] {dag.py:4180} INFO - Setting next_dagrun for example_branch_dop_operator_v3 to 2025-02-16 09:55:00+00:00, run_after=2025-02-16 09:56:00+00:00
[2025-02-16T16:56:56.716+0700] {processor.py:208} INFO - Processing /home/dataengineer/.pyenv/versions/3.9.21/lib/python3.9/site-packages/airflow/example_dags/example_branch_python_dop_operator_3.py took 0.087 seconds
[2025-02-16T16:58:12.516+0700] {processor.py:186} INFO - Started process (PID=42926) to work on /home/dataengineer/.pyenv/versions/3.9.21/lib/python3.9/site-packages/airflow/example_dags/example_branch_python_dop_operator_3.py
[2025-02-16T16:58:12.517+0700] {processor.py:914} INFO - Processing file /home/dataengineer/.pyenv/versions/3.9.21/lib/python3.9/site-packages/airflow/example_dags/example_branch_python_dop_operator_3.py for tasks to queue
[2025-02-16T16:58:12.519+0700] {logging_mixin.py:190} INFO - [2025-02-16T16:58:12.518+0700] {dagbag.py:588} INFO - Filling up the DagBag from /home/dataengineer/.pyenv/versions/3.9.21/lib/python3.9/site-packages/airflow/example_dags/example_branch_python_dop_operator_3.py
[2025-02-16T16:58:12.532+0700] {processor.py:925} INFO - DAG(s) 'example_branch_dop_operator_v3' retrieved from /home/dataengineer/.pyenv/versions/3.9.21/lib/python3.9/site-packages/airflow/example_dags/example_branch_python_dop_operator_3.py
[2025-02-16T16:58:12.549+0700] {logging_mixin.py:190} INFO - [2025-02-16T16:58:12.549+0700] {dag.py:3239} INFO - Sync 1 DAGs
[2025-02-16T16:58:12.577+0700] {logging_mixin.py:190} INFO - [2025-02-16T16:58:12.577+0700] {dag.py:4180} INFO - Setting next_dagrun for example_branch_dop_operator_v3 to 2025-02-16 09:57:00+00:00, run_after=2025-02-16 09:58:00+00:00
[2025-02-16T16:58:12.599+0700] {processor.py:208} INFO - Processing /home/dataengineer/.pyenv/versions/3.9.21/lib/python3.9/site-packages/airflow/example_dags/example_branch_python_dop_operator_3.py took 0.090 seconds
[2025-02-16T16:59:29.148+0700] {processor.py:186} INFO - Started process (PID=43355) to work on /home/dataengineer/.pyenv/versions/3.9.21/lib/python3.9/site-packages/airflow/example_dags/example_branch_python_dop_operator_3.py
[2025-02-16T16:59:29.149+0700] {processor.py:914} INFO - Processing file /home/dataengineer/.pyenv/versions/3.9.21/lib/python3.9/site-packages/airflow/example_dags/example_branch_python_dop_operator_3.py for tasks to queue
[2025-02-16T16:59:29.151+0700] {logging_mixin.py:190} INFO - [2025-02-16T16:59:29.150+0700] {dagbag.py:588} INFO - Filling up the DagBag from /home/dataengineer/.pyenv/versions/3.9.21/lib/python3.9/site-packages/airflow/example_dags/example_branch_python_dop_operator_3.py
[2025-02-16T16:59:29.162+0700] {processor.py:925} INFO - DAG(s) 'example_branch_dop_operator_v3' retrieved from /home/dataengineer/.pyenv/versions/3.9.21/lib/python3.9/site-packages/airflow/example_dags/example_branch_python_dop_operator_3.py
[2025-02-16T16:59:29.177+0700] {logging_mixin.py:190} INFO - [2025-02-16T16:59:29.176+0700] {dag.py:3239} INFO - Sync 1 DAGs
[2025-02-16T16:59:29.203+0700] {logging_mixin.py:190} INFO - [2025-02-16T16:59:29.203+0700] {dag.py:4180} INFO - Setting next_dagrun for example_branch_dop_operator_v3 to 2025-02-16 09:58:00+00:00, run_after=2025-02-16 09:59:00+00:00
[2025-02-16T16:59:29.224+0700] {processor.py:208} INFO - Processing /home/dataengineer/.pyenv/versions/3.9.21/lib/python3.9/site-packages/airflow/example_dags/example_branch_python_dop_operator_3.py took 0.082 seconds
