[2025-02-16T15:58:03.024+0700] {processor.py:186} INFO - Started process (PID=25553) to work on /home/dataengineer/.pyenv/versions/3.9.21/lib/python3.9/site-packages/airflow/example_dags/example_branch_operator.py
[2025-02-16T15:58:03.025+0700] {processor.py:914} INFO - Processing file /home/dataengineer/.pyenv/versions/3.9.21/lib/python3.9/site-packages/airflow/example_dags/example_branch_operator.py for tasks to queue
[2025-02-16T15:58:03.027+0700] {logging_mixin.py:190} INFO - [2025-02-16T15:58:03.027+0700] {dagbag.py:588} INFO - Filling up the DagBag from /home/dataengineer/.pyenv/versions/3.9.21/lib/python3.9/site-packages/airflow/example_dags/example_branch_operator.py
[2025-02-16T15:58:03.098+0700] {processor.py:927} WARNING - No viable dags retrieved from /home/dataengineer/.pyenv/versions/3.9.21/lib/python3.9/site-packages/airflow/example_dags/example_branch_operator.py
[2025-02-16T15:58:03.108+0700] {processor.py:208} INFO - Processing /home/dataengineer/.pyenv/versions/3.9.21/lib/python3.9/site-packages/airflow/example_dags/example_branch_operator.py took 0.090 seconds
[2025-02-16T15:58:58.486+0700] {processor.py:186} INFO - Started process (PID=25784) to work on /home/dataengineer/.pyenv/versions/3.9.21/lib/python3.9/site-packages/airflow/example_dags/example_branch_operator.py
[2025-02-16T15:58:58.487+0700] {processor.py:914} INFO - Processing file /home/dataengineer/.pyenv/versions/3.9.21/lib/python3.9/site-packages/airflow/example_dags/example_branch_operator.py for tasks to queue
[2025-02-16T15:58:58.489+0700] {logging_mixin.py:190} INFO - [2025-02-16T15:58:58.488+0700] {dagbag.py:588} INFO - Filling up the DagBag from /home/dataengineer/.pyenv/versions/3.9.21/lib/python3.9/site-packages/airflow/example_dags/example_branch_operator.py
[2025-02-16T15:58:58.565+0700] {processor.py:927} WARNING - No viable dags retrieved from /home/dataengineer/.pyenv/versions/3.9.21/lib/python3.9/site-packages/airflow/example_dags/example_branch_operator.py
[2025-02-16T15:58:58.575+0700] {processor.py:208} INFO - Processing /home/dataengineer/.pyenv/versions/3.9.21/lib/python3.9/site-packages/airflow/example_dags/example_branch_operator.py took 0.097 seconds
[2025-02-16T16:00:11.250+0700] {processor.py:186} INFO - Started process (PID=26177) to work on /home/dataengineer/.pyenv/versions/3.9.21/lib/python3.9/site-packages/airflow/example_dags/example_branch_operator.py
[2025-02-16T16:00:11.251+0700] {processor.py:914} INFO - Processing file /home/dataengineer/.pyenv/versions/3.9.21/lib/python3.9/site-packages/airflow/example_dags/example_branch_operator.py for tasks to queue
[2025-02-16T16:00:11.252+0700] {logging_mixin.py:190} INFO - [2025-02-16T16:00:11.252+0700] {dagbag.py:588} INFO - Filling up the DagBag from /home/dataengineer/.pyenv/versions/3.9.21/lib/python3.9/site-packages/airflow/example_dags/example_branch_operator.py
[2025-02-16T16:00:11.323+0700] {processor.py:927} WARNING - No viable dags retrieved from /home/dataengineer/.pyenv/versions/3.9.21/lib/python3.9/site-packages/airflow/example_dags/example_branch_operator.py
[2025-02-16T16:00:11.333+0700] {processor.py:208} INFO - Processing /home/dataengineer/.pyenv/versions/3.9.21/lib/python3.9/site-packages/airflow/example_dags/example_branch_operator.py took 0.089 seconds
[2025-02-16T16:01:27.792+0700] {processor.py:186} INFO - Started process (PID=26692) to work on /home/dataengineer/.pyenv/versions/3.9.21/lib/python3.9/site-packages/airflow/example_dags/example_branch_operator.py
[2025-02-16T16:01:27.793+0700] {processor.py:914} INFO - Processing file /home/dataengineer/.pyenv/versions/3.9.21/lib/python3.9/site-packages/airflow/example_dags/example_branch_operator.py for tasks to queue
[2025-02-16T16:01:27.794+0700] {logging_mixin.py:190} INFO - [2025-02-16T16:01:27.794+0700] {dagbag.py:588} INFO - Filling up the DagBag from /home/dataengineer/.pyenv/versions/3.9.21/lib/python3.9/site-packages/airflow/example_dags/example_branch_operator.py
[2025-02-16T16:01:27.864+0700] {processor.py:927} WARNING - No viable dags retrieved from /home/dataengineer/.pyenv/versions/3.9.21/lib/python3.9/site-packages/airflow/example_dags/example_branch_operator.py
[2025-02-16T16:01:27.873+0700] {processor.py:208} INFO - Processing /home/dataengineer/.pyenv/versions/3.9.21/lib/python3.9/site-packages/airflow/example_dags/example_branch_operator.py took 0.086 seconds
[2025-02-16T16:02:35.833+0700] {processor.py:186} INFO - Started process (PID=27120) to work on /home/dataengineer/.pyenv/versions/3.9.21/lib/python3.9/site-packages/airflow/example_dags/example_branch_operator.py
[2025-02-16T16:02:35.834+0700] {processor.py:914} INFO - Processing file /home/dataengineer/.pyenv/versions/3.9.21/lib/python3.9/site-packages/airflow/example_dags/example_branch_operator.py for tasks to queue
[2025-02-16T16:02:35.836+0700] {logging_mixin.py:190} INFO - [2025-02-16T16:02:35.835+0700] {dagbag.py:588} INFO - Filling up the DagBag from /home/dataengineer/.pyenv/versions/3.9.21/lib/python3.9/site-packages/airflow/example_dags/example_branch_operator.py
[2025-02-16T16:02:35.907+0700] {processor.py:927} WARNING - No viable dags retrieved from /home/dataengineer/.pyenv/versions/3.9.21/lib/python3.9/site-packages/airflow/example_dags/example_branch_operator.py
[2025-02-16T16:02:35.918+0700] {processor.py:208} INFO - Processing /home/dataengineer/.pyenv/versions/3.9.21/lib/python3.9/site-packages/airflow/example_dags/example_branch_operator.py took 0.090 seconds
[2025-02-16T16:03:44.709+0700] {processor.py:186} INFO - Started process (PID=27409) to work on /home/dataengineer/.pyenv/versions/3.9.21/lib/python3.9/site-packages/airflow/example_dags/example_branch_operator.py
[2025-02-16T16:03:44.710+0700] {processor.py:914} INFO - Processing file /home/dataengineer/.pyenv/versions/3.9.21/lib/python3.9/site-packages/airflow/example_dags/example_branch_operator.py for tasks to queue
[2025-02-16T16:03:44.712+0700] {logging_mixin.py:190} INFO - [2025-02-16T16:03:44.712+0700] {dagbag.py:588} INFO - Filling up the DagBag from /home/dataengineer/.pyenv/versions/3.9.21/lib/python3.9/site-packages/airflow/example_dags/example_branch_operator.py
[2025-02-16T16:03:44.788+0700] {processor.py:927} WARNING - No viable dags retrieved from /home/dataengineer/.pyenv/versions/3.9.21/lib/python3.9/site-packages/airflow/example_dags/example_branch_operator.py
[2025-02-16T16:03:44.798+0700] {processor.py:208} INFO - Processing /home/dataengineer/.pyenv/versions/3.9.21/lib/python3.9/site-packages/airflow/example_dags/example_branch_operator.py took 0.094 seconds
[2025-02-16T16:04:58.355+0700] {processor.py:186} INFO - Started process (PID=27722) to work on /home/dataengineer/.pyenv/versions/3.9.21/lib/python3.9/site-packages/airflow/example_dags/example_branch_operator.py
[2025-02-16T16:04:58.356+0700] {processor.py:914} INFO - Processing file /home/dataengineer/.pyenv/versions/3.9.21/lib/python3.9/site-packages/airflow/example_dags/example_branch_operator.py for tasks to queue
[2025-02-16T16:04:58.358+0700] {logging_mixin.py:190} INFO - [2025-02-16T16:04:58.357+0700] {dagbag.py:588} INFO - Filling up the DagBag from /home/dataengineer/.pyenv/versions/3.9.21/lib/python3.9/site-packages/airflow/example_dags/example_branch_operator.py
[2025-02-16T16:04:58.429+0700] {processor.py:927} WARNING - No viable dags retrieved from /home/dataengineer/.pyenv/versions/3.9.21/lib/python3.9/site-packages/airflow/example_dags/example_branch_operator.py
[2025-02-16T16:04:58.438+0700] {processor.py:208} INFO - Processing /home/dataengineer/.pyenv/versions/3.9.21/lib/python3.9/site-packages/airflow/example_dags/example_branch_operator.py took 0.089 seconds
[2025-02-16T16:05:54.750+0700] {processor.py:186} INFO - Started process (PID=27960) to work on /home/dataengineer/.pyenv/versions/3.9.21/lib/python3.9/site-packages/airflow/example_dags/example_branch_operator.py
[2025-02-16T16:05:54.751+0700] {processor.py:914} INFO - Processing file /home/dataengineer/.pyenv/versions/3.9.21/lib/python3.9/site-packages/airflow/example_dags/example_branch_operator.py for tasks to queue
[2025-02-16T16:05:54.753+0700] {logging_mixin.py:190} INFO - [2025-02-16T16:05:54.752+0700] {dagbag.py:588} INFO - Filling up the DagBag from /home/dataengineer/.pyenv/versions/3.9.21/lib/python3.9/site-packages/airflow/example_dags/example_branch_operator.py
[2025-02-16T16:05:54.830+0700] {processor.py:927} WARNING - No viable dags retrieved from /home/dataengineer/.pyenv/versions/3.9.21/lib/python3.9/site-packages/airflow/example_dags/example_branch_operator.py
[2025-02-16T16:05:54.839+0700] {processor.py:208} INFO - Processing /home/dataengineer/.pyenv/versions/3.9.21/lib/python3.9/site-packages/airflow/example_dags/example_branch_operator.py took 0.094 seconds
[2025-02-16T16:07:04.934+0700] {processor.py:186} INFO - Started process (PID=28338) to work on /home/dataengineer/.pyenv/versions/3.9.21/lib/python3.9/site-packages/airflow/example_dags/example_branch_operator.py
[2025-02-16T16:07:04.935+0700] {processor.py:914} INFO - Processing file /home/dataengineer/.pyenv/versions/3.9.21/lib/python3.9/site-packages/airflow/example_dags/example_branch_operator.py for tasks to queue
[2025-02-16T16:07:04.936+0700] {logging_mixin.py:190} INFO - [2025-02-16T16:07:04.936+0700] {dagbag.py:588} INFO - Filling up the DagBag from /home/dataengineer/.pyenv/versions/3.9.21/lib/python3.9/site-packages/airflow/example_dags/example_branch_operator.py
[2025-02-16T16:07:05.006+0700] {processor.py:927} WARNING - No viable dags retrieved from /home/dataengineer/.pyenv/versions/3.9.21/lib/python3.9/site-packages/airflow/example_dags/example_branch_operator.py
[2025-02-16T16:07:05.015+0700] {processor.py:208} INFO - Processing /home/dataengineer/.pyenv/versions/3.9.21/lib/python3.9/site-packages/airflow/example_dags/example_branch_operator.py took 0.087 seconds
[2025-02-16T16:08:17.018+0700] {processor.py:186} INFO - Started process (PID=28766) to work on /home/dataengineer/.pyenv/versions/3.9.21/lib/python3.9/site-packages/airflow/example_dags/example_branch_operator.py
[2025-02-16T16:08:17.020+0700] {processor.py:914} INFO - Processing file /home/dataengineer/.pyenv/versions/3.9.21/lib/python3.9/site-packages/airflow/example_dags/example_branch_operator.py for tasks to queue
[2025-02-16T16:08:17.021+0700] {logging_mixin.py:190} INFO - [2025-02-16T16:08:17.021+0700] {dagbag.py:588} INFO - Filling up the DagBag from /home/dataengineer/.pyenv/versions/3.9.21/lib/python3.9/site-packages/airflow/example_dags/example_branch_operator.py
[2025-02-16T16:08:17.093+0700] {processor.py:927} WARNING - No viable dags retrieved from /home/dataengineer/.pyenv/versions/3.9.21/lib/python3.9/site-packages/airflow/example_dags/example_branch_operator.py
[2025-02-16T16:08:17.102+0700] {processor.py:208} INFO - Processing /home/dataengineer/.pyenv/versions/3.9.21/lib/python3.9/site-packages/airflow/example_dags/example_branch_operator.py took 0.089 seconds
[2025-02-16T16:09:25.241+0700] {processor.py:186} INFO - Started process (PID=29097) to work on /home/dataengineer/.pyenv/versions/3.9.21/lib/python3.9/site-packages/airflow/example_dags/example_branch_operator.py
[2025-02-16T16:09:25.243+0700] {processor.py:914} INFO - Processing file /home/dataengineer/.pyenv/versions/3.9.21/lib/python3.9/site-packages/airflow/example_dags/example_branch_operator.py for tasks to queue
[2025-02-16T16:09:25.244+0700] {logging_mixin.py:190} INFO - [2025-02-16T16:09:25.243+0700] {dagbag.py:588} INFO - Filling up the DagBag from /home/dataengineer/.pyenv/versions/3.9.21/lib/python3.9/site-packages/airflow/example_dags/example_branch_operator.py
[2025-02-16T16:09:25.338+0700] {processor.py:927} WARNING - No viable dags retrieved from /home/dataengineer/.pyenv/versions/3.9.21/lib/python3.9/site-packages/airflow/example_dags/example_branch_operator.py
[2025-02-16T16:09:25.347+0700] {processor.py:208} INFO - Processing /home/dataengineer/.pyenv/versions/3.9.21/lib/python3.9/site-packages/airflow/example_dags/example_branch_operator.py took 0.112 seconds
[2025-02-16T16:10:19.414+0700] {processor.py:186} INFO - Started process (PID=29361) to work on /home/dataengineer/.pyenv/versions/3.9.21/lib/python3.9/site-packages/airflow/example_dags/example_branch_operator.py
[2025-02-16T16:10:19.415+0700] {processor.py:914} INFO - Processing file /home/dataengineer/.pyenv/versions/3.9.21/lib/python3.9/site-packages/airflow/example_dags/example_branch_operator.py for tasks to queue
[2025-02-16T16:10:19.417+0700] {logging_mixin.py:190} INFO - [2025-02-16T16:10:19.416+0700] {dagbag.py:588} INFO - Filling up the DagBag from /home/dataengineer/.pyenv/versions/3.9.21/lib/python3.9/site-packages/airflow/example_dags/example_branch_operator.py
[2025-02-16T16:10:19.484+0700] {processor.py:927} WARNING - No viable dags retrieved from /home/dataengineer/.pyenv/versions/3.9.21/lib/python3.9/site-packages/airflow/example_dags/example_branch_operator.py
[2025-02-16T16:10:19.493+0700] {processor.py:208} INFO - Processing /home/dataengineer/.pyenv/versions/3.9.21/lib/python3.9/site-packages/airflow/example_dags/example_branch_operator.py took 0.086 seconds
[2025-02-16T16:11:27.919+0700] {processor.py:186} INFO - Started process (PID=29654) to work on /home/dataengineer/.pyenv/versions/3.9.21/lib/python3.9/site-packages/airflow/example_dags/example_branch_operator.py
[2025-02-16T16:11:27.920+0700] {processor.py:914} INFO - Processing file /home/dataengineer/.pyenv/versions/3.9.21/lib/python3.9/site-packages/airflow/example_dags/example_branch_operator.py for tasks to queue
[2025-02-16T16:11:27.921+0700] {logging_mixin.py:190} INFO - [2025-02-16T16:11:27.921+0700] {dagbag.py:588} INFO - Filling up the DagBag from /home/dataengineer/.pyenv/versions/3.9.21/lib/python3.9/site-packages/airflow/example_dags/example_branch_operator.py
[2025-02-16T16:11:27.999+0700] {processor.py:927} WARNING - No viable dags retrieved from /home/dataengineer/.pyenv/versions/3.9.21/lib/python3.9/site-packages/airflow/example_dags/example_branch_operator.py
[2025-02-16T16:11:28.009+0700] {processor.py:208} INFO - Processing /home/dataengineer/.pyenv/versions/3.9.21/lib/python3.9/site-packages/airflow/example_dags/example_branch_operator.py took 0.096 seconds
[2025-02-16T16:12:42.647+0700] {processor.py:186} INFO - Started process (PID=29965) to work on /home/dataengineer/.pyenv/versions/3.9.21/lib/python3.9/site-packages/airflow/example_dags/example_branch_operator.py
[2025-02-16T16:12:42.648+0700] {processor.py:914} INFO - Processing file /home/dataengineer/.pyenv/versions/3.9.21/lib/python3.9/site-packages/airflow/example_dags/example_branch_operator.py for tasks to queue
[2025-02-16T16:12:42.650+0700] {logging_mixin.py:190} INFO - [2025-02-16T16:12:42.649+0700] {dagbag.py:588} INFO - Filling up the DagBag from /home/dataengineer/.pyenv/versions/3.9.21/lib/python3.9/site-packages/airflow/example_dags/example_branch_operator.py
[2025-02-16T16:12:42.722+0700] {processor.py:927} WARNING - No viable dags retrieved from /home/dataengineer/.pyenv/versions/3.9.21/lib/python3.9/site-packages/airflow/example_dags/example_branch_operator.py
[2025-02-16T16:12:42.731+0700] {processor.py:208} INFO - Processing /home/dataengineer/.pyenv/versions/3.9.21/lib/python3.9/site-packages/airflow/example_dags/example_branch_operator.py took 0.089 seconds
[2025-02-16T16:13:57.867+0700] {processor.py:186} INFO - Started process (PID=30278) to work on /home/dataengineer/.pyenv/versions/3.9.21/lib/python3.9/site-packages/airflow/example_dags/example_branch_operator.py
[2025-02-16T16:13:57.868+0700] {processor.py:914} INFO - Processing file /home/dataengineer/.pyenv/versions/3.9.21/lib/python3.9/site-packages/airflow/example_dags/example_branch_operator.py for tasks to queue
[2025-02-16T16:13:57.869+0700] {logging_mixin.py:190} INFO - [2025-02-16T16:13:57.869+0700] {dagbag.py:588} INFO - Filling up the DagBag from /home/dataengineer/.pyenv/versions/3.9.21/lib/python3.9/site-packages/airflow/example_dags/example_branch_operator.py
[2025-02-16T16:13:57.928+0700] {processor.py:927} WARNING - No viable dags retrieved from /home/dataengineer/.pyenv/versions/3.9.21/lib/python3.9/site-packages/airflow/example_dags/example_branch_operator.py
[2025-02-16T16:13:57.937+0700] {processor.py:208} INFO - Processing /home/dataengineer/.pyenv/versions/3.9.21/lib/python3.9/site-packages/airflow/example_dags/example_branch_operator.py took 0.076 seconds
[2025-02-16T16:15:11.517+0700] {processor.py:186} INFO - Started process (PID=30592) to work on /home/dataengineer/.pyenv/versions/3.9.21/lib/python3.9/site-packages/airflow/example_dags/example_branch_operator.py
[2025-02-16T16:15:11.518+0700] {processor.py:914} INFO - Processing file /home/dataengineer/.pyenv/versions/3.9.21/lib/python3.9/site-packages/airflow/example_dags/example_branch_operator.py for tasks to queue
[2025-02-16T16:15:11.520+0700] {logging_mixin.py:190} INFO - [2025-02-16T16:15:11.519+0700] {dagbag.py:588} INFO - Filling up the DagBag from /home/dataengineer/.pyenv/versions/3.9.21/lib/python3.9/site-packages/airflow/example_dags/example_branch_operator.py
[2025-02-16T16:15:11.585+0700] {processor.py:927} WARNING - No viable dags retrieved from /home/dataengineer/.pyenv/versions/3.9.21/lib/python3.9/site-packages/airflow/example_dags/example_branch_operator.py
[2025-02-16T16:15:11.594+0700] {processor.py:208} INFO - Processing /home/dataengineer/.pyenv/versions/3.9.21/lib/python3.9/site-packages/airflow/example_dags/example_branch_operator.py took 0.082 seconds
[2025-02-16T16:16:25.117+0700] {processor.py:186} INFO - Started process (PID=30896) to work on /home/dataengineer/.pyenv/versions/3.9.21/lib/python3.9/site-packages/airflow/example_dags/example_branch_operator.py
[2025-02-16T16:16:25.118+0700] {processor.py:914} INFO - Processing file /home/dataengineer/.pyenv/versions/3.9.21/lib/python3.9/site-packages/airflow/example_dags/example_branch_operator.py for tasks to queue
[2025-02-16T16:16:25.120+0700] {logging_mixin.py:190} INFO - [2025-02-16T16:16:25.119+0700] {dagbag.py:588} INFO - Filling up the DagBag from /home/dataengineer/.pyenv/versions/3.9.21/lib/python3.9/site-packages/airflow/example_dags/example_branch_operator.py
[2025-02-16T16:16:25.192+0700] {processor.py:927} WARNING - No viable dags retrieved from /home/dataengineer/.pyenv/versions/3.9.21/lib/python3.9/site-packages/airflow/example_dags/example_branch_operator.py
[2025-02-16T16:16:25.202+0700] {processor.py:208} INFO - Processing /home/dataengineer/.pyenv/versions/3.9.21/lib/python3.9/site-packages/airflow/example_dags/example_branch_operator.py took 0.091 seconds
[2025-02-16T16:17:39.492+0700] {processor.py:186} INFO - Started process (PID=31210) to work on /home/dataengineer/.pyenv/versions/3.9.21/lib/python3.9/site-packages/airflow/example_dags/example_branch_operator.py
[2025-02-16T16:17:39.493+0700] {processor.py:914} INFO - Processing file /home/dataengineer/.pyenv/versions/3.9.21/lib/python3.9/site-packages/airflow/example_dags/example_branch_operator.py for tasks to queue
[2025-02-16T16:17:39.495+0700] {logging_mixin.py:190} INFO - [2025-02-16T16:17:39.494+0700] {dagbag.py:588} INFO - Filling up the DagBag from /home/dataengineer/.pyenv/versions/3.9.21/lib/python3.9/site-packages/airflow/example_dags/example_branch_operator.py
[2025-02-16T16:17:39.569+0700] {processor.py:927} WARNING - No viable dags retrieved from /home/dataengineer/.pyenv/versions/3.9.21/lib/python3.9/site-packages/airflow/example_dags/example_branch_operator.py
[2025-02-16T16:17:39.578+0700] {processor.py:208} INFO - Processing /home/dataengineer/.pyenv/versions/3.9.21/lib/python3.9/site-packages/airflow/example_dags/example_branch_operator.py took 0.092 seconds
[2025-02-16T16:18:35.329+0700] {processor.py:186} INFO - Started process (PID=31438) to work on /home/dataengineer/.pyenv/versions/3.9.21/lib/python3.9/site-packages/airflow/example_dags/example_branch_operator.py
[2025-02-16T16:18:35.330+0700] {processor.py:914} INFO - Processing file /home/dataengineer/.pyenv/versions/3.9.21/lib/python3.9/site-packages/airflow/example_dags/example_branch_operator.py for tasks to queue
[2025-02-16T16:18:35.332+0700] {logging_mixin.py:190} INFO - [2025-02-16T16:18:35.331+0700] {dagbag.py:588} INFO - Filling up the DagBag from /home/dataengineer/.pyenv/versions/3.9.21/lib/python3.9/site-packages/airflow/example_dags/example_branch_operator.py
[2025-02-16T16:18:35.402+0700] {processor.py:927} WARNING - No viable dags retrieved from /home/dataengineer/.pyenv/versions/3.9.21/lib/python3.9/site-packages/airflow/example_dags/example_branch_operator.py
[2025-02-16T16:18:35.412+0700] {processor.py:208} INFO - Processing /home/dataengineer/.pyenv/versions/3.9.21/lib/python3.9/site-packages/airflow/example_dags/example_branch_operator.py took 0.089 seconds
[2025-02-16T16:19:49.704+0700] {processor.py:186} INFO - Started process (PID=31751) to work on /home/dataengineer/.pyenv/versions/3.9.21/lib/python3.9/site-packages/airflow/example_dags/example_branch_operator.py
[2025-02-16T16:19:49.705+0700] {processor.py:914} INFO - Processing file /home/dataengineer/.pyenv/versions/3.9.21/lib/python3.9/site-packages/airflow/example_dags/example_branch_operator.py for tasks to queue
[2025-02-16T16:19:49.707+0700] {logging_mixin.py:190} INFO - [2025-02-16T16:19:49.706+0700] {dagbag.py:588} INFO - Filling up the DagBag from /home/dataengineer/.pyenv/versions/3.9.21/lib/python3.9/site-packages/airflow/example_dags/example_branch_operator.py
[2025-02-16T16:19:49.780+0700] {processor.py:927} WARNING - No viable dags retrieved from /home/dataengineer/.pyenv/versions/3.9.21/lib/python3.9/site-packages/airflow/example_dags/example_branch_operator.py
[2025-02-16T16:19:49.789+0700] {processor.py:208} INFO - Processing /home/dataengineer/.pyenv/versions/3.9.21/lib/python3.9/site-packages/airflow/example_dags/example_branch_operator.py took 0.091 seconds
[2025-02-16T16:21:00.284+0700] {processor.py:186} INFO - Started process (PID=32049) to work on /home/dataengineer/.pyenv/versions/3.9.21/lib/python3.9/site-packages/airflow/example_dags/example_branch_operator.py
[2025-02-16T16:21:00.285+0700] {processor.py:914} INFO - Processing file /home/dataengineer/.pyenv/versions/3.9.21/lib/python3.9/site-packages/airflow/example_dags/example_branch_operator.py for tasks to queue
[2025-02-16T16:21:00.287+0700] {logging_mixin.py:190} INFO - [2025-02-16T16:21:00.286+0700] {dagbag.py:588} INFO - Filling up the DagBag from /home/dataengineer/.pyenv/versions/3.9.21/lib/python3.9/site-packages/airflow/example_dags/example_branch_operator.py
[2025-02-16T16:21:00.361+0700] {processor.py:927} WARNING - No viable dags retrieved from /home/dataengineer/.pyenv/versions/3.9.21/lib/python3.9/site-packages/airflow/example_dags/example_branch_operator.py
[2025-02-16T16:21:00.371+0700] {processor.py:208} INFO - Processing /home/dataengineer/.pyenv/versions/3.9.21/lib/python3.9/site-packages/airflow/example_dags/example_branch_operator.py took 0.092 seconds
[2025-02-16T16:22:13.693+0700] {processor.py:186} INFO - Started process (PID=32354) to work on /home/dataengineer/.pyenv/versions/3.9.21/lib/python3.9/site-packages/airflow/example_dags/example_branch_operator.py
[2025-02-16T16:22:13.695+0700] {processor.py:914} INFO - Processing file /home/dataengineer/.pyenv/versions/3.9.21/lib/python3.9/site-packages/airflow/example_dags/example_branch_operator.py for tasks to queue
[2025-02-16T16:22:13.696+0700] {logging_mixin.py:190} INFO - [2025-02-16T16:22:13.695+0700] {dagbag.py:588} INFO - Filling up the DagBag from /home/dataengineer/.pyenv/versions/3.9.21/lib/python3.9/site-packages/airflow/example_dags/example_branch_operator.py
[2025-02-16T16:22:13.767+0700] {processor.py:927} WARNING - No viable dags retrieved from /home/dataengineer/.pyenv/versions/3.9.21/lib/python3.9/site-packages/airflow/example_dags/example_branch_operator.py
[2025-02-16T16:22:13.776+0700] {processor.py:208} INFO - Processing /home/dataengineer/.pyenv/versions/3.9.21/lib/python3.9/site-packages/airflow/example_dags/example_branch_operator.py took 0.089 seconds
[2025-02-16T16:23:27.757+0700] {processor.py:186} INFO - Started process (PID=32664) to work on /home/dataengineer/.pyenv/versions/3.9.21/lib/python3.9/site-packages/airflow/example_dags/example_branch_operator.py
[2025-02-16T16:23:27.758+0700] {processor.py:914} INFO - Processing file /home/dataengineer/.pyenv/versions/3.9.21/lib/python3.9/site-packages/airflow/example_dags/example_branch_operator.py for tasks to queue
[2025-02-16T16:23:27.760+0700] {logging_mixin.py:190} INFO - [2025-02-16T16:23:27.759+0700] {dagbag.py:588} INFO - Filling up the DagBag from /home/dataengineer/.pyenv/versions/3.9.21/lib/python3.9/site-packages/airflow/example_dags/example_branch_operator.py
[2025-02-16T16:23:27.836+0700] {processor.py:927} WARNING - No viable dags retrieved from /home/dataengineer/.pyenv/versions/3.9.21/lib/python3.9/site-packages/airflow/example_dags/example_branch_operator.py
[2025-02-16T16:23:27.845+0700] {processor.py:208} INFO - Processing /home/dataengineer/.pyenv/versions/3.9.21/lib/python3.9/site-packages/airflow/example_dags/example_branch_operator.py took 0.094 seconds
[2025-02-16T16:24:37.542+0700] {processor.py:186} INFO - Started process (PID=32962) to work on /home/dataengineer/.pyenv/versions/3.9.21/lib/python3.9/site-packages/airflow/example_dags/example_branch_operator.py
[2025-02-16T16:24:37.543+0700] {processor.py:914} INFO - Processing file /home/dataengineer/.pyenv/versions/3.9.21/lib/python3.9/site-packages/airflow/example_dags/example_branch_operator.py for tasks to queue
[2025-02-16T16:24:37.544+0700] {logging_mixin.py:190} INFO - [2025-02-16T16:24:37.544+0700] {dagbag.py:588} INFO - Filling up the DagBag from /home/dataengineer/.pyenv/versions/3.9.21/lib/python3.9/site-packages/airflow/example_dags/example_branch_operator.py
[2025-02-16T16:24:37.620+0700] {processor.py:927} WARNING - No viable dags retrieved from /home/dataengineer/.pyenv/versions/3.9.21/lib/python3.9/site-packages/airflow/example_dags/example_branch_operator.py
[2025-02-16T16:24:37.630+0700] {processor.py:208} INFO - Processing /home/dataengineer/.pyenv/versions/3.9.21/lib/python3.9/site-packages/airflow/example_dags/example_branch_operator.py took 0.093 seconds
[2025-02-16T16:25:51.910+0700] {processor.py:186} INFO - Started process (PID=33269) to work on /home/dataengineer/.pyenv/versions/3.9.21/lib/python3.9/site-packages/airflow/example_dags/example_branch_operator.py
[2025-02-16T16:25:51.912+0700] {processor.py:914} INFO - Processing file /home/dataengineer/.pyenv/versions/3.9.21/lib/python3.9/site-packages/airflow/example_dags/example_branch_operator.py for tasks to queue
[2025-02-16T16:25:51.913+0700] {logging_mixin.py:190} INFO - [2025-02-16T16:25:51.913+0700] {dagbag.py:588} INFO - Filling up the DagBag from /home/dataengineer/.pyenv/versions/3.9.21/lib/python3.9/site-packages/airflow/example_dags/example_branch_operator.py
[2025-02-16T16:25:51.996+0700] {processor.py:927} WARNING - No viable dags retrieved from /home/dataengineer/.pyenv/versions/3.9.21/lib/python3.9/site-packages/airflow/example_dags/example_branch_operator.py
[2025-02-16T16:25:52.005+0700] {processor.py:208} INFO - Processing /home/dataengineer/.pyenv/versions/3.9.21/lib/python3.9/site-packages/airflow/example_dags/example_branch_operator.py took 0.102 seconds
[2025-02-16T16:27:06.814+0700] {processor.py:186} INFO - Started process (PID=33579) to work on /home/dataengineer/.pyenv/versions/3.9.21/lib/python3.9/site-packages/airflow/example_dags/example_branch_operator.py
[2025-02-16T16:27:06.815+0700] {processor.py:914} INFO - Processing file /home/dataengineer/.pyenv/versions/3.9.21/lib/python3.9/site-packages/airflow/example_dags/example_branch_operator.py for tasks to queue
[2025-02-16T16:27:06.816+0700] {logging_mixin.py:190} INFO - [2025-02-16T16:27:06.816+0700] {dagbag.py:588} INFO - Filling up the DagBag from /home/dataengineer/.pyenv/versions/3.9.21/lib/python3.9/site-packages/airflow/example_dags/example_branch_operator.py
[2025-02-16T16:27:06.894+0700] {processor.py:927} WARNING - No viable dags retrieved from /home/dataengineer/.pyenv/versions/3.9.21/lib/python3.9/site-packages/airflow/example_dags/example_branch_operator.py
[2025-02-16T16:27:06.906+0700] {processor.py:208} INFO - Processing /home/dataengineer/.pyenv/versions/3.9.21/lib/python3.9/site-packages/airflow/example_dags/example_branch_operator.py took 0.098 seconds
[2025-02-16T16:28:19.241+0700] {processor.py:186} INFO - Started process (PID=33891) to work on /home/dataengineer/.pyenv/versions/3.9.21/lib/python3.9/site-packages/airflow/example_dags/example_branch_operator.py
[2025-02-16T16:28:19.242+0700] {processor.py:914} INFO - Processing file /home/dataengineer/.pyenv/versions/3.9.21/lib/python3.9/site-packages/airflow/example_dags/example_branch_operator.py for tasks to queue
[2025-02-16T16:28:19.243+0700] {logging_mixin.py:190} INFO - [2025-02-16T16:28:19.243+0700] {dagbag.py:588} INFO - Filling up the DagBag from /home/dataengineer/.pyenv/versions/3.9.21/lib/python3.9/site-packages/airflow/example_dags/example_branch_operator.py
[2025-02-16T16:28:19.319+0700] {processor.py:927} WARNING - No viable dags retrieved from /home/dataengineer/.pyenv/versions/3.9.21/lib/python3.9/site-packages/airflow/example_dags/example_branch_operator.py
[2025-02-16T16:28:19.329+0700] {processor.py:208} INFO - Processing /home/dataengineer/.pyenv/versions/3.9.21/lib/python3.9/site-packages/airflow/example_dags/example_branch_operator.py took 0.093 seconds
[2025-02-16T16:29:34.845+0700] {processor.py:186} INFO - Started process (PID=34203) to work on /home/dataengineer/.pyenv/versions/3.9.21/lib/python3.9/site-packages/airflow/example_dags/example_branch_operator.py
[2025-02-16T16:29:34.846+0700] {processor.py:914} INFO - Processing file /home/dataengineer/.pyenv/versions/3.9.21/lib/python3.9/site-packages/airflow/example_dags/example_branch_operator.py for tasks to queue
[2025-02-16T16:29:34.848+0700] {logging_mixin.py:190} INFO - [2025-02-16T16:29:34.847+0700] {dagbag.py:588} INFO - Filling up the DagBag from /home/dataengineer/.pyenv/versions/3.9.21/lib/python3.9/site-packages/airflow/example_dags/example_branch_operator.py
[2025-02-16T16:29:34.932+0700] {processor.py:927} WARNING - No viable dags retrieved from /home/dataengineer/.pyenv/versions/3.9.21/lib/python3.9/site-packages/airflow/example_dags/example_branch_operator.py
[2025-02-16T16:29:34.942+0700] {processor.py:208} INFO - Processing /home/dataengineer/.pyenv/versions/3.9.21/lib/python3.9/site-packages/airflow/example_dags/example_branch_operator.py took 0.103 seconds
[2025-02-16T16:30:48.950+0700] {processor.py:186} INFO - Started process (PID=34515) to work on /home/dataengineer/.pyenv/versions/3.9.21/lib/python3.9/site-packages/airflow/example_dags/example_branch_operator.py
[2025-02-16T16:30:48.951+0700] {processor.py:914} INFO - Processing file /home/dataengineer/.pyenv/versions/3.9.21/lib/python3.9/site-packages/airflow/example_dags/example_branch_operator.py for tasks to queue
[2025-02-16T16:30:48.952+0700] {logging_mixin.py:190} INFO - [2025-02-16T16:30:48.952+0700] {dagbag.py:588} INFO - Filling up the DagBag from /home/dataengineer/.pyenv/versions/3.9.21/lib/python3.9/site-packages/airflow/example_dags/example_branch_operator.py
[2025-02-16T16:30:49.031+0700] {processor.py:927} WARNING - No viable dags retrieved from /home/dataengineer/.pyenv/versions/3.9.21/lib/python3.9/site-packages/airflow/example_dags/example_branch_operator.py
[2025-02-16T16:30:49.040+0700] {processor.py:208} INFO - Processing /home/dataengineer/.pyenv/versions/3.9.21/lib/python3.9/site-packages/airflow/example_dags/example_branch_operator.py took 0.096 seconds
[2025-02-16T16:32:02.001+0700] {processor.py:186} INFO - Started process (PID=34820) to work on /home/dataengineer/.pyenv/versions/3.9.21/lib/python3.9/site-packages/airflow/example_dags/example_branch_operator.py
[2025-02-16T16:32:02.002+0700] {processor.py:914} INFO - Processing file /home/dataengineer/.pyenv/versions/3.9.21/lib/python3.9/site-packages/airflow/example_dags/example_branch_operator.py for tasks to queue
[2025-02-16T16:32:02.003+0700] {logging_mixin.py:190} INFO - [2025-02-16T16:32:02.003+0700] {dagbag.py:588} INFO - Filling up the DagBag from /home/dataengineer/.pyenv/versions/3.9.21/lib/python3.9/site-packages/airflow/example_dags/example_branch_operator.py
[2025-02-16T16:32:02.073+0700] {processor.py:927} WARNING - No viable dags retrieved from /home/dataengineer/.pyenv/versions/3.9.21/lib/python3.9/site-packages/airflow/example_dags/example_branch_operator.py
[2025-02-16T16:32:02.083+0700] {processor.py:208} INFO - Processing /home/dataengineer/.pyenv/versions/3.9.21/lib/python3.9/site-packages/airflow/example_dags/example_branch_operator.py took 0.088 seconds
[2025-02-16T16:33:16.132+0700] {processor.py:186} INFO - Started process (PID=35128) to work on /home/dataengineer/.pyenv/versions/3.9.21/lib/python3.9/site-packages/airflow/example_dags/example_branch_operator.py
[2025-02-16T16:33:16.133+0700] {processor.py:914} INFO - Processing file /home/dataengineer/.pyenv/versions/3.9.21/lib/python3.9/site-packages/airflow/example_dags/example_branch_operator.py for tasks to queue
[2025-02-16T16:33:16.135+0700] {logging_mixin.py:190} INFO - [2025-02-16T16:33:16.134+0700] {dagbag.py:588} INFO - Filling up the DagBag from /home/dataengineer/.pyenv/versions/3.9.21/lib/python3.9/site-packages/airflow/example_dags/example_branch_operator.py
[2025-02-16T16:33:16.198+0700] {processor.py:927} WARNING - No viable dags retrieved from /home/dataengineer/.pyenv/versions/3.9.21/lib/python3.9/site-packages/airflow/example_dags/example_branch_operator.py
[2025-02-16T16:33:16.207+0700] {processor.py:208} INFO - Processing /home/dataengineer/.pyenv/versions/3.9.21/lib/python3.9/site-packages/airflow/example_dags/example_branch_operator.py took 0.081 seconds
[2025-02-16T16:34:32.436+0700] {processor.py:186} INFO - Started process (PID=35460) to work on /home/dataengineer/.pyenv/versions/3.9.21/lib/python3.9/site-packages/airflow/example_dags/example_branch_operator.py
[2025-02-16T16:34:32.438+0700] {processor.py:914} INFO - Processing file /home/dataengineer/.pyenv/versions/3.9.21/lib/python3.9/site-packages/airflow/example_dags/example_branch_operator.py for tasks to queue
[2025-02-16T16:34:32.439+0700] {logging_mixin.py:190} INFO - [2025-02-16T16:34:32.439+0700] {dagbag.py:588} INFO - Filling up the DagBag from /home/dataengineer/.pyenv/versions/3.9.21/lib/python3.9/site-packages/airflow/example_dags/example_branch_operator.py
[2025-02-16T16:34:32.515+0700] {processor.py:927} WARNING - No viable dags retrieved from /home/dataengineer/.pyenv/versions/3.9.21/lib/python3.9/site-packages/airflow/example_dags/example_branch_operator.py
[2025-02-16T16:34:32.525+0700] {processor.py:208} INFO - Processing /home/dataengineer/.pyenv/versions/3.9.21/lib/python3.9/site-packages/airflow/example_dags/example_branch_operator.py took 0.095 seconds
[2025-02-16T16:35:47.471+0700] {processor.py:186} INFO - Started process (PID=35767) to work on /home/dataengineer/.pyenv/versions/3.9.21/lib/python3.9/site-packages/airflow/example_dags/example_branch_operator.py
[2025-02-16T16:35:47.475+0700] {processor.py:914} INFO - Processing file /home/dataengineer/.pyenv/versions/3.9.21/lib/python3.9/site-packages/airflow/example_dags/example_branch_operator.py for tasks to queue
[2025-02-16T16:35:47.477+0700] {logging_mixin.py:190} INFO - [2025-02-16T16:35:47.477+0700] {dagbag.py:588} INFO - Filling up the DagBag from /home/dataengineer/.pyenv/versions/3.9.21/lib/python3.9/site-packages/airflow/example_dags/example_branch_operator.py
[2025-02-16T16:35:47.654+0700] {processor.py:927} WARNING - No viable dags retrieved from /home/dataengineer/.pyenv/versions/3.9.21/lib/python3.9/site-packages/airflow/example_dags/example_branch_operator.py
[2025-02-16T16:35:47.663+0700] {processor.py:208} INFO - Processing /home/dataengineer/.pyenv/versions/3.9.21/lib/python3.9/site-packages/airflow/example_dags/example_branch_operator.py took 0.199 seconds
[2025-02-16T16:37:09.825+0700] {processor.py:186} INFO - Started process (PID=36307) to work on /home/dataengineer/.pyenv/versions/3.9.21/lib/python3.9/site-packages/airflow/example_dags/example_branch_operator.py
[2025-02-16T16:37:09.827+0700] {processor.py:914} INFO - Processing file /home/dataengineer/.pyenv/versions/3.9.21/lib/python3.9/site-packages/airflow/example_dags/example_branch_operator.py for tasks to queue
[2025-02-16T16:37:09.828+0700] {logging_mixin.py:190} INFO - [2025-02-16T16:37:09.827+0700] {dagbag.py:588} INFO - Filling up the DagBag from /home/dataengineer/.pyenv/versions/3.9.21/lib/python3.9/site-packages/airflow/example_dags/example_branch_operator.py
[2025-02-16T16:37:09.906+0700] {processor.py:927} WARNING - No viable dags retrieved from /home/dataengineer/.pyenv/versions/3.9.21/lib/python3.9/site-packages/airflow/example_dags/example_branch_operator.py
[2025-02-16T16:37:09.916+0700] {processor.py:208} INFO - Processing /home/dataengineer/.pyenv/versions/3.9.21/lib/python3.9/site-packages/airflow/example_dags/example_branch_operator.py took 0.096 seconds
[2025-02-16T16:38:05.326+0700] {processor.py:186} INFO - Started process (PID=36778) to work on /home/dataengineer/.pyenv/versions/3.9.21/lib/python3.9/site-packages/airflow/example_dags/example_branch_operator.py
[2025-02-16T16:38:05.327+0700] {processor.py:914} INFO - Processing file /home/dataengineer/.pyenv/versions/3.9.21/lib/python3.9/site-packages/airflow/example_dags/example_branch_operator.py for tasks to queue
[2025-02-16T16:38:05.329+0700] {logging_mixin.py:190} INFO - [2025-02-16T16:38:05.328+0700] {dagbag.py:588} INFO - Filling up the DagBag from /home/dataengineer/.pyenv/versions/3.9.21/lib/python3.9/site-packages/airflow/example_dags/example_branch_operator.py
[2025-02-16T16:38:05.418+0700] {processor.py:927} WARNING - No viable dags retrieved from /home/dataengineer/.pyenv/versions/3.9.21/lib/python3.9/site-packages/airflow/example_dags/example_branch_operator.py
[2025-02-16T16:38:05.429+0700] {processor.py:208} INFO - Processing /home/dataengineer/.pyenv/versions/3.9.21/lib/python3.9/site-packages/airflow/example_dags/example_branch_operator.py took 0.109 seconds
[2025-02-16T16:39:20.215+0700] {processor.py:186} INFO - Started process (PID=37089) to work on /home/dataengineer/.pyenv/versions/3.9.21/lib/python3.9/site-packages/airflow/example_dags/example_branch_operator.py
[2025-02-16T16:39:20.216+0700] {processor.py:914} INFO - Processing file /home/dataengineer/.pyenv/versions/3.9.21/lib/python3.9/site-packages/airflow/example_dags/example_branch_operator.py for tasks to queue
[2025-02-16T16:39:20.218+0700] {logging_mixin.py:190} INFO - [2025-02-16T16:39:20.217+0700] {dagbag.py:588} INFO - Filling up the DagBag from /home/dataengineer/.pyenv/versions/3.9.21/lib/python3.9/site-packages/airflow/example_dags/example_branch_operator.py
[2025-02-16T16:39:20.296+0700] {processor.py:927} WARNING - No viable dags retrieved from /home/dataengineer/.pyenv/versions/3.9.21/lib/python3.9/site-packages/airflow/example_dags/example_branch_operator.py
[2025-02-16T16:39:20.307+0700] {processor.py:208} INFO - Processing /home/dataengineer/.pyenv/versions/3.9.21/lib/python3.9/site-packages/airflow/example_dags/example_branch_operator.py took 0.098 seconds
[2025-02-16T16:40:32.992+0700] {processor.py:186} INFO - Started process (PID=37608) to work on /home/dataengineer/.pyenv/versions/3.9.21/lib/python3.9/site-packages/airflow/example_dags/example_branch_operator.py
[2025-02-16T16:40:32.994+0700] {processor.py:914} INFO - Processing file /home/dataengineer/.pyenv/versions/3.9.21/lib/python3.9/site-packages/airflow/example_dags/example_branch_operator.py for tasks to queue
[2025-02-16T16:40:32.995+0700] {logging_mixin.py:190} INFO - [2025-02-16T16:40:32.995+0700] {dagbag.py:588} INFO - Filling up the DagBag from /home/dataengineer/.pyenv/versions/3.9.21/lib/python3.9/site-packages/airflow/example_dags/example_branch_operator.py
[2025-02-16T16:40:33.069+0700] {processor.py:927} WARNING - No viable dags retrieved from /home/dataengineer/.pyenv/versions/3.9.21/lib/python3.9/site-packages/airflow/example_dags/example_branch_operator.py
[2025-02-16T16:40:33.079+0700] {processor.py:208} INFO - Processing /home/dataengineer/.pyenv/versions/3.9.21/lib/python3.9/site-packages/airflow/example_dags/example_branch_operator.py took 0.093 seconds
[2025-02-16T16:41:47.389+0700] {processor.py:186} INFO - Started process (PID=37970) to work on /home/dataengineer/.pyenv/versions/3.9.21/lib/python3.9/site-packages/airflow/example_dags/example_branch_operator.py
[2025-02-16T16:41:47.390+0700] {processor.py:914} INFO - Processing file /home/dataengineer/.pyenv/versions/3.9.21/lib/python3.9/site-packages/airflow/example_dags/example_branch_operator.py for tasks to queue
[2025-02-16T16:41:47.391+0700] {logging_mixin.py:190} INFO - [2025-02-16T16:41:47.391+0700] {dagbag.py:588} INFO - Filling up the DagBag from /home/dataengineer/.pyenv/versions/3.9.21/lib/python3.9/site-packages/airflow/example_dags/example_branch_operator.py
[2025-02-16T16:41:47.464+0700] {processor.py:927} WARNING - No viable dags retrieved from /home/dataengineer/.pyenv/versions/3.9.21/lib/python3.9/site-packages/airflow/example_dags/example_branch_operator.py
[2025-02-16T16:41:47.473+0700] {processor.py:208} INFO - Processing /home/dataengineer/.pyenv/versions/3.9.21/lib/python3.9/site-packages/airflow/example_dags/example_branch_operator.py took 0.090 seconds
[2025-02-16T16:43:00.447+0700] {processor.py:186} INFO - Started process (PID=38278) to work on /home/dataengineer/.pyenv/versions/3.9.21/lib/python3.9/site-packages/airflow/example_dags/example_branch_operator.py
[2025-02-16T16:43:00.448+0700] {processor.py:914} INFO - Processing file /home/dataengineer/.pyenv/versions/3.9.21/lib/python3.9/site-packages/airflow/example_dags/example_branch_operator.py for tasks to queue
[2025-02-16T16:43:00.450+0700] {logging_mixin.py:190} INFO - [2025-02-16T16:43:00.449+0700] {dagbag.py:588} INFO - Filling up the DagBag from /home/dataengineer/.pyenv/versions/3.9.21/lib/python3.9/site-packages/airflow/example_dags/example_branch_operator.py
[2025-02-16T16:43:00.525+0700] {processor.py:927} WARNING - No viable dags retrieved from /home/dataengineer/.pyenv/versions/3.9.21/lib/python3.9/site-packages/airflow/example_dags/example_branch_operator.py
[2025-02-16T16:43:00.535+0700] {processor.py:208} INFO - Processing /home/dataengineer/.pyenv/versions/3.9.21/lib/python3.9/site-packages/airflow/example_dags/example_branch_operator.py took 0.094 seconds
[2025-02-16T16:44:09.910+0700] {processor.py:186} INFO - Started process (PID=38581) to work on /home/dataengineer/.pyenv/versions/3.9.21/lib/python3.9/site-packages/airflow/example_dags/example_branch_operator.py
[2025-02-16T16:44:09.912+0700] {processor.py:914} INFO - Processing file /home/dataengineer/.pyenv/versions/3.9.21/lib/python3.9/site-packages/airflow/example_dags/example_branch_operator.py for tasks to queue
[2025-02-16T16:44:09.913+0700] {logging_mixin.py:190} INFO - [2025-02-16T16:44:09.913+0700] {dagbag.py:588} INFO - Filling up the DagBag from /home/dataengineer/.pyenv/versions/3.9.21/lib/python3.9/site-packages/airflow/example_dags/example_branch_operator.py
[2025-02-16T16:44:09.987+0700] {processor.py:927} WARNING - No viable dags retrieved from /home/dataengineer/.pyenv/versions/3.9.21/lib/python3.9/site-packages/airflow/example_dags/example_branch_operator.py
[2025-02-16T16:44:09.999+0700] {processor.py:208} INFO - Processing /home/dataengineer/.pyenv/versions/3.9.21/lib/python3.9/site-packages/airflow/example_dags/example_branch_operator.py took 0.094 seconds
[2025-02-16T16:45:20.225+0700] {processor.py:186} INFO - Started process (PID=38881) to work on /home/dataengineer/.pyenv/versions/3.9.21/lib/python3.9/site-packages/airflow/example_dags/example_branch_operator.py
[2025-02-16T16:45:20.227+0700] {processor.py:914} INFO - Processing file /home/dataengineer/.pyenv/versions/3.9.21/lib/python3.9/site-packages/airflow/example_dags/example_branch_operator.py for tasks to queue
[2025-02-16T16:45:20.228+0700] {logging_mixin.py:190} INFO - [2025-02-16T16:45:20.227+0700] {dagbag.py:588} INFO - Filling up the DagBag from /home/dataengineer/.pyenv/versions/3.9.21/lib/python3.9/site-packages/airflow/example_dags/example_branch_operator.py
[2025-02-16T16:45:20.357+0700] {processor.py:927} WARNING - No viable dags retrieved from /home/dataengineer/.pyenv/versions/3.9.21/lib/python3.9/site-packages/airflow/example_dags/example_branch_operator.py
[2025-02-16T16:45:20.372+0700] {processor.py:208} INFO - Processing /home/dataengineer/.pyenv/versions/3.9.21/lib/python3.9/site-packages/airflow/example_dags/example_branch_operator.py took 0.152 seconds
[2025-02-16T16:46:29.286+0700] {processor.py:186} INFO - Started process (PID=39198) to work on /home/dataengineer/.pyenv/versions/3.9.21/lib/python3.9/site-packages/airflow/example_dags/example_branch_operator.py
[2025-02-16T16:46:29.287+0700] {processor.py:914} INFO - Processing file /home/dataengineer/.pyenv/versions/3.9.21/lib/python3.9/site-packages/airflow/example_dags/example_branch_operator.py for tasks to queue
[2025-02-16T16:46:29.289+0700] {logging_mixin.py:190} INFO - [2025-02-16T16:46:29.288+0700] {dagbag.py:588} INFO - Filling up the DagBag from /home/dataengineer/.pyenv/versions/3.9.21/lib/python3.9/site-packages/airflow/example_dags/example_branch_operator.py
[2025-02-16T16:46:29.364+0700] {processor.py:927} WARNING - No viable dags retrieved from /home/dataengineer/.pyenv/versions/3.9.21/lib/python3.9/site-packages/airflow/example_dags/example_branch_operator.py
[2025-02-16T16:46:29.372+0700] {processor.py:208} INFO - Processing /home/dataengineer/.pyenv/versions/3.9.21/lib/python3.9/site-packages/airflow/example_dags/example_branch_operator.py took 0.092 seconds
[2025-02-16T16:47:39.887+0700] {processor.py:186} INFO - Started process (PID=39499) to work on /home/dataengineer/.pyenv/versions/3.9.21/lib/python3.9/site-packages/airflow/example_dags/example_branch_operator.py
[2025-02-16T16:47:39.889+0700] {processor.py:914} INFO - Processing file /home/dataengineer/.pyenv/versions/3.9.21/lib/python3.9/site-packages/airflow/example_dags/example_branch_operator.py for tasks to queue
[2025-02-16T16:47:39.890+0700] {logging_mixin.py:190} INFO - [2025-02-16T16:47:39.890+0700] {dagbag.py:588} INFO - Filling up the DagBag from /home/dataengineer/.pyenv/versions/3.9.21/lib/python3.9/site-packages/airflow/example_dags/example_branch_operator.py
[2025-02-16T16:47:39.980+0700] {processor.py:927} WARNING - No viable dags retrieved from /home/dataengineer/.pyenv/versions/3.9.21/lib/python3.9/site-packages/airflow/example_dags/example_branch_operator.py
[2025-02-16T16:47:39.990+0700] {processor.py:208} INFO - Processing /home/dataengineer/.pyenv/versions/3.9.21/lib/python3.9/site-packages/airflow/example_dags/example_branch_operator.py took 0.109 seconds
[2025-02-16T16:48:51.005+0700] {processor.py:186} INFO - Started process (PID=39891) to work on /home/dataengineer/.pyenv/versions/3.9.21/lib/python3.9/site-packages/airflow/example_dags/example_branch_operator.py
[2025-02-16T16:48:51.006+0700] {processor.py:914} INFO - Processing file /home/dataengineer/.pyenv/versions/3.9.21/lib/python3.9/site-packages/airflow/example_dags/example_branch_operator.py for tasks to queue
[2025-02-16T16:48:51.007+0700] {logging_mixin.py:190} INFO - [2025-02-16T16:48:51.007+0700] {dagbag.py:588} INFO - Filling up the DagBag from /home/dataengineer/.pyenv/versions/3.9.21/lib/python3.9/site-packages/airflow/example_dags/example_branch_operator.py
[2025-02-16T16:48:51.079+0700] {processor.py:927} WARNING - No viable dags retrieved from /home/dataengineer/.pyenv/versions/3.9.21/lib/python3.9/site-packages/airflow/example_dags/example_branch_operator.py
[2025-02-16T16:48:51.090+0700] {processor.py:208} INFO - Processing /home/dataengineer/.pyenv/versions/3.9.21/lib/python3.9/site-packages/airflow/example_dags/example_branch_operator.py took 0.091 seconds
[2025-02-16T16:50:04.864+0700] {processor.py:186} INFO - Started process (PID=40223) to work on /home/dataengineer/.pyenv/versions/3.9.21/lib/python3.9/site-packages/airflow/example_dags/example_branch_operator.py
[2025-02-16T16:50:04.865+0700] {processor.py:914} INFO - Processing file /home/dataengineer/.pyenv/versions/3.9.21/lib/python3.9/site-packages/airflow/example_dags/example_branch_operator.py for tasks to queue
[2025-02-16T16:50:04.867+0700] {logging_mixin.py:190} INFO - [2025-02-16T16:50:04.866+0700] {dagbag.py:588} INFO - Filling up the DagBag from /home/dataengineer/.pyenv/versions/3.9.21/lib/python3.9/site-packages/airflow/example_dags/example_branch_operator.py
[2025-02-16T16:50:04.937+0700] {processor.py:927} WARNING - No viable dags retrieved from /home/dataengineer/.pyenv/versions/3.9.21/lib/python3.9/site-packages/airflow/example_dags/example_branch_operator.py
[2025-02-16T16:50:04.947+0700] {processor.py:208} INFO - Processing /home/dataengineer/.pyenv/versions/3.9.21/lib/python3.9/site-packages/airflow/example_dags/example_branch_operator.py took 0.089 seconds
[2025-02-16T16:51:19.318+0700] {processor.py:186} INFO - Started process (PID=40565) to work on /home/dataengineer/.pyenv/versions/3.9.21/lib/python3.9/site-packages/airflow/example_dags/example_branch_operator.py
[2025-02-16T16:51:19.319+0700] {processor.py:914} INFO - Processing file /home/dataengineer/.pyenv/versions/3.9.21/lib/python3.9/site-packages/airflow/example_dags/example_branch_operator.py for tasks to queue
[2025-02-16T16:51:19.320+0700] {logging_mixin.py:190} INFO - [2025-02-16T16:51:19.320+0700] {dagbag.py:588} INFO - Filling up the DagBag from /home/dataengineer/.pyenv/versions/3.9.21/lib/python3.9/site-packages/airflow/example_dags/example_branch_operator.py
[2025-02-16T16:51:19.393+0700] {processor.py:927} WARNING - No viable dags retrieved from /home/dataengineer/.pyenv/versions/3.9.21/lib/python3.9/site-packages/airflow/example_dags/example_branch_operator.py
[2025-02-16T16:51:19.404+0700] {processor.py:208} INFO - Processing /home/dataengineer/.pyenv/versions/3.9.21/lib/python3.9/site-packages/airflow/example_dags/example_branch_operator.py took 0.092 seconds
[2025-02-16T16:52:28.119+0700] {processor.py:186} INFO - Started process (PID=40853) to work on /home/dataengineer/.pyenv/versions/3.9.21/lib/python3.9/site-packages/airflow/example_dags/example_branch_operator.py
[2025-02-16T16:52:28.120+0700] {processor.py:914} INFO - Processing file /home/dataengineer/.pyenv/versions/3.9.21/lib/python3.9/site-packages/airflow/example_dags/example_branch_operator.py for tasks to queue
[2025-02-16T16:52:28.121+0700] {logging_mixin.py:190} INFO - [2025-02-16T16:52:28.121+0700] {dagbag.py:588} INFO - Filling up the DagBag from /home/dataengineer/.pyenv/versions/3.9.21/lib/python3.9/site-packages/airflow/example_dags/example_branch_operator.py
[2025-02-16T16:52:28.198+0700] {processor.py:927} WARNING - No viable dags retrieved from /home/dataengineer/.pyenv/versions/3.9.21/lib/python3.9/site-packages/airflow/example_dags/example_branch_operator.py
[2025-02-16T16:52:28.207+0700] {processor.py:208} INFO - Processing /home/dataengineer/.pyenv/versions/3.9.21/lib/python3.9/site-packages/airflow/example_dags/example_branch_operator.py took 0.094 seconds
[2025-02-16T16:53:45.021+0700] {processor.py:186} INFO - Started process (PID=41200) to work on /home/dataengineer/.pyenv/versions/3.9.21/lib/python3.9/site-packages/airflow/example_dags/example_branch_operator.py
[2025-02-16T16:53:45.023+0700] {processor.py:914} INFO - Processing file /home/dataengineer/.pyenv/versions/3.9.21/lib/python3.9/site-packages/airflow/example_dags/example_branch_operator.py for tasks to queue
[2025-02-16T16:53:45.024+0700] {logging_mixin.py:190} INFO - [2025-02-16T16:53:45.024+0700] {dagbag.py:588} INFO - Filling up the DagBag from /home/dataengineer/.pyenv/versions/3.9.21/lib/python3.9/site-packages/airflow/example_dags/example_branch_operator.py
[2025-02-16T16:53:45.101+0700] {processor.py:927} WARNING - No viable dags retrieved from /home/dataengineer/.pyenv/versions/3.9.21/lib/python3.9/site-packages/airflow/example_dags/example_branch_operator.py
[2025-02-16T16:53:45.110+0700] {processor.py:208} INFO - Processing /home/dataengineer/.pyenv/versions/3.9.21/lib/python3.9/site-packages/airflow/example_dags/example_branch_operator.py took 0.095 seconds
[2025-02-16T16:54:56.511+0700] {processor.py:186} INFO - Started process (PID=41534) to work on /home/dataengineer/.pyenv/versions/3.9.21/lib/python3.9/site-packages/airflow/example_dags/example_branch_operator.py
[2025-02-16T16:54:56.513+0700] {processor.py:914} INFO - Processing file /home/dataengineer/.pyenv/versions/3.9.21/lib/python3.9/site-packages/airflow/example_dags/example_branch_operator.py for tasks to queue
[2025-02-16T16:54:56.514+0700] {logging_mixin.py:190} INFO - [2025-02-16T16:54:56.514+0700] {dagbag.py:588} INFO - Filling up the DagBag from /home/dataengineer/.pyenv/versions/3.9.21/lib/python3.9/site-packages/airflow/example_dags/example_branch_operator.py
[2025-02-16T16:54:56.585+0700] {processor.py:927} WARNING - No viable dags retrieved from /home/dataengineer/.pyenv/versions/3.9.21/lib/python3.9/site-packages/airflow/example_dags/example_branch_operator.py
[2025-02-16T16:54:56.594+0700] {processor.py:208} INFO - Processing /home/dataengineer/.pyenv/versions/3.9.21/lib/python3.9/site-packages/airflow/example_dags/example_branch_operator.py took 0.089 seconds
[2025-02-16T16:56:12.015+0700] {processor.py:186} INFO - Started process (PID=41851) to work on /home/dataengineer/.pyenv/versions/3.9.21/lib/python3.9/site-packages/airflow/example_dags/example_branch_operator.py
[2025-02-16T16:56:12.017+0700] {processor.py:914} INFO - Processing file /home/dataengineer/.pyenv/versions/3.9.21/lib/python3.9/site-packages/airflow/example_dags/example_branch_operator.py for tasks to queue
[2025-02-16T16:56:12.018+0700] {logging_mixin.py:190} INFO - [2025-02-16T16:56:12.018+0700] {dagbag.py:588} INFO - Filling up the DagBag from /home/dataengineer/.pyenv/versions/3.9.21/lib/python3.9/site-packages/airflow/example_dags/example_branch_operator.py
[2025-02-16T16:56:12.091+0700] {processor.py:927} WARNING - No viable dags retrieved from /home/dataengineer/.pyenv/versions/3.9.21/lib/python3.9/site-packages/airflow/example_dags/example_branch_operator.py
[2025-02-16T16:56:12.100+0700] {processor.py:208} INFO - Processing /home/dataengineer/.pyenv/versions/3.9.21/lib/python3.9/site-packages/airflow/example_dags/example_branch_operator.py took 0.090 seconds
[2025-02-16T16:57:19.475+0700] {processor.py:186} INFO - Started process (PID=42497) to work on /home/dataengineer/.pyenv/versions/3.9.21/lib/python3.9/site-packages/airflow/example_dags/example_branch_operator.py
[2025-02-16T16:57:19.477+0700] {processor.py:914} INFO - Processing file /home/dataengineer/.pyenv/versions/3.9.21/lib/python3.9/site-packages/airflow/example_dags/example_branch_operator.py for tasks to queue
[2025-02-16T16:57:19.478+0700] {logging_mixin.py:190} INFO - [2025-02-16T16:57:19.478+0700] {dagbag.py:588} INFO - Filling up the DagBag from /home/dataengineer/.pyenv/versions/3.9.21/lib/python3.9/site-packages/airflow/example_dags/example_branch_operator.py
[2025-02-16T16:57:19.552+0700] {processor.py:927} WARNING - No viable dags retrieved from /home/dataengineer/.pyenv/versions/3.9.21/lib/python3.9/site-packages/airflow/example_dags/example_branch_operator.py
[2025-02-16T16:57:19.562+0700] {processor.py:208} INFO - Processing /home/dataengineer/.pyenv/versions/3.9.21/lib/python3.9/site-packages/airflow/example_dags/example_branch_operator.py took 0.093 seconds
[2025-02-16T16:58:35.359+0700] {processor.py:186} INFO - Started process (PID=43127) to work on /home/dataengineer/.pyenv/versions/3.9.21/lib/python3.9/site-packages/airflow/example_dags/example_branch_operator.py
[2025-02-16T16:58:35.360+0700] {processor.py:914} INFO - Processing file /home/dataengineer/.pyenv/versions/3.9.21/lib/python3.9/site-packages/airflow/example_dags/example_branch_operator.py for tasks to queue
[2025-02-16T16:58:35.362+0700] {logging_mixin.py:190} INFO - [2025-02-16T16:58:35.361+0700] {dagbag.py:588} INFO - Filling up the DagBag from /home/dataengineer/.pyenv/versions/3.9.21/lib/python3.9/site-packages/airflow/example_dags/example_branch_operator.py
[2025-02-16T16:58:35.433+0700] {processor.py:927} WARNING - No viable dags retrieved from /home/dataengineer/.pyenv/versions/3.9.21/lib/python3.9/site-packages/airflow/example_dags/example_branch_operator.py
[2025-02-16T16:58:35.444+0700] {processor.py:208} INFO - Processing /home/dataengineer/.pyenv/versions/3.9.21/lib/python3.9/site-packages/airflow/example_dags/example_branch_operator.py took 0.091 seconds
[2025-02-16T16:59:30.459+0700] {processor.py:186} INFO - Started process (PID=43348) to work on /home/dataengineer/.pyenv/versions/3.9.21/lib/python3.9/site-packages/airflow/example_dags/example_branch_operator.py
[2025-02-16T16:59:30.460+0700] {processor.py:914} INFO - Processing file /home/dataengineer/.pyenv/versions/3.9.21/lib/python3.9/site-packages/airflow/example_dags/example_branch_operator.py for tasks to queue
[2025-02-16T16:59:30.461+0700] {logging_mixin.py:190} INFO - [2025-02-16T16:59:30.461+0700] {dagbag.py:588} INFO - Filling up the DagBag from /home/dataengineer/.pyenv/versions/3.9.21/lib/python3.9/site-packages/airflow/example_dags/example_branch_operator.py
[2025-02-16T16:59:30.531+0700] {processor.py:927} WARNING - No viable dags retrieved from /home/dataengineer/.pyenv/versions/3.9.21/lib/python3.9/site-packages/airflow/example_dags/example_branch_operator.py
[2025-02-16T16:59:30.540+0700] {processor.py:208} INFO - Processing /home/dataengineer/.pyenv/versions/3.9.21/lib/python3.9/site-packages/airflow/example_dags/example_branch_operator.py took 0.087 seconds
