[2025-02-16T15:58:08.449+0700] {processor.py:186} INFO - Started process (PID=25578) to work on /home/dataengineer/.pyenv/versions/3.9.21/lib/python3.9/site-packages/airflow/example_dags/example_latest_only_with_trigger.py
[2025-02-16T15:58:08.450+0700] {processor.py:914} INFO - Processing file /home/dataengineer/.pyenv/versions/3.9.21/lib/python3.9/site-packages/airflow/example_dags/example_latest_only_with_trigger.py for tasks to queue
[2025-02-16T15:58:08.452+0700] {logging_mixin.py:190} INFO - [2025-02-16T15:58:08.451+0700] {dagbag.py:588} INFO - Filling up the DagBag from /home/dataengineer/.pyenv/versions/3.9.21/lib/python3.9/site-packages/airflow/example_dags/example_latest_only_with_trigger.py
[2025-02-16T15:58:08.458+0700] {processor.py:925} INFO - DAG(s) 'latest_only_with_trigger' retrieved from /home/dataengineer/.pyenv/versions/3.9.21/lib/python3.9/site-packages/airflow/example_dags/example_latest_only_with_trigger.py
[2025-02-16T15:58:08.473+0700] {logging_mixin.py:190} INFO - [2025-02-16T15:58:08.473+0700] {dag.py:3239} INFO - Sync 1 DAGs
[2025-02-16T15:58:08.491+0700] {logging_mixin.py:190} INFO - [2025-02-16T15:58:08.491+0700] {dag.py:4180} INFO - Setting next_dagrun for latest_only_with_trigger to 2025-02-16 04:00:00+00:00, run_after=2025-02-16 08:00:00+00:00
[2025-02-16T15:58:08.511+0700] {processor.py:208} INFO - Processing /home/dataengineer/.pyenv/versions/3.9.21/lib/python3.9/site-packages/airflow/example_dags/example_latest_only_with_trigger.py took 0.068 seconds
[2025-02-16T15:59:24.926+0700] {processor.py:186} INFO - Started process (PID=25898) to work on /home/dataengineer/.pyenv/versions/3.9.21/lib/python3.9/site-packages/airflow/example_dags/example_latest_only_with_trigger.py
[2025-02-16T15:59:24.927+0700] {processor.py:914} INFO - Processing file /home/dataengineer/.pyenv/versions/3.9.21/lib/python3.9/site-packages/airflow/example_dags/example_latest_only_with_trigger.py for tasks to queue
[2025-02-16T15:59:24.928+0700] {logging_mixin.py:190} INFO - [2025-02-16T15:59:24.928+0700] {dagbag.py:588} INFO - Filling up the DagBag from /home/dataengineer/.pyenv/versions/3.9.21/lib/python3.9/site-packages/airflow/example_dags/example_latest_only_with_trigger.py
[2025-02-16T15:59:24.937+0700] {processor.py:925} INFO - DAG(s) 'latest_only_with_trigger' retrieved from /home/dataengineer/.pyenv/versions/3.9.21/lib/python3.9/site-packages/airflow/example_dags/example_latest_only_with_trigger.py
[2025-02-16T15:59:24.953+0700] {logging_mixin.py:190} INFO - [2025-02-16T15:59:24.953+0700] {dag.py:3239} INFO - Sync 1 DAGs
[2025-02-16T15:59:24.972+0700] {logging_mixin.py:190} INFO - [2025-02-16T15:59:24.972+0700] {dag.py:4180} INFO - Setting next_dagrun for latest_only_with_trigger to 2025-02-16 04:00:00+00:00, run_after=2025-02-16 08:00:00+00:00
[2025-02-16T15:59:25.003+0700] {processor.py:208} INFO - Processing /home/dataengineer/.pyenv/versions/3.9.21/lib/python3.9/site-packages/airflow/example_dags/example_latest_only_with_trigger.py took 0.083 seconds
[2025-02-16T16:00:37.949+0700] {processor.py:186} INFO - Started process (PID=26280) to work on /home/dataengineer/.pyenv/versions/3.9.21/lib/python3.9/site-packages/airflow/example_dags/example_latest_only_with_trigger.py
[2025-02-16T16:00:37.950+0700] {processor.py:914} INFO - Processing file /home/dataengineer/.pyenv/versions/3.9.21/lib/python3.9/site-packages/airflow/example_dags/example_latest_only_with_trigger.py for tasks to queue
[2025-02-16T16:00:37.952+0700] {logging_mixin.py:190} INFO - [2025-02-16T16:00:37.951+0700] {dagbag.py:588} INFO - Filling up the DagBag from /home/dataengineer/.pyenv/versions/3.9.21/lib/python3.9/site-packages/airflow/example_dags/example_latest_only_with_trigger.py
[2025-02-16T16:00:37.961+0700] {processor.py:925} INFO - DAG(s) 'latest_only_with_trigger' retrieved from /home/dataengineer/.pyenv/versions/3.9.21/lib/python3.9/site-packages/airflow/example_dags/example_latest_only_with_trigger.py
[2025-02-16T16:00:37.977+0700] {logging_mixin.py:190} INFO - [2025-02-16T16:00:37.976+0700] {dag.py:3239} INFO - Sync 1 DAGs
[2025-02-16T16:00:37.998+0700] {logging_mixin.py:190} INFO - [2025-02-16T16:00:37.998+0700] {dag.py:4180} INFO - Setting next_dagrun for latest_only_with_trigger to 2025-02-16 04:00:00+00:00, run_after=2025-02-16 08:00:00+00:00
[2025-02-16T16:00:38.021+0700] {processor.py:208} INFO - Processing /home/dataengineer/.pyenv/versions/3.9.21/lib/python3.9/site-packages/airflow/example_dags/example_latest_only_with_trigger.py took 0.078 seconds
[2025-02-16T16:01:59.765+0700] {processor.py:186} INFO - Started process (PID=26829) to work on /home/dataengineer/.pyenv/versions/3.9.21/lib/python3.9/site-packages/airflow/example_dags/example_latest_only_with_trigger.py
[2025-02-16T16:01:59.766+0700] {processor.py:914} INFO - Processing file /home/dataengineer/.pyenv/versions/3.9.21/lib/python3.9/site-packages/airflow/example_dags/example_latest_only_with_trigger.py for tasks to queue
[2025-02-16T16:01:59.767+0700] {logging_mixin.py:190} INFO - [2025-02-16T16:01:59.767+0700] {dagbag.py:588} INFO - Filling up the DagBag from /home/dataengineer/.pyenv/versions/3.9.21/lib/python3.9/site-packages/airflow/example_dags/example_latest_only_with_trigger.py
[2025-02-16T16:01:59.776+0700] {processor.py:925} INFO - DAG(s) 'latest_only_with_trigger' retrieved from /home/dataengineer/.pyenv/versions/3.9.21/lib/python3.9/site-packages/airflow/example_dags/example_latest_only_with_trigger.py
[2025-02-16T16:01:59.793+0700] {logging_mixin.py:190} INFO - [2025-02-16T16:01:59.793+0700] {dag.py:3239} INFO - Sync 1 DAGs
[2025-02-16T16:01:59.815+0700] {logging_mixin.py:190} INFO - [2025-02-16T16:01:59.815+0700] {dag.py:4180} INFO - Setting next_dagrun for latest_only_with_trigger to 2025-02-16 04:00:00+00:00, run_after=2025-02-16 08:00:00+00:00
[2025-02-16T16:01:59.846+0700] {processor.py:208} INFO - Processing /home/dataengineer/.pyenv/versions/3.9.21/lib/python3.9/site-packages/airflow/example_dags/example_latest_only_with_trigger.py took 0.088 seconds
[2025-02-16T16:02:59.307+0700] {processor.py:186} INFO - Started process (PID=27227) to work on /home/dataengineer/.pyenv/versions/3.9.21/lib/python3.9/site-packages/airflow/example_dags/example_latest_only_with_trigger.py
[2025-02-16T16:02:59.309+0700] {processor.py:914} INFO - Processing file /home/dataengineer/.pyenv/versions/3.9.21/lib/python3.9/site-packages/airflow/example_dags/example_latest_only_with_trigger.py for tasks to queue
[2025-02-16T16:02:59.310+0700] {logging_mixin.py:190} INFO - [2025-02-16T16:02:59.310+0700] {dagbag.py:588} INFO - Filling up the DagBag from /home/dataengineer/.pyenv/versions/3.9.21/lib/python3.9/site-packages/airflow/example_dags/example_latest_only_with_trigger.py
[2025-02-16T16:02:59.318+0700] {processor.py:925} INFO - DAG(s) 'latest_only_with_trigger' retrieved from /home/dataengineer/.pyenv/versions/3.9.21/lib/python3.9/site-packages/airflow/example_dags/example_latest_only_with_trigger.py
[2025-02-16T16:02:59.332+0700] {logging_mixin.py:190} INFO - [2025-02-16T16:02:59.331+0700] {dag.py:3239} INFO - Sync 1 DAGs
[2025-02-16T16:02:59.349+0700] {logging_mixin.py:190} INFO - [2025-02-16T16:02:59.349+0700] {dag.py:4180} INFO - Setting next_dagrun for latest_only_with_trigger to 2025-02-16 04:00:00+00:00, run_after=2025-02-16 08:00:00+00:00
[2025-02-16T16:02:59.369+0700] {processor.py:208} INFO - Processing /home/dataengineer/.pyenv/versions/3.9.21/lib/python3.9/site-packages/airflow/example_dags/example_latest_only_with_trigger.py took 0.067 seconds
[2025-02-16T16:04:08.698+0700] {processor.py:186} INFO - Started process (PID=27516) to work on /home/dataengineer/.pyenv/versions/3.9.21/lib/python3.9/site-packages/airflow/example_dags/example_latest_only_with_trigger.py
[2025-02-16T16:04:08.699+0700] {processor.py:914} INFO - Processing file /home/dataengineer/.pyenv/versions/3.9.21/lib/python3.9/site-packages/airflow/example_dags/example_latest_only_with_trigger.py for tasks to queue
[2025-02-16T16:04:08.700+0700] {logging_mixin.py:190} INFO - [2025-02-16T16:04:08.700+0700] {dagbag.py:588} INFO - Filling up the DagBag from /home/dataengineer/.pyenv/versions/3.9.21/lib/python3.9/site-packages/airflow/example_dags/example_latest_only_with_trigger.py
[2025-02-16T16:04:08.713+0700] {processor.py:925} INFO - DAG(s) 'latest_only_with_trigger' retrieved from /home/dataengineer/.pyenv/versions/3.9.21/lib/python3.9/site-packages/airflow/example_dags/example_latest_only_with_trigger.py
[2025-02-16T16:04:08.730+0700] {logging_mixin.py:190} INFO - [2025-02-16T16:04:08.730+0700] {dag.py:3239} INFO - Sync 1 DAGs
[2025-02-16T16:04:08.751+0700] {logging_mixin.py:190} INFO - [2025-02-16T16:04:08.751+0700] {dag.py:4180} INFO - Setting next_dagrun for latest_only_with_trigger to 2025-02-16 04:00:00+00:00, run_after=2025-02-16 08:00:00+00:00
[2025-02-16T16:04:08.772+0700] {processor.py:208} INFO - Processing /home/dataengineer/.pyenv/versions/3.9.21/lib/python3.9/site-packages/airflow/example_dags/example_latest_only_with_trigger.py took 0.082 seconds
[2025-02-16T16:05:26.463+0700] {processor.py:186} INFO - Started process (PID=27845) to work on /home/dataengineer/.pyenv/versions/3.9.21/lib/python3.9/site-packages/airflow/example_dags/example_latest_only_with_trigger.py
[2025-02-16T16:05:26.464+0700] {processor.py:914} INFO - Processing file /home/dataengineer/.pyenv/versions/3.9.21/lib/python3.9/site-packages/airflow/example_dags/example_latest_only_with_trigger.py for tasks to queue
[2025-02-16T16:05:26.465+0700] {logging_mixin.py:190} INFO - [2025-02-16T16:05:26.465+0700] {dagbag.py:588} INFO - Filling up the DagBag from /home/dataengineer/.pyenv/versions/3.9.21/lib/python3.9/site-packages/airflow/example_dags/example_latest_only_with_trigger.py
[2025-02-16T16:05:26.473+0700] {processor.py:925} INFO - DAG(s) 'latest_only_with_trigger' retrieved from /home/dataengineer/.pyenv/versions/3.9.21/lib/python3.9/site-packages/airflow/example_dags/example_latest_only_with_trigger.py
[2025-02-16T16:05:26.487+0700] {logging_mixin.py:190} INFO - [2025-02-16T16:05:26.487+0700] {dag.py:3239} INFO - Sync 1 DAGs
[2025-02-16T16:05:26.506+0700] {logging_mixin.py:190} INFO - [2025-02-16T16:05:26.505+0700] {dag.py:4180} INFO - Setting next_dagrun for latest_only_with_trigger to 2025-02-16 04:00:00+00:00, run_after=2025-02-16 08:00:00+00:00
[2025-02-16T16:05:26.524+0700] {processor.py:208} INFO - Processing /home/dataengineer/.pyenv/versions/3.9.21/lib/python3.9/site-packages/airflow/example_dags/example_latest_only_with_trigger.py took 0.067 seconds
[2025-02-16T16:06:41.842+0700] {processor.py:186} INFO - Started process (PID=28198) to work on /home/dataengineer/.pyenv/versions/3.9.21/lib/python3.9/site-packages/airflow/example_dags/example_latest_only_with_trigger.py
[2025-02-16T16:06:41.844+0700] {processor.py:914} INFO - Processing file /home/dataengineer/.pyenv/versions/3.9.21/lib/python3.9/site-packages/airflow/example_dags/example_latest_only_with_trigger.py for tasks to queue
[2025-02-16T16:06:41.845+0700] {logging_mixin.py:190} INFO - [2025-02-16T16:06:41.844+0700] {dagbag.py:588} INFO - Filling up the DagBag from /home/dataengineer/.pyenv/versions/3.9.21/lib/python3.9/site-packages/airflow/example_dags/example_latest_only_with_trigger.py
[2025-02-16T16:06:41.853+0700] {processor.py:925} INFO - DAG(s) 'latest_only_with_trigger' retrieved from /home/dataengineer/.pyenv/versions/3.9.21/lib/python3.9/site-packages/airflow/example_dags/example_latest_only_with_trigger.py
[2025-02-16T16:06:41.868+0700] {logging_mixin.py:190} INFO - [2025-02-16T16:06:41.868+0700] {dag.py:3239} INFO - Sync 1 DAGs
[2025-02-16T16:06:41.886+0700] {logging_mixin.py:190} INFO - [2025-02-16T16:06:41.886+0700] {dag.py:4180} INFO - Setting next_dagrun for latest_only_with_trigger to 2025-02-16 04:00:00+00:00, run_after=2025-02-16 08:00:00+00:00
[2025-02-16T16:06:41.904+0700] {processor.py:208} INFO - Processing /home/dataengineer/.pyenv/versions/3.9.21/lib/python3.9/site-packages/airflow/example_dags/example_latest_only_with_trigger.py took 0.068 seconds
[2025-02-16T16:07:51.726+0700] {processor.py:186} INFO - Started process (PID=28624) to work on /home/dataengineer/.pyenv/versions/3.9.21/lib/python3.9/site-packages/airflow/example_dags/example_latest_only_with_trigger.py
[2025-02-16T16:07:51.727+0700] {processor.py:914} INFO - Processing file /home/dataengineer/.pyenv/versions/3.9.21/lib/python3.9/site-packages/airflow/example_dags/example_latest_only_with_trigger.py for tasks to queue
[2025-02-16T16:07:51.728+0700] {logging_mixin.py:190} INFO - [2025-02-16T16:07:51.728+0700] {dagbag.py:588} INFO - Filling up the DagBag from /home/dataengineer/.pyenv/versions/3.9.21/lib/python3.9/site-packages/airflow/example_dags/example_latest_only_with_trigger.py
[2025-02-16T16:07:51.736+0700] {processor.py:925} INFO - DAG(s) 'latest_only_with_trigger' retrieved from /home/dataengineer/.pyenv/versions/3.9.21/lib/python3.9/site-packages/airflow/example_dags/example_latest_only_with_trigger.py
[2025-02-16T16:07:51.749+0700] {logging_mixin.py:190} INFO - [2025-02-16T16:07:51.749+0700] {dag.py:3239} INFO - Sync 1 DAGs
[2025-02-16T16:07:51.767+0700] {logging_mixin.py:190} INFO - [2025-02-16T16:07:51.766+0700] {dag.py:4180} INFO - Setting next_dagrun for latest_only_with_trigger to 2025-02-16 04:00:00+00:00, run_after=2025-02-16 08:00:00+00:00
[2025-02-16T16:07:51.785+0700] {processor.py:208} INFO - Processing /home/dataengineer/.pyenv/versions/3.9.21/lib/python3.9/site-packages/airflow/example_dags/example_latest_only_with_trigger.py took 0.065 seconds
[2025-02-16T16:09:03.485+0700] {processor.py:186} INFO - Started process (PID=28965) to work on /home/dataengineer/.pyenv/versions/3.9.21/lib/python3.9/site-packages/airflow/example_dags/example_latest_only_with_trigger.py
[2025-02-16T16:09:03.486+0700] {processor.py:914} INFO - Processing file /home/dataengineer/.pyenv/versions/3.9.21/lib/python3.9/site-packages/airflow/example_dags/example_latest_only_with_trigger.py for tasks to queue
[2025-02-16T16:09:03.488+0700] {logging_mixin.py:190} INFO - [2025-02-16T16:09:03.488+0700] {dagbag.py:588} INFO - Filling up the DagBag from /home/dataengineer/.pyenv/versions/3.9.21/lib/python3.9/site-packages/airflow/example_dags/example_latest_only_with_trigger.py
[2025-02-16T16:09:03.498+0700] {processor.py:925} INFO - DAG(s) 'latest_only_with_trigger' retrieved from /home/dataengineer/.pyenv/versions/3.9.21/lib/python3.9/site-packages/airflow/example_dags/example_latest_only_with_trigger.py
[2025-02-16T16:09:03.514+0700] {logging_mixin.py:190} INFO - [2025-02-16T16:09:03.514+0700] {dag.py:3239} INFO - Sync 1 DAGs
[2025-02-16T16:09:03.535+0700] {logging_mixin.py:190} INFO - [2025-02-16T16:09:03.535+0700] {dag.py:4180} INFO - Setting next_dagrun for latest_only_with_trigger to 2025-02-16 04:00:00+00:00, run_after=2025-02-16 08:00:00+00:00
[2025-02-16T16:09:03.555+0700] {processor.py:208} INFO - Processing /home/dataengineer/.pyenv/versions/3.9.21/lib/python3.9/site-packages/airflow/example_dags/example_latest_only_with_trigger.py took 0.076 seconds
[2025-02-16T16:10:20.551+0700] {processor.py:186} INFO - Started process (PID=29368) to work on /home/dataengineer/.pyenv/versions/3.9.21/lib/python3.9/site-packages/airflow/example_dags/example_latest_only_with_trigger.py
[2025-02-16T16:10:20.552+0700] {processor.py:914} INFO - Processing file /home/dataengineer/.pyenv/versions/3.9.21/lib/python3.9/site-packages/airflow/example_dags/example_latest_only_with_trigger.py for tasks to queue
[2025-02-16T16:10:20.553+0700] {logging_mixin.py:190} INFO - [2025-02-16T16:10:20.553+0700] {dagbag.py:588} INFO - Filling up the DagBag from /home/dataengineer/.pyenv/versions/3.9.21/lib/python3.9/site-packages/airflow/example_dags/example_latest_only_with_trigger.py
[2025-02-16T16:10:20.562+0700] {processor.py:925} INFO - DAG(s) 'latest_only_with_trigger' retrieved from /home/dataengineer/.pyenv/versions/3.9.21/lib/python3.9/site-packages/airflow/example_dags/example_latest_only_with_trigger.py
[2025-02-16T16:10:20.577+0700] {logging_mixin.py:190} INFO - [2025-02-16T16:10:20.577+0700] {dag.py:3239} INFO - Sync 1 DAGs
[2025-02-16T16:10:20.596+0700] {logging_mixin.py:190} INFO - [2025-02-16T16:10:20.596+0700] {dag.py:4180} INFO - Setting next_dagrun for latest_only_with_trigger to 2025-02-16 04:00:00+00:00, run_after=2025-02-16 08:00:00+00:00
[2025-02-16T16:10:20.615+0700] {processor.py:208} INFO - Processing /home/dataengineer/.pyenv/versions/3.9.21/lib/python3.9/site-packages/airflow/example_dags/example_latest_only_with_trigger.py took 0.070 seconds
[2025-02-16T16:11:29.069+0700] {processor.py:186} INFO - Started process (PID=29655) to work on /home/dataengineer/.pyenv/versions/3.9.21/lib/python3.9/site-packages/airflow/example_dags/example_latest_only_with_trigger.py
[2025-02-16T16:11:29.070+0700] {processor.py:914} INFO - Processing file /home/dataengineer/.pyenv/versions/3.9.21/lib/python3.9/site-packages/airflow/example_dags/example_latest_only_with_trigger.py for tasks to queue
[2025-02-16T16:11:29.072+0700] {logging_mixin.py:190} INFO - [2025-02-16T16:11:29.071+0700] {dagbag.py:588} INFO - Filling up the DagBag from /home/dataengineer/.pyenv/versions/3.9.21/lib/python3.9/site-packages/airflow/example_dags/example_latest_only_with_trigger.py
[2025-02-16T16:11:29.080+0700] {processor.py:925} INFO - DAG(s) 'latest_only_with_trigger' retrieved from /home/dataengineer/.pyenv/versions/3.9.21/lib/python3.9/site-packages/airflow/example_dags/example_latest_only_with_trigger.py
[2025-02-16T16:11:29.096+0700] {logging_mixin.py:190} INFO - [2025-02-16T16:11:29.096+0700] {dag.py:3239} INFO - Sync 1 DAGs
[2025-02-16T16:11:29.119+0700] {logging_mixin.py:190} INFO - [2025-02-16T16:11:29.118+0700] {dag.py:4180} INFO - Setting next_dagrun for latest_only_with_trigger to 2025-02-16 04:00:00+00:00, run_after=2025-02-16 08:00:00+00:00
[2025-02-16T16:11:29.142+0700] {processor.py:208} INFO - Processing /home/dataengineer/.pyenv/versions/3.9.21/lib/python3.9/site-packages/airflow/example_dags/example_latest_only_with_trigger.py took 0.079 seconds
[2025-02-16T16:12:43.026+0700] {processor.py:186} INFO - Started process (PID=29966) to work on /home/dataengineer/.pyenv/versions/3.9.21/lib/python3.9/site-packages/airflow/example_dags/example_latest_only_with_trigger.py
[2025-02-16T16:12:43.027+0700] {processor.py:914} INFO - Processing file /home/dataengineer/.pyenv/versions/3.9.21/lib/python3.9/site-packages/airflow/example_dags/example_latest_only_with_trigger.py for tasks to queue
[2025-02-16T16:12:43.029+0700] {logging_mixin.py:190} INFO - [2025-02-16T16:12:43.028+0700] {dagbag.py:588} INFO - Filling up the DagBag from /home/dataengineer/.pyenv/versions/3.9.21/lib/python3.9/site-packages/airflow/example_dags/example_latest_only_with_trigger.py
[2025-02-16T16:12:43.037+0700] {processor.py:925} INFO - DAG(s) 'latest_only_with_trigger' retrieved from /home/dataengineer/.pyenv/versions/3.9.21/lib/python3.9/site-packages/airflow/example_dags/example_latest_only_with_trigger.py
[2025-02-16T16:12:43.052+0700] {logging_mixin.py:190} INFO - [2025-02-16T16:12:43.051+0700] {dag.py:3239} INFO - Sync 1 DAGs
[2025-02-16T16:12:43.070+0700] {logging_mixin.py:190} INFO - [2025-02-16T16:12:43.070+0700] {dag.py:4180} INFO - Setting next_dagrun for latest_only_with_trigger to 2025-02-16 04:00:00+00:00, run_after=2025-02-16 08:00:00+00:00
[2025-02-16T16:12:43.090+0700] {processor.py:208} INFO - Processing /home/dataengineer/.pyenv/versions/3.9.21/lib/python3.9/site-packages/airflow/example_dags/example_latest_only_with_trigger.py took 0.069 seconds
[2025-02-16T16:13:58.047+0700] {processor.py:186} INFO - Started process (PID=30285) to work on /home/dataengineer/.pyenv/versions/3.9.21/lib/python3.9/site-packages/airflow/example_dags/example_latest_only_with_trigger.py
[2025-02-16T16:13:58.048+0700] {processor.py:914} INFO - Processing file /home/dataengineer/.pyenv/versions/3.9.21/lib/python3.9/site-packages/airflow/example_dags/example_latest_only_with_trigger.py for tasks to queue
[2025-02-16T16:13:58.049+0700] {logging_mixin.py:190} INFO - [2025-02-16T16:13:58.049+0700] {dagbag.py:588} INFO - Filling up the DagBag from /home/dataengineer/.pyenv/versions/3.9.21/lib/python3.9/site-packages/airflow/example_dags/example_latest_only_with_trigger.py
[2025-02-16T16:13:58.058+0700] {processor.py:925} INFO - DAG(s) 'latest_only_with_trigger' retrieved from /home/dataengineer/.pyenv/versions/3.9.21/lib/python3.9/site-packages/airflow/example_dags/example_latest_only_with_trigger.py
[2025-02-16T16:13:58.072+0700] {logging_mixin.py:190} INFO - [2025-02-16T16:13:58.072+0700] {dag.py:3239} INFO - Sync 1 DAGs
[2025-02-16T16:13:58.091+0700] {logging_mixin.py:190} INFO - [2025-02-16T16:13:58.091+0700] {dag.py:4180} INFO - Setting next_dagrun for latest_only_with_trigger to 2025-02-16 04:00:00+00:00, run_after=2025-02-16 08:00:00+00:00
[2025-02-16T16:13:58.111+0700] {processor.py:208} INFO - Processing /home/dataengineer/.pyenv/versions/3.9.21/lib/python3.9/site-packages/airflow/example_dags/example_latest_only_with_trigger.py took 0.070 seconds
[2025-02-16T16:15:11.736+0700] {processor.py:186} INFO - Started process (PID=30593) to work on /home/dataengineer/.pyenv/versions/3.9.21/lib/python3.9/site-packages/airflow/example_dags/example_latest_only_with_trigger.py
[2025-02-16T16:15:11.737+0700] {processor.py:914} INFO - Processing file /home/dataengineer/.pyenv/versions/3.9.21/lib/python3.9/site-packages/airflow/example_dags/example_latest_only_with_trigger.py for tasks to queue
[2025-02-16T16:15:11.739+0700] {logging_mixin.py:190} INFO - [2025-02-16T16:15:11.738+0700] {dagbag.py:588} INFO - Filling up the DagBag from /home/dataengineer/.pyenv/versions/3.9.21/lib/python3.9/site-packages/airflow/example_dags/example_latest_only_with_trigger.py
[2025-02-16T16:15:11.747+0700] {processor.py:925} INFO - DAG(s) 'latest_only_with_trigger' retrieved from /home/dataengineer/.pyenv/versions/3.9.21/lib/python3.9/site-packages/airflow/example_dags/example_latest_only_with_trigger.py
[2025-02-16T16:15:11.762+0700] {logging_mixin.py:190} INFO - [2025-02-16T16:15:11.761+0700] {dag.py:3239} INFO - Sync 1 DAGs
[2025-02-16T16:15:11.781+0700] {logging_mixin.py:190} INFO - [2025-02-16T16:15:11.781+0700] {dag.py:4180} INFO - Setting next_dagrun for latest_only_with_trigger to 2025-02-16 04:00:00+00:00, run_after=2025-02-16 08:00:00+00:00
[2025-02-16T16:15:11.801+0700] {processor.py:208} INFO - Processing /home/dataengineer/.pyenv/versions/3.9.21/lib/python3.9/site-packages/airflow/example_dags/example_latest_only_with_trigger.py took 0.071 seconds
[2025-02-16T16:16:27.289+0700] {processor.py:186} INFO - Started process (PID=30905) to work on /home/dataengineer/.pyenv/versions/3.9.21/lib/python3.9/site-packages/airflow/example_dags/example_latest_only_with_trigger.py
[2025-02-16T16:16:27.290+0700] {processor.py:914} INFO - Processing file /home/dataengineer/.pyenv/versions/3.9.21/lib/python3.9/site-packages/airflow/example_dags/example_latest_only_with_trigger.py for tasks to queue
[2025-02-16T16:16:27.292+0700] {logging_mixin.py:190} INFO - [2025-02-16T16:16:27.291+0700] {dagbag.py:588} INFO - Filling up the DagBag from /home/dataengineer/.pyenv/versions/3.9.21/lib/python3.9/site-packages/airflow/example_dags/example_latest_only_with_trigger.py
[2025-02-16T16:16:27.301+0700] {processor.py:925} INFO - DAG(s) 'latest_only_with_trigger' retrieved from /home/dataengineer/.pyenv/versions/3.9.21/lib/python3.9/site-packages/airflow/example_dags/example_latest_only_with_trigger.py
[2025-02-16T16:16:27.316+0700] {logging_mixin.py:190} INFO - [2025-02-16T16:16:27.316+0700] {dag.py:3239} INFO - Sync 1 DAGs
[2025-02-16T16:16:27.336+0700] {logging_mixin.py:190} INFO - [2025-02-16T16:16:27.336+0700] {dag.py:4180} INFO - Setting next_dagrun for latest_only_with_trigger to 2025-02-16 04:00:00+00:00, run_after=2025-02-16 08:00:00+00:00
[2025-02-16T16:16:27.357+0700] {processor.py:208} INFO - Processing /home/dataengineer/.pyenv/versions/3.9.21/lib/python3.9/site-packages/airflow/example_dags/example_latest_only_with_trigger.py took 0.075 seconds
[2025-02-16T16:17:42.920+0700] {processor.py:186} INFO - Started process (PID=31225) to work on /home/dataengineer/.pyenv/versions/3.9.21/lib/python3.9/site-packages/airflow/example_dags/example_latest_only_with_trigger.py
[2025-02-16T16:17:42.921+0700] {processor.py:914} INFO - Processing file /home/dataengineer/.pyenv/versions/3.9.21/lib/python3.9/site-packages/airflow/example_dags/example_latest_only_with_trigger.py for tasks to queue
[2025-02-16T16:17:42.922+0700] {logging_mixin.py:190} INFO - [2025-02-16T16:17:42.922+0700] {dagbag.py:588} INFO - Filling up the DagBag from /home/dataengineer/.pyenv/versions/3.9.21/lib/python3.9/site-packages/airflow/example_dags/example_latest_only_with_trigger.py
[2025-02-16T16:17:42.931+0700] {processor.py:925} INFO - DAG(s) 'latest_only_with_trigger' retrieved from /home/dataengineer/.pyenv/versions/3.9.21/lib/python3.9/site-packages/airflow/example_dags/example_latest_only_with_trigger.py
[2025-02-16T16:17:42.946+0700] {logging_mixin.py:190} INFO - [2025-02-16T16:17:42.945+0700] {dag.py:3239} INFO - Sync 1 DAGs
[2025-02-16T16:17:42.965+0700] {logging_mixin.py:190} INFO - [2025-02-16T16:17:42.965+0700] {dag.py:4180} INFO - Setting next_dagrun for latest_only_with_trigger to 2025-02-16 04:00:00+00:00, run_after=2025-02-16 08:00:00+00:00
[2025-02-16T16:17:42.985+0700] {processor.py:208} INFO - Processing /home/dataengineer/.pyenv/versions/3.9.21/lib/python3.9/site-packages/airflow/example_dags/example_latest_only_with_trigger.py took 0.071 seconds
[2025-02-16T16:19:00.230+0700] {processor.py:186} INFO - Started process (PID=31544) to work on /home/dataengineer/.pyenv/versions/3.9.21/lib/python3.9/site-packages/airflow/example_dags/example_latest_only_with_trigger.py
[2025-02-16T16:19:00.231+0700] {processor.py:914} INFO - Processing file /home/dataengineer/.pyenv/versions/3.9.21/lib/python3.9/site-packages/airflow/example_dags/example_latest_only_with_trigger.py for tasks to queue
[2025-02-16T16:19:00.232+0700] {logging_mixin.py:190} INFO - [2025-02-16T16:19:00.232+0700] {dagbag.py:588} INFO - Filling up the DagBag from /home/dataengineer/.pyenv/versions/3.9.21/lib/python3.9/site-packages/airflow/example_dags/example_latest_only_with_trigger.py
[2025-02-16T16:19:00.241+0700] {processor.py:925} INFO - DAG(s) 'latest_only_with_trigger' retrieved from /home/dataengineer/.pyenv/versions/3.9.21/lib/python3.9/site-packages/airflow/example_dags/example_latest_only_with_trigger.py
[2025-02-16T16:19:00.256+0700] {logging_mixin.py:190} INFO - [2025-02-16T16:19:00.255+0700] {dag.py:3239} INFO - Sync 1 DAGs
[2025-02-16T16:19:00.275+0700] {logging_mixin.py:190} INFO - [2025-02-16T16:19:00.275+0700] {dag.py:4180} INFO - Setting next_dagrun for latest_only_with_trigger to 2025-02-16 04:00:00+00:00, run_after=2025-02-16 08:00:00+00:00
[2025-02-16T16:19:00.295+0700] {processor.py:208} INFO - Processing /home/dataengineer/.pyenv/versions/3.9.21/lib/python3.9/site-packages/airflow/example_dags/example_latest_only_with_trigger.py took 0.071 seconds
[2025-02-16T16:20:13.174+0700] {processor.py:186} INFO - Started process (PID=31851) to work on /home/dataengineer/.pyenv/versions/3.9.21/lib/python3.9/site-packages/airflow/example_dags/example_latest_only_with_trigger.py
[2025-02-16T16:20:13.175+0700] {processor.py:914} INFO - Processing file /home/dataengineer/.pyenv/versions/3.9.21/lib/python3.9/site-packages/airflow/example_dags/example_latest_only_with_trigger.py for tasks to queue
[2025-02-16T16:20:13.177+0700] {logging_mixin.py:190} INFO - [2025-02-16T16:20:13.176+0700] {dagbag.py:588} INFO - Filling up the DagBag from /home/dataengineer/.pyenv/versions/3.9.21/lib/python3.9/site-packages/airflow/example_dags/example_latest_only_with_trigger.py
[2025-02-16T16:20:13.185+0700] {processor.py:925} INFO - DAG(s) 'latest_only_with_trigger' retrieved from /home/dataengineer/.pyenv/versions/3.9.21/lib/python3.9/site-packages/airflow/example_dags/example_latest_only_with_trigger.py
[2025-02-16T16:20:13.200+0700] {logging_mixin.py:190} INFO - [2025-02-16T16:20:13.200+0700] {dag.py:3239} INFO - Sync 1 DAGs
[2025-02-16T16:20:13.220+0700] {logging_mixin.py:190} INFO - [2025-02-16T16:20:13.220+0700] {dag.py:4180} INFO - Setting next_dagrun for latest_only_with_trigger to 2025-02-16 04:00:00+00:00, run_after=2025-02-16 08:00:00+00:00
[2025-02-16T16:20:13.242+0700] {processor.py:208} INFO - Processing /home/dataengineer/.pyenv/versions/3.9.21/lib/python3.9/site-packages/airflow/example_dags/example_latest_only_with_trigger.py took 0.074 seconds
[2025-02-16T16:21:25.342+0700] {processor.py:186} INFO - Started process (PID=32147) to work on /home/dataengineer/.pyenv/versions/3.9.21/lib/python3.9/site-packages/airflow/example_dags/example_latest_only_with_trigger.py
[2025-02-16T16:21:25.344+0700] {processor.py:914} INFO - Processing file /home/dataengineer/.pyenv/versions/3.9.21/lib/python3.9/site-packages/airflow/example_dags/example_latest_only_with_trigger.py for tasks to queue
[2025-02-16T16:21:25.345+0700] {logging_mixin.py:190} INFO - [2025-02-16T16:21:25.345+0700] {dagbag.py:588} INFO - Filling up the DagBag from /home/dataengineer/.pyenv/versions/3.9.21/lib/python3.9/site-packages/airflow/example_dags/example_latest_only_with_trigger.py
[2025-02-16T16:21:25.354+0700] {processor.py:925} INFO - DAG(s) 'latest_only_with_trigger' retrieved from /home/dataengineer/.pyenv/versions/3.9.21/lib/python3.9/site-packages/airflow/example_dags/example_latest_only_with_trigger.py
[2025-02-16T16:21:25.368+0700] {logging_mixin.py:190} INFO - [2025-02-16T16:21:25.368+0700] {dag.py:3239} INFO - Sync 1 DAGs
[2025-02-16T16:21:25.388+0700] {logging_mixin.py:190} INFO - [2025-02-16T16:21:25.388+0700] {dag.py:4180} INFO - Setting next_dagrun for latest_only_with_trigger to 2025-02-16 04:00:00+00:00, run_after=2025-02-16 08:00:00+00:00
[2025-02-16T16:21:25.409+0700] {processor.py:208} INFO - Processing /home/dataengineer/.pyenv/versions/3.9.21/lib/python3.9/site-packages/airflow/example_dags/example_latest_only_with_trigger.py took 0.072 seconds
[2025-02-16T16:22:37.944+0700] {processor.py:186} INFO - Started process (PID=32458) to work on /home/dataengineer/.pyenv/versions/3.9.21/lib/python3.9/site-packages/airflow/example_dags/example_latest_only_with_trigger.py
[2025-02-16T16:22:37.946+0700] {processor.py:914} INFO - Processing file /home/dataengineer/.pyenv/versions/3.9.21/lib/python3.9/site-packages/airflow/example_dags/example_latest_only_with_trigger.py for tasks to queue
[2025-02-16T16:22:37.947+0700] {logging_mixin.py:190} INFO - [2025-02-16T16:22:37.947+0700] {dagbag.py:588} INFO - Filling up the DagBag from /home/dataengineer/.pyenv/versions/3.9.21/lib/python3.9/site-packages/airflow/example_dags/example_latest_only_with_trigger.py
[2025-02-16T16:22:37.955+0700] {processor.py:925} INFO - DAG(s) 'latest_only_with_trigger' retrieved from /home/dataengineer/.pyenv/versions/3.9.21/lib/python3.9/site-packages/airflow/example_dags/example_latest_only_with_trigger.py
[2025-02-16T16:22:37.970+0700] {logging_mixin.py:190} INFO - [2025-02-16T16:22:37.970+0700] {dag.py:3239} INFO - Sync 1 DAGs
[2025-02-16T16:22:37.989+0700] {logging_mixin.py:190} INFO - [2025-02-16T16:22:37.988+0700] {dag.py:4180} INFO - Setting next_dagrun for latest_only_with_trigger to 2025-02-16 04:00:00+00:00, run_after=2025-02-16 08:00:00+00:00
[2025-02-16T16:22:38.008+0700] {processor.py:208} INFO - Processing /home/dataengineer/.pyenv/versions/3.9.21/lib/python3.9/site-packages/airflow/example_dags/example_latest_only_with_trigger.py took 0.070 seconds
[2025-02-16T16:23:51.964+0700] {processor.py:186} INFO - Started process (PID=32763) to work on /home/dataengineer/.pyenv/versions/3.9.21/lib/python3.9/site-packages/airflow/example_dags/example_latest_only_with_trigger.py
[2025-02-16T16:23:51.965+0700] {processor.py:914} INFO - Processing file /home/dataengineer/.pyenv/versions/3.9.21/lib/python3.9/site-packages/airflow/example_dags/example_latest_only_with_trigger.py for tasks to queue
[2025-02-16T16:23:51.966+0700] {logging_mixin.py:190} INFO - [2025-02-16T16:23:51.966+0700] {dagbag.py:588} INFO - Filling up the DagBag from /home/dataengineer/.pyenv/versions/3.9.21/lib/python3.9/site-packages/airflow/example_dags/example_latest_only_with_trigger.py
[2025-02-16T16:23:51.975+0700] {processor.py:925} INFO - DAG(s) 'latest_only_with_trigger' retrieved from /home/dataengineer/.pyenv/versions/3.9.21/lib/python3.9/site-packages/airflow/example_dags/example_latest_only_with_trigger.py
[2025-02-16T16:23:51.990+0700] {logging_mixin.py:190} INFO - [2025-02-16T16:23:51.990+0700] {dag.py:3239} INFO - Sync 1 DAGs
[2025-02-16T16:23:52.009+0700] {logging_mixin.py:190} INFO - [2025-02-16T16:23:52.008+0700] {dag.py:4180} INFO - Setting next_dagrun for latest_only_with_trigger to 2025-02-16 04:00:00+00:00, run_after=2025-02-16 08:00:00+00:00
[2025-02-16T16:23:52.028+0700] {processor.py:208} INFO - Processing /home/dataengineer/.pyenv/versions/3.9.21/lib/python3.9/site-packages/airflow/example_dags/example_latest_only_with_trigger.py took 0.070 seconds
[2025-02-16T16:25:01.744+0700] {processor.py:186} INFO - Started process (PID=33062) to work on /home/dataengineer/.pyenv/versions/3.9.21/lib/python3.9/site-packages/airflow/example_dags/example_latest_only_with_trigger.py
[2025-02-16T16:25:01.745+0700] {processor.py:914} INFO - Processing file /home/dataengineer/.pyenv/versions/3.9.21/lib/python3.9/site-packages/airflow/example_dags/example_latest_only_with_trigger.py for tasks to queue
[2025-02-16T16:25:01.747+0700] {logging_mixin.py:190} INFO - [2025-02-16T16:25:01.746+0700] {dagbag.py:588} INFO - Filling up the DagBag from /home/dataengineer/.pyenv/versions/3.9.21/lib/python3.9/site-packages/airflow/example_dags/example_latest_only_with_trigger.py
[2025-02-16T16:25:01.755+0700] {processor.py:925} INFO - DAG(s) 'latest_only_with_trigger' retrieved from /home/dataengineer/.pyenv/versions/3.9.21/lib/python3.9/site-packages/airflow/example_dags/example_latest_only_with_trigger.py
[2025-02-16T16:25:01.771+0700] {logging_mixin.py:190} INFO - [2025-02-16T16:25:01.770+0700] {dag.py:3239} INFO - Sync 1 DAGs
[2025-02-16T16:25:01.789+0700] {logging_mixin.py:190} INFO - [2025-02-16T16:25:01.789+0700] {dag.py:4180} INFO - Setting next_dagrun for latest_only_with_trigger to 2025-02-16 04:00:00+00:00, run_after=2025-02-16 08:00:00+00:00
[2025-02-16T16:25:01.809+0700] {processor.py:208} INFO - Processing /home/dataengineer/.pyenv/versions/3.9.21/lib/python3.9/site-packages/airflow/example_dags/example_latest_only_with_trigger.py took 0.071 seconds
[2025-02-16T16:26:17.847+0700] {processor.py:186} INFO - Started process (PID=33381) to work on /home/dataengineer/.pyenv/versions/3.9.21/lib/python3.9/site-packages/airflow/example_dags/example_latest_only_with_trigger.py
[2025-02-16T16:26:17.848+0700] {processor.py:914} INFO - Processing file /home/dataengineer/.pyenv/versions/3.9.21/lib/python3.9/site-packages/airflow/example_dags/example_latest_only_with_trigger.py for tasks to queue
[2025-02-16T16:26:17.850+0700] {logging_mixin.py:190} INFO - [2025-02-16T16:26:17.849+0700] {dagbag.py:588} INFO - Filling up the DagBag from /home/dataengineer/.pyenv/versions/3.9.21/lib/python3.9/site-packages/airflow/example_dags/example_latest_only_with_trigger.py
[2025-02-16T16:26:17.858+0700] {processor.py:925} INFO - DAG(s) 'latest_only_with_trigger' retrieved from /home/dataengineer/.pyenv/versions/3.9.21/lib/python3.9/site-packages/airflow/example_dags/example_latest_only_with_trigger.py
[2025-02-16T16:26:17.873+0700] {logging_mixin.py:190} INFO - [2025-02-16T16:26:17.872+0700] {dag.py:3239} INFO - Sync 1 DAGs
[2025-02-16T16:26:17.892+0700] {logging_mixin.py:190} INFO - [2025-02-16T16:26:17.892+0700] {dag.py:4180} INFO - Setting next_dagrun for latest_only_with_trigger to 2025-02-16 04:00:00+00:00, run_after=2025-02-16 08:00:00+00:00
[2025-02-16T16:26:17.911+0700] {processor.py:208} INFO - Processing /home/dataengineer/.pyenv/versions/3.9.21/lib/python3.9/site-packages/airflow/example_dags/example_latest_only_with_trigger.py took 0.070 seconds
[2025-02-16T16:27:32.156+0700] {processor.py:186} INFO - Started process (PID=33687) to work on /home/dataengineer/.pyenv/versions/3.9.21/lib/python3.9/site-packages/airflow/example_dags/example_latest_only_with_trigger.py
[2025-02-16T16:27:32.158+0700] {processor.py:914} INFO - Processing file /home/dataengineer/.pyenv/versions/3.9.21/lib/python3.9/site-packages/airflow/example_dags/example_latest_only_with_trigger.py for tasks to queue
[2025-02-16T16:27:32.159+0700] {logging_mixin.py:190} INFO - [2025-02-16T16:27:32.159+0700] {dagbag.py:588} INFO - Filling up the DagBag from /home/dataengineer/.pyenv/versions/3.9.21/lib/python3.9/site-packages/airflow/example_dags/example_latest_only_with_trigger.py
[2025-02-16T16:27:32.172+0700] {processor.py:925} INFO - DAG(s) 'latest_only_with_trigger' retrieved from /home/dataengineer/.pyenv/versions/3.9.21/lib/python3.9/site-packages/airflow/example_dags/example_latest_only_with_trigger.py
[2025-02-16T16:27:32.192+0700] {logging_mixin.py:190} INFO - [2025-02-16T16:27:32.191+0700] {dag.py:3239} INFO - Sync 1 DAGs
[2025-02-16T16:27:32.211+0700] {logging_mixin.py:190} INFO - [2025-02-16T16:27:32.211+0700] {dag.py:4180} INFO - Setting next_dagrun for latest_only_with_trigger to 2025-02-16 04:00:00+00:00, run_after=2025-02-16 08:00:00+00:00
[2025-02-16T16:27:32.235+0700] {processor.py:208} INFO - Processing /home/dataengineer/.pyenv/versions/3.9.21/lib/python3.9/site-packages/airflow/example_dags/example_latest_only_with_trigger.py took 0.085 seconds
[2025-02-16T16:28:44.570+0700] {processor.py:186} INFO - Started process (PID=33997) to work on /home/dataengineer/.pyenv/versions/3.9.21/lib/python3.9/site-packages/airflow/example_dags/example_latest_only_with_trigger.py
[2025-02-16T16:28:44.571+0700] {processor.py:914} INFO - Processing file /home/dataengineer/.pyenv/versions/3.9.21/lib/python3.9/site-packages/airflow/example_dags/example_latest_only_with_trigger.py for tasks to queue
[2025-02-16T16:28:44.573+0700] {logging_mixin.py:190} INFO - [2025-02-16T16:28:44.572+0700] {dagbag.py:588} INFO - Filling up the DagBag from /home/dataengineer/.pyenv/versions/3.9.21/lib/python3.9/site-packages/airflow/example_dags/example_latest_only_with_trigger.py
[2025-02-16T16:28:44.581+0700] {processor.py:925} INFO - DAG(s) 'latest_only_with_trigger' retrieved from /home/dataengineer/.pyenv/versions/3.9.21/lib/python3.9/site-packages/airflow/example_dags/example_latest_only_with_trigger.py
[2025-02-16T16:28:44.598+0700] {logging_mixin.py:190} INFO - [2025-02-16T16:28:44.597+0700] {dag.py:3239} INFO - Sync 1 DAGs
[2025-02-16T16:28:44.617+0700] {logging_mixin.py:190} INFO - [2025-02-16T16:28:44.617+0700] {dag.py:4180} INFO - Setting next_dagrun for latest_only_with_trigger to 2025-02-16 04:00:00+00:00, run_after=2025-02-16 08:00:00+00:00
[2025-02-16T16:28:44.637+0700] {processor.py:208} INFO - Processing /home/dataengineer/.pyenv/versions/3.9.21/lib/python3.9/site-packages/airflow/example_dags/example_latest_only_with_trigger.py took 0.073 seconds
[2025-02-16T16:30:00.346+0700] {processor.py:186} INFO - Started process (PID=34310) to work on /home/dataengineer/.pyenv/versions/3.9.21/lib/python3.9/site-packages/airflow/example_dags/example_latest_only_with_trigger.py
[2025-02-16T16:30:00.347+0700] {processor.py:914} INFO - Processing file /home/dataengineer/.pyenv/versions/3.9.21/lib/python3.9/site-packages/airflow/example_dags/example_latest_only_with_trigger.py for tasks to queue
[2025-02-16T16:30:00.349+0700] {logging_mixin.py:190} INFO - [2025-02-16T16:30:00.348+0700] {dagbag.py:588} INFO - Filling up the DagBag from /home/dataengineer/.pyenv/versions/3.9.21/lib/python3.9/site-packages/airflow/example_dags/example_latest_only_with_trigger.py
[2025-02-16T16:30:00.357+0700] {processor.py:925} INFO - DAG(s) 'latest_only_with_trigger' retrieved from /home/dataengineer/.pyenv/versions/3.9.21/lib/python3.9/site-packages/airflow/example_dags/example_latest_only_with_trigger.py
[2025-02-16T16:30:00.372+0700] {logging_mixin.py:190} INFO - [2025-02-16T16:30:00.372+0700] {dag.py:3239} INFO - Sync 1 DAGs
[2025-02-16T16:30:00.392+0700] {logging_mixin.py:190} INFO - [2025-02-16T16:30:00.392+0700] {dag.py:4180} INFO - Setting next_dagrun for latest_only_with_trigger to 2025-02-16 04:00:00+00:00, run_after=2025-02-16 08:00:00+00:00
[2025-02-16T16:30:00.412+0700] {processor.py:208} INFO - Processing /home/dataengineer/.pyenv/versions/3.9.21/lib/python3.9/site-packages/airflow/example_dags/example_latest_only_with_trigger.py took 0.072 seconds
[2025-02-16T16:31:14.879+0700] {processor.py:186} INFO - Started process (PID=34621) to work on /home/dataengineer/.pyenv/versions/3.9.21/lib/python3.9/site-packages/airflow/example_dags/example_latest_only_with_trigger.py
[2025-02-16T16:31:14.881+0700] {processor.py:914} INFO - Processing file /home/dataengineer/.pyenv/versions/3.9.21/lib/python3.9/site-packages/airflow/example_dags/example_latest_only_with_trigger.py for tasks to queue
[2025-02-16T16:31:14.882+0700] {logging_mixin.py:190} INFO - [2025-02-16T16:31:14.882+0700] {dagbag.py:588} INFO - Filling up the DagBag from /home/dataengineer/.pyenv/versions/3.9.21/lib/python3.9/site-packages/airflow/example_dags/example_latest_only_with_trigger.py
[2025-02-16T16:31:14.891+0700] {processor.py:925} INFO - DAG(s) 'latest_only_with_trigger' retrieved from /home/dataengineer/.pyenv/versions/3.9.21/lib/python3.9/site-packages/airflow/example_dags/example_latest_only_with_trigger.py
[2025-02-16T16:31:14.907+0700] {logging_mixin.py:190} INFO - [2025-02-16T16:31:14.906+0700] {dag.py:3239} INFO - Sync 1 DAGs
[2025-02-16T16:31:14.929+0700] {logging_mixin.py:190} INFO - [2025-02-16T16:31:14.928+0700] {dag.py:4180} INFO - Setting next_dagrun for latest_only_with_trigger to 2025-02-16 04:00:00+00:00, run_after=2025-02-16 08:00:00+00:00
[2025-02-16T16:31:14.951+0700] {processor.py:208} INFO - Processing /home/dataengineer/.pyenv/versions/3.9.21/lib/python3.9/site-packages/airflow/example_dags/example_latest_only_with_trigger.py took 0.078 seconds
[2025-02-16T16:32:25.473+0700] {processor.py:186} INFO - Started process (PID=34918) to work on /home/dataengineer/.pyenv/versions/3.9.21/lib/python3.9/site-packages/airflow/example_dags/example_latest_only_with_trigger.py
[2025-02-16T16:32:25.474+0700] {processor.py:914} INFO - Processing file /home/dataengineer/.pyenv/versions/3.9.21/lib/python3.9/site-packages/airflow/example_dags/example_latest_only_with_trigger.py for tasks to queue
[2025-02-16T16:32:25.475+0700] {logging_mixin.py:190} INFO - [2025-02-16T16:32:25.475+0700] {dagbag.py:588} INFO - Filling up the DagBag from /home/dataengineer/.pyenv/versions/3.9.21/lib/python3.9/site-packages/airflow/example_dags/example_latest_only_with_trigger.py
[2025-02-16T16:32:25.484+0700] {processor.py:925} INFO - DAG(s) 'latest_only_with_trigger' retrieved from /home/dataengineer/.pyenv/versions/3.9.21/lib/python3.9/site-packages/airflow/example_dags/example_latest_only_with_trigger.py
[2025-02-16T16:32:25.499+0700] {logging_mixin.py:190} INFO - [2025-02-16T16:32:25.498+0700] {dag.py:3239} INFO - Sync 1 DAGs
[2025-02-16T16:32:25.518+0700] {logging_mixin.py:190} INFO - [2025-02-16T16:32:25.518+0700] {dag.py:4180} INFO - Setting next_dagrun for latest_only_with_trigger to 2025-02-16 04:00:00+00:00, run_after=2025-02-16 08:00:00+00:00
[2025-02-16T16:32:25.539+0700] {processor.py:208} INFO - Processing /home/dataengineer/.pyenv/versions/3.9.21/lib/python3.9/site-packages/airflow/example_dags/example_latest_only_with_trigger.py took 0.073 seconds
[2025-02-16T16:33:41.834+0700] {processor.py:186} INFO - Started process (PID=35243) to work on /home/dataengineer/.pyenv/versions/3.9.21/lib/python3.9/site-packages/airflow/example_dags/example_latest_only_with_trigger.py
[2025-02-16T16:33:41.835+0700] {processor.py:914} INFO - Processing file /home/dataengineer/.pyenv/versions/3.9.21/lib/python3.9/site-packages/airflow/example_dags/example_latest_only_with_trigger.py for tasks to queue
[2025-02-16T16:33:41.836+0700] {logging_mixin.py:190} INFO - [2025-02-16T16:33:41.836+0700] {dagbag.py:588} INFO - Filling up the DagBag from /home/dataengineer/.pyenv/versions/3.9.21/lib/python3.9/site-packages/airflow/example_dags/example_latest_only_with_trigger.py
[2025-02-16T16:33:41.845+0700] {processor.py:925} INFO - DAG(s) 'latest_only_with_trigger' retrieved from /home/dataengineer/.pyenv/versions/3.9.21/lib/python3.9/site-packages/airflow/example_dags/example_latest_only_with_trigger.py
[2025-02-16T16:33:41.859+0700] {logging_mixin.py:190} INFO - [2025-02-16T16:33:41.859+0700] {dag.py:3239} INFO - Sync 1 DAGs
[2025-02-16T16:33:41.880+0700] {logging_mixin.py:190} INFO - [2025-02-16T16:33:41.880+0700] {dag.py:4180} INFO - Setting next_dagrun for latest_only_with_trigger to 2025-02-16 04:00:00+00:00, run_after=2025-02-16 08:00:00+00:00
[2025-02-16T16:33:41.899+0700] {processor.py:208} INFO - Processing /home/dataengineer/.pyenv/versions/3.9.21/lib/python3.9/site-packages/airflow/example_dags/example_latest_only_with_trigger.py took 0.071 seconds
[2025-02-16T16:34:57.036+0700] {processor.py:186} INFO - Started process (PID=35559) to work on /home/dataengineer/.pyenv/versions/3.9.21/lib/python3.9/site-packages/airflow/example_dags/example_latest_only_with_trigger.py
[2025-02-16T16:34:57.074+0700] {processor.py:914} INFO - Processing file /home/dataengineer/.pyenv/versions/3.9.21/lib/python3.9/site-packages/airflow/example_dags/example_latest_only_with_trigger.py for tasks to queue
[2025-02-16T16:34:57.076+0700] {logging_mixin.py:190} INFO - [2025-02-16T16:34:57.076+0700] {dagbag.py:588} INFO - Filling up the DagBag from /home/dataengineer/.pyenv/versions/3.9.21/lib/python3.9/site-packages/airflow/example_dags/example_latest_only_with_trigger.py
[2025-02-16T16:34:57.093+0700] {processor.py:925} INFO - DAG(s) 'latest_only_with_trigger' retrieved from /home/dataengineer/.pyenv/versions/3.9.21/lib/python3.9/site-packages/airflow/example_dags/example_latest_only_with_trigger.py
[2025-02-16T16:34:57.112+0700] {logging_mixin.py:190} INFO - [2025-02-16T16:34:57.112+0700] {dag.py:3239} INFO - Sync 1 DAGs
[2025-02-16T16:34:57.136+0700] {logging_mixin.py:190} INFO - [2025-02-16T16:34:57.136+0700] {dag.py:4180} INFO - Setting next_dagrun for latest_only_with_trigger to 2025-02-16 04:00:00+00:00, run_after=2025-02-16 08:00:00+00:00
[2025-02-16T16:34:57.159+0700] {processor.py:208} INFO - Processing /home/dataengineer/.pyenv/versions/3.9.21/lib/python3.9/site-packages/airflow/example_dags/example_latest_only_with_trigger.py took 0.129 seconds
[2025-02-16T16:36:07.768+0700] {processor.py:186} INFO - Started process (PID=35860) to work on /home/dataengineer/.pyenv/versions/3.9.21/lib/python3.9/site-packages/airflow/example_dags/example_latest_only_with_trigger.py
[2025-02-16T16:36:07.769+0700] {processor.py:914} INFO - Processing file /home/dataengineer/.pyenv/versions/3.9.21/lib/python3.9/site-packages/airflow/example_dags/example_latest_only_with_trigger.py for tasks to queue
[2025-02-16T16:36:07.771+0700] {logging_mixin.py:190} INFO - [2025-02-16T16:36:07.770+0700] {dagbag.py:588} INFO - Filling up the DagBag from /home/dataengineer/.pyenv/versions/3.9.21/lib/python3.9/site-packages/airflow/example_dags/example_latest_only_with_trigger.py
[2025-02-16T16:36:07.779+0700] {processor.py:925} INFO - DAG(s) 'latest_only_with_trigger' retrieved from /home/dataengineer/.pyenv/versions/3.9.21/lib/python3.9/site-packages/airflow/example_dags/example_latest_only_with_trigger.py
[2025-02-16T16:36:07.794+0700] {logging_mixin.py:190} INFO - [2025-02-16T16:36:07.794+0700] {dag.py:3239} INFO - Sync 1 DAGs
[2025-02-16T16:36:07.814+0700] {logging_mixin.py:190} INFO - [2025-02-16T16:36:07.813+0700] {dag.py:4180} INFO - Setting next_dagrun for latest_only_with_trigger to 2025-02-16 04:00:00+00:00, run_after=2025-02-16 08:00:00+00:00
[2025-02-16T16:36:07.833+0700] {processor.py:208} INFO - Processing /home/dataengineer/.pyenv/versions/3.9.21/lib/python3.9/site-packages/airflow/example_dags/example_latest_only_with_trigger.py took 0.071 seconds
[2025-02-16T16:37:13.817+0700] {processor.py:186} INFO - Started process (PID=36324) to work on /home/dataengineer/.pyenv/versions/3.9.21/lib/python3.9/site-packages/airflow/example_dags/example_latest_only_with_trigger.py
[2025-02-16T16:37:13.818+0700] {processor.py:914} INFO - Processing file /home/dataengineer/.pyenv/versions/3.9.21/lib/python3.9/site-packages/airflow/example_dags/example_latest_only_with_trigger.py for tasks to queue
[2025-02-16T16:37:13.819+0700] {logging_mixin.py:190} INFO - [2025-02-16T16:37:13.819+0700] {dagbag.py:588} INFO - Filling up the DagBag from /home/dataengineer/.pyenv/versions/3.9.21/lib/python3.9/site-packages/airflow/example_dags/example_latest_only_with_trigger.py
[2025-02-16T16:37:13.828+0700] {processor.py:925} INFO - DAG(s) 'latest_only_with_trigger' retrieved from /home/dataengineer/.pyenv/versions/3.9.21/lib/python3.9/site-packages/airflow/example_dags/example_latest_only_with_trigger.py
[2025-02-16T16:37:13.843+0700] {logging_mixin.py:190} INFO - [2025-02-16T16:37:13.843+0700] {dag.py:3239} INFO - Sync 1 DAGs
[2025-02-16T16:37:13.862+0700] {logging_mixin.py:190} INFO - [2025-02-16T16:37:13.862+0700] {dag.py:4180} INFO - Setting next_dagrun for latest_only_with_trigger to 2025-02-16 04:00:00+00:00, run_after=2025-02-16 08:00:00+00:00
[2025-02-16T16:37:13.883+0700] {processor.py:208} INFO - Processing /home/dataengineer/.pyenv/versions/3.9.21/lib/python3.9/site-packages/airflow/example_dags/example_latest_only_with_trigger.py took 0.072 seconds
[2025-02-16T16:38:28.120+0700] {processor.py:186} INFO - Started process (PID=36876) to work on /home/dataengineer/.pyenv/versions/3.9.21/lib/python3.9/site-packages/airflow/example_dags/example_latest_only_with_trigger.py
[2025-02-16T16:38:28.122+0700] {processor.py:914} INFO - Processing file /home/dataengineer/.pyenv/versions/3.9.21/lib/python3.9/site-packages/airflow/example_dags/example_latest_only_with_trigger.py for tasks to queue
[2025-02-16T16:38:28.123+0700] {logging_mixin.py:190} INFO - [2025-02-16T16:38:28.123+0700] {dagbag.py:588} INFO - Filling up the DagBag from /home/dataengineer/.pyenv/versions/3.9.21/lib/python3.9/site-packages/airflow/example_dags/example_latest_only_with_trigger.py
[2025-02-16T16:38:28.132+0700] {processor.py:925} INFO - DAG(s) 'latest_only_with_trigger' retrieved from /home/dataengineer/.pyenv/versions/3.9.21/lib/python3.9/site-packages/airflow/example_dags/example_latest_only_with_trigger.py
[2025-02-16T16:38:28.147+0700] {logging_mixin.py:190} INFO - [2025-02-16T16:38:28.147+0700] {dag.py:3239} INFO - Sync 1 DAGs
[2025-02-16T16:38:28.166+0700] {logging_mixin.py:190} INFO - [2025-02-16T16:38:28.166+0700] {dag.py:4180} INFO - Setting next_dagrun for latest_only_with_trigger to 2025-02-16 04:00:00+00:00, run_after=2025-02-16 08:00:00+00:00
[2025-02-16T16:38:28.188+0700] {processor.py:208} INFO - Processing /home/dataengineer/.pyenv/versions/3.9.21/lib/python3.9/site-packages/airflow/example_dags/example_latest_only_with_trigger.py took 0.074 seconds
[2025-02-16T16:39:43.248+0700] {processor.py:186} INFO - Started process (PID=37189) to work on /home/dataengineer/.pyenv/versions/3.9.21/lib/python3.9/site-packages/airflow/example_dags/example_latest_only_with_trigger.py
[2025-02-16T16:39:43.249+0700] {processor.py:914} INFO - Processing file /home/dataengineer/.pyenv/versions/3.9.21/lib/python3.9/site-packages/airflow/example_dags/example_latest_only_with_trigger.py for tasks to queue
[2025-02-16T16:39:43.251+0700] {logging_mixin.py:190} INFO - [2025-02-16T16:39:43.250+0700] {dagbag.py:588} INFO - Filling up the DagBag from /home/dataengineer/.pyenv/versions/3.9.21/lib/python3.9/site-packages/airflow/example_dags/example_latest_only_with_trigger.py
[2025-02-16T16:39:43.260+0700] {processor.py:925} INFO - DAG(s) 'latest_only_with_trigger' retrieved from /home/dataengineer/.pyenv/versions/3.9.21/lib/python3.9/site-packages/airflow/example_dags/example_latest_only_with_trigger.py
[2025-02-16T16:39:43.276+0700] {logging_mixin.py:190} INFO - [2025-02-16T16:39:43.276+0700] {dag.py:3239} INFO - Sync 1 DAGs
[2025-02-16T16:39:43.298+0700] {logging_mixin.py:190} INFO - [2025-02-16T16:39:43.298+0700] {dag.py:4180} INFO - Setting next_dagrun for latest_only_with_trigger to 2025-02-16 04:00:00+00:00, run_after=2025-02-16 08:00:00+00:00
[2025-02-16T16:39:43.321+0700] {processor.py:208} INFO - Processing /home/dataengineer/.pyenv/versions/3.9.21/lib/python3.9/site-packages/airflow/example_dags/example_latest_only_with_trigger.py took 0.079 seconds
[2025-02-16T16:40:56.522+0700] {processor.py:186} INFO - Started process (PID=37756) to work on /home/dataengineer/.pyenv/versions/3.9.21/lib/python3.9/site-packages/airflow/example_dags/example_latest_only_with_trigger.py
[2025-02-16T16:40:56.523+0700] {processor.py:914} INFO - Processing file /home/dataengineer/.pyenv/versions/3.9.21/lib/python3.9/site-packages/airflow/example_dags/example_latest_only_with_trigger.py for tasks to queue
[2025-02-16T16:40:56.525+0700] {logging_mixin.py:190} INFO - [2025-02-16T16:40:56.524+0700] {dagbag.py:588} INFO - Filling up the DagBag from /home/dataengineer/.pyenv/versions/3.9.21/lib/python3.9/site-packages/airflow/example_dags/example_latest_only_with_trigger.py
[2025-02-16T16:40:56.534+0700] {processor.py:925} INFO - DAG(s) 'latest_only_with_trigger' retrieved from /home/dataengineer/.pyenv/versions/3.9.21/lib/python3.9/site-packages/airflow/example_dags/example_latest_only_with_trigger.py
[2025-02-16T16:40:56.552+0700] {logging_mixin.py:190} INFO - [2025-02-16T16:40:56.552+0700] {dag.py:3239} INFO - Sync 1 DAGs
[2025-02-16T16:40:56.574+0700] {logging_mixin.py:190} INFO - [2025-02-16T16:40:56.574+0700] {dag.py:4180} INFO - Setting next_dagrun for latest_only_with_trigger to 2025-02-16 04:00:00+00:00, run_after=2025-02-16 08:00:00+00:00
[2025-02-16T16:40:56.595+0700] {processor.py:208} INFO - Processing /home/dataengineer/.pyenv/versions/3.9.21/lib/python3.9/site-packages/airflow/example_dags/example_latest_only_with_trigger.py took 0.079 seconds
[2025-02-16T16:42:10.917+0700] {processor.py:186} INFO - Started process (PID=38071) to work on /home/dataengineer/.pyenv/versions/3.9.21/lib/python3.9/site-packages/airflow/example_dags/example_latest_only_with_trigger.py
[2025-02-16T16:42:10.918+0700] {processor.py:914} INFO - Processing file /home/dataengineer/.pyenv/versions/3.9.21/lib/python3.9/site-packages/airflow/example_dags/example_latest_only_with_trigger.py for tasks to queue
[2025-02-16T16:42:10.920+0700] {logging_mixin.py:190} INFO - [2025-02-16T16:42:10.919+0700] {dagbag.py:588} INFO - Filling up the DagBag from /home/dataengineer/.pyenv/versions/3.9.21/lib/python3.9/site-packages/airflow/example_dags/example_latest_only_with_trigger.py
[2025-02-16T16:42:10.928+0700] {processor.py:925} INFO - DAG(s) 'latest_only_with_trigger' retrieved from /home/dataengineer/.pyenv/versions/3.9.21/lib/python3.9/site-packages/airflow/example_dags/example_latest_only_with_trigger.py
[2025-02-16T16:42:10.943+0700] {logging_mixin.py:190} INFO - [2025-02-16T16:42:10.943+0700] {dag.py:3239} INFO - Sync 1 DAGs
[2025-02-16T16:42:10.962+0700] {logging_mixin.py:190} INFO - [2025-02-16T16:42:10.962+0700] {dag.py:4180} INFO - Setting next_dagrun for latest_only_with_trigger to 2025-02-16 04:00:00+00:00, run_after=2025-02-16 08:00:00+00:00
[2025-02-16T16:42:10.982+0700] {processor.py:208} INFO - Processing /home/dataengineer/.pyenv/versions/3.9.21/lib/python3.9/site-packages/airflow/example_dags/example_latest_only_with_trigger.py took 0.071 seconds
[2025-02-16T16:43:22.131+0700] {processor.py:186} INFO - Started process (PID=38372) to work on /home/dataengineer/.pyenv/versions/3.9.21/lib/python3.9/site-packages/airflow/example_dags/example_latest_only_with_trigger.py
[2025-02-16T16:43:22.132+0700] {processor.py:914} INFO - Processing file /home/dataengineer/.pyenv/versions/3.9.21/lib/python3.9/site-packages/airflow/example_dags/example_latest_only_with_trigger.py for tasks to queue
[2025-02-16T16:43:22.133+0700] {logging_mixin.py:190} INFO - [2025-02-16T16:43:22.133+0700] {dagbag.py:588} INFO - Filling up the DagBag from /home/dataengineer/.pyenv/versions/3.9.21/lib/python3.9/site-packages/airflow/example_dags/example_latest_only_with_trigger.py
[2025-02-16T16:43:22.142+0700] {processor.py:925} INFO - DAG(s) 'latest_only_with_trigger' retrieved from /home/dataengineer/.pyenv/versions/3.9.21/lib/python3.9/site-packages/airflow/example_dags/example_latest_only_with_trigger.py
[2025-02-16T16:43:22.158+0700] {logging_mixin.py:190} INFO - [2025-02-16T16:43:22.157+0700] {dag.py:3239} INFO - Sync 1 DAGs
[2025-02-16T16:43:22.177+0700] {logging_mixin.py:190} INFO - [2025-02-16T16:43:22.177+0700] {dag.py:4180} INFO - Setting next_dagrun for latest_only_with_trigger to 2025-02-16 04:00:00+00:00, run_after=2025-02-16 08:00:00+00:00
[2025-02-16T16:43:22.197+0700] {processor.py:208} INFO - Processing /home/dataengineer/.pyenv/versions/3.9.21/lib/python3.9/site-packages/airflow/example_dags/example_latest_only_with_trigger.py took 0.073 seconds
[2025-02-16T16:44:32.786+0700] {processor.py:186} INFO - Started process (PID=38674) to work on /home/dataengineer/.pyenv/versions/3.9.21/lib/python3.9/site-packages/airflow/example_dags/example_latest_only_with_trigger.py
[2025-02-16T16:44:32.787+0700] {processor.py:914} INFO - Processing file /home/dataengineer/.pyenv/versions/3.9.21/lib/python3.9/site-packages/airflow/example_dags/example_latest_only_with_trigger.py for tasks to queue
[2025-02-16T16:44:32.789+0700] {logging_mixin.py:190} INFO - [2025-02-16T16:44:32.788+0700] {dagbag.py:588} INFO - Filling up the DagBag from /home/dataengineer/.pyenv/versions/3.9.21/lib/python3.9/site-packages/airflow/example_dags/example_latest_only_with_trigger.py
[2025-02-16T16:44:32.797+0700] {processor.py:925} INFO - DAG(s) 'latest_only_with_trigger' retrieved from /home/dataengineer/.pyenv/versions/3.9.21/lib/python3.9/site-packages/airflow/example_dags/example_latest_only_with_trigger.py
[2025-02-16T16:44:32.811+0700] {logging_mixin.py:190} INFO - [2025-02-16T16:44:32.810+0700] {dag.py:3239} INFO - Sync 1 DAGs
[2025-02-16T16:44:32.828+0700] {logging_mixin.py:190} INFO - [2025-02-16T16:44:32.828+0700] {dag.py:4180} INFO - Setting next_dagrun for latest_only_with_trigger to 2025-02-16 04:00:00+00:00, run_after=2025-02-16 08:00:00+00:00
[2025-02-16T16:44:32.847+0700] {processor.py:208} INFO - Processing /home/dataengineer/.pyenv/versions/3.9.21/lib/python3.9/site-packages/airflow/example_dags/example_latest_only_with_trigger.py took 0.066 seconds
[2025-02-16T16:45:40.339+0700] {processor.py:186} INFO - Started process (PID=39001) to work on /home/dataengineer/.pyenv/versions/3.9.21/lib/python3.9/site-packages/airflow/example_dags/example_latest_only_with_trigger.py
[2025-02-16T16:45:40.340+0700] {processor.py:914} INFO - Processing file /home/dataengineer/.pyenv/versions/3.9.21/lib/python3.9/site-packages/airflow/example_dags/example_latest_only_with_trigger.py for tasks to queue
[2025-02-16T16:45:40.341+0700] {logging_mixin.py:190} INFO - [2025-02-16T16:45:40.340+0700] {dagbag.py:588} INFO - Filling up the DagBag from /home/dataengineer/.pyenv/versions/3.9.21/lib/python3.9/site-packages/airflow/example_dags/example_latest_only_with_trigger.py
[2025-02-16T16:45:40.348+0700] {processor.py:925} INFO - DAG(s) 'latest_only_with_trigger' retrieved from /home/dataengineer/.pyenv/versions/3.9.21/lib/python3.9/site-packages/airflow/example_dags/example_latest_only_with_trigger.py
[2025-02-16T16:45:40.362+0700] {logging_mixin.py:190} INFO - [2025-02-16T16:45:40.362+0700] {dag.py:3239} INFO - Sync 1 DAGs
[2025-02-16T16:45:40.383+0700] {logging_mixin.py:190} INFO - [2025-02-16T16:45:40.382+0700] {dag.py:4180} INFO - Setting next_dagrun for latest_only_with_trigger to 2025-02-16 04:00:00+00:00, run_after=2025-02-16 08:00:00+00:00
[2025-02-16T16:45:40.403+0700] {processor.py:208} INFO - Processing /home/dataengineer/.pyenv/versions/3.9.21/lib/python3.9/site-packages/airflow/example_dags/example_latest_only_with_trigger.py took 0.070 seconds
[2025-02-16T16:46:51.776+0700] {processor.py:186} INFO - Started process (PID=39297) to work on /home/dataengineer/.pyenv/versions/3.9.21/lib/python3.9/site-packages/airflow/example_dags/example_latest_only_with_trigger.py
[2025-02-16T16:46:51.778+0700] {processor.py:914} INFO - Processing file /home/dataengineer/.pyenv/versions/3.9.21/lib/python3.9/site-packages/airflow/example_dags/example_latest_only_with_trigger.py for tasks to queue
[2025-02-16T16:46:51.779+0700] {logging_mixin.py:190} INFO - [2025-02-16T16:46:51.779+0700] {dagbag.py:588} INFO - Filling up the DagBag from /home/dataengineer/.pyenv/versions/3.9.21/lib/python3.9/site-packages/airflow/example_dags/example_latest_only_with_trigger.py
[2025-02-16T16:46:51.788+0700] {processor.py:925} INFO - DAG(s) 'latest_only_with_trigger' retrieved from /home/dataengineer/.pyenv/versions/3.9.21/lib/python3.9/site-packages/airflow/example_dags/example_latest_only_with_trigger.py
[2025-02-16T16:46:51.804+0700] {logging_mixin.py:190} INFO - [2025-02-16T16:46:51.804+0700] {dag.py:3239} INFO - Sync 1 DAGs
[2025-02-16T16:46:51.825+0700] {logging_mixin.py:190} INFO - [2025-02-16T16:46:51.825+0700] {dag.py:4180} INFO - Setting next_dagrun for latest_only_with_trigger to 2025-02-16 04:00:00+00:00, run_after=2025-02-16 08:00:00+00:00
[2025-02-16T16:46:51.847+0700] {processor.py:208} INFO - Processing /home/dataengineer/.pyenv/versions/3.9.21/lib/python3.9/site-packages/airflow/example_dags/example_latest_only_with_trigger.py took 0.077 seconds
[2025-02-16T16:48:01.681+0700] {processor.py:186} INFO - Started process (PID=39618) to work on /home/dataengineer/.pyenv/versions/3.9.21/lib/python3.9/site-packages/airflow/example_dags/example_latest_only_with_trigger.py
[2025-02-16T16:48:01.683+0700] {processor.py:914} INFO - Processing file /home/dataengineer/.pyenv/versions/3.9.21/lib/python3.9/site-packages/airflow/example_dags/example_latest_only_with_trigger.py for tasks to queue
[2025-02-16T16:48:01.684+0700] {logging_mixin.py:190} INFO - [2025-02-16T16:48:01.684+0700] {dagbag.py:588} INFO - Filling up the DagBag from /home/dataengineer/.pyenv/versions/3.9.21/lib/python3.9/site-packages/airflow/example_dags/example_latest_only_with_trigger.py
[2025-02-16T16:48:01.693+0700] {processor.py:925} INFO - DAG(s) 'latest_only_with_trigger' retrieved from /home/dataengineer/.pyenv/versions/3.9.21/lib/python3.9/site-packages/airflow/example_dags/example_latest_only_with_trigger.py
[2025-02-16T16:48:01.708+0700] {logging_mixin.py:190} INFO - [2025-02-16T16:48:01.708+0700] {dag.py:3239} INFO - Sync 1 DAGs
[2025-02-16T16:48:01.727+0700] {logging_mixin.py:190} INFO - [2025-02-16T16:48:01.727+0700] {dag.py:4180} INFO - Setting next_dagrun for latest_only_with_trigger to 2025-02-16 04:00:00+00:00, run_after=2025-02-16 08:00:00+00:00
[2025-02-16T16:48:01.747+0700] {processor.py:208} INFO - Processing /home/dataengineer/.pyenv/versions/3.9.21/lib/python3.9/site-packages/airflow/example_dags/example_latest_only_with_trigger.py took 0.071 seconds
[2025-02-16T16:49:14.435+0700] {processor.py:186} INFO - Started process (PID=40010) to work on /home/dataengineer/.pyenv/versions/3.9.21/lib/python3.9/site-packages/airflow/example_dags/example_latest_only_with_trigger.py
[2025-02-16T16:49:14.437+0700] {processor.py:914} INFO - Processing file /home/dataengineer/.pyenv/versions/3.9.21/lib/python3.9/site-packages/airflow/example_dags/example_latest_only_with_trigger.py for tasks to queue
[2025-02-16T16:49:14.438+0700] {logging_mixin.py:190} INFO - [2025-02-16T16:49:14.437+0700] {dagbag.py:588} INFO - Filling up the DagBag from /home/dataengineer/.pyenv/versions/3.9.21/lib/python3.9/site-packages/airflow/example_dags/example_latest_only_with_trigger.py
[2025-02-16T16:49:14.446+0700] {processor.py:925} INFO - DAG(s) 'latest_only_with_trigger' retrieved from /home/dataengineer/.pyenv/versions/3.9.21/lib/python3.9/site-packages/airflow/example_dags/example_latest_only_with_trigger.py
[2025-02-16T16:49:14.460+0700] {logging_mixin.py:190} INFO - [2025-02-16T16:49:14.460+0700] {dag.py:3239} INFO - Sync 1 DAGs
[2025-02-16T16:49:14.477+0700] {logging_mixin.py:190} INFO - [2025-02-16T16:49:14.477+0700] {dag.py:4180} INFO - Setting next_dagrun for latest_only_with_trigger to 2025-02-16 04:00:00+00:00, run_after=2025-02-16 08:00:00+00:00
[2025-02-16T16:49:14.500+0700] {processor.py:208} INFO - Processing /home/dataengineer/.pyenv/versions/3.9.21/lib/python3.9/site-packages/airflow/example_dags/example_latest_only_with_trigger.py took 0.071 seconds
[2025-02-16T16:50:30.021+0700] {processor.py:186} INFO - Started process (PID=40330) to work on /home/dataengineer/.pyenv/versions/3.9.21/lib/python3.9/site-packages/airflow/example_dags/example_latest_only_with_trigger.py
[2025-02-16T16:50:30.022+0700] {processor.py:914} INFO - Processing file /home/dataengineer/.pyenv/versions/3.9.21/lib/python3.9/site-packages/airflow/example_dags/example_latest_only_with_trigger.py for tasks to queue
[2025-02-16T16:50:30.023+0700] {logging_mixin.py:190} INFO - [2025-02-16T16:50:30.023+0700] {dagbag.py:588} INFO - Filling up the DagBag from /home/dataengineer/.pyenv/versions/3.9.21/lib/python3.9/site-packages/airflow/example_dags/example_latest_only_with_trigger.py
[2025-02-16T16:50:30.033+0700] {processor.py:925} INFO - DAG(s) 'latest_only_with_trigger' retrieved from /home/dataengineer/.pyenv/versions/3.9.21/lib/python3.9/site-packages/airflow/example_dags/example_latest_only_with_trigger.py
[2025-02-16T16:50:30.049+0700] {logging_mixin.py:190} INFO - [2025-02-16T16:50:30.048+0700] {dag.py:3239} INFO - Sync 1 DAGs
[2025-02-16T16:50:30.069+0700] {logging_mixin.py:190} INFO - [2025-02-16T16:50:30.068+0700] {dag.py:4180} INFO - Setting next_dagrun for latest_only_with_trigger to 2025-02-16 04:00:00+00:00, run_after=2025-02-16 08:00:00+00:00
[2025-02-16T16:50:30.090+0700] {processor.py:208} INFO - Processing /home/dataengineer/.pyenv/versions/3.9.21/lib/python3.9/site-packages/airflow/example_dags/example_latest_only_with_trigger.py took 0.075 seconds
[2025-02-16T16:51:44.273+0700] {processor.py:186} INFO - Started process (PID=40664) to work on /home/dataengineer/.pyenv/versions/3.9.21/lib/python3.9/site-packages/airflow/example_dags/example_latest_only_with_trigger.py
[2025-02-16T16:51:44.274+0700] {processor.py:914} INFO - Processing file /home/dataengineer/.pyenv/versions/3.9.21/lib/python3.9/site-packages/airflow/example_dags/example_latest_only_with_trigger.py for tasks to queue
[2025-02-16T16:51:44.275+0700] {logging_mixin.py:190} INFO - [2025-02-16T16:51:44.275+0700] {dagbag.py:588} INFO - Filling up the DagBag from /home/dataengineer/.pyenv/versions/3.9.21/lib/python3.9/site-packages/airflow/example_dags/example_latest_only_with_trigger.py
[2025-02-16T16:51:44.284+0700] {processor.py:925} INFO - DAG(s) 'latest_only_with_trigger' retrieved from /home/dataengineer/.pyenv/versions/3.9.21/lib/python3.9/site-packages/airflow/example_dags/example_latest_only_with_trigger.py
[2025-02-16T16:51:44.299+0700] {logging_mixin.py:190} INFO - [2025-02-16T16:51:44.298+0700] {dag.py:3239} INFO - Sync 1 DAGs
[2025-02-16T16:51:44.318+0700] {logging_mixin.py:190} INFO - [2025-02-16T16:51:44.318+0700] {dag.py:4180} INFO - Setting next_dagrun for latest_only_with_trigger to 2025-02-16 04:00:00+00:00, run_after=2025-02-16 08:00:00+00:00
[2025-02-16T16:51:44.338+0700] {processor.py:208} INFO - Processing /home/dataengineer/.pyenv/versions/3.9.21/lib/python3.9/site-packages/airflow/example_dags/example_latest_only_with_trigger.py took 0.070 seconds
[2025-02-16T16:52:52.542+0700] {processor.py:186} INFO - Started process (PID=40960) to work on /home/dataengineer/.pyenv/versions/3.9.21/lib/python3.9/site-packages/airflow/example_dags/example_latest_only_with_trigger.py
[2025-02-16T16:52:52.543+0700] {processor.py:914} INFO - Processing file /home/dataengineer/.pyenv/versions/3.9.21/lib/python3.9/site-packages/airflow/example_dags/example_latest_only_with_trigger.py for tasks to queue
[2025-02-16T16:52:52.545+0700] {logging_mixin.py:190} INFO - [2025-02-16T16:52:52.544+0700] {dagbag.py:588} INFO - Filling up the DagBag from /home/dataengineer/.pyenv/versions/3.9.21/lib/python3.9/site-packages/airflow/example_dags/example_latest_only_with_trigger.py
[2025-02-16T16:52:52.552+0700] {processor.py:925} INFO - DAG(s) 'latest_only_with_trigger' retrieved from /home/dataengineer/.pyenv/versions/3.9.21/lib/python3.9/site-packages/airflow/example_dags/example_latest_only_with_trigger.py
[2025-02-16T16:52:52.566+0700] {logging_mixin.py:190} INFO - [2025-02-16T16:52:52.566+0700] {dag.py:3239} INFO - Sync 1 DAGs
[2025-02-16T16:52:52.584+0700] {logging_mixin.py:190} INFO - [2025-02-16T16:52:52.584+0700] {dag.py:4180} INFO - Setting next_dagrun for latest_only_with_trigger to 2025-02-16 04:00:00+00:00, run_after=2025-02-16 08:00:00+00:00
[2025-02-16T16:52:52.603+0700] {processor.py:208} INFO - Processing /home/dataengineer/.pyenv/versions/3.9.21/lib/python3.9/site-packages/airflow/example_dags/example_latest_only_with_trigger.py took 0.066 seconds
[2025-02-16T16:54:10.545+0700] {processor.py:186} INFO - Started process (PID=41308) to work on /home/dataengineer/.pyenv/versions/3.9.21/lib/python3.9/site-packages/airflow/example_dags/example_latest_only_with_trigger.py
[2025-02-16T16:54:10.546+0700] {processor.py:914} INFO - Processing file /home/dataengineer/.pyenv/versions/3.9.21/lib/python3.9/site-packages/airflow/example_dags/example_latest_only_with_trigger.py for tasks to queue
[2025-02-16T16:54:10.548+0700] {logging_mixin.py:190} INFO - [2025-02-16T16:54:10.547+0700] {dagbag.py:588} INFO - Filling up the DagBag from /home/dataengineer/.pyenv/versions/3.9.21/lib/python3.9/site-packages/airflow/example_dags/example_latest_only_with_trigger.py
[2025-02-16T16:54:10.556+0700] {processor.py:925} INFO - DAG(s) 'latest_only_with_trigger' retrieved from /home/dataengineer/.pyenv/versions/3.9.21/lib/python3.9/site-packages/airflow/example_dags/example_latest_only_with_trigger.py
[2025-02-16T16:54:10.571+0700] {logging_mixin.py:190} INFO - [2025-02-16T16:54:10.571+0700] {dag.py:3239} INFO - Sync 1 DAGs
[2025-02-16T16:54:10.590+0700] {logging_mixin.py:190} INFO - [2025-02-16T16:54:10.590+0700] {dag.py:4180} INFO - Setting next_dagrun for latest_only_with_trigger to 2025-02-16 04:00:00+00:00, run_after=2025-02-16 08:00:00+00:00
[2025-02-16T16:54:10.610+0700] {processor.py:208} INFO - Processing /home/dataengineer/.pyenv/versions/3.9.21/lib/python3.9/site-packages/airflow/example_dags/example_latest_only_with_trigger.py took 0.071 seconds
[2025-02-16T16:55:25.097+0700] {processor.py:186} INFO - Started process (PID=41651) to work on /home/dataengineer/.pyenv/versions/3.9.21/lib/python3.9/site-packages/airflow/example_dags/example_latest_only_with_trigger.py
[2025-02-16T16:55:25.099+0700] {processor.py:914} INFO - Processing file /home/dataengineer/.pyenv/versions/3.9.21/lib/python3.9/site-packages/airflow/example_dags/example_latest_only_with_trigger.py for tasks to queue
[2025-02-16T16:55:25.100+0700] {logging_mixin.py:190} INFO - [2025-02-16T16:55:25.100+0700] {dagbag.py:588} INFO - Filling up the DagBag from /home/dataengineer/.pyenv/versions/3.9.21/lib/python3.9/site-packages/airflow/example_dags/example_latest_only_with_trigger.py
[2025-02-16T16:55:25.109+0700] {processor.py:925} INFO - DAG(s) 'latest_only_with_trigger' retrieved from /home/dataengineer/.pyenv/versions/3.9.21/lib/python3.9/site-packages/airflow/example_dags/example_latest_only_with_trigger.py
[2025-02-16T16:55:25.125+0700] {logging_mixin.py:190} INFO - [2025-02-16T16:55:25.125+0700] {dag.py:3239} INFO - Sync 1 DAGs
[2025-02-16T16:55:25.146+0700] {logging_mixin.py:190} INFO - [2025-02-16T16:55:25.146+0700] {dag.py:4180} INFO - Setting next_dagrun for latest_only_with_trigger to 2025-02-16 04:00:00+00:00, run_after=2025-02-16 08:00:00+00:00
[2025-02-16T16:55:25.167+0700] {processor.py:208} INFO - Processing /home/dataengineer/.pyenv/versions/3.9.21/lib/python3.9/site-packages/airflow/example_dags/example_latest_only_with_trigger.py took 0.076 seconds
[2025-02-16T16:56:34.036+0700] {processor.py:186} INFO - Started process (PID=41952) to work on /home/dataengineer/.pyenv/versions/3.9.21/lib/python3.9/site-packages/airflow/example_dags/example_latest_only_with_trigger.py
[2025-02-16T16:56:34.037+0700] {processor.py:914} INFO - Processing file /home/dataengineer/.pyenv/versions/3.9.21/lib/python3.9/site-packages/airflow/example_dags/example_latest_only_with_trigger.py for tasks to queue
[2025-02-16T16:56:34.038+0700] {logging_mixin.py:190} INFO - [2025-02-16T16:56:34.038+0700] {dagbag.py:588} INFO - Filling up the DagBag from /home/dataengineer/.pyenv/versions/3.9.21/lib/python3.9/site-packages/airflow/example_dags/example_latest_only_with_trigger.py
[2025-02-16T16:56:34.047+0700] {processor.py:925} INFO - DAG(s) 'latest_only_with_trigger' retrieved from /home/dataengineer/.pyenv/versions/3.9.21/lib/python3.9/site-packages/airflow/example_dags/example_latest_only_with_trigger.py
[2025-02-16T16:56:34.064+0700] {logging_mixin.py:190} INFO - [2025-02-16T16:56:34.063+0700] {dag.py:3239} INFO - Sync 1 DAGs
[2025-02-16T16:56:34.083+0700] {logging_mixin.py:190} INFO - [2025-02-16T16:56:34.083+0700] {dag.py:4180} INFO - Setting next_dagrun for latest_only_with_trigger to 2025-02-16 04:00:00+00:00, run_after=2025-02-16 08:00:00+00:00
[2025-02-16T16:56:34.104+0700] {processor.py:208} INFO - Processing /home/dataengineer/.pyenv/versions/3.9.21/lib/python3.9/site-packages/airflow/example_dags/example_latest_only_with_trigger.py took 0.074 seconds
[2025-02-16T16:57:45.071+0700] {processor.py:186} INFO - Started process (PID=42668) to work on /home/dataengineer/.pyenv/versions/3.9.21/lib/python3.9/site-packages/airflow/example_dags/example_latest_only_with_trigger.py
[2025-02-16T16:57:45.072+0700] {processor.py:914} INFO - Processing file /home/dataengineer/.pyenv/versions/3.9.21/lib/python3.9/site-packages/airflow/example_dags/example_latest_only_with_trigger.py for tasks to queue
[2025-02-16T16:57:45.073+0700] {logging_mixin.py:190} INFO - [2025-02-16T16:57:45.073+0700] {dagbag.py:588} INFO - Filling up the DagBag from /home/dataengineer/.pyenv/versions/3.9.21/lib/python3.9/site-packages/airflow/example_dags/example_latest_only_with_trigger.py
[2025-02-16T16:57:45.083+0700] {processor.py:925} INFO - DAG(s) 'latest_only_with_trigger' retrieved from /home/dataengineer/.pyenv/versions/3.9.21/lib/python3.9/site-packages/airflow/example_dags/example_latest_only_with_trigger.py
[2025-02-16T16:57:45.100+0700] {logging_mixin.py:190} INFO - [2025-02-16T16:57:45.100+0700] {dag.py:3239} INFO - Sync 1 DAGs
[2025-02-16T16:57:45.122+0700] {logging_mixin.py:190} INFO - [2025-02-16T16:57:45.122+0700] {dag.py:4180} INFO - Setting next_dagrun for latest_only_with_trigger to 2025-02-16 04:00:00+00:00, run_after=2025-02-16 08:00:00+00:00
[2025-02-16T16:57:45.143+0700] {processor.py:208} INFO - Processing /home/dataengineer/.pyenv/versions/3.9.21/lib/python3.9/site-packages/airflow/example_dags/example_latest_only_with_trigger.py took 0.078 seconds
[2025-02-16T16:59:03.127+0700] {processor.py:186} INFO - Started process (PID=43240) to work on /home/dataengineer/.pyenv/versions/3.9.21/lib/python3.9/site-packages/airflow/example_dags/example_latest_only_with_trigger.py
[2025-02-16T16:59:03.128+0700] {processor.py:914} INFO - Processing file /home/dataengineer/.pyenv/versions/3.9.21/lib/python3.9/site-packages/airflow/example_dags/example_latest_only_with_trigger.py for tasks to queue
[2025-02-16T16:59:03.129+0700] {logging_mixin.py:190} INFO - [2025-02-16T16:59:03.129+0700] {dagbag.py:588} INFO - Filling up the DagBag from /home/dataengineer/.pyenv/versions/3.9.21/lib/python3.9/site-packages/airflow/example_dags/example_latest_only_with_trigger.py
[2025-02-16T16:59:03.138+0700] {processor.py:925} INFO - DAG(s) 'latest_only_with_trigger' retrieved from /home/dataengineer/.pyenv/versions/3.9.21/lib/python3.9/site-packages/airflow/example_dags/example_latest_only_with_trigger.py
[2025-02-16T16:59:03.153+0700] {logging_mixin.py:190} INFO - [2025-02-16T16:59:03.152+0700] {dag.py:3239} INFO - Sync 1 DAGs
[2025-02-16T16:59:03.172+0700] {logging_mixin.py:190} INFO - [2025-02-16T16:59:03.172+0700] {dag.py:4180} INFO - Setting next_dagrun for latest_only_with_trigger to 2025-02-16 04:00:00+00:00, run_after=2025-02-16 08:00:00+00:00
[2025-02-16T16:59:03.191+0700] {processor.py:208} INFO - Processing /home/dataengineer/.pyenv/versions/3.9.21/lib/python3.9/site-packages/airflow/example_dags/example_latest_only_with_trigger.py took 0.070 seconds
[2025-02-16T17:00:14.812+0700] {processor.py:186} INFO - Started process (PID=43624) to work on /home/dataengineer/.pyenv/versions/3.9.21/lib/python3.9/site-packages/airflow/example_dags/example_latest_only_with_trigger.py
[2025-02-16T17:00:14.814+0700] {processor.py:914} INFO - Processing file /home/dataengineer/.pyenv/versions/3.9.21/lib/python3.9/site-packages/airflow/example_dags/example_latest_only_with_trigger.py for tasks to queue
[2025-02-16T17:00:14.818+0700] {logging_mixin.py:190} INFO - [2025-02-16T17:00:14.817+0700] {dagbag.py:588} INFO - Filling up the DagBag from /home/dataengineer/.pyenv/versions/3.9.21/lib/python3.9/site-packages/airflow/example_dags/example_latest_only_with_trigger.py
[2025-02-16T17:00:14.832+0700] {processor.py:925} INFO - DAG(s) 'latest_only_with_trigger' retrieved from /home/dataengineer/.pyenv/versions/3.9.21/lib/python3.9/site-packages/airflow/example_dags/example_latest_only_with_trigger.py
[2025-02-16T17:00:14.858+0700] {logging_mixin.py:190} INFO - [2025-02-16T17:00:14.858+0700] {dag.py:3239} INFO - Sync 1 DAGs
[2025-02-16T17:00:14.883+0700] {logging_mixin.py:190} INFO - [2025-02-16T17:00:14.883+0700] {dag.py:4180} INFO - Setting next_dagrun for latest_only_with_trigger to 2025-02-16 04:00:00+00:00, run_after=2025-02-16 08:00:00+00:00
[2025-02-16T17:00:14.916+0700] {processor.py:208} INFO - Processing /home/dataengineer/.pyenv/versions/3.9.21/lib/python3.9/site-packages/airflow/example_dags/example_latest_only_with_trigger.py took 0.113 seconds
