[2025-02-16T15:57:58.452+0700] {processor.py:186} INFO - Started process (PID=25537) to work on /home/dataengineer/.pyenv/versions/3.9.21/lib/python3.9/site-packages/airflow/example_dags/example_sensor_decorator.py
[2025-02-16T15:57:58.453+0700] {processor.py:914} INFO - Processing file /home/dataengineer/.pyenv/versions/3.9.21/lib/python3.9/site-packages/airflow/example_dags/example_sensor_decorator.py for tasks to queue
[2025-02-16T15:57:58.455+0700] {logging_mixin.py:190} INFO - [2025-02-16T15:57:58.455+0700] {dagbag.py:588} INFO - Filling up the DagBag from /home/dataengineer/.pyenv/versions/3.9.21/lib/python3.9/site-packages/airflow/example_dags/example_sensor_decorator.py
[2025-02-16T15:57:58.464+0700] {processor.py:925} INFO - DAG(s) 'example_sensor_decorator' retrieved from /home/dataengineer/.pyenv/versions/3.9.21/lib/python3.9/site-packages/airflow/example_dags/example_sensor_decorator.py
[2025-02-16T15:57:58.479+0700] {logging_mixin.py:190} INFO - [2025-02-16T15:57:58.479+0700] {dag.py:3239} INFO - Sync 1 DAGs
[2025-02-16T15:57:58.492+0700] {logging_mixin.py:190} INFO - [2025-02-16T15:57:58.492+0700] {dag.py:4180} INFO - Setting next_dagrun for example_sensor_decorator to None, run_after=None
[2025-02-16T15:57:58.513+0700] {processor.py:208} INFO - Processing /home/dataengineer/.pyenv/versions/3.9.21/lib/python3.9/site-packages/airflow/example_dags/example_sensor_decorator.py took 0.067 seconds
[2025-02-16T15:58:54.478+0700] {processor.py:186} INFO - Started process (PID=25768) to work on /home/dataengineer/.pyenv/versions/3.9.21/lib/python3.9/site-packages/airflow/example_dags/example_sensor_decorator.py
[2025-02-16T15:58:54.483+0700] {processor.py:914} INFO - Processing file /home/dataengineer/.pyenv/versions/3.9.21/lib/python3.9/site-packages/airflow/example_dags/example_sensor_decorator.py for tasks to queue
[2025-02-16T15:58:54.484+0700] {logging_mixin.py:190} INFO - [2025-02-16T15:58:54.484+0700] {dagbag.py:588} INFO - Filling up the DagBag from /home/dataengineer/.pyenv/versions/3.9.21/lib/python3.9/site-packages/airflow/example_dags/example_sensor_decorator.py
[2025-02-16T15:58:54.493+0700] {processor.py:925} INFO - DAG(s) 'example_sensor_decorator' retrieved from /home/dataengineer/.pyenv/versions/3.9.21/lib/python3.9/site-packages/airflow/example_dags/example_sensor_decorator.py
[2025-02-16T15:58:54.507+0700] {logging_mixin.py:190} INFO - [2025-02-16T15:58:54.507+0700] {dag.py:3239} INFO - Sync 1 DAGs
[2025-02-16T15:58:54.520+0700] {logging_mixin.py:190} INFO - [2025-02-16T15:58:54.520+0700] {dag.py:4180} INFO - Setting next_dagrun for example_sensor_decorator to None, run_after=None
[2025-02-16T15:58:54.541+0700] {processor.py:208} INFO - Processing /home/dataengineer/.pyenv/versions/3.9.21/lib/python3.9/site-packages/airflow/example_dags/example_sensor_decorator.py took 0.070 seconds
[2025-02-16T15:59:48.742+0700] {processor.py:186} INFO - Started process (PID=26077) to work on /home/dataengineer/.pyenv/versions/3.9.21/lib/python3.9/site-packages/airflow/example_dags/example_sensor_decorator.py
[2025-02-16T15:59:48.743+0700] {processor.py:914} INFO - Processing file /home/dataengineer/.pyenv/versions/3.9.21/lib/python3.9/site-packages/airflow/example_dags/example_sensor_decorator.py for tasks to queue
[2025-02-16T15:59:48.745+0700] {logging_mixin.py:190} INFO - [2025-02-16T15:59:48.745+0700] {dagbag.py:588} INFO - Filling up the DagBag from /home/dataengineer/.pyenv/versions/3.9.21/lib/python3.9/site-packages/airflow/example_dags/example_sensor_decorator.py
[2025-02-16T15:59:48.758+0700] {processor.py:925} INFO - DAG(s) 'example_sensor_decorator' retrieved from /home/dataengineer/.pyenv/versions/3.9.21/lib/python3.9/site-packages/airflow/example_dags/example_sensor_decorator.py
[2025-02-16T15:59:48.780+0700] {logging_mixin.py:190} INFO - [2025-02-16T15:59:48.779+0700] {dag.py:3239} INFO - Sync 1 DAGs
[2025-02-16T15:59:48.794+0700] {logging_mixin.py:190} INFO - [2025-02-16T15:59:48.793+0700] {dag.py:4180} INFO - Setting next_dagrun for example_sensor_decorator to None, run_after=None
[2025-02-16T15:59:48.817+0700] {processor.py:208} INFO - Processing /home/dataengineer/.pyenv/versions/3.9.21/lib/python3.9/site-packages/airflow/example_dags/example_sensor_decorator.py took 0.083 seconds
[2025-02-16T16:01:01.356+0700] {processor.py:186} INFO - Started process (PID=26381) to work on /home/dataengineer/.pyenv/versions/3.9.21/lib/python3.9/site-packages/airflow/example_dags/example_sensor_decorator.py
[2025-02-16T16:01:01.357+0700] {processor.py:914} INFO - Processing file /home/dataengineer/.pyenv/versions/3.9.21/lib/python3.9/site-packages/airflow/example_dags/example_sensor_decorator.py for tasks to queue
[2025-02-16T16:01:01.358+0700] {logging_mixin.py:190} INFO - [2025-02-16T16:01:01.358+0700] {dagbag.py:588} INFO - Filling up the DagBag from /home/dataengineer/.pyenv/versions/3.9.21/lib/python3.9/site-packages/airflow/example_dags/example_sensor_decorator.py
[2025-02-16T16:01:01.367+0700] {processor.py:925} INFO - DAG(s) 'example_sensor_decorator' retrieved from /home/dataengineer/.pyenv/versions/3.9.21/lib/python3.9/site-packages/airflow/example_dags/example_sensor_decorator.py
[2025-02-16T16:01:01.381+0700] {logging_mixin.py:190} INFO - [2025-02-16T16:01:01.381+0700] {dag.py:3239} INFO - Sync 1 DAGs
[2025-02-16T16:01:01.393+0700] {logging_mixin.py:190} INFO - [2025-02-16T16:01:01.393+0700] {dag.py:4180} INFO - Setting next_dagrun for example_sensor_decorator to None, run_after=None
[2025-02-16T16:01:01.414+0700] {processor.py:208} INFO - Processing /home/dataengineer/.pyenv/versions/3.9.21/lib/python3.9/site-packages/airflow/example_dags/example_sensor_decorator.py took 0.064 seconds
[2025-02-16T16:01:55.559+0700] {processor.py:186} INFO - Started process (PID=26810) to work on /home/dataengineer/.pyenv/versions/3.9.21/lib/python3.9/site-packages/airflow/example_dags/example_sensor_decorator.py
[2025-02-16T16:01:55.561+0700] {processor.py:914} INFO - Processing file /home/dataengineer/.pyenv/versions/3.9.21/lib/python3.9/site-packages/airflow/example_dags/example_sensor_decorator.py for tasks to queue
[2025-02-16T16:01:55.562+0700] {logging_mixin.py:190} INFO - [2025-02-16T16:01:55.562+0700] {dagbag.py:588} INFO - Filling up the DagBag from /home/dataengineer/.pyenv/versions/3.9.21/lib/python3.9/site-packages/airflow/example_dags/example_sensor_decorator.py
[2025-02-16T16:01:55.571+0700] {processor.py:925} INFO - DAG(s) 'example_sensor_decorator' retrieved from /home/dataengineer/.pyenv/versions/3.9.21/lib/python3.9/site-packages/airflow/example_dags/example_sensor_decorator.py
[2025-02-16T16:01:55.586+0700] {logging_mixin.py:190} INFO - [2025-02-16T16:01:55.586+0700] {dag.py:3239} INFO - Sync 1 DAGs
[2025-02-16T16:01:55.599+0700] {logging_mixin.py:190} INFO - [2025-02-16T16:01:55.599+0700] {dag.py:4180} INFO - Setting next_dagrun for example_sensor_decorator to None, run_after=None
[2025-02-16T16:01:55.622+0700] {processor.py:208} INFO - Processing /home/dataengineer/.pyenv/versions/3.9.21/lib/python3.9/site-packages/airflow/example_dags/example_sensor_decorator.py took 0.069 seconds
[2025-02-16T16:02:54.697+0700] {processor.py:186} INFO - Started process (PID=27203) to work on /home/dataengineer/.pyenv/versions/3.9.21/lib/python3.9/site-packages/airflow/example_dags/example_sensor_decorator.py
[2025-02-16T16:02:54.698+0700] {processor.py:914} INFO - Processing file /home/dataengineer/.pyenv/versions/3.9.21/lib/python3.9/site-packages/airflow/example_dags/example_sensor_decorator.py for tasks to queue
[2025-02-16T16:02:54.699+0700] {logging_mixin.py:190} INFO - [2025-02-16T16:02:54.699+0700] {dagbag.py:588} INFO - Filling up the DagBag from /home/dataengineer/.pyenv/versions/3.9.21/lib/python3.9/site-packages/airflow/example_dags/example_sensor_decorator.py
[2025-02-16T16:02:54.707+0700] {processor.py:925} INFO - DAG(s) 'example_sensor_decorator' retrieved from /home/dataengineer/.pyenv/versions/3.9.21/lib/python3.9/site-packages/airflow/example_dags/example_sensor_decorator.py
[2025-02-16T16:02:54.720+0700] {logging_mixin.py:190} INFO - [2025-02-16T16:02:54.719+0700] {dag.py:3239} INFO - Sync 1 DAGs
[2025-02-16T16:02:54.731+0700] {logging_mixin.py:190} INFO - [2025-02-16T16:02:54.731+0700] {dag.py:4180} INFO - Setting next_dagrun for example_sensor_decorator to None, run_after=None
[2025-02-16T16:02:54.750+0700] {processor.py:208} INFO - Processing /home/dataengineer/.pyenv/versions/3.9.21/lib/python3.9/site-packages/airflow/example_dags/example_sensor_decorator.py took 0.059 seconds
[2025-02-16T16:04:03.688+0700] {processor.py:186} INFO - Started process (PID=27493) to work on /home/dataengineer/.pyenv/versions/3.9.21/lib/python3.9/site-packages/airflow/example_dags/example_sensor_decorator.py
[2025-02-16T16:04:03.689+0700] {processor.py:914} INFO - Processing file /home/dataengineer/.pyenv/versions/3.9.21/lib/python3.9/site-packages/airflow/example_dags/example_sensor_decorator.py for tasks to queue
[2025-02-16T16:04:03.691+0700] {logging_mixin.py:190} INFO - [2025-02-16T16:04:03.690+0700] {dagbag.py:588} INFO - Filling up the DagBag from /home/dataengineer/.pyenv/versions/3.9.21/lib/python3.9/site-packages/airflow/example_dags/example_sensor_decorator.py
[2025-02-16T16:04:03.699+0700] {processor.py:925} INFO - DAG(s) 'example_sensor_decorator' retrieved from /home/dataengineer/.pyenv/versions/3.9.21/lib/python3.9/site-packages/airflow/example_dags/example_sensor_decorator.py
[2025-02-16T16:04:03.713+0700] {logging_mixin.py:190} INFO - [2025-02-16T16:04:03.713+0700] {dag.py:3239} INFO - Sync 1 DAGs
[2025-02-16T16:04:03.726+0700] {logging_mixin.py:190} INFO - [2025-02-16T16:04:03.725+0700] {dag.py:4180} INFO - Setting next_dagrun for example_sensor_decorator to None, run_after=None
[2025-02-16T16:04:03.746+0700] {processor.py:208} INFO - Processing /home/dataengineer/.pyenv/versions/3.9.21/lib/python3.9/site-packages/airflow/example_dags/example_sensor_decorator.py took 0.063 seconds
[2025-02-16T16:04:53.675+0700] {processor.py:186} INFO - Started process (PID=27706) to work on /home/dataengineer/.pyenv/versions/3.9.21/lib/python3.9/site-packages/airflow/example_dags/example_sensor_decorator.py
[2025-02-16T16:04:53.676+0700] {processor.py:914} INFO - Processing file /home/dataengineer/.pyenv/versions/3.9.21/lib/python3.9/site-packages/airflow/example_dags/example_sensor_decorator.py for tasks to queue
[2025-02-16T16:04:53.677+0700] {logging_mixin.py:190} INFO - [2025-02-16T16:04:53.677+0700] {dagbag.py:588} INFO - Filling up the DagBag from /home/dataengineer/.pyenv/versions/3.9.21/lib/python3.9/site-packages/airflow/example_dags/example_sensor_decorator.py
[2025-02-16T16:04:53.686+0700] {processor.py:925} INFO - DAG(s) 'example_sensor_decorator' retrieved from /home/dataengineer/.pyenv/versions/3.9.21/lib/python3.9/site-packages/airflow/example_dags/example_sensor_decorator.py
[2025-02-16T16:04:53.699+0700] {logging_mixin.py:190} INFO - [2025-02-16T16:04:53.699+0700] {dag.py:3239} INFO - Sync 1 DAGs
[2025-02-16T16:04:53.712+0700] {logging_mixin.py:190} INFO - [2025-02-16T16:04:53.712+0700] {dag.py:4180} INFO - Setting next_dagrun for example_sensor_decorator to None, run_after=None
[2025-02-16T16:04:53.732+0700] {processor.py:208} INFO - Processing /home/dataengineer/.pyenv/versions/3.9.21/lib/python3.9/site-packages/airflow/example_dags/example_sensor_decorator.py took 0.064 seconds
[2025-02-16T16:05:50.505+0700] {processor.py:186} INFO - Started process (PID=27944) to work on /home/dataengineer/.pyenv/versions/3.9.21/lib/python3.9/site-packages/airflow/example_dags/example_sensor_decorator.py
[2025-02-16T16:05:50.506+0700] {processor.py:914} INFO - Processing file /home/dataengineer/.pyenv/versions/3.9.21/lib/python3.9/site-packages/airflow/example_dags/example_sensor_decorator.py for tasks to queue
[2025-02-16T16:05:50.507+0700] {logging_mixin.py:190} INFO - [2025-02-16T16:05:50.507+0700] {dagbag.py:588} INFO - Filling up the DagBag from /home/dataengineer/.pyenv/versions/3.9.21/lib/python3.9/site-packages/airflow/example_dags/example_sensor_decorator.py
[2025-02-16T16:05:50.516+0700] {processor.py:925} INFO - DAG(s) 'example_sensor_decorator' retrieved from /home/dataengineer/.pyenv/versions/3.9.21/lib/python3.9/site-packages/airflow/example_dags/example_sensor_decorator.py
[2025-02-16T16:05:50.529+0700] {logging_mixin.py:190} INFO - [2025-02-16T16:05:50.529+0700] {dag.py:3239} INFO - Sync 1 DAGs
[2025-02-16T16:05:50.542+0700] {logging_mixin.py:190} INFO - [2025-02-16T16:05:50.542+0700] {dag.py:4180} INFO - Setting next_dagrun for example_sensor_decorator to None, run_after=None
[2025-02-16T16:05:50.562+0700] {processor.py:208} INFO - Processing /home/dataengineer/.pyenv/versions/3.9.21/lib/python3.9/site-packages/airflow/example_dags/example_sensor_decorator.py took 0.063 seconds
[2025-02-16T16:07:00.792+0700] {processor.py:186} INFO - Started process (PID=28283) to work on /home/dataengineer/.pyenv/versions/3.9.21/lib/python3.9/site-packages/airflow/example_dags/example_sensor_decorator.py
[2025-02-16T16:07:00.793+0700] {processor.py:914} INFO - Processing file /home/dataengineer/.pyenv/versions/3.9.21/lib/python3.9/site-packages/airflow/example_dags/example_sensor_decorator.py for tasks to queue
[2025-02-16T16:07:00.794+0700] {logging_mixin.py:190} INFO - [2025-02-16T16:07:00.794+0700] {dagbag.py:588} INFO - Filling up the DagBag from /home/dataengineer/.pyenv/versions/3.9.21/lib/python3.9/site-packages/airflow/example_dags/example_sensor_decorator.py
[2025-02-16T16:07:00.803+0700] {processor.py:925} INFO - DAG(s) 'example_sensor_decorator' retrieved from /home/dataengineer/.pyenv/versions/3.9.21/lib/python3.9/site-packages/airflow/example_dags/example_sensor_decorator.py
[2025-02-16T16:07:00.816+0700] {logging_mixin.py:190} INFO - [2025-02-16T16:07:00.816+0700] {dag.py:3239} INFO - Sync 1 DAGs
[2025-02-16T16:07:00.829+0700] {logging_mixin.py:190} INFO - [2025-02-16T16:07:00.828+0700] {dag.py:4180} INFO - Setting next_dagrun for example_sensor_decorator to None, run_after=None
[2025-02-16T16:07:00.848+0700] {processor.py:208} INFO - Processing /home/dataengineer/.pyenv/versions/3.9.21/lib/python3.9/site-packages/airflow/example_dags/example_sensor_decorator.py took 0.062 seconds
[2025-02-16T16:08:13.626+0700] {processor.py:186} INFO - Started process (PID=28750) to work on /home/dataengineer/.pyenv/versions/3.9.21/lib/python3.9/site-packages/airflow/example_dags/example_sensor_decorator.py
[2025-02-16T16:08:13.627+0700] {processor.py:914} INFO - Processing file /home/dataengineer/.pyenv/versions/3.9.21/lib/python3.9/site-packages/airflow/example_dags/example_sensor_decorator.py for tasks to queue
[2025-02-16T16:08:13.629+0700] {logging_mixin.py:190} INFO - [2025-02-16T16:08:13.628+0700] {dagbag.py:588} INFO - Filling up the DagBag from /home/dataengineer/.pyenv/versions/3.9.21/lib/python3.9/site-packages/airflow/example_dags/example_sensor_decorator.py
[2025-02-16T16:08:13.638+0700] {processor.py:925} INFO - DAG(s) 'example_sensor_decorator' retrieved from /home/dataengineer/.pyenv/versions/3.9.21/lib/python3.9/site-packages/airflow/example_dags/example_sensor_decorator.py
[2025-02-16T16:08:13.652+0700] {logging_mixin.py:190} INFO - [2025-02-16T16:08:13.652+0700] {dag.py:3239} INFO - Sync 1 DAGs
[2025-02-16T16:08:13.665+0700] {logging_mixin.py:190} INFO - [2025-02-16T16:08:13.665+0700] {dag.py:4180} INFO - Setting next_dagrun for example_sensor_decorator to None, run_after=None
[2025-02-16T16:08:13.686+0700] {processor.py:208} INFO - Processing /home/dataengineer/.pyenv/versions/3.9.21/lib/python3.9/site-packages/airflow/example_dags/example_sensor_decorator.py took 0.066 seconds
[2025-02-16T16:09:03.304+0700] {processor.py:186} INFO - Started process (PID=28964) to work on /home/dataengineer/.pyenv/versions/3.9.21/lib/python3.9/site-packages/airflow/example_dags/example_sensor_decorator.py
[2025-02-16T16:09:03.306+0700] {processor.py:914} INFO - Processing file /home/dataengineer/.pyenv/versions/3.9.21/lib/python3.9/site-packages/airflow/example_dags/example_sensor_decorator.py for tasks to queue
[2025-02-16T16:09:03.307+0700] {logging_mixin.py:190} INFO - [2025-02-16T16:09:03.306+0700] {dagbag.py:588} INFO - Filling up the DagBag from /home/dataengineer/.pyenv/versions/3.9.21/lib/python3.9/site-packages/airflow/example_dags/example_sensor_decorator.py
[2025-02-16T16:09:03.315+0700] {processor.py:925} INFO - DAG(s) 'example_sensor_decorator' retrieved from /home/dataengineer/.pyenv/versions/3.9.21/lib/python3.9/site-packages/airflow/example_dags/example_sensor_decorator.py
[2025-02-16T16:09:03.329+0700] {logging_mixin.py:190} INFO - [2025-02-16T16:09:03.329+0700] {dag.py:3239} INFO - Sync 1 DAGs
[2025-02-16T16:09:03.342+0700] {logging_mixin.py:190} INFO - [2025-02-16T16:09:03.342+0700] {dag.py:4180} INFO - Setting next_dagrun for example_sensor_decorator to None, run_after=None
[2025-02-16T16:09:03.362+0700] {processor.py:208} INFO - Processing /home/dataengineer/.pyenv/versions/3.9.21/lib/python3.9/site-packages/airflow/example_dags/example_sensor_decorator.py took 0.063 seconds
[2025-02-16T16:10:16.272+0700] {processor.py:186} INFO - Started process (PID=29351) to work on /home/dataengineer/.pyenv/versions/3.9.21/lib/python3.9/site-packages/airflow/example_dags/example_sensor_decorator.py
[2025-02-16T16:10:16.273+0700] {processor.py:914} INFO - Processing file /home/dataengineer/.pyenv/versions/3.9.21/lib/python3.9/site-packages/airflow/example_dags/example_sensor_decorator.py for tasks to queue
[2025-02-16T16:10:16.275+0700] {logging_mixin.py:190} INFO - [2025-02-16T16:10:16.274+0700] {dagbag.py:588} INFO - Filling up the DagBag from /home/dataengineer/.pyenv/versions/3.9.21/lib/python3.9/site-packages/airflow/example_dags/example_sensor_decorator.py
[2025-02-16T16:10:16.285+0700] {processor.py:925} INFO - DAG(s) 'example_sensor_decorator' retrieved from /home/dataengineer/.pyenv/versions/3.9.21/lib/python3.9/site-packages/airflow/example_dags/example_sensor_decorator.py
[2025-02-16T16:10:16.300+0700] {logging_mixin.py:190} INFO - [2025-02-16T16:10:16.300+0700] {dag.py:3239} INFO - Sync 1 DAGs
[2025-02-16T16:10:16.313+0700] {logging_mixin.py:190} INFO - [2025-02-16T16:10:16.313+0700] {dag.py:4180} INFO - Setting next_dagrun for example_sensor_decorator to None, run_after=None
[2025-02-16T16:10:16.335+0700] {processor.py:208} INFO - Processing /home/dataengineer/.pyenv/versions/3.9.21/lib/python3.9/site-packages/airflow/example_dags/example_sensor_decorator.py took 0.069 seconds
[2025-02-16T16:11:05.573+0700] {processor.py:186} INFO - Started process (PID=29565) to work on /home/dataengineer/.pyenv/versions/3.9.21/lib/python3.9/site-packages/airflow/example_dags/example_sensor_decorator.py
[2025-02-16T16:11:05.575+0700] {processor.py:914} INFO - Processing file /home/dataengineer/.pyenv/versions/3.9.21/lib/python3.9/site-packages/airflow/example_dags/example_sensor_decorator.py for tasks to queue
[2025-02-16T16:11:05.577+0700] {logging_mixin.py:190} INFO - [2025-02-16T16:11:05.576+0700] {dagbag.py:588} INFO - Filling up the DagBag from /home/dataengineer/.pyenv/versions/3.9.21/lib/python3.9/site-packages/airflow/example_dags/example_sensor_decorator.py
[2025-02-16T16:11:05.589+0700] {processor.py:925} INFO - DAG(s) 'example_sensor_decorator' retrieved from /home/dataengineer/.pyenv/versions/3.9.21/lib/python3.9/site-packages/airflow/example_dags/example_sensor_decorator.py
[2025-02-16T16:11:05.607+0700] {logging_mixin.py:190} INFO - [2025-02-16T16:11:05.607+0700] {dag.py:3239} INFO - Sync 1 DAGs
[2025-02-16T16:11:05.623+0700] {logging_mixin.py:190} INFO - [2025-02-16T16:11:05.623+0700] {dag.py:4180} INFO - Setting next_dagrun for example_sensor_decorator to None, run_after=None
[2025-02-16T16:11:05.648+0700] {processor.py:208} INFO - Processing /home/dataengineer/.pyenv/versions/3.9.21/lib/python3.9/site-packages/airflow/example_dags/example_sensor_decorator.py took 0.081 seconds
[2025-02-16T16:12:15.709+0700] {processor.py:186} INFO - Started process (PID=29860) to work on /home/dataengineer/.pyenv/versions/3.9.21/lib/python3.9/site-packages/airflow/example_dags/example_sensor_decorator.py
[2025-02-16T16:12:15.711+0700] {processor.py:914} INFO - Processing file /home/dataengineer/.pyenv/versions/3.9.21/lib/python3.9/site-packages/airflow/example_dags/example_sensor_decorator.py for tasks to queue
[2025-02-16T16:12:15.712+0700] {logging_mixin.py:190} INFO - [2025-02-16T16:12:15.712+0700] {dagbag.py:588} INFO - Filling up the DagBag from /home/dataengineer/.pyenv/versions/3.9.21/lib/python3.9/site-packages/airflow/example_dags/example_sensor_decorator.py
[2025-02-16T16:12:15.720+0700] {processor.py:925} INFO - DAG(s) 'example_sensor_decorator' retrieved from /home/dataengineer/.pyenv/versions/3.9.21/lib/python3.9/site-packages/airflow/example_dags/example_sensor_decorator.py
[2025-02-16T16:12:15.736+0700] {logging_mixin.py:190} INFO - [2025-02-16T16:12:15.735+0700] {dag.py:3239} INFO - Sync 1 DAGs
[2025-02-16T16:12:15.751+0700] {logging_mixin.py:190} INFO - [2025-02-16T16:12:15.750+0700] {dag.py:4180} INFO - Setting next_dagrun for example_sensor_decorator to None, run_after=None
[2025-02-16T16:12:15.774+0700] {processor.py:208} INFO - Processing /home/dataengineer/.pyenv/versions/3.9.21/lib/python3.9/site-packages/airflow/example_dags/example_sensor_decorator.py took 0.070 seconds
[2025-02-16T16:13:32.344+0700] {processor.py:186} INFO - Started process (PID=30171) to work on /home/dataengineer/.pyenv/versions/3.9.21/lib/python3.9/site-packages/airflow/example_dags/example_sensor_decorator.py
[2025-02-16T16:13:32.345+0700] {processor.py:914} INFO - Processing file /home/dataengineer/.pyenv/versions/3.9.21/lib/python3.9/site-packages/airflow/example_dags/example_sensor_decorator.py for tasks to queue
[2025-02-16T16:13:32.347+0700] {logging_mixin.py:190} INFO - [2025-02-16T16:13:32.347+0700] {dagbag.py:588} INFO - Filling up the DagBag from /home/dataengineer/.pyenv/versions/3.9.21/lib/python3.9/site-packages/airflow/example_dags/example_sensor_decorator.py
[2025-02-16T16:13:32.355+0700] {processor.py:925} INFO - DAG(s) 'example_sensor_decorator' retrieved from /home/dataengineer/.pyenv/versions/3.9.21/lib/python3.9/site-packages/airflow/example_dags/example_sensor_decorator.py
[2025-02-16T16:13:32.369+0700] {logging_mixin.py:190} INFO - [2025-02-16T16:13:32.369+0700] {dag.py:3239} INFO - Sync 1 DAGs
[2025-02-16T16:13:32.382+0700] {logging_mixin.py:190} INFO - [2025-02-16T16:13:32.382+0700] {dag.py:4180} INFO - Setting next_dagrun for example_sensor_decorator to None, run_after=None
[2025-02-16T16:13:32.402+0700] {processor.py:208} INFO - Processing /home/dataengineer/.pyenv/versions/3.9.21/lib/python3.9/site-packages/airflow/example_dags/example_sensor_decorator.py took 0.064 seconds
[2025-02-16T16:14:46.302+0700] {processor.py:186} INFO - Started process (PID=30482) to work on /home/dataengineer/.pyenv/versions/3.9.21/lib/python3.9/site-packages/airflow/example_dags/example_sensor_decorator.py
[2025-02-16T16:14:46.303+0700] {processor.py:914} INFO - Processing file /home/dataengineer/.pyenv/versions/3.9.21/lib/python3.9/site-packages/airflow/example_dags/example_sensor_decorator.py for tasks to queue
[2025-02-16T16:14:46.304+0700] {logging_mixin.py:190} INFO - [2025-02-16T16:14:46.304+0700] {dagbag.py:588} INFO - Filling up the DagBag from /home/dataengineer/.pyenv/versions/3.9.21/lib/python3.9/site-packages/airflow/example_dags/example_sensor_decorator.py
[2025-02-16T16:14:46.312+0700] {processor.py:925} INFO - DAG(s) 'example_sensor_decorator' retrieved from /home/dataengineer/.pyenv/versions/3.9.21/lib/python3.9/site-packages/airflow/example_dags/example_sensor_decorator.py
[2025-02-16T16:14:46.326+0700] {logging_mixin.py:190} INFO - [2025-02-16T16:14:46.325+0700] {dag.py:3239} INFO - Sync 1 DAGs
[2025-02-16T16:14:46.338+0700] {logging_mixin.py:190} INFO - [2025-02-16T16:14:46.338+0700] {dag.py:4180} INFO - Setting next_dagrun for example_sensor_decorator to None, run_after=None
[2025-02-16T16:14:46.359+0700] {processor.py:208} INFO - Processing /home/dataengineer/.pyenv/versions/3.9.21/lib/python3.9/site-packages/airflow/example_dags/example_sensor_decorator.py took 0.063 seconds
[2025-02-16T16:16:00.546+0700] {processor.py:186} INFO - Started process (PID=30789) to work on /home/dataengineer/.pyenv/versions/3.9.21/lib/python3.9/site-packages/airflow/example_dags/example_sensor_decorator.py
[2025-02-16T16:16:00.547+0700] {processor.py:914} INFO - Processing file /home/dataengineer/.pyenv/versions/3.9.21/lib/python3.9/site-packages/airflow/example_dags/example_sensor_decorator.py for tasks to queue
[2025-02-16T16:16:00.548+0700] {logging_mixin.py:190} INFO - [2025-02-16T16:16:00.548+0700] {dagbag.py:588} INFO - Filling up the DagBag from /home/dataengineer/.pyenv/versions/3.9.21/lib/python3.9/site-packages/airflow/example_dags/example_sensor_decorator.py
[2025-02-16T16:16:00.557+0700] {processor.py:925} INFO - DAG(s) 'example_sensor_decorator' retrieved from /home/dataengineer/.pyenv/versions/3.9.21/lib/python3.9/site-packages/airflow/example_dags/example_sensor_decorator.py
[2025-02-16T16:16:00.571+0700] {logging_mixin.py:190} INFO - [2025-02-16T16:16:00.571+0700] {dag.py:3239} INFO - Sync 1 DAGs
[2025-02-16T16:16:00.584+0700] {logging_mixin.py:190} INFO - [2025-02-16T16:16:00.584+0700] {dag.py:4180} INFO - Setting next_dagrun for example_sensor_decorator to None, run_after=None
[2025-02-16T16:16:00.604+0700] {processor.py:208} INFO - Processing /home/dataengineer/.pyenv/versions/3.9.21/lib/python3.9/site-packages/airflow/example_dags/example_sensor_decorator.py took 0.065 seconds
[2025-02-16T16:17:14.100+0700] {processor.py:186} INFO - Started process (PID=31104) to work on /home/dataengineer/.pyenv/versions/3.9.21/lib/python3.9/site-packages/airflow/example_dags/example_sensor_decorator.py
[2025-02-16T16:17:14.101+0700] {processor.py:914} INFO - Processing file /home/dataengineer/.pyenv/versions/3.9.21/lib/python3.9/site-packages/airflow/example_dags/example_sensor_decorator.py for tasks to queue
[2025-02-16T16:17:14.103+0700] {logging_mixin.py:190} INFO - [2025-02-16T16:17:14.102+0700] {dagbag.py:588} INFO - Filling up the DagBag from /home/dataengineer/.pyenv/versions/3.9.21/lib/python3.9/site-packages/airflow/example_dags/example_sensor_decorator.py
[2025-02-16T16:17:14.114+0700] {processor.py:925} INFO - DAG(s) 'example_sensor_decorator' retrieved from /home/dataengineer/.pyenv/versions/3.9.21/lib/python3.9/site-packages/airflow/example_dags/example_sensor_decorator.py
[2025-02-16T16:17:14.129+0700] {logging_mixin.py:190} INFO - [2025-02-16T16:17:14.129+0700] {dag.py:3239} INFO - Sync 1 DAGs
[2025-02-16T16:17:14.143+0700] {logging_mixin.py:190} INFO - [2025-02-16T16:17:14.143+0700] {dag.py:4180} INFO - Setting next_dagrun for example_sensor_decorator to None, run_after=None
[2025-02-16T16:17:14.165+0700] {processor.py:208} INFO - Processing /home/dataengineer/.pyenv/versions/3.9.21/lib/python3.9/site-packages/airflow/example_dags/example_sensor_decorator.py took 0.072 seconds
[2025-02-16T16:18:07.493+0700] {processor.py:186} INFO - Started process (PID=31323) to work on /home/dataengineer/.pyenv/versions/3.9.21/lib/python3.9/site-packages/airflow/example_dags/example_sensor_decorator.py
[2025-02-16T16:18:07.494+0700] {processor.py:914} INFO - Processing file /home/dataengineer/.pyenv/versions/3.9.21/lib/python3.9/site-packages/airflow/example_dags/example_sensor_decorator.py for tasks to queue
[2025-02-16T16:18:07.495+0700] {logging_mixin.py:190} INFO - [2025-02-16T16:18:07.495+0700] {dagbag.py:588} INFO - Filling up the DagBag from /home/dataengineer/.pyenv/versions/3.9.21/lib/python3.9/site-packages/airflow/example_dags/example_sensor_decorator.py
[2025-02-16T16:18:07.505+0700] {processor.py:925} INFO - DAG(s) 'example_sensor_decorator' retrieved from /home/dataengineer/.pyenv/versions/3.9.21/lib/python3.9/site-packages/airflow/example_dags/example_sensor_decorator.py
[2025-02-16T16:18:07.519+0700] {logging_mixin.py:190} INFO - [2025-02-16T16:18:07.519+0700] {dag.py:3239} INFO - Sync 1 DAGs
[2025-02-16T16:18:07.533+0700] {logging_mixin.py:190} INFO - [2025-02-16T16:18:07.532+0700] {dag.py:4180} INFO - Setting next_dagrun for example_sensor_decorator to None, run_after=None
[2025-02-16T16:18:07.554+0700] {processor.py:208} INFO - Processing /home/dataengineer/.pyenv/versions/3.9.21/lib/python3.9/site-packages/airflow/example_dags/example_sensor_decorator.py took 0.067 seconds
[2025-02-16T16:18:57.502+0700] {processor.py:186} INFO - Started process (PID=31535) to work on /home/dataengineer/.pyenv/versions/3.9.21/lib/python3.9/site-packages/airflow/example_dags/example_sensor_decorator.py
[2025-02-16T16:18:57.504+0700] {processor.py:914} INFO - Processing file /home/dataengineer/.pyenv/versions/3.9.21/lib/python3.9/site-packages/airflow/example_dags/example_sensor_decorator.py for tasks to queue
[2025-02-16T16:18:57.505+0700] {logging_mixin.py:190} INFO - [2025-02-16T16:18:57.504+0700] {dagbag.py:588} INFO - Filling up the DagBag from /home/dataengineer/.pyenv/versions/3.9.21/lib/python3.9/site-packages/airflow/example_dags/example_sensor_decorator.py
[2025-02-16T16:18:57.515+0700] {processor.py:925} INFO - DAG(s) 'example_sensor_decorator' retrieved from /home/dataengineer/.pyenv/versions/3.9.21/lib/python3.9/site-packages/airflow/example_dags/example_sensor_decorator.py
[2025-02-16T16:18:57.531+0700] {logging_mixin.py:190} INFO - [2025-02-16T16:18:57.531+0700] {dag.py:3239} INFO - Sync 1 DAGs
[2025-02-16T16:18:57.544+0700] {logging_mixin.py:190} INFO - [2025-02-16T16:18:57.544+0700] {dag.py:4180} INFO - Setting next_dagrun for example_sensor_decorator to None, run_after=None
[2025-02-16T16:18:57.565+0700] {processor.py:208} INFO - Processing /home/dataengineer/.pyenv/versions/3.9.21/lib/python3.9/site-packages/airflow/example_dags/example_sensor_decorator.py took 0.068 seconds
[2025-02-16T16:20:11.612+0700] {processor.py:186} INFO - Started process (PID=31842) to work on /home/dataengineer/.pyenv/versions/3.9.21/lib/python3.9/site-packages/airflow/example_dags/example_sensor_decorator.py
[2025-02-16T16:20:11.613+0700] {processor.py:914} INFO - Processing file /home/dataengineer/.pyenv/versions/3.9.21/lib/python3.9/site-packages/airflow/example_dags/example_sensor_decorator.py for tasks to queue
[2025-02-16T16:20:11.614+0700] {logging_mixin.py:190} INFO - [2025-02-16T16:20:11.614+0700] {dagbag.py:588} INFO - Filling up the DagBag from /home/dataengineer/.pyenv/versions/3.9.21/lib/python3.9/site-packages/airflow/example_dags/example_sensor_decorator.py
[2025-02-16T16:20:11.623+0700] {processor.py:925} INFO - DAG(s) 'example_sensor_decorator' retrieved from /home/dataengineer/.pyenv/versions/3.9.21/lib/python3.9/site-packages/airflow/example_dags/example_sensor_decorator.py
[2025-02-16T16:20:11.640+0700] {logging_mixin.py:190} INFO - [2025-02-16T16:20:11.640+0700] {dag.py:3239} INFO - Sync 1 DAGs
[2025-02-16T16:20:11.654+0700] {logging_mixin.py:190} INFO - [2025-02-16T16:20:11.654+0700] {dag.py:4180} INFO - Setting next_dagrun for example_sensor_decorator to None, run_after=None
[2025-02-16T16:20:11.679+0700] {processor.py:208} INFO - Processing /home/dataengineer/.pyenv/versions/3.9.21/lib/python3.9/site-packages/airflow/example_dags/example_sensor_decorator.py took 0.072 seconds
[2025-02-16T16:21:22.038+0700] {processor.py:186} INFO - Started process (PID=32138) to work on /home/dataengineer/.pyenv/versions/3.9.21/lib/python3.9/site-packages/airflow/example_dags/example_sensor_decorator.py
[2025-02-16T16:21:22.039+0700] {processor.py:914} INFO - Processing file /home/dataengineer/.pyenv/versions/3.9.21/lib/python3.9/site-packages/airflow/example_dags/example_sensor_decorator.py for tasks to queue
[2025-02-16T16:21:22.040+0700] {logging_mixin.py:190} INFO - [2025-02-16T16:21:22.040+0700] {dagbag.py:588} INFO - Filling up the DagBag from /home/dataengineer/.pyenv/versions/3.9.21/lib/python3.9/site-packages/airflow/example_dags/example_sensor_decorator.py
[2025-02-16T16:21:22.048+0700] {processor.py:925} INFO - DAG(s) 'example_sensor_decorator' retrieved from /home/dataengineer/.pyenv/versions/3.9.21/lib/python3.9/site-packages/airflow/example_dags/example_sensor_decorator.py
[2025-02-16T16:21:22.062+0700] {logging_mixin.py:190} INFO - [2025-02-16T16:21:22.062+0700] {dag.py:3239} INFO - Sync 1 DAGs
[2025-02-16T16:21:22.075+0700] {logging_mixin.py:190} INFO - [2025-02-16T16:21:22.075+0700] {dag.py:4180} INFO - Setting next_dagrun for example_sensor_decorator to None, run_after=None
[2025-02-16T16:21:22.095+0700] {processor.py:208} INFO - Processing /home/dataengineer/.pyenv/versions/3.9.21/lib/python3.9/site-packages/airflow/example_dags/example_sensor_decorator.py took 0.063 seconds
[2025-02-16T16:22:10.369+0700] {processor.py:186} INFO - Started process (PID=32345) to work on /home/dataengineer/.pyenv/versions/3.9.21/lib/python3.9/site-packages/airflow/example_dags/example_sensor_decorator.py
[2025-02-16T16:22:10.370+0700] {processor.py:914} INFO - Processing file /home/dataengineer/.pyenv/versions/3.9.21/lib/python3.9/site-packages/airflow/example_dags/example_sensor_decorator.py for tasks to queue
[2025-02-16T16:22:10.371+0700] {logging_mixin.py:190} INFO - [2025-02-16T16:22:10.371+0700] {dagbag.py:588} INFO - Filling up the DagBag from /home/dataengineer/.pyenv/versions/3.9.21/lib/python3.9/site-packages/airflow/example_dags/example_sensor_decorator.py
[2025-02-16T16:22:10.379+0700] {processor.py:925} INFO - DAG(s) 'example_sensor_decorator' retrieved from /home/dataengineer/.pyenv/versions/3.9.21/lib/python3.9/site-packages/airflow/example_dags/example_sensor_decorator.py
[2025-02-16T16:22:10.393+0700] {logging_mixin.py:190} INFO - [2025-02-16T16:22:10.393+0700] {dag.py:3239} INFO - Sync 1 DAGs
[2025-02-16T16:22:10.406+0700] {logging_mixin.py:190} INFO - [2025-02-16T16:22:10.405+0700] {dag.py:4180} INFO - Setting next_dagrun for example_sensor_decorator to None, run_after=None
[2025-02-16T16:22:10.426+0700] {processor.py:208} INFO - Processing /home/dataengineer/.pyenv/versions/3.9.21/lib/python3.9/site-packages/airflow/example_dags/example_sensor_decorator.py took 0.063 seconds
[2025-02-16T16:23:02.039+0700] {processor.py:186} INFO - Started process (PID=32557) to work on /home/dataengineer/.pyenv/versions/3.9.21/lib/python3.9/site-packages/airflow/example_dags/example_sensor_decorator.py
[2025-02-16T16:23:02.040+0700] {processor.py:914} INFO - Processing file /home/dataengineer/.pyenv/versions/3.9.21/lib/python3.9/site-packages/airflow/example_dags/example_sensor_decorator.py for tasks to queue
[2025-02-16T16:23:02.041+0700] {logging_mixin.py:190} INFO - [2025-02-16T16:23:02.041+0700] {dagbag.py:588} INFO - Filling up the DagBag from /home/dataengineer/.pyenv/versions/3.9.21/lib/python3.9/site-packages/airflow/example_dags/example_sensor_decorator.py
[2025-02-16T16:23:02.049+0700] {processor.py:925} INFO - DAG(s) 'example_sensor_decorator' retrieved from /home/dataengineer/.pyenv/versions/3.9.21/lib/python3.9/site-packages/airflow/example_dags/example_sensor_decorator.py
[2025-02-16T16:23:02.063+0700] {logging_mixin.py:190} INFO - [2025-02-16T16:23:02.063+0700] {dag.py:3239} INFO - Sync 1 DAGs
[2025-02-16T16:23:02.076+0700] {logging_mixin.py:190} INFO - [2025-02-16T16:23:02.076+0700] {dag.py:4180} INFO - Setting next_dagrun for example_sensor_decorator to None, run_after=None
[2025-02-16T16:23:02.097+0700] {processor.py:208} INFO - Processing /home/dataengineer/.pyenv/versions/3.9.21/lib/python3.9/site-packages/airflow/example_dags/example_sensor_decorator.py took 0.064 seconds
[2025-02-16T16:24:13.824+0700] {processor.py:186} INFO - Started process (PID=32861) to work on /home/dataengineer/.pyenv/versions/3.9.21/lib/python3.9/site-packages/airflow/example_dags/example_sensor_decorator.py
[2025-02-16T16:24:13.835+0700] {processor.py:914} INFO - Processing file /home/dataengineer/.pyenv/versions/3.9.21/lib/python3.9/site-packages/airflow/example_dags/example_sensor_decorator.py for tasks to queue
[2025-02-16T16:24:13.837+0700] {logging_mixin.py:190} INFO - [2025-02-16T16:24:13.836+0700] {dagbag.py:588} INFO - Filling up the DagBag from /home/dataengineer/.pyenv/versions/3.9.21/lib/python3.9/site-packages/airflow/example_dags/example_sensor_decorator.py
[2025-02-16T16:24:13.856+0700] {processor.py:925} INFO - DAG(s) 'example_sensor_decorator' retrieved from /home/dataengineer/.pyenv/versions/3.9.21/lib/python3.9/site-packages/airflow/example_dags/example_sensor_decorator.py
[2025-02-16T16:24:13.882+0700] {logging_mixin.py:190} INFO - [2025-02-16T16:24:13.882+0700] {dag.py:3239} INFO - Sync 1 DAGs
[2025-02-16T16:24:13.899+0700] {logging_mixin.py:190} INFO - [2025-02-16T16:24:13.898+0700] {dag.py:4180} INFO - Setting next_dagrun for example_sensor_decorator to None, run_after=None
[2025-02-16T16:24:13.926+0700] {processor.py:208} INFO - Processing /home/dataengineer/.pyenv/versions/3.9.21/lib/python3.9/site-packages/airflow/example_dags/example_sensor_decorator.py took 0.109 seconds
[2025-02-16T16:25:26.356+0700] {processor.py:186} INFO - Started process (PID=33161) to work on /home/dataengineer/.pyenv/versions/3.9.21/lib/python3.9/site-packages/airflow/example_dags/example_sensor_decorator.py
[2025-02-16T16:25:26.357+0700] {processor.py:914} INFO - Processing file /home/dataengineer/.pyenv/versions/3.9.21/lib/python3.9/site-packages/airflow/example_dags/example_sensor_decorator.py for tasks to queue
[2025-02-16T16:25:26.358+0700] {logging_mixin.py:190} INFO - [2025-02-16T16:25:26.358+0700] {dagbag.py:588} INFO - Filling up the DagBag from /home/dataengineer/.pyenv/versions/3.9.21/lib/python3.9/site-packages/airflow/example_dags/example_sensor_decorator.py
[2025-02-16T16:25:26.366+0700] {processor.py:925} INFO - DAG(s) 'example_sensor_decorator' retrieved from /home/dataengineer/.pyenv/versions/3.9.21/lib/python3.9/site-packages/airflow/example_dags/example_sensor_decorator.py
[2025-02-16T16:25:26.380+0700] {logging_mixin.py:190} INFO - [2025-02-16T16:25:26.380+0700] {dag.py:3239} INFO - Sync 1 DAGs
[2025-02-16T16:25:26.393+0700] {logging_mixin.py:190} INFO - [2025-02-16T16:25:26.393+0700] {dag.py:4180} INFO - Setting next_dagrun for example_sensor_decorator to None, run_after=None
[2025-02-16T16:25:26.413+0700] {processor.py:208} INFO - Processing /home/dataengineer/.pyenv/versions/3.9.21/lib/python3.9/site-packages/airflow/example_dags/example_sensor_decorator.py took 0.063 seconds
[2025-02-16T16:26:38.370+0700] {processor.py:186} INFO - Started process (PID=33466) to work on /home/dataengineer/.pyenv/versions/3.9.21/lib/python3.9/site-packages/airflow/example_dags/example_sensor_decorator.py
[2025-02-16T16:26:38.388+0700] {processor.py:914} INFO - Processing file /home/dataengineer/.pyenv/versions/3.9.21/lib/python3.9/site-packages/airflow/example_dags/example_sensor_decorator.py for tasks to queue
[2025-02-16T16:26:38.390+0700] {logging_mixin.py:190} INFO - [2025-02-16T16:26:38.390+0700] {dagbag.py:588} INFO - Filling up the DagBag from /home/dataengineer/.pyenv/versions/3.9.21/lib/python3.9/site-packages/airflow/example_dags/example_sensor_decorator.py
[2025-02-16T16:26:38.400+0700] {processor.py:925} INFO - DAG(s) 'example_sensor_decorator' retrieved from /home/dataengineer/.pyenv/versions/3.9.21/lib/python3.9/site-packages/airflow/example_dags/example_sensor_decorator.py
[2025-02-16T16:26:38.421+0700] {logging_mixin.py:190} INFO - [2025-02-16T16:26:38.421+0700] {dag.py:3239} INFO - Sync 1 DAGs
[2025-02-16T16:26:38.435+0700] {logging_mixin.py:190} INFO - [2025-02-16T16:26:38.435+0700] {dag.py:4180} INFO - Setting next_dagrun for example_sensor_decorator to None, run_after=None
[2025-02-16T16:26:38.457+0700] {processor.py:208} INFO - Processing /home/dataengineer/.pyenv/versions/3.9.21/lib/python3.9/site-packages/airflow/example_dags/example_sensor_decorator.py took 0.096 seconds
[2025-02-16T16:27:29.850+0700] {processor.py:186} INFO - Started process (PID=33679) to work on /home/dataengineer/.pyenv/versions/3.9.21/lib/python3.9/site-packages/airflow/example_dags/example_sensor_decorator.py
[2025-02-16T16:27:29.852+0700] {processor.py:914} INFO - Processing file /home/dataengineer/.pyenv/versions/3.9.21/lib/python3.9/site-packages/airflow/example_dags/example_sensor_decorator.py for tasks to queue
[2025-02-16T16:27:29.853+0700] {logging_mixin.py:190} INFO - [2025-02-16T16:27:29.853+0700] {dagbag.py:588} INFO - Filling up the DagBag from /home/dataengineer/.pyenv/versions/3.9.21/lib/python3.9/site-packages/airflow/example_dags/example_sensor_decorator.py
[2025-02-16T16:27:29.862+0700] {processor.py:925} INFO - DAG(s) 'example_sensor_decorator' retrieved from /home/dataengineer/.pyenv/versions/3.9.21/lib/python3.9/site-packages/airflow/example_dags/example_sensor_decorator.py
[2025-02-16T16:27:29.879+0700] {logging_mixin.py:190} INFO - [2025-02-16T16:27:29.878+0700] {dag.py:3239} INFO - Sync 1 DAGs
[2025-02-16T16:27:29.893+0700] {logging_mixin.py:190} INFO - [2025-02-16T16:27:29.892+0700] {dag.py:4180} INFO - Setting next_dagrun for example_sensor_decorator to None, run_after=None
[2025-02-16T16:27:29.914+0700] {processor.py:208} INFO - Processing /home/dataengineer/.pyenv/versions/3.9.21/lib/python3.9/site-packages/airflow/example_dags/example_sensor_decorator.py took 0.071 seconds
[2025-02-16T16:28:42.277+0700] {processor.py:186} INFO - Started process (PID=33989) to work on /home/dataengineer/.pyenv/versions/3.9.21/lib/python3.9/site-packages/airflow/example_dags/example_sensor_decorator.py
[2025-02-16T16:28:42.278+0700] {processor.py:914} INFO - Processing file /home/dataengineer/.pyenv/versions/3.9.21/lib/python3.9/site-packages/airflow/example_dags/example_sensor_decorator.py for tasks to queue
[2025-02-16T16:28:42.279+0700] {logging_mixin.py:190} INFO - [2025-02-16T16:28:42.279+0700] {dagbag.py:588} INFO - Filling up the DagBag from /home/dataengineer/.pyenv/versions/3.9.21/lib/python3.9/site-packages/airflow/example_dags/example_sensor_decorator.py
[2025-02-16T16:28:42.288+0700] {processor.py:925} INFO - DAG(s) 'example_sensor_decorator' retrieved from /home/dataengineer/.pyenv/versions/3.9.21/lib/python3.9/site-packages/airflow/example_dags/example_sensor_decorator.py
[2025-02-16T16:28:42.302+0700] {logging_mixin.py:190} INFO - [2025-02-16T16:28:42.301+0700] {dag.py:3239} INFO - Sync 1 DAGs
[2025-02-16T16:28:42.315+0700] {logging_mixin.py:190} INFO - [2025-02-16T16:28:42.314+0700] {dag.py:4180} INFO - Setting next_dagrun for example_sensor_decorator to None, run_after=None
[2025-02-16T16:28:42.336+0700] {processor.py:208} INFO - Processing /home/dataengineer/.pyenv/versions/3.9.21/lib/python3.9/site-packages/airflow/example_dags/example_sensor_decorator.py took 0.065 seconds
[2025-02-16T16:29:58.786+0700] {processor.py:186} INFO - Started process (PID=34302) to work on /home/dataengineer/.pyenv/versions/3.9.21/lib/python3.9/site-packages/airflow/example_dags/example_sensor_decorator.py
[2025-02-16T16:29:58.787+0700] {processor.py:914} INFO - Processing file /home/dataengineer/.pyenv/versions/3.9.21/lib/python3.9/site-packages/airflow/example_dags/example_sensor_decorator.py for tasks to queue
[2025-02-16T16:29:58.788+0700] {logging_mixin.py:190} INFO - [2025-02-16T16:29:58.788+0700] {dagbag.py:588} INFO - Filling up the DagBag from /home/dataengineer/.pyenv/versions/3.9.21/lib/python3.9/site-packages/airflow/example_dags/example_sensor_decorator.py
[2025-02-16T16:29:58.797+0700] {processor.py:925} INFO - DAG(s) 'example_sensor_decorator' retrieved from /home/dataengineer/.pyenv/versions/3.9.21/lib/python3.9/site-packages/airflow/example_dags/example_sensor_decorator.py
[2025-02-16T16:29:58.812+0700] {logging_mixin.py:190} INFO - [2025-02-16T16:29:58.811+0700] {dag.py:3239} INFO - Sync 1 DAGs
[2025-02-16T16:29:58.825+0700] {logging_mixin.py:190} INFO - [2025-02-16T16:29:58.825+0700] {dag.py:4180} INFO - Setting next_dagrun for example_sensor_decorator to None, run_after=None
[2025-02-16T16:29:58.847+0700] {processor.py:208} INFO - Processing /home/dataengineer/.pyenv/versions/3.9.21/lib/python3.9/site-packages/airflow/example_dags/example_sensor_decorator.py took 0.067 seconds
[2025-02-16T16:31:12.788+0700] {processor.py:186} INFO - Started process (PID=34613) to work on /home/dataengineer/.pyenv/versions/3.9.21/lib/python3.9/site-packages/airflow/example_dags/example_sensor_decorator.py
[2025-02-16T16:31:12.789+0700] {processor.py:914} INFO - Processing file /home/dataengineer/.pyenv/versions/3.9.21/lib/python3.9/site-packages/airflow/example_dags/example_sensor_decorator.py for tasks to queue
[2025-02-16T16:31:12.790+0700] {logging_mixin.py:190} INFO - [2025-02-16T16:31:12.790+0700] {dagbag.py:588} INFO - Filling up the DagBag from /home/dataengineer/.pyenv/versions/3.9.21/lib/python3.9/site-packages/airflow/example_dags/example_sensor_decorator.py
[2025-02-16T16:31:12.799+0700] {processor.py:925} INFO - DAG(s) 'example_sensor_decorator' retrieved from /home/dataengineer/.pyenv/versions/3.9.21/lib/python3.9/site-packages/airflow/example_dags/example_sensor_decorator.py
[2025-02-16T16:31:12.814+0700] {logging_mixin.py:190} INFO - [2025-02-16T16:31:12.814+0700] {dag.py:3239} INFO - Sync 1 DAGs
[2025-02-16T16:31:12.827+0700] {logging_mixin.py:190} INFO - [2025-02-16T16:31:12.827+0700] {dag.py:4180} INFO - Setting next_dagrun for example_sensor_decorator to None, run_after=None
[2025-02-16T16:31:12.847+0700] {processor.py:208} INFO - Processing /home/dataengineer/.pyenv/versions/3.9.21/lib/python3.9/site-packages/airflow/example_dags/example_sensor_decorator.py took 0.065 seconds
[2025-02-16T16:32:23.534+0700] {processor.py:186} INFO - Started process (PID=34910) to work on /home/dataengineer/.pyenv/versions/3.9.21/lib/python3.9/site-packages/airflow/example_dags/example_sensor_decorator.py
[2025-02-16T16:32:23.535+0700] {processor.py:914} INFO - Processing file /home/dataengineer/.pyenv/versions/3.9.21/lib/python3.9/site-packages/airflow/example_dags/example_sensor_decorator.py for tasks to queue
[2025-02-16T16:32:23.537+0700] {logging_mixin.py:190} INFO - [2025-02-16T16:32:23.536+0700] {dagbag.py:588} INFO - Filling up the DagBag from /home/dataengineer/.pyenv/versions/3.9.21/lib/python3.9/site-packages/airflow/example_dags/example_sensor_decorator.py
[2025-02-16T16:32:23.546+0700] {processor.py:925} INFO - DAG(s) 'example_sensor_decorator' retrieved from /home/dataengineer/.pyenv/versions/3.9.21/lib/python3.9/site-packages/airflow/example_dags/example_sensor_decorator.py
[2025-02-16T16:32:23.560+0700] {logging_mixin.py:190} INFO - [2025-02-16T16:32:23.560+0700] {dag.py:3239} INFO - Sync 1 DAGs
[2025-02-16T16:32:23.574+0700] {logging_mixin.py:190} INFO - [2025-02-16T16:32:23.573+0700] {dag.py:4180} INFO - Setting next_dagrun for example_sensor_decorator to None, run_after=None
[2025-02-16T16:32:23.594+0700] {processor.py:208} INFO - Processing /home/dataengineer/.pyenv/versions/3.9.21/lib/python3.9/site-packages/airflow/example_dags/example_sensor_decorator.py took 0.066 seconds
[2025-02-16T16:33:15.587+0700] {processor.py:186} INFO - Started process (PID=35127) to work on /home/dataengineer/.pyenv/versions/3.9.21/lib/python3.9/site-packages/airflow/example_dags/example_sensor_decorator.py
[2025-02-16T16:33:15.588+0700] {processor.py:914} INFO - Processing file /home/dataengineer/.pyenv/versions/3.9.21/lib/python3.9/site-packages/airflow/example_dags/example_sensor_decorator.py for tasks to queue
[2025-02-16T16:33:15.589+0700] {logging_mixin.py:190} INFO - [2025-02-16T16:33:15.589+0700] {dagbag.py:588} INFO - Filling up the DagBag from /home/dataengineer/.pyenv/versions/3.9.21/lib/python3.9/site-packages/airflow/example_dags/example_sensor_decorator.py
[2025-02-16T16:33:15.597+0700] {processor.py:925} INFO - DAG(s) 'example_sensor_decorator' retrieved from /home/dataengineer/.pyenv/versions/3.9.21/lib/python3.9/site-packages/airflow/example_dags/example_sensor_decorator.py
[2025-02-16T16:33:15.610+0700] {logging_mixin.py:190} INFO - [2025-02-16T16:33:15.610+0700] {dag.py:3239} INFO - Sync 1 DAGs
[2025-02-16T16:33:15.622+0700] {logging_mixin.py:190} INFO - [2025-02-16T16:33:15.622+0700] {dag.py:4180} INFO - Setting next_dagrun for example_sensor_decorator to None, run_after=None
[2025-02-16T16:33:15.643+0700] {processor.py:208} INFO - Processing /home/dataengineer/.pyenv/versions/3.9.21/lib/python3.9/site-packages/airflow/example_dags/example_sensor_decorator.py took 0.061 seconds
[2025-02-16T16:34:29.180+0700] {processor.py:186} INFO - Started process (PID=35443) to work on /home/dataengineer/.pyenv/versions/3.9.21/lib/python3.9/site-packages/airflow/example_dags/example_sensor_decorator.py
[2025-02-16T16:34:29.181+0700] {processor.py:914} INFO - Processing file /home/dataengineer/.pyenv/versions/3.9.21/lib/python3.9/site-packages/airflow/example_dags/example_sensor_decorator.py for tasks to queue
[2025-02-16T16:34:29.183+0700] {logging_mixin.py:190} INFO - [2025-02-16T16:34:29.182+0700] {dagbag.py:588} INFO - Filling up the DagBag from /home/dataengineer/.pyenv/versions/3.9.21/lib/python3.9/site-packages/airflow/example_dags/example_sensor_decorator.py
[2025-02-16T16:34:29.191+0700] {processor.py:925} INFO - DAG(s) 'example_sensor_decorator' retrieved from /home/dataengineer/.pyenv/versions/3.9.21/lib/python3.9/site-packages/airflow/example_dags/example_sensor_decorator.py
[2025-02-16T16:34:29.204+0700] {logging_mixin.py:190} INFO - [2025-02-16T16:34:29.204+0700] {dag.py:3239} INFO - Sync 1 DAGs
[2025-02-16T16:34:29.217+0700] {logging_mixin.py:190} INFO - [2025-02-16T16:34:29.217+0700] {dag.py:4180} INFO - Setting next_dagrun for example_sensor_decorator to None, run_after=None
[2025-02-16T16:34:29.237+0700] {processor.py:208} INFO - Processing /home/dataengineer/.pyenv/versions/3.9.21/lib/python3.9/site-packages/airflow/example_dags/example_sensor_decorator.py took 0.063 seconds
[2025-02-16T16:35:44.738+0700] {processor.py:186} INFO - Started process (PID=35758) to work on /home/dataengineer/.pyenv/versions/3.9.21/lib/python3.9/site-packages/airflow/example_dags/example_sensor_decorator.py
[2025-02-16T16:35:44.739+0700] {processor.py:914} INFO - Processing file /home/dataengineer/.pyenv/versions/3.9.21/lib/python3.9/site-packages/airflow/example_dags/example_sensor_decorator.py for tasks to queue
[2025-02-16T16:35:44.741+0700] {logging_mixin.py:190} INFO - [2025-02-16T16:35:44.740+0700] {dagbag.py:588} INFO - Filling up the DagBag from /home/dataengineer/.pyenv/versions/3.9.21/lib/python3.9/site-packages/airflow/example_dags/example_sensor_decorator.py
[2025-02-16T16:35:44.750+0700] {processor.py:925} INFO - DAG(s) 'example_sensor_decorator' retrieved from /home/dataengineer/.pyenv/versions/3.9.21/lib/python3.9/site-packages/airflow/example_dags/example_sensor_decorator.py
[2025-02-16T16:35:44.766+0700] {logging_mixin.py:190} INFO - [2025-02-16T16:35:44.765+0700] {dag.py:3239} INFO - Sync 1 DAGs
[2025-02-16T16:35:44.779+0700] {logging_mixin.py:190} INFO - [2025-02-16T16:35:44.779+0700] {dag.py:4180} INFO - Setting next_dagrun for example_sensor_decorator to None, run_after=None
[2025-02-16T16:35:44.802+0700] {processor.py:208} INFO - Processing /home/dataengineer/.pyenv/versions/3.9.21/lib/python3.9/site-packages/airflow/example_dags/example_sensor_decorator.py took 0.071 seconds
[2025-02-16T16:37:07.074+0700] {processor.py:186} INFO - Started process (PID=36292) to work on /home/dataengineer/.pyenv/versions/3.9.21/lib/python3.9/site-packages/airflow/example_dags/example_sensor_decorator.py
[2025-02-16T16:37:07.076+0700] {processor.py:914} INFO - Processing file /home/dataengineer/.pyenv/versions/3.9.21/lib/python3.9/site-packages/airflow/example_dags/example_sensor_decorator.py for tasks to queue
[2025-02-16T16:37:07.077+0700] {logging_mixin.py:190} INFO - [2025-02-16T16:37:07.077+0700] {dagbag.py:588} INFO - Filling up the DagBag from /home/dataengineer/.pyenv/versions/3.9.21/lib/python3.9/site-packages/airflow/example_dags/example_sensor_decorator.py
[2025-02-16T16:37:07.085+0700] {processor.py:925} INFO - DAG(s) 'example_sensor_decorator' retrieved from /home/dataengineer/.pyenv/versions/3.9.21/lib/python3.9/site-packages/airflow/example_dags/example_sensor_decorator.py
[2025-02-16T16:37:07.099+0700] {logging_mixin.py:190} INFO - [2025-02-16T16:37:07.099+0700] {dag.py:3239} INFO - Sync 1 DAGs
[2025-02-16T16:37:07.112+0700] {logging_mixin.py:190} INFO - [2025-02-16T16:37:07.112+0700] {dag.py:4180} INFO - Setting next_dagrun for example_sensor_decorator to None, run_after=None
[2025-02-16T16:37:07.132+0700] {processor.py:208} INFO - Processing /home/dataengineer/.pyenv/versions/3.9.21/lib/python3.9/site-packages/airflow/example_dags/example_sensor_decorator.py took 0.063 seconds
[2025-02-16T16:38:02.606+0700] {processor.py:186} INFO - Started process (PID=36769) to work on /home/dataengineer/.pyenv/versions/3.9.21/lib/python3.9/site-packages/airflow/example_dags/example_sensor_decorator.py
[2025-02-16T16:38:02.608+0700] {processor.py:914} INFO - Processing file /home/dataengineer/.pyenv/versions/3.9.21/lib/python3.9/site-packages/airflow/example_dags/example_sensor_decorator.py for tasks to queue
[2025-02-16T16:38:02.609+0700] {logging_mixin.py:190} INFO - [2025-02-16T16:38:02.609+0700] {dagbag.py:588} INFO - Filling up the DagBag from /home/dataengineer/.pyenv/versions/3.9.21/lib/python3.9/site-packages/airflow/example_dags/example_sensor_decorator.py
[2025-02-16T16:38:02.618+0700] {processor.py:925} INFO - DAG(s) 'example_sensor_decorator' retrieved from /home/dataengineer/.pyenv/versions/3.9.21/lib/python3.9/site-packages/airflow/example_dags/example_sensor_decorator.py
[2025-02-16T16:38:02.634+0700] {logging_mixin.py:190} INFO - [2025-02-16T16:38:02.634+0700] {dag.py:3239} INFO - Sync 1 DAGs
[2025-02-16T16:38:02.647+0700] {logging_mixin.py:190} INFO - [2025-02-16T16:38:02.647+0700] {dag.py:4180} INFO - Setting next_dagrun for example_sensor_decorator to None, run_after=None
[2025-02-16T16:38:02.669+0700] {processor.py:208} INFO - Processing /home/dataengineer/.pyenv/versions/3.9.21/lib/python3.9/site-packages/airflow/example_dags/example_sensor_decorator.py took 0.069 seconds
[2025-02-16T16:39:17.302+0700] {processor.py:186} INFO - Started process (PID=37074) to work on /home/dataengineer/.pyenv/versions/3.9.21/lib/python3.9/site-packages/airflow/example_dags/example_sensor_decorator.py
[2025-02-16T16:39:17.303+0700] {processor.py:914} INFO - Processing file /home/dataengineer/.pyenv/versions/3.9.21/lib/python3.9/site-packages/airflow/example_dags/example_sensor_decorator.py for tasks to queue
[2025-02-16T16:39:17.305+0700] {logging_mixin.py:190} INFO - [2025-02-16T16:39:17.304+0700] {dagbag.py:588} INFO - Filling up the DagBag from /home/dataengineer/.pyenv/versions/3.9.21/lib/python3.9/site-packages/airflow/example_dags/example_sensor_decorator.py
[2025-02-16T16:39:17.313+0700] {processor.py:925} INFO - DAG(s) 'example_sensor_decorator' retrieved from /home/dataengineer/.pyenv/versions/3.9.21/lib/python3.9/site-packages/airflow/example_dags/example_sensor_decorator.py
[2025-02-16T16:39:17.328+0700] {logging_mixin.py:190} INFO - [2025-02-16T16:39:17.327+0700] {dag.py:3239} INFO - Sync 1 DAGs
[2025-02-16T16:39:17.341+0700] {logging_mixin.py:190} INFO - [2025-02-16T16:39:17.340+0700] {dag.py:4180} INFO - Setting next_dagrun for example_sensor_decorator to None, run_after=None
[2025-02-16T16:39:17.361+0700] {processor.py:208} INFO - Processing /home/dataengineer/.pyenv/versions/3.9.21/lib/python3.9/site-packages/airflow/example_dags/example_sensor_decorator.py took 0.066 seconds
[2025-02-16T16:40:31.124+0700] {processor.py:186} INFO - Started process (PID=37599) to work on /home/dataengineer/.pyenv/versions/3.9.21/lib/python3.9/site-packages/airflow/example_dags/example_sensor_decorator.py
[2025-02-16T16:40:31.125+0700] {processor.py:914} INFO - Processing file /home/dataengineer/.pyenv/versions/3.9.21/lib/python3.9/site-packages/airflow/example_dags/example_sensor_decorator.py for tasks to queue
[2025-02-16T16:40:31.127+0700] {logging_mixin.py:190} INFO - [2025-02-16T16:40:31.126+0700] {dagbag.py:588} INFO - Filling up the DagBag from /home/dataengineer/.pyenv/versions/3.9.21/lib/python3.9/site-packages/airflow/example_dags/example_sensor_decorator.py
[2025-02-16T16:40:31.136+0700] {processor.py:925} INFO - DAG(s) 'example_sensor_decorator' retrieved from /home/dataengineer/.pyenv/versions/3.9.21/lib/python3.9/site-packages/airflow/example_dags/example_sensor_decorator.py
[2025-02-16T16:40:31.149+0700] {logging_mixin.py:190} INFO - [2025-02-16T16:40:31.149+0700] {dag.py:3239} INFO - Sync 1 DAGs
[2025-02-16T16:40:31.163+0700] {logging_mixin.py:190} INFO - [2025-02-16T16:40:31.162+0700] {dag.py:4180} INFO - Setting next_dagrun for example_sensor_decorator to None, run_after=None
[2025-02-16T16:40:31.183+0700] {processor.py:208} INFO - Processing /home/dataengineer/.pyenv/versions/3.9.21/lib/python3.9/site-packages/airflow/example_dags/example_sensor_decorator.py took 0.065 seconds
[2025-02-16T16:41:44.617+0700] {processor.py:186} INFO - Started process (PID=37955) to work on /home/dataengineer/.pyenv/versions/3.9.21/lib/python3.9/site-packages/airflow/example_dags/example_sensor_decorator.py
[2025-02-16T16:41:44.618+0700] {processor.py:914} INFO - Processing file /home/dataengineer/.pyenv/versions/3.9.21/lib/python3.9/site-packages/airflow/example_dags/example_sensor_decorator.py for tasks to queue
[2025-02-16T16:41:44.620+0700] {logging_mixin.py:190} INFO - [2025-02-16T16:41:44.619+0700] {dagbag.py:588} INFO - Filling up the DagBag from /home/dataengineer/.pyenv/versions/3.9.21/lib/python3.9/site-packages/airflow/example_dags/example_sensor_decorator.py
[2025-02-16T16:41:44.628+0700] {processor.py:925} INFO - DAG(s) 'example_sensor_decorator' retrieved from /home/dataengineer/.pyenv/versions/3.9.21/lib/python3.9/site-packages/airflow/example_dags/example_sensor_decorator.py
[2025-02-16T16:41:44.642+0700] {logging_mixin.py:190} INFO - [2025-02-16T16:41:44.642+0700] {dag.py:3239} INFO - Sync 1 DAGs
[2025-02-16T16:41:44.655+0700] {logging_mixin.py:190} INFO - [2025-02-16T16:41:44.655+0700] {dag.py:4180} INFO - Setting next_dagrun for example_sensor_decorator to None, run_after=None
[2025-02-16T16:41:44.675+0700] {processor.py:208} INFO - Processing /home/dataengineer/.pyenv/versions/3.9.21/lib/python3.9/site-packages/airflow/example_dags/example_sensor_decorator.py took 0.063 seconds
[2025-02-16T16:42:57.589+0700] {processor.py:186} INFO - Started process (PID=38262) to work on /home/dataengineer/.pyenv/versions/3.9.21/lib/python3.9/site-packages/airflow/example_dags/example_sensor_decorator.py
[2025-02-16T16:42:57.590+0700] {processor.py:914} INFO - Processing file /home/dataengineer/.pyenv/versions/3.9.21/lib/python3.9/site-packages/airflow/example_dags/example_sensor_decorator.py for tasks to queue
[2025-02-16T16:42:57.592+0700] {logging_mixin.py:190} INFO - [2025-02-16T16:42:57.591+0700] {dagbag.py:588} INFO - Filling up the DagBag from /home/dataengineer/.pyenv/versions/3.9.21/lib/python3.9/site-packages/airflow/example_dags/example_sensor_decorator.py
[2025-02-16T16:42:57.601+0700] {processor.py:925} INFO - DAG(s) 'example_sensor_decorator' retrieved from /home/dataengineer/.pyenv/versions/3.9.21/lib/python3.9/site-packages/airflow/example_dags/example_sensor_decorator.py
[2025-02-16T16:42:57.617+0700] {logging_mixin.py:190} INFO - [2025-02-16T16:42:57.617+0700] {dag.py:3239} INFO - Sync 1 DAGs
[2025-02-16T16:42:57.630+0700] {logging_mixin.py:190} INFO - [2025-02-16T16:42:57.630+0700] {dag.py:4180} INFO - Setting next_dagrun for example_sensor_decorator to None, run_after=None
[2025-02-16T16:42:57.652+0700] {processor.py:208} INFO - Processing /home/dataengineer/.pyenv/versions/3.9.21/lib/python3.9/site-packages/airflow/example_dags/example_sensor_decorator.py took 0.070 seconds
[2025-02-16T16:44:06.491+0700] {processor.py:186} INFO - Started process (PID=38566) to work on /home/dataengineer/.pyenv/versions/3.9.21/lib/python3.9/site-packages/airflow/example_dags/example_sensor_decorator.py
[2025-02-16T16:44:06.492+0700] {processor.py:914} INFO - Processing file /home/dataengineer/.pyenv/versions/3.9.21/lib/python3.9/site-packages/airflow/example_dags/example_sensor_decorator.py for tasks to queue
[2025-02-16T16:44:06.494+0700] {logging_mixin.py:190} INFO - [2025-02-16T16:44:06.493+0700] {dagbag.py:588} INFO - Filling up the DagBag from /home/dataengineer/.pyenv/versions/3.9.21/lib/python3.9/site-packages/airflow/example_dags/example_sensor_decorator.py
[2025-02-16T16:44:06.502+0700] {processor.py:925} INFO - DAG(s) 'example_sensor_decorator' retrieved from /home/dataengineer/.pyenv/versions/3.9.21/lib/python3.9/site-packages/airflow/example_dags/example_sensor_decorator.py
[2025-02-16T16:44:06.517+0700] {logging_mixin.py:190} INFO - [2025-02-16T16:44:06.517+0700] {dag.py:3239} INFO - Sync 1 DAGs
[2025-02-16T16:44:06.529+0700] {logging_mixin.py:190} INFO - [2025-02-16T16:44:06.529+0700] {dag.py:4180} INFO - Setting next_dagrun for example_sensor_decorator to None, run_after=None
[2025-02-16T16:44:06.555+0700] {processor.py:208} INFO - Processing /home/dataengineer/.pyenv/versions/3.9.21/lib/python3.9/site-packages/airflow/example_dags/example_sensor_decorator.py took 0.070 seconds
[2025-02-16T16:45:16.951+0700] {processor.py:186} INFO - Started process (PID=38872) to work on /home/dataengineer/.pyenv/versions/3.9.21/lib/python3.9/site-packages/airflow/example_dags/example_sensor_decorator.py
[2025-02-16T16:45:16.952+0700] {processor.py:914} INFO - Processing file /home/dataengineer/.pyenv/versions/3.9.21/lib/python3.9/site-packages/airflow/example_dags/example_sensor_decorator.py for tasks to queue
[2025-02-16T16:45:16.954+0700] {logging_mixin.py:190} INFO - [2025-02-16T16:45:16.953+0700] {dagbag.py:588} INFO - Filling up the DagBag from /home/dataengineer/.pyenv/versions/3.9.21/lib/python3.9/site-packages/airflow/example_dags/example_sensor_decorator.py
[2025-02-16T16:45:16.962+0700] {processor.py:925} INFO - DAG(s) 'example_sensor_decorator' retrieved from /home/dataengineer/.pyenv/versions/3.9.21/lib/python3.9/site-packages/airflow/example_dags/example_sensor_decorator.py
[2025-02-16T16:45:16.976+0700] {logging_mixin.py:190} INFO - [2025-02-16T16:45:16.975+0700] {dag.py:3239} INFO - Sync 1 DAGs
[2025-02-16T16:45:16.989+0700] {logging_mixin.py:190} INFO - [2025-02-16T16:45:16.988+0700] {dag.py:4180} INFO - Setting next_dagrun for example_sensor_decorator to None, run_after=None
[2025-02-16T16:45:17.009+0700] {processor.py:208} INFO - Processing /home/dataengineer/.pyenv/versions/3.9.21/lib/python3.9/site-packages/airflow/example_dags/example_sensor_decorator.py took 0.064 seconds
[2025-02-16T16:46:26.727+0700] {processor.py:186} INFO - Started process (PID=39189) to work on /home/dataengineer/.pyenv/versions/3.9.21/lib/python3.9/site-packages/airflow/example_dags/example_sensor_decorator.py
[2025-02-16T16:46:26.728+0700] {processor.py:914} INFO - Processing file /home/dataengineer/.pyenv/versions/3.9.21/lib/python3.9/site-packages/airflow/example_dags/example_sensor_decorator.py for tasks to queue
[2025-02-16T16:46:26.729+0700] {logging_mixin.py:190} INFO - [2025-02-16T16:46:26.728+0700] {dagbag.py:588} INFO - Filling up the DagBag from /home/dataengineer/.pyenv/versions/3.9.21/lib/python3.9/site-packages/airflow/example_dags/example_sensor_decorator.py
[2025-02-16T16:46:26.737+0700] {processor.py:925} INFO - DAG(s) 'example_sensor_decorator' retrieved from /home/dataengineer/.pyenv/versions/3.9.21/lib/python3.9/site-packages/airflow/example_dags/example_sensor_decorator.py
[2025-02-16T16:46:26.750+0700] {logging_mixin.py:190} INFO - [2025-02-16T16:46:26.749+0700] {dag.py:3239} INFO - Sync 1 DAGs
[2025-02-16T16:46:26.762+0700] {logging_mixin.py:190} INFO - [2025-02-16T16:46:26.761+0700] {dag.py:4180} INFO - Setting next_dagrun for example_sensor_decorator to None, run_after=None
[2025-02-16T16:46:26.780+0700] {processor.py:208} INFO - Processing /home/dataengineer/.pyenv/versions/3.9.21/lib/python3.9/site-packages/airflow/example_dags/example_sensor_decorator.py took 0.059 seconds
[2025-02-16T16:47:36.459+0700] {processor.py:186} INFO - Started process (PID=39483) to work on /home/dataengineer/.pyenv/versions/3.9.21/lib/python3.9/site-packages/airflow/example_dags/example_sensor_decorator.py
[2025-02-16T16:47:36.460+0700] {processor.py:914} INFO - Processing file /home/dataengineer/.pyenv/versions/3.9.21/lib/python3.9/site-packages/airflow/example_dags/example_sensor_decorator.py for tasks to queue
[2025-02-16T16:47:36.462+0700] {logging_mixin.py:190} INFO - [2025-02-16T16:47:36.461+0700] {dagbag.py:588} INFO - Filling up the DagBag from /home/dataengineer/.pyenv/versions/3.9.21/lib/python3.9/site-packages/airflow/example_dags/example_sensor_decorator.py
[2025-02-16T16:47:36.472+0700] {processor.py:925} INFO - DAG(s) 'example_sensor_decorator' retrieved from /home/dataengineer/.pyenv/versions/3.9.21/lib/python3.9/site-packages/airflow/example_dags/example_sensor_decorator.py
[2025-02-16T16:47:36.490+0700] {logging_mixin.py:190} INFO - [2025-02-16T16:47:36.490+0700] {dag.py:3239} INFO - Sync 1 DAGs
[2025-02-16T16:47:36.505+0700] {logging_mixin.py:190} INFO - [2025-02-16T16:47:36.504+0700] {dag.py:4180} INFO - Setting next_dagrun for example_sensor_decorator to None, run_after=None
[2025-02-16T16:47:36.529+0700] {processor.py:208} INFO - Processing /home/dataengineer/.pyenv/versions/3.9.21/lib/python3.9/site-packages/airflow/example_dags/example_sensor_decorator.py took 0.077 seconds
[2025-02-16T16:48:47.014+0700] {processor.py:186} INFO - Started process (PID=39874) to work on /home/dataengineer/.pyenv/versions/3.9.21/lib/python3.9/site-packages/airflow/example_dags/example_sensor_decorator.py
[2025-02-16T16:48:47.015+0700] {processor.py:914} INFO - Processing file /home/dataengineer/.pyenv/versions/3.9.21/lib/python3.9/site-packages/airflow/example_dags/example_sensor_decorator.py for tasks to queue
[2025-02-16T16:48:47.016+0700] {logging_mixin.py:190} INFO - [2025-02-16T16:48:47.016+0700] {dagbag.py:588} INFO - Filling up the DagBag from /home/dataengineer/.pyenv/versions/3.9.21/lib/python3.9/site-packages/airflow/example_dags/example_sensor_decorator.py
[2025-02-16T16:48:47.025+0700] {processor.py:925} INFO - DAG(s) 'example_sensor_decorator' retrieved from /home/dataengineer/.pyenv/versions/3.9.21/lib/python3.9/site-packages/airflow/example_dags/example_sensor_decorator.py
[2025-02-16T16:48:47.039+0700] {logging_mixin.py:190} INFO - [2025-02-16T16:48:47.039+0700] {dag.py:3239} INFO - Sync 1 DAGs
[2025-02-16T16:48:47.052+0700] {logging_mixin.py:190} INFO - [2025-02-16T16:48:47.052+0700] {dag.py:4180} INFO - Setting next_dagrun for example_sensor_decorator to None, run_after=None
[2025-02-16T16:48:47.076+0700] {processor.py:208} INFO - Processing /home/dataengineer/.pyenv/versions/3.9.21/lib/python3.9/site-packages/airflow/example_dags/example_sensor_decorator.py took 0.069 seconds
[2025-02-16T16:50:01.151+0700] {processor.py:186} INFO - Started process (PID=40207) to work on /home/dataengineer/.pyenv/versions/3.9.21/lib/python3.9/site-packages/airflow/example_dags/example_sensor_decorator.py
[2025-02-16T16:50:01.152+0700] {processor.py:914} INFO - Processing file /home/dataengineer/.pyenv/versions/3.9.21/lib/python3.9/site-packages/airflow/example_dags/example_sensor_decorator.py for tasks to queue
[2025-02-16T16:50:01.154+0700] {logging_mixin.py:190} INFO - [2025-02-16T16:50:01.153+0700] {dagbag.py:588} INFO - Filling up the DagBag from /home/dataengineer/.pyenv/versions/3.9.21/lib/python3.9/site-packages/airflow/example_dags/example_sensor_decorator.py
[2025-02-16T16:50:01.163+0700] {processor.py:925} INFO - DAG(s) 'example_sensor_decorator' retrieved from /home/dataengineer/.pyenv/versions/3.9.21/lib/python3.9/site-packages/airflow/example_dags/example_sensor_decorator.py
[2025-02-16T16:50:01.180+0700] {logging_mixin.py:190} INFO - [2025-02-16T16:50:01.179+0700] {dag.py:3239} INFO - Sync 1 DAGs
[2025-02-16T16:50:01.193+0700] {logging_mixin.py:190} INFO - [2025-02-16T16:50:01.193+0700] {dag.py:4180} INFO - Setting next_dagrun for example_sensor_decorator to None, run_after=None
[2025-02-16T16:50:01.215+0700] {processor.py:208} INFO - Processing /home/dataengineer/.pyenv/versions/3.9.21/lib/python3.9/site-packages/airflow/example_dags/example_sensor_decorator.py took 0.070 seconds
[2025-02-16T16:50:52.984+0700] {processor.py:186} INFO - Started process (PID=40457) to work on /home/dataengineer/.pyenv/versions/3.9.21/lib/python3.9/site-packages/airflow/example_dags/example_sensor_decorator.py
[2025-02-16T16:50:52.985+0700] {processor.py:914} INFO - Processing file /home/dataengineer/.pyenv/versions/3.9.21/lib/python3.9/site-packages/airflow/example_dags/example_sensor_decorator.py for tasks to queue
[2025-02-16T16:50:52.986+0700] {logging_mixin.py:190} INFO - [2025-02-16T16:50:52.986+0700] {dagbag.py:588} INFO - Filling up the DagBag from /home/dataengineer/.pyenv/versions/3.9.21/lib/python3.9/site-packages/airflow/example_dags/example_sensor_decorator.py
[2025-02-16T16:50:52.995+0700] {processor.py:925} INFO - DAG(s) 'example_sensor_decorator' retrieved from /home/dataengineer/.pyenv/versions/3.9.21/lib/python3.9/site-packages/airflow/example_dags/example_sensor_decorator.py
[2025-02-16T16:50:53.009+0700] {logging_mixin.py:190} INFO - [2025-02-16T16:50:53.009+0700] {dag.py:3239} INFO - Sync 1 DAGs
[2025-02-16T16:50:53.022+0700] {logging_mixin.py:190} INFO - [2025-02-16T16:50:53.022+0700] {dag.py:4180} INFO - Setting next_dagrun for example_sensor_decorator to None, run_after=None
[2025-02-16T16:50:53.043+0700] {processor.py:208} INFO - Processing /home/dataengineer/.pyenv/versions/3.9.21/lib/python3.9/site-packages/airflow/example_dags/example_sensor_decorator.py took 0.065 seconds
[2025-02-16T16:52:01.841+0700] {processor.py:186} INFO - Started process (PID=40746) to work on /home/dataengineer/.pyenv/versions/3.9.21/lib/python3.9/site-packages/airflow/example_dags/example_sensor_decorator.py
[2025-02-16T16:52:01.843+0700] {processor.py:914} INFO - Processing file /home/dataengineer/.pyenv/versions/3.9.21/lib/python3.9/site-packages/airflow/example_dags/example_sensor_decorator.py for tasks to queue
[2025-02-16T16:52:01.844+0700] {logging_mixin.py:190} INFO - [2025-02-16T16:52:01.844+0700] {dagbag.py:588} INFO - Filling up the DagBag from /home/dataengineer/.pyenv/versions/3.9.21/lib/python3.9/site-packages/airflow/example_dags/example_sensor_decorator.py
[2025-02-16T16:52:01.853+0700] {processor.py:925} INFO - DAG(s) 'example_sensor_decorator' retrieved from /home/dataengineer/.pyenv/versions/3.9.21/lib/python3.9/site-packages/airflow/example_dags/example_sensor_decorator.py
[2025-02-16T16:52:01.867+0700] {logging_mixin.py:190} INFO - [2025-02-16T16:52:01.866+0700] {dag.py:3239} INFO - Sync 1 DAGs
[2025-02-16T16:52:01.880+0700] {logging_mixin.py:190} INFO - [2025-02-16T16:52:01.880+0700] {dag.py:4180} INFO - Setting next_dagrun for example_sensor_decorator to None, run_after=None
[2025-02-16T16:52:01.900+0700] {processor.py:208} INFO - Processing /home/dataengineer/.pyenv/versions/3.9.21/lib/python3.9/site-packages/airflow/example_dags/example_sensor_decorator.py took 0.064 seconds
[2025-02-16T16:53:15.478+0700] {processor.py:186} INFO - Started process (PID=41066) to work on /home/dataengineer/.pyenv/versions/3.9.21/lib/python3.9/site-packages/airflow/example_dags/example_sensor_decorator.py
[2025-02-16T16:53:15.479+0700] {processor.py:914} INFO - Processing file /home/dataengineer/.pyenv/versions/3.9.21/lib/python3.9/site-packages/airflow/example_dags/example_sensor_decorator.py for tasks to queue
[2025-02-16T16:53:15.481+0700] {logging_mixin.py:190} INFO - [2025-02-16T16:53:15.480+0700] {dagbag.py:588} INFO - Filling up the DagBag from /home/dataengineer/.pyenv/versions/3.9.21/lib/python3.9/site-packages/airflow/example_dags/example_sensor_decorator.py
[2025-02-16T16:53:15.493+0700] {processor.py:925} INFO - DAG(s) 'example_sensor_decorator' retrieved from /home/dataengineer/.pyenv/versions/3.9.21/lib/python3.9/site-packages/airflow/example_dags/example_sensor_decorator.py
[2025-02-16T16:53:15.513+0700] {logging_mixin.py:190} INFO - [2025-02-16T16:53:15.512+0700] {dag.py:3239} INFO - Sync 1 DAGs
[2025-02-16T16:53:15.530+0700] {logging_mixin.py:190} INFO - [2025-02-16T16:53:15.530+0700] {dag.py:4180} INFO - Setting next_dagrun for example_sensor_decorator to None, run_after=None
[2025-02-16T16:53:15.556+0700] {processor.py:208} INFO - Processing /home/dataengineer/.pyenv/versions/3.9.21/lib/python3.9/site-packages/airflow/example_dags/example_sensor_decorator.py took 0.086 seconds
[2025-02-16T16:54:07.846+0700] {processor.py:186} INFO - Started process (PID=41297) to work on /home/dataengineer/.pyenv/versions/3.9.21/lib/python3.9/site-packages/airflow/example_dags/example_sensor_decorator.py
[2025-02-16T16:54:07.847+0700] {processor.py:914} INFO - Processing file /home/dataengineer/.pyenv/versions/3.9.21/lib/python3.9/site-packages/airflow/example_dags/example_sensor_decorator.py for tasks to queue
[2025-02-16T16:54:07.849+0700] {logging_mixin.py:190} INFO - [2025-02-16T16:54:07.848+0700] {dagbag.py:588} INFO - Filling up the DagBag from /home/dataengineer/.pyenv/versions/3.9.21/lib/python3.9/site-packages/airflow/example_dags/example_sensor_decorator.py
[2025-02-16T16:54:07.859+0700] {processor.py:925} INFO - DAG(s) 'example_sensor_decorator' retrieved from /home/dataengineer/.pyenv/versions/3.9.21/lib/python3.9/site-packages/airflow/example_dags/example_sensor_decorator.py
[2025-02-16T16:54:07.873+0700] {logging_mixin.py:190} INFO - [2025-02-16T16:54:07.873+0700] {dag.py:3239} INFO - Sync 1 DAGs
[2025-02-16T16:54:07.888+0700] {logging_mixin.py:190} INFO - [2025-02-16T16:54:07.887+0700] {dag.py:4180} INFO - Setting next_dagrun for example_sensor_decorator to None, run_after=None
[2025-02-16T16:54:07.909+0700] {processor.py:208} INFO - Processing /home/dataengineer/.pyenv/versions/3.9.21/lib/python3.9/site-packages/airflow/example_dags/example_sensor_decorator.py took 0.070 seconds
[2025-02-16T16:55:20.525+0700] {processor.py:186} INFO - Started process (PID=41635) to work on /home/dataengineer/.pyenv/versions/3.9.21/lib/python3.9/site-packages/airflow/example_dags/example_sensor_decorator.py
[2025-02-16T16:55:20.526+0700] {processor.py:914} INFO - Processing file /home/dataengineer/.pyenv/versions/3.9.21/lib/python3.9/site-packages/airflow/example_dags/example_sensor_decorator.py for tasks to queue
[2025-02-16T16:55:20.528+0700] {logging_mixin.py:190} INFO - [2025-02-16T16:55:20.527+0700] {dagbag.py:588} INFO - Filling up the DagBag from /home/dataengineer/.pyenv/versions/3.9.21/lib/python3.9/site-packages/airflow/example_dags/example_sensor_decorator.py
[2025-02-16T16:55:20.536+0700] {processor.py:925} INFO - DAG(s) 'example_sensor_decorator' retrieved from /home/dataengineer/.pyenv/versions/3.9.21/lib/python3.9/site-packages/airflow/example_dags/example_sensor_decorator.py
[2025-02-16T16:55:20.551+0700] {logging_mixin.py:190} INFO - [2025-02-16T16:55:20.551+0700] {dag.py:3239} INFO - Sync 1 DAGs
[2025-02-16T16:55:20.564+0700] {logging_mixin.py:190} INFO - [2025-02-16T16:55:20.564+0700] {dag.py:4180} INFO - Setting next_dagrun for example_sensor_decorator to None, run_after=None
[2025-02-16T16:55:20.584+0700] {processor.py:208} INFO - Processing /home/dataengineer/.pyenv/versions/3.9.21/lib/python3.9/site-packages/airflow/example_dags/example_sensor_decorator.py took 0.065 seconds
[2025-02-16T16:56:10.869+0700] {processor.py:186} INFO - Started process (PID=41850) to work on /home/dataengineer/.pyenv/versions/3.9.21/lib/python3.9/site-packages/airflow/example_dags/example_sensor_decorator.py
[2025-02-16T16:56:10.871+0700] {processor.py:914} INFO - Processing file /home/dataengineer/.pyenv/versions/3.9.21/lib/python3.9/site-packages/airflow/example_dags/example_sensor_decorator.py for tasks to queue
[2025-02-16T16:56:10.872+0700] {logging_mixin.py:190} INFO - [2025-02-16T16:56:10.872+0700] {dagbag.py:588} INFO - Filling up the DagBag from /home/dataengineer/.pyenv/versions/3.9.21/lib/python3.9/site-packages/airflow/example_dags/example_sensor_decorator.py
[2025-02-16T16:56:10.881+0700] {processor.py:925} INFO - DAG(s) 'example_sensor_decorator' retrieved from /home/dataengineer/.pyenv/versions/3.9.21/lib/python3.9/site-packages/airflow/example_dags/example_sensor_decorator.py
[2025-02-16T16:56:10.897+0700] {logging_mixin.py:190} INFO - [2025-02-16T16:56:10.897+0700] {dag.py:3239} INFO - Sync 1 DAGs
[2025-02-16T16:56:10.911+0700] {logging_mixin.py:190} INFO - [2025-02-16T16:56:10.911+0700] {dag.py:4180} INFO - Setting next_dagrun for example_sensor_decorator to None, run_after=None
[2025-02-16T16:56:10.932+0700] {processor.py:208} INFO - Processing /home/dataengineer/.pyenv/versions/3.9.21/lib/python3.9/site-packages/airflow/example_dags/example_sensor_decorator.py took 0.070 seconds
[2025-02-16T16:57:18.319+0700] {processor.py:186} INFO - Started process (PID=42496) to work on /home/dataengineer/.pyenv/versions/3.9.21/lib/python3.9/site-packages/airflow/example_dags/example_sensor_decorator.py
[2025-02-16T16:57:18.320+0700] {processor.py:914} INFO - Processing file /home/dataengineer/.pyenv/versions/3.9.21/lib/python3.9/site-packages/airflow/example_dags/example_sensor_decorator.py for tasks to queue
[2025-02-16T16:57:18.321+0700] {logging_mixin.py:190} INFO - [2025-02-16T16:57:18.321+0700] {dagbag.py:588} INFO - Filling up the DagBag from /home/dataengineer/.pyenv/versions/3.9.21/lib/python3.9/site-packages/airflow/example_dags/example_sensor_decorator.py
[2025-02-16T16:57:18.330+0700] {processor.py:925} INFO - DAG(s) 'example_sensor_decorator' retrieved from /home/dataengineer/.pyenv/versions/3.9.21/lib/python3.9/site-packages/airflow/example_dags/example_sensor_decorator.py
[2025-02-16T16:57:18.345+0700] {logging_mixin.py:190} INFO - [2025-02-16T16:57:18.344+0700] {dag.py:3239} INFO - Sync 1 DAGs
[2025-02-16T16:57:18.358+0700] {logging_mixin.py:190} INFO - [2025-02-16T16:57:18.358+0700] {dag.py:4180} INFO - Setting next_dagrun for example_sensor_decorator to None, run_after=None
[2025-02-16T16:57:18.379+0700] {processor.py:208} INFO - Processing /home/dataengineer/.pyenv/versions/3.9.21/lib/python3.9/site-packages/airflow/example_dags/example_sensor_decorator.py took 0.066 seconds
[2025-02-16T16:58:32.477+0700] {processor.py:186} INFO - Started process (PID=43118) to work on /home/dataengineer/.pyenv/versions/3.9.21/lib/python3.9/site-packages/airflow/example_dags/example_sensor_decorator.py
[2025-02-16T16:58:32.478+0700] {processor.py:914} INFO - Processing file /home/dataengineer/.pyenv/versions/3.9.21/lib/python3.9/site-packages/airflow/example_dags/example_sensor_decorator.py for tasks to queue
[2025-02-16T16:58:32.479+0700] {logging_mixin.py:190} INFO - [2025-02-16T16:58:32.479+0700] {dagbag.py:588} INFO - Filling up the DagBag from /home/dataengineer/.pyenv/versions/3.9.21/lib/python3.9/site-packages/airflow/example_dags/example_sensor_decorator.py
[2025-02-16T16:58:32.488+0700] {processor.py:925} INFO - DAG(s) 'example_sensor_decorator' retrieved from /home/dataengineer/.pyenv/versions/3.9.21/lib/python3.9/site-packages/airflow/example_dags/example_sensor_decorator.py
[2025-02-16T16:58:32.503+0700] {logging_mixin.py:190} INFO - [2025-02-16T16:58:32.502+0700] {dag.py:3239} INFO - Sync 1 DAGs
[2025-02-16T16:58:32.516+0700] {logging_mixin.py:190} INFO - [2025-02-16T16:58:32.516+0700] {dag.py:4180} INFO - Setting next_dagrun for example_sensor_decorator to None, run_after=None
[2025-02-16T16:58:32.536+0700] {processor.py:208} INFO - Processing /home/dataengineer/.pyenv/versions/3.9.21/lib/python3.9/site-packages/airflow/example_dags/example_sensor_decorator.py took 0.065 seconds
[2025-02-16T16:59:26.477+0700] {processor.py:186} INFO - Started process (PID=43331) to work on /home/dataengineer/.pyenv/versions/3.9.21/lib/python3.9/site-packages/airflow/example_dags/example_sensor_decorator.py
[2025-02-16T16:59:26.478+0700] {processor.py:914} INFO - Processing file /home/dataengineer/.pyenv/versions/3.9.21/lib/python3.9/site-packages/airflow/example_dags/example_sensor_decorator.py for tasks to queue
[2025-02-16T16:59:26.480+0700] {logging_mixin.py:190} INFO - [2025-02-16T16:59:26.479+0700] {dagbag.py:588} INFO - Filling up the DagBag from /home/dataengineer/.pyenv/versions/3.9.21/lib/python3.9/site-packages/airflow/example_dags/example_sensor_decorator.py
[2025-02-16T16:59:26.490+0700] {processor.py:925} INFO - DAG(s) 'example_sensor_decorator' retrieved from /home/dataengineer/.pyenv/versions/3.9.21/lib/python3.9/site-packages/airflow/example_dags/example_sensor_decorator.py
[2025-02-16T16:59:26.514+0700] {logging_mixin.py:190} INFO - [2025-02-16T16:59:26.513+0700] {dag.py:3239} INFO - Sync 1 DAGs
[2025-02-16T16:59:26.533+0700] {logging_mixin.py:190} INFO - [2025-02-16T16:59:26.532+0700] {dag.py:4180} INFO - Setting next_dagrun for example_sensor_decorator to None, run_after=None
[2025-02-16T16:59:26.570+0700] {processor.py:208} INFO - Processing /home/dataengineer/.pyenv/versions/3.9.21/lib/python3.9/site-packages/airflow/example_dags/example_sensor_decorator.py took 0.100 seconds
