[2025-02-16T15:58:09.588+0700] {processor.py:186} INFO - Started process (PID=25586) to work on /home/dataengineer/.pyenv/versions/3.9.21/lib/python3.9/site-packages/airflow/example_dags/example_python_decorator.py
[2025-02-16T15:58:09.589+0700] {processor.py:914} INFO - Processing file /home/dataengineer/.pyenv/versions/3.9.21/lib/python3.9/site-packages/airflow/example_dags/example_python_decorator.py for tasks to queue
[2025-02-16T15:58:09.591+0700] {logging_mixin.py:190} INFO - [2025-02-16T15:58:09.590+0700] {dagbag.py:588} INFO - Filling up the DagBag from /home/dataengineer/.pyenv/versions/3.9.21/lib/python3.9/site-packages/airflow/example_dags/example_python_decorator.py
[2025-02-16T15:58:09.668+0700] {logging_mixin.py:190} INFO - [2025-02-16T15:58:09.668+0700] {example_python_decorator.py:80} WARNING - The virtalenv_python example task requires virtualenv, please install it.
[2025-02-16T15:58:09.670+0700] {processor.py:925} INFO - DAG(s) 'example_python_decorator' retrieved from /home/dataengineer/.pyenv/versions/3.9.21/lib/python3.9/site-packages/airflow/example_dags/example_python_decorator.py
[2025-02-16T15:58:09.687+0700] {logging_mixin.py:190} INFO - [2025-02-16T15:58:09.687+0700] {dag.py:3239} INFO - Sync 1 DAGs
[2025-02-16T15:58:09.699+0700] {logging_mixin.py:190} INFO - [2025-02-16T15:58:09.699+0700] {dag.py:4180} INFO - Setting next_dagrun for example_python_decorator to None, run_after=None
[2025-02-16T15:58:09.718+0700] {processor.py:208} INFO - Processing /home/dataengineer/.pyenv/versions/3.9.21/lib/python3.9/site-packages/airflow/example_dags/example_python_decorator.py took 0.135 seconds
[2025-02-16T15:59:26.077+0700] {processor.py:186} INFO - Started process (PID=25899) to work on /home/dataengineer/.pyenv/versions/3.9.21/lib/python3.9/site-packages/airflow/example_dags/example_python_decorator.py
[2025-02-16T15:59:26.079+0700] {processor.py:914} INFO - Processing file /home/dataengineer/.pyenv/versions/3.9.21/lib/python3.9/site-packages/airflow/example_dags/example_python_decorator.py for tasks to queue
[2025-02-16T15:59:26.081+0700] {logging_mixin.py:190} INFO - [2025-02-16T15:59:26.081+0700] {dagbag.py:588} INFO - Filling up the DagBag from /home/dataengineer/.pyenv/versions/3.9.21/lib/python3.9/site-packages/airflow/example_dags/example_python_decorator.py
[2025-02-16T15:59:26.168+0700] {logging_mixin.py:190} INFO - [2025-02-16T15:59:26.168+0700] {example_python_decorator.py:80} WARNING - The virtalenv_python example task requires virtualenv, please install it.
[2025-02-16T15:59:26.171+0700] {processor.py:925} INFO - DAG(s) 'example_python_decorator' retrieved from /home/dataengineer/.pyenv/versions/3.9.21/lib/python3.9/site-packages/airflow/example_dags/example_python_decorator.py
[2025-02-16T15:59:26.189+0700] {logging_mixin.py:190} INFO - [2025-02-16T15:59:26.189+0700] {dag.py:3239} INFO - Sync 1 DAGs
[2025-02-16T15:59:26.204+0700] {logging_mixin.py:190} INFO - [2025-02-16T15:59:26.204+0700] {dag.py:4180} INFO - Setting next_dagrun for example_python_decorator to None, run_after=None
[2025-02-16T15:59:26.227+0700] {processor.py:208} INFO - Processing /home/dataengineer/.pyenv/versions/3.9.21/lib/python3.9/site-packages/airflow/example_dags/example_python_decorator.py took 0.156 seconds
[2025-02-16T16:00:39.093+0700] {processor.py:186} INFO - Started process (PID=26287) to work on /home/dataengineer/.pyenv/versions/3.9.21/lib/python3.9/site-packages/airflow/example_dags/example_python_decorator.py
[2025-02-16T16:00:39.095+0700] {processor.py:914} INFO - Processing file /home/dataengineer/.pyenv/versions/3.9.21/lib/python3.9/site-packages/airflow/example_dags/example_python_decorator.py for tasks to queue
[2025-02-16T16:00:39.096+0700] {logging_mixin.py:190} INFO - [2025-02-16T16:00:39.096+0700] {dagbag.py:588} INFO - Filling up the DagBag from /home/dataengineer/.pyenv/versions/3.9.21/lib/python3.9/site-packages/airflow/example_dags/example_python_decorator.py
[2025-02-16T16:00:39.186+0700] {logging_mixin.py:190} INFO - [2025-02-16T16:00:39.186+0700] {example_python_decorator.py:80} WARNING - The virtalenv_python example task requires virtualenv, please install it.
[2025-02-16T16:00:39.188+0700] {processor.py:925} INFO - DAG(s) 'example_python_decorator' retrieved from /home/dataengineer/.pyenv/versions/3.9.21/lib/python3.9/site-packages/airflow/example_dags/example_python_decorator.py
[2025-02-16T16:00:39.207+0700] {logging_mixin.py:190} INFO - [2025-02-16T16:00:39.207+0700] {dag.py:3239} INFO - Sync 1 DAGs
[2025-02-16T16:00:39.220+0700] {logging_mixin.py:190} INFO - [2025-02-16T16:00:39.220+0700] {dag.py:4180} INFO - Setting next_dagrun for example_python_decorator to None, run_after=None
[2025-02-16T16:00:39.244+0700] {processor.py:208} INFO - Processing /home/dataengineer/.pyenv/versions/3.9.21/lib/python3.9/site-packages/airflow/example_dags/example_python_decorator.py took 0.156 seconds
[2025-02-16T16:02:00.450+0700] {processor.py:186} INFO - Started process (PID=26836) to work on /home/dataengineer/.pyenv/versions/3.9.21/lib/python3.9/site-packages/airflow/example_dags/example_python_decorator.py
[2025-02-16T16:02:00.452+0700] {processor.py:914} INFO - Processing file /home/dataengineer/.pyenv/versions/3.9.21/lib/python3.9/site-packages/airflow/example_dags/example_python_decorator.py for tasks to queue
[2025-02-16T16:02:00.453+0700] {logging_mixin.py:190} INFO - [2025-02-16T16:02:00.452+0700] {dagbag.py:588} INFO - Filling up the DagBag from /home/dataengineer/.pyenv/versions/3.9.21/lib/python3.9/site-packages/airflow/example_dags/example_python_decorator.py
[2025-02-16T16:02:00.533+0700] {logging_mixin.py:190} INFO - [2025-02-16T16:02:00.533+0700] {example_python_decorator.py:80} WARNING - The virtalenv_python example task requires virtualenv, please install it.
[2025-02-16T16:02:00.536+0700] {processor.py:925} INFO - DAG(s) 'example_python_decorator' retrieved from /home/dataengineer/.pyenv/versions/3.9.21/lib/python3.9/site-packages/airflow/example_dags/example_python_decorator.py
[2025-02-16T16:02:00.552+0700] {logging_mixin.py:190} INFO - [2025-02-16T16:02:00.552+0700] {dag.py:3239} INFO - Sync 1 DAGs
[2025-02-16T16:02:00.565+0700] {logging_mixin.py:190} INFO - [2025-02-16T16:02:00.565+0700] {dag.py:4180} INFO - Setting next_dagrun for example_python_decorator to None, run_after=None
[2025-02-16T16:02:00.587+0700] {processor.py:208} INFO - Processing /home/dataengineer/.pyenv/versions/3.9.21/lib/python3.9/site-packages/airflow/example_dags/example_python_decorator.py took 0.143 seconds
[2025-02-16T16:03:00.451+0700] {processor.py:186} INFO - Started process (PID=27228) to work on /home/dataengineer/.pyenv/versions/3.9.21/lib/python3.9/site-packages/airflow/example_dags/example_python_decorator.py
[2025-02-16T16:03:00.452+0700] {processor.py:914} INFO - Processing file /home/dataengineer/.pyenv/versions/3.9.21/lib/python3.9/site-packages/airflow/example_dags/example_python_decorator.py for tasks to queue
[2025-02-16T16:03:00.453+0700] {logging_mixin.py:190} INFO - [2025-02-16T16:03:00.453+0700] {dagbag.py:588} INFO - Filling up the DagBag from /home/dataengineer/.pyenv/versions/3.9.21/lib/python3.9/site-packages/airflow/example_dags/example_python_decorator.py
[2025-02-16T16:03:00.514+0700] {logging_mixin.py:190} INFO - [2025-02-16T16:03:00.514+0700] {example_python_decorator.py:80} WARNING - The virtalenv_python example task requires virtualenv, please install it.
[2025-02-16T16:03:00.516+0700] {processor.py:925} INFO - DAG(s) 'example_python_decorator' retrieved from /home/dataengineer/.pyenv/versions/3.9.21/lib/python3.9/site-packages/airflow/example_dags/example_python_decorator.py
[2025-02-16T16:03:00.531+0700] {logging_mixin.py:190} INFO - [2025-02-16T16:03:00.531+0700] {dag.py:3239} INFO - Sync 1 DAGs
[2025-02-16T16:03:00.543+0700] {logging_mixin.py:190} INFO - [2025-02-16T16:03:00.543+0700] {dag.py:4180} INFO - Setting next_dagrun for example_python_decorator to None, run_after=None
[2025-02-16T16:03:00.562+0700] {processor.py:208} INFO - Processing /home/dataengineer/.pyenv/versions/3.9.21/lib/python3.9/site-packages/airflow/example_dags/example_python_decorator.py took 0.117 seconds
[2025-02-16T16:04:09.834+0700] {processor.py:186} INFO - Started process (PID=27518) to work on /home/dataengineer/.pyenv/versions/3.9.21/lib/python3.9/site-packages/airflow/example_dags/example_python_decorator.py
[2025-02-16T16:04:09.836+0700] {processor.py:914} INFO - Processing file /home/dataengineer/.pyenv/versions/3.9.21/lib/python3.9/site-packages/airflow/example_dags/example_python_decorator.py for tasks to queue
[2025-02-16T16:04:09.837+0700] {logging_mixin.py:190} INFO - [2025-02-16T16:04:09.836+0700] {dagbag.py:588} INFO - Filling up the DagBag from /home/dataengineer/.pyenv/versions/3.9.21/lib/python3.9/site-packages/airflow/example_dags/example_python_decorator.py
[2025-02-16T16:04:09.916+0700] {logging_mixin.py:190} INFO - [2025-02-16T16:04:09.916+0700] {example_python_decorator.py:80} WARNING - The virtalenv_python example task requires virtualenv, please install it.
[2025-02-16T16:04:09.918+0700] {processor.py:925} INFO - DAG(s) 'example_python_decorator' retrieved from /home/dataengineer/.pyenv/versions/3.9.21/lib/python3.9/site-packages/airflow/example_dags/example_python_decorator.py
[2025-02-16T16:04:09.934+0700] {logging_mixin.py:190} INFO - [2025-02-16T16:04:09.934+0700] {dag.py:3239} INFO - Sync 1 DAGs
[2025-02-16T16:04:09.947+0700] {logging_mixin.py:190} INFO - [2025-02-16T16:04:09.947+0700] {dag.py:4180} INFO - Setting next_dagrun for example_python_decorator to None, run_after=None
[2025-02-16T16:04:09.968+0700] {processor.py:208} INFO - Processing /home/dataengineer/.pyenv/versions/3.9.21/lib/python3.9/site-packages/airflow/example_dags/example_python_decorator.py took 0.139 seconds
[2025-02-16T16:05:27.601+0700] {processor.py:186} INFO - Started process (PID=27846) to work on /home/dataengineer/.pyenv/versions/3.9.21/lib/python3.9/site-packages/airflow/example_dags/example_python_decorator.py
[2025-02-16T16:05:27.602+0700] {processor.py:914} INFO - Processing file /home/dataengineer/.pyenv/versions/3.9.21/lib/python3.9/site-packages/airflow/example_dags/example_python_decorator.py for tasks to queue
[2025-02-16T16:05:27.603+0700] {logging_mixin.py:190} INFO - [2025-02-16T16:05:27.603+0700] {dagbag.py:588} INFO - Filling up the DagBag from /home/dataengineer/.pyenv/versions/3.9.21/lib/python3.9/site-packages/airflow/example_dags/example_python_decorator.py
[2025-02-16T16:05:27.681+0700] {logging_mixin.py:190} INFO - [2025-02-16T16:05:27.680+0700] {example_python_decorator.py:80} WARNING - The virtalenv_python example task requires virtualenv, please install it.
[2025-02-16T16:05:27.683+0700] {processor.py:925} INFO - DAG(s) 'example_python_decorator' retrieved from /home/dataengineer/.pyenv/versions/3.9.21/lib/python3.9/site-packages/airflow/example_dags/example_python_decorator.py
[2025-02-16T16:05:27.698+0700] {logging_mixin.py:190} INFO - [2025-02-16T16:05:27.698+0700] {dag.py:3239} INFO - Sync 1 DAGs
[2025-02-16T16:05:27.711+0700] {logging_mixin.py:190} INFO - [2025-02-16T16:05:27.711+0700] {dag.py:4180} INFO - Setting next_dagrun for example_python_decorator to None, run_after=None
[2025-02-16T16:05:27.730+0700] {processor.py:208} INFO - Processing /home/dataengineer/.pyenv/versions/3.9.21/lib/python3.9/site-packages/airflow/example_dags/example_python_decorator.py took 0.135 seconds
[2025-02-16T16:06:42.126+0700] {processor.py:186} INFO - Started process (PID=28199) to work on /home/dataengineer/.pyenv/versions/3.9.21/lib/python3.9/site-packages/airflow/example_dags/example_python_decorator.py
[2025-02-16T16:06:42.127+0700] {processor.py:914} INFO - Processing file /home/dataengineer/.pyenv/versions/3.9.21/lib/python3.9/site-packages/airflow/example_dags/example_python_decorator.py for tasks to queue
[2025-02-16T16:06:42.128+0700] {logging_mixin.py:190} INFO - [2025-02-16T16:06:42.128+0700] {dagbag.py:588} INFO - Filling up the DagBag from /home/dataengineer/.pyenv/versions/3.9.21/lib/python3.9/site-packages/airflow/example_dags/example_python_decorator.py
[2025-02-16T16:06:42.205+0700] {logging_mixin.py:190} INFO - [2025-02-16T16:06:42.205+0700] {example_python_decorator.py:80} WARNING - The virtalenv_python example task requires virtualenv, please install it.
[2025-02-16T16:06:42.207+0700] {processor.py:925} INFO - DAG(s) 'example_python_decorator' retrieved from /home/dataengineer/.pyenv/versions/3.9.21/lib/python3.9/site-packages/airflow/example_dags/example_python_decorator.py
[2025-02-16T16:06:42.222+0700] {logging_mixin.py:190} INFO - [2025-02-16T16:06:42.222+0700] {dag.py:3239} INFO - Sync 1 DAGs
[2025-02-16T16:06:42.234+0700] {logging_mixin.py:190} INFO - [2025-02-16T16:06:42.234+0700] {dag.py:4180} INFO - Setting next_dagrun for example_python_decorator to None, run_after=None
[2025-02-16T16:06:42.253+0700] {processor.py:208} INFO - Processing /home/dataengineer/.pyenv/versions/3.9.21/lib/python3.9/site-packages/airflow/example_dags/example_python_decorator.py took 0.133 seconds
[2025-02-16T16:07:52.866+0700] {processor.py:186} INFO - Started process (PID=28625) to work on /home/dataengineer/.pyenv/versions/3.9.21/lib/python3.9/site-packages/airflow/example_dags/example_python_decorator.py
[2025-02-16T16:07:52.867+0700] {processor.py:914} INFO - Processing file /home/dataengineer/.pyenv/versions/3.9.21/lib/python3.9/site-packages/airflow/example_dags/example_python_decorator.py for tasks to queue
[2025-02-16T16:07:52.869+0700] {logging_mixin.py:190} INFO - [2025-02-16T16:07:52.868+0700] {dagbag.py:588} INFO - Filling up the DagBag from /home/dataengineer/.pyenv/versions/3.9.21/lib/python3.9/site-packages/airflow/example_dags/example_python_decorator.py
[2025-02-16T16:07:52.947+0700] {logging_mixin.py:190} INFO - [2025-02-16T16:07:52.947+0700] {example_python_decorator.py:80} WARNING - The virtalenv_python example task requires virtualenv, please install it.
[2025-02-16T16:07:52.949+0700] {processor.py:925} INFO - DAG(s) 'example_python_decorator' retrieved from /home/dataengineer/.pyenv/versions/3.9.21/lib/python3.9/site-packages/airflow/example_dags/example_python_decorator.py
[2025-02-16T16:07:52.965+0700] {logging_mixin.py:190} INFO - [2025-02-16T16:07:52.965+0700] {dag.py:3239} INFO - Sync 1 DAGs
[2025-02-16T16:07:52.978+0700] {logging_mixin.py:190} INFO - [2025-02-16T16:07:52.977+0700] {dag.py:4180} INFO - Setting next_dagrun for example_python_decorator to None, run_after=None
[2025-02-16T16:07:52.997+0700] {processor.py:208} INFO - Processing /home/dataengineer/.pyenv/versions/3.9.21/lib/python3.9/site-packages/airflow/example_dags/example_python_decorator.py took 0.136 seconds
[2025-02-16T16:09:03.775+0700] {processor.py:186} INFO - Started process (PID=28966) to work on /home/dataengineer/.pyenv/versions/3.9.21/lib/python3.9/site-packages/airflow/example_dags/example_python_decorator.py
[2025-02-16T16:09:03.776+0700] {processor.py:914} INFO - Processing file /home/dataengineer/.pyenv/versions/3.9.21/lib/python3.9/site-packages/airflow/example_dags/example_python_decorator.py for tasks to queue
[2025-02-16T16:09:03.778+0700] {logging_mixin.py:190} INFO - [2025-02-16T16:09:03.777+0700] {dagbag.py:588} INFO - Filling up the DagBag from /home/dataengineer/.pyenv/versions/3.9.21/lib/python3.9/site-packages/airflow/example_dags/example_python_decorator.py
[2025-02-16T16:09:03.857+0700] {logging_mixin.py:190} INFO - [2025-02-16T16:09:03.857+0700] {example_python_decorator.py:80} WARNING - The virtalenv_python example task requires virtualenv, please install it.
[2025-02-16T16:09:03.859+0700] {processor.py:925} INFO - DAG(s) 'example_python_decorator' retrieved from /home/dataengineer/.pyenv/versions/3.9.21/lib/python3.9/site-packages/airflow/example_dags/example_python_decorator.py
[2025-02-16T16:09:03.875+0700] {logging_mixin.py:190} INFO - [2025-02-16T16:09:03.875+0700] {dag.py:3239} INFO - Sync 1 DAGs
[2025-02-16T16:09:03.888+0700] {logging_mixin.py:190} INFO - [2025-02-16T16:09:03.888+0700] {dag.py:4180} INFO - Setting next_dagrun for example_python_decorator to None, run_after=None
[2025-02-16T16:09:03.908+0700] {processor.py:208} INFO - Processing /home/dataengineer/.pyenv/versions/3.9.21/lib/python3.9/site-packages/airflow/example_dags/example_python_decorator.py took 0.138 seconds
[2025-02-16T16:10:21.680+0700] {processor.py:186} INFO - Started process (PID=29369) to work on /home/dataengineer/.pyenv/versions/3.9.21/lib/python3.9/site-packages/airflow/example_dags/example_python_decorator.py
[2025-02-16T16:10:21.681+0700] {processor.py:914} INFO - Processing file /home/dataengineer/.pyenv/versions/3.9.21/lib/python3.9/site-packages/airflow/example_dags/example_python_decorator.py for tasks to queue
[2025-02-16T16:10:21.683+0700] {logging_mixin.py:190} INFO - [2025-02-16T16:10:21.682+0700] {dagbag.py:588} INFO - Filling up the DagBag from /home/dataengineer/.pyenv/versions/3.9.21/lib/python3.9/site-packages/airflow/example_dags/example_python_decorator.py
[2025-02-16T16:10:21.747+0700] {logging_mixin.py:190} INFO - [2025-02-16T16:10:21.747+0700] {example_python_decorator.py:80} WARNING - The virtalenv_python example task requires virtualenv, please install it.
[2025-02-16T16:10:21.749+0700] {processor.py:925} INFO - DAG(s) 'example_python_decorator' retrieved from /home/dataengineer/.pyenv/versions/3.9.21/lib/python3.9/site-packages/airflow/example_dags/example_python_decorator.py
[2025-02-16T16:10:21.765+0700] {logging_mixin.py:190} INFO - [2025-02-16T16:10:21.765+0700] {dag.py:3239} INFO - Sync 1 DAGs
[2025-02-16T16:10:21.778+0700] {logging_mixin.py:190} INFO - [2025-02-16T16:10:21.778+0700] {dag.py:4180} INFO - Setting next_dagrun for example_python_decorator to None, run_after=None
[2025-02-16T16:10:21.797+0700] {processor.py:208} INFO - Processing /home/dataengineer/.pyenv/versions/3.9.21/lib/python3.9/site-packages/airflow/example_dags/example_python_decorator.py took 0.123 seconds
[2025-02-16T16:11:28.123+0700] {processor.py:186} INFO - Started process (PID=29663) to work on /home/dataengineer/.pyenv/versions/3.9.21/lib/python3.9/site-packages/airflow/example_dags/example_python_decorator.py
[2025-02-16T16:11:28.125+0700] {processor.py:914} INFO - Processing file /home/dataengineer/.pyenv/versions/3.9.21/lib/python3.9/site-packages/airflow/example_dags/example_python_decorator.py for tasks to queue
[2025-02-16T16:11:28.126+0700] {logging_mixin.py:190} INFO - [2025-02-16T16:11:28.126+0700] {dagbag.py:588} INFO - Filling up the DagBag from /home/dataengineer/.pyenv/versions/3.9.21/lib/python3.9/site-packages/airflow/example_dags/example_python_decorator.py
[2025-02-16T16:11:28.209+0700] {logging_mixin.py:190} INFO - [2025-02-16T16:11:28.209+0700] {example_python_decorator.py:80} WARNING - The virtalenv_python example task requires virtualenv, please install it.
[2025-02-16T16:11:28.212+0700] {processor.py:925} INFO - DAG(s) 'example_python_decorator' retrieved from /home/dataengineer/.pyenv/versions/3.9.21/lib/python3.9/site-packages/airflow/example_dags/example_python_decorator.py
[2025-02-16T16:11:28.228+0700] {logging_mixin.py:190} INFO - [2025-02-16T16:11:28.227+0700] {dag.py:3239} INFO - Sync 1 DAGs
[2025-02-16T16:11:28.240+0700] {logging_mixin.py:190} INFO - [2025-02-16T16:11:28.240+0700] {dag.py:4180} INFO - Setting next_dagrun for example_python_decorator to None, run_after=None
[2025-02-16T16:11:28.261+0700] {processor.py:208} INFO - Processing /home/dataengineer/.pyenv/versions/3.9.21/lib/python3.9/site-packages/airflow/example_dags/example_python_decorator.py took 0.144 seconds
[2025-02-16T16:12:44.170+0700] {processor.py:186} INFO - Started process (PID=29973) to work on /home/dataengineer/.pyenv/versions/3.9.21/lib/python3.9/site-packages/airflow/example_dags/example_python_decorator.py
[2025-02-16T16:12:44.172+0700] {processor.py:914} INFO - Processing file /home/dataengineer/.pyenv/versions/3.9.21/lib/python3.9/site-packages/airflow/example_dags/example_python_decorator.py for tasks to queue
[2025-02-16T16:12:44.173+0700] {logging_mixin.py:190} INFO - [2025-02-16T16:12:44.172+0700] {dagbag.py:588} INFO - Filling up the DagBag from /home/dataengineer/.pyenv/versions/3.9.21/lib/python3.9/site-packages/airflow/example_dags/example_python_decorator.py
[2025-02-16T16:12:44.257+0700] {logging_mixin.py:190} INFO - [2025-02-16T16:12:44.257+0700] {example_python_decorator.py:80} WARNING - The virtalenv_python example task requires virtualenv, please install it.
[2025-02-16T16:12:44.259+0700] {processor.py:925} INFO - DAG(s) 'example_python_decorator' retrieved from /home/dataengineer/.pyenv/versions/3.9.21/lib/python3.9/site-packages/airflow/example_dags/example_python_decorator.py
[2025-02-16T16:12:44.275+0700] {logging_mixin.py:190} INFO - [2025-02-16T16:12:44.275+0700] {dag.py:3239} INFO - Sync 1 DAGs
[2025-02-16T16:12:44.287+0700] {logging_mixin.py:190} INFO - [2025-02-16T16:12:44.287+0700] {dag.py:4180} INFO - Setting next_dagrun for example_python_decorator to None, run_after=None
[2025-02-16T16:12:44.307+0700] {processor.py:208} INFO - Processing /home/dataengineer/.pyenv/versions/3.9.21/lib/python3.9/site-packages/airflow/example_dags/example_python_decorator.py took 0.142 seconds
[2025-02-16T16:13:59.196+0700] {processor.py:186} INFO - Started process (PID=30286) to work on /home/dataengineer/.pyenv/versions/3.9.21/lib/python3.9/site-packages/airflow/example_dags/example_python_decorator.py
[2025-02-16T16:13:59.197+0700] {processor.py:914} INFO - Processing file /home/dataengineer/.pyenv/versions/3.9.21/lib/python3.9/site-packages/airflow/example_dags/example_python_decorator.py for tasks to queue
[2025-02-16T16:13:59.198+0700] {logging_mixin.py:190} INFO - [2025-02-16T16:13:59.198+0700] {dagbag.py:588} INFO - Filling up the DagBag from /home/dataengineer/.pyenv/versions/3.9.21/lib/python3.9/site-packages/airflow/example_dags/example_python_decorator.py
[2025-02-16T16:13:59.266+0700] {logging_mixin.py:190} INFO - [2025-02-16T16:13:59.266+0700] {example_python_decorator.py:80} WARNING - The virtalenv_python example task requires virtualenv, please install it.
[2025-02-16T16:13:59.268+0700] {processor.py:925} INFO - DAG(s) 'example_python_decorator' retrieved from /home/dataengineer/.pyenv/versions/3.9.21/lib/python3.9/site-packages/airflow/example_dags/example_python_decorator.py
[2025-02-16T16:13:59.286+0700] {logging_mixin.py:190} INFO - [2025-02-16T16:13:59.286+0700] {dag.py:3239} INFO - Sync 1 DAGs
[2025-02-16T16:13:59.300+0700] {logging_mixin.py:190} INFO - [2025-02-16T16:13:59.300+0700] {dag.py:4180} INFO - Setting next_dagrun for example_python_decorator to None, run_after=None
[2025-02-16T16:13:59.322+0700] {processor.py:208} INFO - Processing /home/dataengineer/.pyenv/versions/3.9.21/lib/python3.9/site-packages/airflow/example_dags/example_python_decorator.py took 0.132 seconds
[2025-02-16T16:15:11.989+0700] {processor.py:186} INFO - Started process (PID=30594) to work on /home/dataengineer/.pyenv/versions/3.9.21/lib/python3.9/site-packages/airflow/example_dags/example_python_decorator.py
[2025-02-16T16:15:11.990+0700] {processor.py:914} INFO - Processing file /home/dataengineer/.pyenv/versions/3.9.21/lib/python3.9/site-packages/airflow/example_dags/example_python_decorator.py for tasks to queue
[2025-02-16T16:15:11.991+0700] {logging_mixin.py:190} INFO - [2025-02-16T16:15:11.991+0700] {dagbag.py:588} INFO - Filling up the DagBag from /home/dataengineer/.pyenv/versions/3.9.21/lib/python3.9/site-packages/airflow/example_dags/example_python_decorator.py
[2025-02-16T16:15:12.072+0700] {logging_mixin.py:190} INFO - [2025-02-16T16:15:12.072+0700] {example_python_decorator.py:80} WARNING - The virtalenv_python example task requires virtualenv, please install it.
[2025-02-16T16:15:12.075+0700] {processor.py:925} INFO - DAG(s) 'example_python_decorator' retrieved from /home/dataengineer/.pyenv/versions/3.9.21/lib/python3.9/site-packages/airflow/example_dags/example_python_decorator.py
[2025-02-16T16:15:12.091+0700] {logging_mixin.py:190} INFO - [2025-02-16T16:15:12.091+0700] {dag.py:3239} INFO - Sync 1 DAGs
[2025-02-16T16:15:12.103+0700] {logging_mixin.py:190} INFO - [2025-02-16T16:15:12.103+0700] {dag.py:4180} INFO - Setting next_dagrun for example_python_decorator to None, run_after=None
[2025-02-16T16:15:12.124+0700] {processor.py:208} INFO - Processing /home/dataengineer/.pyenv/versions/3.9.21/lib/python3.9/site-packages/airflow/example_dags/example_python_decorator.py took 0.140 seconds
[2025-02-16T16:16:28.451+0700] {processor.py:186} INFO - Started process (PID=30912) to work on /home/dataengineer/.pyenv/versions/3.9.21/lib/python3.9/site-packages/airflow/example_dags/example_python_decorator.py
[2025-02-16T16:16:28.452+0700] {processor.py:914} INFO - Processing file /home/dataengineer/.pyenv/versions/3.9.21/lib/python3.9/site-packages/airflow/example_dags/example_python_decorator.py for tasks to queue
[2025-02-16T16:16:28.453+0700] {logging_mixin.py:190} INFO - [2025-02-16T16:16:28.453+0700] {dagbag.py:588} INFO - Filling up the DagBag from /home/dataengineer/.pyenv/versions/3.9.21/lib/python3.9/site-packages/airflow/example_dags/example_python_decorator.py
[2025-02-16T16:16:28.541+0700] {logging_mixin.py:190} INFO - [2025-02-16T16:16:28.541+0700] {example_python_decorator.py:80} WARNING - The virtalenv_python example task requires virtualenv, please install it.
[2025-02-16T16:16:28.544+0700] {processor.py:925} INFO - DAG(s) 'example_python_decorator' retrieved from /home/dataengineer/.pyenv/versions/3.9.21/lib/python3.9/site-packages/airflow/example_dags/example_python_decorator.py
[2025-02-16T16:16:28.565+0700] {logging_mixin.py:190} INFO - [2025-02-16T16:16:28.565+0700] {dag.py:3239} INFO - Sync 1 DAGs
[2025-02-16T16:16:28.581+0700] {logging_mixin.py:190} INFO - [2025-02-16T16:16:28.581+0700] {dag.py:4180} INFO - Setting next_dagrun for example_python_decorator to None, run_after=None
[2025-02-16T16:16:28.606+0700] {processor.py:208} INFO - Processing /home/dataengineer/.pyenv/versions/3.9.21/lib/python3.9/site-packages/airflow/example_dags/example_python_decorator.py took 0.162 seconds
[2025-02-16T16:17:43.505+0700] {processor.py:186} INFO - Started process (PID=31226) to work on /home/dataengineer/.pyenv/versions/3.9.21/lib/python3.9/site-packages/airflow/example_dags/example_python_decorator.py
[2025-02-16T16:17:43.506+0700] {processor.py:914} INFO - Processing file /home/dataengineer/.pyenv/versions/3.9.21/lib/python3.9/site-packages/airflow/example_dags/example_python_decorator.py for tasks to queue
[2025-02-16T16:17:43.508+0700] {logging_mixin.py:190} INFO - [2025-02-16T16:17:43.507+0700] {dagbag.py:588} INFO - Filling up the DagBag from /home/dataengineer/.pyenv/versions/3.9.21/lib/python3.9/site-packages/airflow/example_dags/example_python_decorator.py
[2025-02-16T16:17:43.587+0700] {logging_mixin.py:190} INFO - [2025-02-16T16:17:43.587+0700] {example_python_decorator.py:80} WARNING - The virtalenv_python example task requires virtualenv, please install it.
[2025-02-16T16:17:43.589+0700] {processor.py:925} INFO - DAG(s) 'example_python_decorator' retrieved from /home/dataengineer/.pyenv/versions/3.9.21/lib/python3.9/site-packages/airflow/example_dags/example_python_decorator.py
[2025-02-16T16:17:43.606+0700] {logging_mixin.py:190} INFO - [2025-02-16T16:17:43.605+0700] {dag.py:3239} INFO - Sync 1 DAGs
[2025-02-16T16:17:43.618+0700] {logging_mixin.py:190} INFO - [2025-02-16T16:17:43.618+0700] {dag.py:4180} INFO - Setting next_dagrun for example_python_decorator to None, run_after=None
[2025-02-16T16:17:43.640+0700] {processor.py:208} INFO - Processing /home/dataengineer/.pyenv/versions/3.9.21/lib/python3.9/site-packages/airflow/example_dags/example_python_decorator.py took 0.142 seconds
[2025-02-16T16:19:01.391+0700] {processor.py:186} INFO - Started process (PID=31545) to work on /home/dataengineer/.pyenv/versions/3.9.21/lib/python3.9/site-packages/airflow/example_dags/example_python_decorator.py
[2025-02-16T16:19:01.392+0700] {processor.py:914} INFO - Processing file /home/dataengineer/.pyenv/versions/3.9.21/lib/python3.9/site-packages/airflow/example_dags/example_python_decorator.py for tasks to queue
[2025-02-16T16:19:01.393+0700] {logging_mixin.py:190} INFO - [2025-02-16T16:19:01.393+0700] {dagbag.py:588} INFO - Filling up the DagBag from /home/dataengineer/.pyenv/versions/3.9.21/lib/python3.9/site-packages/airflow/example_dags/example_python_decorator.py
[2025-02-16T16:19:01.472+0700] {logging_mixin.py:190} INFO - [2025-02-16T16:19:01.472+0700] {example_python_decorator.py:80} WARNING - The virtalenv_python example task requires virtualenv, please install it.
[2025-02-16T16:19:01.474+0700] {processor.py:925} INFO - DAG(s) 'example_python_decorator' retrieved from /home/dataengineer/.pyenv/versions/3.9.21/lib/python3.9/site-packages/airflow/example_dags/example_python_decorator.py
[2025-02-16T16:19:01.490+0700] {logging_mixin.py:190} INFO - [2025-02-16T16:19:01.490+0700] {dag.py:3239} INFO - Sync 1 DAGs
[2025-02-16T16:19:01.503+0700] {logging_mixin.py:190} INFO - [2025-02-16T16:19:01.503+0700] {dag.py:4180} INFO - Setting next_dagrun for example_python_decorator to None, run_after=None
[2025-02-16T16:19:01.523+0700] {processor.py:208} INFO - Processing /home/dataengineer/.pyenv/versions/3.9.21/lib/python3.9/site-packages/airflow/example_dags/example_python_decorator.py took 0.139 seconds
[2025-02-16T16:20:12.758+0700] {processor.py:186} INFO - Started process (PID=31852) to work on /home/dataengineer/.pyenv/versions/3.9.21/lib/python3.9/site-packages/airflow/example_dags/example_python_decorator.py
[2025-02-16T16:20:12.759+0700] {processor.py:914} INFO - Processing file /home/dataengineer/.pyenv/versions/3.9.21/lib/python3.9/site-packages/airflow/example_dags/example_python_decorator.py for tasks to queue
[2025-02-16T16:20:12.760+0700] {logging_mixin.py:190} INFO - [2025-02-16T16:20:12.760+0700] {dagbag.py:588} INFO - Filling up the DagBag from /home/dataengineer/.pyenv/versions/3.9.21/lib/python3.9/site-packages/airflow/example_dags/example_python_decorator.py
[2025-02-16T16:20:12.836+0700] {logging_mixin.py:190} INFO - [2025-02-16T16:20:12.836+0700] {example_python_decorator.py:80} WARNING - The virtalenv_python example task requires virtualenv, please install it.
[2025-02-16T16:20:12.839+0700] {processor.py:925} INFO - DAG(s) 'example_python_decorator' retrieved from /home/dataengineer/.pyenv/versions/3.9.21/lib/python3.9/site-packages/airflow/example_dags/example_python_decorator.py
[2025-02-16T16:20:12.855+0700] {logging_mixin.py:190} INFO - [2025-02-16T16:20:12.855+0700] {dag.py:3239} INFO - Sync 1 DAGs
[2025-02-16T16:20:12.869+0700] {logging_mixin.py:190} INFO - [2025-02-16T16:20:12.868+0700] {dag.py:4180} INFO - Setting next_dagrun for example_python_decorator to None, run_after=None
[2025-02-16T16:20:12.979+0700] {processor.py:208} INFO - Processing /home/dataengineer/.pyenv/versions/3.9.21/lib/python3.9/site-packages/airflow/example_dags/example_python_decorator.py took 0.227 seconds
[2025-02-16T16:21:26.033+0700] {processor.py:186} INFO - Started process (PID=32154) to work on /home/dataengineer/.pyenv/versions/3.9.21/lib/python3.9/site-packages/airflow/example_dags/example_python_decorator.py
[2025-02-16T16:21:26.035+0700] {processor.py:914} INFO - Processing file /home/dataengineer/.pyenv/versions/3.9.21/lib/python3.9/site-packages/airflow/example_dags/example_python_decorator.py for tasks to queue
[2025-02-16T16:21:26.036+0700] {logging_mixin.py:190} INFO - [2025-02-16T16:21:26.036+0700] {dagbag.py:588} INFO - Filling up the DagBag from /home/dataengineer/.pyenv/versions/3.9.21/lib/python3.9/site-packages/airflow/example_dags/example_python_decorator.py
[2025-02-16T16:21:26.121+0700] {logging_mixin.py:190} INFO - [2025-02-16T16:21:26.121+0700] {example_python_decorator.py:80} WARNING - The virtalenv_python example task requires virtualenv, please install it.
[2025-02-16T16:21:26.123+0700] {processor.py:925} INFO - DAG(s) 'example_python_decorator' retrieved from /home/dataengineer/.pyenv/versions/3.9.21/lib/python3.9/site-packages/airflow/example_dags/example_python_decorator.py
[2025-02-16T16:21:26.139+0700] {logging_mixin.py:190} INFO - [2025-02-16T16:21:26.139+0700] {dag.py:3239} INFO - Sync 1 DAGs
[2025-02-16T16:21:26.152+0700] {logging_mixin.py:190} INFO - [2025-02-16T16:21:26.152+0700] {dag.py:4180} INFO - Setting next_dagrun for example_python_decorator to None, run_after=None
[2025-02-16T16:21:26.172+0700] {processor.py:208} INFO - Processing /home/dataengineer/.pyenv/versions/3.9.21/lib/python3.9/site-packages/airflow/example_dags/example_python_decorator.py took 0.144 seconds
[2025-02-16T16:22:39.088+0700] {processor.py:186} INFO - Started process (PID=32462) to work on /home/dataengineer/.pyenv/versions/3.9.21/lib/python3.9/site-packages/airflow/example_dags/example_python_decorator.py
[2025-02-16T16:22:39.089+0700] {processor.py:914} INFO - Processing file /home/dataengineer/.pyenv/versions/3.9.21/lib/python3.9/site-packages/airflow/example_dags/example_python_decorator.py for tasks to queue
[2025-02-16T16:22:39.090+0700] {logging_mixin.py:190} INFO - [2025-02-16T16:22:39.090+0700] {dagbag.py:588} INFO - Filling up the DagBag from /home/dataengineer/.pyenv/versions/3.9.21/lib/python3.9/site-packages/airflow/example_dags/example_python_decorator.py
[2025-02-16T16:22:39.173+0700] {logging_mixin.py:190} INFO - [2025-02-16T16:22:39.172+0700] {example_python_decorator.py:80} WARNING - The virtalenv_python example task requires virtualenv, please install it.
[2025-02-16T16:22:39.175+0700] {processor.py:925} INFO - DAG(s) 'example_python_decorator' retrieved from /home/dataengineer/.pyenv/versions/3.9.21/lib/python3.9/site-packages/airflow/example_dags/example_python_decorator.py
[2025-02-16T16:22:39.192+0700] {logging_mixin.py:190} INFO - [2025-02-16T16:22:39.191+0700] {dag.py:3239} INFO - Sync 1 DAGs
[2025-02-16T16:22:39.205+0700] {logging_mixin.py:190} INFO - [2025-02-16T16:22:39.205+0700] {dag.py:4180} INFO - Setting next_dagrun for example_python_decorator to None, run_after=None
[2025-02-16T16:22:39.225+0700] {processor.py:208} INFO - Processing /home/dataengineer/.pyenv/versions/3.9.21/lib/python3.9/site-packages/airflow/example_dags/example_python_decorator.py took 0.143 seconds
[2025-02-16T16:23:53.119+0700] {processor.py:186} INFO - Started process (PID=32770) to work on /home/dataengineer/.pyenv/versions/3.9.21/lib/python3.9/site-packages/airflow/example_dags/example_python_decorator.py
[2025-02-16T16:23:53.120+0700] {processor.py:914} INFO - Processing file /home/dataengineer/.pyenv/versions/3.9.21/lib/python3.9/site-packages/airflow/example_dags/example_python_decorator.py for tasks to queue
[2025-02-16T16:23:53.121+0700] {logging_mixin.py:190} INFO - [2025-02-16T16:23:53.121+0700] {dagbag.py:588} INFO - Filling up the DagBag from /home/dataengineer/.pyenv/versions/3.9.21/lib/python3.9/site-packages/airflow/example_dags/example_python_decorator.py
[2025-02-16T16:23:53.200+0700] {logging_mixin.py:190} INFO - [2025-02-16T16:23:53.200+0700] {example_python_decorator.py:80} WARNING - The virtalenv_python example task requires virtualenv, please install it.
[2025-02-16T16:23:53.202+0700] {processor.py:925} INFO - DAG(s) 'example_python_decorator' retrieved from /home/dataengineer/.pyenv/versions/3.9.21/lib/python3.9/site-packages/airflow/example_dags/example_python_decorator.py
[2025-02-16T16:23:53.218+0700] {logging_mixin.py:190} INFO - [2025-02-16T16:23:53.218+0700] {dag.py:3239} INFO - Sync 1 DAGs
[2025-02-16T16:23:53.231+0700] {logging_mixin.py:190} INFO - [2025-02-16T16:23:53.231+0700] {dag.py:4180} INFO - Setting next_dagrun for example_python_decorator to None, run_after=None
[2025-02-16T16:23:53.251+0700] {processor.py:208} INFO - Processing /home/dataengineer/.pyenv/versions/3.9.21/lib/python3.9/site-packages/airflow/example_dags/example_python_decorator.py took 0.138 seconds
[2025-02-16T16:25:02.852+0700] {processor.py:186} INFO - Started process (PID=33063) to work on /home/dataengineer/.pyenv/versions/3.9.21/lib/python3.9/site-packages/airflow/example_dags/example_python_decorator.py
[2025-02-16T16:25:02.854+0700] {processor.py:914} INFO - Processing file /home/dataengineer/.pyenv/versions/3.9.21/lib/python3.9/site-packages/airflow/example_dags/example_python_decorator.py for tasks to queue
[2025-02-16T16:25:02.856+0700] {logging_mixin.py:190} INFO - [2025-02-16T16:25:02.855+0700] {dagbag.py:588} INFO - Filling up the DagBag from /home/dataengineer/.pyenv/versions/3.9.21/lib/python3.9/site-packages/airflow/example_dags/example_python_decorator.py
[2025-02-16T16:25:02.936+0700] {logging_mixin.py:190} INFO - [2025-02-16T16:25:02.936+0700] {example_python_decorator.py:80} WARNING - The virtalenv_python example task requires virtualenv, please install it.
[2025-02-16T16:25:02.938+0700] {processor.py:925} INFO - DAG(s) 'example_python_decorator' retrieved from /home/dataengineer/.pyenv/versions/3.9.21/lib/python3.9/site-packages/airflow/example_dags/example_python_decorator.py
[2025-02-16T16:25:02.954+0700] {logging_mixin.py:190} INFO - [2025-02-16T16:25:02.954+0700] {dag.py:3239} INFO - Sync 1 DAGs
[2025-02-16T16:25:02.968+0700] {logging_mixin.py:190} INFO - [2025-02-16T16:25:02.968+0700] {dag.py:4180} INFO - Setting next_dagrun for example_python_decorator to None, run_after=None
[2025-02-16T16:25:02.988+0700] {processor.py:208} INFO - Processing /home/dataengineer/.pyenv/versions/3.9.21/lib/python3.9/site-packages/airflow/example_dags/example_python_decorator.py took 0.142 seconds
[2025-02-16T16:26:18.089+0700] {processor.py:186} INFO - Started process (PID=33382) to work on /home/dataengineer/.pyenv/versions/3.9.21/lib/python3.9/site-packages/airflow/example_dags/example_python_decorator.py
[2025-02-16T16:26:18.091+0700] {processor.py:914} INFO - Processing file /home/dataengineer/.pyenv/versions/3.9.21/lib/python3.9/site-packages/airflow/example_dags/example_python_decorator.py for tasks to queue
[2025-02-16T16:26:18.092+0700] {logging_mixin.py:190} INFO - [2025-02-16T16:26:18.091+0700] {dagbag.py:588} INFO - Filling up the DagBag from /home/dataengineer/.pyenv/versions/3.9.21/lib/python3.9/site-packages/airflow/example_dags/example_python_decorator.py
[2025-02-16T16:26:18.168+0700] {logging_mixin.py:190} INFO - [2025-02-16T16:26:18.168+0700] {example_python_decorator.py:80} WARNING - The virtalenv_python example task requires virtualenv, please install it.
[2025-02-16T16:26:18.171+0700] {processor.py:925} INFO - DAG(s) 'example_python_decorator' retrieved from /home/dataengineer/.pyenv/versions/3.9.21/lib/python3.9/site-packages/airflow/example_dags/example_python_decorator.py
[2025-02-16T16:26:18.187+0700] {logging_mixin.py:190} INFO - [2025-02-16T16:26:18.186+0700] {dag.py:3239} INFO - Sync 1 DAGs
[2025-02-16T16:26:18.199+0700] {logging_mixin.py:190} INFO - [2025-02-16T16:26:18.199+0700] {dag.py:4180} INFO - Setting next_dagrun for example_python_decorator to None, run_after=None
[2025-02-16T16:26:18.219+0700] {processor.py:208} INFO - Processing /home/dataengineer/.pyenv/versions/3.9.21/lib/python3.9/site-packages/airflow/example_dags/example_python_decorator.py took 0.135 seconds
[2025-02-16T16:27:32.595+0700] {processor.py:186} INFO - Started process (PID=33694) to work on /home/dataengineer/.pyenv/versions/3.9.21/lib/python3.9/site-packages/airflow/example_dags/example_python_decorator.py
[2025-02-16T16:27:32.596+0700] {processor.py:914} INFO - Processing file /home/dataengineer/.pyenv/versions/3.9.21/lib/python3.9/site-packages/airflow/example_dags/example_python_decorator.py for tasks to queue
[2025-02-16T16:27:32.597+0700] {logging_mixin.py:190} INFO - [2025-02-16T16:27:32.597+0700] {dagbag.py:588} INFO - Filling up the DagBag from /home/dataengineer/.pyenv/versions/3.9.21/lib/python3.9/site-packages/airflow/example_dags/example_python_decorator.py
[2025-02-16T16:27:32.667+0700] {logging_mixin.py:190} INFO - [2025-02-16T16:27:32.667+0700] {example_python_decorator.py:80} WARNING - The virtalenv_python example task requires virtualenv, please install it.
[2025-02-16T16:27:32.669+0700] {processor.py:925} INFO - DAG(s) 'example_python_decorator' retrieved from /home/dataengineer/.pyenv/versions/3.9.21/lib/python3.9/site-packages/airflow/example_dags/example_python_decorator.py
[2025-02-16T16:27:32.685+0700] {logging_mixin.py:190} INFO - [2025-02-16T16:27:32.685+0700] {dag.py:3239} INFO - Sync 1 DAGs
[2025-02-16T16:27:32.699+0700] {logging_mixin.py:190} INFO - [2025-02-16T16:27:32.698+0700] {dag.py:4180} INFO - Setting next_dagrun for example_python_decorator to None, run_after=None
[2025-02-16T16:27:32.718+0700] {processor.py:208} INFO - Processing /home/dataengineer/.pyenv/versions/3.9.21/lib/python3.9/site-packages/airflow/example_dags/example_python_decorator.py took 0.128 seconds
[2025-02-16T16:28:44.844+0700] {processor.py:186} INFO - Started process (PID=33998) to work on /home/dataengineer/.pyenv/versions/3.9.21/lib/python3.9/site-packages/airflow/example_dags/example_python_decorator.py
[2025-02-16T16:28:44.845+0700] {processor.py:914} INFO - Processing file /home/dataengineer/.pyenv/versions/3.9.21/lib/python3.9/site-packages/airflow/example_dags/example_python_decorator.py for tasks to queue
[2025-02-16T16:28:44.847+0700] {logging_mixin.py:190} INFO - [2025-02-16T16:28:44.846+0700] {dagbag.py:588} INFO - Filling up the DagBag from /home/dataengineer/.pyenv/versions/3.9.21/lib/python3.9/site-packages/airflow/example_dags/example_python_decorator.py
[2025-02-16T16:28:44.931+0700] {logging_mixin.py:190} INFO - [2025-02-16T16:28:44.931+0700] {example_python_decorator.py:80} WARNING - The virtalenv_python example task requires virtualenv, please install it.
[2025-02-16T16:28:44.934+0700] {processor.py:925} INFO - DAG(s) 'example_python_decorator' retrieved from /home/dataengineer/.pyenv/versions/3.9.21/lib/python3.9/site-packages/airflow/example_dags/example_python_decorator.py
[2025-02-16T16:28:44.950+0700] {logging_mixin.py:190} INFO - [2025-02-16T16:28:44.949+0700] {dag.py:3239} INFO - Sync 1 DAGs
[2025-02-16T16:28:44.962+0700] {logging_mixin.py:190} INFO - [2025-02-16T16:28:44.962+0700] {dag.py:4180} INFO - Setting next_dagrun for example_python_decorator to None, run_after=None
[2025-02-16T16:28:44.982+0700] {processor.py:208} INFO - Processing /home/dataengineer/.pyenv/versions/3.9.21/lib/python3.9/site-packages/airflow/example_dags/example_python_decorator.py took 0.144 seconds
[2025-02-16T16:30:01.098+0700] {processor.py:186} INFO - Started process (PID=34311) to work on /home/dataengineer/.pyenv/versions/3.9.21/lib/python3.9/site-packages/airflow/example_dags/example_python_decorator.py
[2025-02-16T16:30:01.099+0700] {processor.py:914} INFO - Processing file /home/dataengineer/.pyenv/versions/3.9.21/lib/python3.9/site-packages/airflow/example_dags/example_python_decorator.py for tasks to queue
[2025-02-16T16:30:01.101+0700] {logging_mixin.py:190} INFO - [2025-02-16T16:30:01.100+0700] {dagbag.py:588} INFO - Filling up the DagBag from /home/dataengineer/.pyenv/versions/3.9.21/lib/python3.9/site-packages/airflow/example_dags/example_python_decorator.py
[2025-02-16T16:30:01.179+0700] {logging_mixin.py:190} INFO - [2025-02-16T16:30:01.179+0700] {example_python_decorator.py:80} WARNING - The virtalenv_python example task requires virtualenv, please install it.
[2025-02-16T16:30:01.181+0700] {processor.py:925} INFO - DAG(s) 'example_python_decorator' retrieved from /home/dataengineer/.pyenv/versions/3.9.21/lib/python3.9/site-packages/airflow/example_dags/example_python_decorator.py
[2025-02-16T16:30:01.202+0700] {logging_mixin.py:190} INFO - [2025-02-16T16:30:01.201+0700] {dag.py:3239} INFO - Sync 1 DAGs
[2025-02-16T16:30:01.220+0700] {logging_mixin.py:190} INFO - [2025-02-16T16:30:01.220+0700] {dag.py:4180} INFO - Setting next_dagrun for example_python_decorator to None, run_after=None
[2025-02-16T16:30:01.277+0700] {processor.py:208} INFO - Processing /home/dataengineer/.pyenv/versions/3.9.21/lib/python3.9/site-packages/airflow/example_dags/example_python_decorator.py took 0.185 seconds
[2025-02-16T16:31:16.024+0700] {processor.py:186} INFO - Started process (PID=34622) to work on /home/dataengineer/.pyenv/versions/3.9.21/lib/python3.9/site-packages/airflow/example_dags/example_python_decorator.py
[2025-02-16T16:31:16.026+0700] {processor.py:914} INFO - Processing file /home/dataengineer/.pyenv/versions/3.9.21/lib/python3.9/site-packages/airflow/example_dags/example_python_decorator.py for tasks to queue
[2025-02-16T16:31:16.027+0700] {logging_mixin.py:190} INFO - [2025-02-16T16:31:16.027+0700] {dagbag.py:588} INFO - Filling up the DagBag from /home/dataengineer/.pyenv/versions/3.9.21/lib/python3.9/site-packages/airflow/example_dags/example_python_decorator.py
[2025-02-16T16:31:16.109+0700] {logging_mixin.py:190} INFO - [2025-02-16T16:31:16.108+0700] {example_python_decorator.py:80} WARNING - The virtalenv_python example task requires virtualenv, please install it.
[2025-02-16T16:31:16.111+0700] {processor.py:925} INFO - DAG(s) 'example_python_decorator' retrieved from /home/dataengineer/.pyenv/versions/3.9.21/lib/python3.9/site-packages/airflow/example_dags/example_python_decorator.py
[2025-02-16T16:31:16.129+0700] {logging_mixin.py:190} INFO - [2025-02-16T16:31:16.128+0700] {dag.py:3239} INFO - Sync 1 DAGs
[2025-02-16T16:31:16.142+0700] {logging_mixin.py:190} INFO - [2025-02-16T16:31:16.141+0700] {dag.py:4180} INFO - Setting next_dagrun for example_python_decorator to None, run_after=None
[2025-02-16T16:31:16.165+0700] {processor.py:208} INFO - Processing /home/dataengineer/.pyenv/versions/3.9.21/lib/python3.9/site-packages/airflow/example_dags/example_python_decorator.py took 0.147 seconds
[2025-02-16T16:32:26.278+0700] {processor.py:186} INFO - Started process (PID=34919) to work on /home/dataengineer/.pyenv/versions/3.9.21/lib/python3.9/site-packages/airflow/example_dags/example_python_decorator.py
[2025-02-16T16:32:26.280+0700] {processor.py:914} INFO - Processing file /home/dataengineer/.pyenv/versions/3.9.21/lib/python3.9/site-packages/airflow/example_dags/example_python_decorator.py for tasks to queue
[2025-02-16T16:32:26.281+0700] {logging_mixin.py:190} INFO - [2025-02-16T16:32:26.281+0700] {dagbag.py:588} INFO - Filling up the DagBag from /home/dataengineer/.pyenv/versions/3.9.21/lib/python3.9/site-packages/airflow/example_dags/example_python_decorator.py
[2025-02-16T16:32:26.362+0700] {logging_mixin.py:190} INFO - [2025-02-16T16:32:26.362+0700] {example_python_decorator.py:80} WARNING - The virtalenv_python example task requires virtualenv, please install it.
[2025-02-16T16:32:26.364+0700] {processor.py:925} INFO - DAG(s) 'example_python_decorator' retrieved from /home/dataengineer/.pyenv/versions/3.9.21/lib/python3.9/site-packages/airflow/example_dags/example_python_decorator.py
[2025-02-16T16:32:26.380+0700] {logging_mixin.py:190} INFO - [2025-02-16T16:32:26.380+0700] {dag.py:3239} INFO - Sync 1 DAGs
[2025-02-16T16:32:26.393+0700] {logging_mixin.py:190} INFO - [2025-02-16T16:32:26.393+0700] {dag.py:4180} INFO - Setting next_dagrun for example_python_decorator to None, run_after=None
[2025-02-16T16:32:26.414+0700] {processor.py:208} INFO - Processing /home/dataengineer/.pyenv/versions/3.9.21/lib/python3.9/site-packages/airflow/example_dags/example_python_decorator.py took 0.141 seconds
[2025-02-16T16:33:42.501+0700] {processor.py:186} INFO - Started process (PID=35244) to work on /home/dataengineer/.pyenv/versions/3.9.21/lib/python3.9/site-packages/airflow/example_dags/example_python_decorator.py
[2025-02-16T16:33:42.503+0700] {processor.py:914} INFO - Processing file /home/dataengineer/.pyenv/versions/3.9.21/lib/python3.9/site-packages/airflow/example_dags/example_python_decorator.py for tasks to queue
[2025-02-16T16:33:42.504+0700] {logging_mixin.py:190} INFO - [2025-02-16T16:33:42.504+0700] {dagbag.py:588} INFO - Filling up the DagBag from /home/dataengineer/.pyenv/versions/3.9.21/lib/python3.9/site-packages/airflow/example_dags/example_python_decorator.py
[2025-02-16T16:33:42.591+0700] {logging_mixin.py:190} INFO - [2025-02-16T16:33:42.590+0700] {example_python_decorator.py:80} WARNING - The virtalenv_python example task requires virtualenv, please install it.
[2025-02-16T16:33:42.593+0700] {processor.py:925} INFO - DAG(s) 'example_python_decorator' retrieved from /home/dataengineer/.pyenv/versions/3.9.21/lib/python3.9/site-packages/airflow/example_dags/example_python_decorator.py
[2025-02-16T16:33:42.608+0700] {logging_mixin.py:190} INFO - [2025-02-16T16:33:42.608+0700] {dag.py:3239} INFO - Sync 1 DAGs
[2025-02-16T16:33:42.622+0700] {logging_mixin.py:190} INFO - [2025-02-16T16:33:42.621+0700] {dag.py:4180} INFO - Setting next_dagrun for example_python_decorator to None, run_after=None
[2025-02-16T16:33:42.641+0700] {processor.py:208} INFO - Processing /home/dataengineer/.pyenv/versions/3.9.21/lib/python3.9/site-packages/airflow/example_dags/example_python_decorator.py took 0.146 seconds
[2025-02-16T16:34:57.398+0700] {processor.py:186} INFO - Started process (PID=35564) to work on /home/dataengineer/.pyenv/versions/3.9.21/lib/python3.9/site-packages/airflow/example_dags/example_python_decorator.py
[2025-02-16T16:34:57.399+0700] {processor.py:914} INFO - Processing file /home/dataengineer/.pyenv/versions/3.9.21/lib/python3.9/site-packages/airflow/example_dags/example_python_decorator.py for tasks to queue
[2025-02-16T16:34:57.400+0700] {logging_mixin.py:190} INFO - [2025-02-16T16:34:57.400+0700] {dagbag.py:588} INFO - Filling up the DagBag from /home/dataengineer/.pyenv/versions/3.9.21/lib/python3.9/site-packages/airflow/example_dags/example_python_decorator.py
[2025-02-16T16:34:57.475+0700] {logging_mixin.py:190} INFO - [2025-02-16T16:34:57.475+0700] {example_python_decorator.py:80} WARNING - The virtalenv_python example task requires virtualenv, please install it.
[2025-02-16T16:34:57.478+0700] {processor.py:925} INFO - DAG(s) 'example_python_decorator' retrieved from /home/dataengineer/.pyenv/versions/3.9.21/lib/python3.9/site-packages/airflow/example_dags/example_python_decorator.py
[2025-02-16T16:34:57.504+0700] {logging_mixin.py:190} INFO - [2025-02-16T16:34:57.504+0700] {dag.py:3239} INFO - Sync 1 DAGs
[2025-02-16T16:34:57.518+0700] {logging_mixin.py:190} INFO - [2025-02-16T16:34:57.518+0700] {dag.py:4180} INFO - Setting next_dagrun for example_python_decorator to None, run_after=None
[2025-02-16T16:34:57.539+0700] {processor.py:208} INFO - Processing /home/dataengineer/.pyenv/versions/3.9.21/lib/python3.9/site-packages/airflow/example_dags/example_python_decorator.py took 0.148 seconds
[2025-02-16T16:36:08.911+0700] {processor.py:186} INFO - Started process (PID=35867) to work on /home/dataengineer/.pyenv/versions/3.9.21/lib/python3.9/site-packages/airflow/example_dags/example_python_decorator.py
[2025-02-16T16:36:08.913+0700] {processor.py:914} INFO - Processing file /home/dataengineer/.pyenv/versions/3.9.21/lib/python3.9/site-packages/airflow/example_dags/example_python_decorator.py for tasks to queue
[2025-02-16T16:36:08.914+0700] {logging_mixin.py:190} INFO - [2025-02-16T16:36:08.914+0700] {dagbag.py:588} INFO - Filling up the DagBag from /home/dataengineer/.pyenv/versions/3.9.21/lib/python3.9/site-packages/airflow/example_dags/example_python_decorator.py
[2025-02-16T16:36:08.993+0700] {logging_mixin.py:190} INFO - [2025-02-16T16:36:08.993+0700] {example_python_decorator.py:80} WARNING - The virtalenv_python example task requires virtualenv, please install it.
[2025-02-16T16:36:08.996+0700] {processor.py:925} INFO - DAG(s) 'example_python_decorator' retrieved from /home/dataengineer/.pyenv/versions/3.9.21/lib/python3.9/site-packages/airflow/example_dags/example_python_decorator.py
[2025-02-16T16:36:09.012+0700] {logging_mixin.py:190} INFO - [2025-02-16T16:36:09.011+0700] {dag.py:3239} INFO - Sync 1 DAGs
[2025-02-16T16:36:09.024+0700] {logging_mixin.py:190} INFO - [2025-02-16T16:36:09.024+0700] {dag.py:4180} INFO - Setting next_dagrun for example_python_decorator to None, run_after=None
[2025-02-16T16:36:09.044+0700] {processor.py:208} INFO - Processing /home/dataengineer/.pyenv/versions/3.9.21/lib/python3.9/site-packages/airflow/example_dags/example_python_decorator.py took 0.138 seconds
[2025-02-16T16:37:14.957+0700] {processor.py:186} INFO - Started process (PID=36325) to work on /home/dataengineer/.pyenv/versions/3.9.21/lib/python3.9/site-packages/airflow/example_dags/example_python_decorator.py
[2025-02-16T16:37:14.958+0700] {processor.py:914} INFO - Processing file /home/dataengineer/.pyenv/versions/3.9.21/lib/python3.9/site-packages/airflow/example_dags/example_python_decorator.py for tasks to queue
[2025-02-16T16:37:14.959+0700] {logging_mixin.py:190} INFO - [2025-02-16T16:37:14.959+0700] {dagbag.py:588} INFO - Filling up the DagBag from /home/dataengineer/.pyenv/versions/3.9.21/lib/python3.9/site-packages/airflow/example_dags/example_python_decorator.py
[2025-02-16T16:37:15.037+0700] {logging_mixin.py:190} INFO - [2025-02-16T16:37:15.037+0700] {example_python_decorator.py:80} WARNING - The virtalenv_python example task requires virtualenv, please install it.
[2025-02-16T16:37:15.040+0700] {processor.py:925} INFO - DAG(s) 'example_python_decorator' retrieved from /home/dataengineer/.pyenv/versions/3.9.21/lib/python3.9/site-packages/airflow/example_dags/example_python_decorator.py
[2025-02-16T16:37:15.055+0700] {logging_mixin.py:190} INFO - [2025-02-16T16:37:15.055+0700] {dag.py:3239} INFO - Sync 1 DAGs
[2025-02-16T16:37:15.068+0700] {logging_mixin.py:190} INFO - [2025-02-16T16:37:15.068+0700] {dag.py:4180} INFO - Setting next_dagrun for example_python_decorator to None, run_after=None
[2025-02-16T16:37:15.088+0700] {processor.py:208} INFO - Processing /home/dataengineer/.pyenv/versions/3.9.21/lib/python3.9/site-packages/airflow/example_dags/example_python_decorator.py took 0.137 seconds
[2025-02-16T16:38:29.263+0700] {processor.py:186} INFO - Started process (PID=36877) to work on /home/dataengineer/.pyenv/versions/3.9.21/lib/python3.9/site-packages/airflow/example_dags/example_python_decorator.py
[2025-02-16T16:38:29.265+0700] {processor.py:914} INFO - Processing file /home/dataengineer/.pyenv/versions/3.9.21/lib/python3.9/site-packages/airflow/example_dags/example_python_decorator.py for tasks to queue
[2025-02-16T16:38:29.266+0700] {logging_mixin.py:190} INFO - [2025-02-16T16:38:29.266+0700] {dagbag.py:588} INFO - Filling up the DagBag from /home/dataengineer/.pyenv/versions/3.9.21/lib/python3.9/site-packages/airflow/example_dags/example_python_decorator.py
[2025-02-16T16:38:29.355+0700] {logging_mixin.py:190} INFO - [2025-02-16T16:38:29.355+0700] {example_python_decorator.py:80} WARNING - The virtalenv_python example task requires virtualenv, please install it.
[2025-02-16T16:38:29.358+0700] {processor.py:925} INFO - DAG(s) 'example_python_decorator' retrieved from /home/dataengineer/.pyenv/versions/3.9.21/lib/python3.9/site-packages/airflow/example_dags/example_python_decorator.py
[2025-02-16T16:38:29.377+0700] {logging_mixin.py:190} INFO - [2025-02-16T16:38:29.377+0700] {dag.py:3239} INFO - Sync 1 DAGs
[2025-02-16T16:38:29.393+0700] {logging_mixin.py:190} INFO - [2025-02-16T16:38:29.393+0700] {dag.py:4180} INFO - Setting next_dagrun for example_python_decorator to None, run_after=None
[2025-02-16T16:38:29.421+0700] {processor.py:208} INFO - Processing /home/dataengineer/.pyenv/versions/3.9.21/lib/python3.9/site-packages/airflow/example_dags/example_python_decorator.py took 0.164 seconds
[2025-02-16T16:39:44.395+0700] {processor.py:186} INFO - Started process (PID=37190) to work on /home/dataengineer/.pyenv/versions/3.9.21/lib/python3.9/site-packages/airflow/example_dags/example_python_decorator.py
[2025-02-16T16:39:44.397+0700] {processor.py:914} INFO - Processing file /home/dataengineer/.pyenv/versions/3.9.21/lib/python3.9/site-packages/airflow/example_dags/example_python_decorator.py for tasks to queue
[2025-02-16T16:39:44.398+0700] {logging_mixin.py:190} INFO - [2025-02-16T16:39:44.398+0700] {dagbag.py:588} INFO - Filling up the DagBag from /home/dataengineer/.pyenv/versions/3.9.21/lib/python3.9/site-packages/airflow/example_dags/example_python_decorator.py
[2025-02-16T16:39:44.479+0700] {logging_mixin.py:190} INFO - [2025-02-16T16:39:44.479+0700] {example_python_decorator.py:80} WARNING - The virtalenv_python example task requires virtualenv, please install it.
[2025-02-16T16:39:44.481+0700] {processor.py:925} INFO - DAG(s) 'example_python_decorator' retrieved from /home/dataengineer/.pyenv/versions/3.9.21/lib/python3.9/site-packages/airflow/example_dags/example_python_decorator.py
[2025-02-16T16:39:44.498+0700] {logging_mixin.py:190} INFO - [2025-02-16T16:39:44.497+0700] {dag.py:3239} INFO - Sync 1 DAGs
[2025-02-16T16:39:44.511+0700] {logging_mixin.py:190} INFO - [2025-02-16T16:39:44.510+0700] {dag.py:4180} INFO - Setting next_dagrun for example_python_decorator to None, run_after=None
[2025-02-16T16:39:44.532+0700] {processor.py:208} INFO - Processing /home/dataengineer/.pyenv/versions/3.9.21/lib/python3.9/site-packages/airflow/example_dags/example_python_decorator.py took 0.143 seconds
[2025-02-16T16:40:57.662+0700] {processor.py:186} INFO - Started process (PID=37757) to work on /home/dataengineer/.pyenv/versions/3.9.21/lib/python3.9/site-packages/airflow/example_dags/example_python_decorator.py
[2025-02-16T16:40:57.663+0700] {processor.py:914} INFO - Processing file /home/dataengineer/.pyenv/versions/3.9.21/lib/python3.9/site-packages/airflow/example_dags/example_python_decorator.py for tasks to queue
[2025-02-16T16:40:57.664+0700] {logging_mixin.py:190} INFO - [2025-02-16T16:40:57.664+0700] {dagbag.py:588} INFO - Filling up the DagBag from /home/dataengineer/.pyenv/versions/3.9.21/lib/python3.9/site-packages/airflow/example_dags/example_python_decorator.py
[2025-02-16T16:40:57.747+0700] {logging_mixin.py:190} INFO - [2025-02-16T16:40:57.746+0700] {example_python_decorator.py:80} WARNING - The virtalenv_python example task requires virtualenv, please install it.
[2025-02-16T16:40:57.749+0700] {processor.py:925} INFO - DAG(s) 'example_python_decorator' retrieved from /home/dataengineer/.pyenv/versions/3.9.21/lib/python3.9/site-packages/airflow/example_dags/example_python_decorator.py
[2025-02-16T16:40:57.765+0700] {logging_mixin.py:190} INFO - [2025-02-16T16:40:57.765+0700] {dag.py:3239} INFO - Sync 1 DAGs
[2025-02-16T16:40:57.778+0700] {logging_mixin.py:190} INFO - [2025-02-16T16:40:57.777+0700] {dag.py:4180} INFO - Setting next_dagrun for example_python_decorator to None, run_after=None
[2025-02-16T16:40:57.798+0700] {processor.py:208} INFO - Processing /home/dataengineer/.pyenv/versions/3.9.21/lib/python3.9/site-packages/airflow/example_dags/example_python_decorator.py took 0.142 seconds
[2025-02-16T16:42:11.529+0700] {processor.py:186} INFO - Started process (PID=38072) to work on /home/dataengineer/.pyenv/versions/3.9.21/lib/python3.9/site-packages/airflow/example_dags/example_python_decorator.py
[2025-02-16T16:42:11.531+0700] {processor.py:914} INFO - Processing file /home/dataengineer/.pyenv/versions/3.9.21/lib/python3.9/site-packages/airflow/example_dags/example_python_decorator.py for tasks to queue
[2025-02-16T16:42:11.532+0700] {logging_mixin.py:190} INFO - [2025-02-16T16:42:11.532+0700] {dagbag.py:588} INFO - Filling up the DagBag from /home/dataengineer/.pyenv/versions/3.9.21/lib/python3.9/site-packages/airflow/example_dags/example_python_decorator.py
[2025-02-16T16:42:11.617+0700] {logging_mixin.py:190} INFO - [2025-02-16T16:42:11.617+0700] {example_python_decorator.py:80} WARNING - The virtalenv_python example task requires virtualenv, please install it.
[2025-02-16T16:42:11.619+0700] {processor.py:925} INFO - DAG(s) 'example_python_decorator' retrieved from /home/dataengineer/.pyenv/versions/3.9.21/lib/python3.9/site-packages/airflow/example_dags/example_python_decorator.py
[2025-02-16T16:42:11.637+0700] {logging_mixin.py:190} INFO - [2025-02-16T16:42:11.636+0700] {dag.py:3239} INFO - Sync 1 DAGs
[2025-02-16T16:42:11.650+0700] {logging_mixin.py:190} INFO - [2025-02-16T16:42:11.650+0700] {dag.py:4180} INFO - Setting next_dagrun for example_python_decorator to None, run_after=None
[2025-02-16T16:42:11.677+0700] {processor.py:208} INFO - Processing /home/dataengineer/.pyenv/versions/3.9.21/lib/python3.9/site-packages/airflow/example_dags/example_python_decorator.py took 0.154 seconds
[2025-02-16T16:43:23.289+0700] {processor.py:186} INFO - Started process (PID=38376) to work on /home/dataengineer/.pyenv/versions/3.9.21/lib/python3.9/site-packages/airflow/example_dags/example_python_decorator.py
[2025-02-16T16:43:23.291+0700] {processor.py:914} INFO - Processing file /home/dataengineer/.pyenv/versions/3.9.21/lib/python3.9/site-packages/airflow/example_dags/example_python_decorator.py for tasks to queue
[2025-02-16T16:43:23.292+0700] {logging_mixin.py:190} INFO - [2025-02-16T16:43:23.292+0700] {dagbag.py:588} INFO - Filling up the DagBag from /home/dataengineer/.pyenv/versions/3.9.21/lib/python3.9/site-packages/airflow/example_dags/example_python_decorator.py
[2025-02-16T16:43:23.380+0700] {logging_mixin.py:190} INFO - [2025-02-16T16:43:23.380+0700] {example_python_decorator.py:80} WARNING - The virtalenv_python example task requires virtualenv, please install it.
[2025-02-16T16:43:23.383+0700] {processor.py:925} INFO - DAG(s) 'example_python_decorator' retrieved from /home/dataengineer/.pyenv/versions/3.9.21/lib/python3.9/site-packages/airflow/example_dags/example_python_decorator.py
[2025-02-16T16:43:23.406+0700] {logging_mixin.py:190} INFO - [2025-02-16T16:43:23.405+0700] {dag.py:3239} INFO - Sync 1 DAGs
[2025-02-16T16:43:23.423+0700] {logging_mixin.py:190} INFO - [2025-02-16T16:43:23.423+0700] {dag.py:4180} INFO - Setting next_dagrun for example_python_decorator to None, run_after=None
[2025-02-16T16:43:23.468+0700] {processor.py:208} INFO - Processing /home/dataengineer/.pyenv/versions/3.9.21/lib/python3.9/site-packages/airflow/example_dags/example_python_decorator.py took 0.184 seconds
[2025-02-16T16:44:33.927+0700] {processor.py:186} INFO - Started process (PID=38675) to work on /home/dataengineer/.pyenv/versions/3.9.21/lib/python3.9/site-packages/airflow/example_dags/example_python_decorator.py
[2025-02-16T16:44:33.929+0700] {processor.py:914} INFO - Processing file /home/dataengineer/.pyenv/versions/3.9.21/lib/python3.9/site-packages/airflow/example_dags/example_python_decorator.py for tasks to queue
[2025-02-16T16:44:33.930+0700] {logging_mixin.py:190} INFO - [2025-02-16T16:44:33.930+0700] {dagbag.py:588} INFO - Filling up the DagBag from /home/dataengineer/.pyenv/versions/3.9.21/lib/python3.9/site-packages/airflow/example_dags/example_python_decorator.py
[2025-02-16T16:44:34.005+0700] {logging_mixin.py:190} INFO - [2025-02-16T16:44:34.005+0700] {example_python_decorator.py:80} WARNING - The virtalenv_python example task requires virtualenv, please install it.
[2025-02-16T16:44:34.007+0700] {processor.py:925} INFO - DAG(s) 'example_python_decorator' retrieved from /home/dataengineer/.pyenv/versions/3.9.21/lib/python3.9/site-packages/airflow/example_dags/example_python_decorator.py
[2025-02-16T16:44:34.024+0700] {logging_mixin.py:190} INFO - [2025-02-16T16:44:34.024+0700] {dag.py:3239} INFO - Sync 1 DAGs
[2025-02-16T16:44:34.037+0700] {logging_mixin.py:190} INFO - [2025-02-16T16:44:34.037+0700] {dag.py:4180} INFO - Setting next_dagrun for example_python_decorator to None, run_after=None
[2025-02-16T16:44:34.058+0700] {processor.py:208} INFO - Processing /home/dataengineer/.pyenv/versions/3.9.21/lib/python3.9/site-packages/airflow/example_dags/example_python_decorator.py took 0.137 seconds
[2025-02-16T16:45:41.484+0700] {processor.py:186} INFO - Started process (PID=39002) to work on /home/dataengineer/.pyenv/versions/3.9.21/lib/python3.9/site-packages/airflow/example_dags/example_python_decorator.py
[2025-02-16T16:45:41.485+0700] {processor.py:914} INFO - Processing file /home/dataengineer/.pyenv/versions/3.9.21/lib/python3.9/site-packages/airflow/example_dags/example_python_decorator.py for tasks to queue
[2025-02-16T16:45:41.487+0700] {logging_mixin.py:190} INFO - [2025-02-16T16:45:41.486+0700] {dagbag.py:588} INFO - Filling up the DagBag from /home/dataengineer/.pyenv/versions/3.9.21/lib/python3.9/site-packages/airflow/example_dags/example_python_decorator.py
[2025-02-16T16:45:41.564+0700] {logging_mixin.py:190} INFO - [2025-02-16T16:45:41.564+0700] {example_python_decorator.py:80} WARNING - The virtalenv_python example task requires virtualenv, please install it.
[2025-02-16T16:45:41.567+0700] {processor.py:925} INFO - DAG(s) 'example_python_decorator' retrieved from /home/dataengineer/.pyenv/versions/3.9.21/lib/python3.9/site-packages/airflow/example_dags/example_python_decorator.py
[2025-02-16T16:45:41.582+0700] {logging_mixin.py:190} INFO - [2025-02-16T16:45:41.582+0700] {dag.py:3239} INFO - Sync 1 DAGs
[2025-02-16T16:45:41.594+0700] {logging_mixin.py:190} INFO - [2025-02-16T16:45:41.594+0700] {dag.py:4180} INFO - Setting next_dagrun for example_python_decorator to None, run_after=None
[2025-02-16T16:45:41.613+0700] {processor.py:208} INFO - Processing /home/dataengineer/.pyenv/versions/3.9.21/lib/python3.9/site-packages/airflow/example_dags/example_python_decorator.py took 0.135 seconds
[2025-02-16T16:46:52.923+0700] {processor.py:186} INFO - Started process (PID=39298) to work on /home/dataengineer/.pyenv/versions/3.9.21/lib/python3.9/site-packages/airflow/example_dags/example_python_decorator.py
[2025-02-16T16:46:52.924+0700] {processor.py:914} INFO - Processing file /home/dataengineer/.pyenv/versions/3.9.21/lib/python3.9/site-packages/airflow/example_dags/example_python_decorator.py for tasks to queue
[2025-02-16T16:46:52.925+0700] {logging_mixin.py:190} INFO - [2025-02-16T16:46:52.925+0700] {dagbag.py:588} INFO - Filling up the DagBag from /home/dataengineer/.pyenv/versions/3.9.21/lib/python3.9/site-packages/airflow/example_dags/example_python_decorator.py
[2025-02-16T16:46:53.049+0700] {logging_mixin.py:190} INFO - [2025-02-16T16:46:53.049+0700] {example_python_decorator.py:80} WARNING - The virtalenv_python example task requires virtualenv, please install it.
[2025-02-16T16:46:53.052+0700] {processor.py:925} INFO - DAG(s) 'example_python_decorator' retrieved from /home/dataengineer/.pyenv/versions/3.9.21/lib/python3.9/site-packages/airflow/example_dags/example_python_decorator.py
[2025-02-16T16:46:53.069+0700] {logging_mixin.py:190} INFO - [2025-02-16T16:46:53.069+0700] {dag.py:3239} INFO - Sync 1 DAGs
[2025-02-16T16:46:53.083+0700] {logging_mixin.py:190} INFO - [2025-02-16T16:46:53.083+0700] {dag.py:4180} INFO - Setting next_dagrun for example_python_decorator to None, run_after=None
[2025-02-16T16:46:53.106+0700] {processor.py:208} INFO - Processing /home/dataengineer/.pyenv/versions/3.9.21/lib/python3.9/site-packages/airflow/example_dags/example_python_decorator.py took 0.190 seconds
[2025-02-16T16:48:02.819+0700] {processor.py:186} INFO - Started process (PID=39625) to work on /home/dataengineer/.pyenv/versions/3.9.21/lib/python3.9/site-packages/airflow/example_dags/example_python_decorator.py
[2025-02-16T16:48:02.820+0700] {processor.py:914} INFO - Processing file /home/dataengineer/.pyenv/versions/3.9.21/lib/python3.9/site-packages/airflow/example_dags/example_python_decorator.py for tasks to queue
[2025-02-16T16:48:02.821+0700] {logging_mixin.py:190} INFO - [2025-02-16T16:48:02.821+0700] {dagbag.py:588} INFO - Filling up the DagBag from /home/dataengineer/.pyenv/versions/3.9.21/lib/python3.9/site-packages/airflow/example_dags/example_python_decorator.py
[2025-02-16T16:48:02.901+0700] {logging_mixin.py:190} INFO - [2025-02-16T16:48:02.901+0700] {example_python_decorator.py:80} WARNING - The virtalenv_python example task requires virtualenv, please install it.
[2025-02-16T16:48:02.904+0700] {processor.py:925} INFO - DAG(s) 'example_python_decorator' retrieved from /home/dataengineer/.pyenv/versions/3.9.21/lib/python3.9/site-packages/airflow/example_dags/example_python_decorator.py
[2025-02-16T16:48:02.919+0700] {logging_mixin.py:190} INFO - [2025-02-16T16:48:02.919+0700] {dag.py:3239} INFO - Sync 1 DAGs
[2025-02-16T16:48:02.931+0700] {logging_mixin.py:190} INFO - [2025-02-16T16:48:02.931+0700] {dag.py:4180} INFO - Setting next_dagrun for example_python_decorator to None, run_after=None
[2025-02-16T16:48:02.950+0700] {processor.py:208} INFO - Processing /home/dataengineer/.pyenv/versions/3.9.21/lib/python3.9/site-packages/airflow/example_dags/example_python_decorator.py took 0.137 seconds
[2025-02-16T16:49:15.577+0700] {processor.py:186} INFO - Started process (PID=40017) to work on /home/dataengineer/.pyenv/versions/3.9.21/lib/python3.9/site-packages/airflow/example_dags/example_python_decorator.py
[2025-02-16T16:49:15.579+0700] {processor.py:914} INFO - Processing file /home/dataengineer/.pyenv/versions/3.9.21/lib/python3.9/site-packages/airflow/example_dags/example_python_decorator.py for tasks to queue
[2025-02-16T16:49:15.580+0700] {logging_mixin.py:190} INFO - [2025-02-16T16:49:15.580+0700] {dagbag.py:588} INFO - Filling up the DagBag from /home/dataengineer/.pyenv/versions/3.9.21/lib/python3.9/site-packages/airflow/example_dags/example_python_decorator.py
[2025-02-16T16:49:15.659+0700] {logging_mixin.py:190} INFO - [2025-02-16T16:49:15.658+0700] {example_python_decorator.py:80} WARNING - The virtalenv_python example task requires virtualenv, please install it.
[2025-02-16T16:49:15.661+0700] {processor.py:925} INFO - DAG(s) 'example_python_decorator' retrieved from /home/dataengineer/.pyenv/versions/3.9.21/lib/python3.9/site-packages/airflow/example_dags/example_python_decorator.py
[2025-02-16T16:49:15.679+0700] {logging_mixin.py:190} INFO - [2025-02-16T16:49:15.678+0700] {dag.py:3239} INFO - Sync 1 DAGs
[2025-02-16T16:49:15.692+0700] {logging_mixin.py:190} INFO - [2025-02-16T16:49:15.692+0700] {dag.py:4180} INFO - Setting next_dagrun for example_python_decorator to None, run_after=None
[2025-02-16T16:49:15.714+0700] {processor.py:208} INFO - Processing /home/dataengineer/.pyenv/versions/3.9.21/lib/python3.9/site-packages/airflow/example_dags/example_python_decorator.py took 0.142 seconds
[2025-02-16T16:50:31.158+0700] {processor.py:186} INFO - Started process (PID=40331) to work on /home/dataengineer/.pyenv/versions/3.9.21/lib/python3.9/site-packages/airflow/example_dags/example_python_decorator.py
[2025-02-16T16:50:31.160+0700] {processor.py:914} INFO - Processing file /home/dataengineer/.pyenv/versions/3.9.21/lib/python3.9/site-packages/airflow/example_dags/example_python_decorator.py for tasks to queue
[2025-02-16T16:50:31.161+0700] {logging_mixin.py:190} INFO - [2025-02-16T16:50:31.160+0700] {dagbag.py:588} INFO - Filling up the DagBag from /home/dataengineer/.pyenv/versions/3.9.21/lib/python3.9/site-packages/airflow/example_dags/example_python_decorator.py
[2025-02-16T16:50:31.242+0700] {logging_mixin.py:190} INFO - [2025-02-16T16:50:31.241+0700] {example_python_decorator.py:80} WARNING - The virtalenv_python example task requires virtualenv, please install it.
[2025-02-16T16:50:31.244+0700] {processor.py:925} INFO - DAG(s) 'example_python_decorator' retrieved from /home/dataengineer/.pyenv/versions/3.9.21/lib/python3.9/site-packages/airflow/example_dags/example_python_decorator.py
[2025-02-16T16:50:31.261+0700] {logging_mixin.py:190} INFO - [2025-02-16T16:50:31.261+0700] {dag.py:3239} INFO - Sync 1 DAGs
[2025-02-16T16:50:31.273+0700] {logging_mixin.py:190} INFO - [2025-02-16T16:50:31.273+0700] {dag.py:4180} INFO - Setting next_dagrun for example_python_decorator to None, run_after=None
[2025-02-16T16:50:31.295+0700] {processor.py:208} INFO - Processing /home/dataengineer/.pyenv/versions/3.9.21/lib/python3.9/site-packages/airflow/example_dags/example_python_decorator.py took 0.142 seconds
[2025-02-16T16:51:45.424+0700] {processor.py:186} INFO - Started process (PID=40671) to work on /home/dataengineer/.pyenv/versions/3.9.21/lib/python3.9/site-packages/airflow/example_dags/example_python_decorator.py
[2025-02-16T16:51:45.425+0700] {processor.py:914} INFO - Processing file /home/dataengineer/.pyenv/versions/3.9.21/lib/python3.9/site-packages/airflow/example_dags/example_python_decorator.py for tasks to queue
[2025-02-16T16:51:45.426+0700] {logging_mixin.py:190} INFO - [2025-02-16T16:51:45.426+0700] {dagbag.py:588} INFO - Filling up the DagBag from /home/dataengineer/.pyenv/versions/3.9.21/lib/python3.9/site-packages/airflow/example_dags/example_python_decorator.py
[2025-02-16T16:51:45.507+0700] {logging_mixin.py:190} INFO - [2025-02-16T16:51:45.507+0700] {example_python_decorator.py:80} WARNING - The virtalenv_python example task requires virtualenv, please install it.
[2025-02-16T16:51:45.510+0700] {processor.py:925} INFO - DAG(s) 'example_python_decorator' retrieved from /home/dataengineer/.pyenv/versions/3.9.21/lib/python3.9/site-packages/airflow/example_dags/example_python_decorator.py
[2025-02-16T16:51:45.529+0700] {logging_mixin.py:190} INFO - [2025-02-16T16:51:45.529+0700] {dag.py:3239} INFO - Sync 1 DAGs
[2025-02-16T16:51:45.545+0700] {logging_mixin.py:190} INFO - [2025-02-16T16:51:45.544+0700] {dag.py:4180} INFO - Setting next_dagrun for example_python_decorator to None, run_after=None
[2025-02-16T16:51:45.567+0700] {processor.py:208} INFO - Processing /home/dataengineer/.pyenv/versions/3.9.21/lib/python3.9/site-packages/airflow/example_dags/example_python_decorator.py took 0.149 seconds
[2025-02-16T16:52:53.685+0700] {processor.py:186} INFO - Started process (PID=40961) to work on /home/dataengineer/.pyenv/versions/3.9.21/lib/python3.9/site-packages/airflow/example_dags/example_python_decorator.py
[2025-02-16T16:52:53.687+0700] {processor.py:914} INFO - Processing file /home/dataengineer/.pyenv/versions/3.9.21/lib/python3.9/site-packages/airflow/example_dags/example_python_decorator.py for tasks to queue
[2025-02-16T16:52:53.688+0700] {logging_mixin.py:190} INFO - [2025-02-16T16:52:53.687+0700] {dagbag.py:588} INFO - Filling up the DagBag from /home/dataengineer/.pyenv/versions/3.9.21/lib/python3.9/site-packages/airflow/example_dags/example_python_decorator.py
[2025-02-16T16:52:53.768+0700] {logging_mixin.py:190} INFO - [2025-02-16T16:52:53.768+0700] {example_python_decorator.py:80} WARNING - The virtalenv_python example task requires virtualenv, please install it.
[2025-02-16T16:52:53.770+0700] {processor.py:925} INFO - DAG(s) 'example_python_decorator' retrieved from /home/dataengineer/.pyenv/versions/3.9.21/lib/python3.9/site-packages/airflow/example_dags/example_python_decorator.py
[2025-02-16T16:52:53.787+0700] {logging_mixin.py:190} INFO - [2025-02-16T16:52:53.787+0700] {dag.py:3239} INFO - Sync 1 DAGs
[2025-02-16T16:52:53.800+0700] {logging_mixin.py:190} INFO - [2025-02-16T16:52:53.799+0700] {dag.py:4180} INFO - Setting next_dagrun for example_python_decorator to None, run_after=None
[2025-02-16T16:52:53.820+0700] {processor.py:208} INFO - Processing /home/dataengineer/.pyenv/versions/3.9.21/lib/python3.9/site-packages/airflow/example_dags/example_python_decorator.py took 0.140 seconds
[2025-02-16T16:54:11.685+0700] {processor.py:186} INFO - Started process (PID=41315) to work on /home/dataengineer/.pyenv/versions/3.9.21/lib/python3.9/site-packages/airflow/example_dags/example_python_decorator.py
[2025-02-16T16:54:11.687+0700] {processor.py:914} INFO - Processing file /home/dataengineer/.pyenv/versions/3.9.21/lib/python3.9/site-packages/airflow/example_dags/example_python_decorator.py for tasks to queue
[2025-02-16T16:54:11.689+0700] {logging_mixin.py:190} INFO - [2025-02-16T16:54:11.688+0700] {dagbag.py:588} INFO - Filling up the DagBag from /home/dataengineer/.pyenv/versions/3.9.21/lib/python3.9/site-packages/airflow/example_dags/example_python_decorator.py
[2025-02-16T16:54:11.785+0700] {logging_mixin.py:190} INFO - [2025-02-16T16:54:11.784+0700] {example_python_decorator.py:80} WARNING - The virtalenv_python example task requires virtualenv, please install it.
[2025-02-16T16:54:11.787+0700] {processor.py:925} INFO - DAG(s) 'example_python_decorator' retrieved from /home/dataengineer/.pyenv/versions/3.9.21/lib/python3.9/site-packages/airflow/example_dags/example_python_decorator.py
[2025-02-16T16:54:11.804+0700] {logging_mixin.py:190} INFO - [2025-02-16T16:54:11.804+0700] {dag.py:3239} INFO - Sync 1 DAGs
[2025-02-16T16:54:11.817+0700] {logging_mixin.py:190} INFO - [2025-02-16T16:54:11.817+0700] {dag.py:4180} INFO - Setting next_dagrun for example_python_decorator to None, run_after=None
[2025-02-16T16:54:11.838+0700] {processor.py:208} INFO - Processing /home/dataengineer/.pyenv/versions/3.9.21/lib/python3.9/site-packages/airflow/example_dags/example_python_decorator.py took 0.159 seconds
[2025-02-16T16:55:25.673+0700] {processor.py:186} INFO - Started process (PID=41652) to work on /home/dataengineer/.pyenv/versions/3.9.21/lib/python3.9/site-packages/airflow/example_dags/example_python_decorator.py
[2025-02-16T16:55:25.675+0700] {processor.py:914} INFO - Processing file /home/dataengineer/.pyenv/versions/3.9.21/lib/python3.9/site-packages/airflow/example_dags/example_python_decorator.py for tasks to queue
[2025-02-16T16:55:25.676+0700] {logging_mixin.py:190} INFO - [2025-02-16T16:55:25.676+0700] {dagbag.py:588} INFO - Filling up the DagBag from /home/dataengineer/.pyenv/versions/3.9.21/lib/python3.9/site-packages/airflow/example_dags/example_python_decorator.py
[2025-02-16T16:55:25.750+0700] {logging_mixin.py:190} INFO - [2025-02-16T16:55:25.750+0700] {example_python_decorator.py:80} WARNING - The virtalenv_python example task requires virtualenv, please install it.
[2025-02-16T16:55:25.752+0700] {processor.py:925} INFO - DAG(s) 'example_python_decorator' retrieved from /home/dataengineer/.pyenv/versions/3.9.21/lib/python3.9/site-packages/airflow/example_dags/example_python_decorator.py
[2025-02-16T16:55:25.769+0700] {logging_mixin.py:190} INFO - [2025-02-16T16:55:25.769+0700] {dag.py:3239} INFO - Sync 1 DAGs
[2025-02-16T16:55:25.782+0700] {logging_mixin.py:190} INFO - [2025-02-16T16:55:25.781+0700] {dag.py:4180} INFO - Setting next_dagrun for example_python_decorator to None, run_after=None
[2025-02-16T16:55:25.802+0700] {processor.py:208} INFO - Processing /home/dataengineer/.pyenv/versions/3.9.21/lib/python3.9/site-packages/airflow/example_dags/example_python_decorator.py took 0.135 seconds
[2025-02-16T16:56:35.176+0700] {processor.py:186} INFO - Started process (PID=41953) to work on /home/dataengineer/.pyenv/versions/3.9.21/lib/python3.9/site-packages/airflow/example_dags/example_python_decorator.py
[2025-02-16T16:56:35.177+0700] {processor.py:914} INFO - Processing file /home/dataengineer/.pyenv/versions/3.9.21/lib/python3.9/site-packages/airflow/example_dags/example_python_decorator.py for tasks to queue
[2025-02-16T16:56:35.178+0700] {logging_mixin.py:190} INFO - [2025-02-16T16:56:35.178+0700] {dagbag.py:588} INFO - Filling up the DagBag from /home/dataengineer/.pyenv/versions/3.9.21/lib/python3.9/site-packages/airflow/example_dags/example_python_decorator.py
[2025-02-16T16:56:35.259+0700] {logging_mixin.py:190} INFO - [2025-02-16T16:56:35.259+0700] {example_python_decorator.py:80} WARNING - The virtalenv_python example task requires virtualenv, please install it.
[2025-02-16T16:56:35.262+0700] {processor.py:925} INFO - DAG(s) 'example_python_decorator' retrieved from /home/dataengineer/.pyenv/versions/3.9.21/lib/python3.9/site-packages/airflow/example_dags/example_python_decorator.py
[2025-02-16T16:56:35.277+0700] {logging_mixin.py:190} INFO - [2025-02-16T16:56:35.276+0700] {dag.py:3239} INFO - Sync 1 DAGs
[2025-02-16T16:56:35.288+0700] {logging_mixin.py:190} INFO - [2025-02-16T16:56:35.288+0700] {dag.py:4180} INFO - Setting next_dagrun for example_python_decorator to None, run_after=None
[2025-02-16T16:56:35.307+0700] {processor.py:208} INFO - Processing /home/dataengineer/.pyenv/versions/3.9.21/lib/python3.9/site-packages/airflow/example_dags/example_python_decorator.py took 0.137 seconds
[2025-02-16T16:57:45.644+0700] {processor.py:186} INFO - Started process (PID=42669) to work on /home/dataengineer/.pyenv/versions/3.9.21/lib/python3.9/site-packages/airflow/example_dags/example_python_decorator.py
[2025-02-16T16:57:45.645+0700] {processor.py:914} INFO - Processing file /home/dataengineer/.pyenv/versions/3.9.21/lib/python3.9/site-packages/airflow/example_dags/example_python_decorator.py for tasks to queue
[2025-02-16T16:57:45.647+0700] {logging_mixin.py:190} INFO - [2025-02-16T16:57:45.646+0700] {dagbag.py:588} INFO - Filling up the DagBag from /home/dataengineer/.pyenv/versions/3.9.21/lib/python3.9/site-packages/airflow/example_dags/example_python_decorator.py
[2025-02-16T16:57:45.762+0700] {logging_mixin.py:190} INFO - [2025-02-16T16:57:45.762+0700] {example_python_decorator.py:80} WARNING - The virtalenv_python example task requires virtualenv, please install it.
[2025-02-16T16:57:45.765+0700] {processor.py:925} INFO - DAG(s) 'example_python_decorator' retrieved from /home/dataengineer/.pyenv/versions/3.9.21/lib/python3.9/site-packages/airflow/example_dags/example_python_decorator.py
[2025-02-16T16:57:45.782+0700] {logging_mixin.py:190} INFO - [2025-02-16T16:57:45.781+0700] {dag.py:3239} INFO - Sync 1 DAGs
[2025-02-16T16:57:45.796+0700] {logging_mixin.py:190} INFO - [2025-02-16T16:57:45.795+0700] {dag.py:4180} INFO - Setting next_dagrun for example_python_decorator to None, run_after=None
[2025-02-16T16:57:45.819+0700] {processor.py:208} INFO - Processing /home/dataengineer/.pyenv/versions/3.9.21/lib/python3.9/site-packages/airflow/example_dags/example_python_decorator.py took 0.181 seconds
[2025-02-16T16:59:04.273+0700] {processor.py:186} INFO - Started process (PID=43247) to work on /home/dataengineer/.pyenv/versions/3.9.21/lib/python3.9/site-packages/airflow/example_dags/example_python_decorator.py
[2025-02-16T16:59:04.275+0700] {processor.py:914} INFO - Processing file /home/dataengineer/.pyenv/versions/3.9.21/lib/python3.9/site-packages/airflow/example_dags/example_python_decorator.py for tasks to queue
[2025-02-16T16:59:04.276+0700] {logging_mixin.py:190} INFO - [2025-02-16T16:59:04.276+0700] {dagbag.py:588} INFO - Filling up the DagBag from /home/dataengineer/.pyenv/versions/3.9.21/lib/python3.9/site-packages/airflow/example_dags/example_python_decorator.py
[2025-02-16T16:59:04.361+0700] {logging_mixin.py:190} INFO - [2025-02-16T16:59:04.361+0700] {example_python_decorator.py:80} WARNING - The virtalenv_python example task requires virtualenv, please install it.
[2025-02-16T16:59:04.364+0700] {processor.py:925} INFO - DAG(s) 'example_python_decorator' retrieved from /home/dataengineer/.pyenv/versions/3.9.21/lib/python3.9/site-packages/airflow/example_dags/example_python_decorator.py
[2025-02-16T16:59:04.380+0700] {logging_mixin.py:190} INFO - [2025-02-16T16:59:04.379+0700] {dag.py:3239} INFO - Sync 1 DAGs
[2025-02-16T16:59:04.392+0700] {logging_mixin.py:190} INFO - [2025-02-16T16:59:04.392+0700] {dag.py:4180} INFO - Setting next_dagrun for example_python_decorator to None, run_after=None
[2025-02-16T16:59:04.412+0700] {processor.py:208} INFO - Processing /home/dataengineer/.pyenv/versions/3.9.21/lib/python3.9/site-packages/airflow/example_dags/example_python_decorator.py took 0.145 seconds
[2025-02-16T17:00:16.048+0700] {processor.py:186} INFO - Started process (PID=43642) to work on /home/dataengineer/.pyenv/versions/3.9.21/lib/python3.9/site-packages/airflow/example_dags/example_python_decorator.py
[2025-02-16T17:00:16.050+0700] {processor.py:914} INFO - Processing file /home/dataengineer/.pyenv/versions/3.9.21/lib/python3.9/site-packages/airflow/example_dags/example_python_decorator.py for tasks to queue
[2025-02-16T17:00:16.051+0700] {logging_mixin.py:190} INFO - [2025-02-16T17:00:16.050+0700] {dagbag.py:588} INFO - Filling up the DagBag from /home/dataengineer/.pyenv/versions/3.9.21/lib/python3.9/site-packages/airflow/example_dags/example_python_decorator.py
[2025-02-16T17:00:16.130+0700] {logging_mixin.py:190} INFO - [2025-02-16T17:00:16.130+0700] {example_python_decorator.py:80} WARNING - The virtalenv_python example task requires virtualenv, please install it.
[2025-02-16T17:00:16.132+0700] {processor.py:925} INFO - DAG(s) 'example_python_decorator' retrieved from /home/dataengineer/.pyenv/versions/3.9.21/lib/python3.9/site-packages/airflow/example_dags/example_python_decorator.py
[2025-02-16T17:00:16.149+0700] {logging_mixin.py:190} INFO - [2025-02-16T17:00:16.149+0700] {dag.py:3239} INFO - Sync 1 DAGs
[2025-02-16T17:00:16.162+0700] {logging_mixin.py:190} INFO - [2025-02-16T17:00:16.162+0700] {dag.py:4180} INFO - Setting next_dagrun for example_python_decorator to None, run_after=None
[2025-02-16T17:00:16.184+0700] {processor.py:208} INFO - Processing /home/dataengineer/.pyenv/versions/3.9.21/lib/python3.9/site-packages/airflow/example_dags/example_python_decorator.py took 0.142 seconds
